#
# A fatal error has been detected by the Java Runtime Environment:
#
#  SIGSEGV (0xb) at pc=0x00007fc63f4d1987, pid=24288, tid=0x00007fc690207700
#
# JRE version: Java(TM) SE Runtime Environment (8.0_92-b14) (build 1.8.0_92-b14)
# Java VM: Java HotSpot(TM) 64-Bit Server VM (25.92-b14 mixed mode linux-amd64 compressed oops)
# Problematic frame:
# C  [nouveau_dri.so+0x29e987]
#
# Failed to write core dump. Core dumps have been disabled. To enable core dumping, try "ulimit -c unlimited" before starting Java again
#
# If you would like to submit a bug report, please visit:
#   http://bugreport.java.com/bugreport/crash.jsp
# The crash happened outside the Java Virtual Machine in native code.
# See problematic frame for where to report the bug.
#

---------------  T H R E A D  ---------------

Current thread (0x00007fc658008800):  JavaThread "AWT-EventQueue-1" [_thread_in_native, id=24322, stack(0x00007fc690107000,0x00007fc690208000)]

siginfo: si_signo: 11 (SIGSEGV), si_code: 1 (SEGV_MAPERR), si_addr: 0x000000000000c030

Registers:
RAX=0x0000000000000000, RBX=0x00007fc6540b30c0, RCX=0x0000000000000000, RDX=0x0000000000000001
RSP=0x00007fc6902055a0, RBP=0x000000000000c000, RSI=0x00007fc6540b3970, RDI=0x0000000100000000
R8 =0x0000000000000000, R9 =0x00007fc64ea77c60, R10=0x00007fc6b90157e8, R11=0x00007fc6cf7d1cf0
R12=0x0000000000000001, R13=0x00007fc6481490a0, R14=0x0000000000000000, R15=0x0000000000000001
RIP=0x00007fc63f4d1987, EFLAGS=0x0000000000010202, CSGSFS=0x0000000000000033, ERR=0x0000000000000004
  TRAPNO=0x000000000000000e

Top of Stack: (sp=0x00007fc6902055a0)
0x00007fc6902055a0:   00007fc6902058b0 00007fc6b990a1dc
0x00007fc6902055b0:   0000000000000000 e4a40906a94b0600
0x00007fc6902055c0:   00007fc6902058b0 00007fc6540b2f90
0x00007fc6902055d0:   0000000000000000 00007fc6481493b0
0x00007fc6902055e0:   00007fc6481490a0 00007fc648149560
0x00007fc6902055f0:   0000000000000000 00007fc64ea77d02
0x00007fc690205600:   00007fc690205630 00007fc600000000
0x00007fc690205610:   0000000000000000 0000000000000000
0x00007fc690205620:   0000000004a0004d 00007fc64ea49bf1
0x00007fc690205630:   00007fc6540b2f90 e4a40906a94b0600
0x00007fc690205640:   0000000004a0004d 00007fc64ed56350
0x00007fc690205650:   00007fc6902056c0 0000000000000000
0x00007fc690205660:   00007fc64ed56350 00007fc690205788
0x00007fc690205670:   00007fc658008800 00007fc64d184849
0x00007fc690205680:   0000000000000000 00007fc64ea49c20
0x00007fc690205690:   0000000004a0004d 00007fc64813fc90
0x00007fc6902056a0:   00007fc690205750 00007fc6580089f8
0x00007fc6902056b0:   00000000e2a53eb0 00007fc64ea49c20
0x00007fc6902056c0:   00007fc690205740 00007fc6b9015814
0x00007fc6902056d0:   00000000e2a53f10 00000000e2a53f30
0x00007fc6902056e0:   00000000e2a53f80 00000000e2a53f70
0x00007fc6902056f0:   00007fc6cceb2000 00000000a3cb9588
0x00007fc690205700:   00007fc690205700 0000000000000000
0x00007fc690205710:   00007fc690205788 00007fc64ed579f0
0x00007fc690205720:   0000000000000000 00007fc64ed56350
0x00007fc690205730:   0000000000000000 00007fc690205760
0x00007fc690205740:   00007fc6902057d0 00007fc6b90082bd
0x00007fc690205750:   00000000a31ad0c0 00007fc6b9011538
0x00007fc690205760:   00007fc64ea49c20 00007fc6b9021043
0x00007fc690205770:   0000000004a0004d 0000000000000000
0x00007fc690205780:   00007fc64813fc90 00000000a31ad3f8
0x00007fc690205790:   00007fc690205790 00007fc64ed562a1 

Instructions: (pc=0x00007fc63f4d1987)
0x00007fc63f4d1967:   00 41 f6 c4 01 c6 44 24 0f 00 0f 84 c9 00 00 00
0x00007fc63f4d1977:   48 8b b3 30 01 00 00 48 85 f6 0f 84 b9 00 00 00
0x00007fc63f4d1987:   48 8b 55 30 45 85 f6 4c 8b 6a 18 0f 85 40 02 00
0x00007fc63f4d1997:   00 83 7b 38 01 0f 8e 36 02 00 00 48 8b 93 68 01 

Register to memory mapping:

RAX=0x0000000000000000 is an unknown value
RBX=0x00007fc6540b30c0 is an unknown value
RCX=0x0000000000000000 is an unknown value
RDX=0x0000000000000001 is an unknown value
RSP=0x00007fc6902055a0 is pointing into the stack for thread: 0x00007fc658008800
RBP=0x000000000000c000 is an unknown value
RSI=0x00007fc6540b3970 is an unknown value
RDI=0x0000000100000000 is pointing into metadata
R8 =0x0000000000000000 is an unknown value
R9 =0x00007fc64ea77c60: <offset 0x4ac60> in /usr/lib/x86_64-linux-gnu/mesa/libGL.so.1 at 0x00007fc64ea2d000
R10=0x00007fc6b90157e8 is at code_begin+808 in an Interpreter codelet
method entry point (kind = native)  [0x00007fc6b90154c0, 0x00007fc6b9015dc0]  2304 bytes
R11=0x00007fc6cf7d1cf0: <offset 0x9bccf0> in /home/ema/Scaricati/jdk1.8.0_92/jre/lib/amd64/server/libjvm.so at 0x00007fc6cee15000
R12=0x0000000000000001 is an unknown value
R13=0x00007fc6481490a0 is an unknown value
R14=0x0000000000000000 is an unknown value
R15=0x0000000000000001 is an unknown value


Stack: [0x00007fc690107000,0x00007fc690208000],  sp=0x00007fc6902055a0,  free space=1017k
Native frames: (J=compiled Java code, j=interpreted, Vv=VM code, C=native code)
C  [nouveau_dri.so+0x29e987]

Java frames: (J=compiled Java code, j=interpreted, Vv=VM code)
j  jogamp.opengl.x11.glx.GLX.dispatch_glXSwapBuffers0(JJJ)V+0
j  jogamp.opengl.x11.glx.GLX.glXSwapBuffers(JJ)V+41
j  jogamp.opengl.x11.glx.X11GLXDrawable.swapBuffersImpl(Z)V+17
j  jogamp.opengl.GLDrawableImpl.swapBuffers()V+67
j  javax.media.opengl.awt.GLCanvas$12.run()V+45
J 2470 C1 java.awt.event.InvocationEvent.dispatch()V (69 bytes) @ 0x00007fc6b98b370c [0x00007fc6b98b35c0+0x14c]
J 2495 C1 java.awt.EventQueue.dispatchEventImpl(Ljava/awt/AWTEvent;Ljava/lang/Object;)V (149 bytes) @ 0x00007fc6b98d3abc [0x00007fc6b98d1f40+0x1b7c]
J 2493 C1 java.awt.EventQueue$3.run()Ljava/lang/Void; (60 bytes) @ 0x00007fc6b98cf384 [0x00007fc6b98cf180+0x204]
J 2492 C1 java.awt.EventQueue$3.run()Ljava/lang/Object; (5 bytes) @ 0x00007fc6b98b818c [0x00007fc6b98b8100+0x8c]
v  ~StubRoutines::call_stub
J 570  java.security.AccessController.doPrivileged(Ljava/security/PrivilegedAction;Ljava/security/AccessControlContext;)Ljava/lang/Object; (0 bytes) @ 0x00007fc6b927ef63 [0x00007fc6b927ef00+0x63]
J 2294 C1 java.awt.EventQueue.dispatchEvent(Ljava/awt/AWTEvent;)V (80 bytes) @ 0x00007fc6b9838784 [0x00007fc6b9837e00+0x984]
J 2302 C1 java.awt.EventDispatchThread.pumpOneEventForFilters(I)V (295 bytes) @ 0x00007fc6b9844bd4 [0x00007fc6b9843080+0x1b54]
j  java.awt.EventDispatchThread.pumpEventsForFilter(ILjava/awt/Conditional;Ljava/awt/EventFilter;)V+35
j  java.awt.EventDispatchThread.pumpEventsForHierarchy(ILjava/awt/Conditional;Ljava/awt/Component;)V+11
j  java.awt.EventDispatchThread.pumpEvents(ILjava/awt/Conditional;)V+4
j  java.awt.EventDispatchThread.pumpEvents(Ljava/awt/Conditional;)V+3
j  java.awt.EventDispatchThread.run()V+9
v  ~StubRoutines::call_stub

---------------  P R O C E S S  ---------------

Java Threads: ( => current thread )
  0x00007fc654577000 JavaThread "Thread-19" [_thread_blocked, id=24350, stack(0x00007fc63b345000,0x00007fc63b446000)]
  0x00007fc680001000 JavaThread "Keep-Alive-Timer" daemon [_thread_blocked, id=24349, stack(0x00007fc63be86000,0x00007fc63bf87000)]
  0x00007fc648130000 JavaThread "Animation Thread-SharedResourceRunner" daemon [_thread_blocked, id=24332, stack(0x00007fc64faff000,0x00007fc64fc00000)]
  0x00007fc6480a1000 JavaThread "process reaper" daemon [_thread_blocked, id=24327, stack(0x00007fc698026000,0x00007fc69805f000)]
  0x00007fc658018000 JavaThread "Animation Thread" [_thread_blocked, id=24323, stack(0x00007fc690006000,0x00007fc690107000)]
=>0x00007fc658008800 JavaThread "AWT-EventQueue-1" [_thread_in_native, id=24322, stack(0x00007fc690107000,0x00007fc690208000)]
  0x00007fc6c800a000 JavaThread "DestroyJavaVM" [_thread_blocked, id=24291, stack(0x00007fc6d08f5000,0x00007fc6d09f6000)]
  0x00007fc6c82b5800 JavaThread "AWT-EventQueue-0" [_thread_blocked, id=24320, stack(0x00007fc690bb1000,0x00007fc690cb2000)]
  0x00007fc6c82b1000 JavaThread "AWT-Shutdown" [_thread_blocked, id=24319, stack(0x00007fc690cb2000,0x00007fc690db3000)]
  0x00007fc6c829e000 JavaThread "thread applet-module4.EarthquakeCityMap.class" [_thread_blocked, id=24318, stack(0x00007fc690db3000,0x00007fc690eb4000)]
  0x00007fc6c8291800 JavaThread "AWT-XAWT" daemon [_thread_blocked, id=24316, stack(0x00007fc690eb4000,0x00007fc690fb5000)]
  0x00007fc6c826b800 JavaThread "Java2D Disposer" daemon [_thread_blocked, id=24315, stack(0x00007fc6913c5000,0x00007fc6914c6000)]
  0x00007fc6c80d4000 JavaThread "Service Thread" daemon [_thread_blocked, id=24313, stack(0x00007fc693115000,0x00007fc693216000)]
  0x00007fc6c80c9000 JavaThread "C1 CompilerThread3" daemon [_thread_blocked, id=24312, stack(0x00007fc693216000,0x00007fc693317000)]
  0x00007fc6c80c6800 JavaThread "C2 CompilerThread2" daemon [_thread_blocked, id=24311, stack(0x00007fc693317000,0x00007fc693418000)]
  0x00007fc6c80c5000 JavaThread "C2 CompilerThread1" daemon [_thread_blocked, id=24310, stack(0x00007fc693418000,0x00007fc693519000)]
  0x00007fc6c80c2000 JavaThread "C2 CompilerThread0" daemon [_thread_blocked, id=24309, stack(0x00007fc693519000,0x00007fc69361a000)]
  0x00007fc6c80c0800 JavaThread "Signal Dispatcher" daemon [_thread_blocked, id=24308, stack(0x00007fc69361a000,0x00007fc69371b000)]
  0x00007fc6c808d000 JavaThread "Finalizer" daemon [_thread_blocked, id=24307, stack(0x00007fc693dfe000,0x00007fc693eff000)]
  0x00007fc6c8088000 JavaThread "Reference Handler" daemon [_thread_blocked, id=24306, stack(0x00007fc693eff000,0x00007fc694000000)]

Other Threads:
  0x00007fc6c8080800 VMThread [stack: 0x00007fc69805f000,0x00007fc698160000] [id=24305]
  0x00007fc6c80d7000 WatcherThread [stack: 0x00007fc693014000,0x00007fc693115000] [id=24314]

VM state:not at safepoint (normal execution)

VM Mutex/Monitor currently owned by a thread: None

Heap:
 PSYoungGen      total 52736K, used 28734K [0x00000000e0f80000, 0x00000000e4680000, 0x0000000100000000)
  eden space 49152K, 58% used [0x00000000e0f80000,0x00000000e2b8fa10,0x00000000e3f80000)
  from space 3584K, 0% used [0x00000000e3f80000,0x00000000e3f80000,0x00000000e4300000)
  to   space 3584K, 0% used [0x00000000e4300000,0x00000000e4300000,0x00000000e4680000)
 ParOldGen       total 61440K, used 15439K [0x00000000a2e00000, 0x00000000a6a00000, 0x00000000e0f80000)
  object space 61440K, 25% used [0x00000000a2e00000,0x00000000a3d13f78,0x00000000a6a00000)
 Metaspace       used 21146K, capacity 21461K, committed 21808K, reserved 1069056K
  class space    used 1986K, capacity 2060K, committed 2176K, reserved 1048576K

Card table byte_map: [0x00007fc6cd3c9000,0x00007fc6cd6b3000] byte_map_base: 0x00007fc6cceb2000

Marking Bits: (ParMarkBitMap*) 0x00007fc6cfdce4c0
 Begin Bits: [0x00007fc699170000, 0x00007fc69a8b8000)
 End Bits:   [0x00007fc69a8b8000, 0x00007fc69c000000)

Polling page: 0x00007fc6d0a1d000

CodeCache: size=245760Kb used=9466Kb max_used=9475Kb free=236293Kb
 bounds [0x00007fc6b9000000, 0x00007fc6b9950000, 0x00007fc6c8000000]
 total_blobs=3584 nmethods=2623 adapters=875
 compilation: enabled

Compilation events (10 events):
Event: 15,891 Thread 0x00007fc6c80c2000 2619       4       de.fhpotsdam.unfolding.marker.MarkerManager::draw (51 bytes)
Event: 15,892 Thread 0x00007fc6c80c9000 2620       3       processing.opengl.PGraphicsOpenGL::flushLines (145 bytes)
Event: 15,894 Thread 0x00007fc6c80c9000 nmethod 2620 0x00007fc6b9942d50 code [0x00007fc6b9942f80, 0x00007fc6b9943a18]
Event: 15,898 Thread 0x00007fc6c80c2000 nmethod 2619 0x00007fc6b9949510 code [0x00007fc6b99496e0, 0x00007fc6b9949ac8]
Event: 15,948 Thread 0x00007fc6c80c9000 2621       3       sun.font.CompositeGlyphMapper::getCachedGlyphCode (32 bytes)
Event: 15,949 Thread 0x00007fc6c80c9000 nmethod 2621 0x00007fc6b9949010 code [0x00007fc6b9949180, 0x00007fc6b99493d0]
Event: 15,949 Thread 0x00007fc6c80c9000 2623       3       sun.font.XRGlyphCacheEntry::getXAdvance (16 bytes)
Event: 15,949 Thread 0x00007fc6c80c9000 nmethod 2623 0x00007fc6b9948cd0 code [0x00007fc6b9948e40, 0x00007fc6b9948fb0]
Event: 15,949 Thread 0x00007fc6c80c9000 2622       1       sun.java2d.SurfaceData::isValid (5 bytes)
Event: 15,949 Thread 0x00007fc6c80c9000 nmethod 2622 0x00007fc6b99398d0 code [0x00007fc6b9939a20, 0x00007fc6b9939b30]

GC Heap History (8 events):
Event: 0,732 GC heap before
{Heap before GC invocations=1 (full 0):
 PSYoungGen      total 28160K, used 24416K [0x00000000e0f80000, 0x00000000e2e80000, 0x0000000100000000)
  eden space 24576K, 99% used [0x00000000e0f80000,0x00000000e27580b0,0x00000000e2780000)
  from space 3584K, 0% used [0x00000000e2b00000,0x00000000e2b00000,0x00000000e2e80000)
  to   space 3584K, 0% used [0x00000000e2780000,0x00000000e2780000,0x00000000e2b00000)
 ParOldGen       total 64512K, used 0K [0x00000000a2e00000, 0x00000000a6d00000, 0x00000000e0f80000)
  object space 64512K, 0% used [0x00000000a2e00000,0x00000000a2e00000,0x00000000a6d00000)
 Metaspace       used 13494K, capacity 13800K, committed 14208K, reserved 1062912K
  class space    used 1464K, capacity 1545K, committed 1664K, reserved 1048576K
Event: 0,742 GC heap after
Heap after GC invocations=1 (full 0):
 PSYoungGen      total 28160K, used 3582K [0x00000000e0f80000, 0x00000000e4680000, 0x0000000100000000)
  eden space 24576K, 0% used [0x00000000e0f80000,0x00000000e0f80000,0x00000000e2780000)
  from space 3584K, 99% used [0x00000000e2780000,0x00000000e2aff980,0x00000000e2b00000)
  to   space 3584K, 0% used [0x00000000e4300000,0x00000000e4300000,0x00000000e4680000)
 ParOldGen       total 64512K, used 710K [0x00000000a2e00000, 0x00000000a6d00000, 0x00000000e0f80000)
  object space 64512K, 1% used [0x00000000a2e00000,0x00000000a2eb1af0,0x00000000a6d00000)
 Metaspace       used 13494K, capacity 13800K, committed 14208K, reserved 1062912K
  class space    used 1464K, capacity 1545K, committed 1664K, reserved 1048576K
}
Event: 1,663 GC heap before
{Heap before GC invocations=2 (full 0):
 PSYoungGen      total 28160K, used 28158K [0x00000000e0f80000, 0x00000000e4680000, 0x0000000100000000)
  eden space 24576K, 100% used [0x00000000e0f80000,0x00000000e2780000,0x00000000e2780000)
  from space 3584K, 99% used [0x00000000e2780000,0x00000000e2aff980,0x00000000e2b00000)
  to   space 3584K, 0% used [0x00000000e4300000,0x00000000e4300000,0x00000000e4680000)
 ParOldGen       total 64512K, used 710K [0x00000000a2e00000, 0x00000000a6d00000, 0x00000000e0f80000)
  object space 64512K, 1% used [0x00000000a2e00000,0x00000000a2eb1af0,0x00000000a6d00000)
 Metaspace       used 18103K, capacity 18369K, committed 18816K, reserved 1067008K
  class space    used 1766K, capacity 1828K, committed 1920K, reserved 1048576K
Event: 1,676 GC heap after
Heap after GC invocations=2 (full 0):
 PSYoungGen      total 52736K, used 3581K [0x00000000e0f80000, 0x00000000e4680000, 0x0000000100000000)
  eden space 49152K, 0% used [0x00000000e0f80000,0x00000000e0f80000,0x00000000e3f80000)
  from space 3584K, 99% used [0x00000000e4300000,0x00000000e467f4a8,0x00000000e4680000)
  to   space 3584K, 0% used [0x00000000e3f80000,0x00000000e3f80000,0x00000000e4300000)
 ParOldGen       total 64512K, used 4726K [0x00000000a2e00000, 0x00000000a6d00000, 0x00000000e0f80000)
  object space 64512K, 7% used [0x00000000a2e00000,0x00000000a329d9d0,0x00000000a6d00000)
 Metaspace       used 18103K, capacity 18369K, committed 18816K, reserved 1067008K
  class space    used 1766K, capacity 1828K, committed 1920K, reserved 1048576K
}
Event: 8,815 GC heap before
{Heap before GC invocations=3 (full 0):
 PSYoungGen      total 52736K, used 41248K [0x00000000e0f80000, 0x00000000e4680000, 0x0000000100000000)
  eden space 49152K, 76% used [0x00000000e0f80000,0x00000000e3448c70,0x00000000e3f80000)
  from space 3584K, 99% used [0x00000000e4300000,0x00000000e467f4a8,0x00000000e4680000)
  to   space 3584K, 0% used [0x00000000e3f80000,0x00000000e3f80000,0x00000000e4300000)
 ParOldGen       total 64512K, used 4726K [0x00000000a2e00000, 0x00000000a6d00000, 0x00000000e0f80000)
  object space 64512K, 7% used [0x00000000a2e00000,0x00000000a329d9d0,0x00000000a6d00000)
 Metaspace       used 20736K, capacity 21013K, committed 21296K, reserved 1069056K
  class space    used 1981K, capacity 2060K, committed 2176K, reserved 1048576K
Event: 8,835 GC heap after
Heap after GC invocations=3 (full 0):
 PSYoungGen      total 52736K, used 3580K [0x00000000e0f80000, 0x00000000e4680000, 0x0000000100000000)
  eden space 49152K, 0% used [0x00000000e0f80000,0x00000000e0f80000,0x00000000e3f80000)
  from space 3584K, 99% used [0x00000000e3f80000,0x00000000e42ff3d0,0x00000000e4300000)
  to   space 3584K, 0% used [0x00000000e4300000,0x00000000e4300000,0x00000000e4680000)
 ParOldGen       total 64512K, used 14818K [0x00000000a2e00000, 0x00000000a6d00000, 0x00000000e0f80000)
  object space 64512K, 22% used [0x00000000a2e00000,0x00000000a3c78a70,0x00000000a6d00000)
 Metaspace       used 20736K, capacity 21013K, committed 21296K, reserved 1069056K
  class space    used 1981K, capacity 2060K, committed 2176K, reserved 1048576K
}
Event: 8,835 GC heap before
{Heap before GC invocations=4 (full 1):
 PSYoungGen      total 52736K, used 3580K [0x00000000e0f80000, 0x00000000e4680000, 0x0000000100000000)
  eden space 49152K, 0% used [0x00000000e0f80000,0x00000000e0f80000,0x00000000e3f80000)
  from space 3584K, 99% used [0x00000000e3f80000,0x00000000e42ff3d0,0x00000000e4300000)
  to   space 3584K, 0% used [0x00000000e4300000,0x00000000e4300000,0x00000000e4680000)
 ParOldGen       total 64512K, used 14818K [0x00000000a2e00000, 0x00000000a6d00000, 0x00000000e0f80000)
  object space 64512K, 22% used [0x00000000a2e00000,0x00000000a3c78a70,0x00000000a6d00000)
 Metaspace       used 20736K, capacity 21013K, committed 21296K, reserved 1069056K
  class space    used 1981K, capacity 2060K, committed 2176K, reserved 1048576K
Event: 8,884 GC heap after
Heap after GC invocations=4 (full 1):
 PSYoungGen      total 52736K, used 0K [0x00000000e0f80000, 0x00000000e4680000, 0x0000000100000000)
  eden space 49152K, 0% used [0x00000000e0f80000,0x00000000e0f80000,0x00000000e3f80000)
  from space 3584K, 0% used [0x00000000e3f80000,0x00000000e3f80000,0x00000000e4300000)
  to   space 3584K, 0% used [0x00000000e4300000,0x00000000e4300000,0x00000000e4680000)
 ParOldGen       total 61440K, used 15439K [0x00000000a2e00000, 0x00000000a6a00000, 0x00000000e0f80000)
  object space 61440K, 25% used [0x00000000a2e00000,0x00000000a3d13f78,0x00000000a6a00000)
 Metaspace       used 20736K, capacity 21013K, committed 21296K, reserved 1069056K
  class space    used 1981K, capacity 2060K, committed 2176K, reserved 1048576K
}

Deoptimization events (10 events):
Event: 2,355 Thread 0x00007fc658008800 Uncommon trap: reason=class_check action=maybe_recompile pc=0x00007fc6b94e0118 method=com.jogamp.common.nio.Buffers.getDirectBufferByteOffset(Ljava/lang/Object;)I @ 42
Event: 2,359 Thread 0x00007fc658008800 Uncommon trap: reason=unstable_if action=reinterpret pc=0x00007fc6b93bdfb4 method=java.lang.String.trim()Ljava/lang/String; @ 15
Event: 3,710 Thread 0x00007fc654555800 Uncommon trap: reason=unstable_if action=reinterpret pc=0x00007fc6b93c8538 method=java.lang.String.regionMatches(ZILjava/lang/String;II)Z @ 123
Event: 5,908 Thread 0x00007fc658008800 Uncommon trap: reason=unstable_if action=reinterpret pc=0x00007fc6b95b9b38 method=java.nio.Buffer.nextGetIndex()I @ 8
Event: 5,932 Thread 0x00007fc658008800 Uncommon trap: reason=unstable_if action=reinterpret pc=0x00007fc6b95b3bb0 method=java.nio.Buffer.nextGetIndex()I @ 8
Event: 5,972 Thread 0x00007fc658008800 Uncommon trap: reason=unstable_if action=reinterpret pc=0x00007fc6b95b0410 method=java.nio.Buffer.nextGetIndex()I @ 8
Event: 7,887 Thread 0x00007fc658008800 Uncommon trap: reason=class_check action=maybe_recompile pc=0x00007fc6b94e0118 method=com.jogamp.common.nio.Buffers.getDirectBufferByteOffset(Ljava/lang/Object;)I @ 42
Event: 7,899 Thread 0x00007fc658008800 Uncommon trap: reason=class_check action=maybe_recompile pc=0x00007fc6b94e0118 method=com.jogamp.common.nio.Buffers.getDirectBufferByteOffset(Ljava/lang/Object;)I @ 42
Event: 7,928 Thread 0x00007fc658008800 Uncommon trap: reason=class_check action=maybe_recompile pc=0x00007fc6b94e0118 method=com.jogamp.common.nio.Buffers.getDirectBufferByteOffset(Ljava/lang/Object;)I @ 42
Event: 15,948 Thread 0x00007fc6c829e000 Uncommon trap: reason=unstable_if action=reinterpret pc=0x00007fc6b9813b20 method=java.awt.font.FontRenderContext.equals(Ljava/awt/font/FontRenderContext;)Z @ 2

Internal exceptions (10 events):
Event: 8,334 Thread 0x00007fc65417d000 Exception <a 'java/security/PrivilegedActionException'> (0x00000000e2989260) thrown at [/HUDSON/workspace/8-2-build-linux-amd64/jdk8u92/6642/hotspot/src/share/vm/prims/jvm.cpp, line 1386]
Event: 8,386 Thread 0x00007fc65417e800 Exception <a 'java/security/PrivilegedActionException'> (0x00000000e2a9ea48) thrown at [/HUDSON/workspace/8-2-build-linux-amd64/jdk8u92/6642/hotspot/src/share/vm/prims/jvm.cpp, line 1386]
Event: 8,582 Thread 0x00007fc65417d000 Exception <a 'java/security/PrivilegedActionException'> (0x00000000e30145f0) thrown at [/HUDSON/workspace/8-2-build-linux-amd64/jdk8u92/6642/hotspot/src/share/vm/prims/jvm.cpp, line 1386]
Event: 8,781 Thread 0x00007fc65417c000 Exception <a 'java/security/PrivilegedActionException'> (0x00000000e2ef0828) thrown at [/HUDSON/workspace/8-2-build-linux-amd64/jdk8u92/6642/hotspot/src/share/vm/prims/jvm.cpp, line 1386]
Event: 8,814 Thread 0x00007fc65417d800 Exception <a 'java/security/PrivilegedActionException'> (0x00000000e2ebf578) thrown at [/HUDSON/workspace/8-2-build-linux-amd64/jdk8u92/6642/hotspot/src/share/vm/prims/jvm.cpp, line 1386]
Event: 8,885 Thread 0x00007fc65417d000 Exception <a 'java/security/PrivilegedActionException'> (0x00000000e0f810a8) thrown at [/HUDSON/workspace/8-2-build-linux-amd64/jdk8u92/6642/hotspot/src/share/vm/prims/jvm.cpp, line 1386]
Event: 8,885 Thread 0x00007fc65417e800 Exception <a 'java/security/PrivilegedActionException'> (0x00000000e0f99a60) thrown at [/HUDSON/workspace/8-2-build-linux-amd64/jdk8u92/6642/hotspot/src/share/vm/prims/jvm.cpp, line 1386]
Event: 9,192 Thread 0x00007fc654579800 Exception <a 'java/security/PrivilegedActionException'> (0x00000000e121ee60) thrown at [/HUDSON/workspace/8-2-build-linux-amd64/jdk8u92/6642/hotspot/src/share/vm/prims/jvm.cpp, line 1386]
Event: 9,248 Thread 0x00007fc65417d800 Exception <a 'java/security/PrivilegedActionException'> (0x00000000e118cf10) thrown at [/HUDSON/workspace/8-2-build-linux-amd64/jdk8u92/6642/hotspot/src/share/vm/prims/jvm.cpp, line 1386]
Event: 9,323 Thread 0x00007fc65455f800 Exception <a 'java/security/PrivilegedActionException'> (0x00000000e11f5ec0) thrown at [/HUDSON/workspace/8-2-build-linux-amd64/jdk8u92/6642/hotspot/src/share/vm/prims/jvm.cpp, line 1386]

Events (10 events):
Event: 15,946 Thread 0x00007fc654577000 Thread added: 0x00007fc654577000
Event: 15,946 loading class sun/applet/AppletPanel$4
Event: 15,946 loading class sun/applet/AppletPanel$4 done
Event: 15,947 loading class java/awt/KeyboardFocusManager$2
Event: 15,947 loading class java/awt/KeyboardFocusManager$2 done
Event: 15,947 loading class sun/awt/SunToolkit$1
Event: 15,947 loading class sun/awt/SunToolkit$1 done
Event: 15,948 Thread 0x00007fc6c829e000 Uncommon trap: trap_request=0xffffff65 fr.pc=0x00007fc6b9813b20
Event: 15,948 Thread 0x00007fc6c829e000 DEOPT PACKING pc=0x00007fc6b9813b20 sp=0x00007fc690eb2320
Event: 15,948 Thread 0x00007fc6c829e000 DEOPT UNPACKING pc=0x00007fc6b9005229 sp=0x00007fc690eb2278 mode 2


Dynamic libraries:
00400000-00401000 r-xp 00000000 08:01 3450446                            /home/ema/Scaricati/jdk1.8.0_92/jre/bin/java
00600000-00601000 rw-p 00000000 08:01 3450446                            /home/ema/Scaricati/jdk1.8.0_92/jre/bin/java
0139f000-013c0000 rw-p 00000000 00:00 0                                  [heap]
a2e00000-a6a00000 rw-p 00000000 00:00 0 
a6a00000-e0f80000 ---p 00000000 00:00 0 
e0f80000-e4680000 rw-p 00000000 00:00 0 
e4680000-100000000 ---p 00000000 00:00 0 
100000000-100220000 rw-p 00000000 00:00 0 
100220000-140000000 ---p 00000000 00:00 0 
7fc624000000-7fc624021000 rw-p 00000000 00:00 0 
7fc624021000-7fc628000000 ---p 00000000 00:00 0 
7fc62c000000-7fc62c021000 rw-p 00000000 00:00 0 
7fc62c021000-7fc630000000 ---p 00000000 00:00 0 
7fc630000000-7fc630021000 rw-p 00000000 00:00 0 
7fc630021000-7fc634000000 ---p 00000000 00:00 0 
7fc634000000-7fc634021000 rw-p 00000000 00:00 0 
7fc634021000-7fc638000000 ---p 00000000 00:00 0 
7fc639022000-7fc639026000 rw-s 1966cf000 00:06 9579                      /dev/dri/card0
7fc639026000-7fc639046000 rw-s 1b5116000 00:06 9579                      /dev/dri/card0
7fc639046000-7fc63904a000 rw-s 1b5112000 00:06 9579                      /dev/dri/card0
7fc63904a000-7fc63906a000 rw-s 1b50f2000 00:06 9579                      /dev/dri/card0
7fc639775000-7fc639776000 r--s 00000000 08:01 19022310                   /var/cache/fontconfig/087e1975ba9a574b140bb1df193bf770-le64.cache-4
7fc639776000-7fc639784000 r--s 00000000 08:01 19005654                   /var/cache/fontconfig/6aa41aa22e18b8fa06a12da28ea9c28b-le64.cache-4
7fc639784000-7fc639785000 r--s 00000000 08:01 19005539                   /var/cache/fontconfig/c05880de57d1f5e948fdfacc138775d9-le64.cache-4
7fc639785000-7fc639790000 r--s 00000000 08:01 19005531                   /var/cache/fontconfig/945677eb7aeaf62f1d50efc3fb3ec7d8-le64.cache-4
7fc639790000-7fc639796000 r--s 00000000 08:01 19005516                   /var/cache/fontconfig/2cd17615ca594fa2959ae173292e504c-le64.cache-4
7fc639796000-7fc639797000 r--s 00000000 08:01 19005513                   /var/cache/fontconfig/0d8c3b2ac0904cb8a57a757ad11a4a08-le64.cache-4
7fc639797000-7fc63979e000 r--s 00000000 08:01 19005535                   /var/cache/fontconfig/a755afe4a08bf5b97852ceb7400b47bc-le64.cache-4
7fc63979e000-7fc6397a2000 r--s 00000000 08:01 19005545                   /var/cache/fontconfig/6d41288fd70b0be22e8c3a91e032eec0-le64.cache-4
7fc6397a2000-7fc6397a3000 r--s 00000000 08:01 19005534                   /var/cache/fontconfig/a6354e3ac43af67bd8d7b8e43c34e49f-le64.cache-4
7fc6397a3000-7fc6397b9000 r--s 00000000 08:01 19005511                   /var/cache/fontconfig/04aabc0a78ac019cf9454389977116d2-le64.cache-4
7fc6397b9000-7fc6397ba000 r--s 00000000 08:01 19005515                   /var/cache/fontconfig/1ac9eb803944fde146138c791f5cc56a-le64.cache-4
7fc6397ba000-7fc6397be000 r--s 00000000 08:01 19005519                   /var/cache/fontconfig/385c0604a188198f04d133e54aba7fe7-le64.cache-4
7fc6397be000-7fc6397bf000 r--s 00000000 08:01 19022308                   /var/cache/fontconfig/9c956a7723ca69a44b382d9179c9802f-le64.cache-4
7fc6397bf000-7fc6397c0000 r--s 00000000 08:01 19005546                   /var/cache/fontconfig/dc05db6664285cc2f12bf69c139ae4c3-le64.cache-4
7fc6397c0000-7fc6397c2000 r--s 00000000 08:01 19005528                   /var/cache/fontconfig/767a8244fc0220cfb567a839d0392e0b-le64.cache-4
7fc6397c2000-7fc6397c3000 r--s 00000000 08:01 19019501                   /var/cache/fontconfig/4794a0821666d79190d59a36cb4f44b5-le64.cache-4
7fc6397c3000-7fc6397c4000 r--s 00000000 08:01 19022306                   /var/cache/fontconfig/9eae20f1ff8cc0a7d125749e875856bd-le64.cache-4
7fc6397c4000-7fc6397c6000 r--s 00000000 08:01 19022305                   /var/cache/fontconfig/bf2c1853a9e9b00bb02fe2e9bcf1e201-le64.cache-4
7fc6397c6000-7fc6397cb000 r--s 00000000 08:01 19005530                   /var/cache/fontconfig/8801497958630a81b71ace7c5f9b32a8-le64.cache-4
7fc6397cb000-7fc6397cf000 r--s 00000000 08:01 19019549                   /var/cache/fontconfig/c57959a16110560c8d0fcea73374aeeb-le64.cache-4
7fc6397cf000-7fc6397d0000 r--s 00000000 08:01 19005538                   /var/cache/fontconfig/bab58bb527bb656aaa9f116d68a48d89-le64.cache-4
7fc6397d0000-7fc6397d7000 r--s 00000000 08:01 19005517                   /var/cache/fontconfig/3047814df9a2f067bd2d96a2b9c36e5a-le64.cache-4
7fc6397d7000-7fc6397df000 r--s 00000000 08:01 19022303                   /var/cache/fontconfig/bf3b770c553c462765856025a94f1ce6-le64.cache-4
7fc6397df000-7fc6397e0000 r--s 00000000 08:01 19005524                   /var/cache/fontconfig/56cf4f4769d0f4abc89a4895d7bd3ae1-le64.cache-4
7fc6397e0000-7fc6397e1000 r--s 00000000 08:01 19005537                   /var/cache/fontconfig/b9d506c9ac06c20b433354fa67a72993-le64.cache-4
7fc6397e1000-7fc6397e7000 r--s 00000000 08:01 19005536                   /var/cache/fontconfig/b47c4e1ecd0709278f4910c18777a504-le64.cache-4
7fc6397e7000-7fc6397ea000 r--s 00000000 08:01 19022298                   /var/cache/fontconfig/14d493b97896515cad3840ba4896e372-le64.cache-4
7fc6397ea000-7fc6397ed000 r--s 00000000 08:01 19020951                   /var/cache/fontconfig/e49e89034d371f0f9de17aab02136486-le64.cache-4
7fc639ef9000-7fc63a025000 rw-p 00000000 00:00 0 
7fc63a025000-7fc63a0f9000 ---p 00000000 00:00 0 
7fc63a0fa000-7fc63a0fb000 r--s 00000000 08:01 19022295                   /var/cache/fontconfig/89034621ae2a8922916bb6bfa5799546-le64.cache-4
7fc63a0fb000-7fc63a10e000 r--s 00000000 08:01 19005543                   /var/cache/fontconfig/d52a8644073d54c13679302ca1180695-le64.cache-4
7fc63a10e000-7fc63a111000 ---p 00000000 00:00 0 
7fc63a111000-7fc63a20f000 rw-p 00000000 00:00 0 
7fc63a20f000-7fc63ac0f000 rwxp 00000000 00:00 0 
7fc63ac0f000-7fc63ac11000 r--s 00000000 08:01 19020949                   /var/cache/fontconfig/4b14b093aebc79c320de5e86ae1d3314-le64.cache-4
7fc63ac11000-7fc63ac12000 r--s 00000000 08:01 19005523                   /var/cache/fontconfig/551ecf3b0e8b0bca0f25c0944f561853-le64.cache-4
7fc63ac12000-7fc63ac13000 r--s 00000000 08:01 19022293                   /var/cache/fontconfig/8a687c406b77f27d99abfeeba937fcce-le64.cache-4
7fc63ac13000-7fc63ac18000 r--s 00000000 08:01 19022291                   /var/cache/fontconfig/75ad6aa2358a85f0de2c8ee4837e8227-le64.cache-4
7fc63ac18000-7fc63ac22000 r--s 00000000 08:01 19005520                   /var/cache/fontconfig/3f7329c5293ffd510edef78f73874cfd-le64.cache-4
7fc63ac22000-7fc63ac24000 r--s 00000000 08:01 19022288                   /var/cache/fontconfig/65f976e5259cbe6dc7697b8648396239-le64.cache-4
7fc63ac24000-7fc63ac2f000 r--s 00000000 08:01 19018232                   /var/cache/fontconfig/d589a48862398ed80a3d6066f4f56f4c-le64.cache-4
7fc63ac2f000-7fc63ac33000 r--s 00000000 08:01 19022285                   /var/cache/fontconfig/246184dc75a16901ca37d96895904249-le64.cache-4
7fc63ac33000-7fc63ac34000 r--s 00000000 08:01 19022282                   /var/cache/fontconfig/94f7fe9bd33aadfac165873bd010d595-le64.cache-4
7fc63ac34000-7fc63ac36000 r--s 00000000 08:01 19022280                   /var/cache/fontconfig/423767150eb258c59035de29db6fca84-le64.cache-4
7fc63ac36000-7fc63ac37000 r--s 00000000 08:01 19022279                   /var/cache/fontconfig/406a1d2d2bf3ed7664fbadefac0b2f66-le64.cache-4
7fc63ac37000-7fc63ac39000 r--s 00000000 08:01 19022278                   /var/cache/fontconfig/67709b7835c0f764c1135060c9575660-le64.cache-4
7fc63ac39000-7fc63ac46000 r--s 00000000 08:01 19022277                   /var/cache/fontconfig/198d8fcf01c96d0cf813f74fd759bdb7-le64.cache-4
7fc63ac46000-7fc63ac47000 r--s 00000000 08:01 19005512                   /var/cache/fontconfig/0c9eb80ebd1c36541ebe2852d3bb0c49-le64.cache-4
7fc63ac47000-7fc63ac4a000 r--s 00000000 08:01 19022275                   /var/cache/fontconfig/75114ca45c98e8a441da0ff356701271-le64.cache-4
7fc63ac4a000-7fc63ac55000 r--s 00000000 08:01 19022274                   /var/cache/fontconfig/83bf95040141907cd45bb53cf7c1c148-le64.cache-4
7fc63ac55000-7fc63ac5e000 r--s 00000000 08:01 19013761                   /var/cache/fontconfig/d0972c3d32f097851eb916381fc38920-le64.cache-4
7fc63ac5e000-7fc63ac60000 r--s 00000000 08:01 19022273                   /var/cache/fontconfig/6e6b34ae150a7ad95e82fb4a522f0bda-le64.cache-4
7fc63ac60000-7fc63ac61000 r--s 00000000 08:01 19022272                   /var/cache/fontconfig/3334a778d104e76d188e9df399bc24d2-le64.cache-4
7fc63ac61000-7fc63ac68000 r--s 00000000 08:01 19022271                   /var/cache/fontconfig/53d14c92082a93e67d5078324eb314ca-le64.cache-4
7fc63ac68000-7fc63ac7b000 r--s 00000000 08:01 19022270                   /var/cache/fontconfig/4ac51e5cfbc76fc3f983e470323a16d3-le64.cache-4
7fc63ac7b000-7fc63ac80000 r--s 00000000 08:01 19022268                   /var/cache/fontconfig/3629f2adf904f9a612908891fae71ceb-le64.cache-4
7fc63ac80000-7fc63aca1000 r--s 00000000 08:01 19005633                   /var/cache/fontconfig/e13b20fdb08344e0e664864cc2ede53d-le64.cache-4
7fc63aca1000-7fc63acae000 r--s 00000000 08:01 19018230                   /var/cache/fontconfig/8f02d4cb045bd6ce15663e43f347c9f8-le64.cache-4
7fc63acae000-7fc63accc000 r--s 00000000 08:01 19018227                   /var/cache/fontconfig/467c019e582ee353435ea5c21d137ef6-le64.cache-4
7fc63accc000-7fc63accf000 ---p 00000000 00:00 0 
7fc63accf000-7fc63b29d000 rw-p 00000000 00:00 0 
7fc63b29d000-7fc63b29e000 r--s 00000000 08:01 19022269                   /var/cache/fontconfig/c277e94e32b20404286a1ddafa5a80f0-le64.cache-4
7fc63b29e000-7fc63b2a1000 r--s 00000000 08:01 19022266                   /var/cache/fontconfig/de83a0a961185c8bd1f159015d56c039-le64.cache-4
7fc63b2a1000-7fc63b2a5000 r--s 00000000 08:01 19020952                   /var/cache/fontconfig/7ef2298fde41cc6eeb7af42e48b7d293-le64.cache-4
7fc63b2a5000-7fc63b2a7000 r--s 00000000 08:01 19018231                   /var/cache/fontconfig/16326683038b281783a0ef8c680e3a10-le64.cache-4
7fc63b2a7000-7fc63b2a8000 r--s 00000000 08:01 19018228                   /var/cache/fontconfig/e0aa53bcfa504e64f87823c16bc01eb6-le64.cache-4
7fc63b2c0000-7fc63b2c1000 rw-s 1966d3000 00:06 9579                      /dev/dri/card0
7fc63b345000-7fc63b348000 ---p 00000000 00:00 0 
7fc63b348000-7fc63b446000 rw-p 00000000 00:00 0 
7fc63b446000-7fc63b45d000 r-xp 00000000 08:01 27267350                   /lib/x86_64-linux-gnu/libresolv-2.21.so
7fc63b45d000-7fc63b65d000 ---p 00017000 08:01 27267350                   /lib/x86_64-linux-gnu/libresolv-2.21.so
7fc63b65d000-7fc63b65f000 r--p 00017000 08:01 27267350                   /lib/x86_64-linux-gnu/libresolv-2.21.so
7fc63b65f000-7fc63b660000 rw-p 00019000 08:01 27267350                   /lib/x86_64-linux-gnu/libresolv-2.21.so
7fc63b660000-7fc63b662000 rw-p 00000000 00:00 0 
7fc63b662000-7fc63b667000 r-xp 00000000 08:01 27267295                   /lib/x86_64-linux-gnu/libnss_dns-2.21.so
7fc63b667000-7fc63b866000 ---p 00005000 08:01 27267295                   /lib/x86_64-linux-gnu/libnss_dns-2.21.so
7fc63b866000-7fc63b867000 r--p 00004000 08:01 27267295                   /lib/x86_64-linux-gnu/libnss_dns-2.21.so
7fc63b867000-7fc63b868000 rw-p 00005000 08:01 27267295                   /lib/x86_64-linux-gnu/libnss_dns-2.21.so
7fc63b868000-7fc63b86a000 r-xp 00000000 08:01 27267303                   /lib/x86_64-linux-gnu/libnss_mdns4_minimal.so.2
7fc63b86a000-7fc63ba69000 ---p 00002000 08:01 27267303                   /lib/x86_64-linux-gnu/libnss_mdns4_minimal.so.2
7fc63ba69000-7fc63ba6a000 r--p 00001000 08:01 27267303                   /lib/x86_64-linux-gnu/libnss_mdns4_minimal.so.2
7fc63ba6a000-7fc63ba6b000 rw-p 00002000 08:01 27267303                   /lib/x86_64-linux-gnu/libnss_mdns4_minimal.so.2
7fc63ba6b000-7fc63bc6b000 rw-p 00000000 00:00 0 
7fc63bce4000-7fc63bd64000 rw-s 1b5d43000 00:06 9579                      /dev/dri/card0
7fc63bd64000-7fc63bde4000 rw-s 1b5c43000 00:06 9579                      /dev/dri/card0
7fc63be06000-7fc63be86000 rw-s 1b5cc3000 00:06 9579                      /dev/dri/card0
7fc63be86000-7fc63be89000 ---p 00000000 00:00 0 
7fc63be89000-7fc63bf87000 rw-p 00000000 00:00 0 
7fc63bfe2000-7fc63c062000 rw-s 1b5bc3000 00:06 9579                      /dev/dri/card0
7fc63c062000-7fc63c099000 r-xp 00000000 08:01 15344535                   /usr/lib/x86_64-linux-gnu/libtxc_dxtn_s2tc.so.0.0.0
7fc63c099000-7fc63c298000 ---p 00037000 08:01 15344535                   /usr/lib/x86_64-linux-gnu/libtxc_dxtn_s2tc.so.0.0.0
7fc63c298000-7fc63c299000 r--p 00036000 08:01 15344535                   /usr/lib/x86_64-linux-gnu/libtxc_dxtn_s2tc.so.0.0.0
7fc63c299000-7fc63c29a000 rw-p 00037000 08:01 15344535                   /usr/lib/x86_64-linux-gnu/libtxc_dxtn_s2tc.so.0.0.0
7fc63c29a000-7fc63c2bf000 r-xp 00000000 08:01 27267368                   /lib/x86_64-linux-gnu/libtinfo.so.5.9
7fc63c2bf000-7fc63c4be000 ---p 00025000 08:01 27267368                   /lib/x86_64-linux-gnu/libtinfo.so.5.9
7fc63c4be000-7fc63c4c2000 r--p 00024000 08:01 27267368                   /lib/x86_64-linux-gnu/libtinfo.so.5.9
7fc63c4c2000-7fc63c4c3000 rw-p 00028000 08:01 27267368                   /lib/x86_64-linux-gnu/libtinfo.so.5.9
7fc63c4c3000-7fc63c4f6000 r-xp 00000000 08:01 15343777                   /usr/lib/x86_64-linux-gnu/libedit.so.2.0.51
7fc63c4f6000-7fc63c6f6000 ---p 00033000 08:01 15343777                   /usr/lib/x86_64-linux-gnu/libedit.so.2.0.51
7fc63c6f6000-7fc63c6f8000 r--p 00033000 08:01 15343777                   /usr/lib/x86_64-linux-gnu/libedit.so.2.0.51
7fc63c6f8000-7fc63c6f9000 rw-p 00035000 08:01 15343777                   /usr/lib/x86_64-linux-gnu/libedit.so.2.0.51
7fc63c6f9000-7fc63c6fd000 rw-p 00000000 00:00 0 
7fc63c6fd000-7fc63c716000 r-xp 00000000 08:01 27267385                   /lib/x86_64-linux-gnu/libz.so.1.2.8
7fc63c716000-7fc63c916000 ---p 00019000 08:01 27267385                   /lib/x86_64-linux-gnu/libz.so.1.2.8
7fc63c916000-7fc63c917000 r--p 00019000 08:01 27267385                   /lib/x86_64-linux-gnu/libz.so.1.2.8
7fc63c917000-7fc63c918000 rw-p 0001a000 08:01 27267385                   /lib/x86_64-linux-gnu/libz.so.1.2.8
7fc63c918000-7fc63ca08000 r-xp 00000000 08:01 15344490                   /usr/lib/x86_64-linux-gnu/libstdc++.so.6.0.20
7fc63ca08000-7fc63cc08000 ---p 000f0000 08:01 15344490                   /usr/lib/x86_64-linux-gnu/libstdc++.so.6.0.20
7fc63cc08000-7fc63cc10000 r--p 000f0000 08:01 15344490                   /usr/lib/x86_64-linux-gnu/libstdc++.so.6.0.20
7fc63cc10000-7fc63cc12000 rw-p 000f8000 08:01 15344490                   /usr/lib/x86_64-linux-gnu/libstdc++.so.6.0.20
7fc63cc12000-7fc63cc27000 rw-p 00000000 00:00 0 
7fc63cc27000-7fc63e9d0000 r-xp 00000000 08:01 15343369                   /usr/lib/x86_64-linux-gnu/libLLVM-3.6.so.1
7fc63e9d0000-7fc63e9d1000 ---p 01da9000 08:01 15343369                   /usr/lib/x86_64-linux-gnu/libLLVM-3.6.so.1
7fc63e9d1000-7fc63ebed000 r--p 01da9000 08:01 15343369                   /usr/lib/x86_64-linux-gnu/libLLVM-3.6.so.1
7fc63ebed000-7fc63ebf3000 rw-p 01fc5000 08:01 15343369                   /usr/lib/x86_64-linux-gnu/libLLVM-3.6.so.1
7fc63ebf3000-7fc63ec09000 rw-p 00000000 00:00 0 
7fc63ec09000-7fc63ec1e000 r-xp 00000000 08:01 15343778                   /usr/lib/x86_64-linux-gnu/libelf-0.160.so
7fc63ec1e000-7fc63ee1d000 ---p 00015000 08:01 15343778                   /usr/lib/x86_64-linux-gnu/libelf-0.160.so
7fc63ee1d000-7fc63ee1e000 r--p 00014000 08:01 15343778                   /usr/lib/x86_64-linux-gnu/libelf-0.160.so
7fc63ee1e000-7fc63ee1f000 rw-p 00015000 08:01 15343778                   /usr/lib/x86_64-linux-gnu/libelf-0.160.so
7fc63ee1f000-7fc63ee2b000 r-xp 00000000 08:01 15343773                   /usr/lib/x86_64-linux-gnu/libdrm_radeon.so.1.0.1
7fc63ee2b000-7fc63f02a000 ---p 0000c000 08:01 15343773                   /usr/lib/x86_64-linux-gnu/libdrm_radeon.so.1.0.1
7fc63f02a000-7fc63f02b000 r--p 0000b000 08:01 15343773                   /usr/lib/x86_64-linux-gnu/libdrm_radeon.so.1.0.1
7fc63f02b000-7fc63f02c000 rw-p 0000c000 08:01 15343773                   /usr/lib/x86_64-linux-gnu/libdrm_radeon.so.1.0.1
7fc63f02c000-7fc63f032000 r-xp 00000000 08:01 15343771                   /usr/lib/x86_64-linux-gnu/libdrm_nouveau.so.2.0.0
7fc63f032000-7fc63f231000 ---p 00006000 08:01 15343771                   /usr/lib/x86_64-linux-gnu/libdrm_nouveau.so.2.0.0
7fc63f231000-7fc63f232000 r--p 00005000 08:01 15343771                   /usr/lib/x86_64-linux-gnu/libdrm_nouveau.so.2.0.0
7fc63f232000-7fc63f233000 rw-p 00006000 08:01 15343771                   /usr/lib/x86_64-linux-gnu/libdrm_nouveau.so.2.0.0
7fc63f233000-7fc63f9a6000 r-xp 00000000 08:01 15603600                   /usr/lib/x86_64-linux-gnu/dri/nouveau_dri.so
7fc63f9a6000-7fc63fba5000 ---p 00773000 08:01 15603600                   /usr/lib/x86_64-linux-gnu/dri/nouveau_dri.so
7fc63fba5000-7fc63fbfc000 r--p 00772000 08:01 15603600                   /usr/lib/x86_64-linux-gnu/dri/nouveau_dri.so
7fc63fbfc000-7fc63fc08000 rw-p 007c9000 08:01 15603600                   /usr/lib/x86_64-linux-gnu/dri/nouveau_dri.so
7fc63fc08000-7fc63fded000 rw-p 00000000 00:00 0 
7fc63fded000-7fc63fdff000 r-xp 00000000 08:01 27263385                   /lib/x86_64-linux-gnu/libudev.so.1.6.2
7fc63fdff000-7fc63fffe000 ---p 00012000 08:01 27263385                   /lib/x86_64-linux-gnu/libudev.so.1.6.2
7fc63fffe000-7fc63ffff000 r--p 00011000 08:01 27263385                   /lib/x86_64-linux-gnu/libudev.so.1.6.2
7fc63ffff000-7fc640000000 rw-p 00012000 08:01 27263385                   /lib/x86_64-linux-gnu/libudev.so.1.6.2
7fc640000000-7fc640021000 rw-p 00000000 00:00 0 
7fc640021000-7fc644000000 ---p 00000000 00:00 0 
7fc644000000-7fc64418c000 rw-p 00000000 00:00 0 
7fc64418c000-7fc648000000 ---p 00000000 00:00 0 
7fc648000000-7fc64852f000 rw-p 00000000 00:00 0 
7fc64852f000-7fc64c000000 ---p 00000000 00:00 0 
7fc64c046000-7fc64c048000 r-xp 00000000 08:01 15343521                   /usr/lib/x86_64-linux-gnu/libXinerama.so.1.0.0
7fc64c048000-7fc64c247000 ---p 00002000 08:01 15343521                   /usr/lib/x86_64-linux-gnu/libXinerama.so.1.0.0
7fc64c247000-7fc64c248000 r--p 00001000 08:01 15343521                   /usr/lib/x86_64-linux-gnu/libXinerama.so.1.0.0
7fc64c248000-7fc64c249000 rw-p 00002000 08:01 15343521                   /usr/lib/x86_64-linux-gnu/libXinerama.so.1.0.0
7fc64c249000-7fc64c28e000 r-xp 00000000 08:01 28316365                   /tmp/jogamp_0000/file_cache/jln4094196233020539226/jln9165300394118624284/libjogl_mobile.so
7fc64c28e000-7fc64c48e000 ---p 00045000 08:01 28316365                   /tmp/jogamp_0000/file_cache/jln4094196233020539226/jln9165300394118624284/libjogl_mobile.so
7fc64c48e000-7fc64c48f000 rw-p 00045000 08:01 28316365                   /tmp/jogamp_0000/file_cache/jln4094196233020539226/jln9165300394118624284/libjogl_mobile.so
7fc64c48f000-7fc64c496000 r-xp 00000000 08:01 15343817                   /usr/lib/x86_64-linux-gnu/libffi.so.6.0.4
7fc64c496000-7fc64c695000 ---p 00007000 08:01 15343817                   /usr/lib/x86_64-linux-gnu/libffi.so.6.0.4
7fc64c695000-7fc64c696000 r--p 00006000 08:01 15343817                   /usr/lib/x86_64-linux-gnu/libffi.so.6.0.4
7fc64c696000-7fc64c697000 rw-p 00007000 08:01 15343817                   /usr/lib/x86_64-linux-gnu/libffi.so.6.0.4
7fc64c697000-7fc64c6a4000 r-xp 00000000 08:01 15340550                   /usr/lib/x86_64-linux-gnu/libgbm.so.1.0.0
7fc64c6a4000-7fc64c8a3000 ---p 0000d000 08:01 15340550                   /usr/lib/x86_64-linux-gnu/libgbm.so.1.0.0
7fc64c8a3000-7fc64c8a4000 r--p 0000c000 08:01 15340550                   /usr/lib/x86_64-linux-gnu/libgbm.so.1.0.0
7fc64c8a4000-7fc64c8a5000 rw-p 0000d000 08:01 15340550                   /usr/lib/x86_64-linux-gnu/libgbm.so.1.0.0
7fc64c8a5000-7fc64c8b4000 r-xp 00000000 08:01 15344604                   /usr/lib/x86_64-linux-gnu/libwayland-server.so.0.1.0
7fc64c8b4000-7fc64cab3000 ---p 0000f000 08:01 15344604                   /usr/lib/x86_64-linux-gnu/libwayland-server.so.0.1.0
7fc64cab3000-7fc64cab6000 r--p 0000e000 08:01 15344604                   /usr/lib/x86_64-linux-gnu/libwayland-server.so.0.1.0
7fc64cab6000-7fc64cab7000 rw-p 00011000 08:01 15344604                   /usr/lib/x86_64-linux-gnu/libwayland-server.so.0.1.0
7fc64cab7000-7fc64cac3000 r-xp 00000000 08:01 15344598                   /usr/lib/x86_64-linux-gnu/libwayland-client.so.0.3.0
7fc64cac3000-7fc64ccc2000 ---p 0000c000 08:01 15344598                   /usr/lib/x86_64-linux-gnu/libwayland-client.so.0.3.0
7fc64ccc2000-7fc64ccc4000 r--p 0000b000 08:01 15344598                   /usr/lib/x86_64-linux-gnu/libwayland-client.so.0.3.0
7fc64ccc4000-7fc64ccc5000 rw-p 0000d000 08:01 15344598                   /usr/lib/x86_64-linux-gnu/libwayland-client.so.0.3.0
7fc64ccc5000-7fc64ccca000 r-xp 00000000 08:01 15344692                   /usr/lib/x86_64-linux-gnu/libxcb-xfixes.so.0.0.0
7fc64ccca000-7fc64ceca000 ---p 00005000 08:01 15344692                   /usr/lib/x86_64-linux-gnu/libxcb-xfixes.so.0.0.0
7fc64ceca000-7fc64cecb000 r--p 00005000 08:01 15344692                   /usr/lib/x86_64-linux-gnu/libxcb-xfixes.so.0.0.0
7fc64cecb000-7fc64cecc000 rw-p 00006000 08:01 15344692                   /usr/lib/x86_64-linux-gnu/libxcb-xfixes.so.0.0.0
7fc64cecc000-7fc64cef5000 r-xp 00000000 08:01 15729315                   /usr/lib/x86_64-linux-gnu/mesa-egl/libEGL.so.1.0.0
7fc64cef5000-7fc64d0f5000 ---p 00029000 08:01 15729315                   /usr/lib/x86_64-linux-gnu/mesa-egl/libEGL.so.1.0.0
7fc64d0f5000-7fc64d0f6000 r--p 00029000 08:01 15729315                   /usr/lib/x86_64-linux-gnu/mesa-egl/libEGL.so.1.0.0
7fc64d0f6000-7fc64d0f7000 rw-p 0002a000 08:01 15729315                   /usr/lib/x86_64-linux-gnu/mesa-egl/libEGL.so.1.0.0
7fc64d0f7000-7fc64d0f8000 rw-p 00000000 00:00 0 
7fc64d0f8000-7fc64d19d000 r-xp 00000000 08:01 28316364                   /tmp/jogamp_0000/file_cache/jln4094196233020539226/jln9165300394118624284/libjogl_desktop.so
7fc64d19d000-7fc64d39d000 ---p 000a5000 08:01 28316364                   /tmp/jogamp_0000/file_cache/jln4094196233020539226/jln9165300394118624284/libjogl_desktop.so
7fc64d39d000-7fc64d39e000 rw-p 000a5000 08:01 28316364                   /tmp/jogamp_0000/file_cache/jln4094196233020539226/jln9165300394118624284/libjogl_desktop.so
7fc64d39e000-7fc64d3aa000 r-xp 00000000 08:01 15343767                   /usr/lib/x86_64-linux-gnu/libdrm.so.2.4.0
7fc64d3aa000-7fc64d5a9000 ---p 0000c000 08:01 15343767                   /usr/lib/x86_64-linux-gnu/libdrm.so.2.4.0
7fc64d5a9000-7fc64d5aa000 r--p 0000b000 08:01 15343767                   /usr/lib/x86_64-linux-gnu/libdrm.so.2.4.0
7fc64d5aa000-7fc64d5ab000 rw-p 0000c000 08:01 15343767                   /usr/lib/x86_64-linux-gnu/libdrm.so.2.4.0
7fc64d5ab000-7fc64d5ac000 r-xp 00000000 08:01 15344706                   /usr/lib/x86_64-linux-gnu/libxshmfence.so.1.0.0
7fc64d5ac000-7fc64d7ab000 ---p 00001000 08:01 15344706                   /usr/lib/x86_64-linux-gnu/libxshmfence.so.1.0.0
7fc64d7ab000-7fc64d7ac000 r--p 00000000 08:01 15344706                   /usr/lib/x86_64-linux-gnu/libxshmfence.so.1.0.0
7fc64d7ac000-7fc64d7ad000 rw-p 00001000 08:01 15344706                   /usr/lib/x86_64-linux-gnu/libxshmfence.so.1.0.0
7fc64d7ad000-7fc64d7b2000 r-xp 00000000 08:01 15344688                   /usr/lib/x86_64-linux-gnu/libxcb-sync.so.1.0.0
7fc64d7b2000-7fc64d9b1000 ---p 00005000 08:01 15344688                   /usr/lib/x86_64-linux-gnu/libxcb-sync.so.1.0.0
7fc64d9b1000-7fc64d9b2000 r--p 00004000 08:01 15344688                   /usr/lib/x86_64-linux-gnu/libxcb-sync.so.1.0.0
7fc64d9b2000-7fc64d9b3000 rw-p 00005000 08:01 15344688                   /usr/lib/x86_64-linux-gnu/libxcb-sync.so.1.0.0
7fc64d9b3000-7fc64d9b5000 r-xp 00000000 08:01 15344676                   /usr/lib/x86_64-linux-gnu/libxcb-present.so.0.0.0
7fc64d9b5000-7fc64dbb4000 ---p 00002000 08:01 15344676                   /usr/lib/x86_64-linux-gnu/libxcb-present.so.0.0.0
7fc64dbb4000-7fc64dbb5000 r--p 00001000 08:01 15344676                   /usr/lib/x86_64-linux-gnu/libxcb-present.so.0.0.0
7fc64dbb5000-7fc64dbb6000 rw-p 00002000 08:01 15344676                   /usr/lib/x86_64-linux-gnu/libxcb-present.so.0.0.0
7fc64dbb6000-7fc64dbb8000 r-xp 00000000 08:01 15344666                   /usr/lib/x86_64-linux-gnu/libxcb-dri3.so.0.0.0
7fc64dbb8000-7fc64ddb7000 ---p 00002000 08:01 15344666                   /usr/lib/x86_64-linux-gnu/libxcb-dri3.so.0.0.0
7fc64ddb7000-7fc64ddb8000 r--p 00001000 08:01 15344666                   /usr/lib/x86_64-linux-gnu/libxcb-dri3.so.0.0.0
7fc64ddb8000-7fc64ddb9000 rw-p 00002000 08:01 15344666                   /usr/lib/x86_64-linux-gnu/libxcb-dri3.so.0.0.0
7fc64ddb9000-7fc64ddbc000 r-xp 00000000 08:01 15344664                   /usr/lib/x86_64-linux-gnu/libxcb-dri2.so.0.0.0
7fc64ddbc000-7fc64dfbc000 ---p 00003000 08:01 15344664                   /usr/lib/x86_64-linux-gnu/libxcb-dri2.so.0.0.0
7fc64dfbc000-7fc64dfbd000 r--p 00003000 08:01 15344664                   /usr/lib/x86_64-linux-gnu/libxcb-dri2.so.0.0.0
7fc64dfbd000-7fc64dfbe000 rw-p 00004000 08:01 15344664                   /usr/lib/x86_64-linux-gnu/libxcb-dri2.so.0.0.0
7fc64dfbe000-7fc64dfd3000 r-xp 00000000 08:01 15344668                   /usr/lib/x86_64-linux-gnu/libxcb-glx.so.0.0.0
7fc64dfd3000-7fc64e1d2000 ---p 00015000 08:01 15344668                   /usr/lib/x86_64-linux-gnu/libxcb-glx.so.0.0.0
7fc64e1d2000-7fc64e1d4000 r--p 00014000 08:01 15344668                   /usr/lib/x86_64-linux-gnu/libxcb-glx.so.0.0.0
7fc64e1d4000-7fc64e1d5000 rw-p 00016000 08:01 15344668                   /usr/lib/x86_64-linux-gnu/libxcb-glx.so.0.0.0
7fc64e1d5000-7fc64e1d6000 r-xp 00000000 08:01 15343492                   /usr/lib/x86_64-linux-gnu/libX11-xcb.so.1.0.0
7fc64e1d6000-7fc64e3d5000 ---p 00001000 08:01 15343492                   /usr/lib/x86_64-linux-gnu/libX11-xcb.so.1.0.0
7fc64e3d5000-7fc64e3d6000 r--p 00000000 08:01 15343492                   /usr/lib/x86_64-linux-gnu/libX11-xcb.so.1.0.0
7fc64e3d6000-7fc64e3d7000 rw-p 00001000 08:01 15343492                   /usr/lib/x86_64-linux-gnu/libX11-xcb.so.1.0.0
7fc64e3d7000-7fc64e3d9000 r-xp 00000000 08:01 15343507                   /usr/lib/x86_64-linux-gnu/libXdamage.so.1.1.0
7fc64e3d9000-7fc64e5d8000 ---p 00002000 08:01 15343507                   /usr/lib/x86_64-linux-gnu/libXdamage.so.1.1.0
7fc64e5d8000-7fc64e5d9000 r--p 00001000 08:01 15343507                   /usr/lib/x86_64-linux-gnu/libXdamage.so.1.1.0
7fc64e5d9000-7fc64e5da000 rw-p 00002000 08:01 15343507                   /usr/lib/x86_64-linux-gnu/libXdamage.so.1.1.0
7fc64e5da000-7fc64e5ff000 r-xp 00000000 08:01 15343260                   /usr/lib/x86_64-linux-gnu/libglapi.so.0.0.0
7fc64e5ff000-7fc64e7ff000 ---p 00025000 08:01 15343260                   /usr/lib/x86_64-linux-gnu/libglapi.so.0.0.0
7fc64e7ff000-7fc64e802000 r--p 00025000 08:01 15343260                   /usr/lib/x86_64-linux-gnu/libglapi.so.0.0.0
7fc64e802000-7fc64e803000 rw-p 00028000 08:01 15343260                   /usr/lib/x86_64-linux-gnu/libglapi.so.0.0.0
7fc64e803000-7fc64e804000 rw-p 00000000 00:00 0 
7fc64e804000-7fc64e82a000 r-xp 00000000 08:01 27267358                   /lib/x86_64-linux-gnu/libexpat.so.1.6.0
7fc64e82a000-7fc64ea29000 ---p 00026000 08:01 27267358                   /lib/x86_64-linux-gnu/libexpat.so.1.6.0
7fc64ea29000-7fc64ea2c000 r--p 00025000 08:01 27267358                   /lib/x86_64-linux-gnu/libexpat.so.1.6.0
7fc64ea2c000-7fc64ea2d000 rw-p 00028000 08:01 27267358                   /lib/x86_64-linux-gnu/libexpat.so.1.6.0
7fc64ea2d000-7fc64eac5000 r-xp 00000000 08:01 15732978                   /usr/lib/x86_64-linux-gnu/mesa/libGL.so.1.2.0
7fc64eac5000-7fc64ecc4000 ---p 00098000 08:01 15732978                   /usr/lib/x86_64-linux-gnu/mesa/libGL.so.1.2.0
7fc64ecc4000-7fc64ecc7000 r--p 00097000 08:01 15732978                   /usr/lib/x86_64-linux-gnu/mesa/libGL.so.1.2.0
7fc64ecc7000-7fc64ecc8000 rw-p 0009a000 08:01 15732978                   /usr/lib/x86_64-linux-gnu/mesa/libGL.so.1.2.0
7fc64ecc8000-7fc64eec9000 rw-p 00000000 00:00 0 
7fc64eec9000-7fc64f0c9000 rw-p 00000000 00:00 0 
7fc64f0c9000-7fc64f0d0000 r-xp 00000000 08:01 28316376                   /tmp/jogamp_0000/file_cache/jln4094196233020539226/jln9165300394118624284/libnativewindow_x11.so
7fc64f0d0000-7fc64f2cf000 ---p 00007000 08:01 28316376                   /tmp/jogamp_0000/file_cache/jln4094196233020539226/jln9165300394118624284/libnativewindow_x11.so
7fc64f2cf000-7fc64f2d0000 rw-p 00006000 08:01 28316376                   /tmp/jogamp_0000/file_cache/jln4094196233020539226/jln9165300394118624284/libnativewindow_x11.so
7fc64f2d0000-7fc64f2d4000 r-xp 00000000 08:01 15343549                   /usr/lib/x86_64-linux-gnu/libXxf86vm.so.1.0.0
7fc64f2d4000-7fc64f4d4000 ---p 00004000 08:01 15343549                   /usr/lib/x86_64-linux-gnu/libXxf86vm.so.1.0.0
7fc64f4d4000-7fc64f4d5000 r--p 00004000 08:01 15343549                   /usr/lib/x86_64-linux-gnu/libXxf86vm.so.1.0.0
7fc64f4d5000-7fc64f4d6000 rw-p 00005000 08:01 15343549                   /usr/lib/x86_64-linux-gnu/libXxf86vm.so.1.0.0
7fc64f4fa000-7fc64f4fc000 r-xp 00000000 08:01 28316375                   /tmp/jogamp_0000/file_cache/jln4094196233020539226/jln9165300394118624284/libnativewindow_awt.so
7fc64f4fc000-7fc64f6fb000 ---p 00002000 08:01 28316375                   /tmp/jogamp_0000/file_cache/jln4094196233020539226/jln9165300394118624284/libnativewindow_awt.so
7fc64f6fb000-7fc64f6fc000 rw-p 00001000 08:01 28316375                   /tmp/jogamp_0000/file_cache/jln4094196233020539226/jln9165300394118624284/libnativewindow_awt.so
7fc64f6fc000-7fc64f6fd000 r-xp 00000000 08:01 3450810                    /home/ema/Scaricati/jdk1.8.0_92/jre/lib/amd64/libjawt.so
7fc64f6fd000-7fc64f8fc000 ---p 00001000 08:01 3450810                    /home/ema/Scaricati/jdk1.8.0_92/jre/lib/amd64/libjawt.so
7fc64f8fc000-7fc64f8fd000 rw-p 00000000 08:01 3450810                    /home/ema/Scaricati/jdk1.8.0_92/jre/lib/amd64/libjawt.so
7fc64f8fd000-7fc64f8ff000 r-xp 00000000 08:01 28316358                   /tmp/jogamp_0000/file_cache/jln4094196233020539226/jln9165300394118624284/libgluegen-rt.so
7fc64f8ff000-7fc64fafe000 ---p 00002000 08:01 28316358                   /tmp/jogamp_0000/file_cache/jln4094196233020539226/jln9165300394118624284/libgluegen-rt.so
7fc64fafe000-7fc64faff000 rw-p 00001000 08:01 28316358                   /tmp/jogamp_0000/file_cache/jln4094196233020539226/jln9165300394118624284/libgluegen-rt.so
7fc64faff000-7fc64fb02000 ---p 00000000 00:00 0 
7fc64fb02000-7fc64fe00000 rw-p 00000000 00:00 0 
7fc64fe00000-7fc650000000 rw-p 00000000 00:00 0 
7fc650000000-7fc650022000 rw-p 00000000 00:00 0 
7fc650022000-7fc654000000 ---p 00000000 00:00 0 
7fc654000000-7fc654853000 rw-p 00000000 00:00 0 
7fc654853000-7fc658000000 ---p 00000000 00:00 0 
7fc658000000-7fc658021000 rw-p 00000000 00:00 0 
7fc658021000-7fc65c000000 ---p 00000000 00:00 0 
7fc65c000000-7fc65c021000 rw-p 00000000 00:00 0 
7fc65c021000-7fc660000000 ---p 00000000 00:00 0 
7fc660000000-7fc660021000 rw-p 00000000 00:00 0 
7fc660021000-7fc664000000 ---p 00000000 00:00 0 
7fc664000000-7fc66402f000 rw-p 00000000 00:00 0 
7fc66402f000-7fc668000000 ---p 00000000 00:00 0 
7fc668000000-7fc668021000 rw-p 00000000 00:00 0 
7fc668021000-7fc66c000000 ---p 00000000 00:00 0 
7fc66c000000-7fc66c021000 rw-p 00000000 00:00 0 
7fc66c021000-7fc670000000 ---p 00000000 00:00 0 
7fc670000000-7fc670fcd000 rw-p 00000000 00:00 0 
7fc670fcd000-7fc674000000 ---p 00000000 00:00 0 
7fc674000000-7fc67480a000 rw-p 00000000 00:00 0 
7fc67480a000-7fc678000000 ---p 00000000 00:00 0 
7fc678000000-7fc67911e000 rw-p 00000000 00:00 0 
7fc67911e000-7fc67c000000 ---p 00000000 00:00 0 
7fc67c000000-7fc67cbf7000 rw-p 00000000 00:00 0 
7fc67cbf7000-7fc680000000 ---p 00000000 00:00 0 
7fc680000000-7fc680021000 rw-p 00000000 00:00 0 
7fc680021000-7fc684000000 ---p 00000000 00:00 0 
7fc684000000-7fc684021000 rw-p 00000000 00:00 0 
7fc684021000-7fc688000000 ---p 00000000 00:00 0 
7fc688000000-7fc688021000 rw-p 00000000 00:00 0 
7fc688021000-7fc68c000000 ---p 00000000 00:00 0 
7fc68c000000-7fc68c021000 rw-p 00000000 00:00 0 
7fc68c021000-7fc690000000 ---p 00000000 00:00 0 
7fc690006000-7fc690009000 ---p 00000000 00:00 0 
7fc690009000-7fc690107000 rw-p 00000000 00:00 0 
7fc690107000-7fc69010a000 ---p 00000000 00:00 0 
7fc69010a000-7fc690208000 rw-p 00000000 00:00 0 
7fc690208000-7fc690271000 r-xp 00000000 08:01 3450779                    /home/ema/Scaricati/jdk1.8.0_92/jre/lib/amd64/libt2k.so
7fc690271000-7fc690471000 ---p 00069000 08:01 3450779                    /home/ema/Scaricati/jdk1.8.0_92/jre/lib/amd64/libt2k.so
7fc690471000-7fc690478000 rw-p 00069000 08:01 3450779                    /home/ema/Scaricati/jdk1.8.0_92/jre/lib/amd64/libt2k.so
7fc690478000-7fc690488000 rw-p 00000000 00:00 0 
7fc690488000-7fc690499000 r-xp 00000000 08:01 3450822                    /home/ema/Scaricati/jdk1.8.0_92/jre/lib/amd64/libnio.so
7fc690499000-7fc690698000 ---p 00011000 08:01 3450822                    /home/ema/Scaricati/jdk1.8.0_92/jre/lib/amd64/libnio.so
7fc690698000-7fc690699000 rw-p 00010000 08:01 3450822                    /home/ema/Scaricati/jdk1.8.0_92/jre/lib/amd64/libnio.so
7fc690699000-7fc69099a000 rw-p 00000000 00:00 0 
7fc69099a000-7fc6909b0000 r-xp 00000000 08:01 3450819                    /home/ema/Scaricati/jdk1.8.0_92/jre/lib/amd64/libnet.so
7fc6909b0000-7fc690bb0000 ---p 00016000 08:01 3450819                    /home/ema/Scaricati/jdk1.8.0_92/jre/lib/amd64/libnet.so
7fc690bb0000-7fc690bb1000 rw-p 00016000 08:01 3450819                    /home/ema/Scaricati/jdk1.8.0_92/jre/lib/amd64/libnet.so
7fc690bb1000-7fc690bb4000 ---p 00000000 00:00 0 
7fc690bb4000-7fc690cb2000 rw-p 00000000 00:00 0 
7fc690cb2000-7fc690cb5000 ---p 00000000 00:00 0 
7fc690cb5000-7fc690db3000 rw-p 00000000 00:00 0 
7fc690db3000-7fc690db6000 ---p 00000000 00:00 0 
7fc690db6000-7fc690eb4000 rw-p 00000000 00:00 0 
7fc690eb4000-7fc690eb7000 ---p 00000000 00:00 0 
7fc690eb7000-7fc690fb5000 rw-p 00000000 00:00 0 
7fc690fb5000-7fc690fba000 r-xp 00000000 08:01 15343513                   /usr/lib/x86_64-linux-gnu/libXfixes.so.3.1.0
7fc690fba000-7fc6911b9000 ---p 00005000 08:01 15343513                   /usr/lib/x86_64-linux-gnu/libXfixes.so.3.1.0
7fc6911b9000-7fc6911ba000 r--p 00004000 08:01 15343513                   /usr/lib/x86_64-linux-gnu/libXfixes.so.3.1.0
7fc6911ba000-7fc6911bb000 rw-p 00005000 08:01 15343513                   /usr/lib/x86_64-linux-gnu/libXfixes.so.3.1.0
7fc6911bb000-7fc6911c4000 r-xp 00000000 08:01 15343505                   /usr/lib/x86_64-linux-gnu/libXcursor.so.1.0.2
7fc6911c4000-7fc6913c3000 ---p 00009000 08:01 15343505                   /usr/lib/x86_64-linux-gnu/libXcursor.so.1.0.2
7fc6913c3000-7fc6913c4000 r--p 00008000 08:01 15343505                   /usr/lib/x86_64-linux-gnu/libXcursor.so.1.0.2
7fc6913c4000-7fc6913c5000 rw-p 00009000 08:01 15343505                   /usr/lib/x86_64-linux-gnu/libXcursor.so.1.0.2
7fc6913c5000-7fc6913c8000 ---p 00000000 00:00 0 
7fc6913c8000-7fc6914c6000 rw-p 00000000 00:00 0 
7fc6914c6000-7fc6914dc000 r-xp 00000000 08:01 27269807                   /lib/x86_64-linux-gnu/libgcc_s.so.1
7fc6914dc000-7fc6916db000 ---p 00016000 08:01 27269807                   /lib/x86_64-linux-gnu/libgcc_s.so.1
7fc6916db000-7fc6916dc000 rw-p 00015000 08:01 27269807                   /lib/x86_64-linux-gnu/libgcc_s.so.1
7fc6916dc000-7fc691741000 r-xp 00000000 08:01 3450798                    /home/ema/Scaricati/jdk1.8.0_92/jre/lib/amd64/libfontmanager.so
7fc691741000-7fc691940000 ---p 00065000 08:01 3450798                    /home/ema/Scaricati/jdk1.8.0_92/jre/lib/amd64/libfontmanager.so
7fc691940000-7fc691945000 rw-p 00064000 08:01 3450798                    /home/ema/Scaricati/jdk1.8.0_92/jre/lib/amd64/libfontmanager.so
7fc691945000-7fc691955000 rw-p 00000000 00:00 0 
7fc691955000-7fc69195a000 r-xp 00000000 08:01 15343509                   /usr/lib/x86_64-linux-gnu/libXdmcp.so.6.0.0
7fc69195a000-7fc691b59000 ---p 00005000 08:01 15343509                   /usr/lib/x86_64-linux-gnu/libXdmcp.so.6.0.0
7fc691b59000-7fc691b5a000 r--p 00004000 08:01 15343509                   /usr/lib/x86_64-linux-gnu/libXdmcp.so.6.0.0
7fc691b5a000-7fc691b5b000 rw-p 00005000 08:01 15343509                   /usr/lib/x86_64-linux-gnu/libXdmcp.so.6.0.0
7fc691b5b000-7fc691b5d000 r-xp 00000000 08:01 15343498                   /usr/lib/x86_64-linux-gnu/libXau.so.6.0.0
7fc691b5d000-7fc691d5d000 ---p 00002000 08:01 15343498                   /usr/lib/x86_64-linux-gnu/libXau.so.6.0.0
7fc691d5d000-7fc691d5e000 r--p 00002000 08:01 15343498                   /usr/lib/x86_64-linux-gnu/libXau.so.6.0.0
7fc691d5e000-7fc691d5f000 rw-p 00003000 08:01 15343498                   /usr/lib/x86_64-linux-gnu/libXau.so.6.0.0
7fc691d5f000-7fc691d7c000 r-xp 00000000 08:01 15344696                   /usr/lib/x86_64-linux-gnu/libxcb.so.1.1.0
7fc691d7c000-7fc691f7c000 ---p 0001d000 08:01 15344696                   /usr/lib/x86_64-linux-gnu/libxcb.so.1.1.0
7fc691f7c000-7fc691f7d000 r--p 0001d000 08:01 15344696                   /usr/lib/x86_64-linux-gnu/libxcb.so.1.1.0
7fc691f7d000-7fc691f7e000 rw-p 0001e000 08:01 15344696                   /usr/lib/x86_64-linux-gnu/libxcb.so.1.1.0
7fc691f7e000-7fc691f8d000 r-xp 00000000 08:01 15343519                   /usr/lib/x86_64-linux-gnu/libXi.so.6.1.0
7fc691f8d000-7fc69218c000 ---p 0000f000 08:01 15343519                   /usr/lib/x86_64-linux-gnu/libXi.so.6.1.0
7fc69218c000-7fc69218d000 r--p 0000e000 08:01 15343519                   /usr/lib/x86_64-linux-gnu/libXi.so.6.1.0
7fc69218d000-7fc69218e000 rw-p 0000f000 08:01 15343519                   /usr/lib/x86_64-linux-gnu/libXi.so.6.1.0
7fc69218e000-7fc692193000 r-xp 00000000 08:01 15343539                   /usr/lib/x86_64-linux-gnu/libXtst.so.6.1.0
7fc692193000-7fc692392000 ---p 00005000 08:01 15343539                   /usr/lib/x86_64-linux-gnu/libXtst.so.6.1.0
7fc692392000-7fc692393000 r--p 00004000 08:01 15343539                   /usr/lib/x86_64-linux-gnu/libXtst.so.6.1.0
7fc692393000-7fc692394000 rw-p 00005000 08:01 15343539                   /usr/lib/x86_64-linux-gnu/libXtst.so.6.1.0
7fc692394000-7fc69239d000 r-xp 00000000 08:01 15343533                   /usr/lib/x86_64-linux-gnu/libXrender.so.1.3.0
7fc69239d000-7fc69259c000 ---p 00009000 08:01 15343533                   /usr/lib/x86_64-linux-gnu/libXrender.so.1.3.0
7fc69259c000-7fc69259d000 r--p 00008000 08:01 15343533                   /usr/lib/x86_64-linux-gnu/libXrender.so.1.3.0
7fc69259d000-7fc69259e000 rw-p 00009000 08:01 15343533                   /usr/lib/x86_64-linux-gnu/libXrender.so.1.3.0
7fc69259e000-7fc6926d1000 r-xp 00000000 08:01 15343494                   /usr/lib/x86_64-linux-gnu/libX11.so.6.3.0
7fc6926d1000-7fc6928d1000 ---p 00133000 08:01 15343494                   /usr/lib/x86_64-linux-gnu/libX11.so.6.3.0
7fc6928d1000-7fc6928d2000 r--p 00133000 08:01 15343494                   /usr/lib/x86_64-linux-gnu/libX11.so.6.3.0
7fc6928d2000-7fc6928d6000 rw-p 00134000 08:01 15343494                   /usr/lib/x86_64-linux-gnu/libX11.so.6.3.0
7fc6928d6000-7fc6928d7000 rw-p 00000000 00:00 0 
7fc6928d7000-7fc6928e8000 r-xp 00000000 08:01 15343511                   /usr/lib/x86_64-linux-gnu/libXext.so.6.4.0
7fc6928e8000-7fc692ae7000 ---p 00011000 08:01 15343511                   /usr/lib/x86_64-linux-gnu/libXext.so.6.4.0
7fc692ae7000-7fc692ae8000 r--p 00010000 08:01 15343511                   /usr/lib/x86_64-linux-gnu/libXext.so.6.4.0
7fc692ae8000-7fc692ae9000 rw-p 00011000 08:01 15343511                   /usr/lib/x86_64-linux-gnu/libXext.so.6.4.0
7fc692ae9000-7fc692b3d000 r-xp 00000000 08:01 3450826                    /home/ema/Scaricati/jdk1.8.0_92/jre/lib/amd64/libawt_xawt.so
7fc692b3d000-7fc692d3d000 ---p 00054000 08:01 3450826                    /home/ema/Scaricati/jdk1.8.0_92/jre/lib/amd64/libawt_xawt.so
7fc692d3d000-7fc692d41000 rw-p 00054000 08:01 3450826                    /home/ema/Scaricati/jdk1.8.0_92/jre/lib/amd64/libawt_xawt.so
7fc692d41000-7fc692d42000 rw-p 00000000 00:00 0 
7fc692d42000-7fc692de4000 r-xp 00000000 08:01 3450809                    /home/ema/Scaricati/jdk1.8.0_92/jre/lib/amd64/libawt.so
7fc692de4000-7fc692fe4000 ---p 000a2000 08:01 3450809                    /home/ema/Scaricati/jdk1.8.0_92/jre/lib/amd64/libawt.so
7fc692fe4000-7fc692ff0000 rw-p 000a2000 08:01 3450809                    /home/ema/Scaricati/jdk1.8.0_92/jre/lib/amd64/libawt.so
7fc692ff0000-7fc693014000 rw-p 00000000 00:00 0 
7fc693014000-7fc693015000 ---p 00000000 00:00 0 
7fc693015000-7fc693115000 rw-p 00000000 00:00 0 
7fc693115000-7fc693118000 ---p 00000000 00:00 0 
7fc693118000-7fc693216000 rw-p 00000000 00:00 0 
7fc693216000-7fc693219000 ---p 00000000 00:00 0 
7fc693219000-7fc693317000 rw-p 00000000 00:00 0 
7fc693317000-7fc69331a000 ---p 00000000 00:00 0 
7fc69331a000-7fc693418000 rw-p 00000000 00:00 0 
7fc693418000-7fc69341b000 ---p 00000000 00:00 0 
7fc69341b000-7fc693519000 rw-p 00000000 00:00 0 
7fc693519000-7fc69351c000 ---p 00000000 00:00 0 
7fc69351c000-7fc69361a000 rw-p 00000000 00:00 0 
7fc69361a000-7fc69361d000 ---p 00000000 00:00 0 
7fc69361d000-7fc69371b000 rw-p 00000000 00:00 0 
7fc69371b000-7fc693dfe000 r--p 00000000 08:01 15342584                   /usr/lib/locale/locale-archive
7fc693dfe000-7fc693e01000 ---p 00000000 00:00 0 
7fc693e01000-7fc693eff000 rw-p 00000000 00:00 0 
7fc693eff000-7fc693f02000 ---p 00000000 00:00 0 
7fc693f02000-7fc694000000 rw-p 00000000 00:00 0 
7fc694000000-7fc694021000 rw-p 00000000 00:00 0 
7fc694021000-7fc698000000 ---p 00000000 00:00 0 
7fc69800a000-7fc698026000 r--s 00393000 08:01 3450599                    /home/ema/Scaricati/jdk1.8.0_92/jre/lib/ext/cldrdata.jar
7fc698026000-7fc698029000 ---p 00000000 00:00 0 
7fc698029000-7fc69805f000 rw-p 00000000 00:00 0 
7fc69805f000-7fc698060000 ---p 00000000 00:00 0 
7fc698060000-7fc69c000000 rw-p 00000000 00:00 0 
7fc69c000000-7fc69c021000 rw-p 00000000 00:00 0 
7fc69c021000-7fc6a0000000 ---p 00000000 00:00 0 
7fc6a0000000-7fc6a0021000 rw-p 00000000 00:00 0 
7fc6a0021000-7fc6a4000000 ---p 00000000 00:00 0 
7fc6a4000000-7fc6a4021000 rw-p 00000000 00:00 0 
7fc6a4021000-7fc6a8000000 ---p 00000000 00:00 0 
7fc6a8000000-7fc6a8021000 rw-p 00000000 00:00 0 
7fc6a8021000-7fc6ac000000 ---p 00000000 00:00 0 
7fc6ac000000-7fc6ac021000 rw-p 00000000 00:00 0 
7fc6ac021000-7fc6b0000000 ---p 00000000 00:00 0 
7fc6b0000000-7fc6b0021000 rw-p 00000000 00:00 0 
7fc6b0021000-7fc6b4000000 ---p 00000000 00:00 0 
7fc6b4000000-7fc6b4021000 rw-p 00000000 00:00 0 
7fc6b4021000-7fc6b8000000 ---p 00000000 00:00 0 
7fc6b8006000-7fc6b8010000 r--s 00116000 08:01 3450653                    /home/ema/Scaricati/jdk1.8.0_92/jre/lib/ext/localedata.jar
7fc6b8010000-7fc6b8033000 r--s 002ec000 08:01 3540429                    /home/ema/Dropbox/ACCADEMIC/Programmi/Java/ucsdunfoldingmaps/lib/jogl-all.jar
7fc6b8033000-7fc6b9000000 rw-p 00000000 00:00 0 
7fc6b9000000-7fc6b9950000 rwxp 00000000 00:00 0 
7fc6b9950000-7fc6c8000000 ---p 00000000 00:00 0 
7fc6c8000000-7fc6c82f3000 rw-p 00000000 00:00 0 
7fc6c82f3000-7fc6cc000000 ---p 00000000 00:00 0 
7fc6cc003000-7fc6cc498000 rw-p 00000000 00:00 0 
7fc6cc498000-7fc6cc671000 r--s 03d24000 08:01 3450543                    /home/ema/Scaricati/jdk1.8.0_92/jre/lib/rt.jar
7fc6cc671000-7fc6cc9d0000 rw-p 00000000 00:00 0 
7fc6cc9d0000-7fc6cc9d1000 ---p 00000000 00:00 0 
7fc6cc9d1000-7fc6ccad1000 rw-p 00000000 00:00 0 
7fc6ccad1000-7fc6ccad2000 ---p 00000000 00:00 0 
7fc6ccad2000-7fc6ccbd2000 rw-p 00000000 00:00 0 
7fc6ccbd2000-7fc6ccbd3000 ---p 00000000 00:00 0 
7fc6ccbd3000-7fc6cccd3000 rw-p 00000000 00:00 0 
7fc6cccd3000-7fc6cccd4000 ---p 00000000 00:00 0 
7fc6cccd4000-7fc6ccdd4000 rw-p 00000000 00:00 0 
7fc6ccdd4000-7fc6ccdd5000 ---p 00000000 00:00 0 
7fc6ccdd5000-7fc6cced5000 rw-p 00000000 00:00 0 
7fc6cced5000-7fc6cced6000 ---p 00000000 00:00 0 
7fc6cced6000-7fc6ccfd6000 rw-p 00000000 00:00 0 
7fc6ccfd6000-7fc6ccfd7000 ---p 00000000 00:00 0 
7fc6ccfd7000-7fc6cd0d7000 rw-p 00000000 00:00 0 
7fc6cd0d7000-7fc6cd0d8000 ---p 00000000 00:00 0 
7fc6cd0d8000-7fc6cd1f6000 rw-p 00000000 00:00 0 
7fc6cd1f6000-7fc6cd3c9000 ---p 00000000 00:00 0 
7fc6cd3c9000-7fc6cd3e7000 rw-p 00000000 00:00 0 
7fc6cd3e7000-7fc6cd5b9000 ---p 00000000 00:00 0 
7fc6cd5b9000-7fc6cd5d6000 rw-p 00000000 00:00 0 
7fc6cd5d6000-7fc6cd6b2000 ---p 00000000 00:00 0 
7fc6cd6b2000-7fc6cd6d9000 rw-p 00000000 00:00 0 
7fc6cd6d9000-7fc6cda73000 ---p 00000000 00:00 0 
7fc6cda73000-7fc6cda8d000 r-xp 00000000 08:01 3450813                    /home/ema/Scaricati/jdk1.8.0_92/jre/lib/amd64/libzip.so
7fc6cda8d000-7fc6cdc8d000 ---p 0001a000 08:01 3450813                    /home/ema/Scaricati/jdk1.8.0_92/jre/lib/amd64/libzip.so
7fc6cdc8d000-7fc6cdc8e000 rw-p 0001a000 08:01 3450813                    /home/ema/Scaricati/jdk1.8.0_92/jre/lib/amd64/libzip.so
7fc6cdc8e000-7fc6cdc9a000 r-xp 00000000 08:01 27267297                   /lib/x86_64-linux-gnu/libnss_files-2.21.so
7fc6cdc9a000-7fc6cde99000 ---p 0000c000 08:01 27267297                   /lib/x86_64-linux-gnu/libnss_files-2.21.so
7fc6cde99000-7fc6cde9a000 r--p 0000b000 08:01 27267297                   /lib/x86_64-linux-gnu/libnss_files-2.21.so
7fc6cde9a000-7fc6cde9b000 rw-p 0000c000 08:01 27267297                   /lib/x86_64-linux-gnu/libnss_files-2.21.so
7fc6cde9b000-7fc6cdea6000 r-xp 00000000 08:01 27267307                   /lib/x86_64-linux-gnu/libnss_nis-2.21.so
7fc6cdea6000-7fc6ce0a5000 ---p 0000b000 08:01 27267307                   /lib/x86_64-linux-gnu/libnss_nis-2.21.so
7fc6ce0a5000-7fc6ce0a6000 r--p 0000a000 08:01 27267307                   /lib/x86_64-linux-gnu/libnss_nis-2.21.so
7fc6ce0a6000-7fc6ce0a7000 rw-p 0000b000 08:01 27267307                   /lib/x86_64-linux-gnu/libnss_nis-2.21.so
7fc6ce0a7000-7fc6ce0be000 r-xp 00000000 08:01 27267291                   /lib/x86_64-linux-gnu/libnsl-2.21.so
7fc6ce0be000-7fc6ce2bd000 ---p 00017000 08:01 27267291                   /lib/x86_64-linux-gnu/libnsl-2.21.so
7fc6ce2bd000-7fc6ce2be000 r--p 00016000 08:01 27267291                   /lib/x86_64-linux-gnu/libnsl-2.21.so
7fc6ce2be000-7fc6ce2bf000 rw-p 00017000 08:01 27267291                   /lib/x86_64-linux-gnu/libnsl-2.21.so
7fc6ce2bf000-7fc6ce2c1000 rw-p 00000000 00:00 0 
7fc6ce2c1000-7fc6ce2c9000 r-xp 00000000 08:01 27267293                   /lib/x86_64-linux-gnu/libnss_compat-2.21.so
7fc6ce2c9000-7fc6ce4c8000 ---p 00008000 08:01 27267293                   /lib/x86_64-linux-gnu/libnss_compat-2.21.so
7fc6ce4c8000-7fc6ce4c9000 r--p 00007000 08:01 27267293                   /lib/x86_64-linux-gnu/libnss_compat-2.21.so
7fc6ce4c9000-7fc6ce4ca000 rw-p 00008000 08:01 27267293                   /lib/x86_64-linux-gnu/libnss_compat-2.21.so
7fc6ce4ca000-7fc6ce4f4000 r-xp 00000000 08:01 3450807                    /home/ema/Scaricati/jdk1.8.0_92/jre/lib/amd64/libjava.so
7fc6ce4f4000-7fc6ce6f4000 ---p 0002a000 08:01 3450807                    /home/ema/Scaricati/jdk1.8.0_92/jre/lib/amd64/libjava.so
7fc6ce6f4000-7fc6ce6f6000 rw-p 0002a000 08:01 3450807                    /home/ema/Scaricati/jdk1.8.0_92/jre/lib/amd64/libjava.so
7fc6ce6f6000-7fc6ce703000 r-xp 00000000 08:01 3450812                    /home/ema/Scaricati/jdk1.8.0_92/jre/lib/amd64/libverify.so
7fc6ce703000-7fc6ce903000 ---p 0000d000 08:01 3450812                    /home/ema/Scaricati/jdk1.8.0_92/jre/lib/amd64/libverify.so
7fc6ce903000-7fc6ce905000 rw-p 0000d000 08:01 3450812                    /home/ema/Scaricati/jdk1.8.0_92/jre/lib/amd64/libverify.so
7fc6ce905000-7fc6ce90c000 r-xp 00000000 08:01 27267352                   /lib/x86_64-linux-gnu/librt-2.21.so
7fc6ce90c000-7fc6ceb0b000 ---p 00007000 08:01 27267352                   /lib/x86_64-linux-gnu/librt-2.21.so
7fc6ceb0b000-7fc6ceb0c000 r--p 00006000 08:01 27267352                   /lib/x86_64-linux-gnu/librt-2.21.so
7fc6ceb0c000-7fc6ceb0d000 rw-p 00007000 08:01 27267352                   /lib/x86_64-linux-gnu/librt-2.21.so
7fc6ceb0d000-7fc6cec14000 r-xp 00000000 08:01 27267270                   /lib/x86_64-linux-gnu/libm-2.21.so
7fc6cec14000-7fc6cee13000 ---p 00107000 08:01 27267270                   /lib/x86_64-linux-gnu/libm-2.21.so
7fc6cee13000-7fc6cee14000 r--p 00106000 08:01 27267270                   /lib/x86_64-linux-gnu/libm-2.21.so
7fc6cee14000-7fc6cee15000 rw-p 00107000 08:01 27267270                   /lib/x86_64-linux-gnu/libm-2.21.so
7fc6cee15000-7fc6cfad8000 r-xp 00000000 08:01 3450788                    /home/ema/Scaricati/jdk1.8.0_92/jre/lib/amd64/server/libjvm.so
7fc6cfad8000-7fc6cfcd7000 ---p 00cc3000 08:01 3450788                    /home/ema/Scaricati/jdk1.8.0_92/jre/lib/amd64/server/libjvm.so
7fc6cfcd7000-7fc6cfdb0000 rw-p 00cc2000 08:01 3450788                    /home/ema/Scaricati/jdk1.8.0_92/jre/lib/amd64/server/libjvm.so
7fc6cfdb0000-7fc6cfdfb000 rw-p 00000000 00:00 0 
7fc6cfdfb000-7fc6cffbb000 r-xp 00000000 08:01 27267211                   /lib/x86_64-linux-gnu/libc-2.21.so
7fc6cffbb000-7fc6d01bb000 ---p 001c0000 08:01 27267211                   /lib/x86_64-linux-gnu/libc-2.21.so
7fc6d01bb000-7fc6d01bf000 r--p 001c0000 08:01 27267211                   /lib/x86_64-linux-gnu/libc-2.21.so
7fc6d01bf000-7fc6d01c1000 rw-p 001c4000 08:01 27267211                   /lib/x86_64-linux-gnu/libc-2.21.so
7fc6d01c1000-7fc6d01c5000 rw-p 00000000 00:00 0 
7fc6d01c5000-7fc6d01c8000 r-xp 00000000 08:01 27267228                   /lib/x86_64-linux-gnu/libdl-2.21.so
7fc6d01c8000-7fc6d03c7000 ---p 00003000 08:01 27267228                   /lib/x86_64-linux-gnu/libdl-2.21.so
7fc6d03c7000-7fc6d03c8000 r--p 00002000 08:01 27267228                   /lib/x86_64-linux-gnu/libdl-2.21.so
7fc6d03c8000-7fc6d03c9000 rw-p 00003000 08:01 27267228                   /lib/x86_64-linux-gnu/libdl-2.21.so
7fc6d03c9000-7fc6d03de000 r-xp 00000000 08:01 3450782                    /home/ema/Scaricati/jdk1.8.0_92/jre/lib/amd64/jli/libjli.so
7fc6d03de000-7fc6d05de000 ---p 00015000 08:01 3450782                    /home/ema/Scaricati/jdk1.8.0_92/jre/lib/amd64/jli/libjli.so
7fc6d05de000-7fc6d05df000 rw-p 00015000 08:01 3450782                    /home/ema/Scaricati/jdk1.8.0_92/jre/lib/amd64/jli/libjli.so
7fc6d05df000-7fc6d05f7000 r-xp 00000000 08:01 27267344                   /lib/x86_64-linux-gnu/libpthread-2.21.so
7fc6d05f7000-7fc6d07f7000 ---p 00018000 08:01 27267344                   /lib/x86_64-linux-gnu/libpthread-2.21.so
7fc6d07f7000-7fc6d07f8000 r--p 00018000 08:01 27267344                   /lib/x86_64-linux-gnu/libpthread-2.21.so
7fc6d07f8000-7fc6d07f9000 rw-p 00019000 08:01 27267344                   /lib/x86_64-linux-gnu/libpthread-2.21.so
7fc6d07f9000-7fc6d07fd000 rw-p 00000000 00:00 0 
7fc6d07fd000-7fc6d0821000 r-xp 00000000 08:01 27267183                   /lib/x86_64-linux-gnu/ld-2.21.so
7fc6d0821000-7fc6d0822000 rw-p 00000000 00:00 0 
7fc6d0822000-7fc6d0824000 rw-s 196b43000 00:06 9579                      /dev/dri/card0
7fc6d0824000-7fc6d0825000 rw-s 1b4fe6000 00:06 9579                      /dev/dri/card0
7fc6d0825000-7fc6d0826000 rwxp 00000000 00:00 0 
7fc6d0826000-7fc6d0827000 rw-s 1b5dc3000 00:06 9579                      /dev/dri/card0
7fc6d0827000-7fc6d0829000 r--s 00000000 08:01 3540406                    /home/ema/Dropbox/ACCADEMIC/Programmi/Java/ucsdunfoldingmaps/lib/gluegen-rt-natives-linux-amd64.jar
7fc6d0829000-7fc6d082d000 r--s 00097000 08:01 3450594                    /home/ema/Scaricati/jdk1.8.0_92/jre/lib/jsse.jar
7fc6d082d000-7fc6d0833000 r--s 00033000 08:01 3540448                    /home/ema/Dropbox/ACCADEMIC/Programmi/Java/ucsdunfoldingmaps/lib/unfolding.0.9.7-uscd.jar
7fc6d0833000-7fc6d08f5000 rw-p 00000000 00:00 0 
7fc6d08f5000-7fc6d08f8000 ---p 00000000 00:00 0 
7fc6d08f8000-7fc6d09fa000 rw-p 00000000 00:00 0 
7fc6d09fa000-7fc6d09fb000 r--s 0002f000 08:01 3540414                    /home/ema/Dropbox/ACCADEMIC/Programmi/Java/ucsdunfoldingmaps/lib/jogl-all-natives-linux-amd64.jar
7fc6d09fb000-7fc6d09fc000 r--p 00000000 00:00 0 
7fc6d09fc000-7fc6d09fd000 r--s 00005000 08:01 3540435                    /home/ema/Dropbox/ACCADEMIC/Programmi/Java/ucsdunfoldingmaps/lib/libTUIO.jar
7fc6d09fd000-7fc6d09fe000 r--s 00007000 08:01 3540430                    /home/ema/Dropbox/ACCADEMIC/Programmi/Java/ucsdunfoldingmaps/lib/json4processing.jar
7fc6d09fe000-7fc6d0a03000 r--s 00309000 08:01 3540440                    /home/ema/Dropbox/ACCADEMIC/Programmi/Java/ucsdunfoldingmaps/lib/sqlite-jdbc-3.7.2.jar
7fc6d0a03000-7fc6d0a0a000 r--s 00059000 08:01 3540436                    /home/ema/Dropbox/ACCADEMIC/Programmi/Java/ucsdunfoldingmaps/lib/log4j-1.2.15.jar
7fc6d0a0a000-7fc6d0a10000 r--s 00041000 08:01 3540413                    /home/ema/Dropbox/ACCADEMIC/Programmi/Java/ucsdunfoldingmaps/lib/gluegen-rt.jar
7fc6d0a10000-7fc6d0a14000 r--s 0009a000 08:01 3540405                    /home/ema/Dropbox/ACCADEMIC/Programmi/Java/ucsdunfoldingmaps/lib/core.jar
7fc6d0a14000-7fc6d0a1c000 rw-s 00000000 08:01 28311657                   /tmp/hsperfdata_ema/24288
7fc6d0a1c000-7fc6d0a1d000 rw-p 00000000 00:00 0 
7fc6d0a1d000-7fc6d0a1e000 r--p 00000000 00:00 0 
7fc6d0a1e000-7fc6d0a20000 rw-p 00000000 00:00 0 
7fc6d0a20000-7fc6d0a21000 r--p 00023000 08:01 27267183                   /lib/x86_64-linux-gnu/ld-2.21.so
7fc6d0a21000-7fc6d0a22000 rw-p 00024000 08:01 27267183                   /lib/x86_64-linux-gnu/ld-2.21.so
7fc6d0a22000-7fc6d0a23000 rw-p 00000000 00:00 0 
7fff44604000-7fff44625000 rw-p 00000000 00:00 0                          [stack]
7fff446f8000-7fff446fa000 r--p 00000000 00:00 0                          [vvar]
7fff446fa000-7fff446fc000 r-xp 00000000 00:00 0                          [vdso]
ffffffffff600000-ffffffffff601000 r-xp 00000000 00:00 0                  [vsyscall]

VM Arguments:
jvm_args: -Djava.security.policy=java.policy.applet -Dfile.encoding=UTF-8 
java_command: sun.applet.AppletViewer module4.EarthquakeCityMap1475826089964.html
java_class_path (initial): /home/ema/Dropbox/ACCADEMIC/Programmi/Java/ucsdunfoldingmaps/build:/home/ema/Dropbox/ACCADEMIC/Programmi/Java/ucsdunfoldingmaps/lib/core.jar:/home/ema/Dropbox/ACCADEMIC/Programmi/Java/ucsdunfoldingmaps/lib/gluegen-rt.jar:/home/ema/Dropbox/ACCADEMIC/Programmi/Java/ucsdunfoldingmaps/lib/jogl-all.jar:/home/ema/Dropbox/ACCADEMIC/Programmi/Java/ucsdunfoldingmaps/lib/log4j-1.2.15.jar:/home/ema/Dropbox/ACCADEMIC/Programmi/Java/ucsdunfoldingmaps/lib/sqlite-jdbc-3.7.2.jar:/home/ema/Dropbox/ACCADEMIC/Programmi/Java/ucsdunfoldingmaps/lib/json4processing.jar:/home/ema/Dropbox/ACCADEMIC/Programmi/Java/ucsdunfoldingmaps/lib/libTUIO.jar:/home/ema/Dropbox/ACCADEMIC/Programmi/Java/ucsdunfoldingmaps/lib/unfolding.0.9.7-uscd.jar
Launcher Type: SUN_STANDARD

Environment Variables:
PATH=/usr/local/sbin:/usr/local/bin:/usr/sbin:/usr/bin:/sbin:/bin:/usr/games:/usr/local/games
SHELL=/bin/bash
DISPLAY=:0

Signal Handlers:
SIGSEGV: [libjvm.so+0xabdee0], sa_mask[0]=11111111011111111101111111111110, sa_flags=SA_RESTART|SA_SIGINFO
SIGBUS: [libjvm.so+0xabdee0], sa_mask[0]=11111111011111111101111111111110, sa_flags=SA_RESTART|SA_SIGINFO
SIGFPE: [libjvm.so+0x91a580], sa_mask[0]=11111111011111111101111111111110, sa_flags=SA_RESTART|SA_SIGINFO
SIGPIPE: [libjvm.so+0x91a580], sa_mask[0]=11111111011111111101111111111110, sa_flags=SA_RESTART|SA_SIGINFO
SIGXFSZ: [libjvm.so+0x91a580], sa_mask[0]=11111111011111111101111111111110, sa_flags=SA_RESTART|SA_SIGINFO
SIGILL: [libjvm.so+0x91a580], sa_mask[0]=11111111011111111101111111111110, sa_flags=SA_RESTART|SA_SIGINFO
SIGUSR1: SIG_DFL, sa_mask[0]=00000000000000000000000000000000, sa_flags=none
SIGUSR2: [libjvm.so+0x91bbb0], sa_mask[0]=00100000000000000000000000000000, sa_flags=SA_RESTART|SA_SIGINFO
SIGHUP: [libjvm.so+0x91cfb0], sa_mask[0]=11111111011111111101111111111110, sa_flags=SA_RESTART|SA_SIGINFO
SIGINT: [libjvm.so+0x91cfb0], sa_mask[0]=11111111011111111101111111111110, sa_flags=SA_RESTART|SA_SIGINFO
SIGTERM: [libjvm.so+0x91cfb0], sa_mask[0]=11111111011111111101111111111110, sa_flags=SA_RESTART|SA_SIGINFO
SIGQUIT: [libjvm.so+0x91cfb0], sa_mask[0]=11111111011111111101111111111110, sa_flags=SA_RESTART|SA_SIGINFO


---------------  S Y S T E M  ---------------

OS:DISTRIB_ID=Ubuntu
DISTRIB_RELEASE=15.04
DISTRIB_CODENAME=vivid
DISTRIB_DESCRIPTION="Ubuntu 15.04"

uname:Linux 3.19.0-69-generic #77-Ubuntu SMP Mon Aug 29 19:53:54 UTC 2016 x86_64
libc:glibc 2.21 NPTL 2.21 
rlimit: STACK 8192k, CORE 0k, NPROC 23746, NOFILE 65536, AS infinity
load average:1,02 0,67 0,65

/proc/meminfo:
MemTotal:        6101264 kB
MemFree:          158556 kB
MemAvailable:    2626644 kB
Buffers:          704836 kB
Cached:          1659588 kB
SwapCached:            0 kB
Active:          4518688 kB
Inactive:         815628 kB
Active(anon):    2974288 kB
Inactive(anon):    41092 kB
Active(file):    1544400 kB
Inactive(file):   774536 kB
Unevictable:          60 kB
Mlocked:              60 kB
SwapTotal:             0 kB
SwapFree:              0 kB
Dirty:              1940 kB
Writeback:             0 kB
AnonPages:       2970156 kB
Mapped:           435872 kB
Shmem:             45492 kB
Slab:             453188 kB
SReclaimable:     402568 kB
SUnreclaim:        50620 kB
KernelStack:       13120 kB
PageTables:        40656 kB
NFS_Unstable:          0 kB
Bounce:                0 kB
WritebackTmp:          0 kB
CommitLimit:     3050632 kB
Committed_AS:    7744312 kB
VmallocTotal:   34359738367 kB
VmallocUsed:      319524 kB
VmallocChunk:   34359286904 kB
HardwareCorrupted:     0 kB
AnonHugePages:   1509376 kB
CmaTotal:              0 kB
CmaFree:               0 kB
HugePages_Total:       0
HugePages_Free:        0
HugePages_Rsvd:        0
HugePages_Surp:        0
Hugepagesize:       2048 kB
DirectMap4k:      187904 kB
DirectMap2M:     6094848 kB


CPU:total 8 (4 cores per cpu, 2 threads per core) family 6 model 26 stepping 5, cmov, cx8, fxsr, mmx, sse, sse2, sse3, ssse3, sse4.1, sse4.2, popcnt, ht, tsc, tscinvbit, tscinv

/proc/cpuinfo:
processor	: 0
vendor_id	: GenuineIntel
cpu family	: 6
model		: 26
model name	: Intel(R) Core(TM) i7 CPU         920  @ 2.67GHz
stepping	: 5
microcode	: 0xf
cpu MHz		: 2400.000
cache size	: 8192 KB
physical id	: 0
siblings	: 8
core id		: 0
cpu cores	: 4
apicid		: 0
initial apicid	: 0
fpu		: yes
fpu_exception	: yes
cpuid level	: 11
wp		: yes
flags		: fpu vme de pse tsc msr pae mce cx8 apic sep mtrr pge mca cmov pat pse36 clflush dts acpi mmx fxsr sse sse2 ss ht tm pbe syscall nx rdtscp lm constant_tsc arch_perfmon pebs bts rep_good nopl xtopology nonstop_tsc aperfmperf pni dtes64 monitor ds_cpl vmx est tm2 ssse3 cx16 xtpr pdcm sse4_1 sse4_2 popcnt lahf_lm ida dtherm tpr_shadow vnmi flexpriority ept vpid
bugs		:
bogomips	: 5344.97
clflush size	: 64
cache_alignment	: 64
address sizes	: 36 bits physical, 48 bits virtual
power management:

processor	: 1
vendor_id	: GenuineIntel
cpu family	: 6
model		: 26
model name	: Intel(R) Core(TM) i7 CPU         920  @ 2.67GHz
stepping	: 5
microcode	: 0xf
cpu MHz		: 1733.000
cache size	: 8192 KB
physical id	: 0
siblings	: 8
core id		: 1
cpu cores	: 4
apicid		: 2
initial apicid	: 2
fpu		: yes
fpu_exception	: yes
cpuid level	: 11
wp		: yes
flags		: fpu vme de pse tsc msr pae mce cx8 apic sep mtrr pge mca cmov pat pse36 clflush dts acpi mmx fxsr sse sse2 ss ht tm pbe syscall nx rdtscp lm constant_tsc arch_perfmon pebs bts rep_good nopl xtopology nonstop_tsc aperfmperf pni dtes64 monitor ds_cpl vmx est tm2 ssse3 cx16 xtpr pdcm sse4_1 sse4_2 popcnt lahf_lm ida dtherm tpr_shadow vnmi flexpriority ept vpid
bugs		:
bogomips	: 5344.97
clflush size	: 64
cache_alignment	: 64
address sizes	: 36 bits physical, 48 bits virtual
power management:

processor	: 2
vendor_id	: GenuineIntel
cpu family	: 6
model		: 26
model name	: Intel(R) Core(TM) i7 CPU         920  @ 2.67GHz
stepping	: 5
microcode	: 0xf
cpu MHz		: 1600.000
cache size	: 8192 KB
physical id	: 0
siblings	: 8
core id		: 2
cpu cores	: 4
apicid		: 4
initial apicid	: 4
fpu		: yes
fpu_exception	: yes
cpuid level	: 11
wp		: yes
flags		: fpu vme de pse tsc msr pae mce cx8 apic sep mtrr pge mca cmov pat pse36 clflush dts acpi mmx fxsr sse sse2 ss ht tm pbe syscall nx rdtscp lm constant_tsc arch_perfmon pebs bts rep_good nopl xtopology nonstop_tsc aperfmperf pni dtes64 monitor ds_cpl vmx est tm2 ssse3 cx16 xtpr pdcm sse4_1 sse4_2 popcnt lahf_lm ida dtherm tpr_shadow vnmi flexpriority ept vpid
bugs		:
bogomips	: 5344.97
clflush size	: 64
cache_alignment	: 64
address sizes	: 36 bits physical, 48 bits virtual
power management:

processor	: 3
vendor_id	: GenuineIntel
cpu family	: 6
model		: 26
model name	: Intel(R) Core(TM) i7 CPU         920  @ 2.67GHz
stepping	: 5
microcode	: 0xf
cpu MHz		: 1600.000
cache size	: 8192 KB
physical id	: 0
siblings	: 8
core id		: 3
cpu cores	: 4
apicid		: 6
initial apicid	: 6
fpu		: yes
fpu_exception	: yes
cpuid level	: 11
wp		: yes
flags		: fpu vme de pse tsc msr pae mce cx8 apic sep mtrr pge mca cmov pat pse36 clflush dts acpi mmx fxsr sse sse2 ss ht tm pbe syscall nx rdtscp lm constant_tsc arch_perfmon pebs bts rep_good nopl xtopology nonstop_tsc aperfmperf pni dtes64 monitor ds_cpl vmx est tm2 ssse3 cx16 xtpr pdcm sse4_1 sse4_2 popcnt lahf_lm ida dtherm tpr_shadow vnmi flexpriority ept vpid
bugs		:
bogomips	: 5344.97
clflush size	: 64
cache_alignment	: 64
address sizes	: 36 bits physical, 48 bits virtual
power management:

processor	: 4
vendor_id	: GenuineIntel
cpu family	: 6
model		: 26
model name	: Intel(R) Core(TM) i7 CPU         920  @ 2.67GHz
stepping	: 5
microcode	: 0xf
cpu MHz		: 2668.000
cache size	: 8192 KB
physical id	: 0
siblings	: 8
core id		: 0
cpu cores	: 4
apicid		: 1
initial apicid	: 1
fpu		: yes
fpu_exception	: yes
cpuid level	: 11
wp		: yes
flags		: fpu vme de pse tsc msr pae mce cx8 apic sep mtrr pge mca cmov pat pse36 clflush dts acpi mmx fxsr sse sse2 ss ht tm pbe syscall nx rdtscp lm constant_tsc arch_perfmon pebs bts rep_good nopl xtopology nonstop_tsc aperfmperf pni dtes64 monitor ds_cpl vmx est tm2 ssse3 cx16 xtpr pdcm sse4_1 sse4_2 popcnt lahf_lm ida dtherm tpr_shadow vnmi flexpriority ept vpid
bugs		:
bogomips	: 5344.97
clflush size	: 64
cache_alignment	: 64
address sizes	: 36 bits physical, 48 bits virtual
power management:

processor	: 5
vendor_id	: GenuineIntel
cpu family	: 6
model		: 26
model name	: Intel(R) Core(TM) i7 CPU         920  @ 2.67GHz
stepping	: 5
microcode	: 0xf
cpu MHz		: 1733.000
cache size	: 8192 KB
physical id	: 0
siblings	: 8
core id		: 1
cpu cores	: 4
apicid		: 3
initial apicid	: 3
fpu		: yes
fpu_exception	: yes
cpuid level	: 11
wp		: yes
flags		: fpu vme de pse tsc msr pae mce cx8 apic sep mtrr pge mca cmov pat pse36 clflush dts acpi mmx fxsr sse sse2 ss ht tm pbe syscall nx rdtscp lm constant_tsc arch_perfmon pebs bts rep_good nopl xtopology nonstop_tsc aperfmperf pni dtes64 monitor ds_cpl vmx est tm2 ssse3 cx16 xtpr pdcm sse4_1 sse4_2 popcnt lahf_lm ida dtherm tpr_shadow vnmi flexpriority ept vpid
bugs		:
bogomips	: 5344.97
clflush size	: 64
cache_alignment	: 64
address sizes	: 36 bits physical, 48 bits virtual
power management:

processor	: 6
vendor_id	: GenuineIntel
cpu family	: 6
model		: 26
model name	: Intel(R) Core(TM) i7 CPU         920  @ 2.67GHz
stepping	: 5
microcode	: 0xf
cpu MHz		: 1733.000
cache size	: 8192 KB
physical id	: 0
siblings	: 8
core id		: 2
cpu cores	: 4
apicid		: 5
initial apicid	: 5
fpu		: yes
fpu_exception	: yes
cpuid level	: 11
wp		: yes
flags		: fpu vme de pse tsc msr pae mce cx8 apic sep mtrr pge mca cmov pat pse36 clflush dts acpi mmx fxsr sse sse2 ss ht tm pbe syscall nx rdtscp lm constant_tsc arch_perfmon pebs bts rep_good nopl xtopology nonstop_tsc aperfmperf pni dtes64 monitor ds_cpl vmx est tm2 ssse3 cx16 xtpr pdcm sse4_1 sse4_2 popcnt lahf_lm ida dtherm tpr_shadow vnmi flexpriority ept vpid
bugs		:
bogomips	: 5344.97
clflush size	: 64
cache_alignment	: 64
address sizes	: 36 bits physical, 48 bits virtual
power management:

processor	: 7
vendor_id	: GenuineIntel
cpu family	: 6
model		: 26
model name	: Intel(R) Core(TM) i7 CPU         920  @ 2.67GHz
stepping	: 5
microcode	: 0xf
cpu MHz		: 1733.000
cache size	: 8192 KB
physical id	: 0
siblings	: 8
core id		: 3
cpu cores	: 4
apicid		: 7
initial apicid	: 7
fpu		: yes
fpu_exception	: yes
cpuid level	: 11
wp		: yes
flags		: fpu vme de pse tsc msr pae mce cx8 apic sep mtrr pge mca cmov pat pse36 clflush dts acpi mmx fxsr sse sse2 ss ht tm pbe syscall nx rdtscp lm constant_tsc arch_perfmon pebs bts rep_good nopl xtopology nonstop_tsc aperfmperf pni dtes64 monitor ds_cpl vmx est tm2 ssse3 cx16 xtpr pdcm sse4_1 sse4_2 popcnt lahf_lm ida dtherm tpr_shadow vnmi flexpriority ept vpid
bugs		:
bogomips	: 5344.97
clflush size	: 64
cache_alignment	: 64
address sizes	: 36 bits physical, 48 bits virtual
power management:



Memory: 4k page, physical 6101264k(158556k free), swap 0k(0k free)

vm_info: Java HotSpot(TM) 64-Bit Server VM (25.92-b14) for linux-amd64 JRE (1.8.0_92-b14), built on Mar 31 2016 21:08:29 by "java_re" with gcc 4.3.0 20080428 (Red Hat 4.3.0-8)

time: Fri Oct  7 09:41:45 2016
elapsed time: 15 seconds (0d 0h 0m 15s)

