#
# A fatal error has been detected by the Java Runtime Environment:
#
#  SIGSEGV (0xb) at pc=0x00007fa438247987, pid=20017, tid=0x00007fa468ff1700
#
# JRE version: Java(TM) SE Runtime Environment (8.0_92-b14) (build 1.8.0_92-b14)
# Java VM: Java HotSpot(TM) 64-Bit Server VM (25.92-b14 mixed mode linux-amd64 compressed oops)
# Problematic frame:
# C  [nouveau_dri.so+0x29e987]
#
# Failed to write core dump. Core dumps have been disabled. To enable core dumping, try "ulimit -c unlimited" before starting Java again
#
# If you would like to submit a bug report, please visit:
#   http://bugreport.java.com/bugreport/crash.jsp
# The crash happened outside the Java Virtual Machine in native code.
# See problematic frame for where to report the bug.
#

---------------  T H R E A D  ---------------

Current thread (0x00007fa458008800):  JavaThread "AWT-EventQueue-1" [_thread_in_native, id=20048, stack(0x00007fa468ef1000,0x00007fa468ff2000)]

siginfo: si_signo: 11 (SIGSEGV), si_code: 1 (SEGV_MAPERR), si_addr: 0x000000000000c030

Registers:
RAX=0x0000000000000000, RBX=0x00007fa4440b9d40, RCX=0x0000000000000000, RDX=0x0000000000000001
RSP=0x00007fa468fef5e0, RBP=0x000000000000c000, RSI=0x00007fa4440ba5f0, RDI=0x0000000100000000
R8 =0x0000000000000000, R9 =0x00007fa43b7a7c60, R10=0x00007fa4b10157e8, R11=0x00007fa4c861ecf0
R12=0x0000000000000001, R13=0x00007fa448139c80, R14=0x0000000000000000, R15=0x0000000000000001
RIP=0x00007fa438247987, EFLAGS=0x0000000000010206, CSGSFS=0x0000000000000033, ERR=0x0000000000000004
  TRAPNO=0x000000000000000e

Top of Stack: (sp=0x00007fa468fef5e0)
0x00007fa468fef5e0:   0000000000000000 00007fa4c50d2600
0x00007fa468fef5f0:   0000000000000000 497bb0da12f38300
0x00007fa468fef600:   00007fa468fef660 00007fa4440b9c10
0x00007fa468fef610:   0000000000000000 00007fa44813a0c0
0x00007fa468fef620:   00007fa448139c80 00007fa44813a270
0x00007fa468fef630:   0000000000000000 00007fa43b7a7d02
0x00007fa468fef640:   00007fa468fef670 00007fa400000000
0x00007fa468fef650:   0000000000000000 0000000000000000
0x00007fa468fef660:   000000000440004d 00007fa43b779bf1
0x00007fa468fef670:   00007fa4440b9c10 497bb0da12f38300
0x00007fa468fef680:   000000000440004d 00007fa43ba895b0
0x00007fa468fef690:   00007fa468fef700 0000000000000000
0x00007fa468fef6a0:   00007fa43ba895b0 00007fa468fef7d0
0x00007fa468fef6b0:   00007fa458008800 00007fa439eb4849
0x00007fa468fef6c0:   00007fa468fef6d8 00007fa43b779c20
0x00007fa468fef6d0:   000000000440004d 00007fa44813d3a0
0x00007fa468fef6e0:   00007fa468fef798 00007fa4580089f8
0x00007fa468fef6f0:   00007fa43bb3edd4 00007fa43b779c20
0x00007fa468fef700:   00007fa468fef788 00007fa4b1015814
0x00007fa468fef710:   00007fa43bb3ee10 0000000000000000
0x00007fa468fef720:   00007fa468fef750 00007fa468fef878
0x00007fa468fef730:   00007fa4b16c0644 0000000000000000
0x00007fa468fef740:   0000000000000003 00007fa468fef748
0x00007fa468fef750:   0000000000000000 00007fa468fef7d0
0x00007fa468fef760:   00007fa43ba8ac50 0000000000000000
0x00007fa468fef770:   00007fa43ba895b0 0000000000000000
0x00007fa468fef780:   00007fa468fef7a8 00007fa468fef818
0x00007fa468fef790:   00007fa4b10082bd 00000000a30f37b8
0x00007fa468fef7a0:   00007fa4b1011538 00007fa43b779c20
0x00007fa468fef7b0:   00007fa400000001 000000000440004d
0x00007fa468fef7c0:   00000000e27d25a0 00007fa44813d3a0
0x00007fa468fef7d0:   00000000a30f5be0 00007fa468fef7d8 

Instructions: (pc=0x00007fa438247987)
0x00007fa438247967:   00 41 f6 c4 01 c6 44 24 0f 00 0f 84 c9 00 00 00
0x00007fa438247977:   48 8b b3 30 01 00 00 48 85 f6 0f 84 b9 00 00 00
0x00007fa438247987:   48 8b 55 30 45 85 f6 4c 8b 6a 18 0f 85 40 02 00
0x00007fa438247997:   00 83 7b 38 01 0f 8e 36 02 00 00 48 8b 93 68 01 

Register to memory mapping:

RAX=0x0000000000000000 is an unknown value
RBX=0x00007fa4440b9d40 is an unknown value
RCX=0x0000000000000000 is an unknown value
RDX=0x0000000000000001 is an unknown value
RSP=0x00007fa468fef5e0 is pointing into the stack for thread: 0x00007fa458008800
RBP=0x000000000000c000 is an unknown value
RSI=0x00007fa4440ba5f0 is an unknown value
RDI=0x0000000100000000 is pointing into metadata
R8 =0x0000000000000000 is an unknown value
R9 =0x00007fa43b7a7c60: <offset 0x4ac60> in /usr/lib/x86_64-linux-gnu/mesa/libGL.so.1 at 0x00007fa43b75d000
R10=0x00007fa4b10157e8 is at code_begin+808 in an Interpreter codelet
method entry point (kind = native)  [0x00007fa4b10154c0, 0x00007fa4b1015dc0]  2304 bytes
R11=0x00007fa4c861ecf0: <offset 0x9bccf0> in /home/ema/Scaricati/jdk1.8.0_92/jre/lib/amd64/server/libjvm.so at 0x00007fa4c7c62000
R12=0x0000000000000001 is an unknown value
R13=0x00007fa448139c80 is an unknown value
R14=0x0000000000000000 is an unknown value
R15=0x0000000000000001 is an unknown value


Stack: [0x00007fa468ef1000,0x00007fa468ff2000],  sp=0x00007fa468fef5e0,  free space=1017k
Native frames: (J=compiled Java code, j=interpreted, Vv=VM code, C=native code)
C  [nouveau_dri.so+0x29e987]

Java frames: (J=compiled Java code, j=interpreted, Vv=VM code)
j  jogamp.opengl.x11.glx.GLX.dispatch_glXSwapBuffers0(JJJ)V+0
j  jogamp.opengl.x11.glx.GLX.glXSwapBuffers(JJ)V+41
j  jogamp.opengl.x11.glx.X11GLXDrawable.swapBuffersImpl(Z)V+17
j  jogamp.opengl.GLDrawableImpl.swapBuffers()V+67
j  javax.media.opengl.awt.GLCanvas$12.run()V+45
j  java.awt.event.InvocationEvent.dispatch()V+11
j  java.awt.EventQueue.dispatchEventImpl(Ljava/awt/AWTEvent;Ljava/lang/Object;)V+21
j  java.awt.EventQueue.access$500(Ljava/awt/EventQueue;Ljava/awt/AWTEvent;Ljava/lang/Object;)V+3
j  java.awt.EventQueue$3.run()Ljava/lang/Void;+32
j  java.awt.EventQueue$3.run()Ljava/lang/Object;+1
v  ~StubRoutines::call_stub
J 468  java.security.AccessController.doPrivileged(Ljava/security/PrivilegedAction;Ljava/security/AccessControlContext;)Ljava/lang/Object; (0 bytes) @ 0x00007fa4b1212423 [0x00007fa4b12123c0+0x63]
J 1874 C1 java.awt.EventQueue.dispatchEvent(Ljava/awt/AWTEvent;)V (80 bytes) @ 0x00007fa4b16a0c04 [0x00007fa4b16a0280+0x984]
J 1876 C1 java.awt.EventDispatchThread.pumpOneEventForFilters(I)V (295 bytes) @ 0x00007fa4b16a5b14 [0x00007fa4b16a3fc0+0x1b54]
j  java.awt.EventDispatchThread.pumpEventsForFilter(ILjava/awt/Conditional;Ljava/awt/EventFilter;)V+35
j  java.awt.EventDispatchThread.pumpEventsForHierarchy(ILjava/awt/Conditional;Ljava/awt/Component;)V+11
j  java.awt.EventDispatchThread.pumpEvents(ILjava/awt/Conditional;)V+4
j  java.awt.EventDispatchThread.pumpEvents(Ljava/awt/Conditional;)V+3
j  java.awt.EventDispatchThread.run()V+9
v  ~StubRoutines::call_stub

---------------  P R O C E S S  ---------------

Java Threads: ( => current thread )
  0x00007fa444474800 JavaThread "Thread-19" [_thread_blocked, id=20077, stack(0x00007fa433436000,0x00007fa433537000)]
  0x00007fa448124800 JavaThread "Animation Thread-SharedResourceRunner" daemon [_thread_blocked, id=20058, stack(0x00007fa4688ef000,0x00007fa4689f0000)]
  0x00007fa44808e800 JavaThread "process reaper" daemon [_thread_blocked, id=20053, stack(0x00007fa4b0011000,0x00007fa4b004a000)]
  0x00007fa45800e800 JavaThread "Animation Thread" [_thread_blocked, id=20049, stack(0x00007fa468bf0000,0x00007fa468cf1000)]
=>0x00007fa458008800 JavaThread "AWT-EventQueue-1" [_thread_in_native, id=20048, stack(0x00007fa468ef1000,0x00007fa468ff2000)]
  0x00007fa4c000a000 JavaThread "DestroyJavaVM" [_thread_blocked, id=20018, stack(0x00007fa4c9742000,0x00007fa4c9843000)]
  0x00007fa4c02bd800 JavaThread "AWT-EventQueue-0" [_thread_blocked, id=20046, stack(0x00007fa46999b000,0x00007fa469a9c000)]
  0x00007fa4c02b9000 JavaThread "AWT-Shutdown" [_thread_blocked, id=20045, stack(0x00007fa469a9c000,0x00007fa469b9d000)]
  0x00007fa4c02a5800 JavaThread "thread applet-module3.EarthquakeCityMap.class" [_thread_blocked, id=20044, stack(0x00007fa469b9d000,0x00007fa469c9e000)]
  0x00007fa4c0298800 JavaThread "AWT-XAWT" daemon [_thread_in_native, id=20042, stack(0x00007fa469c9e000,0x00007fa469d9f000)]
  0x00007fa4c0273000 JavaThread "Java2D Disposer" daemon [_thread_blocked, id=20041, stack(0x00007fa46a1af000,0x00007fa46a2b0000)]
  0x00007fa4c00cb800 JavaThread "Service Thread" daemon [_thread_blocked, id=20039, stack(0x00007fa46beff000,0x00007fa46c000000)]
  0x00007fa4c00c8800 JavaThread "C1 CompilerThread3" daemon [_thread_blocked, id=20038, stack(0x00007fa490083000,0x00007fa490184000)]
  0x00007fa4c00c6800 JavaThread "C2 CompilerThread2" daemon [_thread_blocked, id=20037, stack(0x00007fa490184000,0x00007fa490285000)]
  0x00007fa4c00c5000 JavaThread "C2 CompilerThread1" daemon [_thread_blocked, id=20036, stack(0x00007fa490285000,0x00007fa490386000)]
  0x00007fa4c00c2000 JavaThread "C2 CompilerThread0" daemon [_thread_blocked, id=20035, stack(0x00007fa490386000,0x00007fa490487000)]
  0x00007fa4c00c0800 JavaThread "Signal Dispatcher" daemon [_thread_blocked, id=20034, stack(0x00007fa490487000,0x00007fa490588000)]
  0x00007fa4c008d000 JavaThread "Finalizer" daemon [_thread_blocked, id=20033, stack(0x00007fa490c6b000,0x00007fa490d6c000)]
  0x00007fa4c0088000 JavaThread "Reference Handler" daemon [_thread_blocked, id=20032, stack(0x00007fa490d6c000,0x00007fa490e6d000)]

Other Threads:
  0x00007fa4c0080800 VMThread [stack: 0x00007fa490e6d000,0x00007fa490f6e000] [id=20031]
  0x00007fa4c00ce800 WatcherThread [stack: 0x00007fa46bdfe000,0x00007fa46beff000] [id=20040]

VM state:not at safepoint (normal execution)

VM Mutex/Monitor currently owned by a thread: None

Heap:
 PSYoungGen      total 28160K, used 10964K [0x00000000e0f80000, 0x00000000e4380000, 0x0000000100000000)
  eden space 24576K, 30% used [0x00000000e0f80000,0x00000000e16b7ee8,0x00000000e2780000)
  from space 3584K, 99% used [0x00000000e2780000,0x00000000e2afd320,0x00000000e2b00000)
  to   space 3584K, 0% used [0x00000000e4000000,0x00000000e4000000,0x00000000e4380000)
 ParOldGen       total 64512K, used 14333K [0x00000000a2e00000, 0x00000000a6d00000, 0x00000000e0f80000)
  object space 64512K, 22% used [0x00000000a2e00000,0x00000000a3bff758,0x00000000a6d00000)
 Metaspace       used 20435K, capacity 20689K, committed 20992K, reserved 1069056K
  class space    used 1948K, capacity 2024K, committed 2048K, reserved 1048576K

Card table byte_map: [0x00007fa4c6216000,0x00007fa4c6500000] byte_map_base: 0x00007fa4c5cff000

Marking Bits: (ParMarkBitMap*) 0x00007fa4c8c1b4c0
 Begin Bits: [0x00007fa491170000, 0x00007fa4928b8000)
 End Bits:   [0x00007fa4928b8000, 0x00007fa494000000)

Polling page: 0x00007fa4c986a000

CodeCache: size=245760Kb used=6959Kb max_used=6959Kb free=238800Kb
 bounds [0x00007fa4b1000000, 0x00007fa4b16e0000, 0x00007fa4c0000000]
 total_blobs=2906 nmethods=1948 adapters=873
 compilation: enabled

Compilation events (10 events):
Event: 4,563 Thread 0x00007fa4c00c8800 nmethod 1944 0x00007fa4b16ce8d0 code [0x00007fa4b16cea60, 0x00007fa4b16cee58]
Event: 4,563 Thread 0x00007fa4c00c8800 1940       3       processing.opengl.PGraphicsOpenGL::disableLighting (17 bytes)
Event: 4,563 Thread 0x00007fa4c00c8800 nmethod 1940 0x00007fa4b16cefd0 code [0x00007fa4b16cf140, 0x00007fa4b16cf3a8]
Event: 4,563 Thread 0x00007fa4c00c8800 1941       3       processing.opengl.PGraphicsOpenGL::lightFalloff (16 bytes)
Event: 4,564 Thread 0x00007fa4c00c8800 nmethod 1941 0x00007fa4b16cf450 code [0x00007fa4b16cf5a0, 0x00007fa4b16cf710]
Event: 4,564 Thread 0x00007fa4c00c8800 1937       1       de.fhpotsdam.unfolding.mapdisplay.OpenGLMapDisplay::getInnerPG (5 bytes)
Event: 4,564 Thread 0x00007fa4c00c8800 nmethod 1937 0x00007fa4b16c7850 code [0x00007fa4b16c79a0, 0x00007fa4b16c7ab0]
Event: 4,576 Thread 0x00007fa4c00c8800 1945       3       processing.opengl.PGraphicsOpenGL::swapOffscreenTextures (49 bytes)
Event: 4,576 Thread 0x00007fa4c00c8800 nmethod 1945 0x00007fa4b16cf790 code [0x00007fa4b16cf920, 0x00007fa4b16cfd68]
Event: 4,627 Thread 0x00007fa4c00c8800 1946  s    3       java.awt.KeyboardFocusManager::getCurrentKeyboardFocusManager (32 bytes)

GC Heap History (6 events):
Event: 0,641 GC heap before
{Heap before GC invocations=1 (full 0):
 PSYoungGen      total 28160K, used 24386K [0x00000000e0f80000, 0x00000000e2e80000, 0x0000000100000000)
  eden space 24576K, 99% used [0x00000000e0f80000,0x00000000e2750a18,0x00000000e2780000)
  from space 3584K, 0% used [0x00000000e2b00000,0x00000000e2b00000,0x00000000e2e80000)
  to   space 3584K, 0% used [0x00000000e2780000,0x00000000e2780000,0x00000000e2b00000)
 ParOldGen       total 64512K, used 0K [0x00000000a2e00000, 0x00000000a6d00000, 0x00000000e0f80000)
  object space 64512K, 0% used [0x00000000a2e00000,0x00000000a2e00000,0x00000000a6d00000)
 Metaspace       used 13455K, capacity 13728K, committed 13952K, reserved 1060864K
  class space    used 1464K, capacity 1545K, committed 1664K, reserved 1048576K
Event: 0,648 GC heap after
Heap after GC invocations=1 (full 0):
 PSYoungGen      total 28160K, used 3576K [0x00000000e0f80000, 0x00000000e4680000, 0x0000000100000000)
  eden space 24576K, 0% used [0x00000000e0f80000,0x00000000e0f80000,0x00000000e2780000)
  from space 3584K, 99% used [0x00000000e2780000,0x00000000e2afe198,0x00000000e2b00000)
  to   space 3584K, 0% used [0x00000000e4300000,0x00000000e4300000,0x00000000e4680000)
 ParOldGen       total 64512K, used 604K [0x00000000a2e00000, 0x00000000a6d00000, 0x00000000e0f80000)
  object space 64512K, 0% used [0x00000000a2e00000,0x00000000a2e97190,0x00000000a6d00000)
 Metaspace       used 13455K, capacity 13728K, committed 13952K, reserved 1060864K
  class space    used 1464K, capacity 1545K, committed 1664K, reserved 1048576K
}
Event: 1,742 GC heap before
{Heap before GC invocations=2 (full 0):
 PSYoungGen      total 28160K, used 27959K [0x00000000e0f80000, 0x00000000e4680000, 0x0000000100000000)
  eden space 24576K, 99% used [0x00000000e0f80000,0x00000000e274faf0,0x00000000e2780000)
  from space 3584K, 99% used [0x00000000e2780000,0x00000000e2afe198,0x00000000e2b00000)
  to   space 3584K, 0% used [0x00000000e4300000,0x00000000e4300000,0x00000000e4680000)
 ParOldGen       total 64512K, used 604K [0x00000000a2e00000, 0x00000000a6d00000, 0x00000000e0f80000)
  object space 64512K, 0% used [0x00000000a2e00000,0x00000000a2e97190,0x00000000a6d00000)
 Metaspace       used 19778K, capacity 19993K, committed 20224K, reserved 1067008K
  class space    used 1933K, capacity 1988K, committed 2048K, reserved 1048576K
Event: 1,752 GC heap after
Heap after GC invocations=2 (full 0):
 PSYoungGen      total 28160K, used 3570K [0x00000000e0f80000, 0x00000000e4680000, 0x0000000100000000)
  eden space 24576K, 0% used [0x00000000e0f80000,0x00000000e0f80000,0x00000000e2780000)
  from space 3584K, 99% used [0x00000000e4300000,0x00000000e467cab0,0x00000000e4680000)
  to   space 3584K, 0% used [0x00000000e2780000,0x00000000e2780000,0x00000000e2b00000)
 ParOldGen       total 64512K, used 7750K [0x00000000a2e00000, 0x00000000a6d00000, 0x00000000e0f80000)
  object space 64512K, 12% used [0x00000000a2e00000,0x00000000a3591a20,0x00000000a6d00000)
 Metaspace       used 19778K, capacity 19993K, committed 20224K, reserved 1067008K
  class space    used 1933K, capacity 1988K, committed 2048K, reserved 1048576K
}
Event: 3,125 GC heap before
{Heap before GC invocations=3 (full 0):
 PSYoungGen      total 28160K, used 28146K [0x00000000e0f80000, 0x00000000e4680000, 0x0000000100000000)
  eden space 24576K, 100% used [0x00000000e0f80000,0x00000000e2780000,0x00000000e2780000)
  from space 3584K, 99% used [0x00000000e4300000,0x00000000e467cab0,0x00000000e4680000)
  to   space 3584K, 0% used [0x00000000e2780000,0x00000000e2780000,0x00000000e2b00000)
 ParOldGen       total 64512K, used 7750K [0x00000000a2e00000, 0x00000000a6d00000, 0x00000000e0f80000)
  object space 64512K, 12% used [0x00000000a2e00000,0x00000000a3591a20,0x00000000a6d00000)
 Metaspace       used 20246K, capacity 20529K, committed 20992K, reserved 1069056K
  class space    used 1943K, capacity 1992K, committed 2048K, reserved 1048576K
Event: 3,137 GC heap after
Heap after GC invocations=3 (full 0):
 PSYoungGen      total 28160K, used 3572K [0x00000000e0f80000, 0x00000000e4380000, 0x0000000100000000)
  eden space 24576K, 0% used [0x00000000e0f80000,0x00000000e0f80000,0x00000000e2780000)
  from space 3584K, 99% used [0x00000000e2780000,0x00000000e2afd320,0x00000000e2b00000)
  to   space 3584K, 0% used [0x00000000e4000000,0x00000000e4000000,0x00000000e4380000)
 ParOldGen       total 64512K, used 14333K [0x00000000a2e00000, 0x00000000a6d00000, 0x00000000e0f80000)
  object space 64512K, 22% used [0x00000000a2e00000,0x00000000a3bff758,0x00000000a6d00000)
 Metaspace       used 20246K, capacity 20529K, committed 20992K, reserved 1069056K
  class space    used 1943K, capacity 1992K, committed 2048K, reserved 1048576K
}

Deoptimization events (10 events):
Event: 1,407 Thread 0x00007fa458008800 Uncommon trap: reason=unstable_if action=reinterpret pc=0x00007fa4b11c8554 method=java.lang.AbstractStringBuilder.append(Ljava/lang/String;)Ljava/lang/AbstractStringBuilder; @ 1
Event: 1,434 Thread 0x00007fa458008800 Uncommon trap: reason=class_check action=maybe_recompile pc=0x00007fa4b11b72f0 method=java.util.Properties$LineReader.readLine()I @ 62
Event: 1,434 Thread 0x00007fa458008800 Uncommon trap: reason=unstable_if action=reinterpret pc=0x00007fa4b11b7014 method=java.util.Properties$LineReader.readLine()I @ 206
Event: 1,536 Thread 0x00007fa458008800 Uncommon trap: reason=unstable_if action=reinterpret pc=0x00007fa4b13c2044 method=com.sun.org.apache.xerces.internal.impl.XMLEntityScanner.skipSpaces()Z @ 14
Event: 1,563 Thread 0x00007fa458008800 Uncommon trap: reason=unstable_if action=reinterpret pc=0x00007fa4b13faae0 method=com.sun.org.apache.xerces.internal.impl.XMLEntityScanner.scanContent(Lcom/sun/org/apache/xerces/internal/xni/XMLString;)I @ 481
Event: 1,563 Thread 0x00007fa458008800 Uncommon trap: reason=unstable_if action=reinterpret pc=0x00007fa4b13f9fdc method=com.sun.org.apache.xerces.internal.impl.XMLEntityScanner.skipChar(I)Z @ 14
Event: 1,864 Thread 0x00007fa458008800 Uncommon trap: reason=class_check action=maybe_recompile pc=0x00007fa4b1456f98 method=com.jogamp.common.nio.Buffers.getDirectBufferByteOffset(Ljava/lang/Object;)I @ 42
Event: 1,890 Thread 0x00007fa458008800 Uncommon trap: reason=class_check action=maybe_recompile pc=0x00007fa4b1456f98 method=com.jogamp.common.nio.Buffers.getDirectBufferByteOffset(Ljava/lang/Object;)I @ 42
Event: 1,901 Thread 0x00007fa458008800 Uncommon trap: reason=class_check action=maybe_recompile pc=0x00007fa4b1456f98 method=com.jogamp.common.nio.Buffers.getDirectBufferByteOffset(Ljava/lang/Object;)I @ 42
Event: 1,920 Thread 0x00007fa458008800 Uncommon trap: reason=class_check action=maybe_recompile pc=0x00007fa4b1456f98 method=com.jogamp.common.nio.Buffers.getDirectBufferByteOffset(Ljava/lang/Object;)I @ 42

Internal exceptions (10 events):
Event: 2,587 Thread 0x00007fa444474800 Exception <a 'java/security/PrivilegedActionException'> (0x00000000e1d32428) thrown at [/HUDSON/workspace/8-2-build-linux-amd64/jdk8u92/6642/hotspot/src/share/vm/prims/jvm.cpp, line 1386]
Event: 2,637 Thread 0x00007fa444470800 Exception <a 'java/security/PrivilegedActionException'> (0x00000000e1d192d8) thrown at [/HUDSON/workspace/8-2-build-linux-amd64/jdk8u92/6642/hotspot/src/share/vm/prims/jvm.cpp, line 1386]
Event: 2,800 Thread 0x00007fa444471800 Exception <a 'java/security/PrivilegedActionException'> (0x00000000e210b978) thrown at [/HUDSON/workspace/8-2-build-linux-amd64/jdk8u92/6642/hotspot/src/share/vm/prims/jvm.cpp, line 1386]
Event: 2,837 Thread 0x00007fa444473000 Exception <a 'java/security/PrivilegedActionException'> (0x00000000e1eb28c0) thrown at [/HUDSON/workspace/8-2-build-linux-amd64/jdk8u92/6642/hotspot/src/share/vm/prims/jvm.cpp, line 1386]
Event: 2,974 Thread 0x00007fa444470800 Exception <a 'java/security/PrivilegedActionException'> (0x00000000e2274d90) thrown at [/HUDSON/workspace/8-2-build-linux-amd64/jdk8u92/6642/hotspot/src/share/vm/prims/jvm.cpp, line 1386]
Event: 3,032 Thread 0x00007fa444474800 Exception <a 'java/security/PrivilegedActionException'> (0x00000000e21a4330) thrown at [/HUDSON/workspace/8-2-build-linux-amd64/jdk8u92/6642/hotspot/src/share/vm/prims/jvm.cpp, line 1386]
Event: 3,138 Thread 0x00007fa444471800 Exception <a 'java/security/PrivilegedActionException'> (0x00000000e0f81128) thrown at [/HUDSON/workspace/8-2-build-linux-amd64/jdk8u92/6642/hotspot/src/share/vm/prims/jvm.cpp, line 1386]
Event: 3,210 Thread 0x00007fa444473000 Exception <a 'java/security/PrivilegedActionException'> (0x00000000e10ae6d0) thrown at [/HUDSON/workspace/8-2-build-linux-amd64/jdk8u92/6642/hotspot/src/share/vm/prims/jvm.cpp, line 1386]
Event: 3,353 Thread 0x00007fa444470800 Exception <a 'java/security/PrivilegedActionException'> (0x00000000e116ec10) thrown at [/HUDSON/workspace/8-2-build-linux-amd64/jdk8u92/6642/hotspot/src/share/vm/prims/jvm.cpp, line 1386]
Event: 3,367 Thread 0x00007fa444474800 Exception <a 'java/security/PrivilegedActionException'> (0x00000000e117b0d0) thrown at [/HUDSON/workspace/8-2-build-linux-amd64/jdk8u92/6642/hotspot/src/share/vm/prims/jvm.cpp, line 1386]

Events (10 events):
Event: 4,473 Executing VM operation: BulkRevokeBias done
Event: 4,588 loading class sun/applet/AppletViewer$3
Event: 4,588 loading class sun/applet/AppletViewer$3 done
Event: 4,589 Thread 0x00007fa444474800 Thread added: 0x00007fa444474800
Event: 4,589 loading class sun/applet/AppletPanel$4
Event: 4,589 loading class sun/applet/AppletPanel$4 done
Event: 4,606 loading class java/awt/KeyboardFocusManager$2
Event: 4,606 loading class java/awt/KeyboardFocusManager$2 done
Event: 4,606 loading class sun/awt/SunToolkit$1
Event: 4,606 loading class sun/awt/SunToolkit$1 done


Dynamic libraries:
00400000-00401000 r-xp 00000000 08:01 3450446                            /home/ema/Scaricati/jdk1.8.0_92/jre/bin/java
00600000-00601000 rw-p 00000000 08:01 3450446                            /home/ema/Scaricati/jdk1.8.0_92/jre/bin/java
01e7a000-01e9b000 rw-p 00000000 00:00 0                                  [heap]
a2e00000-a6d00000 rw-p 00000000 00:00 0 
a6d00000-e0f80000 ---p 00000000 00:00 0 
e0f80000-e4380000 rw-p 00000000 00:00 0 
e4380000-100000000 ---p 00000000 00:00 0 
100000000-100200000 rw-p 00000000 00:00 0 
100200000-140000000 ---p 00000000 00:00 0 
7fa41c000000-7fa41c021000 rw-p 00000000 00:00 0 
7fa41c021000-7fa420000000 ---p 00000000 00:00 0 
7fa424000000-7fa424021000 rw-p 00000000 00:00 0 
7fa424021000-7fa428000000 ---p 00000000 00:00 0 
7fa428000000-7fa428021000 rw-p 00000000 00:00 0 
7fa428021000-7fa42c000000 ---p 00000000 00:00 0 
7fa42c000000-7fa42c021000 rw-p 00000000 00:00 0 
7fa42c021000-7fa430000000 ---p 00000000 00:00 0 
7fa432bb5000-7fa432c35000 rw-p 00000000 00:00 0 
7fa432c35000-7fa432db5000 ---p 00000000 00:00 0 
7fa432db5000-7fa432fb5000 rw-s 19ec73000 00:06 9579                      /dev/dri/card0
7fa433008000-7fa433088000 rw-s 1972fd000 00:06 9579                      /dev/dri/card0
7fa433088000-7fa433108000 rw-s 19727d000 00:06 9579                      /dev/dri/card0
7fa433108000-7fa43310b000 ---p 00000000 00:00 0 
7fa43310b000-7fa433209000 rw-p 00000000 00:00 0 
7fa433209000-7fa43320c000 ---p 00000000 00:00 0 
7fa43320c000-7fa43330a000 rw-p 00000000 00:00 0 
7fa433335000-7fa433338000 ---p 00000000 00:00 0 
7fa433338000-7fa433436000 rw-p 00000000 00:00 0 
7fa433436000-7fa433439000 ---p 00000000 00:00 0 
7fa433439000-7fa433537000 rw-p 00000000 00:00 0 
7fa433595000-7fa433615000 rw-s 197942000 00:06 9579                      /dev/dri/card0
7fa433615000-7fa433842000 rw-p 00000000 00:00 0 
7fa433842000-7fa434242000 rwxp 00000000 00:00 0 
7fa434242000-7fa43446f000 rw-p 00000000 00:00 0 
7fa43446f000-7fa434486000 r-xp 00000000 08:01 27267350                   /lib/x86_64-linux-gnu/libresolv-2.21.so
7fa434486000-7fa434686000 ---p 00017000 08:01 27267350                   /lib/x86_64-linux-gnu/libresolv-2.21.so
7fa434686000-7fa434688000 r--p 00017000 08:01 27267350                   /lib/x86_64-linux-gnu/libresolv-2.21.so
7fa434688000-7fa434689000 rw-p 00019000 08:01 27267350                   /lib/x86_64-linux-gnu/libresolv-2.21.so
7fa434689000-7fa43468b000 rw-p 00000000 00:00 0 
7fa43468b000-7fa434690000 r-xp 00000000 08:01 27267295                   /lib/x86_64-linux-gnu/libnss_dns-2.21.so
7fa434690000-7fa43488f000 ---p 00005000 08:01 27267295                   /lib/x86_64-linux-gnu/libnss_dns-2.21.so
7fa43488f000-7fa434890000 r--p 00004000 08:01 27267295                   /lib/x86_64-linux-gnu/libnss_dns-2.21.so
7fa434890000-7fa434891000 rw-p 00005000 08:01 27267295                   /lib/x86_64-linux-gnu/libnss_dns-2.21.so
7fa434891000-7fa434893000 r-xp 00000000 08:01 27267303                   /lib/x86_64-linux-gnu/libnss_mdns4_minimal.so.2
7fa434893000-7fa434a92000 ---p 00002000 08:01 27267303                   /lib/x86_64-linux-gnu/libnss_mdns4_minimal.so.2
7fa434a92000-7fa434a93000 r--p 00001000 08:01 27267303                   /lib/x86_64-linux-gnu/libnss_mdns4_minimal.so.2
7fa434a93000-7fa434a94000 rw-p 00002000 08:01 27267303                   /lib/x86_64-linux-gnu/libnss_mdns4_minimal.so.2
7fa434ad4000-7fa434cd4000 rw-p 00000000 00:00 0 
7fa434cd8000-7fa434d58000 rw-s 19ac35000 00:06 9579                      /dev/dri/card0
7fa434d58000-7fa434dd8000 rw-s 1971fd000 00:06 9579                      /dev/dri/card0
7fa434dd8000-7fa434e0f000 r-xp 00000000 08:01 15344535                   /usr/lib/x86_64-linux-gnu/libtxc_dxtn_s2tc.so.0.0.0
7fa434e0f000-7fa43500e000 ---p 00037000 08:01 15344535                   /usr/lib/x86_64-linux-gnu/libtxc_dxtn_s2tc.so.0.0.0
7fa43500e000-7fa43500f000 r--p 00036000 08:01 15344535                   /usr/lib/x86_64-linux-gnu/libtxc_dxtn_s2tc.so.0.0.0
7fa43500f000-7fa435010000 rw-p 00037000 08:01 15344535                   /usr/lib/x86_64-linux-gnu/libtxc_dxtn_s2tc.so.0.0.0
7fa435010000-7fa435035000 r-xp 00000000 08:01 27267368                   /lib/x86_64-linux-gnu/libtinfo.so.5.9
7fa435035000-7fa435234000 ---p 00025000 08:01 27267368                   /lib/x86_64-linux-gnu/libtinfo.so.5.9
7fa435234000-7fa435238000 r--p 00024000 08:01 27267368                   /lib/x86_64-linux-gnu/libtinfo.so.5.9
7fa435238000-7fa435239000 rw-p 00028000 08:01 27267368                   /lib/x86_64-linux-gnu/libtinfo.so.5.9
7fa435239000-7fa43526c000 r-xp 00000000 08:01 15343777                   /usr/lib/x86_64-linux-gnu/libedit.so.2.0.51
7fa43526c000-7fa43546c000 ---p 00033000 08:01 15343777                   /usr/lib/x86_64-linux-gnu/libedit.so.2.0.51
7fa43546c000-7fa43546e000 r--p 00033000 08:01 15343777                   /usr/lib/x86_64-linux-gnu/libedit.so.2.0.51
7fa43546e000-7fa43546f000 rw-p 00035000 08:01 15343777                   /usr/lib/x86_64-linux-gnu/libedit.so.2.0.51
7fa43546f000-7fa435473000 rw-p 00000000 00:00 0 
7fa435473000-7fa43548c000 r-xp 00000000 08:01 27267385                   /lib/x86_64-linux-gnu/libz.so.1.2.8
7fa43548c000-7fa43568c000 ---p 00019000 08:01 27267385                   /lib/x86_64-linux-gnu/libz.so.1.2.8
7fa43568c000-7fa43568d000 r--p 00019000 08:01 27267385                   /lib/x86_64-linux-gnu/libz.so.1.2.8
7fa43568d000-7fa43568e000 rw-p 0001a000 08:01 27267385                   /lib/x86_64-linux-gnu/libz.so.1.2.8
7fa43568e000-7fa43577e000 r-xp 00000000 08:01 15344490                   /usr/lib/x86_64-linux-gnu/libstdc++.so.6.0.20
7fa43577e000-7fa43597e000 ---p 000f0000 08:01 15344490                   /usr/lib/x86_64-linux-gnu/libstdc++.so.6.0.20
7fa43597e000-7fa435986000 r--p 000f0000 08:01 15344490                   /usr/lib/x86_64-linux-gnu/libstdc++.so.6.0.20
7fa435986000-7fa435988000 rw-p 000f8000 08:01 15344490                   /usr/lib/x86_64-linux-gnu/libstdc++.so.6.0.20
7fa435988000-7fa43599d000 rw-p 00000000 00:00 0 
7fa43599d000-7fa437746000 r-xp 00000000 08:01 15343369                   /usr/lib/x86_64-linux-gnu/libLLVM-3.6.so.1
7fa437746000-7fa437747000 ---p 01da9000 08:01 15343369                   /usr/lib/x86_64-linux-gnu/libLLVM-3.6.so.1
7fa437747000-7fa437963000 r--p 01da9000 08:01 15343369                   /usr/lib/x86_64-linux-gnu/libLLVM-3.6.so.1
7fa437963000-7fa437969000 rw-p 01fc5000 08:01 15343369                   /usr/lib/x86_64-linux-gnu/libLLVM-3.6.so.1
7fa437969000-7fa43797f000 rw-p 00000000 00:00 0 
7fa43797f000-7fa437994000 r-xp 00000000 08:01 15343778                   /usr/lib/x86_64-linux-gnu/libelf-0.160.so
7fa437994000-7fa437b93000 ---p 00015000 08:01 15343778                   /usr/lib/x86_64-linux-gnu/libelf-0.160.so
7fa437b93000-7fa437b94000 r--p 00014000 08:01 15343778                   /usr/lib/x86_64-linux-gnu/libelf-0.160.so
7fa437b94000-7fa437b95000 rw-p 00015000 08:01 15343778                   /usr/lib/x86_64-linux-gnu/libelf-0.160.so
7fa437b95000-7fa437ba1000 r-xp 00000000 08:01 15343773                   /usr/lib/x86_64-linux-gnu/libdrm_radeon.so.1.0.1
7fa437ba1000-7fa437da0000 ---p 0000c000 08:01 15343773                   /usr/lib/x86_64-linux-gnu/libdrm_radeon.so.1.0.1
7fa437da0000-7fa437da1000 r--p 0000b000 08:01 15343773                   /usr/lib/x86_64-linux-gnu/libdrm_radeon.so.1.0.1
7fa437da1000-7fa437da2000 rw-p 0000c000 08:01 15343773                   /usr/lib/x86_64-linux-gnu/libdrm_radeon.so.1.0.1
7fa437da2000-7fa437da8000 r-xp 00000000 08:01 15343771                   /usr/lib/x86_64-linux-gnu/libdrm_nouveau.so.2.0.0
7fa437da8000-7fa437fa7000 ---p 00006000 08:01 15343771                   /usr/lib/x86_64-linux-gnu/libdrm_nouveau.so.2.0.0
7fa437fa7000-7fa437fa8000 r--p 00005000 08:01 15343771                   /usr/lib/x86_64-linux-gnu/libdrm_nouveau.so.2.0.0
7fa437fa8000-7fa437fa9000 rw-p 00006000 08:01 15343771                   /usr/lib/x86_64-linux-gnu/libdrm_nouveau.so.2.0.0
7fa437fa9000-7fa43871c000 r-xp 00000000 08:01 15603600                   /usr/lib/x86_64-linux-gnu/dri/nouveau_dri.so
7fa43871c000-7fa43891b000 ---p 00773000 08:01 15603600                   /usr/lib/x86_64-linux-gnu/dri/nouveau_dri.so
7fa43891b000-7fa438972000 r--p 00772000 08:01 15603600                   /usr/lib/x86_64-linux-gnu/dri/nouveau_dri.so
7fa438972000-7fa43897e000 rw-p 007c9000 08:01 15603600                   /usr/lib/x86_64-linux-gnu/dri/nouveau_dri.so
7fa43897e000-7fa438b63000 rw-p 00000000 00:00 0 
7fa438b63000-7fa438b75000 r-xp 00000000 08:01 27263385                   /lib/x86_64-linux-gnu/libudev.so.1.6.2
7fa438b75000-7fa438d74000 ---p 00012000 08:01 27263385                   /lib/x86_64-linux-gnu/libudev.so.1.6.2
7fa438d74000-7fa438d75000 r--p 00011000 08:01 27263385                   /lib/x86_64-linux-gnu/libudev.so.1.6.2
7fa438d75000-7fa438d76000 rw-p 00012000 08:01 27263385                   /lib/x86_64-linux-gnu/libudev.so.1.6.2
7fa438d76000-7fa438d78000 r-xp 00000000 08:01 15343521                   /usr/lib/x86_64-linux-gnu/libXinerama.so.1.0.0
7fa438d78000-7fa438f77000 ---p 00002000 08:01 15343521                   /usr/lib/x86_64-linux-gnu/libXinerama.so.1.0.0
7fa438f77000-7fa438f78000 r--p 00001000 08:01 15343521                   /usr/lib/x86_64-linux-gnu/libXinerama.so.1.0.0
7fa438f78000-7fa438f79000 rw-p 00002000 08:01 15343521                   /usr/lib/x86_64-linux-gnu/libXinerama.so.1.0.0
7fa438f79000-7fa438fbe000 r-xp 00000000 08:01 28315792                   /tmp/jogamp_0000/file_cache/jln3087869106792301452/jln4072157147254894204/libjogl_mobile.so
7fa438fbe000-7fa4391be000 ---p 00045000 08:01 28315792                   /tmp/jogamp_0000/file_cache/jln3087869106792301452/jln4072157147254894204/libjogl_mobile.so
7fa4391be000-7fa4391bf000 rw-p 00045000 08:01 28315792                   /tmp/jogamp_0000/file_cache/jln3087869106792301452/jln4072157147254894204/libjogl_mobile.so
7fa4391bf000-7fa4391c6000 r-xp 00000000 08:01 15343817                   /usr/lib/x86_64-linux-gnu/libffi.so.6.0.4
7fa4391c6000-7fa4393c5000 ---p 00007000 08:01 15343817                   /usr/lib/x86_64-linux-gnu/libffi.so.6.0.4
7fa4393c5000-7fa4393c6000 r--p 00006000 08:01 15343817                   /usr/lib/x86_64-linux-gnu/libffi.so.6.0.4
7fa4393c6000-7fa4393c7000 rw-p 00007000 08:01 15343817                   /usr/lib/x86_64-linux-gnu/libffi.so.6.0.4
7fa4393c7000-7fa4393d4000 r-xp 00000000 08:01 15340550                   /usr/lib/x86_64-linux-gnu/libgbm.so.1.0.0
7fa4393d4000-7fa4395d3000 ---p 0000d000 08:01 15340550                   /usr/lib/x86_64-linux-gnu/libgbm.so.1.0.0
7fa4395d3000-7fa4395d4000 r--p 0000c000 08:01 15340550                   /usr/lib/x86_64-linux-gnu/libgbm.so.1.0.0
7fa4395d4000-7fa4395d5000 rw-p 0000d000 08:01 15340550                   /usr/lib/x86_64-linux-gnu/libgbm.so.1.0.0
7fa4395d5000-7fa4395e4000 r-xp 00000000 08:01 15344604                   /usr/lib/x86_64-linux-gnu/libwayland-server.so.0.1.0
7fa4395e4000-7fa4397e3000 ---p 0000f000 08:01 15344604                   /usr/lib/x86_64-linux-gnu/libwayland-server.so.0.1.0
7fa4397e3000-7fa4397e6000 r--p 0000e000 08:01 15344604                   /usr/lib/x86_64-linux-gnu/libwayland-server.so.0.1.0
7fa4397e6000-7fa4397e7000 rw-p 00011000 08:01 15344604                   /usr/lib/x86_64-linux-gnu/libwayland-server.so.0.1.0
7fa4397e7000-7fa4397f3000 r-xp 00000000 08:01 15344598                   /usr/lib/x86_64-linux-gnu/libwayland-client.so.0.3.0
7fa4397f3000-7fa4399f2000 ---p 0000c000 08:01 15344598                   /usr/lib/x86_64-linux-gnu/libwayland-client.so.0.3.0
7fa4399f2000-7fa4399f4000 r--p 0000b000 08:01 15344598                   /usr/lib/x86_64-linux-gnu/libwayland-client.so.0.3.0
7fa4399f4000-7fa4399f5000 rw-p 0000d000 08:01 15344598                   /usr/lib/x86_64-linux-gnu/libwayland-client.so.0.3.0
7fa4399f5000-7fa4399fa000 r-xp 00000000 08:01 15344692                   /usr/lib/x86_64-linux-gnu/libxcb-xfixes.so.0.0.0
7fa4399fa000-7fa439bfa000 ---p 00005000 08:01 15344692                   /usr/lib/x86_64-linux-gnu/libxcb-xfixes.so.0.0.0
7fa439bfa000-7fa439bfb000 r--p 00005000 08:01 15344692                   /usr/lib/x86_64-linux-gnu/libxcb-xfixes.so.0.0.0
7fa439bfb000-7fa439bfc000 rw-p 00006000 08:01 15344692                   /usr/lib/x86_64-linux-gnu/libxcb-xfixes.so.0.0.0
7fa439bfc000-7fa439c25000 r-xp 00000000 08:01 15729315                   /usr/lib/x86_64-linux-gnu/mesa-egl/libEGL.so.1.0.0
7fa439c25000-7fa439e25000 ---p 00029000 08:01 15729315                   /usr/lib/x86_64-linux-gnu/mesa-egl/libEGL.so.1.0.0
7fa439e25000-7fa439e26000 r--p 00029000 08:01 15729315                   /usr/lib/x86_64-linux-gnu/mesa-egl/libEGL.so.1.0.0
7fa439e26000-7fa439e27000 rw-p 0002a000 08:01 15729315                   /usr/lib/x86_64-linux-gnu/mesa-egl/libEGL.so.1.0.0
7fa439e27000-7fa439e28000 rw-p 00000000 00:00 0 
7fa439e28000-7fa439ecd000 r-xp 00000000 08:01 28312178                   /tmp/jogamp_0000/file_cache/jln3087869106792301452/jln4072157147254894204/libjogl_desktop.so
7fa439ecd000-7fa43a0cd000 ---p 000a5000 08:01 28312178                   /tmp/jogamp_0000/file_cache/jln3087869106792301452/jln4072157147254894204/libjogl_desktop.so
7fa43a0cd000-7fa43a0ce000 rw-p 000a5000 08:01 28312178                   /tmp/jogamp_0000/file_cache/jln3087869106792301452/jln4072157147254894204/libjogl_desktop.so
7fa43a0ce000-7fa43a0da000 r-xp 00000000 08:01 15343767                   /usr/lib/x86_64-linux-gnu/libdrm.so.2.4.0
7fa43a0da000-7fa43a2d9000 ---p 0000c000 08:01 15343767                   /usr/lib/x86_64-linux-gnu/libdrm.so.2.4.0
7fa43a2d9000-7fa43a2da000 r--p 0000b000 08:01 15343767                   /usr/lib/x86_64-linux-gnu/libdrm.so.2.4.0
7fa43a2da000-7fa43a2db000 rw-p 0000c000 08:01 15343767                   /usr/lib/x86_64-linux-gnu/libdrm.so.2.4.0
7fa43a2db000-7fa43a2dc000 r-xp 00000000 08:01 15344706                   /usr/lib/x86_64-linux-gnu/libxshmfence.so.1.0.0
7fa43a2dc000-7fa43a4db000 ---p 00001000 08:01 15344706                   /usr/lib/x86_64-linux-gnu/libxshmfence.so.1.0.0
7fa43a4db000-7fa43a4dc000 r--p 00000000 08:01 15344706                   /usr/lib/x86_64-linux-gnu/libxshmfence.so.1.0.0
7fa43a4dc000-7fa43a4dd000 rw-p 00001000 08:01 15344706                   /usr/lib/x86_64-linux-gnu/libxshmfence.so.1.0.0
7fa43a4dd000-7fa43a4e2000 r-xp 00000000 08:01 15344688                   /usr/lib/x86_64-linux-gnu/libxcb-sync.so.1.0.0
7fa43a4e2000-7fa43a6e1000 ---p 00005000 08:01 15344688                   /usr/lib/x86_64-linux-gnu/libxcb-sync.so.1.0.0
7fa43a6e1000-7fa43a6e2000 r--p 00004000 08:01 15344688                   /usr/lib/x86_64-linux-gnu/libxcb-sync.so.1.0.0
7fa43a6e2000-7fa43a6e3000 rw-p 00005000 08:01 15344688                   /usr/lib/x86_64-linux-gnu/libxcb-sync.so.1.0.0
7fa43a6e3000-7fa43a6e5000 r-xp 00000000 08:01 15344676                   /usr/lib/x86_64-linux-gnu/libxcb-present.so.0.0.0
7fa43a6e5000-7fa43a8e4000 ---p 00002000 08:01 15344676                   /usr/lib/x86_64-linux-gnu/libxcb-present.so.0.0.0
7fa43a8e4000-7fa43a8e5000 r--p 00001000 08:01 15344676                   /usr/lib/x86_64-linux-gnu/libxcb-present.so.0.0.0
7fa43a8e5000-7fa43a8e6000 rw-p 00002000 08:01 15344676                   /usr/lib/x86_64-linux-gnu/libxcb-present.so.0.0.0
7fa43a8e6000-7fa43a8e8000 r-xp 00000000 08:01 15344666                   /usr/lib/x86_64-linux-gnu/libxcb-dri3.so.0.0.0
7fa43a8e8000-7fa43aae7000 ---p 00002000 08:01 15344666                   /usr/lib/x86_64-linux-gnu/libxcb-dri3.so.0.0.0
7fa43aae7000-7fa43aae8000 r--p 00001000 08:01 15344666                   /usr/lib/x86_64-linux-gnu/libxcb-dri3.so.0.0.0
7fa43aae8000-7fa43aae9000 rw-p 00002000 08:01 15344666                   /usr/lib/x86_64-linux-gnu/libxcb-dri3.so.0.0.0
7fa43aae9000-7fa43aaec000 r-xp 00000000 08:01 15344664                   /usr/lib/x86_64-linux-gnu/libxcb-dri2.so.0.0.0
7fa43aaec000-7fa43acec000 ---p 00003000 08:01 15344664                   /usr/lib/x86_64-linux-gnu/libxcb-dri2.so.0.0.0
7fa43acec000-7fa43aced000 r--p 00003000 08:01 15344664                   /usr/lib/x86_64-linux-gnu/libxcb-dri2.so.0.0.0
7fa43aced000-7fa43acee000 rw-p 00004000 08:01 15344664                   /usr/lib/x86_64-linux-gnu/libxcb-dri2.so.0.0.0
7fa43acee000-7fa43ad03000 r-xp 00000000 08:01 15344668                   /usr/lib/x86_64-linux-gnu/libxcb-glx.so.0.0.0
7fa43ad03000-7fa43af02000 ---p 00015000 08:01 15344668                   /usr/lib/x86_64-linux-gnu/libxcb-glx.so.0.0.0
7fa43af02000-7fa43af04000 r--p 00014000 08:01 15344668                   /usr/lib/x86_64-linux-gnu/libxcb-glx.so.0.0.0
7fa43af04000-7fa43af05000 rw-p 00016000 08:01 15344668                   /usr/lib/x86_64-linux-gnu/libxcb-glx.so.0.0.0
7fa43af05000-7fa43af06000 r-xp 00000000 08:01 15343492                   /usr/lib/x86_64-linux-gnu/libX11-xcb.so.1.0.0
7fa43af06000-7fa43b105000 ---p 00001000 08:01 15343492                   /usr/lib/x86_64-linux-gnu/libX11-xcb.so.1.0.0
7fa43b105000-7fa43b106000 r--p 00000000 08:01 15343492                   /usr/lib/x86_64-linux-gnu/libX11-xcb.so.1.0.0
7fa43b106000-7fa43b107000 rw-p 00001000 08:01 15343492                   /usr/lib/x86_64-linux-gnu/libX11-xcb.so.1.0.0
7fa43b107000-7fa43b109000 r-xp 00000000 08:01 15343507                   /usr/lib/x86_64-linux-gnu/libXdamage.so.1.1.0
7fa43b109000-7fa43b308000 ---p 00002000 08:01 15343507                   /usr/lib/x86_64-linux-gnu/libXdamage.so.1.1.0
7fa43b308000-7fa43b309000 r--p 00001000 08:01 15343507                   /usr/lib/x86_64-linux-gnu/libXdamage.so.1.1.0
7fa43b309000-7fa43b30a000 rw-p 00002000 08:01 15343507                   /usr/lib/x86_64-linux-gnu/libXdamage.so.1.1.0
7fa43b30a000-7fa43b32f000 r-xp 00000000 08:01 15343260                   /usr/lib/x86_64-linux-gnu/libglapi.so.0.0.0
7fa43b32f000-7fa43b52f000 ---p 00025000 08:01 15343260                   /usr/lib/x86_64-linux-gnu/libglapi.so.0.0.0
7fa43b52f000-7fa43b532000 r--p 00025000 08:01 15343260                   /usr/lib/x86_64-linux-gnu/libglapi.so.0.0.0
7fa43b532000-7fa43b533000 rw-p 00028000 08:01 15343260                   /usr/lib/x86_64-linux-gnu/libglapi.so.0.0.0
7fa43b533000-7fa43b534000 rw-p 00000000 00:00 0 
7fa43b534000-7fa43b55a000 r-xp 00000000 08:01 27267358                   /lib/x86_64-linux-gnu/libexpat.so.1.6.0
7fa43b55a000-7fa43b759000 ---p 00026000 08:01 27267358                   /lib/x86_64-linux-gnu/libexpat.so.1.6.0
7fa43b759000-7fa43b75c000 r--p 00025000 08:01 27267358                   /lib/x86_64-linux-gnu/libexpat.so.1.6.0
7fa43b75c000-7fa43b75d000 rw-p 00028000 08:01 27267358                   /lib/x86_64-linux-gnu/libexpat.so.1.6.0
7fa43b75d000-7fa43b7f5000 r-xp 00000000 08:01 15732978                   /usr/lib/x86_64-linux-gnu/mesa/libGL.so.1.2.0
7fa43b7f5000-7fa43b9f4000 ---p 00098000 08:01 15732978                   /usr/lib/x86_64-linux-gnu/mesa/libGL.so.1.2.0
7fa43b9f4000-7fa43b9f7000 r--p 00097000 08:01 15732978                   /usr/lib/x86_64-linux-gnu/mesa/libGL.so.1.2.0
7fa43b9f7000-7fa43b9f8000 rw-p 0009a000 08:01 15732978                   /usr/lib/x86_64-linux-gnu/mesa/libGL.so.1.2.0
7fa43b9f8000-7fa43bbf9000 rw-p 00000000 00:00 0 
7fa43bbf9000-7fa43bdf9000 rw-p 00000000 00:00 0 
7fa43bdf9000-7fa43be00000 r-xp 00000000 08:01 28316235                   /tmp/jogamp_0000/file_cache/jln3087869106792301452/jln4072157147254894204/libnativewindow_x11.so
7fa43be00000-7fa43bfff000 ---p 00007000 08:01 28316235                   /tmp/jogamp_0000/file_cache/jln3087869106792301452/jln4072157147254894204/libnativewindow_x11.so
7fa43bfff000-7fa43c000000 rw-p 00006000 08:01 28316235                   /tmp/jogamp_0000/file_cache/jln3087869106792301452/jln4072157147254894204/libnativewindow_x11.so
7fa43c000000-7fa43c021000 rw-p 00000000 00:00 0 
7fa43c021000-7fa440000000 ---p 00000000 00:00 0 
7fa440000000-7fa44018d000 rw-p 00000000 00:00 0 
7fa44018d000-7fa444000000 ---p 00000000 00:00 0 
7fa444000000-7fa444b50000 rw-p 00000000 00:00 0 
7fa444b50000-7fa448000000 ---p 00000000 00:00 0 
7fa448000000-7fa448514000 rw-p 00000000 00:00 0 
7fa448514000-7fa44c000000 ---p 00000000 00:00 0 
7fa44c000000-7fa44c021000 rw-p 00000000 00:00 0 
7fa44c021000-7fa450000000 ---p 00000000 00:00 0 
7fa450000000-7fa4502a1000 rw-p 00000000 00:00 0 
7fa4502a1000-7fa454000000 ---p 00000000 00:00 0 
7fa454000000-7fa454026000 rw-p 00000000 00:00 0 
7fa454026000-7fa458000000 ---p 00000000 00:00 0 
7fa458000000-7fa458021000 rw-p 00000000 00:00 0 
7fa458021000-7fa45c000000 ---p 00000000 00:00 0 
7fa45c000000-7fa45c021000 rw-p 00000000 00:00 0 
7fa45c021000-7fa460000000 ---p 00000000 00:00 0 
7fa460000000-7fa460021000 rw-p 00000000 00:00 0 
7fa460021000-7fa464000000 ---p 00000000 00:00 0 
7fa464000000-7fa464021000 rw-p 00000000 00:00 0 
7fa464021000-7fa468000000 ---p 00000000 00:00 0 
7fa468064000-7fa4680e4000 rw-s 19717d000 00:06 9579                      /dev/dri/card0
7fa4680e4000-7fa4680e8000 r-xp 00000000 08:01 15343549                   /usr/lib/x86_64-linux-gnu/libXxf86vm.so.1.0.0
7fa4680e8000-7fa4682e8000 ---p 00004000 08:01 15343549                   /usr/lib/x86_64-linux-gnu/libXxf86vm.so.1.0.0
7fa4682e8000-7fa4682e9000 r--p 00004000 08:01 15343549                   /usr/lib/x86_64-linux-gnu/libXxf86vm.so.1.0.0
7fa4682e9000-7fa4682ea000 rw-p 00005000 08:01 15343549                   /usr/lib/x86_64-linux-gnu/libXxf86vm.so.1.0.0
7fa4682ea000-7fa4682ec000 r-xp 00000000 08:01 28316227                   /tmp/jogamp_0000/file_cache/jln3087869106792301452/jln4072157147254894204/libnativewindow_awt.so
7fa4682ec000-7fa4684eb000 ---p 00002000 08:01 28316227                   /tmp/jogamp_0000/file_cache/jln3087869106792301452/jln4072157147254894204/libnativewindow_awt.so
7fa4684eb000-7fa4684ec000 rw-p 00001000 08:01 28316227                   /tmp/jogamp_0000/file_cache/jln3087869106792301452/jln4072157147254894204/libnativewindow_awt.so
7fa4684ec000-7fa4684ed000 r-xp 00000000 08:01 3450810                    /home/ema/Scaricati/jdk1.8.0_92/jre/lib/amd64/libjawt.so
7fa4684ed000-7fa4686ec000 ---p 00001000 08:01 3450810                    /home/ema/Scaricati/jdk1.8.0_92/jre/lib/amd64/libjawt.so
7fa4686ec000-7fa4686ed000 rw-p 00000000 08:01 3450810                    /home/ema/Scaricati/jdk1.8.0_92/jre/lib/amd64/libjawt.so
7fa4686ed000-7fa4686ef000 r-xp 00000000 08:01 28312175                   /tmp/jogamp_0000/file_cache/jln3087869106792301452/jln4072157147254894204/libgluegen-rt.so
7fa4686ef000-7fa4688ee000 ---p 00002000 08:01 28312175                   /tmp/jogamp_0000/file_cache/jln3087869106792301452/jln4072157147254894204/libgluegen-rt.so
7fa4688ee000-7fa4688ef000 rw-p 00001000 08:01 28312175                   /tmp/jogamp_0000/file_cache/jln3087869106792301452/jln4072157147254894204/libgluegen-rt.so
7fa4688ef000-7fa4688f2000 ---p 00000000 00:00 0 
7fa4688f2000-7fa468bf0000 rw-p 00000000 00:00 0 
7fa468bf0000-7fa468bf3000 ---p 00000000 00:00 0 
7fa468bf3000-7fa468ef1000 rw-p 00000000 00:00 0 
7fa468ef1000-7fa468ef4000 ---p 00000000 00:00 0 
7fa468ef4000-7fa468ff2000 rw-p 00000000 00:00 0 
7fa468ff2000-7fa46905b000 r-xp 00000000 08:01 3450779                    /home/ema/Scaricati/jdk1.8.0_92/jre/lib/amd64/libt2k.so
7fa46905b000-7fa46925b000 ---p 00069000 08:01 3450779                    /home/ema/Scaricati/jdk1.8.0_92/jre/lib/amd64/libt2k.so
7fa46925b000-7fa469262000 rw-p 00069000 08:01 3450779                    /home/ema/Scaricati/jdk1.8.0_92/jre/lib/amd64/libt2k.so
7fa469262000-7fa469272000 rw-p 00000000 00:00 0 
7fa469272000-7fa469283000 r-xp 00000000 08:01 3450822                    /home/ema/Scaricati/jdk1.8.0_92/jre/lib/amd64/libnio.so
7fa469283000-7fa469482000 ---p 00011000 08:01 3450822                    /home/ema/Scaricati/jdk1.8.0_92/jre/lib/amd64/libnio.so
7fa469482000-7fa469483000 rw-p 00010000 08:01 3450822                    /home/ema/Scaricati/jdk1.8.0_92/jre/lib/amd64/libnio.so
7fa469483000-7fa469784000 rw-p 00000000 00:00 0 
7fa469784000-7fa46979a000 r-xp 00000000 08:01 3450819                    /home/ema/Scaricati/jdk1.8.0_92/jre/lib/amd64/libnet.so
7fa46979a000-7fa46999a000 ---p 00016000 08:01 3450819                    /home/ema/Scaricati/jdk1.8.0_92/jre/lib/amd64/libnet.so
7fa46999a000-7fa46999b000 rw-p 00016000 08:01 3450819                    /home/ema/Scaricati/jdk1.8.0_92/jre/lib/amd64/libnet.so
7fa46999b000-7fa46999e000 ---p 00000000 00:00 0 
7fa46999e000-7fa469a9c000 rw-p 00000000 00:00 0 
7fa469a9c000-7fa469a9f000 ---p 00000000 00:00 0 
7fa469a9f000-7fa469b9d000 rw-p 00000000 00:00 0 
7fa469b9d000-7fa469ba0000 ---p 00000000 00:00 0 
7fa469ba0000-7fa469c9e000 rw-p 00000000 00:00 0 
7fa469c9e000-7fa469ca1000 ---p 00000000 00:00 0 
7fa469ca1000-7fa469d9f000 rw-p 00000000 00:00 0 
7fa469d9f000-7fa469da4000 r-xp 00000000 08:01 15343513                   /usr/lib/x86_64-linux-gnu/libXfixes.so.3.1.0
7fa469da4000-7fa469fa3000 ---p 00005000 08:01 15343513                   /usr/lib/x86_64-linux-gnu/libXfixes.so.3.1.0
7fa469fa3000-7fa469fa4000 r--p 00004000 08:01 15343513                   /usr/lib/x86_64-linux-gnu/libXfixes.so.3.1.0
7fa469fa4000-7fa469fa5000 rw-p 00005000 08:01 15343513                   /usr/lib/x86_64-linux-gnu/libXfixes.so.3.1.0
7fa469fa5000-7fa469fae000 r-xp 00000000 08:01 15343505                   /usr/lib/x86_64-linux-gnu/libXcursor.so.1.0.2
7fa469fae000-7fa46a1ad000 ---p 00009000 08:01 15343505                   /usr/lib/x86_64-linux-gnu/libXcursor.so.1.0.2
7fa46a1ad000-7fa46a1ae000 r--p 00008000 08:01 15343505                   /usr/lib/x86_64-linux-gnu/libXcursor.so.1.0.2
7fa46a1ae000-7fa46a1af000 rw-p 00009000 08:01 15343505                   /usr/lib/x86_64-linux-gnu/libXcursor.so.1.0.2
7fa46a1af000-7fa46a1b2000 ---p 00000000 00:00 0 
7fa46a1b2000-7fa46a2b0000 rw-p 00000000 00:00 0 
7fa46a2b0000-7fa46a2c6000 r-xp 00000000 08:01 27269807                   /lib/x86_64-linux-gnu/libgcc_s.so.1
7fa46a2c6000-7fa46a4c5000 ---p 00016000 08:01 27269807                   /lib/x86_64-linux-gnu/libgcc_s.so.1
7fa46a4c5000-7fa46a4c6000 rw-p 00015000 08:01 27269807                   /lib/x86_64-linux-gnu/libgcc_s.so.1
7fa46a4c6000-7fa46a52b000 r-xp 00000000 08:01 3450798                    /home/ema/Scaricati/jdk1.8.0_92/jre/lib/amd64/libfontmanager.so
7fa46a52b000-7fa46a72a000 ---p 00065000 08:01 3450798                    /home/ema/Scaricati/jdk1.8.0_92/jre/lib/amd64/libfontmanager.so
7fa46a72a000-7fa46a72f000 rw-p 00064000 08:01 3450798                    /home/ema/Scaricati/jdk1.8.0_92/jre/lib/amd64/libfontmanager.so
7fa46a72f000-7fa46a73f000 rw-p 00000000 00:00 0 
7fa46a73f000-7fa46a744000 r-xp 00000000 08:01 15343509                   /usr/lib/x86_64-linux-gnu/libXdmcp.so.6.0.0
7fa46a744000-7fa46a943000 ---p 00005000 08:01 15343509                   /usr/lib/x86_64-linux-gnu/libXdmcp.so.6.0.0
7fa46a943000-7fa46a944000 r--p 00004000 08:01 15343509                   /usr/lib/x86_64-linux-gnu/libXdmcp.so.6.0.0
7fa46a944000-7fa46a945000 rw-p 00005000 08:01 15343509                   /usr/lib/x86_64-linux-gnu/libXdmcp.so.6.0.0
7fa46a945000-7fa46a947000 r-xp 00000000 08:01 15343498                   /usr/lib/x86_64-linux-gnu/libXau.so.6.0.0
7fa46a947000-7fa46ab47000 ---p 00002000 08:01 15343498                   /usr/lib/x86_64-linux-gnu/libXau.so.6.0.0
7fa46ab47000-7fa46ab48000 r--p 00002000 08:01 15343498                   /usr/lib/x86_64-linux-gnu/libXau.so.6.0.0
7fa46ab48000-7fa46ab49000 rw-p 00003000 08:01 15343498                   /usr/lib/x86_64-linux-gnu/libXau.so.6.0.0
7fa46ab49000-7fa46ab66000 r-xp 00000000 08:01 15344696                   /usr/lib/x86_64-linux-gnu/libxcb.so.1.1.0
7fa46ab66000-7fa46ad66000 ---p 0001d000 08:01 15344696                   /usr/lib/x86_64-linux-gnu/libxcb.so.1.1.0
7fa46ad66000-7fa46ad67000 r--p 0001d000 08:01 15344696                   /usr/lib/x86_64-linux-gnu/libxcb.so.1.1.0
7fa46ad67000-7fa46ad68000 rw-p 0001e000 08:01 15344696                   /usr/lib/x86_64-linux-gnu/libxcb.so.1.1.0
7fa46ad68000-7fa46ad77000 r-xp 00000000 08:01 15343519                   /usr/lib/x86_64-linux-gnu/libXi.so.6.1.0
7fa46ad77000-7fa46af76000 ---p 0000f000 08:01 15343519                   /usr/lib/x86_64-linux-gnu/libXi.so.6.1.0
7fa46af76000-7fa46af77000 r--p 0000e000 08:01 15343519                   /usr/lib/x86_64-linux-gnu/libXi.so.6.1.0
7fa46af77000-7fa46af78000 rw-p 0000f000 08:01 15343519                   /usr/lib/x86_64-linux-gnu/libXi.so.6.1.0
7fa46af78000-7fa46af7d000 r-xp 00000000 08:01 15343539                   /usr/lib/x86_64-linux-gnu/libXtst.so.6.1.0
7fa46af7d000-7fa46b17c000 ---p 00005000 08:01 15343539                   /usr/lib/x86_64-linux-gnu/libXtst.so.6.1.0
7fa46b17c000-7fa46b17d000 r--p 00004000 08:01 15343539                   /usr/lib/x86_64-linux-gnu/libXtst.so.6.1.0
7fa46b17d000-7fa46b17e000 rw-p 00005000 08:01 15343539                   /usr/lib/x86_64-linux-gnu/libXtst.so.6.1.0
7fa46b17e000-7fa46b187000 r-xp 00000000 08:01 15343533                   /usr/lib/x86_64-linux-gnu/libXrender.so.1.3.0
7fa46b187000-7fa46b386000 ---p 00009000 08:01 15343533                   /usr/lib/x86_64-linux-gnu/libXrender.so.1.3.0
7fa46b386000-7fa46b387000 r--p 00008000 08:01 15343533                   /usr/lib/x86_64-linux-gnu/libXrender.so.1.3.0
7fa46b387000-7fa46b388000 rw-p 00009000 08:01 15343533                   /usr/lib/x86_64-linux-gnu/libXrender.so.1.3.0
7fa46b388000-7fa46b4bb000 r-xp 00000000 08:01 15343494                   /usr/lib/x86_64-linux-gnu/libX11.so.6.3.0
7fa46b4bb000-7fa46b6bb000 ---p 00133000 08:01 15343494                   /usr/lib/x86_64-linux-gnu/libX11.so.6.3.0
7fa46b6bb000-7fa46b6bc000 r--p 00133000 08:01 15343494                   /usr/lib/x86_64-linux-gnu/libX11.so.6.3.0
7fa46b6bc000-7fa46b6c0000 rw-p 00134000 08:01 15343494                   /usr/lib/x86_64-linux-gnu/libX11.so.6.3.0
7fa46b6c0000-7fa46b6c1000 rw-p 00000000 00:00 0 
7fa46b6c1000-7fa46b6d2000 r-xp 00000000 08:01 15343511                   /usr/lib/x86_64-linux-gnu/libXext.so.6.4.0
7fa46b6d2000-7fa46b8d1000 ---p 00011000 08:01 15343511                   /usr/lib/x86_64-linux-gnu/libXext.so.6.4.0
7fa46b8d1000-7fa46b8d2000 r--p 00010000 08:01 15343511                   /usr/lib/x86_64-linux-gnu/libXext.so.6.4.0
7fa46b8d2000-7fa46b8d3000 rw-p 00011000 08:01 15343511                   /usr/lib/x86_64-linux-gnu/libXext.so.6.4.0
7fa46b8d3000-7fa46b927000 r-xp 00000000 08:01 3450826                    /home/ema/Scaricati/jdk1.8.0_92/jre/lib/amd64/libawt_xawt.so
7fa46b927000-7fa46bb27000 ---p 00054000 08:01 3450826                    /home/ema/Scaricati/jdk1.8.0_92/jre/lib/amd64/libawt_xawt.so
7fa46bb27000-7fa46bb2b000 rw-p 00054000 08:01 3450826                    /home/ema/Scaricati/jdk1.8.0_92/jre/lib/amd64/libawt_xawt.so
7fa46bb2b000-7fa46bb2c000 rw-p 00000000 00:00 0 
7fa46bb2c000-7fa46bbce000 r-xp 00000000 08:01 3450809                    /home/ema/Scaricati/jdk1.8.0_92/jre/lib/amd64/libawt.so
7fa46bbce000-7fa46bdce000 ---p 000a2000 08:01 3450809                    /home/ema/Scaricati/jdk1.8.0_92/jre/lib/amd64/libawt.so
7fa46bdce000-7fa46bdda000 rw-p 000a2000 08:01 3450809                    /home/ema/Scaricati/jdk1.8.0_92/jre/lib/amd64/libawt.so
7fa46bdda000-7fa46bdfe000 rw-p 00000000 00:00 0 
7fa46bdfe000-7fa46bdff000 ---p 00000000 00:00 0 
7fa46bdff000-7fa46beff000 rw-p 00000000 00:00 0 
7fa46beff000-7fa46bf02000 ---p 00000000 00:00 0 
7fa46bf02000-7fa46c000000 rw-p 00000000 00:00 0 
7fa46c000000-7fa46c36a000 rw-p 00000000 00:00 0 
7fa46c36a000-7fa470000000 ---p 00000000 00:00 0 
7fa470000000-7fa4703b1000 rw-p 00000000 00:00 0 
7fa4703b1000-7fa474000000 ---p 00000000 00:00 0 
7fa474000000-7fa474320000 rw-p 00000000 00:00 0 
7fa474320000-7fa478000000 ---p 00000000 00:00 0 
7fa478000000-7fa478260000 rw-p 00000000 00:00 0 
7fa478260000-7fa47c000000 ---p 00000000 00:00 0 
7fa47c000000-7fa47c021000 rw-p 00000000 00:00 0 
7fa47c021000-7fa480000000 ---p 00000000 00:00 0 
7fa480000000-7fa480021000 rw-p 00000000 00:00 0 
7fa480021000-7fa484000000 ---p 00000000 00:00 0 
7fa484000000-7fa484021000 rw-p 00000000 00:00 0 
7fa484021000-7fa488000000 ---p 00000000 00:00 0 
7fa488000000-7fa488021000 rw-p 00000000 00:00 0 
7fa488021000-7fa48c000000 ---p 00000000 00:00 0 
7fa48c000000-7fa48c021000 rw-p 00000000 00:00 0 
7fa48c021000-7fa490000000 ---p 00000000 00:00 0 
7fa490047000-7fa490067000 rw-s 19acd5000 00:06 9579                      /dev/dri/card0
7fa490067000-7fa490083000 r--s 00393000 08:01 3450599                    /home/ema/Scaricati/jdk1.8.0_92/jre/lib/ext/cldrdata.jar
7fa490083000-7fa490086000 ---p 00000000 00:00 0 
7fa490086000-7fa490184000 rw-p 00000000 00:00 0 
7fa490184000-7fa490187000 ---p 00000000 00:00 0 
7fa490187000-7fa490285000 rw-p 00000000 00:00 0 
7fa490285000-7fa490288000 ---p 00000000 00:00 0 
7fa490288000-7fa490386000 rw-p 00000000 00:00 0 
7fa490386000-7fa490389000 ---p 00000000 00:00 0 
7fa490389000-7fa490487000 rw-p 00000000 00:00 0 
7fa490487000-7fa49048a000 ---p 00000000 00:00 0 
7fa49048a000-7fa490588000 rw-p 00000000 00:00 0 
7fa490588000-7fa490c6b000 r--p 00000000 08:01 15342584                   /usr/lib/locale/locale-archive
7fa490c6b000-7fa490c6e000 ---p 00000000 00:00 0 
7fa490c6e000-7fa490d6c000 rw-p 00000000 00:00 0 
7fa490d6c000-7fa490d6f000 ---p 00000000 00:00 0 
7fa490d6f000-7fa490e6d000 rw-p 00000000 00:00 0 
7fa490e6d000-7fa490e6e000 ---p 00000000 00:00 0 
7fa490e6e000-7fa494000000 rw-p 00000000 00:00 0 
7fa494000000-7fa494021000 rw-p 00000000 00:00 0 
7fa494021000-7fa498000000 ---p 00000000 00:00 0 
7fa498000000-7fa498021000 rw-p 00000000 00:00 0 
7fa498021000-7fa49c000000 ---p 00000000 00:00 0 
7fa49c000000-7fa49c021000 rw-p 00000000 00:00 0 
7fa49c021000-7fa4a0000000 ---p 00000000 00:00 0 
7fa4a0000000-7fa4a0021000 rw-p 00000000 00:00 0 
7fa4a0021000-7fa4a4000000 ---p 00000000 00:00 0 
7fa4a4000000-7fa4a4021000 rw-p 00000000 00:00 0 
7fa4a4021000-7fa4a8000000 ---p 00000000 00:00 0 
7fa4a8000000-7fa4a8021000 rw-p 00000000 00:00 0 
7fa4a8021000-7fa4ac000000 ---p 00000000 00:00 0 
7fa4ac000000-7fa4ac021000 rw-p 00000000 00:00 0 
7fa4ac021000-7fa4b0000000 ---p 00000000 00:00 0 
7fa4b0005000-7fa4b0006000 rw-s 19ee73000 00:06 9579                      /dev/dri/card0
7fa4b0007000-7fa4b0011000 r--s 00116000 08:01 3450653                    /home/ema/Scaricati/jdk1.8.0_92/jre/lib/ext/localedata.jar
7fa4b0011000-7fa4b0014000 ---p 00000000 00:00 0 
7fa4b0014000-7fa4b004a000 rw-p 00000000 00:00 0 
7fa4b004a000-7fa4b006d000 r--s 002ec000 08:01 3540429                    /home/ema/Dropbox/ACCADEMIC/Programmi/Java/ucsdunfoldingmaps/lib/jogl-all.jar
7fa4b006d000-7fa4b1000000 rw-p 00000000 00:00 0 
7fa4b1000000-7fa4b16e0000 rwxp 00000000 00:00 0 
7fa4b16e0000-7fa4c0000000 ---p 00000000 00:00 0 
7fa4c0000000-7fa4c02f1000 rw-p 00000000 00:00 0 
7fa4c02f1000-7fa4c4000000 ---p 00000000 00:00 0 
7fa4c4000000-7fa4c4004000 rw-s 19f6fc000 00:06 9579                      /dev/dri/card0
7fa4c4004000-7fa4c4008000 rw-s 1435ff000 00:06 9579                      /dev/dri/card0
7fa4c4008000-7fa4c4ae5000 rw-p 00000000 00:00 0 
7fa4c4ae5000-7fa4c4cbe000 r--s 03d24000 08:01 3450543                    /home/ema/Scaricati/jdk1.8.0_92/jre/lib/rt.jar
7fa4c4cbe000-7fa4c581d000 rw-p 00000000 00:00 0 
7fa4c581d000-7fa4c581e000 ---p 00000000 00:00 0 
7fa4c581e000-7fa4c591e000 rw-p 00000000 00:00 0 
7fa4c591e000-7fa4c591f000 ---p 00000000 00:00 0 
7fa4c591f000-7fa4c5a1f000 rw-p 00000000 00:00 0 
7fa4c5a1f000-7fa4c5a20000 ---p 00000000 00:00 0 
7fa4c5a20000-7fa4c5b20000 rw-p 00000000 00:00 0 
7fa4c5b20000-7fa4c5b21000 ---p 00000000 00:00 0 
7fa4c5b21000-7fa4c5c21000 rw-p 00000000 00:00 0 
7fa4c5c21000-7fa4c5c22000 ---p 00000000 00:00 0 
7fa4c5c22000-7fa4c5d22000 rw-p 00000000 00:00 0 
7fa4c5d22000-7fa4c5d23000 ---p 00000000 00:00 0 
7fa4c5d23000-7fa4c5e23000 rw-p 00000000 00:00 0 
7fa4c5e23000-7fa4c5e24000 ---p 00000000 00:00 0 
7fa4c5e24000-7fa4c5f24000 rw-p 00000000 00:00 0 
7fa4c5f24000-7fa4c5f25000 ---p 00000000 00:00 0 
7fa4c5f25000-7fa4c6045000 rw-p 00000000 00:00 0 
7fa4c6045000-7fa4c6216000 ---p 00000000 00:00 0 
7fa4c6216000-7fa4c6236000 rw-p 00000000 00:00 0 
7fa4c6236000-7fa4c6406000 ---p 00000000 00:00 0 
7fa4c6406000-7fa4c6421000 rw-p 00000000 00:00 0 
7fa4c6421000-7fa4c64ff000 ---p 00000000 00:00 0 
7fa4c64ff000-7fa4c651c000 rw-p 00000000 00:00 0 
7fa4c651c000-7fa4c68c0000 ---p 00000000 00:00 0 
7fa4c68c0000-7fa4c68da000 r-xp 00000000 08:01 3450813                    /home/ema/Scaricati/jdk1.8.0_92/jre/lib/amd64/libzip.so
7fa4c68da000-7fa4c6ada000 ---p 0001a000 08:01 3450813                    /home/ema/Scaricati/jdk1.8.0_92/jre/lib/amd64/libzip.so
7fa4c6ada000-7fa4c6adb000 rw-p 0001a000 08:01 3450813                    /home/ema/Scaricati/jdk1.8.0_92/jre/lib/amd64/libzip.so
7fa4c6adb000-7fa4c6ae7000 r-xp 00000000 08:01 27267297                   /lib/x86_64-linux-gnu/libnss_files-2.21.so
7fa4c6ae7000-7fa4c6ce6000 ---p 0000c000 08:01 27267297                   /lib/x86_64-linux-gnu/libnss_files-2.21.so
7fa4c6ce6000-7fa4c6ce7000 r--p 0000b000 08:01 27267297                   /lib/x86_64-linux-gnu/libnss_files-2.21.so
7fa4c6ce7000-7fa4c6ce8000 rw-p 0000c000 08:01 27267297                   /lib/x86_64-linux-gnu/libnss_files-2.21.so
7fa4c6ce8000-7fa4c6cf3000 r-xp 00000000 08:01 27267307                   /lib/x86_64-linux-gnu/libnss_nis-2.21.so
7fa4c6cf3000-7fa4c6ef2000 ---p 0000b000 08:01 27267307                   /lib/x86_64-linux-gnu/libnss_nis-2.21.so
7fa4c6ef2000-7fa4c6ef3000 r--p 0000a000 08:01 27267307                   /lib/x86_64-linux-gnu/libnss_nis-2.21.so
7fa4c6ef3000-7fa4c6ef4000 rw-p 0000b000 08:01 27267307                   /lib/x86_64-linux-gnu/libnss_nis-2.21.so
7fa4c6ef4000-7fa4c6f0b000 r-xp 00000000 08:01 27267291                   /lib/x86_64-linux-gnu/libnsl-2.21.so
7fa4c6f0b000-7fa4c710a000 ---p 00017000 08:01 27267291                   /lib/x86_64-linux-gnu/libnsl-2.21.so
7fa4c710a000-7fa4c710b000 r--p 00016000 08:01 27267291                   /lib/x86_64-linux-gnu/libnsl-2.21.so
7fa4c710b000-7fa4c710c000 rw-p 00017000 08:01 27267291                   /lib/x86_64-linux-gnu/libnsl-2.21.so
7fa4c710c000-7fa4c710e000 rw-p 00000000 00:00 0 
7fa4c710e000-7fa4c7116000 r-xp 00000000 08:01 27267293                   /lib/x86_64-linux-gnu/libnss_compat-2.21.so
7fa4c7116000-7fa4c7315000 ---p 00008000 08:01 27267293                   /lib/x86_64-linux-gnu/libnss_compat-2.21.so
7fa4c7315000-7fa4c7316000 r--p 00007000 08:01 27267293                   /lib/x86_64-linux-gnu/libnss_compat-2.21.so
7fa4c7316000-7fa4c7317000 rw-p 00008000 08:01 27267293                   /lib/x86_64-linux-gnu/libnss_compat-2.21.so
7fa4c7317000-7fa4c7341000 r-xp 00000000 08:01 3450807                    /home/ema/Scaricati/jdk1.8.0_92/jre/lib/amd64/libjava.so
7fa4c7341000-7fa4c7541000 ---p 0002a000 08:01 3450807                    /home/ema/Scaricati/jdk1.8.0_92/jre/lib/amd64/libjava.so
7fa4c7541000-7fa4c7543000 rw-p 0002a000 08:01 3450807                    /home/ema/Scaricati/jdk1.8.0_92/jre/lib/amd64/libjava.so
7fa4c7543000-7fa4c7550000 r-xp 00000000 08:01 3450812                    /home/ema/Scaricati/jdk1.8.0_92/jre/lib/amd64/libverify.so
7fa4c7550000-7fa4c7750000 ---p 0000d000 08:01 3450812                    /home/ema/Scaricati/jdk1.8.0_92/jre/lib/amd64/libverify.so
7fa4c7750000-7fa4c7752000 rw-p 0000d000 08:01 3450812                    /home/ema/Scaricati/jdk1.8.0_92/jre/lib/amd64/libverify.so
7fa4c7752000-7fa4c7759000 r-xp 00000000 08:01 27267352                   /lib/x86_64-linux-gnu/librt-2.21.so
7fa4c7759000-7fa4c7958000 ---p 00007000 08:01 27267352                   /lib/x86_64-linux-gnu/librt-2.21.so
7fa4c7958000-7fa4c7959000 r--p 00006000 08:01 27267352                   /lib/x86_64-linux-gnu/librt-2.21.so
7fa4c7959000-7fa4c795a000 rw-p 00007000 08:01 27267352                   /lib/x86_64-linux-gnu/librt-2.21.so
7fa4c795a000-7fa4c7a61000 r-xp 00000000 08:01 27267270                   /lib/x86_64-linux-gnu/libm-2.21.so
7fa4c7a61000-7fa4c7c60000 ---p 00107000 08:01 27267270                   /lib/x86_64-linux-gnu/libm-2.21.so
7fa4c7c60000-7fa4c7c61000 r--p 00106000 08:01 27267270                   /lib/x86_64-linux-gnu/libm-2.21.so
7fa4c7c61000-7fa4c7c62000 rw-p 00107000 08:01 27267270                   /lib/x86_64-linux-gnu/libm-2.21.so
7fa4c7c62000-7fa4c8925000 r-xp 00000000 08:01 3450788                    /home/ema/Scaricati/jdk1.8.0_92/jre/lib/amd64/server/libjvm.so
7fa4c8925000-7fa4c8b24000 ---p 00cc3000 08:01 3450788                    /home/ema/Scaricati/jdk1.8.0_92/jre/lib/amd64/server/libjvm.so
7fa4c8b24000-7fa4c8bfd000 rw-p 00cc2000 08:01 3450788                    /home/ema/Scaricati/jdk1.8.0_92/jre/lib/amd64/server/libjvm.so
7fa4c8bfd000-7fa4c8c48000 rw-p 00000000 00:00 0 
7fa4c8c48000-7fa4c8e08000 r-xp 00000000 08:01 27267211                   /lib/x86_64-linux-gnu/libc-2.21.so
7fa4c8e08000-7fa4c9008000 ---p 001c0000 08:01 27267211                   /lib/x86_64-linux-gnu/libc-2.21.so
7fa4c9008000-7fa4c900c000 r--p 001c0000 08:01 27267211                   /lib/x86_64-linux-gnu/libc-2.21.so
7fa4c900c000-7fa4c900e000 rw-p 001c4000 08:01 27267211                   /lib/x86_64-linux-gnu/libc-2.21.so
7fa4c900e000-7fa4c9012000 rw-p 00000000 00:00 0 
7fa4c9012000-7fa4c9015000 r-xp 00000000 08:01 27267228                   /lib/x86_64-linux-gnu/libdl-2.21.so
7fa4c9015000-7fa4c9214000 ---p 00003000 08:01 27267228                   /lib/x86_64-linux-gnu/libdl-2.21.so
7fa4c9214000-7fa4c9215000 r--p 00002000 08:01 27267228                   /lib/x86_64-linux-gnu/libdl-2.21.so
7fa4c9215000-7fa4c9216000 rw-p 00003000 08:01 27267228                   /lib/x86_64-linux-gnu/libdl-2.21.so
7fa4c9216000-7fa4c922b000 r-xp 00000000 08:01 3450782                    /home/ema/Scaricati/jdk1.8.0_92/jre/lib/amd64/jli/libjli.so
7fa4c922b000-7fa4c942b000 ---p 00015000 08:01 3450782                    /home/ema/Scaricati/jdk1.8.0_92/jre/lib/amd64/jli/libjli.so
7fa4c942b000-7fa4c942c000 rw-p 00015000 08:01 3450782                    /home/ema/Scaricati/jdk1.8.0_92/jre/lib/amd64/jli/libjli.so
7fa4c942c000-7fa4c9444000 r-xp 00000000 08:01 27267344                   /lib/x86_64-linux-gnu/libpthread-2.21.so
7fa4c9444000-7fa4c9644000 ---p 00018000 08:01 27267344                   /lib/x86_64-linux-gnu/libpthread-2.21.so
7fa4c9644000-7fa4c9645000 r--p 00018000 08:01 27267344                   /lib/x86_64-linux-gnu/libpthread-2.21.so
7fa4c9645000-7fa4c9646000 rw-p 00019000 08:01 27267344                   /lib/x86_64-linux-gnu/libpthread-2.21.so
7fa4c9646000-7fa4c964a000 rw-p 00000000 00:00 0 
7fa4c964a000-7fa4c966e000 r-xp 00000000 08:01 27267183                   /lib/x86_64-linux-gnu/ld-2.21.so
7fa4c966e000-7fa4c966f000 rw-p 00000000 00:00 0 
7fa4c966f000-7fa4c9671000 rw-s 19f2ca000 00:06 9579                      /dev/dri/card0
7fa4c9671000-7fa4c9672000 rw-s 19f005000 00:06 9579                      /dev/dri/card0
7fa4c9672000-7fa4c9673000 rwxp 00000000 00:00 0 
7fa4c9673000-7fa4c9674000 rw-s 19737d000 00:06 9579                      /dev/dri/card0
7fa4c9674000-7fa4c9676000 r--s 00000000 08:01 3540406                    /home/ema/Dropbox/ACCADEMIC/Programmi/Java/ucsdunfoldingmaps/lib/gluegen-rt-natives-linux-amd64.jar
7fa4c9676000-7fa4c967a000 r--s 00097000 08:01 3450594                    /home/ema/Scaricati/jdk1.8.0_92/jre/lib/jsse.jar
7fa4c967a000-7fa4c9680000 r--s 00033000 08:01 3540448                    /home/ema/Dropbox/ACCADEMIC/Programmi/Java/ucsdunfoldingmaps/lib/unfolding.0.9.7-uscd.jar
7fa4c9680000-7fa4c9742000 rw-p 00000000 00:00 0 
7fa4c9742000-7fa4c9745000 ---p 00000000 00:00 0 
7fa4c9745000-7fa4c9847000 rw-p 00000000 00:00 0 
7fa4c9847000-7fa4c9848000 r--s 0002f000 08:01 3540414                    /home/ema/Dropbox/ACCADEMIC/Programmi/Java/ucsdunfoldingmaps/lib/jogl-all-natives-linux-amd64.jar
7fa4c9848000-7fa4c9849000 r--p 00000000 00:00 0 
7fa4c9849000-7fa4c984a000 r--s 00005000 08:01 3540435                    /home/ema/Dropbox/ACCADEMIC/Programmi/Java/ucsdunfoldingmaps/lib/libTUIO.jar
7fa4c984a000-7fa4c984b000 r--s 00007000 08:01 3540430                    /home/ema/Dropbox/ACCADEMIC/Programmi/Java/ucsdunfoldingmaps/lib/json4processing.jar
7fa4c984b000-7fa4c9850000 r--s 00309000 08:01 3540440                    /home/ema/Dropbox/ACCADEMIC/Programmi/Java/ucsdunfoldingmaps/lib/sqlite-jdbc-3.7.2.jar
7fa4c9850000-7fa4c9857000 r--s 00059000 08:01 3540436                    /home/ema/Dropbox/ACCADEMIC/Programmi/Java/ucsdunfoldingmaps/lib/log4j-1.2.15.jar
7fa4c9857000-7fa4c985d000 r--s 00041000 08:01 3540413                    /home/ema/Dropbox/ACCADEMIC/Programmi/Java/ucsdunfoldingmaps/lib/gluegen-rt.jar
7fa4c985d000-7fa4c9861000 r--s 0009a000 08:01 3540405                    /home/ema/Dropbox/ACCADEMIC/Programmi/Java/ucsdunfoldingmaps/lib/core.jar
7fa4c9861000-7fa4c9869000 rw-s 00000000 08:01 28312173                   /tmp/hsperfdata_ema/20017
7fa4c9869000-7fa4c986a000 rw-p 00000000 00:00 0 
7fa4c986a000-7fa4c986b000 r--p 00000000 00:00 0 
7fa4c986b000-7fa4c986d000 rw-p 00000000 00:00 0 
7fa4c986d000-7fa4c986e000 r--p 00023000 08:01 27267183                   /lib/x86_64-linux-gnu/ld-2.21.so
7fa4c986e000-7fa4c986f000 rw-p 00024000 08:01 27267183                   /lib/x86_64-linux-gnu/ld-2.21.so
7fa4c986f000-7fa4c9870000 rw-p 00000000 00:00 0 
7ffc60956000-7ffc60977000 rw-p 00000000 00:00 0                          [stack]
7ffc6097d000-7ffc6097f000 r--p 00000000 00:00 0                          [vvar]
7ffc6097f000-7ffc60981000 r-xp 00000000 00:00 0                          [vdso]
ffffffffff600000-ffffffffff601000 r-xp 00000000 00:00 0                  [vsyscall]

VM Arguments:
jvm_args: -Djava.security.policy=java.policy.applet -Dfile.encoding=UTF-8 
java_command: sun.applet.AppletViewer module3.EarthquakeCityMap1475765807575.html
java_class_path (initial): /home/ema/Dropbox/ACCADEMIC/Programmi/Java/ucsdunfoldingmaps/build:/home/ema/Dropbox/ACCADEMIC/Programmi/Java/ucsdunfoldingmaps/lib/core.jar:/home/ema/Dropbox/ACCADEMIC/Programmi/Java/ucsdunfoldingmaps/lib/gluegen-rt.jar:/home/ema/Dropbox/ACCADEMIC/Programmi/Java/ucsdunfoldingmaps/lib/jogl-all.jar:/home/ema/Dropbox/ACCADEMIC/Programmi/Java/ucsdunfoldingmaps/lib/log4j-1.2.15.jar:/home/ema/Dropbox/ACCADEMIC/Programmi/Java/ucsdunfoldingmaps/lib/sqlite-jdbc-3.7.2.jar:/home/ema/Dropbox/ACCADEMIC/Programmi/Java/ucsdunfoldingmaps/lib/json4processing.jar:/home/ema/Dropbox/ACCADEMIC/Programmi/Java/ucsdunfoldingmaps/lib/libTUIO.jar:/home/ema/Dropbox/ACCADEMIC/Programmi/Java/ucsdunfoldingmaps/lib/unfolding.0.9.7-uscd.jar
Launcher Type: SUN_STANDARD

Environment Variables:
PATH=/usr/local/sbin:/usr/local/bin:/usr/sbin:/usr/bin:/sbin:/bin:/usr/games:/usr/local/games
SHELL=/bin/bash
DISPLAY=:0

Signal Handlers:
SIGSEGV: [libjvm.so+0xabdee0], sa_mask[0]=11111111011111111101111111111110, sa_flags=SA_RESTART|SA_SIGINFO
SIGBUS: [libjvm.so+0xabdee0], sa_mask[0]=11111111011111111101111111111110, sa_flags=SA_RESTART|SA_SIGINFO
SIGFPE: [libjvm.so+0x91a580], sa_mask[0]=11111111011111111101111111111110, sa_flags=SA_RESTART|SA_SIGINFO
SIGPIPE: [libjvm.so+0x91a580], sa_mask[0]=11111111011111111101111111111110, sa_flags=SA_RESTART|SA_SIGINFO
SIGXFSZ: [libjvm.so+0x91a580], sa_mask[0]=11111111011111111101111111111110, sa_flags=SA_RESTART|SA_SIGINFO
SIGILL: [libjvm.so+0x91a580], sa_mask[0]=11111111011111111101111111111110, sa_flags=SA_RESTART|SA_SIGINFO
SIGUSR1: SIG_DFL, sa_mask[0]=00000000000000000000000000000000, sa_flags=none
SIGUSR2: [libjvm.so+0x91bbb0], sa_mask[0]=00100000000000000000000000000000, sa_flags=SA_RESTART|SA_SIGINFO
SIGHUP: [libjvm.so+0x91cfb0], sa_mask[0]=11111111011111111101111111111110, sa_flags=SA_RESTART|SA_SIGINFO
SIGINT: [libjvm.so+0x91cfb0], sa_mask[0]=11111111011111111101111111111110, sa_flags=SA_RESTART|SA_SIGINFO
SIGTERM: [libjvm.so+0x91cfb0], sa_mask[0]=11111111011111111101111111111110, sa_flags=SA_RESTART|SA_SIGINFO
SIGQUIT: [libjvm.so+0x91cfb0], sa_mask[0]=11111111011111111101111111111110, sa_flags=SA_RESTART|SA_SIGINFO


---------------  S Y S T E M  ---------------

OS:DISTRIB_ID=Ubuntu
DISTRIB_RELEASE=15.04
DISTRIB_CODENAME=vivid
DISTRIB_DESCRIPTION="Ubuntu 15.04"

uname:Linux 3.19.0-69-generic #77-Ubuntu SMP Mon Aug 29 19:53:54 UTC 2016 x86_64
libc:glibc 2.21 NPTL 2.21 
rlimit: STACK 8192k, CORE 0k, NPROC 23746, NOFILE 65536, AS infinity
load average:1,11 0,89 0,56

/proc/meminfo:
MemTotal:        6101264 kB
MemFree:         1339628 kB
MemAvailable:    2842172 kB
Buffers:          701392 kB
Cached:           977988 kB
SwapCached:            0 kB
Active:          3994492 kB
Inactive:         491376 kB
Active(anon):    2810500 kB
Inactive(anon):    41280 kB
Active(file):    1183992 kB
Inactive(file):   450096 kB
Unevictable:          60 kB
Mlocked:              60 kB
SwapTotal:             0 kB
SwapFree:              0 kB
Dirty:              1896 kB
Writeback:             0 kB
AnonPages:       2806660 kB
Mapped:           434396 kB
Shmem:             45296 kB
Slab:             123872 kB
SReclaimable:      74800 kB
SUnreclaim:        49072 kB
KernelStack:       12528 kB
PageTables:        39280 kB
NFS_Unstable:          0 kB
Bounce:                0 kB
WritebackTmp:          0 kB
CommitLimit:     3050632 kB
Committed_AS:    7520516 kB
VmallocTotal:   34359738367 kB
VmallocUsed:      317784 kB
VmallocChunk:   34359289340 kB
HardwareCorrupted:     0 kB
AnonHugePages:   1271808 kB
CmaTotal:              0 kB
CmaFree:               0 kB
HugePages_Total:       0
HugePages_Free:        0
HugePages_Rsvd:        0
HugePages_Surp:        0
Hugepagesize:       2048 kB
DirectMap4k:      171520 kB
DirectMap2M:     6111232 kB


CPU:total 8 (4 cores per cpu, 2 threads per core) family 6 model 26 stepping 5, cmov, cx8, fxsr, mmx, sse, sse2, sse3, ssse3, sse4.1, sse4.2, popcnt, ht, tsc, tscinvbit, tscinv

/proc/cpuinfo:
processor	: 0
vendor_id	: GenuineIntel
cpu family	: 6
model		: 26
model name	: Intel(R) Core(TM) i7 CPU         920  @ 2.67GHz
stepping	: 5
microcode	: 0xf
cpu MHz		: 2000.000
cache size	: 8192 KB
physical id	: 0
siblings	: 8
core id		: 0
cpu cores	: 4
apicid		: 0
initial apicid	: 0
fpu		: yes
fpu_exception	: yes
cpuid level	: 11
wp		: yes
flags		: fpu vme de pse tsc msr pae mce cx8 apic sep mtrr pge mca cmov pat pse36 clflush dts acpi mmx fxsr sse sse2 ss ht tm pbe syscall nx rdtscp lm constant_tsc arch_perfmon pebs bts rep_good nopl xtopology nonstop_tsc aperfmperf pni dtes64 monitor ds_cpl vmx est tm2 ssse3 cx16 xtpr pdcm sse4_1 sse4_2 popcnt lahf_lm ida dtherm tpr_shadow vnmi flexpriority ept vpid
bugs		:
bogomips	: 5344.97
clflush size	: 64
cache_alignment	: 64
address sizes	: 36 bits physical, 48 bits virtual
power management:

processor	: 1
vendor_id	: GenuineIntel
cpu family	: 6
model		: 26
model name	: Intel(R) Core(TM) i7 CPU         920  @ 2.67GHz
stepping	: 5
microcode	: 0xf
cpu MHz		: 1733.000
cache size	: 8192 KB
physical id	: 0
siblings	: 8
core id		: 1
cpu cores	: 4
apicid		: 2
initial apicid	: 2
fpu		: yes
fpu_exception	: yes
cpuid level	: 11
wp		: yes
flags		: fpu vme de pse tsc msr pae mce cx8 apic sep mtrr pge mca cmov pat pse36 clflush dts acpi mmx fxsr sse sse2 ss ht tm pbe syscall nx rdtscp lm constant_tsc arch_perfmon pebs bts rep_good nopl xtopology nonstop_tsc aperfmperf pni dtes64 monitor ds_cpl vmx est tm2 ssse3 cx16 xtpr pdcm sse4_1 sse4_2 popcnt lahf_lm ida dtherm tpr_shadow vnmi flexpriority ept vpid
bugs		:
bogomips	: 5344.97
clflush size	: 64
cache_alignment	: 64
address sizes	: 36 bits physical, 48 bits virtual
power management:

processor	: 2
vendor_id	: GenuineIntel
cpu family	: 6
model		: 26
model name	: Intel(R) Core(TM) i7 CPU         920  @ 2.67GHz
stepping	: 5
microcode	: 0xf
cpu MHz		: 2000.000
cache size	: 8192 KB
physical id	: 0
siblings	: 8
core id		: 2
cpu cores	: 4
apicid		: 4
initial apicid	: 4
fpu		: yes
fpu_exception	: yes
cpuid level	: 11
wp		: yes
flags		: fpu vme de pse tsc msr pae mce cx8 apic sep mtrr pge mca cmov pat pse36 clflush dts acpi mmx fxsr sse sse2 ss ht tm pbe syscall nx rdtscp lm constant_tsc arch_perfmon pebs bts rep_good nopl xtopology nonstop_tsc aperfmperf pni dtes64 monitor ds_cpl vmx est tm2 ssse3 cx16 xtpr pdcm sse4_1 sse4_2 popcnt lahf_lm ida dtherm tpr_shadow vnmi flexpriority ept vpid
bugs		:
bogomips	: 5344.97
clflush size	: 64
cache_alignment	: 64
address sizes	: 36 bits physical, 48 bits virtual
power management:

processor	: 3
vendor_id	: GenuineIntel
cpu family	: 6
model		: 26
model name	: Intel(R) Core(TM) i7 CPU         920  @ 2.67GHz
stepping	: 5
microcode	: 0xf
cpu MHz		: 2533.000
cache size	: 8192 KB
physical id	: 0
siblings	: 8
core id		: 3
cpu cores	: 4
apicid		: 6
initial apicid	: 6
fpu		: yes
fpu_exception	: yes
cpuid level	: 11
wp		: yes
flags		: fpu vme de pse tsc msr pae mce cx8 apic sep mtrr pge mca cmov pat pse36 clflush dts acpi mmx fxsr sse sse2 ss ht tm pbe syscall nx rdtscp lm constant_tsc arch_perfmon pebs bts rep_good nopl xtopology nonstop_tsc aperfmperf pni dtes64 monitor ds_cpl vmx est tm2 ssse3 cx16 xtpr pdcm sse4_1 sse4_2 popcnt lahf_lm ida dtherm tpr_shadow vnmi flexpriority ept vpid
bugs		:
bogomips	: 5344.97
clflush size	: 64
cache_alignment	: 64
address sizes	: 36 bits physical, 48 bits virtual
power management:

processor	: 4
vendor_id	: GenuineIntel
cpu family	: 6
model		: 26
model name	: Intel(R) Core(TM) i7 CPU         920  @ 2.67GHz
stepping	: 5
microcode	: 0xf
cpu MHz		: 1867.000
cache size	: 8192 KB
physical id	: 0
siblings	: 8
core id		: 0
cpu cores	: 4
apicid		: 1
initial apicid	: 1
fpu		: yes
fpu_exception	: yes
cpuid level	: 11
wp		: yes
flags		: fpu vme de pse tsc msr pae mce cx8 apic sep mtrr pge mca cmov pat pse36 clflush dts acpi mmx fxsr sse sse2 ss ht tm pbe syscall nx rdtscp lm constant_tsc arch_perfmon pebs bts rep_good nopl xtopology nonstop_tsc aperfmperf pni dtes64 monitor ds_cpl vmx est tm2 ssse3 cx16 xtpr pdcm sse4_1 sse4_2 popcnt lahf_lm ida dtherm tpr_shadow vnmi flexpriority ept vpid
bugs		:
bogomips	: 5344.97
clflush size	: 64
cache_alignment	: 64
address sizes	: 36 bits physical, 48 bits virtual
power management:

processor	: 5
vendor_id	: GenuineIntel
cpu family	: 6
model		: 26
model name	: Intel(R) Core(TM) i7 CPU         920  @ 2.67GHz
stepping	: 5
microcode	: 0xf
cpu MHz		: 1600.000
cache size	: 8192 KB
physical id	: 0
siblings	: 8
core id		: 1
cpu cores	: 4
apicid		: 3
initial apicid	: 3
fpu		: yes
fpu_exception	: yes
cpuid level	: 11
wp		: yes
flags		: fpu vme de pse tsc msr pae mce cx8 apic sep mtrr pge mca cmov pat pse36 clflush dts acpi mmx fxsr sse sse2 ss ht tm pbe syscall nx rdtscp lm constant_tsc arch_perfmon pebs bts rep_good nopl xtopology nonstop_tsc aperfmperf pni dtes64 monitor ds_cpl vmx est tm2 ssse3 cx16 xtpr pdcm sse4_1 sse4_2 popcnt lahf_lm ida dtherm tpr_shadow vnmi flexpriority ept vpid
bugs		:
bogomips	: 5344.97
clflush size	: 64
cache_alignment	: 64
address sizes	: 36 bits physical, 48 bits virtual
power management:

processor	: 6
vendor_id	: GenuineIntel
cpu family	: 6
model		: 26
model name	: Intel(R) Core(TM) i7 CPU         920  @ 2.67GHz
stepping	: 5
microcode	: 0xf
cpu MHz		: 1867.000
cache size	: 8192 KB
physical id	: 0
siblings	: 8
core id		: 2
cpu cores	: 4
apicid		: 5
initial apicid	: 5
fpu		: yes
fpu_exception	: yes
cpuid level	: 11
wp		: yes
flags		: fpu vme de pse tsc msr pae mce cx8 apic sep mtrr pge mca cmov pat pse36 clflush dts acpi mmx fxsr sse sse2 ss ht tm pbe syscall nx rdtscp lm constant_tsc arch_perfmon pebs bts rep_good nopl xtopology nonstop_tsc aperfmperf pni dtes64 monitor ds_cpl vmx est tm2 ssse3 cx16 xtpr pdcm sse4_1 sse4_2 popcnt lahf_lm ida dtherm tpr_shadow vnmi flexpriority ept vpid
bugs		:
bogomips	: 5344.97
clflush size	: 64
cache_alignment	: 64
address sizes	: 36 bits physical, 48 bits virtual
power management:

processor	: 7
vendor_id	: GenuineIntel
cpu family	: 6
model		: 26
model name	: Intel(R) Core(TM) i7 CPU         920  @ 2.67GHz
stepping	: 5
microcode	: 0xf
cpu MHz		: 1600.000
cache size	: 8192 KB
physical id	: 0
siblings	: 8
core id		: 3
cpu cores	: 4
apicid		: 7
initial apicid	: 7
fpu		: yes
fpu_exception	: yes
cpuid level	: 11
wp		: yes
flags		: fpu vme de pse tsc msr pae mce cx8 apic sep mtrr pge mca cmov pat pse36 clflush dts acpi mmx fxsr sse sse2 ss ht tm pbe syscall nx rdtscp lm constant_tsc arch_perfmon pebs bts rep_good nopl xtopology nonstop_tsc aperfmperf pni dtes64 monitor ds_cpl vmx est tm2 ssse3 cx16 xtpr pdcm sse4_1 sse4_2 popcnt lahf_lm ida dtherm tpr_shadow vnmi flexpriority ept vpid
bugs		:
bogomips	: 5344.97
clflush size	: 64
cache_alignment	: 64
address sizes	: 36 bits physical, 48 bits virtual
power management:



Memory: 4k page, physical 6101264k(1339628k free), swap 0k(0k free)

vm_info: Java HotSpot(TM) 64-Bit Server VM (25.92-b14) for linux-amd64 JRE (1.8.0_92-b14), built on Mar 31 2016 21:08:29 by "java_re" with gcc 4.3.0 20080428 (Red Hat 4.3.0-8)

time: Thu Oct  6 16:56:52 2016
elapsed time: 4 seconds (0d 0h 0m 4s)

