#
# A fatal error has been detected by the Java Runtime Environment:
#
#  SIGSEGV (0xb) at pc=0x00007f494f1984eb, pid=11978, tid=139952981460736
#
# JRE version: OpenJDK Runtime Environment (8.0_91-b14) (build 1.8.0_91-8u91-b14-3ubuntu1~16.04.1-b14)
# Java VM: OpenJDK 64-Bit Server VM (25.91-b14 mixed mode linux-amd64 compressed oops)
# Problematic frame:
# C  [r600_dri.so+0x3254eb]
#
# Failed to write core dump. Core dumps have been disabled. To enable core dumping, try "ulimit -c unlimited" before starting Java again
#
# If you would like to submit a bug report, please visit:
#   http://bugreport.java.com/bugreport/crash.jsp
# The crash happened outside the Java Virtual Machine in native code.
# See problematic frame for where to report the bug.
#

---------------  T H R E A D  ---------------

Current thread (0x00007f495c003000):  JavaThread "AWT-EventQueue-1" [_thread_in_native, id=12005, stack(0x00007f4957aec000,0x00007f4957bed000)]

siginfo: si_signo: 11 (SIGSEGV), si_code: 1 (SEGV_MAPERR), si_addr: 0x000000000000c030

Registers:
RAX=0x0000000000000000, RBX=0x00007f495c0ccd40, RCX=0x0000000000000000, RDX=0x0000000000000001
RSP=0x00007f4957bea710, RBP=0x000000000000c000, RSI=0x00007f495c0cd720, RDI=0x0000000100000000
R8 =0x0000000000000000, R9 =0x00007f49566efd50, R10=0x00007f4991015528, R11=0x00007f49a8bdd920
R12=0x0000000000000001, R13=0x00007f49585e7820, R14=0x0000000000000001, R15=0x0000000000000000
RIP=0x00007f494f1984eb, EFLAGS=0x0000000000010202, CSGSFS=0x0000000000000033, ERR=0x0000000000000004
  TRAPNO=0x000000000000000e

Top of Stack: (sp=0x00007f4957bea710)
0x00007f4957bea710:   00007f4990aa3b78 0000000000000000
0x00007f4957bea720:   00007f4957bea748 3655161b7180b000
0x00007f4957bea730:   00007f4991007b10 0000000000000000
0x00007f4957bea740:   0000000000000000 00007f495c0ccc10
0x00007f4957bea750:   00007f49585e7820 00007f49585e7c60
0x00007f4957bea760:   0000000000000000 00007f49566efdf8
0x00007f4957bea770:   00007f4957bea7a0 00007f49585e7e10
0x00007f4957bea780:   00007f4900000000 0000000000000000
0x00007f4957bea790:   0000000003c00053 00007f49566c4b31
0x00007f4957bea7a0:   00007f495c0ccc10 3655161b7180b000
0x00007f4957bea7b0:   0000000003c00053 00007f4956958350
0x00007f4957bea7c0:   00007f4957bea830 0000000000000000
0x00007f4957bea7d0:   00007f4956958350 00007f4957bea900
0x00007f4957bea7e0:   00007f495c003000 00007f4954df7849
0x00007f4957bea7f0:   0000000000000000 00007f49566c4b60
0x00007f4957bea800:   0000000003c00053 00007f49585e9f50
0x00007f4957bea810:   00007f4957bea8c8 00007f495c0031e0
0x00007f4957bea820:   00000000eff63818 00007f49566c4b60
0x00007f4957bea830:   00007f4957bea8b8 00007f4991015554
0x00007f4957bea840:   00007f4956a6dbd8 0000000000000000
0x00007f4957bea850:   00007f4956a6d470 0000000000000000
0x00007f4957bea860:   00007f4957bea878 00007f4957bea8c8
0x00007f4957bea870:   00007f4957bea870 00007f4957bea878
0x00007f4957bea880:   0000000000000000 00007f4957bea900
0x00007f4957bea890:   00007f49569599f0 0000000000000000
0x00007f4957bea8a0:   00007f4956958350 0000000000000000
0x00007f4957bea8b0:   00007f4957bea8d8 00007f4957bea948
0x00007f4957bea8c0:   00007f4991007ffd 00000000c9bced50
0x00007f4957bea8d0:   00007f4991011278 00007f49566c4b60
0x00007f4957bea8e0:   00007f49569663f0 0000000003c00053
0x00007f4957bea8f0:   00007f4956943270 00007f49585e9f50
0x00007f4957bea900:   00000000c9bcf118 00007f4957bea908 

Instructions: (pc=0x00007f494f1984eb)
0x00007f494f1984cb:   01 c6 44 24 0f 00 0f 84 d9 00 00 00 48 8b b3 30
0x00007f494f1984db:   01 00 00 48 85 f6 0f 84 c9 00 00 00 83 7b 38 01
0x00007f494f1984eb:   48 8b 55 30 4c 8b 6a 18 0f 8e 4f 02 00 00 45 85
0x00007f494f1984fb:   ff 0f 85 46 02 00 00 48 8b 93 68 01 00 00 48 85 

Register to memory mapping:

RAX=0x0000000000000000 is an unknown value
RBX=0x00007f495c0ccd40 is an unknown value
RCX=0x0000000000000000 is an unknown value
RDX=0x0000000000000001 is an unknown value
RSP=0x00007f4957bea710 is pointing into the stack for thread: 0x00007f495c003000
RBP=0x000000000000c000 is an unknown value
RSI=0x00007f495c0cd720 is an unknown value
RDI=0x0000000100000000 is pointing into metadata
R8 =0x0000000000000000 is an unknown value
R9 =0x00007f49566efd50: <offset 0x45d50> in /usr/lib/x86_64-linux-gnu/mesa/libGL.so.1 at 0x00007f49566aa000
R10=0x00007f4991015528 is at code_begin+808 in an Interpreter codelet
method entry point (kind = native)  [0x00007f4991015200, 0x00007f4991015b00]  2304 bytes
R11=0x00007f49a8bdd920: <offset 0x953920> in /usr/lib/jvm/java-8-openjdk-amd64/jre/lib/amd64/server/libjvm.so at 0x00007f49a828a000
R12=0x0000000000000001 is an unknown value
R13=0x00007f49585e7820 is an unknown value
R14=0x0000000000000001 is an unknown value
R15=0x0000000000000000 is an unknown value


Stack: [0x00007f4957aec000,0x00007f4957bed000],  sp=0x00007f4957bea710,  free space=1017k
Native frames: (J=compiled Java code, j=interpreted, Vv=VM code, C=native code)
C  [r600_dri.so+0x3254eb]

Java frames: (J=compiled Java code, j=interpreted, Vv=VM code)
j  jogamp.opengl.x11.glx.GLX.dispatch_glXSwapBuffers0(JJJ)V+0
j  jogamp.opengl.x11.glx.GLX.glXSwapBuffers(JJ)V+41
j  jogamp.opengl.x11.glx.X11GLXDrawable.swapBuffersImpl(Z)V+17
j  jogamp.opengl.GLDrawableImpl.swapBuffers()V+67
j  javax.media.opengl.awt.GLCanvas$12.run()V+45
j  java.awt.event.InvocationEvent.dispatch()V+11
j  java.awt.EventQueue.dispatchEventImpl(Ljava/awt/AWTEvent;Ljava/lang/Object;)V+21
j  java.awt.EventQueue.access$500(Ljava/awt/EventQueue;Ljava/awt/AWTEvent;Ljava/lang/Object;)V+3
j  java.awt.EventQueue$3.run()Ljava/lang/Void;+32
j  java.awt.EventQueue$3.run()Ljava/lang/Object;+1
v  ~StubRoutines::call_stub
J 531  java.security.AccessController.doPrivileged(Ljava/security/PrivilegedAction;Ljava/security/AccessControlContext;)Ljava/lang/Object; (0 bytes) @ 0x00007f4991247623 [0x00007f49912475c0+0x63]
J 1500 C1 java.security.ProtectionDomain$JavaSecurityAccessImpl.doIntersectionPrivilege(Ljava/security/PrivilegedAction;Ljava/security/AccessControlContext;Ljava/security/AccessControlContext;)Ljava/lang/Object; (22 bytes) @ 0x00007f49915391dc [0x00007f4991539060+0x17c]
j  java.awt.EventQueue.dispatchEvent(Ljava/awt/AWTEvent;)V+46
j  java.awt.EventDispatchThread.pumpOneEventForFilters(I)V+245
j  java.awt.EventDispatchThread.pumpEventsForFilter(ILjava/awt/Conditional;Ljava/awt/EventFilter;)V+35
j  java.awt.EventDispatchThread.pumpEventsForHierarchy(ILjava/awt/Conditional;Ljava/awt/Component;)V+11
j  java.awt.EventDispatchThread.pumpEvents(ILjava/awt/Conditional;)V+4
j  java.awt.EventDispatchThread.pumpEvents(Ljava/awt/Conditional;)V+3
j  java.awt.EventDispatchThread.run()V+9
v  ~StubRoutines::call_stub

---------------  P R O C E S S  ---------------

Java Threads: ( => current thread )
  0x00007f495c152800 JavaThread "Thread-3" [_thread_blocked, id=12021, stack(0x00007f4988023000,0x00007f4988124000)]
  0x00007f49581be000 JavaThread "Animation Thread-SharedResourceRunner" daemon [_thread_blocked, id=12013, stack(0x00007f49577eb000,0x00007f49578ec000)]
  0x00007f4958079000 JavaThread "process reaper" daemon [_thread_blocked, id=12009, stack(0x00007f499001c000,0x00007f4990055000)]
=>0x00007f495c003000 JavaThread "AWT-EventQueue-1" [_thread_in_native, id=12005, stack(0x00007f4957aec000,0x00007f4957bed000)]
  0x00007f49a000a000 JavaThread "DestroyJavaVM" [_thread_blocked, id=11982, stack(0x00007f49a9ed2000,0x00007f49a9fd3000)]
  0x00007f49a02ee000 JavaThread "AWT-EventQueue-0" [_thread_blocked, id=12002, stack(0x00007f498863d000,0x00007f498873e000)]
  0x00007f49a02ea000 JavaThread "AWT-Shutdown" [_thread_blocked, id=12001, stack(0x00007f498873e000,0x00007f498883f000)]
  0x00007f49a02d6000 JavaThread "thread applet-module4.EarthquakeCityMap.class" [_thread_blocked, id=12000, stack(0x00007f498883f000,0x00007f4988940000)]
  0x00007f49a02c9800 JavaThread "AWT-XAWT" daemon [_thread_blocked, id=11995, stack(0x00007f4988940000,0x00007f4988a41000)]
  0x00007f49a02a4000 JavaThread "Java2D Disposer" daemon [_thread_blocked, id=11994, stack(0x00007f4988e51000,0x00007f4988f52000)]
  0x00007f49a00b0000 JavaThread "Service Thread" daemon [_thread_blocked, id=11992, stack(0x00007f498ae39000,0x00007f498af3a000)]
  0x00007f49a00ad000 JavaThread "C1 CompilerThread1" daemon [_thread_blocked, id=11991, stack(0x00007f498af3a000,0x00007f498b03b000)]
  0x00007f49a00aa000 JavaThread "C2 CompilerThread0" daemon [_thread_blocked, id=11990, stack(0x00007f498b03b000,0x00007f498b13c000)]
  0x00007f49a00a8000 JavaThread "Signal Dispatcher" daemon [_thread_blocked, id=11989, stack(0x00007f498b13c000,0x00007f498b23d000)]
  0x00007f49a007f800 JavaThread "Finalizer" daemon [_thread_blocked, id=11988, stack(0x00007f498bbfc000,0x00007f498bcfd000)]
  0x00007f49a007b000 JavaThread "Reference Handler" daemon [_thread_blocked, id=11987, stack(0x00007f498bcfd000,0x00007f498bdfe000)]

Other Threads:
  0x00007f49a0073800 VMThread [stack: 0x00007f498bdfe000,0x00007f498beff000] [id=11986]
  0x00007f49a00b6800 WatcherThread [stack: 0x00007f498ad38000,0x00007f498ae39000] [id=11993]

VM state:not at safepoint (normal execution)

VM Mutex/Monitor currently owned by a thread: None

Heap:
 PSYoungGen      total 65536K, used 42362K [0x00000000edc00000, 0x00000000f2300000, 0x0000000100000000)
  eden space 59392K, 63% used [0x00000000edc00000,0x00000000f00cfba8,0x00000000f1600000)
  from space 6144K, 75% used [0x00000000f1d00000,0x00000000f218ed08,0x00000000f2300000)
  to   space 6656K, 0% used [0x00000000f1600000,0x00000000f1600000,0x00000000f1c80000)
 ParOldGen       total 38400K, used 13507K [0x00000000c9400000, 0x00000000cb980000, 0x00000000edc00000)
  object space 38400K, 35% used [0x00000000c9400000,0x00000000ca130ef0,0x00000000cb980000)
 Metaspace       used 20027K, capacity 20237K, committed 20736K, reserved 1069056K
  class space    used 1890K, capacity 1956K, committed 2048K, reserved 1048576K

Card table byte_map: [0x00007f49a63e1000,0x00007f49a6598000] byte_map_base: 0x00007f49a5d97000

Marking Bits: (ParMarkBitMap*) 0x00007f49a919efc0
 Begin Bits: [0x00007f49a455b000, 0x00007f49a530b000)
 End Bits:   [0x00007f49a530b000, 0x00007f49a60bb000)

Polling page: 0x00007f49a9ff0000

CodeCache: size=245760Kb used=6092Kb max_used=6092Kb free=239667Kb
 bounds [0x00007f4991000000, 0x00007f4991600000, 0x00007f49a0000000]
 total_blobs=2592 nmethods=1625 adapters=882
 compilation: enabled

Compilation events (10 events):
Event: 22,710 Thread 0x00007f49a00ad000 nmethod 1659 0x00007f49915ef9d0 code [0x00007f49915efca0, 0x00007f49915f0ef8]
Event: 22,822 Thread 0x00007f49a00ad000 1660       3       sun.java2d.Disposer::addRecord (9 bytes)
Event: 22,823 Thread 0x00007f49a00ad000 nmethod 1660 0x00007f49915f1c50 code [0x00007f49915f1dc0, 0x00007f49915f1f48]
Event: 24,450 Thread 0x00007f49a00ad000 1661       1       java.awt.Component::getTreeLock (4 bytes)
Event: 24,451 Thread 0x00007f49a00ad000 nmethod 1661 0x00007f49915f2010 code [0x00007f49915f2160, 0x00007f49915f2270]
Event: 24,457 Thread 0x00007f49a00ad000 1664       3       sun.font.XRGlyphCacheEntry::getXAdvance (16 bytes)
Event: 24,458 Thread 0x00007f49a00ad000 nmethod 1664 0x00007f49915f22d0 code [0x00007f49915f2440, 0x00007f49915f25b0]
Event: 24,458 Thread 0x00007f49a00ad000 1665       3       sun.font.XRGlyphCacheEntry::getYAdvance (16 bytes)
Event: 24,458 Thread 0x00007f49a00ad000 nmethod 1665 0x00007f49915f2610 code [0x00007f49915f2780, 0x00007f49915f28f0]
Event: 24,458 Thread 0x00007f49a00ad000 1662       3       java.awt.EventQueue::dispatchEvent (80 bytes)

GC Heap History (10 events):
Event: 3,313 GC heap before
{Heap before GC invocations=2 (full 0):
 PSYoungGen      total 16896K, used 16864K [0x00000000edc00000, 0x00000000eee80000, 0x0000000100000000)
  eden space 14848K, 100% used [0x00000000edc00000,0x00000000eea80000,0x00000000eea80000)
  from space 2048K, 98% used [0x00000000eea80000,0x00000000eec78020,0x00000000eec80000)
  to   space 2048K, 0% used [0x00000000eec80000,0x00000000eec80000,0x00000000eee80000)
 ParOldGen       total 38400K, used 964K [0x00000000c9400000, 0x00000000cb980000, 0x00000000edc00000)
  object space 38400K, 2% used [0x00000000c9400000,0x00000000c94f11c8,0x00000000cb980000)
 Metaspace       used 16493K, capacity 16687K, committed 17024K, reserved 1064960K
  class space    used 1564K, capacity 1631K, committed 1664K, reserved 1048576K
Event: 3,331 GC heap after
Heap after GC invocations=2 (full 0):
 PSYoungGen      total 16896K, used 2034K [0x00000000edc00000, 0x00000000eee80000, 0x0000000100000000)
  eden space 14848K, 0% used [0x00000000edc00000,0x00000000edc00000,0x00000000eea80000)
  from space 2048K, 99% used [0x00000000eec80000,0x00000000eee7c840,0x00000000eee80000)
  to   space 2048K, 0% used [0x00000000eea80000,0x00000000eea80000,0x00000000eec80000)
 ParOldGen       total 38400K, used 3082K [0x00000000c9400000, 0x00000000cb980000, 0x00000000edc00000)
  object space 38400K, 8% used [0x00000000c9400000,0x00000000c9702940,0x00000000cb980000)
 Metaspace       used 16493K, capacity 16687K, committed 17024K, reserved 1064960K
  class space    used 1564K, capacity 1631K, committed 1664K, reserved 1048576K
}
Event: 4,680 GC heap before
{Heap before GC invocations=3 (full 0):
 PSYoungGen      total 16896K, used 16882K [0x00000000edc00000, 0x00000000eee80000, 0x0000000100000000)
  eden space 14848K, 100% used [0x00000000edc00000,0x00000000eea80000,0x00000000eea80000)
  from space 2048K, 99% used [0x00000000eec80000,0x00000000eee7c840,0x00000000eee80000)
  to   space 2048K, 0% used [0x00000000eea80000,0x00000000eea80000,0x00000000eec80000)
 ParOldGen       total 38400K, used 3082K [0x00000000c9400000, 0x00000000cb980000, 0x00000000edc00000)
  object space 38400K, 8% used [0x00000000c9400000,0x00000000c9702940,0x00000000cb980000)
 Metaspace       used 17889K, capacity 18069K, committed 18432K, reserved 1067008K
  class space    used 1705K, capacity 1792K, committed 1792K, reserved 1048576K
Event: 4,707 GC heap after
Heap after GC invocations=3 (full 0):
 PSYoungGen      total 16896K, used 2032K [0x00000000edc00000, 0x00000000efd00000, 0x0000000100000000)
  eden space 14848K, 0% used [0x00000000edc00000,0x00000000edc00000,0x00000000eea80000)
  from space 2048K, 99% used [0x00000000eea80000,0x00000000eec7c070,0x00000000eec80000)
  to   space 2048K, 0% used [0x00000000efb00000,0x00000000efb00000,0x00000000efd00000)
 ParOldGen       total 38400K, used 7316K [0x00000000c9400000, 0x00000000cb980000, 0x00000000edc00000)
  object space 38400K, 19% used [0x00000000c9400000,0x00000000c9b250f8,0x00000000cb980000)
 Metaspace       used 17889K, capacity 18069K, committed 18432K, reserved 1067008K
  class space    used 1705K, capacity 1792K, committed 1792K, reserved 1048576K
}
Event: 5,969 GC heap before
{Heap before GC invocations=4 (full 0):
 PSYoungGen      total 16896K, used 16880K [0x00000000edc00000, 0x00000000efd00000, 0x0000000100000000)
  eden space 14848K, 100% used [0x00000000edc00000,0x00000000eea80000,0x00000000eea80000)
  from space 2048K, 99% used [0x00000000eea80000,0x00000000eec7c070,0x00000000eec80000)
  to   space 2048K, 0% used [0x00000000efb00000,0x00000000efb00000,0x00000000efd00000)
 ParOldGen       total 38400K, used 7316K [0x00000000c9400000, 0x00000000cb980000, 0x00000000edc00000)
  object space 38400K, 19% used [0x00000000c9400000,0x00000000c9b250f8,0x00000000cb980000)
 Metaspace       used 19687K, capacity 19905K, committed 20224K, reserved 1067008K
  class space    used 1883K, capacity 1954K, committed 2048K, reserved 1048576K
Event: 6,038 GC heap after
Heap after GC invocations=4 (full 0):
 PSYoungGen      total 31744K, used 2034K [0x00000000edc00000, 0x00000000efd00000, 0x0000000100000000)
  eden space 29696K, 0% used [0x00000000edc00000,0x00000000edc00000,0x00000000ef900000)
  from space 2048K, 99% used [0x00000000efb00000,0x00000000efcfc880,0x00000000efd00000)
  to   space 2048K, 0% used [0x00000000ef900000,0x00000000ef900000,0x00000000efb00000)
 ParOldGen       total 38400K, used 10933K [0x00000000c9400000, 0x00000000cb980000, 0x00000000edc00000)
  object space 38400K, 28% used [0x00000000c9400000,0x00000000c9ead5e0,0x00000000cb980000)
 Metaspace       used 19687K, capacity 19905K, committed 20224K, reserved 1067008K
  class space    used 1883K, capacity 1954K, committed 2048K, reserved 1048576K
}
Event: 7,044 GC heap before
{Heap before GC invocations=5 (full 0):
 PSYoungGen      total 31744K, used 31730K [0x00000000edc00000, 0x00000000efd00000, 0x0000000100000000)
  eden space 29696K, 100% used [0x00000000edc00000,0x00000000ef900000,0x00000000ef900000)
  from space 2048K, 99% used [0x00000000efb00000,0x00000000efcfc880,0x00000000efd00000)
  to   space 2048K, 0% used [0x00000000ef900000,0x00000000ef900000,0x00000000efb00000)
 ParOldGen       total 38400K, used 10933K [0x00000000c9400000, 0x00000000cb980000, 0x00000000edc00000)
  object space 38400K, 28% used [0x00000000c9400000,0x00000000c9ead5e0,0x00000000cb980000)
 Metaspace       used 19804K, capacity 19969K, committed 20224K, reserved 1067008K
  class space    used 1883K, capacity 1954K, committed 2048K, reserved 1048576K
Event: 7,076 GC heap after
Heap after GC invocations=5 (full 0):
 PSYoungGen      total 31744K, used 2034K [0x00000000edc00000, 0x00000000f2400000, 0x0000000100000000)
  eden space 29696K, 0% used [0x00000000edc00000,0x00000000edc00000,0x00000000ef900000)
  from space 2048K, 99% used [0x00000000ef900000,0x00000000efafc8c0,0x00000000efb00000)
  to   space 7168K, 0% used [0x00000000f1d00000,0x00000000f1d00000,0x00000000f2400000)
 ParOldGen       total 38400K, used 13507K [0x00000000c9400000, 0x00000000cb980000, 0x00000000edc00000)
  object space 38400K, 35% used [0x00000000c9400000,0x00000000ca130ef0,0x00000000cb980000)
 Metaspace       used 19804K, capacity 19969K, committed 20224K, reserved 1067008K
  class space    used 1883K, capacity 1954K, committed 2048K, reserved 1048576K
}
Event: 7,955 GC heap before
{Heap before GC invocations=6 (full 0):
 PSYoungGen      total 31744K, used 31410K [0x00000000edc00000, 0x00000000f2400000, 0x0000000100000000)
  eden space 29696K, 98% used [0x00000000edc00000,0x00000000ef8b01d8,0x00000000ef900000)
  from space 2048K, 99% used [0x00000000ef900000,0x00000000efafc8c0,0x00000000efb00000)
  to   space 7168K, 0% used [0x00000000f1d00000,0x00000000f1d00000,0x00000000f2400000)
 ParOldGen       total 38400K, used 13507K [0x00000000c9400000, 0x00000000cb980000, 0x00000000edc00000)
  object space 38400K, 35% used [0x00000000c9400000,0x00000000ca130ef0,0x00000000cb980000)
 Metaspace       used 19867K, capacity 20039K, committed 20480K, reserved 1067008K
  class space    used 1884K, capacity 1955K, committed 2048K, reserved 1048576K
Event: 7,996 GC heap after
Heap after GC invocations=6 (full 0):
 PSYoungGen      total 65536K, used 4667K [0x00000000edc00000, 0x00000000f2300000, 0x0000000100000000)
  eden space 59392K, 0% used [0x00000000edc00000,0x00000000edc00000,0x00000000f1600000)
  from space 6144K, 75% used [0x00000000f1d00000,0x00000000f218ed08,0x00000000f2300000)
  to   space 6656K, 0% used [0x00000000f1600000,0x00000000f1600000,0x00000000f1c80000)
 ParOldGen       total 38400K, used 13507K [0x00000000c9400000, 0x00000000cb980000, 0x00000000edc00000)
  object space 38400K, 35% used [0x00000000c9400000,0x00000000ca130ef0,0x00000000cb980000)
 Metaspace       used 19867K, capacity 20039K, committed 20480K, reserved 1067008K
  class space    used 1884K, capacity 1955K, committed 2048K, reserved 1048576K
}

Deoptimization events (6 events):
Event: 2,062 Thread 0x00007f495c00e800 Uncommon trap: reason=unstable_if action=reinterpret pc=0x00007f4991216928 method=java.lang.String.indexOf([CII[CIII)I @ 3
Event: 3,851 Thread 0x00007f495c00e800 Uncommon trap: reason=unstable_if action=reinterpret pc=0x00007f4991378294 method=sun.net.www.ParseUtil.encodePath(Ljava/lang/String;Z)Ljava/lang/String; @ 109
Event: 4,358 Thread 0x00007f495c003000 Uncommon trap: reason=unstable_if action=reinterpret pc=0x00007f499139be24 method=com.jogamp.common.util.IntIntHashMap.get(I)I @ 19
Event: 4,415 Thread 0x00007f495c003000 Uncommon trap: reason=unstable_if action=reinterpret pc=0x00007f49911d6848 method=java.lang.AbstractStringBuilder.append(Ljava/lang/String;)Ljava/lang/AbstractStringBuilder; @ 1
Event: 5,350 Thread 0x00007f495c003000 Uncommon trap: reason=unstable_if action=reinterpret pc=0x00007f49913e439c method=sun.misc.FloatingDecimal.readJavaFormatString(Ljava/lang/String;)Lsun/misc/FloatingDecimal$ASCIIToBinaryConverter; @ 445
Event: 6,695 Thread 0x00007f495c003000 Uncommon trap: reason=unstable_if action=reinterpret pc=0x00007f49914e425c method=org.json.JSONTokener.nextClean()C @ 12

Internal exceptions (10 events):
Event: 6,939 Thread 0x00007f495c003000 Exception <a 'java/lang/reflect/InvocationTargetException'> (0x00000000eee74c78) thrown at [/build/openjdk-8-W1Ghxo/openjdk-8-8u91-b14/src/hotspot/src/share/vm/runtime/reflection.cpp, line 1092]
Event: 7,258 Thread 0x00007f495c003000 Exception <a 'java/lang/NullPointerException'> (0x00000000eddc3000) thrown at [/build/openjdk-8-W1Ghxo/openjdk-8-8u91-b14/src/hotspot/src/share/vm/interpreter/linkResolver.cpp, line 1178]
Event: 7,260 Thread 0x00007f495c003000 Exception <a 'java/lang/reflect/InvocationTargetException'> (0x00000000eddc37e0) thrown at [/build/openjdk-8-W1Ghxo/openjdk-8-8u91-b14/src/hotspot/src/share/vm/runtime/reflection.cpp, line 1092]
Event: 7,277 Thread 0x00007f495c003000 Exception <a 'java/lang/reflect/InvocationTargetException'> (0x00000000eddc5fb8) thrown at [/build/openjdk-8-W1Ghxo/openjdk-8-8u91-b14/src/hotspot/src/share/vm/runtime/reflection.cpp, line 1092]
Event: 7,563 Thread 0x00007f495c003000 Exception <a 'java/lang/NullPointerException'> (0x00000000eea4f828) thrown at [/build/openjdk-8-W1Ghxo/openjdk-8-8u91-b14/src/hotspot/src/share/vm/interpreter/linkResolver.cpp, line 1178]
Event: 7,568 Thread 0x00007f495c003000 Exception <a 'java/lang/reflect/InvocationTargetException'> (0x00000000eea527d8) thrown at [/build/openjdk-8-W1Ghxo/openjdk-8-8u91-b14/src/hotspot/src/share/vm/runtime/reflection.cpp, line 1092]
Event: 7,925 Thread 0x00007f495c003000 Exception <a 'java/lang/NullPointerException'> (0x00000000ef6a5308) thrown at [/build/openjdk-8-W1Ghxo/openjdk-8-8u91-b14/src/hotspot/src/share/vm/interpreter/linkResolver.cpp, line 1178]
Event: 8,301 Thread 0x00007f495c003000 Exception <a 'java/lang/NullPointerException'> (0x00000000ee6711d0) thrown at [/build/openjdk-8-W1Ghxo/openjdk-8-8u91-b14/src/hotspot/src/share/vm/interpreter/linkResolver.cpp, line 1178]
Event: 8,616 Thread 0x00007f495c003000 Exception <a 'java/lang/NullPointerException'> (0x00000000ef300528) thrown at [/build/openjdk-8-W1Ghxo/openjdk-8-8u91-b14/src/hotspot/src/share/vm/interpreter/linkResolver.cpp, line 1178]
Event: 8,926 Thread 0x00007f495c003000 Exception <a 'java/lang/NullPointerException'> (0x00000000eff55fc8) thrown at [/build/openjdk-8-W1Ghxo/openjdk-8-8u91-b14/src/hotspot/src/share/vm/interpreter/linkResolver.cpp, line 1178]

Events (10 events):
Event: 11,690 loading class java/awt/AWTEvent$2 done
Event: 24,447 loading class sun/applet/AppletViewer$3
Event: 24,447 loading class sun/applet/AppletViewer$3 done
Event: 24,448 Thread 0x00007f495c152800 Thread added: 0x00007f495c152800
Event: 24,449 loading class sun/applet/AppletPanel$4
Event: 24,449 loading class sun/applet/AppletPanel$4 done
Event: 24,453 loading class java/awt/KeyboardFocusManager$2
Event: 24,453 loading class java/awt/KeyboardFocusManager$2 done
Event: 24,454 loading class sun/awt/SunToolkit$1
Event: 24,454 loading class sun/awt/SunToolkit$1 done


Dynamic libraries:
00400000-00401000 r-xp 00000000 08:06 2233749                            /usr/lib/jvm/java-8-openjdk-amd64/jre/bin/java
00600000-00601000 r--p 00000000 08:06 2233749                            /usr/lib/jvm/java-8-openjdk-amd64/jre/bin/java
00601000-00602000 rw-p 00001000 08:06 2233749                            /usr/lib/jvm/java-8-openjdk-amd64/jre/bin/java
022a4000-022e2000 rw-p 00000000 00:00 0                                  [heap]
c9400000-cb980000 rw-p 00000000 00:00 0 
cb980000-edc00000 ---p 00000000 00:00 0 
edc00000-f2300000 rw-p 00000000 00:00 0 
f2300000-100000000 ---p 00000000 00:00 0 
100000000-100200000 rw-p 00000000 00:00 0 
100200000-140000000 ---p 00000000 00:00 0 
7f4949d95000-7f4949dd5000 rw-p 00000000 00:00 0 
7f4949dd5000-7f4949f95000 ---p 00000000 00:00 0 
7f4949f95000-7f4949fac000 r-xp 00000000 08:06 2757803                    /lib/x86_64-linux-gnu/libresolv-2.23.so
7f4949fac000-7f494a1ac000 ---p 00017000 08:06 2757803                    /lib/x86_64-linux-gnu/libresolv-2.23.so
7f494a1ac000-7f494a1ad000 r--p 00017000 08:06 2757803                    /lib/x86_64-linux-gnu/libresolv-2.23.so
7f494a1ad000-7f494a1ae000 rw-p 00018000 08:06 2757803                    /lib/x86_64-linux-gnu/libresolv-2.23.so
7f494a1ae000-7f494a1b0000 rw-p 00000000 00:00 0 
7f494a1b0000-7f494a1b5000 r-xp 00000000 08:06 2757748                    /lib/x86_64-linux-gnu/libnss_dns-2.23.so
7f494a1b5000-7f494a3b5000 ---p 00005000 08:06 2757748                    /lib/x86_64-linux-gnu/libnss_dns-2.23.so
7f494a3b5000-7f494a3b6000 r--p 00005000 08:06 2757748                    /lib/x86_64-linux-gnu/libnss_dns-2.23.so
7f494a3b6000-7f494a3b7000 rw-p 00006000 08:06 2757748                    /lib/x86_64-linux-gnu/libnss_dns-2.23.so
7f494a3b7000-7f494a3b9000 r-xp 00000000 08:06 2757756                    /lib/x86_64-linux-gnu/libnss_mdns4_minimal.so.2
7f494a3b9000-7f494a5b8000 ---p 00002000 08:06 2757756                    /lib/x86_64-linux-gnu/libnss_mdns4_minimal.so.2
7f494a5b8000-7f494a5b9000 r--p 00001000 08:06 2757756                    /lib/x86_64-linux-gnu/libnss_mdns4_minimal.so.2
7f494a5b9000-7f494a5ba000 rw-p 00002000 08:06 2757756                    /lib/x86_64-linux-gnu/libnss_mdns4_minimal.so.2
7f494a5ba000-7f494a7ba000 rw-p 00000000 00:00 0 
7f494a7ba000-7f494a8ba000 rw-s 125ec4000 00:06 252                       /dev/dri/card0
7f494a9ba000-7f494a9bc000 r-xp 00000000 08:06 2237699                    /usr/lib/x86_64-linux-gnu/libXinerama.so.1.0.0
7f494a9bc000-7f494abbb000 ---p 00002000 08:06 2237699                    /usr/lib/x86_64-linux-gnu/libXinerama.so.1.0.0
7f494abbb000-7f494abbc000 r--p 00001000 08:06 2237699                    /usr/lib/x86_64-linux-gnu/libXinerama.so.1.0.0
7f494abbc000-7f494abbd000 rw-p 00002000 08:06 2237699                    /usr/lib/x86_64-linux-gnu/libXinerama.so.1.0.0
7f494abbd000-7f494abf4000 r-xp 00000000 08:06 2238861                    /usr/lib/x86_64-linux-gnu/libtxc_dxtn_s2tc.so.0.0.0
7f494abf4000-7f494adf3000 ---p 00037000 08:06 2238861                    /usr/lib/x86_64-linux-gnu/libtxc_dxtn_s2tc.so.0.0.0
7f494adf3000-7f494adf4000 r--p 00036000 08:06 2238861                    /usr/lib/x86_64-linux-gnu/libtxc_dxtn_s2tc.so.0.0.0
7f494adf4000-7f494adf5000 rw-p 00037000 08:06 2238861                    /usr/lib/x86_64-linux-gnu/libtxc_dxtn_s2tc.so.0.0.0
7f494adf5000-7f494adf6000 ---p 00000000 00:00 0 
7f494adf6000-7f494b5f6000 rw-p 00000000 00:00 0 
7f494b5f6000-7f494b609000 r-xp 00000000 08:06 2757647                    /lib/x86_64-linux-gnu/libbsd.so.0.8.2
7f494b609000-7f494b808000 ---p 00013000 08:06 2757647                    /lib/x86_64-linux-gnu/libbsd.so.0.8.2
7f494b808000-7f494b809000 r--p 00012000 08:06 2757647                    /lib/x86_64-linux-gnu/libbsd.so.0.8.2
7f494b809000-7f494b80a000 rw-p 00013000 08:06 2757647                    /lib/x86_64-linux-gnu/libbsd.so.0.8.2
7f494b80a000-7f494b80b000 rw-p 00000000 00:00 0 
7f494b80b000-7f494b830000 r-xp 00000000 08:06 2757823                    /lib/x86_64-linux-gnu/libtinfo.so.5.9
7f494b830000-7f494ba2f000 ---p 00025000 08:06 2757823                    /lib/x86_64-linux-gnu/libtinfo.so.5.9
7f494ba2f000-7f494ba33000 r--p 00024000 08:06 2757823                    /lib/x86_64-linux-gnu/libtinfo.so.5.9
7f494ba33000-7f494ba34000 rw-p 00028000 08:06 2757823                    /lib/x86_64-linux-gnu/libtinfo.so.5.9
7f494ba34000-7f494ba65000 r-xp 00000000 08:06 2238011                    /usr/lib/x86_64-linux-gnu/libedit.so.2.0.53
7f494ba65000-7f494bc65000 ---p 00031000 08:06 2238011                    /usr/lib/x86_64-linux-gnu/libedit.so.2.0.53
7f494bc65000-7f494bc67000 r--p 00031000 08:06 2238011                    /usr/lib/x86_64-linux-gnu/libedit.so.2.0.53
7f494bc67000-7f494bc68000 rw-p 00033000 08:06 2238011                    /usr/lib/x86_64-linux-gnu/libedit.so.2.0.53
7f494bc68000-7f494bc6c000 rw-p 00000000 00:00 0 
7f494bc6c000-7f494e15e000 r-xp 00000000 08:06 2230406                    /usr/lib/x86_64-linux-gnu/libLLVM-3.8.so.1
7f494e15e000-7f494e35e000 ---p 024f2000 08:06 2230406                    /usr/lib/x86_64-linux-gnu/libLLVM-3.8.so.1
7f494e35e000-7f494e613000 r--p 024f2000 08:06 2230406                    /usr/lib/x86_64-linux-gnu/libLLVM-3.8.so.1
7f494e613000-7f494e615000 rw-p 027a7000 08:06 2230406                    /usr/lib/x86_64-linux-gnu/libLLVM-3.8.so.1
7f494e615000-7f494e63f000 rw-p 00000000 00:00 0 
7f494e63f000-7f494e656000 r-xp 00000000 08:06 2238016                    /usr/lib/x86_64-linux-gnu/libelf-0.165.so
7f494e656000-7f494e855000 ---p 00017000 08:06 2238016                    /usr/lib/x86_64-linux-gnu/libelf-0.165.so
7f494e855000-7f494e856000 r--p 00016000 08:06 2238016                    /usr/lib/x86_64-linux-gnu/libelf-0.165.so
7f494e856000-7f494e857000 rw-p 00017000 08:06 2238016                    /usr/lib/x86_64-linux-gnu/libelf-0.165.so
7f494e857000-7f494e85e000 r-xp 00000000 08:06 2229660                    /usr/lib/x86_64-linux-gnu/libdrm_amdgpu.so.1.0.0
7f494e85e000-7f494ea5d000 ---p 00007000 08:06 2229660                    /usr/lib/x86_64-linux-gnu/libdrm_amdgpu.so.1.0.0
7f494ea5d000-7f494ea5e000 r--p 00006000 08:06 2229660                    /usr/lib/x86_64-linux-gnu/libdrm_amdgpu.so.1.0.0
7f494ea5e000-7f494ea5f000 rw-p 00007000 08:06 2229660                    /usr/lib/x86_64-linux-gnu/libdrm_amdgpu.so.1.0.0
7f494ea5f000-7f494ea6a000 r-xp 00000000 08:06 2229666                    /usr/lib/x86_64-linux-gnu/libdrm_radeon.so.1.0.1
7f494ea6a000-7f494ec69000 ---p 0000b000 08:06 2229666                    /usr/lib/x86_64-linux-gnu/libdrm_radeon.so.1.0.1
7f494ec69000-7f494ec6a000 r--p 0000a000 08:06 2229666                    /usr/lib/x86_64-linux-gnu/libdrm_radeon.so.1.0.1
7f494ec6a000-7f494ec6b000 rw-p 0000b000 08:06 2229666                    /usr/lib/x86_64-linux-gnu/libdrm_radeon.so.1.0.1
7f494ec6b000-7f494ec72000 r-xp 00000000 08:06 2229664                    /usr/lib/x86_64-linux-gnu/libdrm_nouveau.so.2.0.0
7f494ec72000-7f494ee71000 ---p 00007000 08:06 2229664                    /usr/lib/x86_64-linux-gnu/libdrm_nouveau.so.2.0.0
7f494ee71000-7f494ee72000 r--p 00006000 08:06 2229664                    /usr/lib/x86_64-linux-gnu/libdrm_nouveau.so.2.0.0
7f494ee72000-7f494ee73000 rw-p 00007000 08:06 2229664                    /usr/lib/x86_64-linux-gnu/libdrm_nouveau.so.2.0.0
7f494ee73000-7f494f73a000 r-xp 00000000 08:06 2493203                    /usr/lib/x86_64-linux-gnu/dri/r600_dri.so
7f494f73a000-7f494f939000 ---p 008c7000 08:06 2493203                    /usr/lib/x86_64-linux-gnu/dri/r600_dri.so
7f494f939000-7f494f9ad000 r--p 008c6000 08:06 2493203                    /usr/lib/x86_64-linux-gnu/dri/r600_dri.so
7f494f9ad000-7f494f9bc000 rw-p 0093a000 08:06 2493203                    /usr/lib/x86_64-linux-gnu/dri/r600_dri.so
7f494f9bc000-7f494fbb2000 rw-p 00000000 00:00 0 
7f494fbb2000-7f494fbb8000 r-xp 00000000 08:06 2491604                    /usr/lib/x86_64-linux-gnu/mesa-egl/libGLESv2.so.2.0.0
7f494fbb8000-7f494fdb8000 ---p 00006000 08:06 2491604                    /usr/lib/x86_64-linux-gnu/mesa-egl/libGLESv2.so.2.0.0
7f494fdb8000-7f494fdb9000 r--p 00006000 08:06 2491604                    /usr/lib/x86_64-linux-gnu/mesa-egl/libGLESv2.so.2.0.0
7f494fdb9000-7f494fdba000 rw-p 00007000 08:06 2491604                    /usr/lib/x86_64-linux-gnu/mesa-egl/libGLESv2.so.2.0.0
7f494fdba000-7f494fdff000 r-xp 00000000 08:06 2097194                    /tmp/jogamp_0000/file_cache/jln2796132095170924954/jln1389279287992107833/libjogl_mobile.so
7f494fdff000-7f494ffff000 ---p 00045000 08:06 2097194                    /tmp/jogamp_0000/file_cache/jln2796132095170924954/jln1389279287992107833/libjogl_mobile.so
7f494ffff000-7f4950000000 rw-p 00045000 08:06 2097194                    /tmp/jogamp_0000/file_cache/jln2796132095170924954/jln1389279287992107833/libjogl_mobile.so
7f4950000000-7f4950059000 rw-p 00000000 00:00 0 
7f4950059000-7f4954000000 ---p 00000000 00:00 0 
7f49540fc000-7f4954103000 r-xp 00000000 08:06 2238059                    /usr/lib/x86_64-linux-gnu/libffi.so.6.0.4
7f4954103000-7f4954302000 ---p 00007000 08:06 2238059                    /usr/lib/x86_64-linux-gnu/libffi.so.6.0.4
7f4954302000-7f4954303000 r--p 00006000 08:06 2238059                    /usr/lib/x86_64-linux-gnu/libffi.so.6.0.4
7f4954303000-7f4954304000 rw-p 00007000 08:06 2238059                    /usr/lib/x86_64-linux-gnu/libffi.so.6.0.4
7f4954304000-7f4954310000 r-xp 00000000 08:06 2228798                    /usr/lib/x86_64-linux-gnu/libgbm.so.1.0.0
7f4954310000-7f4954510000 ---p 0000c000 08:06 2228798                    /usr/lib/x86_64-linux-gnu/libgbm.so.1.0.0
7f4954510000-7f4954511000 r--p 0000c000 08:06 2228798                    /usr/lib/x86_64-linux-gnu/libgbm.so.1.0.0
7f4954511000-7f4954512000 rw-p 0000d000 08:06 2228798                    /usr/lib/x86_64-linux-gnu/libgbm.so.1.0.0
7f4954512000-7f4954521000 r-xp 00000000 08:06 2238952                    /usr/lib/x86_64-linux-gnu/libwayland-server.so.0.1.0
7f4954521000-7f4954720000 ---p 0000f000 08:06 2238952                    /usr/lib/x86_64-linux-gnu/libwayland-server.so.0.1.0
7f4954720000-7f4954722000 r--p 0000e000 08:06 2238952                    /usr/lib/x86_64-linux-gnu/libwayland-server.so.0.1.0
7f4954722000-7f4954723000 rw-p 00010000 08:06 2238952                    /usr/lib/x86_64-linux-gnu/libwayland-server.so.0.1.0
7f4954723000-7f495472f000 r-xp 00000000 08:06 2238946                    /usr/lib/x86_64-linux-gnu/libwayland-client.so.0.3.0
7f495472f000-7f495492e000 ---p 0000c000 08:06 2238946                    /usr/lib/x86_64-linux-gnu/libwayland-client.so.0.3.0
7f495492e000-7f4954930000 r--p 0000b000 08:06 2238946                    /usr/lib/x86_64-linux-gnu/libwayland-client.so.0.3.0
7f4954930000-7f4954931000 rw-p 0000d000 08:06 2238946                    /usr/lib/x86_64-linux-gnu/libwayland-client.so.0.3.0
7f4954931000-7f4954937000 r-xp 00000000 08:06 2239050                    /usr/lib/x86_64-linux-gnu/libxcb-xfixes.so.0.0.0
7f4954937000-7f4954b37000 ---p 00006000 08:06 2239050                    /usr/lib/x86_64-linux-gnu/libxcb-xfixes.so.0.0.0
7f4954b37000-7f4954b38000 r--p 00006000 08:06 2239050                    /usr/lib/x86_64-linux-gnu/libxcb-xfixes.so.0.0.0
7f4954b38000-7f4954b39000 rw-p 00007000 08:06 2239050                    /usr/lib/x86_64-linux-gnu/libxcb-xfixes.so.0.0.0
7f4954b39000-7f4954b69000 r-xp 00000000 08:06 2493233                    /usr/lib/x86_64-linux-gnu/mesa-egl/libEGL.so.1.0.0
7f4954b69000-7f4954d69000 ---p 00030000 08:06 2493233                    /usr/lib/x86_64-linux-gnu/mesa-egl/libEGL.so.1.0.0
7f4954d69000-7f4954d6a000 r--p 00030000 08:06 2493233                    /usr/lib/x86_64-linux-gnu/mesa-egl/libEGL.so.1.0.0
7f4954d6a000-7f4954d6b000 rw-p 00031000 08:06 2493233                    /usr/lib/x86_64-linux-gnu/mesa-egl/libEGL.so.1.0.0
7f4954d6b000-7f4954e10000 r-xp 00000000 08:06 2097189                    /tmp/jogamp_0000/file_cache/jln2796132095170924954/jln1389279287992107833/libjogl_desktop.so
7f4954e10000-7f4955010000 ---p 000a5000 08:06 2097189                    /tmp/jogamp_0000/file_cache/jln2796132095170924954/jln1389279287992107833/libjogl_desktop.so
7f4955010000-7f4955011000 rw-p 000a5000 08:06 2097189                    /tmp/jogamp_0000/file_cache/jln2796132095170924954/jln1389279287992107833/libjogl_desktop.so
7f4955011000-7f495501f000 r-xp 00000000 08:06 2228334                    /usr/lib/x86_64-linux-gnu/libdrm.so.2.4.0
7f495501f000-7f495521e000 ---p 0000e000 08:06 2228334                    /usr/lib/x86_64-linux-gnu/libdrm.so.2.4.0
7f495521e000-7f495521f000 r--p 0000d000 08:06 2228334                    /usr/lib/x86_64-linux-gnu/libdrm.so.2.4.0
7f495521f000-7f4955220000 rw-p 0000e000 08:06 2228334                    /usr/lib/x86_64-linux-gnu/libdrm.so.2.4.0
7f4955220000-7f4955224000 r-xp 00000000 08:06 2239022                    /usr/lib/x86_64-linux-gnu/libxcb-dri2.so.0.0.0
7f4955224000-7f4955423000 ---p 00004000 08:06 2239022                    /usr/lib/x86_64-linux-gnu/libxcb-dri2.so.0.0.0
7f4955423000-7f4955424000 r--p 00003000 08:06 2239022                    /usr/lib/x86_64-linux-gnu/libxcb-dri2.so.0.0.0
7f4955424000-7f4955425000 rw-p 00004000 08:06 2239022                    /usr/lib/x86_64-linux-gnu/libxcb-dri2.so.0.0.0
7f4955425000-7f495543c000 r-xp 00000000 08:06 2239026                    /usr/lib/x86_64-linux-gnu/libxcb-glx.so.0.0.0
7f495543c000-7f495563b000 ---p 00017000 08:06 2239026                    /usr/lib/x86_64-linux-gnu/libxcb-glx.so.0.0.0
7f495563b000-7f495563d000 r--p 00016000 08:06 2239026                    /usr/lib/x86_64-linux-gnu/libxcb-glx.so.0.0.0
7f495563d000-7f495563e000 rw-p 00018000 08:06 2239026                    /usr/lib/x86_64-linux-gnu/libxcb-glx.so.0.0.0
7f495563e000-7f495563f000 r-xp 00000000 08:06 2237670                    /usr/lib/x86_64-linux-gnu/libX11-xcb.so.1.0.0
7f495563f000-7f495583e000 ---p 00001000 08:06 2237670                    /usr/lib/x86_64-linux-gnu/libX11-xcb.so.1.0.0
7f495583e000-7f495583f000 r--p 00000000 08:06 2237670                    /usr/lib/x86_64-linux-gnu/libX11-xcb.so.1.0.0
7f495583f000-7f4955840000 rw-p 00001000 08:06 2237670                    /usr/lib/x86_64-linux-gnu/libX11-xcb.so.1.0.0
7f4955840000-7f4955842000 r-xp 00000000 08:06 2237685                    /usr/lib/x86_64-linux-gnu/libXdamage.so.1.1.0
7f4955842000-7f4955a41000 ---p 00002000 08:06 2237685                    /usr/lib/x86_64-linux-gnu/libXdamage.so.1.1.0
7f4955a41000-7f4955a42000 r--p 00001000 08:06 2237685                    /usr/lib/x86_64-linux-gnu/libXdamage.so.1.1.0
7f4955a42000-7f4955a43000 rw-p 00002000 08:06 2237685                    /usr/lib/x86_64-linux-gnu/libXdamage.so.1.1.0
7f4955a43000-7f4955a6c000 r-xp 00000000 08:06 2230410                    /usr/lib/x86_64-linux-gnu/libglapi.so.0.0.0
7f4955a6c000-7f4955c6b000 ---p 00029000 08:06 2230410                    /usr/lib/x86_64-linux-gnu/libglapi.so.0.0.0
7f4955c6b000-7f4955c6f000 r--p 00028000 08:06 2230410                    /usr/lib/x86_64-linux-gnu/libglapi.so.0.0.0
7f4955c6f000-7f4955c70000 rw-p 0002c000 08:06 2230410                    /usr/lib/x86_64-linux-gnu/libglapi.so.0.0.0
7f4955c70000-7f4955c71000 rw-p 00000000 00:00 0 
7f4955c71000-7f4955c72000 r-xp 00000000 08:06 2239066                    /usr/lib/x86_64-linux-gnu/libxshmfence.so.1.0.0
7f4955c72000-7f4955e72000 ---p 00001000 08:06 2239066                    /usr/lib/x86_64-linux-gnu/libxshmfence.so.1.0.0
7f4955e72000-7f4955e73000 r--p 00001000 08:06 2239066                    /usr/lib/x86_64-linux-gnu/libxshmfence.so.1.0.0
7f4955e73000-7f4955e74000 rw-p 00002000 08:06 2239066                    /usr/lib/x86_64-linux-gnu/libxshmfence.so.1.0.0
7f4955e74000-7f4955e79000 r-xp 00000000 08:06 2239046                    /usr/lib/x86_64-linux-gnu/libxcb-sync.so.1.0.0
7f4955e79000-7f4956079000 ---p 00005000 08:06 2239046                    /usr/lib/x86_64-linux-gnu/libxcb-sync.so.1.0.0
7f4956079000-7f495607a000 r--p 00005000 08:06 2239046                    /usr/lib/x86_64-linux-gnu/libxcb-sync.so.1.0.0
7f495607a000-7f495607b000 rw-p 00006000 08:06 2239046                    /usr/lib/x86_64-linux-gnu/libxcb-sync.so.1.0.0
7f495607b000-7f495607d000 r-xp 00000000 08:06 2239034                    /usr/lib/x86_64-linux-gnu/libxcb-present.so.0.0.0
7f495607d000-7f495627c000 ---p 00002000 08:06 2239034                    /usr/lib/x86_64-linux-gnu/libxcb-present.so.0.0.0
7f495627c000-7f495627d000 r--p 00001000 08:06 2239034                    /usr/lib/x86_64-linux-gnu/libxcb-present.so.0.0.0
7f495627d000-7f495627e000 rw-p 00002000 08:06 2239034                    /usr/lib/x86_64-linux-gnu/libxcb-present.so.0.0.0
7f495627e000-7f4956280000 r-xp 00000000 08:06 2239024                    /usr/lib/x86_64-linux-gnu/libxcb-dri3.so.0.0.0
7f4956280000-7f495647f000 ---p 00002000 08:06 2239024                    /usr/lib/x86_64-linux-gnu/libxcb-dri3.so.0.0.0
7f495647f000-7f4956480000 r--p 00001000 08:06 2239024                    /usr/lib/x86_64-linux-gnu/libxcb-dri3.so.0.0.0
7f4956480000-7f4956481000 rw-p 00002000 08:06 2239024                    /usr/lib/x86_64-linux-gnu/libxcb-dri3.so.0.0.0
7f4956481000-7f49564a7000 r-xp 00000000 08:06 2757682                    /lib/x86_64-linux-gnu/libexpat.so.1.6.0
7f49564a7000-7f49566a7000 ---p 00026000 08:06 2757682                    /lib/x86_64-linux-gnu/libexpat.so.1.6.0
7f49566a7000-7f49566a9000 r--p 00026000 08:06 2757682                    /lib/x86_64-linux-gnu/libexpat.so.1.6.0
7f49566a9000-7f49566aa000 rw-p 00028000 08:06 2757682                    /lib/x86_64-linux-gnu/libexpat.so.1.6.0
7f49566aa000-7f4956717000 r-xp 00000000 08:06 2490943                    /usr/lib/x86_64-linux-gnu/mesa/libGL.so.1.2.0
7f4956717000-7f4956916000 ---p 0006d000 08:06 2490943                    /usr/lib/x86_64-linux-gnu/mesa/libGL.so.1.2.0
7f4956916000-7f4956919000 r--p 0006c000 08:06 2490943                    /usr/lib/x86_64-linux-gnu/mesa/libGL.so.1.2.0
7f4956919000-7f495691a000 rw-p 0006f000 08:06 2490943                    /usr/lib/x86_64-linux-gnu/mesa/libGL.so.1.2.0
7f495691a000-7f4956b1b000 rw-p 00000000 00:00 0 
7f4956b1b000-7f4956d1b000 rw-p 00000000 00:00 0 
7f4956d75000-7f4956d85000 rw-s 125c06000 00:06 252                       /dev/dri/card0
7f4956dd8000-7f4956ddf000 r-xp 00000000 08:06 2097196                    /tmp/jogamp_0000/file_cache/jln2796132095170924954/jln1389279287992107833/libnativewindow_x11.so
7f4956ddf000-7f4956fde000 ---p 00007000 08:06 2097196                    /tmp/jogamp_0000/file_cache/jln2796132095170924954/jln1389279287992107833/libnativewindow_x11.so
7f4956fde000-7f4956fdf000 rw-p 00006000 08:06 2097196                    /tmp/jogamp_0000/file_cache/jln2796132095170924954/jln1389279287992107833/libnativewindow_x11.so
7f4956fdf000-7f4956fe4000 r-xp 00000000 08:06 2237725                    /usr/lib/x86_64-linux-gnu/libXxf86vm.so.1.0.0
7f4956fe4000-7f49571e3000 ---p 00005000 08:06 2237725                    /usr/lib/x86_64-linux-gnu/libXxf86vm.so.1.0.0
7f49571e3000-7f49571e4000 r--p 00004000 08:06 2237725                    /usr/lib/x86_64-linux-gnu/libXxf86vm.so.1.0.0
7f49571e4000-7f49571e5000 rw-p 00005000 08:06 2237725                    /usr/lib/x86_64-linux-gnu/libXxf86vm.so.1.0.0
7f49571e5000-7f49571e7000 r-xp 00000000 08:06 2097195                    /tmp/jogamp_0000/file_cache/jln2796132095170924954/jln1389279287992107833/libnativewindow_awt.so
7f49571e7000-7f49573e6000 ---p 00002000 08:06 2097195                    /tmp/jogamp_0000/file_cache/jln2796132095170924954/jln1389279287992107833/libnativewindow_awt.so
7f49573e6000-7f49573e7000 rw-p 00001000 08:06 2097195                    /tmp/jogamp_0000/file_cache/jln2796132095170924954/jln1389279287992107833/libnativewindow_awt.so
7f49573e7000-7f49573e8000 r-xp 00000000 08:06 2245058                    /usr/lib/jvm/java-8-openjdk-amd64/jre/lib/amd64/libjawt.so
7f49573e8000-7f49575e7000 ---p 00001000 08:06 2245058                    /usr/lib/jvm/java-8-openjdk-amd64/jre/lib/amd64/libjawt.so
7f49575e7000-7f49575e8000 r--p 00000000 08:06 2245058                    /usr/lib/jvm/java-8-openjdk-amd64/jre/lib/amd64/libjawt.so
7f49575e8000-7f49575e9000 rw-p 00001000 08:06 2245058                    /usr/lib/jvm/java-8-openjdk-amd64/jre/lib/amd64/libjawt.so
7f49575e9000-7f49575eb000 r-xp 00000000 08:06 2097183                    /tmp/jogamp_0000/file_cache/jln2796132095170924954/jln1389279287992107833/libgluegen-rt.so
7f49575eb000-7f49577ea000 ---p 00002000 08:06 2097183                    /tmp/jogamp_0000/file_cache/jln2796132095170924954/jln1389279287992107833/libgluegen-rt.so
7f49577ea000-7f49577eb000 rw-p 00001000 08:06 2097183                    /tmp/jogamp_0000/file_cache/jln2796132095170924954/jln1389279287992107833/libgluegen-rt.so
7f49577eb000-7f49577ee000 ---p 00000000 00:00 0 
7f49577ee000-7f4957aec000 rw-p 00000000 00:00 0 
7f4957aec000-7f4957aef000 ---p 00000000 00:00 0 
7f4957aef000-7f4957ded000 rw-p 00000000 00:00 0 
7f4957ded000-7f4957dfe000 r-xp 00000000 08:06 2245069                    /usr/lib/jvm/java-8-openjdk-amd64/jre/lib/amd64/libnio.so
7f4957dfe000-7f4957ffe000 ---p 00011000 08:06 2245069                    /usr/lib/jvm/java-8-openjdk-amd64/jre/lib/amd64/libnio.so
7f4957ffe000-7f4957fff000 r--p 00011000 08:06 2245069                    /usr/lib/jvm/java-8-openjdk-amd64/jre/lib/amd64/libnio.so
7f4957fff000-7f4958000000 rw-p 00012000 08:06 2245069                    /usr/lib/jvm/java-8-openjdk-amd64/jre/lib/amd64/libnio.so
7f4958000000-7f4958612000 rw-p 00000000 00:00 0 
7f4958612000-7f495c000000 ---p 00000000 00:00 0 
7f495c000000-7f495c1f2000 rw-p 00000000 00:00 0 
7f495c1f2000-7f4960000000 ---p 00000000 00:00 0 
7f4960000000-7f4960021000 rw-p 00000000 00:00 0 
7f4960021000-7f4964000000 ---p 00000000 00:00 0 
7f4964000000-7f4964021000 rw-p 00000000 00:00 0 
7f4964021000-7f4968000000 ---p 00000000 00:00 0 
7f4968000000-7f4968a24000 rw-p 00000000 00:00 0 
7f4968a24000-7f496c000000 ---p 00000000 00:00 0 
7f496c000000-7f496c23b000 rw-p 00000000 00:00 0 
7f496c23b000-7f4970000000 ---p 00000000 00:00 0 
7f4970000000-7f4970021000 rw-p 00000000 00:00 0 
7f4970021000-7f4974000000 ---p 00000000 00:00 0 
7f4974000000-7f49752bb000 rw-p 00000000 00:00 0 
7f49752bb000-7f4978000000 ---p 00000000 00:00 0 
7f4978000000-7f4978021000 rw-p 00000000 00:00 0 
7f4978021000-7f497c000000 ---p 00000000 00:00 0 
7f497c000000-7f497c021000 rw-p 00000000 00:00 0 
7f497c021000-7f4980000000 ---p 00000000 00:00 0 
7f4980000000-7f4980021000 rw-p 00000000 00:00 0 
7f4980021000-7f4984000000 ---p 00000000 00:00 0 
7f4984000000-7f4984021000 rw-p 00000000 00:00 0 
7f4984021000-7f4988000000 ---p 00000000 00:00 0 
7f4988003000-7f4988021000 r-xp 00000000 08:06 2757251                    /lib/x86_64-linux-gnu/libudev.so.1.6.4
7f4988021000-7f4988022000 r--p 0001d000 08:06 2757251                    /lib/x86_64-linux-gnu/libudev.so.1.6.4
7f4988022000-7f4988023000 rw-p 0001e000 08:06 2757251                    /lib/x86_64-linux-gnu/libudev.so.1.6.4
7f4988023000-7f4988026000 ---p 00000000 00:00 0 
7f4988026000-7f4988425000 rw-p 00000000 00:00 0 
7f4988425000-7f498843c000 r-xp 00000000 08:06 2245045                    /usr/lib/jvm/java-8-openjdk-amd64/jre/lib/amd64/libnet.so
7f498843c000-7f498863b000 ---p 00017000 08:06 2245045                    /usr/lib/jvm/java-8-openjdk-amd64/jre/lib/amd64/libnet.so
7f498863b000-7f498863c000 r--p 00016000 08:06 2245045                    /usr/lib/jvm/java-8-openjdk-amd64/jre/lib/amd64/libnet.so
7f498863c000-7f498863d000 rw-p 00017000 08:06 2245045                    /usr/lib/jvm/java-8-openjdk-amd64/jre/lib/amd64/libnet.so
7f498863d000-7f4988640000 ---p 00000000 00:00 0 
7f4988640000-7f498873e000 rw-p 00000000 00:00 0 
7f498873e000-7f4988741000 ---p 00000000 00:00 0 
7f4988741000-7f498883f000 rw-p 00000000 00:00 0 
7f498883f000-7f4988842000 ---p 00000000 00:00 0 
7f4988842000-7f4988940000 rw-p 00000000 00:00 0 
7f4988940000-7f4988943000 ---p 00000000 00:00 0 
7f4988943000-7f4988a41000 rw-p 00000000 00:00 0 
7f4988a41000-7f4988a46000 r-xp 00000000 08:06 2237691                    /usr/lib/x86_64-linux-gnu/libXfixes.so.3.1.0
7f4988a46000-7f4988c45000 ---p 00005000 08:06 2237691                    /usr/lib/x86_64-linux-gnu/libXfixes.so.3.1.0
7f4988c45000-7f4988c46000 r--p 00004000 08:06 2237691                    /usr/lib/x86_64-linux-gnu/libXfixes.so.3.1.0
7f4988c46000-7f4988c47000 rw-p 00005000 08:06 2237691                    /usr/lib/x86_64-linux-gnu/libXfixes.so.3.1.0
7f4988c47000-7f4988c50000 r-xp 00000000 08:06 2237683                    /usr/lib/x86_64-linux-gnu/libXcursor.so.1.0.2
7f4988c50000-7f4988e4f000 ---p 00009000 08:06 2237683                    /usr/lib/x86_64-linux-gnu/libXcursor.so.1.0.2
7f4988e4f000-7f4988e50000 r--p 00008000 08:06 2237683                    /usr/lib/x86_64-linux-gnu/libXcursor.so.1.0.2
7f4988e50000-7f4988e51000 rw-p 00009000 08:06 2237683                    /usr/lib/x86_64-linux-gnu/libXcursor.so.1.0.2
7f4988e51000-7f4988e54000 ---p 00000000 00:00 0 
7f4988e54000-7f4988f52000 rw-p 00000000 00:00 0 
7f4988f52000-7f4988f76000 r-xp 00000000 08:06 2757792                    /lib/x86_64-linux-gnu/libpng12.so.0.54.0
7f4988f76000-7f4989175000 ---p 00024000 08:06 2757792                    /lib/x86_64-linux-gnu/libpng12.so.0.54.0
7f4989175000-7f4989176000 r--p 00023000 08:06 2757792                    /lib/x86_64-linux-gnu/libpng12.so.0.54.0
7f4989176000-7f4989177000 rw-p 00024000 08:06 2757792                    /lib/x86_64-linux-gnu/libpng12.so.0.54.0
7f4989177000-7f498921b000 r-xp 00000000 08:06 2238107                    /usr/lib/x86_64-linux-gnu/libfreetype.so.6.12.1
7f498921b000-7f498941a000 ---p 000a4000 08:06 2238107                    /usr/lib/x86_64-linux-gnu/libfreetype.so.6.12.1
7f498941a000-7f4989420000 r--p 000a3000 08:06 2238107                    /usr/lib/x86_64-linux-gnu/libfreetype.so.6.12.1
7f4989420000-7f4989421000 rw-p 000a9000 08:06 2238107                    /usr/lib/x86_64-linux-gnu/libfreetype.so.6.12.1
7f4989421000-7f4989473000 r-xp 00000000 08:06 2245043                    /usr/lib/jvm/java-8-openjdk-amd64/jre/lib/amd64/libfontmanager.so
7f4989473000-7f4989673000 ---p 00052000 08:06 2245043                    /usr/lib/jvm/java-8-openjdk-amd64/jre/lib/amd64/libfontmanager.so
7f4989673000-7f4989675000 r--p 00052000 08:06 2245043                    /usr/lib/jvm/java-8-openjdk-amd64/jre/lib/amd64/libfontmanager.so
7f4989675000-7f4989676000 rw-p 00054000 08:06 2245043                    /usr/lib/jvm/java-8-openjdk-amd64/jre/lib/amd64/libfontmanager.so
7f4989676000-7f498967b000 r-xp 00000000 08:06 2237687                    /usr/lib/x86_64-linux-gnu/libXdmcp.so.6.0.0
7f498967b000-7f498987a000 ---p 00005000 08:06 2237687                    /usr/lib/x86_64-linux-gnu/libXdmcp.so.6.0.0
7f498987a000-7f498987b000 r--p 00004000 08:06 2237687                    /usr/lib/x86_64-linux-gnu/libXdmcp.so.6.0.0
7f498987b000-7f498987c000 rw-p 00005000 08:06 2237687                    /usr/lib/x86_64-linux-gnu/libXdmcp.so.6.0.0
7f498987c000-7f498987e000 r-xp 00000000 08:06 2237676                    /usr/lib/x86_64-linux-gnu/libXau.so.6.0.0
7f498987e000-7f4989a7e000 ---p 00002000 08:06 2237676                    /usr/lib/x86_64-linux-gnu/libXau.so.6.0.0
7f4989a7e000-7f4989a7f000 r--p 00002000 08:06 2237676                    /usr/lib/x86_64-linux-gnu/libXau.so.6.0.0
7f4989a7f000-7f4989a80000 rw-p 00003000 08:06 2237676                    /usr/lib/x86_64-linux-gnu/libXau.so.6.0.0
7f4989a80000-7f4989aa1000 r-xp 00000000 08:06 2239054                    /usr/lib/x86_64-linux-gnu/libxcb.so.1.1.0
7f4989aa1000-7f4989ca0000 ---p 00021000 08:06 2239054                    /usr/lib/x86_64-linux-gnu/libxcb.so.1.1.0
7f4989ca0000-7f4989ca1000 r--p 00020000 08:06 2239054                    /usr/lib/x86_64-linux-gnu/libxcb.so.1.1.0
7f4989ca1000-7f4989ca2000 rw-p 00021000 08:06 2239054                    /usr/lib/x86_64-linux-gnu/libxcb.so.1.1.0
7f4989ca2000-7f4989cb1000 r-xp 00000000 08:06 2237697                    /usr/lib/x86_64-linux-gnu/libXi.so.6.1.0
7f4989cb1000-7f4989eb0000 ---p 0000f000 08:06 2237697                    /usr/lib/x86_64-linux-gnu/libXi.so.6.1.0
7f4989eb0000-7f4989eb1000 r--p 0000e000 08:06 2237697                    /usr/lib/x86_64-linux-gnu/libXi.so.6.1.0
7f4989eb1000-7f4989eb2000 rw-p 0000f000 08:06 2237697                    /usr/lib/x86_64-linux-gnu/libXi.so.6.1.0
7f4989eb2000-7f4989eb7000 r-xp 00000000 08:06 2237715                    /usr/lib/x86_64-linux-gnu/libXtst.so.6.1.0
7f4989eb7000-7f498a0b6000 ---p 00005000 08:06 2237715                    /usr/lib/x86_64-linux-gnu/libXtst.so.6.1.0
7f498a0b6000-7f498a0b7000 r--p 00004000 08:06 2237715                    /usr/lib/x86_64-linux-gnu/libXtst.so.6.1.0
7f498a0b7000-7f498a0b8000 rw-p 00005000 08:06 2237715                    /usr/lib/x86_64-linux-gnu/libXtst.so.6.1.0
7f498a0b8000-7f498a0c1000 r-xp 00000000 08:06 2237709                    /usr/lib/x86_64-linux-gnu/libXrender.so.1.3.0
7f498a0c1000-7f498a2c0000 ---p 00009000 08:06 2237709                    /usr/lib/x86_64-linux-gnu/libXrender.so.1.3.0
7f498a2c0000-7f498a2c1000 r--p 00008000 08:06 2237709                    /usr/lib/x86_64-linux-gnu/libXrender.so.1.3.0
7f498a2c1000-7f498a2c2000 rw-p 00009000 08:06 2237709                    /usr/lib/x86_64-linux-gnu/libXrender.so.1.3.0
7f498a2c2000-7f498a3f7000 r-xp 00000000 08:06 2237672                    /usr/lib/x86_64-linux-gnu/libX11.so.6.3.0
7f498a3f7000-7f498a5f7000 ---p 00135000 08:06 2237672                    /usr/lib/x86_64-linux-gnu/libX11.so.6.3.0
7f498a5f7000-7f498a5f8000 r--p 00135000 08:06 2237672                    /usr/lib/x86_64-linux-gnu/libX11.so.6.3.0
7f498a5f8000-7f498a5fc000 rw-p 00136000 08:06 2237672                    /usr/lib/x86_64-linux-gnu/libX11.so.6.3.0
7f498a5fc000-7f498a60d000 r-xp 00000000 08:06 2237689                    /usr/lib/x86_64-linux-gnu/libXext.so.6.4.0
7f498a60d000-7f498a80c000 ---p 00011000 08:06 2237689                    /usr/lib/x86_64-linux-gnu/libXext.so.6.4.0
7f498a80c000-7f498a80d000 r--p 00010000 08:06 2237689                    /usr/lib/x86_64-linux-gnu/libXext.so.6.4.0
7f498a80d000-7f498a80e000 rw-p 00011000 08:06 2237689                    /usr/lib/x86_64-linux-gnu/libXext.so.6.4.0
7f498a80e000-7f498a862000 r-xp 00000000 08:06 2245068                    /usr/lib/jvm/java-8-openjdk-amd64/jre/lib/amd64/libawt_xawt.so
7f498a862000-7f498aa62000 ---p 00054000 08:06 2245068                    /usr/lib/jvm/java-8-openjdk-amd64/jre/lib/amd64/libawt_xawt.so
7f498aa62000-7f498aa63000 r--p 00054000 08:06 2245068                    /usr/lib/jvm/java-8-openjdk-amd64/jre/lib/amd64/libawt_xawt.so
7f498aa63000-7f498aa66000 rw-p 00055000 08:06 2245068                    /usr/lib/jvm/java-8-openjdk-amd64/jre/lib/amd64/libawt_xawt.so
7f498aa66000-7f498aa67000 rw-p 00000000 00:00 0 
7f498aa67000-7f498ab07000 r-xp 00000000 08:06 2245042                    /usr/lib/jvm/java-8-openjdk-amd64/jre/lib/amd64/libawt.so
7f498ab07000-7f498ad07000 ---p 000a0000 08:06 2245042                    /usr/lib/jvm/java-8-openjdk-amd64/jre/lib/amd64/libawt.so
7f498ad07000-7f498ad08000 r--p 000a0000 08:06 2245042                    /usr/lib/jvm/java-8-openjdk-amd64/jre/lib/amd64/libawt.so
7f498ad08000-7f498ad13000 rw-p 000a1000 08:06 2245042                    /usr/lib/jvm/java-8-openjdk-amd64/jre/lib/amd64/libawt.so
7f498ad13000-7f498ad38000 rw-p 00000000 00:00 0 
7f498ad38000-7f498ad39000 ---p 00000000 00:00 0 
7f498ad39000-7f498ae39000 rw-p 00000000 00:00 0 
7f498ae39000-7f498ae3c000 ---p 00000000 00:00 0 
7f498ae3c000-7f498af3a000 rw-p 00000000 00:00 0 
7f498af3a000-7f498af3d000 ---p 00000000 00:00 0 
7f498af3d000-7f498b03b000 rw-p 00000000 00:00 0 
7f498b03b000-7f498b03e000 ---p 00000000 00:00 0 
7f498b03e000-7f498b13c000 rw-p 00000000 00:00 0 
7f498b13c000-7f498b13f000 ---p 00000000 00:00 0 
7f498b13f000-7f498b23d000 rw-p 00000000 00:00 0 
7f498b23d000-7f498bbfc000 r--p 00000000 08:06 2236295                    /usr/lib/locale/locale-archive
7f498bbfc000-7f498bbff000 ---p 00000000 00:00 0 
7f498bbff000-7f498bcfd000 rw-p 00000000 00:00 0 
7f498bcfd000-7f498bd00000 ---p 00000000 00:00 0 
7f498bd00000-7f498bdfe000 rw-p 00000000 00:00 0 
7f498bdfe000-7f498bdff000 ---p 00000000 00:00 0 
7f498bdff000-7f498c000000 rw-p 00000000 00:00 0 
7f498c000000-7f498c021000 rw-p 00000000 00:00 0 
7f498c021000-7f4990000000 ---p 00000000 00:00 0 
7f4990019000-7f499001a000 rwxp 00000000 00:00 0 
7f499001a000-7f499001c000 r--s 00000000 08:06 1188783                    /home/ema/workspace/ucsdunfoldingmaps/lib/gluegen-rt-natives-linux-amd64.jar
7f499001c000-7f499001f000 ---p 00000000 00:00 0 
7f499001f000-7f4990055000 rw-p 00000000 00:00 0 
7f4990055000-7f4990059000 r--s 00097000 08:06 2245107                    /usr/lib/jvm/java-8-openjdk-amd64/jre/lib/jsse.jar
7f4990059000-7f499006c000 r--s 00345000 08:06 2245072                    /usr/lib/jvm/java-8-openjdk-amd64/jre/lib/resources.jar
7f499006c000-7f4990072000 r--s 00033000 08:06 1189873                    /home/ema/workspace/ucsdunfoldingmaps/lib/unfolding.0.9.7-uscd.jar
7f4990072000-7f4990077000 r--s 00309000 08:06 1189871                    /home/ema/workspace/ucsdunfoldingmaps/lib/sqlite-jdbc-3.7.2.jar
7f4990077000-7f499007e000 r--s 00059000 08:06 1189863                    /home/ema/workspace/ucsdunfoldingmaps/lib/log4j-1.2.15.jar
7f499007e000-7f49900a1000 r--s 002ec000 08:06 1189855                    /home/ema/workspace/ucsdunfoldingmaps/lib/jogl-all.jar
7f49900a1000-7f49900bd000 r--s 00393000 08:06 2245098                    /usr/lib/jvm/java-8-openjdk-amd64/jre/lib/ext/cldrdata.jar
7f49900bd000-7f49900d8000 r--s 001d7000 08:06 2245096                    /usr/lib/jvm/java-8-openjdk-amd64/jre/lib/ext/nashorn.jar
7f49900d8000-7f4991000000 rw-p 00000000 00:00 0 
7f4991000000-7f4991600000 rwxp 00000000 00:00 0 
7f4991600000-7f49a0000000 ---p 00000000 00:00 0 
7f49a0000000-7f49a031f000 rw-p 00000000 00:00 0 
7f49a031f000-7f49a4000000 ---p 00000000 00:00 0 
7f49a4000000-7f49a4001000 r--s 0002f000 08:06 1188886                    /home/ema/workspace/ucsdunfoldingmaps/lib/jogl-all-natives-linux-amd64.jar
7f49a4001000-7f49a4002000 r--p 00000000 00:00 0 
7f49a4002000-7f49a4003000 r--s 00005000 08:06 1189858                    /home/ema/workspace/ucsdunfoldingmaps/lib/libTUIO.jar
7f49a4003000-7f49a4004000 r--s 00007000 08:06 1189857                    /home/ema/workspace/ucsdunfoldingmaps/lib/json4processing.jar
7f49a4004000-7f49a400a000 r--s 00041000 08:06 1188883                    /home/ema/workspace/ucsdunfoldingmaps/lib/gluegen-rt.jar
7f49a400a000-7f49a400e000 r--s 0009a000 08:06 1188737                    /home/ema/workspace/ucsdunfoldingmaps/lib/core.jar
7f49a400e000-7f49a4011000 r--s 0000f000 08:06 2245103                    /usr/lib/jvm/java-8-openjdk-amd64/jre/lib/ext/icedtea-sound.jar
7f49a4011000-7f49a4013000 r--s 00001000 08:06 2245097                    /usr/lib/jvm/java-8-openjdk-amd64/jre/lib/ext/dnsns.jar
7f49a4013000-7f49a4161000 rw-p 00000000 00:00 0 
7f49a4161000-7f49a432f000 r--s 03beb000 08:06 2245084                    /usr/lib/jvm/java-8-openjdk-amd64/jre/lib/rt.jar
7f49a432f000-7f49a60bb000 rw-p 00000000 00:00 0 
7f49a60bb000-7f49a60bc000 ---p 00000000 00:00 0 
7f49a60bc000-7f49a61bc000 rw-p 00000000 00:00 0 
7f49a61bc000-7f49a61bd000 ---p 00000000 00:00 0 
7f49a61bd000-7f49a62d0000 rw-p 00000000 00:00 0 
7f49a62d0000-7f49a63e1000 ---p 00000000 00:00 0 
7f49a63e1000-7f49a63f4000 rw-p 00000000 00:00 0 
7f49a63f4000-7f49a6505000 ---p 00000000 00:00 0 
7f49a6505000-7f49a6529000 rw-p 00000000 00:00 0 
7f49a6529000-7f49a6597000 ---p 00000000 00:00 0 
7f49a6597000-7f49a65b0000 rw-p 00000000 00:00 0 
7f49a65b0000-7f49a6958000 ---p 00000000 00:00 0 
7f49a6958000-7f49a6960000 r-xp 00000000 08:06 2245052                    /usr/lib/jvm/java-8-openjdk-amd64/jre/lib/amd64/libzip.so
7f49a6960000-7f49a6b5f000 ---p 00008000 08:06 2245052                    /usr/lib/jvm/java-8-openjdk-amd64/jre/lib/amd64/libzip.so
7f49a6b5f000-7f49a6b60000 r--p 00007000 08:06 2245052                    /usr/lib/jvm/java-8-openjdk-amd64/jre/lib/amd64/libzip.so
7f49a6b60000-7f49a6b61000 rw-p 00008000 08:06 2245052                    /usr/lib/jvm/java-8-openjdk-amd64/jre/lib/amd64/libzip.so
7f49a6b61000-7f49a6b6c000 r-xp 00000000 08:06 2757750                    /lib/x86_64-linux-gnu/libnss_files-2.23.so
7f49a6b6c000-7f49a6d6b000 ---p 0000b000 08:06 2757750                    /lib/x86_64-linux-gnu/libnss_files-2.23.so
7f49a6d6b000-7f49a6d6c000 r--p 0000a000 08:06 2757750                    /lib/x86_64-linux-gnu/libnss_files-2.23.so
7f49a6d6c000-7f49a6d6d000 rw-p 0000b000 08:06 2757750                    /lib/x86_64-linux-gnu/libnss_files-2.23.so
7f49a6d6d000-7f49a6d73000 rw-p 00000000 00:00 0 
7f49a6d73000-7f49a6d7e000 r-xp 00000000 08:06 2757760                    /lib/x86_64-linux-gnu/libnss_nis-2.23.so
7f49a6d7e000-7f49a6f7d000 ---p 0000b000 08:06 2757760                    /lib/x86_64-linux-gnu/libnss_nis-2.23.so
7f49a6f7d000-7f49a6f7e000 r--p 0000a000 08:06 2757760                    /lib/x86_64-linux-gnu/libnss_nis-2.23.so
7f49a6f7e000-7f49a6f7f000 rw-p 0000b000 08:06 2757760                    /lib/x86_64-linux-gnu/libnss_nis-2.23.so
7f49a6f7f000-7f49a6f95000 r-xp 00000000 08:06 2757744                    /lib/x86_64-linux-gnu/libnsl-2.23.so
7f49a6f95000-7f49a7194000 ---p 00016000 08:06 2757744                    /lib/x86_64-linux-gnu/libnsl-2.23.so
7f49a7194000-7f49a7195000 r--p 00015000 08:06 2757744                    /lib/x86_64-linux-gnu/libnsl-2.23.so
7f49a7195000-7f49a7196000 rw-p 00016000 08:06 2757744                    /lib/x86_64-linux-gnu/libnsl-2.23.so
7f49a7196000-7f49a7198000 rw-p 00000000 00:00 0 
7f49a7198000-7f49a71a0000 r-xp 00000000 08:06 2757746                    /lib/x86_64-linux-gnu/libnss_compat-2.23.so
7f49a71a0000-7f49a739f000 ---p 00008000 08:06 2757746                    /lib/x86_64-linux-gnu/libnss_compat-2.23.so
7f49a739f000-7f49a73a0000 r--p 00007000 08:06 2757746                    /lib/x86_64-linux-gnu/libnss_compat-2.23.so
7f49a73a0000-7f49a73a1000 rw-p 00008000 08:06 2757746                    /lib/x86_64-linux-gnu/libnss_compat-2.23.so
7f49a73a1000-7f49a73ce000 r-xp 00000000 08:06 2242887                    /usr/lib/jvm/java-8-openjdk-amd64/jre/lib/amd64/libjava.so
7f49a73ce000-7f49a75cd000 ---p 0002d000 08:06 2242887                    /usr/lib/jvm/java-8-openjdk-amd64/jre/lib/amd64/libjava.so
7f49a75cd000-7f49a75ce000 r--p 0002c000 08:06 2242887                    /usr/lib/jvm/java-8-openjdk-amd64/jre/lib/amd64/libjava.so
7f49a75ce000-7f49a75d0000 rw-p 0002d000 08:06 2242887                    /usr/lib/jvm/java-8-openjdk-amd64/jre/lib/amd64/libjava.so
7f49a75d0000-7f49a75df000 r-xp 00000000 08:06 2245038                    /usr/lib/jvm/java-8-openjdk-amd64/jre/lib/amd64/libverify.so
7f49a75df000-7f49a77de000 ---p 0000f000 08:06 2245038                    /usr/lib/jvm/java-8-openjdk-amd64/jre/lib/amd64/libverify.so
7f49a77de000-7f49a77e0000 r--p 0000e000 08:06 2245038                    /usr/lib/jvm/java-8-openjdk-amd64/jre/lib/amd64/libverify.so
7f49a77e0000-7f49a77e1000 rw-p 00010000 08:06 2245038                    /usr/lib/jvm/java-8-openjdk-amd64/jre/lib/amd64/libverify.so
7f49a77e1000-7f49a77e8000 r-xp 00000000 08:06 2757805                    /lib/x86_64-linux-gnu/librt-2.23.so
7f49a77e8000-7f49a79e7000 ---p 00007000 08:06 2757805                    /lib/x86_64-linux-gnu/librt-2.23.so
7f49a79e7000-7f49a79e8000 r--p 00006000 08:06 2757805                    /lib/x86_64-linux-gnu/librt-2.23.so
7f49a79e8000-7f49a79e9000 rw-p 00007000 08:06 2757805                    /lib/x86_64-linux-gnu/librt-2.23.so
7f49a79e9000-7f49a79ff000 r-xp 00000000 08:06 2757689                    /lib/x86_64-linux-gnu/libgcc_s.so.1
7f49a79ff000-7f49a7bfe000 ---p 00016000 08:06 2757689                    /lib/x86_64-linux-gnu/libgcc_s.so.1
7f49a7bfe000-7f49a7bff000 rw-p 00015000 08:06 2757689                    /lib/x86_64-linux-gnu/libgcc_s.so.1
7f49a7bff000-7f49a7d07000 r-xp 00000000 08:06 2757721                    /lib/x86_64-linux-gnu/libm-2.23.so
7f49a7d07000-7f49a7f06000 ---p 00108000 08:06 2757721                    /lib/x86_64-linux-gnu/libm-2.23.so
7f49a7f06000-7f49a7f07000 r--p 00107000 08:06 2757721                    /lib/x86_64-linux-gnu/libm-2.23.so
7f49a7f07000-7f49a7f08000 rw-p 00108000 08:06 2757721                    /lib/x86_64-linux-gnu/libm-2.23.so
7f49a7f08000-7f49a807a000 r-xp 00000000 08:06 2230402                    /usr/lib/x86_64-linux-gnu/libstdc++.so.6.0.21
7f49a807a000-7f49a827a000 ---p 00172000 08:06 2230402                    /usr/lib/x86_64-linux-gnu/libstdc++.so.6.0.21
7f49a827a000-7f49a8284000 r--p 00172000 08:06 2230402                    /usr/lib/x86_64-linux-gnu/libstdc++.so.6.0.21
7f49a8284000-7f49a8286000 rw-p 0017c000 08:06 2230402                    /usr/lib/x86_64-linux-gnu/libstdc++.so.6.0.21
7f49a8286000-7f49a828a000 rw-p 00000000 00:00 0 
7f49a828a000-7f49a8ed0000 r-xp 00000000 08:06 2245050                    /usr/lib/jvm/java-8-openjdk-amd64/jre/lib/amd64/server/libjvm.so
7f49a8ed0000-7f49a90d0000 ---p 00c46000 08:06 2245050                    /usr/lib/jvm/java-8-openjdk-amd64/jre/lib/amd64/server/libjvm.so
7f49a90d0000-7f49a9163000 r--p 00c46000 08:06 2245050                    /usr/lib/jvm/java-8-openjdk-amd64/jre/lib/amd64/server/libjvm.so
7f49a9163000-7f49a918b000 rw-p 00cd9000 08:06 2245050                    /usr/lib/jvm/java-8-openjdk-amd64/jre/lib/amd64/server/libjvm.so
7f49a918b000-7f49a91bb000 rw-p 00000000 00:00 0 
7f49a91bb000-7f49a91d3000 r-xp 00000000 08:06 2757797                    /lib/x86_64-linux-gnu/libpthread-2.23.so
7f49a91d3000-7f49a93d2000 ---p 00018000 08:06 2757797                    /lib/x86_64-linux-gnu/libpthread-2.23.so
7f49a93d2000-7f49a93d3000 r--p 00017000 08:06 2757797                    /lib/x86_64-linux-gnu/libpthread-2.23.so
7f49a93d3000-7f49a93d4000 rw-p 00018000 08:06 2757797                    /lib/x86_64-linux-gnu/libpthread-2.23.so
7f49a93d4000-7f49a93d8000 rw-p 00000000 00:00 0 
7f49a93d8000-7f49a93db000 r-xp 00000000 08:06 2757675                    /lib/x86_64-linux-gnu/libdl-2.23.so
7f49a93db000-7f49a95da000 ---p 00003000 08:06 2757675                    /lib/x86_64-linux-gnu/libdl-2.23.so
7f49a95da000-7f49a95db000 r--p 00002000 08:06 2757675                    /lib/x86_64-linux-gnu/libdl-2.23.so
7f49a95db000-7f49a95dc000 rw-p 00003000 08:06 2757675                    /lib/x86_64-linux-gnu/libdl-2.23.so
7f49a95dc000-7f49a95f5000 r-xp 00000000 08:06 2757842                    /lib/x86_64-linux-gnu/libz.so.1.2.8
7f49a95f5000-7f49a97f4000 ---p 00019000 08:06 2757842                    /lib/x86_64-linux-gnu/libz.so.1.2.8
7f49a97f4000-7f49a97f5000 r--p 00018000 08:06 2757842                    /lib/x86_64-linux-gnu/libz.so.1.2.8
7f49a97f5000-7f49a97f6000 rw-p 00019000 08:06 2757842                    /lib/x86_64-linux-gnu/libz.so.1.2.8
7f49a97f6000-7f49a99b6000 r-xp 00000000 08:06 2757651                    /lib/x86_64-linux-gnu/libc-2.23.so
7f49a99b6000-7f49a9bb5000 ---p 001c0000 08:06 2757651                    /lib/x86_64-linux-gnu/libc-2.23.so
7f49a9bb5000-7f49a9bb9000 r--p 001bf000 08:06 2757651                    /lib/x86_64-linux-gnu/libc-2.23.so
7f49a9bb9000-7f49a9bbb000 rw-p 001c3000 08:06 2757651                    /lib/x86_64-linux-gnu/libc-2.23.so
7f49a9bbb000-7f49a9bbf000 rw-p 00000000 00:00 0 
7f49a9bbf000-7f49a9bcc000 r-xp 00000000 08:06 2245066                    /usr/lib/jvm/java-8-openjdk-amd64/jre/lib/amd64/jli/libjli.so
7f49a9bcc000-7f49a9dcc000 ---p 0000d000 08:06 2245066                    /usr/lib/jvm/java-8-openjdk-amd64/jre/lib/amd64/jli/libjli.so
7f49a9dcc000-7f49a9dcd000 r--p 0000d000 08:06 2245066                    /usr/lib/jvm/java-8-openjdk-amd64/jre/lib/amd64/jli/libjli.so
7f49a9dcd000-7f49a9dce000 rw-p 0000e000 08:06 2245066                    /usr/lib/jvm/java-8-openjdk-amd64/jre/lib/amd64/jli/libjli.so
7f49a9dce000-7f49a9df4000 r-xp 00000000 08:06 2757623                    /lib/x86_64-linux-gnu/ld-2.23.so
7f49a9df4000-7f49a9df5000 r--s 00010000 08:06 2245101                    /usr/lib/jvm/java-8-openjdk-amd64/jre/lib/ext/zipfs.jar
7f49a9df5000-7f49a9df6000 r--s 00008000 08:06 2245099                    /usr/lib/jvm/java-8-openjdk-amd64/jre/lib/ext/sunec.jar
7f49a9df6000-7f49a9dfb000 r--s 0003b000 08:06 2245102                    /usr/lib/jvm/java-8-openjdk-amd64/jre/lib/ext/sunjce_provider.jar
7f49a9dfb000-7f49a9ed2000 rw-p 00000000 00:00 0 
7f49a9ed2000-7f49a9ed5000 ---p 00000000 00:00 0 
7f49a9ed5000-7f49a9fd8000 rw-p 00000000 00:00 0 
7f49a9fd8000-7f49a9fd9000 r--s 0000a000 08:06 2245100                    /usr/lib/jvm/java-8-openjdk-amd64/jre/lib/ext/jaccess.jar
7f49a9fd9000-7f49a9fdd000 r--s 00037000 08:06 2245105                    /usr/lib/jvm/java-8-openjdk-amd64/jre/lib/ext/sunpkcs11.jar
7f49a9fdd000-7f49a9fe7000 r--s 00116000 08:06 2245104                    /usr/lib/jvm/java-8-openjdk-amd64/jre/lib/ext/localedata.jar
7f49a9fe7000-7f49a9fef000 rw-s 00000000 08:06 2097177                    /tmp/hsperfdata_ema/11978
7f49a9fef000-7f49a9ff0000 rw-p 00000000 00:00 0 
7f49a9ff0000-7f49a9ff1000 r--p 00000000 00:00 0 
7f49a9ff1000-7f49a9ff3000 rw-p 00000000 00:00 0 
7f49a9ff3000-7f49a9ff4000 r--p 00025000 08:06 2757623                    /lib/x86_64-linux-gnu/ld-2.23.so
7f49a9ff4000-7f49a9ff5000 rw-p 00026000 08:06 2757623                    /lib/x86_64-linux-gnu/ld-2.23.so
7f49a9ff5000-7f49a9ff6000 rw-p 00000000 00:00 0 
7ffe4ee6b000-7ffe4ee8c000 rw-p 00000000 00:00 0                          [stack]
7ffe4eeb9000-7ffe4eebb000 r--p 00000000 00:00 0                          [vvar]
7ffe4eebb000-7ffe4eebd000 r-xp 00000000 00:00 0                          [vdso]
ffffffffff600000-ffffffffff601000 r-xp 00000000 00:00 0                  [vsyscall]

VM Arguments:
jvm_args: -Djava.security.policy=java.policy.applet -Dfile.encoding=UTF-8 
java_command: sun.applet.AppletViewer module4.EarthquakeCityMap1476531902475.html
java_class_path (initial): /home/ema/workspace/ucsdunfoldingmaps/build:/home/ema/workspace/ucsdunfoldingmaps/lib/core.jar:/home/ema/workspace/ucsdunfoldingmaps/lib/gluegen-rt.jar:/home/ema/workspace/ucsdunfoldingmaps/lib/jogl-all.jar:/home/ema/workspace/ucsdunfoldingmaps/lib/log4j-1.2.15.jar:/home/ema/workspace/ucsdunfoldingmaps/lib/sqlite-jdbc-3.7.2.jar:/home/ema/workspace/ucsdunfoldingmaps/lib/json4processing.jar:/home/ema/workspace/ucsdunfoldingmaps/lib/libTUIO.jar:/home/ema/workspace/ucsdunfoldingmaps/lib/unfolding.0.9.7-uscd.jar
Launcher Type: SUN_STANDARD

Environment Variables:
PATH=/home/ema/bin:/home/ema/.local/bin:/usr/local/sbin:/usr/local/bin:/usr/sbin:/usr/bin:/sbin:/bin:/usr/games:/usr/local/games:/snap/bin
SHELL=/bin/bash
DISPLAY=:0

Signal Handlers:
SIGSEGV: [libjvm.so+0xa5e970], sa_mask[0]=11111111011111111101111111111110, sa_flags=SA_RESTART|SA_SIGINFO
SIGBUS: [libjvm.so+0xa5e970], sa_mask[0]=11111111011111111101111111111110, sa_flags=SA_RESTART|SA_SIGINFO
SIGFPE: [libjvm.so+0x8a9ff0], sa_mask[0]=11111111011111111101111111111110, sa_flags=SA_RESTART|SA_SIGINFO
SIGPIPE: [libjvm.so+0x8a9ff0], sa_mask[0]=11111111011111111101111111111110, sa_flags=SA_RESTART|SA_SIGINFO
SIGXFSZ: [libjvm.so+0x8a9ff0], sa_mask[0]=11111111011111111101111111111110, sa_flags=SA_RESTART|SA_SIGINFO
SIGILL: [libjvm.so+0x8a9ff0], sa_mask[0]=11111111011111111101111111111110, sa_flags=SA_RESTART|SA_SIGINFO
SIGUSR1: SIG_DFL, sa_mask[0]=00000000000000000000000000000000, sa_flags=none
SIGUSR2: [libjvm.so+0x8a9ea0], sa_mask[0]=00100000000000000000000000000000, sa_flags=SA_RESTART|SA_SIGINFO
SIGHUP: [libjvm.so+0x8aa370], sa_mask[0]=11111111011111111101111111111110, sa_flags=SA_RESTART|SA_SIGINFO
SIGINT: [libjvm.so+0x8aa370], sa_mask[0]=11111111011111111101111111111110, sa_flags=SA_RESTART|SA_SIGINFO
SIGTERM: [libjvm.so+0x8aa370], sa_mask[0]=11111111011111111101111111111110, sa_flags=SA_RESTART|SA_SIGINFO
SIGQUIT: [libjvm.so+0x8aa370], sa_mask[0]=11111111011111111101111111111110, sa_flags=SA_RESTART|SA_SIGINFO


---------------  S Y S T E M  ---------------

OS:DISTRIB_ID=Ubuntu
DISTRIB_RELEASE=16.04
DISTRIB_CODENAME=xenial
DISTRIB_DESCRIPTION="Ubuntu 16.04.1 LTS"

uname:Linux 4.4.0-38-generic #57-Ubuntu SMP Tue Sep 6 15:42:33 UTC 2016 x86_64
libc:glibc 2.23 NPTL 2.23 
rlimit: STACK 8192k, CORE 0k, NPROC 13510, NOFILE 65536, AS infinity
load average:2,57 1,06 0,65

/proc/meminfo:
MemTotal:        3582816 kB
MemFree:          292580 kB
MemAvailable:    1187480 kB
Buffers:           84412 kB
Cached:           999040 kB
SwapCached:         1284 kB
Active:          2156276 kB
Inactive:         878344 kB
Active(anon):    1504388 kB
Inactive(anon):   486828 kB
Active(file):     651888 kB
Inactive(file):   391516 kB
Unevictable:          48 kB
Mlocked:              48 kB
SwapTotal:       4095996 kB
SwapFree:        4073020 kB
Dirty:              1240 kB
Writeback:             0 kB
AnonPages:       1950232 kB
Mapped:           224256 kB
Shmem:             40048 kB
Slab:             140196 kB
SReclaimable:     102608 kB
SUnreclaim:        37588 kB
KernelStack:        9648 kB
PageTables:        33672 kB
NFS_Unstable:          0 kB
Bounce:                0 kB
WritebackTmp:          0 kB
CommitLimit:     5887404 kB
Committed_AS:    5871308 kB
VmallocTotal:   34359738367 kB
VmallocUsed:           0 kB
VmallocChunk:          0 kB
HardwareCorrupted:     0 kB
AnonHugePages:    890880 kB
CmaTotal:              0 kB
CmaFree:               0 kB
HugePages_Total:       0
HugePages_Free:        0
HugePages_Rsvd:        0
HugePages_Surp:        0
Hugepagesize:       2048 kB
DirectMap4k:      314620 kB
DirectMap2M:     3409920 kB
DirectMap1G:           0 kB


CPU:total 2 (2 cores per cpu, 1 threads per core) family 20 model 2 stepping 0, cmov, cx8, fxsr, mmx, sse, sse2, sse3, ssse3, popcnt, mmxext, lzcnt, sse4a, tsc, tscinvbit, tscinv

/proc/cpuinfo:
processor	: 0
vendor_id	: AuthenticAMD
cpu family	: 20
model		: 2
model name	: AMD E2-1800 APU with Radeon(tm) HD Graphics
stepping	: 0
microcode	: 0x500010d
cpu MHz		: 1700.000
cache size	: 512 KB
physical id	: 0
siblings	: 2
core id		: 0
cpu cores	: 2
apicid		: 0
initial apicid	: 0
fpu		: yes
fpu_exception	: yes
cpuid level	: 6
wp		: yes
flags		: fpu vme de pse tsc msr pae mce cx8 apic sep mtrr pge mca cmov pat pse36 clflush mmx fxsr sse sse2 ht syscall nx mmxext fxsr_opt pdpe1gb rdtscp lm constant_tsc rep_good nopl nonstop_tsc extd_apicid aperfmperf pni monitor ssse3 cx16 popcnt lahf_lm cmp_legacy svm extapic cr8_legacy abm sse4a misalignsse 3dnowprefetch ibs skinit wdt hw_pstate vmmcall arat npt lbrv svm_lock nrip_save pausefilter
bugs		: fxsave_leak sysret_ss_attrs
bogomips	: 3393.81
TLB size	: 1024 4K pages
clflush size	: 64
cache_alignment	: 64
address sizes	: 36 bits physical, 48 bits virtual
power management: ts ttp tm stc 100mhzsteps hwpstate

processor	: 1
vendor_id	: AuthenticAMD
cpu family	: 20
model		: 2
model name	: AMD E2-1800 APU with Radeon(tm) HD Graphics
stepping	: 0
microcode	: 0x500010d
cpu MHz		: 1360.000
cache size	: 512 KB
physical id	: 0
siblings	: 2
core id		: 1
cpu cores	: 2
apicid		: 1
initial apicid	: 1
fpu		: yes
fpu_exception	: yes
cpuid level	: 6
wp		: yes
flags		: fpu vme de pse tsc msr pae mce cx8 apic sep mtrr pge mca cmov pat pse36 clflush mmx fxsr sse sse2 ht syscall nx mmxext fxsr_opt pdpe1gb rdtscp lm constant_tsc rep_good nopl nonstop_tsc extd_apicid aperfmperf pni monitor ssse3 cx16 popcnt lahf_lm cmp_legacy svm extapic cr8_legacy abm sse4a misalignsse 3dnowprefetch ibs skinit wdt hw_pstate vmmcall arat npt lbrv svm_lock nrip_save pausefilter
bugs		: fxsave_leak sysret_ss_attrs
bogomips	: 3393.81
TLB size	: 1024 4K pages
clflush size	: 64
cache_alignment	: 64
address sizes	: 36 bits physical, 48 bits virtual
power management: ts ttp tm stc 100mhzsteps hwpstate



Memory: 4k page, physical 3582816k(292580k free), swap 4095996k(4073020k free)

vm_info: OpenJDK 64-Bit Server VM (25.91-b14) for linux-amd64 JRE (1.8.0_91-8u91-b14-3ubuntu1~16.04.1-b14), built on Jul 21 2016 04:13:34 by "buildd" with gcc 5.3.1 20160413

time: Sat Oct 15 13:45:26 2016
elapsed time: 24 seconds (0d 0h 0m 24s)

