#
# A fatal error has been detected by the Java Runtime Environment:
#
#  SIGSEGV (0xb) at pc=0x00007f838b4d1987, pid=19949, tid=0x00007f83d8207700
#
# JRE version: Java(TM) SE Runtime Environment (8.0_92-b14) (build 1.8.0_92-b14)
# Java VM: Java HotSpot(TM) 64-Bit Server VM (25.92-b14 mixed mode linux-amd64 compressed oops)
# Problematic frame:
# C  [nouveau_dri.so+0x29e987]
#
# Failed to write core dump. Core dumps have been disabled. To enable core dumping, try "ulimit -c unlimited" before starting Java again
#
# If you would like to submit a bug report, please visit:
#   http://bugreport.java.com/bugreport/crash.jsp
# The crash happened outside the Java Virtual Machine in native code.
# See problematic frame for where to report the bug.
#

---------------  T H R E A D  ---------------

Current thread (0x00007f83a4008800):  JavaThread "AWT-EventQueue-1" [_thread_in_native, id=19980, stack(0x00007f83d8107000,0x00007f83d8208000)]

siginfo: si_signo: 11 (SIGSEGV), si_code: 1 (SEGV_MAPERR), si_addr: 0x000000000000c030

Registers:
RAX=0x0000000000000000, RBX=0x00007f83a00b3c80, RCX=0x0000000000000000, RDX=0x0000000000000001
RSP=0x00007f83d8205430, RBP=0x000000000000c000, RSI=0x00007f83a00b4530, RDI=0x0000000100000000
R8 =0x0000000000000000, R9 =0x00007f839aa9bc60, R10=0x00007f84050157e8, R11=0x00007f841b835cf0
R12=0x0000000000000001, R13=0x00007f8394173a20, R14=0x0000000000000000, R15=0x0000000000000001
RIP=0x00007f838b4d1987, EFLAGS=0x0000000000010206, CSGSFS=0x0000000000000033, ERR=0x0000000000000004
  TRAPNO=0x000000000000000e

Top of Stack: (sp=0x00007f83d8205430)
0x00007f83d8205430:   0000000000000000 00007f8404b9ff80
0x00007f83d8205440:   0000000000000000 dd55759eb8f08c00
0x00007f83d8205450:   00007f83d82054b0 00007f83a00b3b50
0x00007f83d8205460:   0000000000000000 00007f8394173ed0
0x00007f83d8205470:   00007f8394173a20 00007f8394174080
0x00007f83d8205480:   0000000000000000 00007f839aa9bd02
0x00007f83d8205490:   00007f83d82054c0 00007f8300000000
0x00007f83d82054a0:   0000000000000000 0000000000000000
0x00007f83d82054b0:   000000000440004d 00007f839aa6dbf1
0x00007f83d82054c0:   00007f83a00b3b50 dd55759eb8f08c00
0x00007f83d82054d0:   000000000440004d 00007f839ad7d308
0x00007f83d82054e0:   00007f83d8205550 0000000000000000
0x00007f83d82054f0:   00007f839ad7d308 00007f83d8205618
0x00007f83d8205500:   00007f83a4008800 00007f83991a8849
0x00007f83d8205510:   00007f83d8205528 00007f839aa6dc20
0x00007f83d8205520:   000000000440004d 00007f8394177230
0x00007f83d8205530:   00007f83d82055e0 00007f83a40089f8
0x00007f83d8205540:   00007f839ae22af4 00007f839aa6dc20
0x00007f83d8205550:   00007f83d82055d0 00007f8405015814
0x00007f83d8205560:   00007f839ae22b30 0000000000000000
0x00007f83d8205570:   00007f83d82055a0 00007f83d82056c0
0x00007f83d8205580:   00007f84056ec5c4 0000000000000000
0x00007f83d8205590:   00007f83d8205590 0000000000000000
0x00007f83d82055a0:   00007f83d8205618 00007f839ad7e9a8
0x00007f83d82055b0:   0000000000000000 00007f839ad7d308
0x00007f83d82055c0:   0000000000000000 00007f83d82055f0
0x00007f83d82055d0:   00007f83d8205660 00007f84050082bd
0x00007f83d82055e0:   00000000a2e14068 00007f8405011538
0x00007f83d82055f0:   00007f839aa6dc20 00000000a37d3420
0x00007f83d8205600:   000000000440004d 00007f8400000000
0x00007f83d8205610:   00007f8394177230 00000000a35a10c0
0x00007f83d8205620:   00007f83d8205620 00007f839ad7d259 

Instructions: (pc=0x00007f838b4d1987)
0x00007f838b4d1967:   00 41 f6 c4 01 c6 44 24 0f 00 0f 84 c9 00 00 00
0x00007f838b4d1977:   48 8b b3 30 01 00 00 48 85 f6 0f 84 b9 00 00 00
0x00007f838b4d1987:   48 8b 55 30 45 85 f6 4c 8b 6a 18 0f 85 40 02 00
0x00007f838b4d1997:   00 83 7b 38 01 0f 8e 36 02 00 00 48 8b 93 68 01 

Register to memory mapping:

RAX=0x0000000000000000 is an unknown value
RBX=0x00007f83a00b3c80 is an unknown value
RCX=0x0000000000000000 is an unknown value
RDX=0x0000000000000001 is an unknown value
RSP=0x00007f83d8205430 is pointing into the stack for thread: 0x00007f83a4008800
RBP=0x000000000000c000 is an unknown value
RSI=0x00007f83a00b4530 is an unknown value
RDI=0x0000000100000000 is pointing into metadata
R8 =0x0000000000000000 is an unknown value
R9 =0x00007f839aa9bc60: <offset 0x4ac60> in /usr/lib/x86_64-linux-gnu/mesa/libGL.so.1 at 0x00007f839aa51000
R10=0x00007f84050157e8 is at code_begin+808 in an Interpreter codelet
method entry point (kind = native)  [0x00007f84050154c0, 0x00007f8405015dc0]  2304 bytes
R11=0x00007f841b835cf0: <offset 0x9bccf0> in /home/ema/Scaricati/jdk1.8.0_92/jre/lib/amd64/server/libjvm.so at 0x00007f841ae79000
R12=0x0000000000000001 is an unknown value
R13=0x00007f8394173a20 is an unknown value
R14=0x0000000000000000 is an unknown value
R15=0x0000000000000001 is an unknown value


Stack: [0x00007f83d8107000,0x00007f83d8208000],  sp=0x00007f83d8205430,  free space=1017k
Native frames: (J=compiled Java code, j=interpreted, Vv=VM code, C=native code)
C  [nouveau_dri.so+0x29e987]

Java frames: (J=compiled Java code, j=interpreted, Vv=VM code)
j  jogamp.opengl.x11.glx.GLX.dispatch_glXSwapBuffers0(JJJ)V+0
j  jogamp.opengl.x11.glx.GLX.glXSwapBuffers(JJ)V+41
j  jogamp.opengl.x11.glx.X11GLXDrawable.swapBuffersImpl(Z)V+17
j  jogamp.opengl.GLDrawableImpl.swapBuffers()V+67
j  javax.media.opengl.awt.GLCanvas$12.run()V+45
j  java.awt.event.InvocationEvent.dispatch()V+11
j  java.awt.EventQueue.dispatchEventImpl(Ljava/awt/AWTEvent;Ljava/lang/Object;)V+21
J 1974 C1 java.awt.EventQueue$3.run()Ljava/lang/Void; (60 bytes) @ 0x00007f84057043c4 [0x00007f84057041c0+0x204]
J 1973 C1 java.awt.EventQueue$3.run()Ljava/lang/Object; (5 bytes) @ 0x00007f8405703e4c [0x00007f8405703dc0+0x8c]
v  ~StubRoutines::call_stub
J 482  java.security.AccessController.doPrivileged(Ljava/security/PrivilegedAction;Ljava/security/AccessControlContext;)Ljava/lang/Object; (0 bytes) @ 0x00007f840522ece3 [0x00007f840522ec80+0x63]
J 1977 C1 java.awt.EventQueue.dispatchEvent(Ljava/awt/AWTEvent;)V (80 bytes) @ 0x00007f840570c884 [0x00007f840570bf00+0x984]
J 1975 C1 java.awt.EventDispatchThread.pumpOneEventForFilters(I)V (295 bytes) @ 0x00007f8405709814 [0x00007f8405707cc0+0x1b54]
j  java.awt.EventDispatchThread.pumpEventsForFilter(ILjava/awt/Conditional;Ljava/awt/EventFilter;)V+35
j  java.awt.EventDispatchThread.pumpEventsForHierarchy(ILjava/awt/Conditional;Ljava/awt/Component;)V+11
j  java.awt.EventDispatchThread.pumpEvents(ILjava/awt/Conditional;)V+4
j  java.awt.EventDispatchThread.pumpEvents(Ljava/awt/Conditional;)V+3
j  java.awt.EventDispatchThread.run()V+9
v  ~StubRoutines::call_stub

---------------  P R O C E S S  ---------------

Java Threads: ( => current thread )
  0x00007f83a05c2000 JavaThread "Thread-20" [_thread_blocked, id=20010, stack(0x00007f838631f000,0x00007f8386420000)]
  0x00007f839415e800 JavaThread "Animation Thread-SharedResourceRunner" daemon [_thread_blocked, id=19990, stack(0x00007f839baff000,0x00007f839bc00000)]
  0x00007f83940d0000 JavaThread "process reaper" daemon [_thread_blocked, id=19985, stack(0x00007f840403a000,0x00007f8404073000)]
=>0x00007f83a4008800 JavaThread "AWT-EventQueue-1" [_thread_in_native, id=19980, stack(0x00007f83d8107000,0x00007f83d8208000)]
  0x00007f841400a000 JavaThread "DestroyJavaVM" [_thread_blocked, id=19954, stack(0x00007f841c959000,0x00007f841ca5a000)]
  0x00007f841429e000 JavaThread "AWT-EventQueue-0" [_thread_blocked, id=19978, stack(0x00007f83d8bb1000,0x00007f83d8cb2000)]
  0x00007f8414299800 JavaThread "AWT-Shutdown" [_thread_blocked, id=19977, stack(0x00007f83d8cb2000,0x00007f83d8db3000)]
  0x00007f8414286000 JavaThread "thread applet-module3.EarthquakeCityMap.class" [_thread_blocked, id=19976, stack(0x00007f83d8db3000,0x00007f83d8eb4000)]
  0x00007f8414279000 JavaThread "AWT-XAWT" daemon [_thread_blocked, id=19974, stack(0x00007f83d8eb4000,0x00007f83d8fb5000)]
  0x00007f8414255800 JavaThread "Java2D Disposer" daemon [_thread_blocked, id=19973, stack(0x00007f83d93c5000,0x00007f83d94c6000)]
  0x00007f84140d4000 JavaThread "Service Thread" daemon [_thread_blocked, id=19971, stack(0x00007f83db115000,0x00007f83db216000)]
  0x00007f84140c9000 JavaThread "C1 CompilerThread3" daemon [_thread_blocked, id=19970, stack(0x00007f83db216000,0x00007f83db317000)]
  0x00007f84140c6800 JavaThread "C2 CompilerThread2" daemon [_thread_blocked, id=19969, stack(0x00007f83db317000,0x00007f83db418000)]
  0x00007f84140c5000 JavaThread "C2 CompilerThread1" daemon [_thread_blocked, id=19968, stack(0x00007f83db418000,0x00007f83db519000)]
  0x00007f84140c2000 JavaThread "C2 CompilerThread0" daemon [_thread_blocked, id=19967, stack(0x00007f83db519000,0x00007f83db61a000)]
  0x00007f84140c0800 JavaThread "Signal Dispatcher" daemon [_thread_blocked, id=19966, stack(0x00007f83db61a000,0x00007f83db71b000)]
  0x00007f841408d000 JavaThread "Finalizer" daemon [_thread_blocked, id=19965, stack(0x00007f83dbdfe000,0x00007f83dbeff000)]
  0x00007f8414088000 JavaThread "Reference Handler" daemon [_thread_blocked, id=19964, stack(0x00007f83dbeff000,0x00007f83dc000000)]

Other Threads:
  0x00007f8414080800 VMThread [stack: 0x00007f83e005f000,0x00007f83e0160000] [id=19963]
  0x00007f84140d7000 WatcherThread [stack: 0x00007f83db014000,0x00007f83db115000] [id=19972]

VM state:not at safepoint (normal execution)

VM Mutex/Monitor currently owned by a thread: None

Heap:
 PSYoungGen      total 39936K, used 23672K [0x00000000e0f80000, 0x00000000e4680000, 0x0000000100000000)
  eden space 36352K, 55% used [0x00000000e0f80000,0x00000000e2326138,0x00000000e3300000)
  from space 3584K, 99% used [0x00000000e4300000,0x00000000e46780d0,0x00000000e4680000)
  to   space 3584K, 0% used [0x00000000e3f80000,0x00000000e3f80000,0x00000000e4300000)
 ParOldGen       total 58368K, used 16943K [0x00000000a2e00000, 0x00000000a6700000, 0x00000000e0f80000)
  object space 58368K, 29% used [0x00000000a2e00000,0x00000000a3e8bf48,0x00000000a6700000)
 Metaspace       used 21396K, capacity 21621K, committed 22064K, reserved 1069056K
  class space    used 2051K, capacity 2120K, committed 2176K, reserved 1048576K

Card table byte_map: [0x00007f841942d000,0x00007f8419717000] byte_map_base: 0x00007f8418f16000

Marking Bits: (ParMarkBitMap*) 0x00007f841be324c0
 Begin Bits: [0x00007f83e1170000, 0x00007f83e28b8000)
 End Bits:   [0x00007f83e28b8000, 0x00007f83e4000000)

Polling page: 0x00007f841ca81000

CodeCache: size=245760Kb used=7221Kb max_used=7225Kb free=238538Kb
 bounds [0x00007f8405000000, 0x00007f8405720000, 0x00007f8414000000]
 total_blobs=2959 nmethods=1990 adapters=884
 compilation: enabled

Compilation events (10 events):
Event: 5,536 Thread 0x00007f84140c2000 nmethod 1985 0x00007f8405712c50 code [0x00007f8405712da0, 0x00007f8405712e98]
Event: 5,557 Thread 0x00007f84140c9000 1986       3       java.awt.Component::isVisible (5 bytes)
Event: 5,557 Thread 0x00007f84140c9000 nmethod 1986 0x00007f8405712890 code [0x00007f8405712a00, 0x00007f8405712bf0]
Event: 5,557 Thread 0x00007f84140c9000 1988       3       sun.java2d.StateTrackableDelegate::markDirty (6 bytes)
Event: 5,557 Thread 0x00007f84140c9000 nmethod 1988 0x00007f8405712550 code [0x00007f84057126a0, 0x00007f8405712810]
Event: 5,557 Thread 0x00007f84140c9000 1987       3       sun.java2d.xr.GrowableEltArray::getCharCnt (13 bytes)
Event: 5,557 Thread 0x00007f84140c9000 nmethod 1987 0x00007f8405712090 code [0x00007f8405712200, 0x00007f8405712450]
Event: 5,557 Thread 0x00007f84140c9000 1989       3       java.lang.Integer::formatUnsignedInt (48 bytes)
Event: 5,558 Thread 0x00007f84140c9000 nmethod 1989 0x00007f8405711ad0 code [0x00007f8405711c40, 0x00007f8405711eb0]
Event: 5,574 Thread 0x00007f84140c9000 1990       3       java.awt.KeyboardFocusManager::getCurrentKeyboardFocusManager (7 bytes)

GC Heap History (10 events):
Event: 0,604 GC heap before
{Heap before GC invocations=1 (full 0):
 PSYoungGen      total 28160K, used 24183K [0x00000000e0f80000, 0x00000000e2e80000, 0x0000000100000000)
  eden space 24576K, 98% used [0x00000000e0f80000,0x00000000e271de30,0x00000000e2780000)
  from space 3584K, 0% used [0x00000000e2b00000,0x00000000e2b00000,0x00000000e2e80000)
  to   space 3584K, 0% used [0x00000000e2780000,0x00000000e2780000,0x00000000e2b00000)
 ParOldGen       total 64512K, used 0K [0x00000000a2e00000, 0x00000000a6d00000, 0x00000000e0f80000)
  object space 64512K, 0% used [0x00000000a2e00000,0x00000000a2e00000,0x00000000a6d00000)
 Metaspace       used 13457K, capacity 13732K, committed 13952K, reserved 1060864K
  class space    used 1467K, capacity 1545K, committed 1664K, reserved 1048576K
Event: 0,610 GC heap after
Heap after GC invocations=1 (full 0):
 PSYoungGen      total 28160K, used 3572K [0x00000000e0f80000, 0x00000000e4680000, 0x0000000100000000)
  eden space 24576K, 0% used [0x00000000e0f80000,0x00000000e0f80000,0x00000000e2780000)
  from space 3584K, 99% used [0x00000000e2780000,0x00000000e2afd0c0,0x00000000e2b00000)
  to   space 3584K, 0% used [0x00000000e4300000,0x00000000e4300000,0x00000000e4680000)
 ParOldGen       total 64512K, used 788K [0x00000000a2e00000, 0x00000000a6d00000, 0x00000000e0f80000)
  object space 64512K, 1% used [0x00000000a2e00000,0x00000000a2ec53f8,0x00000000a6d00000)
 Metaspace       used 13457K, capacity 13732K, committed 13952K, reserved 1060864K
  class space    used 1467K, capacity 1545K, committed 1664K, reserved 1048576K
}
Event: 1,775 GC heap before
{Heap before GC invocations=2 (full 0):
 PSYoungGen      total 28160K, used 28091K [0x00000000e0f80000, 0x00000000e4680000, 0x0000000100000000)
  eden space 24576K, 99% used [0x00000000e0f80000,0x00000000e2771d28,0x00000000e2780000)
  from space 3584K, 99% used [0x00000000e2780000,0x00000000e2afd0c0,0x00000000e2b00000)
  to   space 3584K, 0% used [0x00000000e4300000,0x00000000e4300000,0x00000000e4680000)
 ParOldGen       total 64512K, used 788K [0x00000000a2e00000, 0x00000000a6d00000, 0x00000000e0f80000)
  object space 64512K, 1% used [0x00000000a2e00000,0x00000000a2ec53f8,0x00000000a6d00000)
 Metaspace       used 19797K, capacity 20029K, committed 20224K, reserved 1067008K
  class space    used 1935K, capacity 2020K, committed 2048K, reserved 1048576K
Event: 1,787 GC heap after
Heap after GC invocations=2 (full 0):
 PSYoungGen      total 28160K, used 3569K [0x00000000e0f80000, 0x00000000e4680000, 0x0000000100000000)
  eden space 24576K, 0% used [0x00000000e0f80000,0x00000000e0f80000,0x00000000e2780000)
  from space 3584K, 99% used [0x00000000e4300000,0x00000000e467c7a0,0x00000000e4680000)
  to   space 3584K, 0% used [0x00000000e2780000,0x00000000e2780000,0x00000000e2b00000)
 ParOldGen       total 64512K, used 8208K [0x00000000a2e00000, 0x00000000a6d00000, 0x00000000e0f80000)
  object space 64512K, 12% used [0x00000000a2e00000,0x00000000a36041c8,0x00000000a6d00000)
 Metaspace       used 19797K, capacity 20029K, committed 20224K, reserved 1067008K
  class space    used 1935K, capacity 2020K, committed 2048K, reserved 1048576K
}
Event: 1,938 GC heap before
{Heap before GC invocations=3 (full 0):
 PSYoungGen      total 28160K, used 10123K [0x00000000e0f80000, 0x00000000e4680000, 0x0000000100000000)
  eden space 24576K, 26% used [0x00000000e0f80000,0x00000000e15e66e0,0x00000000e2780000)
  from space 3584K, 99% used [0x00000000e4300000,0x00000000e467c7a0,0x00000000e4680000)
  to   space 3584K, 0% used [0x00000000e2780000,0x00000000e2780000,0x00000000e2b00000)
 ParOldGen       total 64512K, used 8208K [0x00000000a2e00000, 0x00000000a6d00000, 0x00000000e0f80000)
  object space 64512K, 12% used [0x00000000a2e00000,0x00000000a36041c8,0x00000000a6d00000)
 Metaspace       used 20814K, capacity 21021K, committed 21296K, reserved 1069056K
  class space    used 2037K, capacity 2116K, committed 2176K, reserved 1048576K
Event: 1,943 GC heap after
Heap after GC invocations=3 (full 0):
 PSYoungGen      total 28160K, used 3573K [0x00000000e0f80000, 0x00000000e4680000, 0x0000000100000000)
  eden space 24576K, 0% used [0x00000000e0f80000,0x00000000e0f80000,0x00000000e2780000)
  from space 3584K, 99% used [0x00000000e2780000,0x00000000e2afd5a8,0x00000000e2b00000)
  to   space 3584K, 0% used [0x00000000e4300000,0x00000000e4300000,0x00000000e4680000)
 ParOldGen       total 64512K, used 11049K [0x00000000a2e00000, 0x00000000a6d00000, 0x00000000e0f80000)
  object space 64512K, 17% used [0x00000000a2e00000,0x00000000a38ca468,0x00000000a6d00000)
 Metaspace       used 20814K, capacity 21021K, committed 21296K, reserved 1069056K
  class space    used 2037K, capacity 2116K, committed 2176K, reserved 1048576K
}
Event: 1,943 GC heap before
{Heap before GC invocations=4 (full 1):
 PSYoungGen      total 28160K, used 3573K [0x00000000e0f80000, 0x00000000e4680000, 0x0000000100000000)
  eden space 24576K, 0% used [0x00000000e0f80000,0x00000000e0f80000,0x00000000e2780000)
  from space 3584K, 99% used [0x00000000e2780000,0x00000000e2afd5a8,0x00000000e2b00000)
  to   space 3584K, 0% used [0x00000000e4300000,0x00000000e4300000,0x00000000e4680000)
 ParOldGen       total 64512K, used 11049K [0x00000000a2e00000, 0x00000000a6d00000, 0x00000000e0f80000)
  object space 64512K, 17% used [0x00000000a2e00000,0x00000000a38ca468,0x00000000a6d00000)
 Metaspace       used 20814K, capacity 21021K, committed 21296K, reserved 1069056K
  class space    used 2037K, capacity 2116K, committed 2176K, reserved 1048576K
Event: 1,980 GC heap after
Heap after GC invocations=4 (full 1):
 PSYoungGen      total 28160K, used 0K [0x00000000e0f80000, 0x00000000e4680000, 0x0000000100000000)
  eden space 24576K, 0% used [0x00000000e0f80000,0x00000000e0f80000,0x00000000e2780000)
  from space 3584K, 0% used [0x00000000e2780000,0x00000000e2780000,0x00000000e2b00000)
  to   space 3584K, 0% used [0x00000000e4300000,0x00000000e4300000,0x00000000e4680000)
 ParOldGen       total 58368K, used 12503K [0x00000000a2e00000, 0x00000000a6700000, 0x00000000e0f80000)
  object space 58368K, 21% used [0x00000000a2e00000,0x00000000a3a35df8,0x00000000a6700000)
 Metaspace       used 20814K, capacity 21021K, committed 21296K, reserved 1069056K
  class space    used 2037K, capacity 2116K, committed 2176K, reserved 1048576K
}
Event: 2,215 GC heap before
{Heap before GC invocations=5 (full 1):
 PSYoungGen      total 28160K, used 24513K [0x00000000e0f80000, 0x00000000e4680000, 0x0000000100000000)
  eden space 24576K, 99% used [0x00000000e0f80000,0x00000000e27704e8,0x00000000e2780000)
  from space 3584K, 0% used [0x00000000e2780000,0x00000000e2780000,0x00000000e2b00000)
  to   space 3584K, 0% used [0x00000000e4300000,0x00000000e4300000,0x00000000e4680000)
 ParOldGen       total 58368K, used 12759K [0x00000000a2e00000, 0x00000000a6700000, 0x00000000e0f80000)
  object space 58368K, 21% used [0x00000000a2e00000,0x00000000a3a75e08,0x00000000a6700000)
 Metaspace       used 21055K, capacity 21341K, committed 21808K, reserved 1069056K
  class space    used 2047K, capacity 2116K, committed 2176K, reserved 1048576K
Event: 2,219 GC heap after
Heap after GC invocations=5 (full 1):
 PSYoungGen      total 39936K, used 3552K [0x00000000e0f80000, 0x00000000e4680000, 0x0000000100000000)
  eden space 36352K, 0% used [0x00000000e0f80000,0x00000000e0f80000,0x00000000e3300000)
  from space 3584K, 99% used [0x00000000e4300000,0x00000000e46780d0,0x00000000e4680000)
  to   space 3584K, 0% used [0x00000000e3f80000,0x00000000e3f80000,0x00000000e4300000)
 ParOldGen       total 58368K, used 16943K [0x00000000a2e00000, 0x00000000a6700000, 0x00000000e0f80000)
  object space 58368K, 29% used [0x00000000a2e00000,0x00000000a3e8bf48,0x00000000a6700000)
 Metaspace       used 21055K, capacity 21341K, committed 21808K, reserved 1069056K
  class space    used 2047K, capacity 2116K, committed 2176K, reserved 1048576K
}

Deoptimization events (10 events):
Event: 1,878 Thread 0x00007f83a046f000 Uncommon trap: reason=unstable_if action=reinterpret pc=0x00007f84054c5bc4 method=java.security.DigestInputStream.read()I @ 17
Event: 1,879 Thread 0x00007f83a0470800 Uncommon trap: reason=unstable_if action=reinterpret pc=0x00007f84054c5bc4 method=java.security.DigestInputStream.read()I @ 17
Event: 1,907 Thread 0x00007f83a0473000 Uncommon trap: reason=unstable_if action=reinterpret pc=0x00007f84054b6a64 method=java.security.DigestInputStream.read()I @ 17
Event: 1,920 Thread 0x00007f83a046f000 Uncommon trap: reason=unstable_if action=reinterpret pc=0x00007f8405309dec method=java.lang.String.startsWith(Ljava/lang/String;I)Z @ 25
Event: 1,921 Thread 0x00007f83a0473000 Uncommon trap: reason=unstable_if action=reinterpret pc=0x00007f84051d6f8c method=java.lang.String.startsWith(Ljava/lang/String;I)Z @ 25
Event: 1,934 Thread 0x00007f83a046f000 Uncommon trap: reason=unstable_if action=reinterpret pc=0x00007f84054b5568 method=sun.security.provider.DigestBase.engineUpdate([BII)V @ 35
Event: 1,936 Thread 0x00007f83a4008800 Uncommon trap: reason=class_check action=maybe_recompile pc=0x00007f8405472098 method=com.jogamp.common.nio.Buffers.getDirectBufferByteOffset(Ljava/lang/Object;)I @ 42
Event: 2,031 Thread 0x00007f83a4008800 Uncommon trap: reason=class_check action=maybe_recompile pc=0x00007f8405472098 method=com.jogamp.common.nio.Buffers.getDirectBufferByteOffset(Ljava/lang/Object;)I @ 42
Event: 2,044 Thread 0x00007f83a4008800 Uncommon trap: reason=class_check action=maybe_recompile pc=0x00007f8405472098 method=com.jogamp.common.nio.Buffers.getDirectBufferByteOffset(Ljava/lang/Object;)I @ 42
Event: 2,059 Thread 0x00007f83a4008800 Uncommon trap: reason=class_check action=maybe_recompile pc=0x00007f8405472098 method=com.jogamp.common.nio.Buffers.getDirectBufferByteOffset(Ljava/lang/Object;)I @ 42

Internal exceptions (10 events):
Event: 1,667 Thread 0x00007f83a4008800 Exception <a 'java/lang/reflect/InvocationTargetException'> (0x00000000e226aaf0) thrown at [/HUDSON/workspace/8-2-build-linux-amd64/jdk8u92/6642/hotspot/src/share/vm/runtime/reflection.cpp, line 1092]
Event: 1,668 Thread 0x00007f83a4008800 Exception <a 'java/lang/reflect/InvocationTargetException'> (0x00000000e226b188) thrown at [/HUDSON/workspace/8-2-build-linux-amd64/jdk8u92/6642/hotspot/src/share/vm/runtime/reflection.cpp, line 1092]
Event: 1,791 Thread 0x00007f83a046f000 Implicit null exception at 0x00007f84051d03f3 to 0x00007f84051d0765
Event: 2,047 Thread 0x00007f83a4008800 Exception <a 'java/lang/reflect/InvocationTargetException'> (0x00000000e15fe250) thrown at [/HUDSON/workspace/8-2-build-linux-amd64/jdk8u92/6642/hotspot/src/share/vm/runtime/reflection.cpp, line 1092]
Event: 2,048 Thread 0x00007f83a4008800 Exception <a 'java/lang/reflect/InvocationTargetException'> (0x00000000e15fe738) thrown at [/HUDSON/workspace/8-2-build-linux-amd64/jdk8u92/6642/hotspot/src/share/vm/runtime/reflection.cpp, line 1092]
Event: 2,129 Thread 0x00007f83a4008800 Exception <a 'java/lang/reflect/InvocationTargetException'> (0x00000000e17d98b0) thrown at [/HUDSON/workspace/8-2-build-linux-amd64/jdk8u92/6642/hotspot/src/share/vm/runtime/reflection.cpp, line 1092]
Event: 2,130 Thread 0x00007f83a4008800 Exception <a 'java/lang/reflect/InvocationTargetException'> (0x00000000e17d9d98) thrown at [/HUDSON/workspace/8-2-build-linux-amd64/jdk8u92/6642/hotspot/src/share/vm/runtime/reflection.cpp, line 1092]
Event: 2,201 Thread 0x00007f83a4008800 Exception <a 'java/lang/reflect/InvocationTargetException'> (0x00000000e1d8d370) thrown at [/HUDSON/workspace/8-2-build-linux-amd64/jdk8u92/6642/hotspot/src/share/vm/runtime/reflection.cpp, line 1092]
Event: 2,201 Thread 0x00007f83a4008800 Exception <a 'java/lang/reflect/InvocationTargetException'> (0x00000000e1d8d858) thrown at [/HUDSON/workspace/8-2-build-linux-amd64/jdk8u92/6642/hotspot/src/share/vm/runtime/reflection.cpp, line 1092]
Event: 2,274 Thread 0x00007f83a4008800 Exception <a 'java/lang/reflect/InvocationTargetException'> (0x00000000e121d300) thrown at [/HUDSON/workspace/8-2-build-linux-amd64/jdk8u92/6642/hotspot/src/share/vm/runtime/reflection.cpp, line 1092]

Events (10 events):
Event: 5,535 loading class sun/applet/AppletViewer$3
Event: 5,535 loading class sun/applet/AppletViewer$3 done
Event: 5,535 Thread 0x00007f83a05c2000 Thread added: 0x00007f83a05c2000
Event: 5,535 loading class sun/applet/AppletPanel$4
Event: 5,535 loading class sun/applet/AppletPanel$4 done
Event: 5,556 loading class java/awt/KeyboardFocusManager$2
Event: 5,556 loading class java/awt/KeyboardFocusManager$2 done
Event: 5,556 loading class sun/awt/SunToolkit$1
Event: 5,556 loading class sun/awt/SunToolkit$1 done
Event: 5,574 Thread 0x00007f83a4018000 Thread exited: 0x00007f83a4018000


Dynamic libraries:
00400000-00401000 r-xp 00000000 08:01 3450446                            /home/ema/Scaricati/jdk1.8.0_92/jre/bin/java
00600000-00601000 rw-p 00000000 08:01 3450446                            /home/ema/Scaricati/jdk1.8.0_92/jre/bin/java
018c4000-018e5000 rw-p 00000000 00:00 0                                  [heap]
a2e00000-a6700000 rw-p 00000000 00:00 0 
a6700000-e0f80000 ---p 00000000 00:00 0 
e0f80000-e4680000 rw-p 00000000 00:00 0 
e4680000-100000000 ---p 00000000 00:00 0 
100000000-100220000 rw-p 00000000 00:00 0 
100220000-140000000 ---p 00000000 00:00 0 
7f8370000000-7f837003c000 rw-p 00000000 00:00 0 
7f837003c000-7f8374000000 ---p 00000000 00:00 0 
7f8378000000-7f8378054000 rw-p 00000000 00:00 0 
7f8378054000-7f837c000000 ---p 00000000 00:00 0 
7f837c000000-7f837c040000 rw-p 00000000 00:00 0 
7f837c040000-7f8380000000 ---p 00000000 00:00 0 
7f8380000000-7f8380054000 rw-p 00000000 00:00 0 
7f8380054000-7f8384000000 ---p 00000000 00:00 0 
7f8385ac4000-7f8385b44000 rw-s 19730e000 00:06 9579                      /dev/dri/card0
7f8385b44000-7f8385d44000 rw-s 1a0b39000 00:06 9579                      /dev/dri/card0
7f8385d44000-7f8385dc8000 r-xp 00000000 08:01 28316366                   /tmp/sqlite-3.7.2-libsqlitejdbc.so
7f8385dc8000-7f8385fc8000 ---p 00084000 08:01 28316366                   /tmp/sqlite-3.7.2-libsqlitejdbc.so
7f8385fc8000-7f8385fc9000 r--p 00084000 08:01 28316366                   /tmp/sqlite-3.7.2-libsqlitejdbc.so
7f8385fc9000-7f8385fcc000 rw-p 00085000 08:01 28316366                   /tmp/sqlite-3.7.2-libsqlitejdbc.so
7f8385fd3000-7f838613f000 rw-p 00000000 00:00 0 
7f838613f000-7f83861d3000 ---p 00000000 00:00 0 
7f838621e000-7f8386221000 ---p 00000000 00:00 0 
7f8386221000-7f838631f000 rw-p 00000000 00:00 0 
7f838631f000-7f8386322000 ---p 00000000 00:00 0 
7f8386322000-7f8386420000 rw-p 00000000 00:00 0 
7f8386420000-7f8386423000 ---p 00000000 00:00 0 
7f8386423000-7f8386521000 rw-p 00000000 00:00 0 
7f8386537000-7f83865b7000 rw-s 19728e000 00:06 9579                      /dev/dri/card0
7f83865b7000-7f83865ba000 ---p 00000000 00:00 0 
7f83865ba000-7f83866b8000 rw-p 00000000 00:00 0 
7f838672c000-7f83867ac000 rw-s 197953000 00:06 9579                      /dev/dri/card0
7f83867ac000-7f838682c000 rw-s 1a07f9000 00:06 9579                      /dev/dri/card0
7f838682c000-7f8386a59000 rw-p 00000000 00:00 0 
7f8386a59000-7f8387459000 rwxp 00000000 00:00 0 
7f8387459000-7f8387686000 rw-p 00000000 00:00 0 
7f8387686000-7f838769d000 r-xp 00000000 08:01 27267350                   /lib/x86_64-linux-gnu/libresolv-2.21.so
7f838769d000-7f838789d000 ---p 00017000 08:01 27267350                   /lib/x86_64-linux-gnu/libresolv-2.21.so
7f838789d000-7f838789f000 r--p 00017000 08:01 27267350                   /lib/x86_64-linux-gnu/libresolv-2.21.so
7f838789f000-7f83878a0000 rw-p 00019000 08:01 27267350                   /lib/x86_64-linux-gnu/libresolv-2.21.so
7f83878a0000-7f83878a2000 rw-p 00000000 00:00 0 
7f83878a2000-7f83878a7000 r-xp 00000000 08:01 27267295                   /lib/x86_64-linux-gnu/libnss_dns-2.21.so
7f83878a7000-7f8387aa6000 ---p 00005000 08:01 27267295                   /lib/x86_64-linux-gnu/libnss_dns-2.21.so
7f8387aa6000-7f8387aa7000 r--p 00004000 08:01 27267295                   /lib/x86_64-linux-gnu/libnss_dns-2.21.so
7f8387aa7000-7f8387aa8000 rw-p 00005000 08:01 27267295                   /lib/x86_64-linux-gnu/libnss_dns-2.21.so
7f8387aa8000-7f8387aaa000 r-xp 00000000 08:01 27267303                   /lib/x86_64-linux-gnu/libnss_mdns4_minimal.so.2
7f8387aaa000-7f8387ca9000 ---p 00002000 08:01 27267303                   /lib/x86_64-linux-gnu/libnss_mdns4_minimal.so.2
7f8387ca9000-7f8387caa000 r--p 00001000 08:01 27267303                   /lib/x86_64-linux-gnu/libnss_mdns4_minimal.so.2
7f8387caa000-7f8387cab000 rw-p 00002000 08:01 27267303                   /lib/x86_64-linux-gnu/libnss_mdns4_minimal.so.2
7f8387ceb000-7f8387eeb000 rw-p 00000000 00:00 0 
7f8387ef3000-7f8387ef4000 rw-s 1a0d39000 00:06 9579                      /dev/dri/card0
7f8387ef4000-7f8387f14000 rw-s 1a0899000 00:06 9579                      /dev/dri/card0
7f8387f62000-7f8387fe2000 rw-s 19720e000 00:06 9579                      /dev/dri/card0
7f8387fe2000-7f8388062000 rw-s 19718e000 00:06 9579                      /dev/dri/card0
7f8388062000-7f8388099000 r-xp 00000000 08:01 15344535                   /usr/lib/x86_64-linux-gnu/libtxc_dxtn_s2tc.so.0.0.0
7f8388099000-7f8388298000 ---p 00037000 08:01 15344535                   /usr/lib/x86_64-linux-gnu/libtxc_dxtn_s2tc.so.0.0.0
7f8388298000-7f8388299000 r--p 00036000 08:01 15344535                   /usr/lib/x86_64-linux-gnu/libtxc_dxtn_s2tc.so.0.0.0
7f8388299000-7f838829a000 rw-p 00037000 08:01 15344535                   /usr/lib/x86_64-linux-gnu/libtxc_dxtn_s2tc.so.0.0.0
7f838829a000-7f83882bf000 r-xp 00000000 08:01 27267368                   /lib/x86_64-linux-gnu/libtinfo.so.5.9
7f83882bf000-7f83884be000 ---p 00025000 08:01 27267368                   /lib/x86_64-linux-gnu/libtinfo.so.5.9
7f83884be000-7f83884c2000 r--p 00024000 08:01 27267368                   /lib/x86_64-linux-gnu/libtinfo.so.5.9
7f83884c2000-7f83884c3000 rw-p 00028000 08:01 27267368                   /lib/x86_64-linux-gnu/libtinfo.so.5.9
7f83884c3000-7f83884f6000 r-xp 00000000 08:01 15343777                   /usr/lib/x86_64-linux-gnu/libedit.so.2.0.51
7f83884f6000-7f83886f6000 ---p 00033000 08:01 15343777                   /usr/lib/x86_64-linux-gnu/libedit.so.2.0.51
7f83886f6000-7f83886f8000 r--p 00033000 08:01 15343777                   /usr/lib/x86_64-linux-gnu/libedit.so.2.0.51
7f83886f8000-7f83886f9000 rw-p 00035000 08:01 15343777                   /usr/lib/x86_64-linux-gnu/libedit.so.2.0.51
7f83886f9000-7f83886fd000 rw-p 00000000 00:00 0 
7f83886fd000-7f8388716000 r-xp 00000000 08:01 27267385                   /lib/x86_64-linux-gnu/libz.so.1.2.8
7f8388716000-7f8388916000 ---p 00019000 08:01 27267385                   /lib/x86_64-linux-gnu/libz.so.1.2.8
7f8388916000-7f8388917000 r--p 00019000 08:01 27267385                   /lib/x86_64-linux-gnu/libz.so.1.2.8
7f8388917000-7f8388918000 rw-p 0001a000 08:01 27267385                   /lib/x86_64-linux-gnu/libz.so.1.2.8
7f8388918000-7f8388a08000 r-xp 00000000 08:01 15344490                   /usr/lib/x86_64-linux-gnu/libstdc++.so.6.0.20
7f8388a08000-7f8388c08000 ---p 000f0000 08:01 15344490                   /usr/lib/x86_64-linux-gnu/libstdc++.so.6.0.20
7f8388c08000-7f8388c10000 r--p 000f0000 08:01 15344490                   /usr/lib/x86_64-linux-gnu/libstdc++.so.6.0.20
7f8388c10000-7f8388c12000 rw-p 000f8000 08:01 15344490                   /usr/lib/x86_64-linux-gnu/libstdc++.so.6.0.20
7f8388c12000-7f8388c27000 rw-p 00000000 00:00 0 
7f8388c27000-7f838a9d0000 r-xp 00000000 08:01 15343369                   /usr/lib/x86_64-linux-gnu/libLLVM-3.6.so.1
7f838a9d0000-7f838a9d1000 ---p 01da9000 08:01 15343369                   /usr/lib/x86_64-linux-gnu/libLLVM-3.6.so.1
7f838a9d1000-7f838abed000 r--p 01da9000 08:01 15343369                   /usr/lib/x86_64-linux-gnu/libLLVM-3.6.so.1
7f838abed000-7f838abf3000 rw-p 01fc5000 08:01 15343369                   /usr/lib/x86_64-linux-gnu/libLLVM-3.6.so.1
7f838abf3000-7f838ac09000 rw-p 00000000 00:00 0 
7f838ac09000-7f838ac1e000 r-xp 00000000 08:01 15343778                   /usr/lib/x86_64-linux-gnu/libelf-0.160.so
7f838ac1e000-7f838ae1d000 ---p 00015000 08:01 15343778                   /usr/lib/x86_64-linux-gnu/libelf-0.160.so
7f838ae1d000-7f838ae1e000 r--p 00014000 08:01 15343778                   /usr/lib/x86_64-linux-gnu/libelf-0.160.so
7f838ae1e000-7f838ae1f000 rw-p 00015000 08:01 15343778                   /usr/lib/x86_64-linux-gnu/libelf-0.160.so
7f838ae1f000-7f838ae2b000 r-xp 00000000 08:01 15343773                   /usr/lib/x86_64-linux-gnu/libdrm_radeon.so.1.0.1
7f838ae2b000-7f838b02a000 ---p 0000c000 08:01 15343773                   /usr/lib/x86_64-linux-gnu/libdrm_radeon.so.1.0.1
7f838b02a000-7f838b02b000 r--p 0000b000 08:01 15343773                   /usr/lib/x86_64-linux-gnu/libdrm_radeon.so.1.0.1
7f838b02b000-7f838b02c000 rw-p 0000c000 08:01 15343773                   /usr/lib/x86_64-linux-gnu/libdrm_radeon.so.1.0.1
7f838b02c000-7f838b032000 r-xp 00000000 08:01 15343771                   /usr/lib/x86_64-linux-gnu/libdrm_nouveau.so.2.0.0
7f838b032000-7f838b231000 ---p 00006000 08:01 15343771                   /usr/lib/x86_64-linux-gnu/libdrm_nouveau.so.2.0.0
7f838b231000-7f838b232000 r--p 00005000 08:01 15343771                   /usr/lib/x86_64-linux-gnu/libdrm_nouveau.so.2.0.0
7f838b232000-7f838b233000 rw-p 00006000 08:01 15343771                   /usr/lib/x86_64-linux-gnu/libdrm_nouveau.so.2.0.0
7f838b233000-7f838b9a6000 r-xp 00000000 08:01 15603600                   /usr/lib/x86_64-linux-gnu/dri/nouveau_dri.so
7f838b9a6000-7f838bba5000 ---p 00773000 08:01 15603600                   /usr/lib/x86_64-linux-gnu/dri/nouveau_dri.so
7f838bba5000-7f838bbfc000 r--p 00772000 08:01 15603600                   /usr/lib/x86_64-linux-gnu/dri/nouveau_dri.so
7f838bbfc000-7f838bc08000 rw-p 007c9000 08:01 15603600                   /usr/lib/x86_64-linux-gnu/dri/nouveau_dri.so
7f838bc08000-7f838bded000 rw-p 00000000 00:00 0 
7f838bded000-7f838bdff000 r-xp 00000000 08:01 27263385                   /lib/x86_64-linux-gnu/libudev.so.1.6.2
7f838bdff000-7f838bffe000 ---p 00012000 08:01 27263385                   /lib/x86_64-linux-gnu/libudev.so.1.6.2
7f838bffe000-7f838bfff000 r--p 00011000 08:01 27263385                   /lib/x86_64-linux-gnu/libudev.so.1.6.2
7f838bfff000-7f838c000000 rw-p 00012000 08:01 27263385                   /lib/x86_64-linux-gnu/libudev.so.1.6.2
7f838c000000-7f838c021000 rw-p 00000000 00:00 0 
7f838c021000-7f8390000000 ---p 00000000 00:00 0 
7f8390000000-7f8390196000 rw-p 00000000 00:00 0 
7f8390196000-7f8394000000 ---p 00000000 00:00 0 
7f8394000000-7f8394586000 rw-p 00000000 00:00 0 
7f8394586000-7f8398000000 ---p 00000000 00:00 0 
7f839806a000-7f839806c000 r-xp 00000000 08:01 15343521                   /usr/lib/x86_64-linux-gnu/libXinerama.so.1.0.0
7f839806c000-7f839826b000 ---p 00002000 08:01 15343521                   /usr/lib/x86_64-linux-gnu/libXinerama.so.1.0.0
7f839826b000-7f839826c000 r--p 00001000 08:01 15343521                   /usr/lib/x86_64-linux-gnu/libXinerama.so.1.0.0
7f839826c000-7f839826d000 rw-p 00002000 08:01 15343521                   /usr/lib/x86_64-linux-gnu/libXinerama.so.1.0.0
7f839826d000-7f83982b2000 r-xp 00000000 08:01 28315792                   /tmp/jogamp_0000/file_cache/jln704431960210192712/jln8789942966645940496/libjogl_mobile.so
7f83982b2000-7f83984b2000 ---p 00045000 08:01 28315792                   /tmp/jogamp_0000/file_cache/jln704431960210192712/jln8789942966645940496/libjogl_mobile.so
7f83984b2000-7f83984b3000 rw-p 00045000 08:01 28315792                   /tmp/jogamp_0000/file_cache/jln704431960210192712/jln8789942966645940496/libjogl_mobile.so
7f83984b3000-7f83984ba000 r-xp 00000000 08:01 15343817                   /usr/lib/x86_64-linux-gnu/libffi.so.6.0.4
7f83984ba000-7f83986b9000 ---p 00007000 08:01 15343817                   /usr/lib/x86_64-linux-gnu/libffi.so.6.0.4
7f83986b9000-7f83986ba000 r--p 00006000 08:01 15343817                   /usr/lib/x86_64-linux-gnu/libffi.so.6.0.4
7f83986ba000-7f83986bb000 rw-p 00007000 08:01 15343817                   /usr/lib/x86_64-linux-gnu/libffi.so.6.0.4
7f83986bb000-7f83986c8000 r-xp 00000000 08:01 15340550                   /usr/lib/x86_64-linux-gnu/libgbm.so.1.0.0
7f83986c8000-7f83988c7000 ---p 0000d000 08:01 15340550                   /usr/lib/x86_64-linux-gnu/libgbm.so.1.0.0
7f83988c7000-7f83988c8000 r--p 0000c000 08:01 15340550                   /usr/lib/x86_64-linux-gnu/libgbm.so.1.0.0
7f83988c8000-7f83988c9000 rw-p 0000d000 08:01 15340550                   /usr/lib/x86_64-linux-gnu/libgbm.so.1.0.0
7f83988c9000-7f83988d8000 r-xp 00000000 08:01 15344604                   /usr/lib/x86_64-linux-gnu/libwayland-server.so.0.1.0
7f83988d8000-7f8398ad7000 ---p 0000f000 08:01 15344604                   /usr/lib/x86_64-linux-gnu/libwayland-server.so.0.1.0
7f8398ad7000-7f8398ada000 r--p 0000e000 08:01 15344604                   /usr/lib/x86_64-linux-gnu/libwayland-server.so.0.1.0
7f8398ada000-7f8398adb000 rw-p 00011000 08:01 15344604                   /usr/lib/x86_64-linux-gnu/libwayland-server.so.0.1.0
7f8398adb000-7f8398ae7000 r-xp 00000000 08:01 15344598                   /usr/lib/x86_64-linux-gnu/libwayland-client.so.0.3.0
7f8398ae7000-7f8398ce6000 ---p 0000c000 08:01 15344598                   /usr/lib/x86_64-linux-gnu/libwayland-client.so.0.3.0
7f8398ce6000-7f8398ce8000 r--p 0000b000 08:01 15344598                   /usr/lib/x86_64-linux-gnu/libwayland-client.so.0.3.0
7f8398ce8000-7f8398ce9000 rw-p 0000d000 08:01 15344598                   /usr/lib/x86_64-linux-gnu/libwayland-client.so.0.3.0
7f8398ce9000-7f8398cee000 r-xp 00000000 08:01 15344692                   /usr/lib/x86_64-linux-gnu/libxcb-xfixes.so.0.0.0
7f8398cee000-7f8398eee000 ---p 00005000 08:01 15344692                   /usr/lib/x86_64-linux-gnu/libxcb-xfixes.so.0.0.0
7f8398eee000-7f8398eef000 r--p 00005000 08:01 15344692                   /usr/lib/x86_64-linux-gnu/libxcb-xfixes.so.0.0.0
7f8398eef000-7f8398ef0000 rw-p 00006000 08:01 15344692                   /usr/lib/x86_64-linux-gnu/libxcb-xfixes.so.0.0.0
7f8398ef0000-7f8398f19000 r-xp 00000000 08:01 15729315                   /usr/lib/x86_64-linux-gnu/mesa-egl/libEGL.so.1.0.0
7f8398f19000-7f8399119000 ---p 00029000 08:01 15729315                   /usr/lib/x86_64-linux-gnu/mesa-egl/libEGL.so.1.0.0
7f8399119000-7f839911a000 r--p 00029000 08:01 15729315                   /usr/lib/x86_64-linux-gnu/mesa-egl/libEGL.so.1.0.0
7f839911a000-7f839911b000 rw-p 0002a000 08:01 15729315                   /usr/lib/x86_64-linux-gnu/mesa-egl/libEGL.so.1.0.0
7f839911b000-7f839911c000 rw-p 00000000 00:00 0 
7f839911c000-7f83991c1000 r-xp 00000000 08:01 28312178                   /tmp/jogamp_0000/file_cache/jln704431960210192712/jln8789942966645940496/libjogl_desktop.so
7f83991c1000-7f83993c1000 ---p 000a5000 08:01 28312178                   /tmp/jogamp_0000/file_cache/jln704431960210192712/jln8789942966645940496/libjogl_desktop.so
7f83993c1000-7f83993c2000 rw-p 000a5000 08:01 28312178                   /tmp/jogamp_0000/file_cache/jln704431960210192712/jln8789942966645940496/libjogl_desktop.so
7f83993c2000-7f83993ce000 r-xp 00000000 08:01 15343767                   /usr/lib/x86_64-linux-gnu/libdrm.so.2.4.0
7f83993ce000-7f83995cd000 ---p 0000c000 08:01 15343767                   /usr/lib/x86_64-linux-gnu/libdrm.so.2.4.0
7f83995cd000-7f83995ce000 r--p 0000b000 08:01 15343767                   /usr/lib/x86_64-linux-gnu/libdrm.so.2.4.0
7f83995ce000-7f83995cf000 rw-p 0000c000 08:01 15343767                   /usr/lib/x86_64-linux-gnu/libdrm.so.2.4.0
7f83995cf000-7f83995d0000 r-xp 00000000 08:01 15344706                   /usr/lib/x86_64-linux-gnu/libxshmfence.so.1.0.0
7f83995d0000-7f83997cf000 ---p 00001000 08:01 15344706                   /usr/lib/x86_64-linux-gnu/libxshmfence.so.1.0.0
7f83997cf000-7f83997d0000 r--p 00000000 08:01 15344706                   /usr/lib/x86_64-linux-gnu/libxshmfence.so.1.0.0
7f83997d0000-7f83997d1000 rw-p 00001000 08:01 15344706                   /usr/lib/x86_64-linux-gnu/libxshmfence.so.1.0.0
7f83997d1000-7f83997d6000 r-xp 00000000 08:01 15344688                   /usr/lib/x86_64-linux-gnu/libxcb-sync.so.1.0.0
7f83997d6000-7f83999d5000 ---p 00005000 08:01 15344688                   /usr/lib/x86_64-linux-gnu/libxcb-sync.so.1.0.0
7f83999d5000-7f83999d6000 r--p 00004000 08:01 15344688                   /usr/lib/x86_64-linux-gnu/libxcb-sync.so.1.0.0
7f83999d6000-7f83999d7000 rw-p 00005000 08:01 15344688                   /usr/lib/x86_64-linux-gnu/libxcb-sync.so.1.0.0
7f83999d7000-7f83999d9000 r-xp 00000000 08:01 15344676                   /usr/lib/x86_64-linux-gnu/libxcb-present.so.0.0.0
7f83999d9000-7f8399bd8000 ---p 00002000 08:01 15344676                   /usr/lib/x86_64-linux-gnu/libxcb-present.so.0.0.0
7f8399bd8000-7f8399bd9000 r--p 00001000 08:01 15344676                   /usr/lib/x86_64-linux-gnu/libxcb-present.so.0.0.0
7f8399bd9000-7f8399bda000 rw-p 00002000 08:01 15344676                   /usr/lib/x86_64-linux-gnu/libxcb-present.so.0.0.0
7f8399bda000-7f8399bdc000 r-xp 00000000 08:01 15344666                   /usr/lib/x86_64-linux-gnu/libxcb-dri3.so.0.0.0
7f8399bdc000-7f8399ddb000 ---p 00002000 08:01 15344666                   /usr/lib/x86_64-linux-gnu/libxcb-dri3.so.0.0.0
7f8399ddb000-7f8399ddc000 r--p 00001000 08:01 15344666                   /usr/lib/x86_64-linux-gnu/libxcb-dri3.so.0.0.0
7f8399ddc000-7f8399ddd000 rw-p 00002000 08:01 15344666                   /usr/lib/x86_64-linux-gnu/libxcb-dri3.so.0.0.0
7f8399ddd000-7f8399de0000 r-xp 00000000 08:01 15344664                   /usr/lib/x86_64-linux-gnu/libxcb-dri2.so.0.0.0
7f8399de0000-7f8399fe0000 ---p 00003000 08:01 15344664                   /usr/lib/x86_64-linux-gnu/libxcb-dri2.so.0.0.0
7f8399fe0000-7f8399fe1000 r--p 00003000 08:01 15344664                   /usr/lib/x86_64-linux-gnu/libxcb-dri2.so.0.0.0
7f8399fe1000-7f8399fe2000 rw-p 00004000 08:01 15344664                   /usr/lib/x86_64-linux-gnu/libxcb-dri2.so.0.0.0
7f8399fe2000-7f8399ff7000 r-xp 00000000 08:01 15344668                   /usr/lib/x86_64-linux-gnu/libxcb-glx.so.0.0.0
7f8399ff7000-7f839a1f6000 ---p 00015000 08:01 15344668                   /usr/lib/x86_64-linux-gnu/libxcb-glx.so.0.0.0
7f839a1f6000-7f839a1f8000 r--p 00014000 08:01 15344668                   /usr/lib/x86_64-linux-gnu/libxcb-glx.so.0.0.0
7f839a1f8000-7f839a1f9000 rw-p 00016000 08:01 15344668                   /usr/lib/x86_64-linux-gnu/libxcb-glx.so.0.0.0
7f839a1f9000-7f839a1fa000 r-xp 00000000 08:01 15343492                   /usr/lib/x86_64-linux-gnu/libX11-xcb.so.1.0.0
7f839a1fa000-7f839a3f9000 ---p 00001000 08:01 15343492                   /usr/lib/x86_64-linux-gnu/libX11-xcb.so.1.0.0
7f839a3f9000-7f839a3fa000 r--p 00000000 08:01 15343492                   /usr/lib/x86_64-linux-gnu/libX11-xcb.so.1.0.0
7f839a3fa000-7f839a3fb000 rw-p 00001000 08:01 15343492                   /usr/lib/x86_64-linux-gnu/libX11-xcb.so.1.0.0
7f839a3fb000-7f839a3fd000 r-xp 00000000 08:01 15343507                   /usr/lib/x86_64-linux-gnu/libXdamage.so.1.1.0
7f839a3fd000-7f839a5fc000 ---p 00002000 08:01 15343507                   /usr/lib/x86_64-linux-gnu/libXdamage.so.1.1.0
7f839a5fc000-7f839a5fd000 r--p 00001000 08:01 15343507                   /usr/lib/x86_64-linux-gnu/libXdamage.so.1.1.0
7f839a5fd000-7f839a5fe000 rw-p 00002000 08:01 15343507                   /usr/lib/x86_64-linux-gnu/libXdamage.so.1.1.0
7f839a5fe000-7f839a623000 r-xp 00000000 08:01 15343260                   /usr/lib/x86_64-linux-gnu/libglapi.so.0.0.0
7f839a623000-7f839a823000 ---p 00025000 08:01 15343260                   /usr/lib/x86_64-linux-gnu/libglapi.so.0.0.0
7f839a823000-7f839a826000 r--p 00025000 08:01 15343260                   /usr/lib/x86_64-linux-gnu/libglapi.so.0.0.0
7f839a826000-7f839a827000 rw-p 00028000 08:01 15343260                   /usr/lib/x86_64-linux-gnu/libglapi.so.0.0.0
7f839a827000-7f839a828000 rw-p 00000000 00:00 0 
7f839a828000-7f839a84e000 r-xp 00000000 08:01 27267358                   /lib/x86_64-linux-gnu/libexpat.so.1.6.0
7f839a84e000-7f839aa4d000 ---p 00026000 08:01 27267358                   /lib/x86_64-linux-gnu/libexpat.so.1.6.0
7f839aa4d000-7f839aa50000 r--p 00025000 08:01 27267358                   /lib/x86_64-linux-gnu/libexpat.so.1.6.0
7f839aa50000-7f839aa51000 rw-p 00028000 08:01 27267358                   /lib/x86_64-linux-gnu/libexpat.so.1.6.0
7f839aa51000-7f839aae9000 r-xp 00000000 08:01 15732978                   /usr/lib/x86_64-linux-gnu/mesa/libGL.so.1.2.0
7f839aae9000-7f839ace8000 ---p 00098000 08:01 15732978                   /usr/lib/x86_64-linux-gnu/mesa/libGL.so.1.2.0
7f839ace8000-7f839aceb000 r--p 00097000 08:01 15732978                   /usr/lib/x86_64-linux-gnu/mesa/libGL.so.1.2.0
7f839aceb000-7f839acec000 rw-p 0009a000 08:01 15732978                   /usr/lib/x86_64-linux-gnu/mesa/libGL.so.1.2.0
7f839acec000-7f839aeed000 rw-p 00000000 00:00 0 
7f839aeed000-7f839b0ed000 rw-p 00000000 00:00 0 
7f839b0ed000-7f839b0f4000 r-xp 00000000 08:01 28316235                   /tmp/jogamp_0000/file_cache/jln704431960210192712/jln8789942966645940496/libnativewindow_x11.so
7f839b0f4000-7f839b2f3000 ---p 00007000 08:01 28316235                   /tmp/jogamp_0000/file_cache/jln704431960210192712/jln8789942966645940496/libnativewindow_x11.so
7f839b2f3000-7f839b2f4000 rw-p 00006000 08:01 28316235                   /tmp/jogamp_0000/file_cache/jln704431960210192712/jln8789942966645940496/libnativewindow_x11.so
7f839b2f4000-7f839b2f8000 r-xp 00000000 08:01 15343549                   /usr/lib/x86_64-linux-gnu/libXxf86vm.so.1.0.0
7f839b2f8000-7f839b4f8000 ---p 00004000 08:01 15343549                   /usr/lib/x86_64-linux-gnu/libXxf86vm.so.1.0.0
7f839b4f8000-7f839b4f9000 r--p 00004000 08:01 15343549                   /usr/lib/x86_64-linux-gnu/libXxf86vm.so.1.0.0
7f839b4f9000-7f839b4fa000 rw-p 00005000 08:01 15343549                   /usr/lib/x86_64-linux-gnu/libXxf86vm.so.1.0.0
7f839b4fa000-7f839b4fc000 r-xp 00000000 08:01 28316227                   /tmp/jogamp_0000/file_cache/jln704431960210192712/jln8789942966645940496/libnativewindow_awt.so
7f839b4fc000-7f839b6fb000 ---p 00002000 08:01 28316227                   /tmp/jogamp_0000/file_cache/jln704431960210192712/jln8789942966645940496/libnativewindow_awt.so
7f839b6fb000-7f839b6fc000 rw-p 00001000 08:01 28316227                   /tmp/jogamp_0000/file_cache/jln704431960210192712/jln8789942966645940496/libnativewindow_awt.so
7f839b6fc000-7f839b6fd000 r-xp 00000000 08:01 3450810                    /home/ema/Scaricati/jdk1.8.0_92/jre/lib/amd64/libjawt.so
7f839b6fd000-7f839b8fc000 ---p 00001000 08:01 3450810                    /home/ema/Scaricati/jdk1.8.0_92/jre/lib/amd64/libjawt.so
7f839b8fc000-7f839b8fd000 rw-p 00000000 08:01 3450810                    /home/ema/Scaricati/jdk1.8.0_92/jre/lib/amd64/libjawt.so
7f839b8fd000-7f839b8ff000 r-xp 00000000 08:01 28312175                   /tmp/jogamp_0000/file_cache/jln704431960210192712/jln8789942966645940496/libgluegen-rt.so
7f839b8ff000-7f839bafe000 ---p 00002000 08:01 28312175                   /tmp/jogamp_0000/file_cache/jln704431960210192712/jln8789942966645940496/libgluegen-rt.so
7f839bafe000-7f839baff000 rw-p 00001000 08:01 28312175                   /tmp/jogamp_0000/file_cache/jln704431960210192712/jln8789942966645940496/libgluegen-rt.so
7f839baff000-7f839bb02000 ---p 00000000 00:00 0 
7f839bb02000-7f839be00000 rw-p 00000000 00:00 0 
7f839be00000-7f839c000000 rw-p 00000000 00:00 0 
7f839c000000-7f839c048000 rw-p 00000000 00:00 0 
7f839c048000-7f83a0000000 ---p 00000000 00:00 0 
7f83a0000000-7f83a0ac2000 rw-p 00000000 00:00 0 
7f83a0ac2000-7f83a4000000 ---p 00000000 00:00 0 
7f83a4000000-7f83a402b000 rw-p 00000000 00:00 0 
7f83a402b000-7f83a8000000 ---p 00000000 00:00 0 
7f83a8000000-7f83a8021000 rw-p 00000000 00:00 0 
7f83a8021000-7f83ac000000 ---p 00000000 00:00 0 
7f83ac000000-7f83ac021000 rw-p 00000000 00:00 0 
7f83ac021000-7f83b0000000 ---p 00000000 00:00 0 
7f83b0000000-7f83b0026000 rw-p 00000000 00:00 0 
7f83b0026000-7f83b4000000 ---p 00000000 00:00 0 
7f83b4000000-7f83b4021000 rw-p 00000000 00:00 0 
7f83b4021000-7f83b8000000 ---p 00000000 00:00 0 
7f83b8000000-7f83b8021000 rw-p 00000000 00:00 0 
7f83b8021000-7f83bc000000 ---p 00000000 00:00 0 
7f83bc000000-7f83bc1af000 rw-p 00000000 00:00 0 
7f83bc1af000-7f83c0000000 ---p 00000000 00:00 0 
7f83c0000000-7f83c03dd000 rw-p 00000000 00:00 0 
7f83c03dd000-7f83c4000000 ---p 00000000 00:00 0 
7f83c4000000-7f83c42e4000 rw-p 00000000 00:00 0 
7f83c42e4000-7f83c8000000 ---p 00000000 00:00 0 
7f83c8000000-7f83c822e000 rw-p 00000000 00:00 0 
7f83c822e000-7f83cc000000 ---p 00000000 00:00 0 
7f83cc000000-7f83cc021000 rw-p 00000000 00:00 0 
7f83cc021000-7f83d0000000 ---p 00000000 00:00 0 
7f83d0000000-7f83d0021000 rw-p 00000000 00:00 0 
7f83d0021000-7f83d4000000 ---p 00000000 00:00 0 
7f83d4000000-7f83d4021000 rw-p 00000000 00:00 0 
7f83d4021000-7f83d8000000 ---p 00000000 00:00 0 
7f83d8006000-7f83d8009000 ---p 00000000 00:00 0 
7f83d8009000-7f83d8107000 rw-p 00000000 00:00 0 
7f83d8107000-7f83d810a000 ---p 00000000 00:00 0 
7f83d810a000-7f83d8208000 rw-p 00000000 00:00 0 
7f83d8208000-7f83d8271000 r-xp 00000000 08:01 3450779                    /home/ema/Scaricati/jdk1.8.0_92/jre/lib/amd64/libt2k.so
7f83d8271000-7f83d8471000 ---p 00069000 08:01 3450779                    /home/ema/Scaricati/jdk1.8.0_92/jre/lib/amd64/libt2k.so
7f83d8471000-7f83d8478000 rw-p 00069000 08:01 3450779                    /home/ema/Scaricati/jdk1.8.0_92/jre/lib/amd64/libt2k.so
7f83d8478000-7f83d8488000 rw-p 00000000 00:00 0 
7f83d8488000-7f83d8499000 r-xp 00000000 08:01 3450822                    /home/ema/Scaricati/jdk1.8.0_92/jre/lib/amd64/libnio.so
7f83d8499000-7f83d8698000 ---p 00011000 08:01 3450822                    /home/ema/Scaricati/jdk1.8.0_92/jre/lib/amd64/libnio.so
7f83d8698000-7f83d8699000 rw-p 00010000 08:01 3450822                    /home/ema/Scaricati/jdk1.8.0_92/jre/lib/amd64/libnio.so
7f83d8699000-7f83d899a000 rw-p 00000000 00:00 0 
7f83d899a000-7f83d89b0000 r-xp 00000000 08:01 3450819                    /home/ema/Scaricati/jdk1.8.0_92/jre/lib/amd64/libnet.so
7f83d89b0000-7f83d8bb0000 ---p 00016000 08:01 3450819                    /home/ema/Scaricati/jdk1.8.0_92/jre/lib/amd64/libnet.so
7f83d8bb0000-7f83d8bb1000 rw-p 00016000 08:01 3450819                    /home/ema/Scaricati/jdk1.8.0_92/jre/lib/amd64/libnet.so
7f83d8bb1000-7f83d8bb4000 ---p 00000000 00:00 0 
7f83d8bb4000-7f83d8cb2000 rw-p 00000000 00:00 0 
7f83d8cb2000-7f83d8cb5000 ---p 00000000 00:00 0 
7f83d8cb5000-7f83d8db3000 rw-p 00000000 00:00 0 
7f83d8db3000-7f83d8db6000 ---p 00000000 00:00 0 
7f83d8db6000-7f83d8eb4000 rw-p 00000000 00:00 0 
7f83d8eb4000-7f83d8eb7000 ---p 00000000 00:00 0 
7f83d8eb7000-7f83d8fb5000 rw-p 00000000 00:00 0 
7f83d8fb5000-7f83d8fba000 r-xp 00000000 08:01 15343513                   /usr/lib/x86_64-linux-gnu/libXfixes.so.3.1.0
7f83d8fba000-7f83d91b9000 ---p 00005000 08:01 15343513                   /usr/lib/x86_64-linux-gnu/libXfixes.so.3.1.0
7f83d91b9000-7f83d91ba000 r--p 00004000 08:01 15343513                   /usr/lib/x86_64-linux-gnu/libXfixes.so.3.1.0
7f83d91ba000-7f83d91bb000 rw-p 00005000 08:01 15343513                   /usr/lib/x86_64-linux-gnu/libXfixes.so.3.1.0
7f83d91bb000-7f83d91c4000 r-xp 00000000 08:01 15343505                   /usr/lib/x86_64-linux-gnu/libXcursor.so.1.0.2
7f83d91c4000-7f83d93c3000 ---p 00009000 08:01 15343505                   /usr/lib/x86_64-linux-gnu/libXcursor.so.1.0.2
7f83d93c3000-7f83d93c4000 r--p 00008000 08:01 15343505                   /usr/lib/x86_64-linux-gnu/libXcursor.so.1.0.2
7f83d93c4000-7f83d93c5000 rw-p 00009000 08:01 15343505                   /usr/lib/x86_64-linux-gnu/libXcursor.so.1.0.2
7f83d93c5000-7f83d93c8000 ---p 00000000 00:00 0 
7f83d93c8000-7f83d94c6000 rw-p 00000000 00:00 0 
7f83d94c6000-7f83d94dc000 r-xp 00000000 08:01 27269807                   /lib/x86_64-linux-gnu/libgcc_s.so.1
7f83d94dc000-7f83d96db000 ---p 00016000 08:01 27269807                   /lib/x86_64-linux-gnu/libgcc_s.so.1
7f83d96db000-7f83d96dc000 rw-p 00015000 08:01 27269807                   /lib/x86_64-linux-gnu/libgcc_s.so.1
7f83d96dc000-7f83d9741000 r-xp 00000000 08:01 3450798                    /home/ema/Scaricati/jdk1.8.0_92/jre/lib/amd64/libfontmanager.so
7f83d9741000-7f83d9940000 ---p 00065000 08:01 3450798                    /home/ema/Scaricati/jdk1.8.0_92/jre/lib/amd64/libfontmanager.so
7f83d9940000-7f83d9945000 rw-p 00064000 08:01 3450798                    /home/ema/Scaricati/jdk1.8.0_92/jre/lib/amd64/libfontmanager.so
7f83d9945000-7f83d9955000 rw-p 00000000 00:00 0 
7f83d9955000-7f83d995a000 r-xp 00000000 08:01 15343509                   /usr/lib/x86_64-linux-gnu/libXdmcp.so.6.0.0
7f83d995a000-7f83d9b59000 ---p 00005000 08:01 15343509                   /usr/lib/x86_64-linux-gnu/libXdmcp.so.6.0.0
7f83d9b59000-7f83d9b5a000 r--p 00004000 08:01 15343509                   /usr/lib/x86_64-linux-gnu/libXdmcp.so.6.0.0
7f83d9b5a000-7f83d9b5b000 rw-p 00005000 08:01 15343509                   /usr/lib/x86_64-linux-gnu/libXdmcp.so.6.0.0
7f83d9b5b000-7f83d9b5d000 r-xp 00000000 08:01 15343498                   /usr/lib/x86_64-linux-gnu/libXau.so.6.0.0
7f83d9b5d000-7f83d9d5d000 ---p 00002000 08:01 15343498                   /usr/lib/x86_64-linux-gnu/libXau.so.6.0.0
7f83d9d5d000-7f83d9d5e000 r--p 00002000 08:01 15343498                   /usr/lib/x86_64-linux-gnu/libXau.so.6.0.0
7f83d9d5e000-7f83d9d5f000 rw-p 00003000 08:01 15343498                   /usr/lib/x86_64-linux-gnu/libXau.so.6.0.0
7f83d9d5f000-7f83d9d7c000 r-xp 00000000 08:01 15344696                   /usr/lib/x86_64-linux-gnu/libxcb.so.1.1.0
7f83d9d7c000-7f83d9f7c000 ---p 0001d000 08:01 15344696                   /usr/lib/x86_64-linux-gnu/libxcb.so.1.1.0
7f83d9f7c000-7f83d9f7d000 r--p 0001d000 08:01 15344696                   /usr/lib/x86_64-linux-gnu/libxcb.so.1.1.0
7f83d9f7d000-7f83d9f7e000 rw-p 0001e000 08:01 15344696                   /usr/lib/x86_64-linux-gnu/libxcb.so.1.1.0
7f83d9f7e000-7f83d9f8d000 r-xp 00000000 08:01 15343519                   /usr/lib/x86_64-linux-gnu/libXi.so.6.1.0
7f83d9f8d000-7f83da18c000 ---p 0000f000 08:01 15343519                   /usr/lib/x86_64-linux-gnu/libXi.so.6.1.0
7f83da18c000-7f83da18d000 r--p 0000e000 08:01 15343519                   /usr/lib/x86_64-linux-gnu/libXi.so.6.1.0
7f83da18d000-7f83da18e000 rw-p 0000f000 08:01 15343519                   /usr/lib/x86_64-linux-gnu/libXi.so.6.1.0
7f83da18e000-7f83da193000 r-xp 00000000 08:01 15343539                   /usr/lib/x86_64-linux-gnu/libXtst.so.6.1.0
7f83da193000-7f83da392000 ---p 00005000 08:01 15343539                   /usr/lib/x86_64-linux-gnu/libXtst.so.6.1.0
7f83da392000-7f83da393000 r--p 00004000 08:01 15343539                   /usr/lib/x86_64-linux-gnu/libXtst.so.6.1.0
7f83da393000-7f83da394000 rw-p 00005000 08:01 15343539                   /usr/lib/x86_64-linux-gnu/libXtst.so.6.1.0
7f83da394000-7f83da39d000 r-xp 00000000 08:01 15343533                   /usr/lib/x86_64-linux-gnu/libXrender.so.1.3.0
7f83da39d000-7f83da59c000 ---p 00009000 08:01 15343533                   /usr/lib/x86_64-linux-gnu/libXrender.so.1.3.0
7f83da59c000-7f83da59d000 r--p 00008000 08:01 15343533                   /usr/lib/x86_64-linux-gnu/libXrender.so.1.3.0
7f83da59d000-7f83da59e000 rw-p 00009000 08:01 15343533                   /usr/lib/x86_64-linux-gnu/libXrender.so.1.3.0
7f83da59e000-7f83da6d1000 r-xp 00000000 08:01 15343494                   /usr/lib/x86_64-linux-gnu/libX11.so.6.3.0
7f83da6d1000-7f83da8d1000 ---p 00133000 08:01 15343494                   /usr/lib/x86_64-linux-gnu/libX11.so.6.3.0
7f83da8d1000-7f83da8d2000 r--p 00133000 08:01 15343494                   /usr/lib/x86_64-linux-gnu/libX11.so.6.3.0
7f83da8d2000-7f83da8d6000 rw-p 00134000 08:01 15343494                   /usr/lib/x86_64-linux-gnu/libX11.so.6.3.0
7f83da8d6000-7f83da8d7000 rw-p 00000000 00:00 0 
7f83da8d7000-7f83da8e8000 r-xp 00000000 08:01 15343511                   /usr/lib/x86_64-linux-gnu/libXext.so.6.4.0
7f83da8e8000-7f83daae7000 ---p 00011000 08:01 15343511                   /usr/lib/x86_64-linux-gnu/libXext.so.6.4.0
7f83daae7000-7f83daae8000 r--p 00010000 08:01 15343511                   /usr/lib/x86_64-linux-gnu/libXext.so.6.4.0
7f83daae8000-7f83daae9000 rw-p 00011000 08:01 15343511                   /usr/lib/x86_64-linux-gnu/libXext.so.6.4.0
7f83daae9000-7f83dab3d000 r-xp 00000000 08:01 3450826                    /home/ema/Scaricati/jdk1.8.0_92/jre/lib/amd64/libawt_xawt.so
7f83dab3d000-7f83dad3d000 ---p 00054000 08:01 3450826                    /home/ema/Scaricati/jdk1.8.0_92/jre/lib/amd64/libawt_xawt.so
7f83dad3d000-7f83dad41000 rw-p 00054000 08:01 3450826                    /home/ema/Scaricati/jdk1.8.0_92/jre/lib/amd64/libawt_xawt.so
7f83dad41000-7f83dad42000 rw-p 00000000 00:00 0 
7f83dad42000-7f83dade4000 r-xp 00000000 08:01 3450809                    /home/ema/Scaricati/jdk1.8.0_92/jre/lib/amd64/libawt.so
7f83dade4000-7f83dafe4000 ---p 000a2000 08:01 3450809                    /home/ema/Scaricati/jdk1.8.0_92/jre/lib/amd64/libawt.so
7f83dafe4000-7f83daff0000 rw-p 000a2000 08:01 3450809                    /home/ema/Scaricati/jdk1.8.0_92/jre/lib/amd64/libawt.so
7f83daff0000-7f83db014000 rw-p 00000000 00:00 0 
7f83db014000-7f83db015000 ---p 00000000 00:00 0 
7f83db015000-7f83db115000 rw-p 00000000 00:00 0 
7f83db115000-7f83db118000 ---p 00000000 00:00 0 
7f83db118000-7f83db216000 rw-p 00000000 00:00 0 
7f83db216000-7f83db219000 ---p 00000000 00:00 0 
7f83db219000-7f83db317000 rw-p 00000000 00:00 0 
7f83db317000-7f83db31a000 ---p 00000000 00:00 0 
7f83db31a000-7f83db418000 rw-p 00000000 00:00 0 
7f83db418000-7f83db41b000 ---p 00000000 00:00 0 
7f83db41b000-7f83db519000 rw-p 00000000 00:00 0 
7f83db519000-7f83db51c000 ---p 00000000 00:00 0 
7f83db51c000-7f83db61a000 rw-p 00000000 00:00 0 
7f83db61a000-7f83db61d000 ---p 00000000 00:00 0 
7f83db61d000-7f83db71b000 rw-p 00000000 00:00 0 
7f83db71b000-7f83dbdfe000 r--p 00000000 08:01 15342584                   /usr/lib/locale/locale-archive
7f83dbdfe000-7f83dbe01000 ---p 00000000 00:00 0 
7f83dbe01000-7f83dbeff000 rw-p 00000000 00:00 0 
7f83dbeff000-7f83dbf02000 ---p 00000000 00:00 0 
7f83dbf02000-7f83dc000000 rw-p 00000000 00:00 0 
7f83dc000000-7f83dc021000 rw-p 00000000 00:00 0 
7f83dc021000-7f83e0000000 ---p 00000000 00:00 0 
7f83e005f000-7f83e0060000 ---p 00000000 00:00 0 
7f83e0060000-7f83e4000000 rw-p 00000000 00:00 0 
7f83e4000000-7f83e4021000 rw-p 00000000 00:00 0 
7f83e4021000-7f83e8000000 ---p 00000000 00:00 0 
7f83e8000000-7f83e8021000 rw-p 00000000 00:00 0 
7f83e8021000-7f83ec000000 ---p 00000000 00:00 0 
7f83ec000000-7f83ec021000 rw-p 00000000 00:00 0 
7f83ec021000-7f83f0000000 ---p 00000000 00:00 0 
7f83f0000000-7f83f0021000 rw-p 00000000 00:00 0 
7f83f0021000-7f83f4000000 ---p 00000000 00:00 0 
7f83f4000000-7f83f4021000 rw-p 00000000 00:00 0 
7f83f4021000-7f83f8000000 ---p 00000000 00:00 0 
7f83f8000000-7f83f8021000 rw-p 00000000 00:00 0 
7f83f8021000-7f83fc000000 ---p 00000000 00:00 0 
7f83fc000000-7f83fc021000 rw-p 00000000 00:00 0 
7f83fc021000-7f8400000000 ---p 00000000 00:00 0 
7f8400000000-7f8400021000 rw-p 00000000 00:00 0 
7f8400021000-7f8404000000 ---p 00000000 00:00 0 
7f8404010000-7f8404014000 rw-s 19f66d000 00:06 9579                      /dev/dri/card0
7f8404014000-7f840401e000 r--s 00116000 08:01 3450653                    /home/ema/Scaricati/jdk1.8.0_92/jre/lib/ext/localedata.jar
7f840401e000-7f840403a000 r--s 00393000 08:01 3450599                    /home/ema/Scaricati/jdk1.8.0_92/jre/lib/ext/cldrdata.jar
7f840403a000-7f840403d000 ---p 00000000 00:00 0 
7f840403d000-7f8404073000 rw-p 00000000 00:00 0 
7f8404073000-7f8404096000 r--s 002ec000 08:01 3540429                    /home/ema/Dropbox/ACCADEMIC/Programmi/Java/ucsdunfoldingmaps/lib/jogl-all.jar
7f8404096000-7f8405000000 rw-p 00000000 00:00 0 
7f8405000000-7f8405720000 rwxp 00000000 00:00 0 
7f8405720000-7f8414000000 ---p 00000000 00:00 0 
7f8414000000-7f84142ac000 rw-p 00000000 00:00 0 
7f84142ac000-7f8418000000 ---p 00000000 00:00 0 
7f8418000000-7f8418004000 rw-s 1a0775000 00:06 9579                      /dev/dri/card0
7f8418004000-7f84184fc000 rw-p 00000000 00:00 0 
7f84184fc000-7f84186d5000 r--s 03d24000 08:01 3450543                    /home/ema/Scaricati/jdk1.8.0_92/jre/lib/rt.jar
7f84186d5000-7f8418a34000 rw-p 00000000 00:00 0 
7f8418a34000-7f8418a35000 ---p 00000000 00:00 0 
7f8418a35000-7f8418b35000 rw-p 00000000 00:00 0 
7f8418b35000-7f8418b36000 ---p 00000000 00:00 0 
7f8418b36000-7f8418c36000 rw-p 00000000 00:00 0 
7f8418c36000-7f8418c37000 ---p 00000000 00:00 0 
7f8418c37000-7f8418d37000 rw-p 00000000 00:00 0 
7f8418d37000-7f8418d38000 ---p 00000000 00:00 0 
7f8418d38000-7f8418e38000 rw-p 00000000 00:00 0 
7f8418e38000-7f8418e39000 ---p 00000000 00:00 0 
7f8418e39000-7f8418f39000 rw-p 00000000 00:00 0 
7f8418f39000-7f8418f3a000 ---p 00000000 00:00 0 
7f8418f3a000-7f841903a000 rw-p 00000000 00:00 0 
7f841903a000-7f841903b000 ---p 00000000 00:00 0 
7f841903b000-7f841913b000 rw-p 00000000 00:00 0 
7f841913b000-7f841913c000 ---p 00000000 00:00 0 
7f841913c000-7f8419259000 rw-p 00000000 00:00 0 
7f8419259000-7f841942d000 ---p 00000000 00:00 0 
7f841942d000-7f841944a000 rw-p 00000000 00:00 0 
7f841944a000-7f841961d000 ---p 00000000 00:00 0 
7f841961d000-7f841963a000 rw-p 00000000 00:00 0 
7f841963a000-7f8419716000 ---p 00000000 00:00 0 
7f8419716000-7f8419734000 rw-p 00000000 00:00 0 
7f8419734000-7f8419ad7000 ---p 00000000 00:00 0 
7f8419ad7000-7f8419af1000 r-xp 00000000 08:01 3450813                    /home/ema/Scaricati/jdk1.8.0_92/jre/lib/amd64/libzip.so
7f8419af1000-7f8419cf1000 ---p 0001a000 08:01 3450813                    /home/ema/Scaricati/jdk1.8.0_92/jre/lib/amd64/libzip.so
7f8419cf1000-7f8419cf2000 rw-p 0001a000 08:01 3450813                    /home/ema/Scaricati/jdk1.8.0_92/jre/lib/amd64/libzip.so
7f8419cf2000-7f8419cfe000 r-xp 00000000 08:01 27267297                   /lib/x86_64-linux-gnu/libnss_files-2.21.so
7f8419cfe000-7f8419efd000 ---p 0000c000 08:01 27267297                   /lib/x86_64-linux-gnu/libnss_files-2.21.so
7f8419efd000-7f8419efe000 r--p 0000b000 08:01 27267297                   /lib/x86_64-linux-gnu/libnss_files-2.21.so
7f8419efe000-7f8419eff000 rw-p 0000c000 08:01 27267297                   /lib/x86_64-linux-gnu/libnss_files-2.21.so
7f8419eff000-7f8419f0a000 r-xp 00000000 08:01 27267307                   /lib/x86_64-linux-gnu/libnss_nis-2.21.so
7f8419f0a000-7f841a109000 ---p 0000b000 08:01 27267307                   /lib/x86_64-linux-gnu/libnss_nis-2.21.so
7f841a109000-7f841a10a000 r--p 0000a000 08:01 27267307                   /lib/x86_64-linux-gnu/libnss_nis-2.21.so
7f841a10a000-7f841a10b000 rw-p 0000b000 08:01 27267307                   /lib/x86_64-linux-gnu/libnss_nis-2.21.so
7f841a10b000-7f841a122000 r-xp 00000000 08:01 27267291                   /lib/x86_64-linux-gnu/libnsl-2.21.so
7f841a122000-7f841a321000 ---p 00017000 08:01 27267291                   /lib/x86_64-linux-gnu/libnsl-2.21.so
7f841a321000-7f841a322000 r--p 00016000 08:01 27267291                   /lib/x86_64-linux-gnu/libnsl-2.21.so
7f841a322000-7f841a323000 rw-p 00017000 08:01 27267291                   /lib/x86_64-linux-gnu/libnsl-2.21.so
7f841a323000-7f841a325000 rw-p 00000000 00:00 0 
7f841a325000-7f841a32d000 r-xp 00000000 08:01 27267293                   /lib/x86_64-linux-gnu/libnss_compat-2.21.so
7f841a32d000-7f841a52c000 ---p 00008000 08:01 27267293                   /lib/x86_64-linux-gnu/libnss_compat-2.21.so
7f841a52c000-7f841a52d000 r--p 00007000 08:01 27267293                   /lib/x86_64-linux-gnu/libnss_compat-2.21.so
7f841a52d000-7f841a52e000 rw-p 00008000 08:01 27267293                   /lib/x86_64-linux-gnu/libnss_compat-2.21.so
7f841a52e000-7f841a558000 r-xp 00000000 08:01 3450807                    /home/ema/Scaricati/jdk1.8.0_92/jre/lib/amd64/libjava.so
7f841a558000-7f841a758000 ---p 0002a000 08:01 3450807                    /home/ema/Scaricati/jdk1.8.0_92/jre/lib/amd64/libjava.so
7f841a758000-7f841a75a000 rw-p 0002a000 08:01 3450807                    /home/ema/Scaricati/jdk1.8.0_92/jre/lib/amd64/libjava.so
7f841a75a000-7f841a767000 r-xp 00000000 08:01 3450812                    /home/ema/Scaricati/jdk1.8.0_92/jre/lib/amd64/libverify.so
7f841a767000-7f841a967000 ---p 0000d000 08:01 3450812                    /home/ema/Scaricati/jdk1.8.0_92/jre/lib/amd64/libverify.so
7f841a967000-7f841a969000 rw-p 0000d000 08:01 3450812                    /home/ema/Scaricati/jdk1.8.0_92/jre/lib/amd64/libverify.so
7f841a969000-7f841a970000 r-xp 00000000 08:01 27267352                   /lib/x86_64-linux-gnu/librt-2.21.so
7f841a970000-7f841ab6f000 ---p 00007000 08:01 27267352                   /lib/x86_64-linux-gnu/librt-2.21.so
7f841ab6f000-7f841ab70000 r--p 00006000 08:01 27267352                   /lib/x86_64-linux-gnu/librt-2.21.so
7f841ab70000-7f841ab71000 rw-p 00007000 08:01 27267352                   /lib/x86_64-linux-gnu/librt-2.21.so
7f841ab71000-7f841ac78000 r-xp 00000000 08:01 27267270                   /lib/x86_64-linux-gnu/libm-2.21.so
7f841ac78000-7f841ae77000 ---p 00107000 08:01 27267270                   /lib/x86_64-linux-gnu/libm-2.21.so
7f841ae77000-7f841ae78000 r--p 00106000 08:01 27267270                   /lib/x86_64-linux-gnu/libm-2.21.so
7f841ae78000-7f841ae79000 rw-p 00107000 08:01 27267270                   /lib/x86_64-linux-gnu/libm-2.21.so
7f841ae79000-7f841bb3c000 r-xp 00000000 08:01 3450788                    /home/ema/Scaricati/jdk1.8.0_92/jre/lib/amd64/server/libjvm.so
7f841bb3c000-7f841bd3b000 ---p 00cc3000 08:01 3450788                    /home/ema/Scaricati/jdk1.8.0_92/jre/lib/amd64/server/libjvm.so
7f841bd3b000-7f841be14000 rw-p 00cc2000 08:01 3450788                    /home/ema/Scaricati/jdk1.8.0_92/jre/lib/amd64/server/libjvm.so
7f841be14000-7f841be5f000 rw-p 00000000 00:00 0 
7f841be5f000-7f841c01f000 r-xp 00000000 08:01 27267211                   /lib/x86_64-linux-gnu/libc-2.21.so
7f841c01f000-7f841c21f000 ---p 001c0000 08:01 27267211                   /lib/x86_64-linux-gnu/libc-2.21.so
7f841c21f000-7f841c223000 r--p 001c0000 08:01 27267211                   /lib/x86_64-linux-gnu/libc-2.21.so
7f841c223000-7f841c225000 rw-p 001c4000 08:01 27267211                   /lib/x86_64-linux-gnu/libc-2.21.so
7f841c225000-7f841c229000 rw-p 00000000 00:00 0 
7f841c229000-7f841c22c000 r-xp 00000000 08:01 27267228                   /lib/x86_64-linux-gnu/libdl-2.21.so
7f841c22c000-7f841c42b000 ---p 00003000 08:01 27267228                   /lib/x86_64-linux-gnu/libdl-2.21.so
7f841c42b000-7f841c42c000 r--p 00002000 08:01 27267228                   /lib/x86_64-linux-gnu/libdl-2.21.so
7f841c42c000-7f841c42d000 rw-p 00003000 08:01 27267228                   /lib/x86_64-linux-gnu/libdl-2.21.so
7f841c42d000-7f841c442000 r-xp 00000000 08:01 3450782                    /home/ema/Scaricati/jdk1.8.0_92/jre/lib/amd64/jli/libjli.so
7f841c442000-7f841c642000 ---p 00015000 08:01 3450782                    /home/ema/Scaricati/jdk1.8.0_92/jre/lib/amd64/jli/libjli.so
7f841c642000-7f841c643000 rw-p 00015000 08:01 3450782                    /home/ema/Scaricati/jdk1.8.0_92/jre/lib/amd64/jli/libjli.so
7f841c643000-7f841c65b000 r-xp 00000000 08:01 27267344                   /lib/x86_64-linux-gnu/libpthread-2.21.so
7f841c65b000-7f841c85b000 ---p 00018000 08:01 27267344                   /lib/x86_64-linux-gnu/libpthread-2.21.so
7f841c85b000-7f841c85c000 r--p 00018000 08:01 27267344                   /lib/x86_64-linux-gnu/libpthread-2.21.so
7f841c85c000-7f841c85d000 rw-p 00019000 08:01 27267344                   /lib/x86_64-linux-gnu/libpthread-2.21.so
7f841c85d000-7f841c861000 rw-p 00000000 00:00 0 
7f841c861000-7f841c885000 r-xp 00000000 08:01 27267183                   /lib/x86_64-linux-gnu/ld-2.21.so
7f841c885000-7f841c886000 rw-p 00000000 00:00 0 
7f841c886000-7f841c888000 rw-s 198807000 00:06 9579                      /dev/dri/card0
7f841c888000-7f841c889000 rw-s 19f1e1000 00:06 9579                      /dev/dri/card0
7f841c889000-7f841c88a000 rwxp 00000000 00:00 0 
7f841c88a000-7f841c88b000 rw-s 19738e000 00:06 9579                      /dev/dri/card0
7f841c88b000-7f841c88d000 r--s 00000000 08:01 3540406                    /home/ema/Dropbox/ACCADEMIC/Programmi/Java/ucsdunfoldingmaps/lib/gluegen-rt-natives-linux-amd64.jar
7f841c88d000-7f841c891000 r--s 00097000 08:01 3450594                    /home/ema/Scaricati/jdk1.8.0_92/jre/lib/jsse.jar
7f841c891000-7f841c897000 r--s 00033000 08:01 3540448                    /home/ema/Dropbox/ACCADEMIC/Programmi/Java/ucsdunfoldingmaps/lib/unfolding.0.9.7-uscd.jar
7f841c897000-7f841c959000 rw-p 00000000 00:00 0 
7f841c959000-7f841c95c000 ---p 00000000 00:00 0 
7f841c95c000-7f841ca5e000 rw-p 00000000 00:00 0 
7f841ca5e000-7f841ca5f000 r--s 0002f000 08:01 3540414                    /home/ema/Dropbox/ACCADEMIC/Programmi/Java/ucsdunfoldingmaps/lib/jogl-all-natives-linux-amd64.jar
7f841ca5f000-7f841ca60000 r--p 00000000 00:00 0 
7f841ca60000-7f841ca61000 r--s 00005000 08:01 3540435                    /home/ema/Dropbox/ACCADEMIC/Programmi/Java/ucsdunfoldingmaps/lib/libTUIO.jar
7f841ca61000-7f841ca62000 r--s 00007000 08:01 3540430                    /home/ema/Dropbox/ACCADEMIC/Programmi/Java/ucsdunfoldingmaps/lib/json4processing.jar
7f841ca62000-7f841ca67000 r--s 00309000 08:01 3540440                    /home/ema/Dropbox/ACCADEMIC/Programmi/Java/ucsdunfoldingmaps/lib/sqlite-jdbc-3.7.2.jar
7f841ca67000-7f841ca6e000 r--s 00059000 08:01 3540436                    /home/ema/Dropbox/ACCADEMIC/Programmi/Java/ucsdunfoldingmaps/lib/log4j-1.2.15.jar
7f841ca6e000-7f841ca74000 r--s 00041000 08:01 3540413                    /home/ema/Dropbox/ACCADEMIC/Programmi/Java/ucsdunfoldingmaps/lib/gluegen-rt.jar
7f841ca74000-7f841ca78000 r--s 0009a000 08:01 3540405                    /home/ema/Dropbox/ACCADEMIC/Programmi/Java/ucsdunfoldingmaps/lib/core.jar
7f841ca78000-7f841ca80000 rw-s 00000000 08:01 28312173                   /tmp/hsperfdata_ema/19949
7f841ca80000-7f841ca81000 rw-p 00000000 00:00 0 
7f841ca81000-7f841ca82000 r--p 00000000 00:00 0 
7f841ca82000-7f841ca84000 rw-p 00000000 00:00 0 
7f841ca84000-7f841ca85000 r--p 00023000 08:01 27267183                   /lib/x86_64-linux-gnu/ld-2.21.so
7f841ca85000-7f841ca86000 rw-p 00024000 08:01 27267183                   /lib/x86_64-linux-gnu/ld-2.21.so
7f841ca86000-7f841ca87000 rw-p 00000000 00:00 0 
7ffdd8903000-7ffdd8924000 rw-p 00000000 00:00 0                          [stack]
7ffdd89ea000-7ffdd89ec000 r--p 00000000 00:00 0                          [vvar]
7ffdd89ec000-7ffdd89ee000 r-xp 00000000 00:00 0                          [vdso]
ffffffffff600000-ffffffffff601000 r-xp 00000000 00:00 0                  [vsyscall]

VM Arguments:
jvm_args: -Djava.security.policy=java.policy.applet -Dfile.encoding=UTF-8 
java_command: sun.applet.AppletViewer module3.EarthquakeCityMap1475765794981.html
java_class_path (initial): /home/ema/Dropbox/ACCADEMIC/Programmi/Java/ucsdunfoldingmaps/build:/home/ema/Dropbox/ACCADEMIC/Programmi/Java/ucsdunfoldingmaps/lib/core.jar:/home/ema/Dropbox/ACCADEMIC/Programmi/Java/ucsdunfoldingmaps/lib/gluegen-rt.jar:/home/ema/Dropbox/ACCADEMIC/Programmi/Java/ucsdunfoldingmaps/lib/jogl-all.jar:/home/ema/Dropbox/ACCADEMIC/Programmi/Java/ucsdunfoldingmaps/lib/log4j-1.2.15.jar:/home/ema/Dropbox/ACCADEMIC/Programmi/Java/ucsdunfoldingmaps/lib/sqlite-jdbc-3.7.2.jar:/home/ema/Dropbox/ACCADEMIC/Programmi/Java/ucsdunfoldingmaps/lib/json4processing.jar:/home/ema/Dropbox/ACCADEMIC/Programmi/Java/ucsdunfoldingmaps/lib/libTUIO.jar:/home/ema/Dropbox/ACCADEMIC/Programmi/Java/ucsdunfoldingmaps/lib/unfolding.0.9.7-uscd.jar
Launcher Type: SUN_STANDARD

Environment Variables:
PATH=/usr/local/sbin:/usr/local/bin:/usr/sbin:/usr/bin:/sbin:/bin:/usr/games:/usr/local/games
SHELL=/bin/bash
DISPLAY=:0

Signal Handlers:
SIGSEGV: [libjvm.so+0xabdee0], sa_mask[0]=11111111011111111101111111111110, sa_flags=SA_RESTART|SA_SIGINFO
SIGBUS: [libjvm.so+0xabdee0], sa_mask[0]=11111111011111111101111111111110, sa_flags=SA_RESTART|SA_SIGINFO
SIGFPE: [libjvm.so+0x91a580], sa_mask[0]=11111111011111111101111111111110, sa_flags=SA_RESTART|SA_SIGINFO
SIGPIPE: [libjvm.so+0x91a580], sa_mask[0]=11111111011111111101111111111110, sa_flags=SA_RESTART|SA_SIGINFO
SIGXFSZ: [libjvm.so+0x91a580], sa_mask[0]=11111111011111111101111111111110, sa_flags=SA_RESTART|SA_SIGINFO
SIGILL: [libjvm.so+0x91a580], sa_mask[0]=11111111011111111101111111111110, sa_flags=SA_RESTART|SA_SIGINFO
SIGUSR1: SIG_DFL, sa_mask[0]=00000000000000000000000000000000, sa_flags=none
SIGUSR2: [libjvm.so+0x91bbb0], sa_mask[0]=00100000000000000000000000000000, sa_flags=SA_RESTART|SA_SIGINFO
SIGHUP: [libjvm.so+0x91cfb0], sa_mask[0]=11111111011111111101111111111110, sa_flags=SA_RESTART|SA_SIGINFO
SIGINT: [libjvm.so+0x91cfb0], sa_mask[0]=11111111011111111101111111111110, sa_flags=SA_RESTART|SA_SIGINFO
SIGTERM: [libjvm.so+0x91cfb0], sa_mask[0]=11111111011111111101111111111110, sa_flags=SA_RESTART|SA_SIGINFO
SIGQUIT: [libjvm.so+0x91cfb0], sa_mask[0]=11111111011111111101111111111110, sa_flags=SA_RESTART|SA_SIGINFO


---------------  S Y S T E M  ---------------

OS:DISTRIB_ID=Ubuntu
DISTRIB_RELEASE=15.04
DISTRIB_CODENAME=vivid
DISTRIB_DESCRIPTION="Ubuntu 15.04"

uname:Linux 3.19.0-69-generic #77-Ubuntu SMP Mon Aug 29 19:53:54 UTC 2016 x86_64
libc:glibc 2.21 NPTL 2.21 
rlimit: STACK 8192k, CORE 0k, NPROC 23746, NOFILE 65536, AS infinity
load average:1,07 0,86 0,55

/proc/meminfo:
MemTotal:        6101264 kB
MemFree:         1320644 kB
MemAvailable:    2823008 kB
Buffers:          701308 kB
Cached:           977860 kB
SwapCached:            0 kB
Active:          4013076 kB
Inactive:         491444 kB
Active(anon):    2829364 kB
Inactive(anon):    41280 kB
Active(file):    1183712 kB
Inactive(file):   450164 kB
Unevictable:          60 kB
Mlocked:              60 kB
SwapTotal:             0 kB
SwapFree:              0 kB
Dirty:              2076 kB
Writeback:             0 kB
AnonPages:       2825472 kB
Mapped:           434812 kB
Shmem:             45296 kB
Slab:             124264 kB
SReclaimable:      74864 kB
SUnreclaim:        49400 kB
KernelStack:       12528 kB
PageTables:        39312 kB
NFS_Unstable:          0 kB
Bounce:                0 kB
WritebackTmp:          0 kB
CommitLimit:     3050632 kB
Committed_AS:    7519504 kB
VmallocTotal:   34359738367 kB
VmallocUsed:      317784 kB
VmallocChunk:   34359292024 kB
HardwareCorrupted:     0 kB
AnonHugePages:   1290240 kB
CmaTotal:              0 kB
CmaFree:               0 kB
HugePages_Total:       0
HugePages_Free:        0
HugePages_Rsvd:        0
HugePages_Surp:        0
Hugepagesize:       2048 kB
DirectMap4k:      171520 kB
DirectMap2M:     6111232 kB


CPU:total 8 (4 cores per cpu, 2 threads per core) family 6 model 26 stepping 5, cmov, cx8, fxsr, mmx, sse, sse2, sse3, ssse3, sse4.1, sse4.2, popcnt, ht, tsc, tscinvbit, tscinv

/proc/cpuinfo:
processor	: 0
vendor_id	: GenuineIntel
cpu family	: 6
model		: 26
model name	: Intel(R) Core(TM) i7 CPU         920  @ 2.67GHz
stepping	: 5
microcode	: 0xf
cpu MHz		: 1867.000
cache size	: 8192 KB
physical id	: 0
siblings	: 8
core id		: 0
cpu cores	: 4
apicid		: 0
initial apicid	: 0
fpu		: yes
fpu_exception	: yes
cpuid level	: 11
wp		: yes
flags		: fpu vme de pse tsc msr pae mce cx8 apic sep mtrr pge mca cmov pat pse36 clflush dts acpi mmx fxsr sse sse2 ss ht tm pbe syscall nx rdtscp lm constant_tsc arch_perfmon pebs bts rep_good nopl xtopology nonstop_tsc aperfmperf pni dtes64 monitor ds_cpl vmx est tm2 ssse3 cx16 xtpr pdcm sse4_1 sse4_2 popcnt lahf_lm ida dtherm tpr_shadow vnmi flexpriority ept vpid
bugs		:
bogomips	: 5344.97
clflush size	: 64
cache_alignment	: 64
address sizes	: 36 bits physical, 48 bits virtual
power management:

processor	: 1
vendor_id	: GenuineIntel
cpu family	: 6
model		: 26
model name	: Intel(R) Core(TM) i7 CPU         920  @ 2.67GHz
stepping	: 5
microcode	: 0xf
cpu MHz		: 1600.000
cache size	: 8192 KB
physical id	: 0
siblings	: 8
core id		: 1
cpu cores	: 4
apicid		: 2
initial apicid	: 2
fpu		: yes
fpu_exception	: yes
cpuid level	: 11
wp		: yes
flags		: fpu vme de pse tsc msr pae mce cx8 apic sep mtrr pge mca cmov pat pse36 clflush dts acpi mmx fxsr sse sse2 ss ht tm pbe syscall nx rdtscp lm constant_tsc arch_perfmon pebs bts rep_good nopl xtopology nonstop_tsc aperfmperf pni dtes64 monitor ds_cpl vmx est tm2 ssse3 cx16 xtpr pdcm sse4_1 sse4_2 popcnt lahf_lm ida dtherm tpr_shadow vnmi flexpriority ept vpid
bugs		:
bogomips	: 5344.97
clflush size	: 64
cache_alignment	: 64
address sizes	: 36 bits physical, 48 bits virtual
power management:

processor	: 2
vendor_id	: GenuineIntel
cpu family	: 6
model		: 26
model name	: Intel(R) Core(TM) i7 CPU         920  @ 2.67GHz
stepping	: 5
microcode	: 0xf
cpu MHz		: 1867.000
cache size	: 8192 KB
physical id	: 0
siblings	: 8
core id		: 2
cpu cores	: 4
apicid		: 4
initial apicid	: 4
fpu		: yes
fpu_exception	: yes
cpuid level	: 11
wp		: yes
flags		: fpu vme de pse tsc msr pae mce cx8 apic sep mtrr pge mca cmov pat pse36 clflush dts acpi mmx fxsr sse sse2 ss ht tm pbe syscall nx rdtscp lm constant_tsc arch_perfmon pebs bts rep_good nopl xtopology nonstop_tsc aperfmperf pni dtes64 monitor ds_cpl vmx est tm2 ssse3 cx16 xtpr pdcm sse4_1 sse4_2 popcnt lahf_lm ida dtherm tpr_shadow vnmi flexpriority ept vpid
bugs		:
bogomips	: 5344.97
clflush size	: 64
cache_alignment	: 64
address sizes	: 36 bits physical, 48 bits virtual
power management:

processor	: 3
vendor_id	: GenuineIntel
cpu family	: 6
model		: 26
model name	: Intel(R) Core(TM) i7 CPU         920  @ 2.67GHz
stepping	: 5
microcode	: 0xf
cpu MHz		: 1600.000
cache size	: 8192 KB
physical id	: 0
siblings	: 8
core id		: 3
cpu cores	: 4
apicid		: 6
initial apicid	: 6
fpu		: yes
fpu_exception	: yes
cpuid level	: 11
wp		: yes
flags		: fpu vme de pse tsc msr pae mce cx8 apic sep mtrr pge mca cmov pat pse36 clflush dts acpi mmx fxsr sse sse2 ss ht tm pbe syscall nx rdtscp lm constant_tsc arch_perfmon pebs bts rep_good nopl xtopology nonstop_tsc aperfmperf pni dtes64 monitor ds_cpl vmx est tm2 ssse3 cx16 xtpr pdcm sse4_1 sse4_2 popcnt lahf_lm ida dtherm tpr_shadow vnmi flexpriority ept vpid
bugs		:
bogomips	: 5344.97
clflush size	: 64
cache_alignment	: 64
address sizes	: 36 bits physical, 48 bits virtual
power management:

processor	: 4
vendor_id	: GenuineIntel
cpu family	: 6
model		: 26
model name	: Intel(R) Core(TM) i7 CPU         920  @ 2.67GHz
stepping	: 5
microcode	: 0xf
cpu MHz		: 1733.000
cache size	: 8192 KB
physical id	: 0
siblings	: 8
core id		: 0
cpu cores	: 4
apicid		: 1
initial apicid	: 1
fpu		: yes
fpu_exception	: yes
cpuid level	: 11
wp		: yes
flags		: fpu vme de pse tsc msr pae mce cx8 apic sep mtrr pge mca cmov pat pse36 clflush dts acpi mmx fxsr sse sse2 ss ht tm pbe syscall nx rdtscp lm constant_tsc arch_perfmon pebs bts rep_good nopl xtopology nonstop_tsc aperfmperf pni dtes64 monitor ds_cpl vmx est tm2 ssse3 cx16 xtpr pdcm sse4_1 sse4_2 popcnt lahf_lm ida dtherm tpr_shadow vnmi flexpriority ept vpid
bugs		:
bogomips	: 5344.97
clflush size	: 64
cache_alignment	: 64
address sizes	: 36 bits physical, 48 bits virtual
power management:

processor	: 5
vendor_id	: GenuineIntel
cpu family	: 6
model		: 26
model name	: Intel(R) Core(TM) i7 CPU         920  @ 2.67GHz
stepping	: 5
microcode	: 0xf
cpu MHz		: 1600.000
cache size	: 8192 KB
physical id	: 0
siblings	: 8
core id		: 1
cpu cores	: 4
apicid		: 3
initial apicid	: 3
fpu		: yes
fpu_exception	: yes
cpuid level	: 11
wp		: yes
flags		: fpu vme de pse tsc msr pae mce cx8 apic sep mtrr pge mca cmov pat pse36 clflush dts acpi mmx fxsr sse sse2 ss ht tm pbe syscall nx rdtscp lm constant_tsc arch_perfmon pebs bts rep_good nopl xtopology nonstop_tsc aperfmperf pni dtes64 monitor ds_cpl vmx est tm2 ssse3 cx16 xtpr pdcm sse4_1 sse4_2 popcnt lahf_lm ida dtherm tpr_shadow vnmi flexpriority ept vpid
bugs		:
bogomips	: 5344.97
clflush size	: 64
cache_alignment	: 64
address sizes	: 36 bits physical, 48 bits virtual
power management:

processor	: 6
vendor_id	: GenuineIntel
cpu family	: 6
model		: 26
model name	: Intel(R) Core(TM) i7 CPU         920  @ 2.67GHz
stepping	: 5
microcode	: 0xf
cpu MHz		: 1733.000
cache size	: 8192 KB
physical id	: 0
siblings	: 8
core id		: 2
cpu cores	: 4
apicid		: 5
initial apicid	: 5
fpu		: yes
fpu_exception	: yes
cpuid level	: 11
wp		: yes
flags		: fpu vme de pse tsc msr pae mce cx8 apic sep mtrr pge mca cmov pat pse36 clflush dts acpi mmx fxsr sse sse2 ss ht tm pbe syscall nx rdtscp lm constant_tsc arch_perfmon pebs bts rep_good nopl xtopology nonstop_tsc aperfmperf pni dtes64 monitor ds_cpl vmx est tm2 ssse3 cx16 xtpr pdcm sse4_1 sse4_2 popcnt lahf_lm ida dtherm tpr_shadow vnmi flexpriority ept vpid
bugs		:
bogomips	: 5344.97
clflush size	: 64
cache_alignment	: 64
address sizes	: 36 bits physical, 48 bits virtual
power management:

processor	: 7
vendor_id	: GenuineIntel
cpu family	: 6
model		: 26
model name	: Intel(R) Core(TM) i7 CPU         920  @ 2.67GHz
stepping	: 5
microcode	: 0xf
cpu MHz		: 1867.000
cache size	: 8192 KB
physical id	: 0
siblings	: 8
core id		: 3
cpu cores	: 4
apicid		: 7
initial apicid	: 7
fpu		: yes
fpu_exception	: yes
cpuid level	: 11
wp		: yes
flags		: fpu vme de pse tsc msr pae mce cx8 apic sep mtrr pge mca cmov pat pse36 clflush dts acpi mmx fxsr sse sse2 ss ht tm pbe syscall nx rdtscp lm constant_tsc arch_perfmon pebs bts rep_good nopl xtopology nonstop_tsc aperfmperf pni dtes64 monitor ds_cpl vmx est tm2 ssse3 cx16 xtpr pdcm sse4_1 sse4_2 popcnt lahf_lm ida dtherm tpr_shadow vnmi flexpriority ept vpid
bugs		:
bogomips	: 5344.97
clflush size	: 64
cache_alignment	: 64
address sizes	: 36 bits physical, 48 bits virtual
power management:



Memory: 4k page, physical 6101264k(1320644k free), swap 0k(0k free)

vm_info: Java HotSpot(TM) 64-Bit Server VM (25.92-b14) for linux-amd64 JRE (1.8.0_92-b14), built on Mar 31 2016 21:08:29 by "java_re" with gcc 4.3.0 20080428 (Red Hat 4.3.0-8)

time: Thu Oct  6 16:56:40 2016
elapsed time: 5 seconds (0d 0h 0m 5s)

