#
# A fatal error has been detected by the Java Runtime Environment:
#
#  SIGSEGV (0xb) at pc=0x00007fec722834eb, pid=15661, tid=140653853665024
#
# JRE version: OpenJDK Runtime Environment (8.0_91-b14) (build 1.8.0_91-8u91-b14-3ubuntu1~16.04.1-b14)
# Java VM: OpenJDK 64-Bit Server VM (25.91-b14 mixed mode linux-amd64 compressed oops)
# Problematic frame:
# C  [r600_dri.so+0x3254eb]
#
# Failed to write core dump. Core dumps have been disabled. To enable core dumping, try "ulimit -c unlimited" before starting Java again
#
# If you would like to submit a bug report, please visit:
#   http://bugreport.java.com/bugreport/crash.jsp
# The crash happened outside the Java Virtual Machine in native code.
# See problematic frame for where to report the bug.
#

---------------  T H R E A D  ---------------

Current thread (0x00007fec78003000):  JavaThread "AWT-EventQueue-1" [_thread_in_native, id=15684, stack(0x00007fec86ebe000,0x00007fec86fbf000)]

siginfo: si_signo: 11 (SIGSEGV), si_code: 1 (SEGV_MAPERR), si_addr: 0x000000000000c030

Registers:
RAX=0x0000000000000000, RBX=0x00007fec780ccbc0, RCX=0x0000000000000000, RDX=0x0000000000000001
RSP=0x00007fec86fbc710, RBP=0x000000000000c000, RSI=0x00007fec780cd5a0, RDI=0x0000000100000000
R8 =0x0000000000000000, R9 =0x00007fec857c0d50, R10=0x00007fecb188b4c7, R11=0x00000000ca100500
R12=0x0000000000000001, R13=0x00007fec74604710, R14=0x0000000000000001, R15=0x0000000000000000
RIP=0x00007fec722834eb, EFLAGS=0x0000000000010202, CSGSFS=0x0000000000000033, ERR=0x0000000000000004
  TRAPNO=0x000000000000000e

Top of Stack: (sp=0x00007fec86fbc710)
0x00007fec86fbc710:   00007fec86fbc760 00007fecb1864c3c
0x00007fec86fbc720:   00000000ee669eb8 ec44b7ae406bad00
0x00007fec86fbc730:   00000000ca08fee8 0000000000000000
0x00007fec86fbc740:   0000000000000000 00007fec780cca90
0x00007fec86fbc750:   00007fec74604710 00007fec74607ec0
0x00007fec86fbc760:   0000000000000000 00007fec857c0df8
0x00007fec86fbc770:   00007fec86fbc7a0 00007fec74608070
0x00007fec86fbc780:   00007fec00000000 0000000000000000
0x00007fec86fbc790:   0000000004400053 00007fec85795b31
0x00007fec86fbc7a0:   00007fec780cca90 ec44b7ae406bad00
0x00007fec86fbc7b0:   0000000004400053 00007fec85795b60
0x00007fec86fbc7c0:   00007fec86fbc830 0000000000000000
0x00007fec86fbc7d0:   0000000000000001 00007fec86fbc870
0x00007fec86fbc7e0:   00007fec78003000 00007fec73de6849
0x00007fec86fbc7f0:   00007fec86fbcad8 00007fec85795b60
0x00007fec86fbc800:   0000000004400053 00007fec74606c70
0x00007fec86fbc810:   00007fec86fbc870 00007fec780031e0
0x00007fec86fbc820:   00007fec86fbc840 00007fec85795b60
0x00007fec86fbc830:   00007fec86fbc880 00007fecb188b53d
0x00007fec86fbc840:   00000000ee669e18 00000000ee669e68
0x00007fec86fbc850:   00000000ee669e58 0000000000000003
0x00007fec86fbc860:   00000000ee669e78 00000000ee669ec8
0x00007fec86fbc870:   00000000c9cdc158 00000000ee669ed8
0x00007fec86fbc880:   00007fec86fbcad8 00007fecb188eb14
0x00007fec86fbc890:   00007fecc4e8c000 00000000ca100930
0x00007fec86fbc8a0:   00000000ee669fc0 0000000000000000
0x00007fec86fbc8b0:   0000000000000019 00007fec780008c0
0x00007fec86fbc8c0:   00007fec86fbcad8 00007fecb1774444
0x00007fec86fbc8d0:   00007fec85a14de0 00000000000000b6
0x00007fec86fbc8e0:   00007fec86fbc940 00007fecc783e039
0x00007fec86fbc8f0:   00007fecb1005310 00007fec00000000
0x00007fec86fbc900:   00007fec85a14de0 00007fec78003000 

Instructions: (pc=0x00007fec722834eb)
0x00007fec722834cb:   01 c6 44 24 0f 00 0f 84 d9 00 00 00 48 8b b3 30
0x00007fec722834db:   01 00 00 48 85 f6 0f 84 c9 00 00 00 83 7b 38 01
0x00007fec722834eb:   48 8b 55 30 4c 8b 6a 18 0f 8e 4f 02 00 00 45 85
0x00007fec722834fb:   ff 0f 85 46 02 00 00 48 8b 93 68 01 00 00 48 85 

Register to memory mapping:

RAX=0x0000000000000000 is an unknown value
RBX=0x00007fec780ccbc0 is an unknown value
RCX=0x0000000000000000 is an unknown value
RDX=0x0000000000000001 is an unknown value
RSP=0x00007fec86fbc710 is pointing into the stack for thread: 0x00007fec78003000
RBP=0x000000000000c000 is an unknown value
RSI=0x00007fec780cd5a0 is an unknown value
RDI=0x0000000100000000 is pointing into metadata
R8 =0x0000000000000000 is an unknown value
R9 =0x00007fec857c0d50: <offset 0x45d50> in /usr/lib/x86_64-linux-gnu/mesa/libGL.so.1 at 0x00007fec8577b000
R10=0x00007fecb188b4c7 is at entry_point+71 in (nmethod*)0x00007fecb188b310
R11=0x00000000ca100500 is an oop
jogamp.nativewindow.jawt.x11.X11JAWTWindow 
 - klass: 'jogamp/nativewindow/jawt/x11/X11JAWTWindow'
R12=0x0000000000000001 is an unknown value
R13=0x00007fec74604710 is an unknown value
R14=0x0000000000000001 is an unknown value
R15=0x0000000000000000 is an unknown value


Stack: [0x00007fec86ebe000,0x00007fec86fbf000],  sp=0x00007fec86fbc710,  free space=1017k
Native frames: (J=compiled Java code, j=interpreted, Vv=VM code, C=native code)
C  [r600_dri.so+0x3254eb]

Java frames: (J=compiled Java code, j=interpreted, Vv=VM code)
J 2968  jogamp.opengl.x11.glx.GLX.dispatch_glXSwapBuffers0(JJJ)V (0 bytes) @ 0x00007fecb188b4c7 [0x00007fecb188b480+0x47]
J 2967 C1 jogamp.opengl.x11.glx.GLX.glXSwapBuffers(JJ)V (45 bytes) @ 0x00007fecb188eb14 [0x00007fecb188e160+0x9b4]
J 2966 C1 jogamp.opengl.x11.glx.X11GLXDrawable.swapBuffersImpl(Z)V (21 bytes) @ 0x00007fecb188dcc4 [0x00007fecb188da20+0x2a4]
J 2965 C1 jogamp.opengl.GLDrawableImpl.swapBuffers()V (138 bytes) @ 0x00007fecb188c65c [0x00007fecb188bfa0+0x6bc]
j  javax.media.opengl.awt.GLCanvas$12.run()V+45
J 3160 C1 java.awt.event.InvocationEvent.dispatch()V (69 bytes) @ 0x00007fecb1169b0c [0x00007fecb11699c0+0x14c]
J 2489 C1 java.awt.EventQueue.dispatchEventImpl(Ljava/awt/AWTEvent;Ljava/lang/Object;)V (149 bytes) @ 0x00007fecb15b2bbc [0x00007fecb15b1040+0x1b7c]
J 2487 C1 java.awt.EventQueue$3.run()Ljava/lang/Void; (60 bytes) @ 0x00007fecb119d444 [0x00007fecb119d240+0x204]
J 2486 C1 java.awt.EventQueue$3.run()Ljava/lang/Object; (5 bytes) @ 0x00007fecb15bac4c [0x00007fecb15babc0+0x8c]
v  ~StubRoutines::call_stub
J 465  java.security.AccessController.doPrivileged(Ljava/security/PrivilegedAction;Ljava/security/AccessControlContext;)Ljava/lang/Object; (0 bytes) @ 0x00007fecb120bce3 [0x00007fecb120bc80+0x63]
J 2190 C1 java.awt.EventQueue.dispatchEvent(Ljava/awt/AWTEvent;)V (80 bytes) @ 0x00007fecb174ff44 [0x00007fecb174f5c0+0x984]
J 2191 C1 java.awt.EventDispatchThread.pumpOneEventForFilters(I)V (295 bytes) @ 0x00007fecb1753214 [0x00007fecb17516c0+0x1b54]
j  java.awt.EventDispatchThread.pumpEventsForFilter(ILjava/awt/Conditional;Ljava/awt/EventFilter;)V+35
j  java.awt.EventDispatchThread.pumpEventsForHierarchy(ILjava/awt/Conditional;Ljava/awt/Component;)V+11
j  java.awt.EventDispatchThread.pumpEvents(ILjava/awt/Conditional;)V+4
j  java.awt.EventDispatchThread.pumpEvents(Ljava/awt/Conditional;)V+3
j  java.awt.EventDispatchThread.run()V+9
v  ~StubRoutines::call_stub

---------------  P R O C E S S  ---------------

Java Threads: ( => current thread )
  0x00007fec78e86800 JavaThread "Thread-112" [_thread_blocked, id=15820, stack(0x00007fec68b9e000,0x00007fec68c9f000)]
  0x00007fec741b6000 JavaThread "Animation Thread-SharedResourceRunner" daemon [_thread_blocked, id=15692, stack(0x00007fec868bc000,0x00007fec869bd000)]
  0x00007fec74091000 JavaThread "process reaper" daemon [_thread_blocked, id=15688, stack(0x00007fecac04e000,0x00007fecac087000)]
  0x00007fec7800d000 JavaThread "Animation Thread" [_thread_blocked, id=15685, stack(0x00007fec86bbd000,0x00007fec86cbe000)]
=>0x00007fec78003000 JavaThread "AWT-EventQueue-1" [_thread_in_native, id=15684, stack(0x00007fec86ebe000,0x00007fec86fbf000)]
  0x00007fecc000a000 JavaThread "DestroyJavaVM" [_thread_blocked, id=15665, stack(0x00007fecc8fc7000,0x00007fecc90c8000)]
  0x00007fecc0326800 JavaThread "AWT-EventQueue-0" [_thread_blocked, id=15682, stack(0x00007fec876eb000,0x00007fec877ec000)]
  0x00007fecc0322000 JavaThread "AWT-Shutdown" [_thread_blocked, id=15681, stack(0x00007fec877ec000,0x00007fec878ed000)]
  0x00007fecc030e800 JavaThread "thread applet-module4.EarthquakeCityMap.class" [_thread_blocked, id=15680, stack(0x00007fec878ed000,0x00007fec879ee000)]
  0x00007fecc0301800 JavaThread "AWT-XAWT" daemon [_thread_blocked, id=15678, stack(0x00007fec879ee000,0x00007fec87aef000)]
  0x00007fecc02dc000 JavaThread "Java2D Disposer" daemon [_thread_blocked, id=15677, stack(0x00007fec87eff000,0x00007fec88000000)]
  0x00007fecc00af800 JavaThread "Service Thread" daemon [_thread_blocked, id=15675, stack(0x00007fecadfd6000,0x00007fecae0d7000)]
  0x00007fecc00ad000 JavaThread "C1 CompilerThread1" daemon [_thread_blocked, id=15674, stack(0x00007fecae0d7000,0x00007fecae1d8000)]
  0x00007fecc00aa000 JavaThread "C2 CompilerThread0" daemon [_thread_blocked, id=15673, stack(0x00007fecae1d8000,0x00007fecae2d9000)]
  0x00007fecc00a8000 JavaThread "Signal Dispatcher" daemon [_thread_blocked, id=15672, stack(0x00007fecae2d9000,0x00007fecae3da000)]
  0x00007fecc007f800 JavaThread "Finalizer" daemon [_thread_blocked, id=15671, stack(0x00007fecaed99000,0x00007fecaee9a000)]
  0x00007fecc007b000 JavaThread "Reference Handler" daemon [_thread_blocked, id=15670, stack(0x00007fecaee9a000,0x00007fecaef9b000)]

Other Threads:
  0x00007fecc0073800 VMThread [stack: 0x00007fecaef9b000,0x00007fecaf09c000] [id=15669]
  0x00007fecc00d7000 WatcherThread [stack: 0x00007fecaded5000,0x00007fecadfd6000] [id=15676]

VM state:not at safepoint (normal execution)

VM Mutex/Monitor currently owned by a thread: None

Heap:
 PSYoungGen      total 102912K, used 29267K [0x00000000edc00000, 0x00000000f5900000, 0x0000000100000000)
  eden space 81408K, 14% used [0x00000000edc00000,0x00000000ee7e4800,0x00000000f2b80000)
  from space 21504K, 79% used [0x00000000f4200000,0x00000000f52b0420,0x00000000f5700000)
  to   space 23040K, 0% used [0x00000000f2b80000,0x00000000f2b80000,0x00000000f4200000)
 ParOldGen       total 45056K, used 24080K [0x00000000c9400000, 0x00000000cc000000, 0x00000000edc00000)
  object space 45056K, 53% used [0x00000000c9400000,0x00000000cab842b8,0x00000000cc000000)
 Metaspace       used 21707K, capacity 21929K, committed 22272K, reserved 1069056K
  class space    used 1960K, capacity 2024K, committed 2048K, reserved 1048576K

Card table byte_map: [0x00007fecc54d6000,0x00007fecc568d000] byte_map_base: 0x00007fecc4e8c000

Marking Bits: (ParMarkBitMap*) 0x00007fecc8293fc0
 Begin Bits: [0x00007fecaf4a0000, 0x00007fecb0250000)
 End Bits:   [0x00007fecb0250000, 0x00007fecb1000000)

Polling page: 0x00007fecc90e5000

CodeCache: size=245760Kb used=9639Kb max_used=9651Kb free=236120Kb
 bounds [0x00007fecb1000000, 0x00007fecb1990000, 0x00007fecc0000000]
 total_blobs=3748 nmethods=2769 adapters=894
 compilation: enabled

Compilation events (10 events):
Event: 56,018 Thread 0x00007fecc00aa000 3177       4       java.awt.EventQueue::eventToCacheIndex (80 bytes)
Event: 56,021 Thread 0x00007fecc00aa000 nmethod 3177 0x00007fecb1664ed0 code [0x00007fecb1665020, 0x00007fecb16650f8]
Event: 57,085 Thread 0x00007fecc00aa000 3178   !   4       sun.awt.X11.XToolkit::callTimeoutTasks (220 bytes)
Event: 57,086 Thread 0x00007fecc00ad000 3179       3       sun.java2d.xr.GrowableEltArray::getCharCnt (13 bytes)
Event: 57,087 Thread 0x00007fecc00ad000 nmethod 3179 0x00007fecb1628c50 code [0x00007fecb1628dc0, 0x00007fecb1629010]
Event: 57,092 Thread 0x00007fecc00aa000 nmethod 3178 0x00007fecb1680a50 code [0x00007fecb1680bc0, 0x00007fecb1680d18]
Event: 57,092 Thread 0x00007fecc00ad000 3180       3       sun.font.XRGlyphCacheEntry::getXAdvance (16 bytes)
Event: 57,093 Thread 0x00007fecc00ad000 nmethod 3180 0x00007fecb16806d0 code [0x00007fecb1680840, 0x00007fecb16809b0]
Event: 57,093 Thread 0x00007fecc00ad000 3181       3       sun.font.XRGlyphCacheEntry::getYAdvance (16 bytes)
Event: 57,093 Thread 0x00007fecc00ad000 nmethod 3181 0x00007fecb1628850 code [0x00007fecb16289c0, 0x00007fecb1628b30]

GC Heap History (10 events):
Event: 18,507 GC heap before
{Heap before GC invocations=9 (full 1):
 PSYoungGen      total 65536K, used 65409K [0x00000000edc00000, 0x00000000f2f00000, 0x0000000100000000)
  eden space 55808K, 100% used [0x00000000edc00000,0x00000000f1280000,0x00000000f1280000)
  from space 9728K, 98% used [0x00000000f1280000,0x00000000f1be0668,0x00000000f1c00000)
  to   space 11264K, 0% used [0x00000000f2400000,0x00000000f2400000,0x00000000f2f00000)
 ParOldGen       total 45056K, used 16624K [0x00000000c9400000, 0x00000000cc000000, 0x00000000edc00000)
  object space 45056K, 36% used [0x00000000c9400000,0x00000000ca43c0e8,0x00000000cc000000)
 Metaspace       used 21340K, capacity 21545K, committed 21760K, reserved 1069056K
  class space    used 1958K, capacity 2024K, committed 2048K, reserved 1048576K
Event: 18,536 GC heap after
Heap after GC invocations=9 (full 1):
 PSYoungGen      total 68608K, used 11248K [0x00000000edc00000, 0x00000000f4a80000, 0x0000000100000000)
  eden space 57344K, 0% used [0x00000000edc00000,0x00000000edc00000,0x00000000f1400000)
  from space 11264K, 99% used [0x00000000f2400000,0x00000000f2efc2e0,0x00000000f2f00000)
  to   space 16384K, 0% used [0x00000000f1400000,0x00000000f1400000,0x00000000f2400000)
 ParOldGen       total 45056K, used 24064K [0x00000000c9400000, 0x00000000cc000000, 0x00000000edc00000)
  object space 45056K, 53% used [0x00000000c9400000,0x00000000cab802b8,0x00000000cc000000)
 Metaspace       used 21340K, capacity 21545K, committed 21760K, reserved 1069056K
  class space    used 1958K, capacity 2024K, committed 2048K, reserved 1048576K
}
Event: 24,132 GC heap before
{Heap before GC invocations=10 (full 1):
 PSYoungGen      total 68608K, used 68592K [0x00000000edc00000, 0x00000000f4a80000, 0x0000000100000000)
  eden space 57344K, 100% used [0x00000000edc00000,0x00000000f1400000,0x00000000f1400000)
  from space 11264K, 99% used [0x00000000f2400000,0x00000000f2efc2e0,0x00000000f2f00000)
  to   space 16384K, 0% used [0x00000000f1400000,0x00000000f1400000,0x00000000f2400000)
 ParOldGen       total 45056K, used 24064K [0x00000000c9400000, 0x00000000cc000000, 0x00000000edc00000)
  object space 45056K, 53% used [0x00000000c9400000,0x00000000cab802b8,0x00000000cc000000)
 Metaspace       used 21666K, capacity 21929K, committed 22272K, reserved 1069056K
  class space    used 1958K, capacity 2024K, committed 2048K, reserved 1048576K
Event: 24,151 GC heap after
Heap after GC invocations=10 (full 1):
 PSYoungGen      total 73728K, used 14160K [0x00000000edc00000, 0x00000000f4480000, 0x0000000100000000)
  eden space 57344K, 0% used [0x00000000edc00000,0x00000000edc00000,0x00000000f1400000)
  from space 16384K, 86% used [0x00000000f1400000,0x00000000f21d4390,0x00000000f2400000)
  to   space 17920K, 0% used [0x00000000f3300000,0x00000000f3300000,0x00000000f4480000)
 ParOldGen       total 45056K, used 24072K [0x00000000c9400000, 0x00000000cc000000, 0x00000000edc00000)
  object space 45056K, 53% used [0x00000000c9400000,0x00000000cab822b8,0x00000000cc000000)
 Metaspace       used 21666K, capacity 21929K, committed 22272K, reserved 1069056K
  class space    used 1958K, capacity 2024K, committed 2048K, reserved 1048576K
}
Event: 33,961 GC heap before
{Heap before GC invocations=11 (full 1):
 PSYoungGen      total 73728K, used 71504K [0x00000000edc00000, 0x00000000f4480000, 0x0000000100000000)
  eden space 57344K, 100% used [0x00000000edc00000,0x00000000f1400000,0x00000000f1400000)
  from space 16384K, 86% used [0x00000000f1400000,0x00000000f21d4390,0x00000000f2400000)
  to   space 17920K, 0% used [0x00000000f3300000,0x00000000f3300000,0x00000000f4480000)
 ParOldGen       total 45056K, used 24072K [0x00000000c9400000, 0x00000000cc000000, 0x00000000edc00000)
  object space 45056K, 53% used [0x00000000c9400000,0x00000000cab822b8,0x00000000cc000000)
 Metaspace       used 21683K, capacity 21929K, committed 22272K, reserved 1069056K
  class space    used 1958K, capacity 2024K, committed 2048K, reserved 1048576K
Event: 33,990 GC heap after
Heap after GC invocations=11 (full 1):
 PSYoungGen      total 87552K, used 14016K [0x00000000edc00000, 0x00000000f4500000, 0x0000000100000000)
  eden space 69632K, 0% used [0x00000000edc00000,0x00000000edc00000,0x00000000f2000000)
  from space 17920K, 78% used [0x00000000f3300000,0x00000000f40b0360,0x00000000f4480000)
  to   space 18944K, 0% used [0x00000000f2000000,0x00000000f2000000,0x00000000f3280000)
 ParOldGen       total 45056K, used 24080K [0x00000000c9400000, 0x00000000cc000000, 0x00000000edc00000)
  object space 45056K, 53% used [0x00000000c9400000,0x00000000cab842b8,0x00000000cc000000)
 Metaspace       used 21683K, capacity 21929K, committed 22272K, reserved 1069056K
  class space    used 1958K, capacity 2024K, committed 2048K, reserved 1048576K
}
Event: 42,868 GC heap before
{Heap before GC invocations=12 (full 1):
 PSYoungGen      total 87552K, used 83648K [0x00000000edc00000, 0x00000000f4500000, 0x0000000100000000)
  eden space 69632K, 100% used [0x00000000edc00000,0x00000000f2000000,0x00000000f2000000)
  from space 17920K, 78% used [0x00000000f3300000,0x00000000f40b0360,0x00000000f4480000)
  to   space 18944K, 0% used [0x00000000f2000000,0x00000000f2000000,0x00000000f3280000)
 ParOldGen       total 45056K, used 24080K [0x00000000c9400000, 0x00000000cc000000, 0x00000000edc00000)
  object space 45056K, 53% used [0x00000000c9400000,0x00000000cab842b8,0x00000000cc000000)
 Metaspace       used 21695K, capacity 21929K, committed 22272K, reserved 1069056K
  class space    used 1958K, capacity 2024K, committed 2048K, reserved 1048576K
Event: 42,890 GC heap after
Heap after GC invocations=12 (full 1):
 PSYoungGen      total 88576K, used 17249K [0x00000000edc00000, 0x00000000f5700000, 0x0000000100000000)
  eden space 69632K, 0% used [0x00000000edc00000,0x00000000edc00000,0x00000000f2000000)
  from space 18944K, 91% used [0x00000000f2000000,0x00000000f30d8440,0x00000000f3280000)
  to   space 21504K, 0% used [0x00000000f4200000,0x00000000f4200000,0x00000000f5700000)
 ParOldGen       total 45056K, used 24080K [0x00000000c9400000, 0x00000000cc000000, 0x00000000edc00000)
  object space 45056K, 53% used [0x00000000c9400000,0x00000000cab842b8,0x00000000cc000000)
 Metaspace       used 21695K, capacity 21929K, committed 22272K, reserved 1069056K
  class space    used 1958K, capacity 2024K, committed 2048K, reserved 1048576K
}
Event: 55,377 GC heap before
{Heap before GC invocations=13 (full 1):
 PSYoungGen      total 88576K, used 86881K [0x00000000edc00000, 0x00000000f5700000, 0x0000000100000000)
  eden space 69632K, 100% used [0x00000000edc00000,0x00000000f2000000,0x00000000f2000000)
  from space 18944K, 91% used [0x00000000f2000000,0x00000000f30d8440,0x00000000f3280000)
  to   space 21504K, 0% used [0x00000000f4200000,0x00000000f4200000,0x00000000f5700000)
 ParOldGen       total 45056K, used 24080K [0x00000000c9400000, 0x00000000cc000000, 0x00000000edc00000)
  object space 45056K, 53% used [0x00000000c9400000,0x00000000cab842b8,0x00000000cc000000)
 Metaspace       used 21695K, capacity 21929K, committed 22272K, reserved 1069056K
  class space    used 1958K, capacity 2024K, committed 2048K, reserved 1048576K
Event: 55,417 GC heap after
Heap after GC invocations=13 (full 1):
 PSYoungGen      total 102912K, used 17089K [0x00000000edc00000, 0x00000000f5900000, 0x0000000100000000)
  eden space 81408K, 0% used [0x00000000edc00000,0x00000000edc00000,0x00000000f2b80000)
  from space 21504K, 79% used [0x00000000f4200000,0x00000000f52b0420,0x00000000f5700000)
  to   space 23040K, 0% used [0x00000000f2b80000,0x00000000f2b80000,0x00000000f4200000)
 ParOldGen       total 45056K, used 24080K [0x00000000c9400000, 0x00000000cc000000, 0x00000000edc00000)
  object space 45056K, 53% used [0x00000000c9400000,0x00000000cab842b8,0x00000000cc000000)
 Metaspace       used 21695K, capacity 21929K, committed 22272K, reserved 1069056K
  class space    used 1958K, capacity 2024K, committed 2048K, reserved 1048576K
}

Deoptimization events (10 events):
Event: 12,186 Thread 0x00007fec78003000 Uncommon trap: reason=unstable_if action=reinterpret pc=0x00007fecb172ecac method=java.text.DecimalFormat.subformat(Ljava/lang/StringBuffer;Ljava/text/Format$FieldDelegate;ZZIIII)Ljava/lang/StringBuffer; @ 753
Event: 16,412 Thread 0x00007fec6c030000 Uncommon trap: reason=unstable_if action=reinterpret pc=0x00007fecb1650168 method=java.awt.image.IndexColorModel.getDataElements(ILjava/lang/Object;)Ljava/lang/Object; @ 70
Event: 51,407 Thread 0x00007fec78003000 Uncommon trap: reason=class_check action=maybe_recompile pc=0x00007fecb17b307c method=java.awt.EventQueue.coalesceEvent(Ljava/awt/AWTEvent;I)Z @ 32
Event: 51,870 Thread 0x00007fec78003000 Uncommon trap: reason=class_check action=maybe_recompile pc=0x00007fecb17b307c method=java.awt.EventQueue.coalesceEvent(Ljava/awt/AWTEvent;I)Z @ 32
Event: 51,870 Thread 0x00007fec7800d000 Uncommon trap: reason=class_check action=maybe_recompile pc=0x00007fecb17b307c method=java.awt.EventQueue.coalesceEvent(Ljava/awt/AWTEvent;I)Z @ 32
Event: 51,871 Thread 0x00007fec78003000 Uncommon trap: reason=class_check action=maybe_recompile pc=0x00007fecb17b307c method=java.awt.EventQueue.coalesceEvent(Ljava/awt/AWTEvent;I)Z @ 32
Event: 57,084 Thread 0x00007fec78003000 Uncommon trap: reason=unstable_if action=reinterpret pc=0x00007fecb166507c method=java.awt.EventQueue.eventToCacheIndex(Ljava/awt/AWTEvent;)I @ 71
Event: 57,084 Thread 0x00007fec78003000 Uncommon trap: reason=unstable_if action=reinterpret pc=0x00007fecb16dd814 method=java.awt.EventQueue.eventToCacheIndex(Ljava/awt/AWTEvent;)I @ 71
Event: 57,085 Thread 0x00007fecc0326800 Uncommon trap: reason=unstable_if action=reinterpret pc=0x00007fecb1981a80 method=java.awt.EventQueue.getPriority(Ljava/awt/AWTEvent;)I @ 71
Event: 57,085 Thread 0x00007fecc030e800 Uncommon trap: reason=unstable_if action=reinterpret pc=0x00007fecb170bc54 method=java.awt.font.FontRenderContext.equals(Ljava/awt/font/FontRenderContext;)Z @ 2

Internal exceptions (10 events):
Event: 4,183 Thread 0x00007fec78003000 Implicit null exception at 0x00007fecb11d79b5 to 0x00007fecb11d7cf5
Event: 5,507 Thread 0x00007fec78003000 Exception <a 'java/lang/reflect/InvocationTargetException'> (0x00000000ee397530) thrown at [/build/openjdk-8-W1Ghxo/openjdk-8-8u91-b14/src/hotspot/src/share/vm/runtime/reflection.cpp, line 1092]
Event: 5,520 Thread 0x00007fec78003000 Exception <a 'java/lang/reflect/InvocationTargetException'> (0x00000000ee398db8) thrown at [/build/openjdk-8-W1Ghxo/openjdk-8-8u91-b14/src/hotspot/src/share/vm/runtime/reflection.cpp, line 1092]
Event: 7,291 Thread 0x00007fec78003000 Exception <a 'java/lang/reflect/InvocationTargetException'> (0x00000000ee90f3a0) thrown at [/build/openjdk-8-W1Ghxo/openjdk-8-8u91-b14/src/hotspot/src/share/vm/runtime/reflection.cpp, line 1092]
Event: 7,308 Thread 0x00007fec78003000 Exception <a 'java/lang/reflect/InvocationTargetException'> (0x00000000ee910838) thrown at [/build/openjdk-8-W1Ghxo/openjdk-8-8u91-b14/src/hotspot/src/share/vm/runtime/reflection.cpp, line 1092]
Event: 7,468 Thread 0x00007fec78003000 Exception <a 'java/lang/reflect/InvocationTargetException'> (0x00000000eeab9ac0) thrown at [/build/openjdk-8-W1Ghxo/openjdk-8-8u91-b14/src/hotspot/src/share/vm/runtime/reflection.cpp, line 1092]
Event: 7,470 Thread 0x00007fec78003000 Exception <a 'java/lang/reflect/InvocationTargetException'> (0x00000000eeaba258) thrown at [/build/openjdk-8-W1Ghxo/openjdk-8-8u91-b14/src/hotspot/src/share/vm/runtime/reflection.cpp, line 1092]
Event: 7,702 Thread 0x00007fec78003000 Exception <a 'java/lang/reflect/InvocationTargetException'> (0x00000000eeadbb78) thrown at [/build/openjdk-8-W1Ghxo/openjdk-8-8u91-b14/src/hotspot/src/share/vm/runtime/reflection.cpp, line 1092]
Event: 7,704 Thread 0x00007fec78003000 Exception <a 'java/lang/reflect/InvocationTargetException'> (0x00000000eeadcac0) thrown at [/build/openjdk-8-W1Ghxo/openjdk-8-8u91-b14/src/hotspot/src/share/vm/runtime/reflection.cpp, line 1092]
Event: 7,748 Thread 0x00007fec78003000 Exception <a 'java/lang/reflect/InvocationTargetException'> (0x00000000eeaff268) thrown at [/build/openjdk-8-W1Ghxo/openjdk-8-8u91-b14/src/hotspot/src/share/vm/runtime/reflection.cpp, line 1092]

Events (10 events):
Event: 57,084 Thread 0x00007fec78003000 DEOPT UNPACKING pc=0x00007fecb1004f69 sp=0x00007fec86fbbb40 mode 2
Event: 57,084 Thread 0x00007fec78003000 Uncommon trap: trap_request=0xffffff65 fr.pc=0x00007fecb16dd814
Event: 57,084 Thread 0x00007fec78003000 DEOPT PACKING pc=0x00007fecb16dd814 sp=0x00007fec86fbd6d0
Event: 57,085 Thread 0x00007fec78003000 DEOPT UNPACKING pc=0x00007fecb1004f69 sp=0x00007fec86fbd5b8 mode 2
Event: 57,085 Thread 0x00007fecc0326800 Uncommon trap: trap_request=0xffffff65 fr.pc=0x00007fecb1981a80
Event: 57,085 Thread 0x00007fecc030e800 Uncommon trap: trap_request=0xffffff65 fr.pc=0x00007fecb170bc54
Event: 57,085 Thread 0x00007fecc030e800 DEOPT PACKING pc=0x00007fecb170bc54 sp=0x00007fec879ec5a0
Event: 57,085 Thread 0x00007fecc030e800 DEOPT UNPACKING pc=0x00007fecb1004f69 sp=0x00007fec879ec4f8 mode 2
Event: 57,086 Thread 0x00007fecc0326800 DEOPT PACKING pc=0x00007fecb1981a80 sp=0x00007fec877ea600
Event: 57,086 Thread 0x00007fecc0326800 DEOPT UNPACKING pc=0x00007fecb1004f69 sp=0x00007fec877ea510 mode 2


Dynamic libraries:
00400000-00401000 r-xp 00000000 08:06 2233749                            /usr/lib/jvm/java-8-openjdk-amd64/jre/bin/java
00600000-00601000 r--p 00000000 08:06 2233749                            /usr/lib/jvm/java-8-openjdk-amd64/jre/bin/java
00601000-00602000 rw-p 00001000 08:06 2233749                            /usr/lib/jvm/java-8-openjdk-amd64/jre/bin/java
0240b000-0246e000 rw-p 00000000 00:00 0                                  [heap]
c9400000-cc000000 rw-p 00000000 00:00 0 
cc000000-edc00000 ---p 00000000 00:00 0 
edc00000-f5900000 rw-p 00000000 00:00 0 
f5900000-100000000 ---p 00000000 00:00 0 
100000000-100200000 rw-p 00000000 00:00 0 
100200000-140000000 ---p 00000000 00:00 0 
7fec67c46000-7fec67c49000 ---p 00000000 00:00 0 
7fec67c49000-7fec67d47000 rw-p 00000000 00:00 0 
7fec67d47000-7fec67d4a000 ---p 00000000 00:00 0 
7fec67d4a000-7fec67e48000 rw-p 00000000 00:00 0 
7fec67e48000-7fec67e4b000 ---p 00000000 00:00 0 
7fec67e4b000-7fec67f49000 rw-p 00000000 00:00 0 
7fec67f49000-7fec67f4c000 ---p 00000000 00:00 0 
7fec67f4c000-7fec6804a000 rw-p 00000000 00:00 0 
7fec6804a000-7fec6804d000 ---p 00000000 00:00 0 
7fec6804d000-7fec6830b000 rw-p 00000000 00:00 0 
7fec6830b000-7fec6834e000 ---p 00000000 00:00 0 
7fec6834e000-7fec6844c000 rw-p 00000000 00:00 0 
7fec6844c000-7fec6844f000 ---p 00000000 00:00 0 
7fec6844f000-7fec6854d000 rw-p 00000000 00:00 0 
7fec6854d000-7fec68550000 ---p 00000000 00:00 0 
7fec68550000-7fec6864e000 rw-p 00000000 00:00 0 
7fec686ce000-7fec686cf000 rw-s 123272000 00:06 252                       /dev/dri/card0
7fec686cf000-7fec686d1000 rw-s 123277000 00:06 252                       /dev/dri/card0
7fec686d1000-7fec686d2000 rw-s 14ab8b000 00:06 252                       /dev/dri/card0
7fec686d2000-7fec686d4000 rw-s 123275000 00:06 252                       /dev/dri/card0
7fec686d4000-7fec686d5000 rw-s 14ab86000 00:06 252                       /dev/dri/card0
7fec686d5000-7fec686d6000 rw-s 14ab84000 00:06 252                       /dev/dri/card0
7fec686d6000-7fec686d7000 rw-s 14ab83000 00:06 252                       /dev/dri/card0
7fec686d7000-7fec686d9000 rw-s 14ab8c000 00:06 252                       /dev/dri/card0
7fec687c2000-7fec687c5000 ---p 00000000 00:00 0 
7fec687c5000-7fec68b2b000 rw-p 00000000 00:00 0 
7fec68b9e000-7fec68ba1000 ---p 00000000 00:00 0 
7fec68ba1000-7fec68c9f000 rw-p 00000000 00:00 0 
7fec68c9f000-7fec68ca2000 ---p 00000000 00:00 0 
7fec68ca2000-7fec69008000 rw-p 00000000 00:00 0 
7fec69008000-7fec6901f000 r-xp 00000000 08:06 2757803                    /lib/x86_64-linux-gnu/libresolv-2.23.so
7fec6901f000-7fec6921f000 ---p 00017000 08:06 2757803                    /lib/x86_64-linux-gnu/libresolv-2.23.so
7fec6921f000-7fec69220000 r--p 00017000 08:06 2757803                    /lib/x86_64-linux-gnu/libresolv-2.23.so
7fec69220000-7fec69221000 rw-p 00018000 08:06 2757803                    /lib/x86_64-linux-gnu/libresolv-2.23.so
7fec69221000-7fec69223000 rw-p 00000000 00:00 0 
7fec69223000-7fec69228000 r-xp 00000000 08:06 2757748                    /lib/x86_64-linux-gnu/libnss_dns-2.23.so
7fec69228000-7fec69428000 ---p 00005000 08:06 2757748                    /lib/x86_64-linux-gnu/libnss_dns-2.23.so
7fec69428000-7fec69429000 r--p 00005000 08:06 2757748                    /lib/x86_64-linux-gnu/libnss_dns-2.23.so
7fec69429000-7fec6942a000 rw-p 00006000 08:06 2757748                    /lib/x86_64-linux-gnu/libnss_dns-2.23.so
7fec6942a000-7fec6942c000 r-xp 00000000 08:06 2757756                    /lib/x86_64-linux-gnu/libnss_mdns4_minimal.so.2
7fec6942c000-7fec6962b000 ---p 00002000 08:06 2757756                    /lib/x86_64-linux-gnu/libnss_mdns4_minimal.so.2
7fec6962b000-7fec6962c000 r--p 00001000 08:06 2757756                    /lib/x86_64-linux-gnu/libnss_mdns4_minimal.so.2
7fec6962c000-7fec6962d000 rw-p 00002000 08:06 2757756                    /lib/x86_64-linux-gnu/libnss_mdns4_minimal.so.2
7fec6962d000-7fec6bb1f000 r-xp 00000000 08:06 2230406                    /usr/lib/x86_64-linux-gnu/libLLVM-3.8.so.1
7fec6bb1f000-7fec6bd1f000 ---p 024f2000 08:06 2230406                    /usr/lib/x86_64-linux-gnu/libLLVM-3.8.so.1
7fec6bd1f000-7fec6bfd4000 r--p 024f2000 08:06 2230406                    /usr/lib/x86_64-linux-gnu/libLLVM-3.8.so.1
7fec6bfd4000-7fec6bfd6000 rw-p 027a7000 08:06 2230406                    /usr/lib/x86_64-linux-gnu/libLLVM-3.8.so.1
7fec6bfd6000-7fec6c000000 rw-p 00000000 00:00 0 
7fec6c000000-7fec6c05d000 rw-p 00000000 00:00 0 
7fec6c05d000-7fec70000000 ---p 00000000 00:00 0 
7fec70078000-7fec70278000 rw-p 00000000 00:00 0 
7fec70278000-7fec70378000 rw-s 13cc9d000 00:06 252                       /dev/dri/card0
7fec70378000-7fec70478000 rw-s 13cdb0000 00:06 252                       /dev/dri/card0
7fec70478000-7fec7047a000 r-xp 00000000 08:06 2237699                    /usr/lib/x86_64-linux-gnu/libXinerama.so.1.0.0
7fec7047a000-7fec70679000 ---p 00002000 08:06 2237699                    /usr/lib/x86_64-linux-gnu/libXinerama.so.1.0.0
7fec70679000-7fec7067a000 r--p 00001000 08:06 2237699                    /usr/lib/x86_64-linux-gnu/libXinerama.so.1.0.0
7fec7067a000-7fec7067b000 rw-p 00002000 08:06 2237699                    /usr/lib/x86_64-linux-gnu/libXinerama.so.1.0.0
7fec7067b000-7fec706b2000 r-xp 00000000 08:06 2238861                    /usr/lib/x86_64-linux-gnu/libtxc_dxtn_s2tc.so.0.0.0
7fec706b2000-7fec708b1000 ---p 00037000 08:06 2238861                    /usr/lib/x86_64-linux-gnu/libtxc_dxtn_s2tc.so.0.0.0
7fec708b1000-7fec708b2000 r--p 00036000 08:06 2238861                    /usr/lib/x86_64-linux-gnu/libtxc_dxtn_s2tc.so.0.0.0
7fec708b2000-7fec708b3000 rw-p 00037000 08:06 2238861                    /usr/lib/x86_64-linux-gnu/libtxc_dxtn_s2tc.so.0.0.0
7fec708b3000-7fec708b4000 ---p 00000000 00:00 0 
7fec708b4000-7fec710b4000 rw-p 00000000 00:00 0 
7fec710b4000-7fec710c7000 r-xp 00000000 08:06 2757647                    /lib/x86_64-linux-gnu/libbsd.so.0.8.2
7fec710c7000-7fec712c6000 ---p 00013000 08:06 2757647                    /lib/x86_64-linux-gnu/libbsd.so.0.8.2
7fec712c6000-7fec712c7000 r--p 00012000 08:06 2757647                    /lib/x86_64-linux-gnu/libbsd.so.0.8.2
7fec712c7000-7fec712c8000 rw-p 00013000 08:06 2757647                    /lib/x86_64-linux-gnu/libbsd.so.0.8.2
7fec712c8000-7fec712c9000 rw-p 00000000 00:00 0 
7fec712c9000-7fec712ee000 r-xp 00000000 08:06 2757823                    /lib/x86_64-linux-gnu/libtinfo.so.5.9
7fec712ee000-7fec714ed000 ---p 00025000 08:06 2757823                    /lib/x86_64-linux-gnu/libtinfo.so.5.9
7fec714ed000-7fec714f1000 r--p 00024000 08:06 2757823                    /lib/x86_64-linux-gnu/libtinfo.so.5.9
7fec714f1000-7fec714f2000 rw-p 00028000 08:06 2757823                    /lib/x86_64-linux-gnu/libtinfo.so.5.9
7fec714f2000-7fec71523000 r-xp 00000000 08:06 2238011                    /usr/lib/x86_64-linux-gnu/libedit.so.2.0.53
7fec71523000-7fec71723000 ---p 00031000 08:06 2238011                    /usr/lib/x86_64-linux-gnu/libedit.so.2.0.53
7fec71723000-7fec71725000 r--p 00031000 08:06 2238011                    /usr/lib/x86_64-linux-gnu/libedit.so.2.0.53
7fec71725000-7fec71726000 rw-p 00033000 08:06 2238011                    /usr/lib/x86_64-linux-gnu/libedit.so.2.0.53
7fec71726000-7fec7172a000 rw-p 00000000 00:00 0 
7fec7172a000-7fec71741000 r-xp 00000000 08:06 2238016                    /usr/lib/x86_64-linux-gnu/libelf-0.165.so
7fec71741000-7fec71940000 ---p 00017000 08:06 2238016                    /usr/lib/x86_64-linux-gnu/libelf-0.165.so
7fec71940000-7fec71941000 r--p 00016000 08:06 2238016                    /usr/lib/x86_64-linux-gnu/libelf-0.165.so
7fec71941000-7fec71942000 rw-p 00017000 08:06 2238016                    /usr/lib/x86_64-linux-gnu/libelf-0.165.so
7fec71942000-7fec71949000 r-xp 00000000 08:06 2229660                    /usr/lib/x86_64-linux-gnu/libdrm_amdgpu.so.1.0.0
7fec71949000-7fec71b48000 ---p 00007000 08:06 2229660                    /usr/lib/x86_64-linux-gnu/libdrm_amdgpu.so.1.0.0
7fec71b48000-7fec71b49000 r--p 00006000 08:06 2229660                    /usr/lib/x86_64-linux-gnu/libdrm_amdgpu.so.1.0.0
7fec71b49000-7fec71b4a000 rw-p 00007000 08:06 2229660                    /usr/lib/x86_64-linux-gnu/libdrm_amdgpu.so.1.0.0
7fec71b4a000-7fec71b55000 r-xp 00000000 08:06 2229666                    /usr/lib/x86_64-linux-gnu/libdrm_radeon.so.1.0.1
7fec71b55000-7fec71d54000 ---p 0000b000 08:06 2229666                    /usr/lib/x86_64-linux-gnu/libdrm_radeon.so.1.0.1
7fec71d54000-7fec71d55000 r--p 0000a000 08:06 2229666                    /usr/lib/x86_64-linux-gnu/libdrm_radeon.so.1.0.1
7fec71d55000-7fec71d56000 rw-p 0000b000 08:06 2229666                    /usr/lib/x86_64-linux-gnu/libdrm_radeon.so.1.0.1
7fec71d56000-7fec71d5d000 r-xp 00000000 08:06 2229664                    /usr/lib/x86_64-linux-gnu/libdrm_nouveau.so.2.0.0
7fec71d5d000-7fec71f5c000 ---p 00007000 08:06 2229664                    /usr/lib/x86_64-linux-gnu/libdrm_nouveau.so.2.0.0
7fec71f5c000-7fec71f5d000 r--p 00006000 08:06 2229664                    /usr/lib/x86_64-linux-gnu/libdrm_nouveau.so.2.0.0
7fec71f5d000-7fec71f5e000 rw-p 00007000 08:06 2229664                    /usr/lib/x86_64-linux-gnu/libdrm_nouveau.so.2.0.0
7fec71f5e000-7fec72825000 r-xp 00000000 08:06 2493203                    /usr/lib/x86_64-linux-gnu/dri/r600_dri.so
7fec72825000-7fec72a24000 ---p 008c7000 08:06 2493203                    /usr/lib/x86_64-linux-gnu/dri/r600_dri.so
7fec72a24000-7fec72a98000 r--p 008c6000 08:06 2493203                    /usr/lib/x86_64-linux-gnu/dri/r600_dri.so
7fec72a98000-7fec72aa7000 rw-p 0093a000 08:06 2493203                    /usr/lib/x86_64-linux-gnu/dri/r600_dri.so
7fec72aa7000-7fec72c9d000 rw-p 00000000 00:00 0 
7fec72c9d000-7fec72ca3000 r-xp 00000000 08:06 2491604                    /usr/lib/x86_64-linux-gnu/mesa-egl/libGLESv2.so.2.0.0
7fec72ca3000-7fec72ea3000 ---p 00006000 08:06 2491604                    /usr/lib/x86_64-linux-gnu/mesa-egl/libGLESv2.so.2.0.0
7fec72ea3000-7fec72ea4000 r--p 00006000 08:06 2491604                    /usr/lib/x86_64-linux-gnu/mesa-egl/libGLESv2.so.2.0.0
7fec72ea4000-7fec72ea5000 rw-p 00007000 08:06 2491604                    /usr/lib/x86_64-linux-gnu/mesa-egl/libGLESv2.so.2.0.0
7fec72ea5000-7fec72eea000 r-xp 00000000 08:06 2097194                    /tmp/jogamp_0000/file_cache/jln4289945748688225607/jln235042104739767658/libjogl_mobile.so
7fec72eea000-7fec730ea000 ---p 00045000 08:06 2097194                    /tmp/jogamp_0000/file_cache/jln4289945748688225607/jln235042104739767658/libjogl_mobile.so
7fec730ea000-7fec730eb000 rw-p 00045000 08:06 2097194                    /tmp/jogamp_0000/file_cache/jln4289945748688225607/jln235042104739767658/libjogl_mobile.so
7fec730eb000-7fec730f2000 r-xp 00000000 08:06 2238059                    /usr/lib/x86_64-linux-gnu/libffi.so.6.0.4
7fec730f2000-7fec732f1000 ---p 00007000 08:06 2238059                    /usr/lib/x86_64-linux-gnu/libffi.so.6.0.4
7fec732f1000-7fec732f2000 r--p 00006000 08:06 2238059                    /usr/lib/x86_64-linux-gnu/libffi.so.6.0.4
7fec732f2000-7fec732f3000 rw-p 00007000 08:06 2238059                    /usr/lib/x86_64-linux-gnu/libffi.so.6.0.4
7fec732f3000-7fec732ff000 r-xp 00000000 08:06 2228798                    /usr/lib/x86_64-linux-gnu/libgbm.so.1.0.0
7fec732ff000-7fec734ff000 ---p 0000c000 08:06 2228798                    /usr/lib/x86_64-linux-gnu/libgbm.so.1.0.0
7fec734ff000-7fec73500000 r--p 0000c000 08:06 2228798                    /usr/lib/x86_64-linux-gnu/libgbm.so.1.0.0
7fec73500000-7fec73501000 rw-p 0000d000 08:06 2228798                    /usr/lib/x86_64-linux-gnu/libgbm.so.1.0.0
7fec73501000-7fec73510000 r-xp 00000000 08:06 2238952                    /usr/lib/x86_64-linux-gnu/libwayland-server.so.0.1.0
7fec73510000-7fec7370f000 ---p 0000f000 08:06 2238952                    /usr/lib/x86_64-linux-gnu/libwayland-server.so.0.1.0
7fec7370f000-7fec73711000 r--p 0000e000 08:06 2238952                    /usr/lib/x86_64-linux-gnu/libwayland-server.so.0.1.0
7fec73711000-7fec73712000 rw-p 00010000 08:06 2238952                    /usr/lib/x86_64-linux-gnu/libwayland-server.so.0.1.0
7fec73712000-7fec7371e000 r-xp 00000000 08:06 2238946                    /usr/lib/x86_64-linux-gnu/libwayland-client.so.0.3.0
7fec7371e000-7fec7391d000 ---p 0000c000 08:06 2238946                    /usr/lib/x86_64-linux-gnu/libwayland-client.so.0.3.0
7fec7391d000-7fec7391f000 r--p 0000b000 08:06 2238946                    /usr/lib/x86_64-linux-gnu/libwayland-client.so.0.3.0
7fec7391f000-7fec73920000 rw-p 0000d000 08:06 2238946                    /usr/lib/x86_64-linux-gnu/libwayland-client.so.0.3.0
7fec73920000-7fec73926000 r-xp 00000000 08:06 2239050                    /usr/lib/x86_64-linux-gnu/libxcb-xfixes.so.0.0.0
7fec73926000-7fec73b26000 ---p 00006000 08:06 2239050                    /usr/lib/x86_64-linux-gnu/libxcb-xfixes.so.0.0.0
7fec73b26000-7fec73b27000 r--p 00006000 08:06 2239050                    /usr/lib/x86_64-linux-gnu/libxcb-xfixes.so.0.0.0
7fec73b27000-7fec73b28000 rw-p 00007000 08:06 2239050                    /usr/lib/x86_64-linux-gnu/libxcb-xfixes.so.0.0.0
7fec73b28000-7fec73b58000 r-xp 00000000 08:06 2493233                    /usr/lib/x86_64-linux-gnu/mesa-egl/libEGL.so.1.0.0
7fec73b58000-7fec73d58000 ---p 00030000 08:06 2493233                    /usr/lib/x86_64-linux-gnu/mesa-egl/libEGL.so.1.0.0
7fec73d58000-7fec73d59000 r--p 00030000 08:06 2493233                    /usr/lib/x86_64-linux-gnu/mesa-egl/libEGL.so.1.0.0
7fec73d59000-7fec73d5a000 rw-p 00031000 08:06 2493233                    /usr/lib/x86_64-linux-gnu/mesa-egl/libEGL.so.1.0.0
7fec73d5a000-7fec73dff000 r-xp 00000000 08:06 2097189                    /tmp/jogamp_0000/file_cache/jln4289945748688225607/jln235042104739767658/libjogl_desktop.so
7fec73dff000-7fec73fff000 ---p 000a5000 08:06 2097189                    /tmp/jogamp_0000/file_cache/jln4289945748688225607/jln235042104739767658/libjogl_desktop.so
7fec73fff000-7fec74000000 rw-p 000a5000 08:06 2097189                    /tmp/jogamp_0000/file_cache/jln4289945748688225607/jln235042104739767658/libjogl_desktop.so
7fec74000000-7fec7462a000 rw-p 00000000 00:00 0 
7fec7462a000-7fec78000000 ---p 00000000 00:00 0 
7fec78000000-7fec790b3000 rw-p 00000000 00:00 0 
7fec790b3000-7fec7c000000 ---p 00000000 00:00 0 
7fec7c000000-7fec7c0a0000 rw-p 00000000 00:00 0 
7fec7c0a0000-7fec80000000 ---p 00000000 00:00 0 
7fec80000000-7fec800ab000 rw-p 00000000 00:00 0 
7fec800ab000-7fec84000000 ---p 00000000 00:00 0 
7fec8407f000-7fec8408a000 r--s 00000000 08:06 926427                     /var/cache/fontconfig/945677eb7aeaf62f1d50efc3fb3ec7d8-le64.cache-6
7fec8408a000-7fec84090000 r--s 00000000 08:06 926425                     /var/cache/fontconfig/2cd17615ca594fa2959ae173292e504c-le64.cache-6
7fec84090000-7fec840a5000 r--s 00000000 08:06 926404                     /var/cache/fontconfig/04aabc0a78ac019cf9454389977116d2-le64.cache-6
7fec840a5000-7fec840ac000 r--s 00000000 08:06 926416                     /var/cache/fontconfig/3047814df9a2f067bd2d96a2b9c36e5a-le64.cache-6
7fec840ac000-7fec840b2000 r--s 00000000 08:06 926413                     /var/cache/fontconfig/b47c4e1ecd0709278f4910c18777a504-le64.cache-6
7fec840b2000-7fec840c5000 r--s 00000000 08:06 926412                     /var/cache/fontconfig/d52a8644073d54c13679302ca1180695-le64.cache-6
7fec840c5000-7fec840d0000 r--s 00000000 08:06 926743                     /var/cache/fontconfig/d589a48862398ed80a3d6066f4f56f4c-le64.cache-6
7fec840d0000-7fec840e2000 r--s 00000000 08:06 923280                     /var/cache/fontconfig/9b89f8e3dae116d678bbf48e5f21f69b-le64.cache-6
7fec840e2000-7fec840f0000 r-xp 00000000 08:06 2228334                    /usr/lib/x86_64-linux-gnu/libdrm.so.2.4.0
7fec840f0000-7fec842ef000 ---p 0000e000 08:06 2228334                    /usr/lib/x86_64-linux-gnu/libdrm.so.2.4.0
7fec842ef000-7fec842f0000 r--p 0000d000 08:06 2228334                    /usr/lib/x86_64-linux-gnu/libdrm.so.2.4.0
7fec842f0000-7fec842f1000 rw-p 0000e000 08:06 2228334                    /usr/lib/x86_64-linux-gnu/libdrm.so.2.4.0
7fec842f1000-7fec842f5000 r-xp 00000000 08:06 2239022                    /usr/lib/x86_64-linux-gnu/libxcb-dri2.so.0.0.0
7fec842f5000-7fec844f4000 ---p 00004000 08:06 2239022                    /usr/lib/x86_64-linux-gnu/libxcb-dri2.so.0.0.0
7fec844f4000-7fec844f5000 r--p 00003000 08:06 2239022                    /usr/lib/x86_64-linux-gnu/libxcb-dri2.so.0.0.0
7fec844f5000-7fec844f6000 rw-p 00004000 08:06 2239022                    /usr/lib/x86_64-linux-gnu/libxcb-dri2.so.0.0.0
7fec844f6000-7fec8450d000 r-xp 00000000 08:06 2239026                    /usr/lib/x86_64-linux-gnu/libxcb-glx.so.0.0.0
7fec8450d000-7fec8470c000 ---p 00017000 08:06 2239026                    /usr/lib/x86_64-linux-gnu/libxcb-glx.so.0.0.0
7fec8470c000-7fec8470e000 r--p 00016000 08:06 2239026                    /usr/lib/x86_64-linux-gnu/libxcb-glx.so.0.0.0
7fec8470e000-7fec8470f000 rw-p 00018000 08:06 2239026                    /usr/lib/x86_64-linux-gnu/libxcb-glx.so.0.0.0
7fec8470f000-7fec84710000 r-xp 00000000 08:06 2237670                    /usr/lib/x86_64-linux-gnu/libX11-xcb.so.1.0.0
7fec84710000-7fec8490f000 ---p 00001000 08:06 2237670                    /usr/lib/x86_64-linux-gnu/libX11-xcb.so.1.0.0
7fec8490f000-7fec84910000 r--p 00000000 08:06 2237670                    /usr/lib/x86_64-linux-gnu/libX11-xcb.so.1.0.0
7fec84910000-7fec84911000 rw-p 00001000 08:06 2237670                    /usr/lib/x86_64-linux-gnu/libX11-xcb.so.1.0.0
7fec84911000-7fec84913000 r-xp 00000000 08:06 2237685                    /usr/lib/x86_64-linux-gnu/libXdamage.so.1.1.0
7fec84913000-7fec84b12000 ---p 00002000 08:06 2237685                    /usr/lib/x86_64-linux-gnu/libXdamage.so.1.1.0
7fec84b12000-7fec84b13000 r--p 00001000 08:06 2237685                    /usr/lib/x86_64-linux-gnu/libXdamage.so.1.1.0
7fec84b13000-7fec84b14000 rw-p 00002000 08:06 2237685                    /usr/lib/x86_64-linux-gnu/libXdamage.so.1.1.0
7fec84b14000-7fec84b3d000 r-xp 00000000 08:06 2230410                    /usr/lib/x86_64-linux-gnu/libglapi.so.0.0.0
7fec84b3d000-7fec84d3c000 ---p 00029000 08:06 2230410                    /usr/lib/x86_64-linux-gnu/libglapi.so.0.0.0
7fec84d3c000-7fec84d40000 r--p 00028000 08:06 2230410                    /usr/lib/x86_64-linux-gnu/libglapi.so.0.0.0
7fec84d40000-7fec84d41000 rw-p 0002c000 08:06 2230410                    /usr/lib/x86_64-linux-gnu/libglapi.so.0.0.0
7fec84d41000-7fec84d42000 rw-p 00000000 00:00 0 
7fec84d42000-7fec84d43000 r-xp 00000000 08:06 2239066                    /usr/lib/x86_64-linux-gnu/libxshmfence.so.1.0.0
7fec84d43000-7fec84f43000 ---p 00001000 08:06 2239066                    /usr/lib/x86_64-linux-gnu/libxshmfence.so.1.0.0
7fec84f43000-7fec84f44000 r--p 00001000 08:06 2239066                    /usr/lib/x86_64-linux-gnu/libxshmfence.so.1.0.0
7fec84f44000-7fec84f45000 rw-p 00002000 08:06 2239066                    /usr/lib/x86_64-linux-gnu/libxshmfence.so.1.0.0
7fec84f45000-7fec84f4a000 r-xp 00000000 08:06 2239046                    /usr/lib/x86_64-linux-gnu/libxcb-sync.so.1.0.0
7fec84f4a000-7fec8514a000 ---p 00005000 08:06 2239046                    /usr/lib/x86_64-linux-gnu/libxcb-sync.so.1.0.0
7fec8514a000-7fec8514b000 r--p 00005000 08:06 2239046                    /usr/lib/x86_64-linux-gnu/libxcb-sync.so.1.0.0
7fec8514b000-7fec8514c000 rw-p 00006000 08:06 2239046                    /usr/lib/x86_64-linux-gnu/libxcb-sync.so.1.0.0
7fec8514c000-7fec8514e000 r-xp 00000000 08:06 2239034                    /usr/lib/x86_64-linux-gnu/libxcb-present.so.0.0.0
7fec8514e000-7fec8534d000 ---p 00002000 08:06 2239034                    /usr/lib/x86_64-linux-gnu/libxcb-present.so.0.0.0
7fec8534d000-7fec8534e000 r--p 00001000 08:06 2239034                    /usr/lib/x86_64-linux-gnu/libxcb-present.so.0.0.0
7fec8534e000-7fec8534f000 rw-p 00002000 08:06 2239034                    /usr/lib/x86_64-linux-gnu/libxcb-present.so.0.0.0
7fec8534f000-7fec85351000 r-xp 00000000 08:06 2239024                    /usr/lib/x86_64-linux-gnu/libxcb-dri3.so.0.0.0
7fec85351000-7fec85550000 ---p 00002000 08:06 2239024                    /usr/lib/x86_64-linux-gnu/libxcb-dri3.so.0.0.0
7fec85550000-7fec85551000 r--p 00001000 08:06 2239024                    /usr/lib/x86_64-linux-gnu/libxcb-dri3.so.0.0.0
7fec85551000-7fec85552000 rw-p 00002000 08:06 2239024                    /usr/lib/x86_64-linux-gnu/libxcb-dri3.so.0.0.0
7fec85552000-7fec85578000 r-xp 00000000 08:06 2757682                    /lib/x86_64-linux-gnu/libexpat.so.1.6.0
7fec85578000-7fec85778000 ---p 00026000 08:06 2757682                    /lib/x86_64-linux-gnu/libexpat.so.1.6.0
7fec85778000-7fec8577a000 r--p 00026000 08:06 2757682                    /lib/x86_64-linux-gnu/libexpat.so.1.6.0
7fec8577a000-7fec8577b000 rw-p 00028000 08:06 2757682                    /lib/x86_64-linux-gnu/libexpat.so.1.6.0
7fec8577b000-7fec857e8000 r-xp 00000000 08:06 2490943                    /usr/lib/x86_64-linux-gnu/mesa/libGL.so.1.2.0
7fec857e8000-7fec859e7000 ---p 0006d000 08:06 2490943                    /usr/lib/x86_64-linux-gnu/mesa/libGL.so.1.2.0
7fec859e7000-7fec859ea000 r--p 0006c000 08:06 2490943                    /usr/lib/x86_64-linux-gnu/mesa/libGL.so.1.2.0
7fec859ea000-7fec859eb000 rw-p 0006f000 08:06 2490943                    /usr/lib/x86_64-linux-gnu/mesa/libGL.so.1.2.0
7fec859eb000-7fec85bec000 rw-p 00000000 00:00 0 
7fec85bec000-7fec85dec000 rw-p 00000000 00:00 0 
7fec85dec000-7fec85df1000 r--s 00000000 08:06 926418                     /var/cache/fontconfig/8801497958630a81b71ace7c5f9b32a8-le64.cache-6
7fec85df1000-7fec85e17000 rw-s 14aa12000 00:06 252                       /dev/dri/card0
7fec85e17000-7fec85e3d000 rw-s 14a9e2000 00:06 252                       /dev/dri/card0
7fec85e3f000-7fec85e43000 r--s 00000000 08:06 926422                     /var/cache/fontconfig/385c0604a188198f04d133e54aba7fe7-le64.cache-6
7fec85e43000-7fec85e4b000 rw-s 14aa38000 00:06 252                       /dev/dri/card0
7fec85e4b000-7fec85e55000 rw-s 14aa08000 00:06 252                       /dev/dri/card0
7fec85e55000-7fec85e59000 rw-s 123118000 00:06 252                       /dev/dri/card0
7fec85e59000-7fec85e5f000 rw-s 123112000 00:06 252                       /dev/dri/card0
7fec85e5f000-7fec85e62000 r--s 00000000 08:06 926420                     /var/cache/fontconfig/767a8244fc0220cfb567a839d0392e0b-le64.cache-6
7fec85e7c000-7fec85e7d000 r--s 00000000 08:06 926424                     /var/cache/fontconfig/0d8c3b2ac0904cb8a57a757ad11a4a08-le64.cache-6
7fec85e7d000-7fec85e80000 rw-s 12310f000 00:06 252                       /dev/dri/card0
7fec85e80000-7fec85e8b000 rw-s 123104000 00:06 252                       /dev/dri/card0
7fec85e94000-7fec85e95000 r--s 00000000 08:06 926423                     /var/cache/fontconfig/1ac9eb803944fde146138c791f5cc56a-le64.cache-6
7fec85ea7000-7fec85ea8000 r--s 00000000 08:06 926421                     /var/cache/fontconfig/dc05db6664285cc2f12bf69c139ae4c3-le64.cache-6
7fec85ea9000-7fec85eb0000 r-xp 00000000 08:06 2097196                    /tmp/jogamp_0000/file_cache/jln4289945748688225607/jln235042104739767658/libnativewindow_x11.so
7fec85eb0000-7fec860af000 ---p 00007000 08:06 2097196                    /tmp/jogamp_0000/file_cache/jln4289945748688225607/jln235042104739767658/libnativewindow_x11.so
7fec860af000-7fec860b0000 rw-p 00006000 08:06 2097196                    /tmp/jogamp_0000/file_cache/jln4289945748688225607/jln235042104739767658/libnativewindow_x11.so
7fec860b0000-7fec860b5000 r-xp 00000000 08:06 2237725                    /usr/lib/x86_64-linux-gnu/libXxf86vm.so.1.0.0
7fec860b5000-7fec862b4000 ---p 00005000 08:06 2237725                    /usr/lib/x86_64-linux-gnu/libXxf86vm.so.1.0.0
7fec862b4000-7fec862b5000 r--p 00004000 08:06 2237725                    /usr/lib/x86_64-linux-gnu/libXxf86vm.so.1.0.0
7fec862b5000-7fec862b6000 rw-p 00005000 08:06 2237725                    /usr/lib/x86_64-linux-gnu/libXxf86vm.so.1.0.0
7fec862b6000-7fec862b8000 r-xp 00000000 08:06 2097195                    /tmp/jogamp_0000/file_cache/jln4289945748688225607/jln235042104739767658/libnativewindow_awt.so
7fec862b8000-7fec864b7000 ---p 00002000 08:06 2097195                    /tmp/jogamp_0000/file_cache/jln4289945748688225607/jln235042104739767658/libnativewindow_awt.so
7fec864b7000-7fec864b8000 rw-p 00001000 08:06 2097195                    /tmp/jogamp_0000/file_cache/jln4289945748688225607/jln235042104739767658/libnativewindow_awt.so
7fec864b8000-7fec864b9000 r-xp 00000000 08:06 2245058                    /usr/lib/jvm/java-8-openjdk-amd64/jre/lib/amd64/libjawt.so
7fec864b9000-7fec866b8000 ---p 00001000 08:06 2245058                    /usr/lib/jvm/java-8-openjdk-amd64/jre/lib/amd64/libjawt.so
7fec866b8000-7fec866b9000 r--p 00000000 08:06 2245058                    /usr/lib/jvm/java-8-openjdk-amd64/jre/lib/amd64/libjawt.so
7fec866b9000-7fec866ba000 rw-p 00001000 08:06 2245058                    /usr/lib/jvm/java-8-openjdk-amd64/jre/lib/amd64/libjawt.so
7fec866ba000-7fec866bc000 r-xp 00000000 08:06 2097183                    /tmp/jogamp_0000/file_cache/jln4289945748688225607/jln235042104739767658/libgluegen-rt.so
7fec866bc000-7fec868bb000 ---p 00002000 08:06 2097183                    /tmp/jogamp_0000/file_cache/jln4289945748688225607/jln235042104739767658/libgluegen-rt.so
7fec868bb000-7fec868bc000 rw-p 00001000 08:06 2097183                    /tmp/jogamp_0000/file_cache/jln4289945748688225607/jln235042104739767658/libgluegen-rt.so
7fec868bc000-7fec868bf000 ---p 00000000 00:00 0 
7fec868bf000-7fec86bbd000 rw-p 00000000 00:00 0 
7fec86bbd000-7fec86bc0000 ---p 00000000 00:00 0 
7fec86bc0000-7fec86ebe000 rw-p 00000000 00:00 0 
7fec86ebe000-7fec86ec1000 ---p 00000000 00:00 0 
7fec86ec1000-7fec86fbf000 rw-p 00000000 00:00 0 
7fec86fbf000-7fec86fd0000 r-xp 00000000 08:06 2245069                    /usr/lib/jvm/java-8-openjdk-amd64/jre/lib/amd64/libnio.so
7fec86fd0000-7fec871d0000 ---p 00011000 08:06 2245069                    /usr/lib/jvm/java-8-openjdk-amd64/jre/lib/amd64/libnio.so
7fec871d0000-7fec871d1000 r--p 00011000 08:06 2245069                    /usr/lib/jvm/java-8-openjdk-amd64/jre/lib/amd64/libnio.so
7fec871d1000-7fec871d2000 rw-p 00012000 08:06 2245069                    /usr/lib/jvm/java-8-openjdk-amd64/jre/lib/amd64/libnio.so
7fec871d2000-7fec874d3000 rw-p 00000000 00:00 0 
7fec874d3000-7fec874ea000 r-xp 00000000 08:06 2245045                    /usr/lib/jvm/java-8-openjdk-amd64/jre/lib/amd64/libnet.so
7fec874ea000-7fec876e9000 ---p 00017000 08:06 2245045                    /usr/lib/jvm/java-8-openjdk-amd64/jre/lib/amd64/libnet.so
7fec876e9000-7fec876ea000 r--p 00016000 08:06 2245045                    /usr/lib/jvm/java-8-openjdk-amd64/jre/lib/amd64/libnet.so
7fec876ea000-7fec876eb000 rw-p 00017000 08:06 2245045                    /usr/lib/jvm/java-8-openjdk-amd64/jre/lib/amd64/libnet.so
7fec876eb000-7fec876ee000 ---p 00000000 00:00 0 
7fec876ee000-7fec877ec000 rw-p 00000000 00:00 0 
7fec877ec000-7fec877ef000 ---p 00000000 00:00 0 
7fec877ef000-7fec878ed000 rw-p 00000000 00:00 0 
7fec878ed000-7fec878f0000 ---p 00000000 00:00 0 
7fec878f0000-7fec879ee000 rw-p 00000000 00:00 0 
7fec879ee000-7fec879f1000 ---p 00000000 00:00 0 
7fec879f1000-7fec87aef000 rw-p 00000000 00:00 0 
7fec87aef000-7fec87af4000 r-xp 00000000 08:06 2237691                    /usr/lib/x86_64-linux-gnu/libXfixes.so.3.1.0
7fec87af4000-7fec87cf3000 ---p 00005000 08:06 2237691                    /usr/lib/x86_64-linux-gnu/libXfixes.so.3.1.0
7fec87cf3000-7fec87cf4000 r--p 00004000 08:06 2237691                    /usr/lib/x86_64-linux-gnu/libXfixes.so.3.1.0
7fec87cf4000-7fec87cf5000 rw-p 00005000 08:06 2237691                    /usr/lib/x86_64-linux-gnu/libXfixes.so.3.1.0
7fec87cf5000-7fec87cfe000 r-xp 00000000 08:06 2237683                    /usr/lib/x86_64-linux-gnu/libXcursor.so.1.0.2
7fec87cfe000-7fec87efd000 ---p 00009000 08:06 2237683                    /usr/lib/x86_64-linux-gnu/libXcursor.so.1.0.2
7fec87efd000-7fec87efe000 r--p 00008000 08:06 2237683                    /usr/lib/x86_64-linux-gnu/libXcursor.so.1.0.2
7fec87efe000-7fec87eff000 rw-p 00009000 08:06 2237683                    /usr/lib/x86_64-linux-gnu/libXcursor.so.1.0.2
7fec87eff000-7fec87f02000 ---p 00000000 00:00 0 
7fec87f02000-7fec88000000 rw-p 00000000 00:00 0 
7fec88000000-7fec88855000 rw-p 00000000 00:00 0 
7fec88855000-7fec8c000000 ---p 00000000 00:00 0 
7fec8c000000-7fec8c23b000 rw-p 00000000 00:00 0 
7fec8c23b000-7fec90000000 ---p 00000000 00:00 0 
7fec90000000-7fec9002a000 rw-p 00000000 00:00 0 
7fec9002a000-7fec94000000 ---p 00000000 00:00 0 
7fec94000000-7fec94f8f000 rw-p 00000000 00:00 0 
7fec94f8f000-7fec98000000 ---p 00000000 00:00 0 
7fec98000000-7fec98021000 rw-p 00000000 00:00 0 
7fec98021000-7fec9c000000 ---p 00000000 00:00 0 
7fec9c000000-7fec9c021000 rw-p 00000000 00:00 0 
7fec9c021000-7feca0000000 ---p 00000000 00:00 0 
7feca0000000-7feca0024000 rw-p 00000000 00:00 0 
7feca0024000-7feca4000000 ---p 00000000 00:00 0 
7feca4000000-7feca4021000 rw-p 00000000 00:00 0 
7feca4021000-7feca8000000 ---p 00000000 00:00 0 
7feca8000000-7feca802d000 rw-p 00000000 00:00 0 
7feca802d000-7fecac000000 ---p 00000000 00:00 0 
7fecac005000-7fecac015000 rw-s 13cda0000 00:06 252                       /dev/dri/card0
7fecac015000-7fecac033000 r-xp 00000000 08:06 2757251                    /lib/x86_64-linux-gnu/libudev.so.1.6.4
7fecac033000-7fecac034000 r--p 0001d000 08:06 2757251                    /lib/x86_64-linux-gnu/libudev.so.1.6.4
7fecac034000-7fecac035000 rw-p 0001e000 08:06 2757251                    /lib/x86_64-linux-gnu/libudev.so.1.6.4
7fecac035000-7fecac036000 r--s 00000000 08:06 926419                     /var/cache/fontconfig/4794a0821666d79190d59a36cb4f44b5-le64.cache-6
7fecac036000-7fecac037000 r--s 00000000 08:06 926417                     /var/cache/fontconfig/bab58bb527bb656aaa9f116d68a48d89-le64.cache-6
7fecac037000-7fecac042000 r--s 00000000 08:06 926405                     /var/cache/fontconfig/83bf95040141907cd45bb53cf7c1c148-le64.cache-6
7fecac048000-7fecac049000 rw-s 13c666000 00:06 252                       /dev/dri/card0
7fecac049000-7fecac04a000 rw-s 144807000 00:06 252                       /dev/dri/card0
7fecac04a000-7fecac04b000 rw-s 13cb4e000 00:06 252                       /dev/dri/card0
7fecac04b000-7fecac04c000 rw-s 13cc94000 00:06 252                       /dev/dri/card0
7fecac04c000-7fecac04d000 rw-s 13ceb1000 00:06 252                       /dev/dri/card0
7fecac04d000-7fecac04e000 rw-s 13ceb0000 00:06 252                       /dev/dri/card0
7fecac04e000-7fecac051000 ---p 00000000 00:00 0 
7fecac051000-7fecac087000 rw-p 00000000 00:00 0 
7fecac087000-7fecac0ab000 r-xp 00000000 08:06 2757792                    /lib/x86_64-linux-gnu/libpng12.so.0.54.0
7fecac0ab000-7fecac2aa000 ---p 00024000 08:06 2757792                    /lib/x86_64-linux-gnu/libpng12.so.0.54.0
7fecac2aa000-7fecac2ab000 r--p 00023000 08:06 2757792                    /lib/x86_64-linux-gnu/libpng12.so.0.54.0
7fecac2ab000-7fecac2ac000 rw-p 00024000 08:06 2757792                    /lib/x86_64-linux-gnu/libpng12.so.0.54.0
7fecac2ac000-7fecac350000 r-xp 00000000 08:06 2238107                    /usr/lib/x86_64-linux-gnu/libfreetype.so.6.12.1
7fecac350000-7fecac54f000 ---p 000a4000 08:06 2238107                    /usr/lib/x86_64-linux-gnu/libfreetype.so.6.12.1
7fecac54f000-7fecac555000 r--p 000a3000 08:06 2238107                    /usr/lib/x86_64-linux-gnu/libfreetype.so.6.12.1
7fecac555000-7fecac556000 rw-p 000a9000 08:06 2238107                    /usr/lib/x86_64-linux-gnu/libfreetype.so.6.12.1
7fecac556000-7fecac557000 rw-s 13c56a000 00:06 252                       /dev/dri/card0
7fecac557000-7fecac558000 rw-s 13c569000 00:06 252                       /dev/dri/card0
7fecac558000-7fecac559000 r--s 00000000 08:06 926415                     /var/cache/fontconfig/56cf4f4769d0f4abc89a4895d7bd3ae1-le64.cache-6
7fecac559000-7fecac55a000 r--s 00000000 08:06 926414                     /var/cache/fontconfig/b9d506c9ac06c20b433354fa67a72993-le64.cache-6
7fecac55a000-7fecac55b000 r--s 00000000 08:06 926411                     /var/cache/fontconfig/551ecf3b0e8b0bca0f25c0944f561853-le64.cache-6
7fecac55b000-7fecac55c000 r--s 00000000 08:06 926409                     /var/cache/fontconfig/30829fa25452a46451e813d634d7f916-le64.cache-6
7fecac55c000-7fecac55d000 r--s 00000000 08:06 926408                     /var/cache/fontconfig/0c9eb80ebd1c36541ebe2852d3bb0c49-le64.cache-6
7fecac55d000-7fecac560000 r--s 00000000 08:06 926406                     /var/cache/fontconfig/75114ca45c98e8a441da0ff356701271-le64.cache-6
7fecac560000-7fecac563000 r--s 00000000 08:06 923238                     /var/cache/fontconfig/e13b20fdb08344e0e664864cc2ede53d-le64.cache-6
7fecac563000-7fecac567000 r--s 00000000 08:06 923258                     /var/cache/fontconfig/7ef2298fde41cc6eeb7af42e48b7d293-le64.cache-6
7fecac567000-7fecac568000 rw-s 148ebd000 00:06 252                       /dev/dri/card0
7fecac568000-7fecac569000 rwxp 00000000 00:00 0 
7fecac569000-7fecac56b000 r--s 00000000 08:06 1188783                    /home/ema/workspace/ucsdunfoldingmaps/lib/gluegen-rt-natives-linux-amd64.jar
7fecac56b000-7fecac56f000 r--s 00097000 08:06 2245107                    /usr/lib/jvm/java-8-openjdk-amd64/jre/lib/jsse.jar
7fecac56f000-7fecac5c1000 r-xp 00000000 08:06 2245043                    /usr/lib/jvm/java-8-openjdk-amd64/jre/lib/amd64/libfontmanager.so
7fecac5c1000-7fecac7c1000 ---p 00052000 08:06 2245043                    /usr/lib/jvm/java-8-openjdk-amd64/jre/lib/amd64/libfontmanager.so
7fecac7c1000-7fecac7c3000 r--p 00052000 08:06 2245043                    /usr/lib/jvm/java-8-openjdk-amd64/jre/lib/amd64/libfontmanager.so
7fecac7c3000-7fecac7c4000 rw-p 00054000 08:06 2245043                    /usr/lib/jvm/java-8-openjdk-amd64/jre/lib/amd64/libfontmanager.so
7fecac7c4000-7fecac7d7000 r--s 00345000 08:06 2245072                    /usr/lib/jvm/java-8-openjdk-amd64/jre/lib/resources.jar
7fecac7d7000-7fecac7fa000 r--s 002ec000 08:06 1189855                    /home/ema/workspace/ucsdunfoldingmaps/lib/jogl-all.jar
7fecac7fa000-7fecac7ff000 r-xp 00000000 08:06 2237687                    /usr/lib/x86_64-linux-gnu/libXdmcp.so.6.0.0
7fecac7ff000-7fecac9fe000 ---p 00005000 08:06 2237687                    /usr/lib/x86_64-linux-gnu/libXdmcp.so.6.0.0
7fecac9fe000-7fecac9ff000 r--p 00004000 08:06 2237687                    /usr/lib/x86_64-linux-gnu/libXdmcp.so.6.0.0
7fecac9ff000-7fecaca00000 rw-p 00005000 08:06 2237687                    /usr/lib/x86_64-linux-gnu/libXdmcp.so.6.0.0
7fecaca00000-7fecaca02000 r-xp 00000000 08:06 2237676                    /usr/lib/x86_64-linux-gnu/libXau.so.6.0.0
7fecaca02000-7fecacc02000 ---p 00002000 08:06 2237676                    /usr/lib/x86_64-linux-gnu/libXau.so.6.0.0
7fecacc02000-7fecacc03000 r--p 00002000 08:06 2237676                    /usr/lib/x86_64-linux-gnu/libXau.so.6.0.0
7fecacc03000-7fecacc04000 rw-p 00003000 08:06 2237676                    /usr/lib/x86_64-linux-gnu/libXau.so.6.0.0
7fecacc04000-7fecacc25000 r-xp 00000000 08:06 2239054                    /usr/lib/x86_64-linux-gnu/libxcb.so.1.1.0
7fecacc25000-7fecace24000 ---p 00021000 08:06 2239054                    /usr/lib/x86_64-linux-gnu/libxcb.so.1.1.0
7fecace24000-7fecace25000 r--p 00020000 08:06 2239054                    /usr/lib/x86_64-linux-gnu/libxcb.so.1.1.0
7fecace25000-7fecace26000 rw-p 00021000 08:06 2239054                    /usr/lib/x86_64-linux-gnu/libxcb.so.1.1.0
7fecace26000-7fecace35000 r-xp 00000000 08:06 2237697                    /usr/lib/x86_64-linux-gnu/libXi.so.6.1.0
7fecace35000-7fecad034000 ---p 0000f000 08:06 2237697                    /usr/lib/x86_64-linux-gnu/libXi.so.6.1.0
7fecad034000-7fecad035000 r--p 0000e000 08:06 2237697                    /usr/lib/x86_64-linux-gnu/libXi.so.6.1.0
7fecad035000-7fecad036000 rw-p 0000f000 08:06 2237697                    /usr/lib/x86_64-linux-gnu/libXi.so.6.1.0
7fecad036000-7fecad03b000 r-xp 00000000 08:06 2237715                    /usr/lib/x86_64-linux-gnu/libXtst.so.6.1.0
7fecad03b000-7fecad23a000 ---p 00005000 08:06 2237715                    /usr/lib/x86_64-linux-gnu/libXtst.so.6.1.0
7fecad23a000-7fecad23b000 r--p 00004000 08:06 2237715                    /usr/lib/x86_64-linux-gnu/libXtst.so.6.1.0
7fecad23b000-7fecad23c000 rw-p 00005000 08:06 2237715                    /usr/lib/x86_64-linux-gnu/libXtst.so.6.1.0
7fecad23c000-7fecad245000 r-xp 00000000 08:06 2237709                    /usr/lib/x86_64-linux-gnu/libXrender.so.1.3.0
7fecad245000-7fecad444000 ---p 00009000 08:06 2237709                    /usr/lib/x86_64-linux-gnu/libXrender.so.1.3.0
7fecad444000-7fecad445000 r--p 00008000 08:06 2237709                    /usr/lib/x86_64-linux-gnu/libXrender.so.1.3.0
7fecad445000-7fecad446000 rw-p 00009000 08:06 2237709                    /usr/lib/x86_64-linux-gnu/libXrender.so.1.3.0
7fecad446000-7fecad57b000 r-xp 00000000 08:06 2237672                    /usr/lib/x86_64-linux-gnu/libX11.so.6.3.0
7fecad57b000-7fecad77b000 ---p 00135000 08:06 2237672                    /usr/lib/x86_64-linux-gnu/libX11.so.6.3.0
7fecad77b000-7fecad77c000 r--p 00135000 08:06 2237672                    /usr/lib/x86_64-linux-gnu/libX11.so.6.3.0
7fecad77c000-7fecad780000 rw-p 00136000 08:06 2237672                    /usr/lib/x86_64-linux-gnu/libX11.so.6.3.0
7fecad780000-7fecad791000 r-xp 00000000 08:06 2237689                    /usr/lib/x86_64-linux-gnu/libXext.so.6.4.0
7fecad791000-7fecad990000 ---p 00011000 08:06 2237689                    /usr/lib/x86_64-linux-gnu/libXext.so.6.4.0
7fecad990000-7fecad991000 r--p 00010000 08:06 2237689                    /usr/lib/x86_64-linux-gnu/libXext.so.6.4.0
7fecad991000-7fecad992000 rw-p 00011000 08:06 2237689                    /usr/lib/x86_64-linux-gnu/libXext.so.6.4.0
7fecad992000-7fecad993000 r--s 0002f000 08:06 1188886                    /home/ema/workspace/ucsdunfoldingmaps/lib/jogl-all-natives-linux-amd64.jar
7fecad993000-7fecad999000 r--s 00033000 08:06 1189873                    /home/ema/workspace/ucsdunfoldingmaps/lib/unfolding.0.9.7-uscd.jar
7fecad999000-7fecad99e000 r--s 00309000 08:06 1189871                    /home/ema/workspace/ucsdunfoldingmaps/lib/sqlite-jdbc-3.7.2.jar
7fecad99e000-7fecad9a5000 r--s 00059000 08:06 1189863                    /home/ema/workspace/ucsdunfoldingmaps/lib/log4j-1.2.15.jar
7fecad9a5000-7fecad9ab000 r--s 00041000 08:06 1188883                    /home/ema/workspace/ucsdunfoldingmaps/lib/gluegen-rt.jar
7fecad9ab000-7fecad9ff000 r-xp 00000000 08:06 2245068                    /usr/lib/jvm/java-8-openjdk-amd64/jre/lib/amd64/libawt_xawt.so
7fecad9ff000-7fecadbff000 ---p 00054000 08:06 2245068                    /usr/lib/jvm/java-8-openjdk-amd64/jre/lib/amd64/libawt_xawt.so
7fecadbff000-7fecadc00000 r--p 00054000 08:06 2245068                    /usr/lib/jvm/java-8-openjdk-amd64/jre/lib/amd64/libawt_xawt.so
7fecadc00000-7fecadc03000 rw-p 00055000 08:06 2245068                    /usr/lib/jvm/java-8-openjdk-amd64/jre/lib/amd64/libawt_xawt.so
7fecadc03000-7fecadc04000 rw-p 00000000 00:00 0 
7fecadc04000-7fecadca4000 r-xp 00000000 08:06 2245042                    /usr/lib/jvm/java-8-openjdk-amd64/jre/lib/amd64/libawt.so
7fecadca4000-7fecadea4000 ---p 000a0000 08:06 2245042                    /usr/lib/jvm/java-8-openjdk-amd64/jre/lib/amd64/libawt.so
7fecadea4000-7fecadea5000 r--p 000a0000 08:06 2245042                    /usr/lib/jvm/java-8-openjdk-amd64/jre/lib/amd64/libawt.so
7fecadea5000-7fecadeb0000 rw-p 000a1000 08:06 2245042                    /usr/lib/jvm/java-8-openjdk-amd64/jre/lib/amd64/libawt.so
7fecadeb0000-7fecaded5000 rw-p 00000000 00:00 0 
7fecaded5000-7fecaded6000 ---p 00000000 00:00 0 
7fecaded6000-7fecadfd6000 rw-p 00000000 00:00 0 
7fecadfd6000-7fecadfd9000 ---p 00000000 00:00 0 
7fecadfd9000-7fecae0d7000 rw-p 00000000 00:00 0 
7fecae0d7000-7fecae0da000 ---p 00000000 00:00 0 
7fecae0da000-7fecae1d8000 rw-p 00000000 00:00 0 
7fecae1d8000-7fecae1db000 ---p 00000000 00:00 0 
7fecae1db000-7fecae2d9000 rw-p 00000000 00:00 0 
7fecae2d9000-7fecae2dc000 ---p 00000000 00:00 0 
7fecae2dc000-7fecae3da000 rw-p 00000000 00:00 0 
7fecae3da000-7fecaed99000 r--p 00000000 08:06 2236295                    /usr/lib/locale/locale-archive
7fecaed99000-7fecaed9c000 ---p 00000000 00:00 0 
7fecaed9c000-7fecaee9a000 rw-p 00000000 00:00 0 
7fecaee9a000-7fecaee9d000 ---p 00000000 00:00 0 
7fecaee9d000-7fecaef9b000 rw-p 00000000 00:00 0 
7fecaef9b000-7fecaef9c000 ---p 00000000 00:00 0 
7fecaef9c000-7fecb1000000 rw-p 00000000 00:00 0 
7fecb1000000-7fecb1990000 rwxp 00000000 00:00 0 
7fecb1990000-7fecc0000000 ---p 00000000 00:00 0 
7fecc0000000-7fecc0349000 rw-p 00000000 00:00 0 
7fecc0349000-7fecc4000000 ---p 00000000 00:00 0 
7fecc4000000-7fecc4001000 r--p 00000000 00:00 0 
7fecc4001000-7fecc4002000 r--s 00005000 08:06 1189858                    /home/ema/workspace/ucsdunfoldingmaps/lib/libTUIO.jar
7fecc4002000-7fecc4003000 r--s 00007000 08:06 1189857                    /home/ema/workspace/ucsdunfoldingmaps/lib/json4processing.jar
7fecc4003000-7fecc4007000 r--s 0009a000 08:06 1188737                    /home/ema/workspace/ucsdunfoldingmaps/lib/core.jar
7fecc4007000-7fecc400a000 r--s 0000f000 08:06 2245103                    /usr/lib/jvm/java-8-openjdk-amd64/jre/lib/ext/icedtea-sound.jar
7fecc400a000-7fecc400c000 r--s 00001000 08:06 2245097                    /usr/lib/jvm/java-8-openjdk-amd64/jre/lib/ext/dnsns.jar
7fecc400c000-7fecc4028000 r--s 00393000 08:06 2245098                    /usr/lib/jvm/java-8-openjdk-amd64/jre/lib/ext/cldrdata.jar
7fecc4028000-7fecc4043000 r--s 001d7000 08:06 2245096                    /usr/lib/jvm/java-8-openjdk-amd64/jre/lib/ext/nashorn.jar
7fecc4043000-7fecc45b6000 rw-p 00000000 00:00 0 
7fecc45b6000-7fecc4784000 r--s 03beb000 08:06 2245084                    /usr/lib/jvm/java-8-openjdk-amd64/jre/lib/rt.jar
7fecc4784000-7fecc51b0000 rw-p 00000000 00:00 0 
7fecc51b0000-7fecc51b1000 ---p 00000000 00:00 0 
7fecc51b1000-7fecc52b1000 rw-p 00000000 00:00 0 
7fecc52b1000-7fecc52b2000 ---p 00000000 00:00 0 
7fecc52b2000-7fecc53c8000 rw-p 00000000 00:00 0 
7fecc53c8000-7fecc54d6000 ---p 00000000 00:00 0 
7fecc54d6000-7fecc54ec000 rw-p 00000000 00:00 0 
7fecc54ec000-7fecc55fa000 ---p 00000000 00:00 0 
7fecc55fa000-7fecc5639000 rw-p 00000000 00:00 0 
7fecc5639000-7fecc568c000 ---p 00000000 00:00 0 
7fecc568c000-7fecc56b4000 rw-p 00000000 00:00 0 
7fecc56b4000-7fecc5a4d000 ---p 00000000 00:00 0 
7fecc5a4d000-7fecc5a55000 r-xp 00000000 08:06 2245052                    /usr/lib/jvm/java-8-openjdk-amd64/jre/lib/amd64/libzip.so
7fecc5a55000-7fecc5c54000 ---p 00008000 08:06 2245052                    /usr/lib/jvm/java-8-openjdk-amd64/jre/lib/amd64/libzip.so
7fecc5c54000-7fecc5c55000 r--p 00007000 08:06 2245052                    /usr/lib/jvm/java-8-openjdk-amd64/jre/lib/amd64/libzip.so
7fecc5c55000-7fecc5c56000 rw-p 00008000 08:06 2245052                    /usr/lib/jvm/java-8-openjdk-amd64/jre/lib/amd64/libzip.so
7fecc5c56000-7fecc5c61000 r-xp 00000000 08:06 2757750                    /lib/x86_64-linux-gnu/libnss_files-2.23.so
7fecc5c61000-7fecc5e60000 ---p 0000b000 08:06 2757750                    /lib/x86_64-linux-gnu/libnss_files-2.23.so
7fecc5e60000-7fecc5e61000 r--p 0000a000 08:06 2757750                    /lib/x86_64-linux-gnu/libnss_files-2.23.so
7fecc5e61000-7fecc5e62000 rw-p 0000b000 08:06 2757750                    /lib/x86_64-linux-gnu/libnss_files-2.23.so
7fecc5e62000-7fecc5e68000 rw-p 00000000 00:00 0 
7fecc5e68000-7fecc5e73000 r-xp 00000000 08:06 2757760                    /lib/x86_64-linux-gnu/libnss_nis-2.23.so
7fecc5e73000-7fecc6072000 ---p 0000b000 08:06 2757760                    /lib/x86_64-linux-gnu/libnss_nis-2.23.so
7fecc6072000-7fecc6073000 r--p 0000a000 08:06 2757760                    /lib/x86_64-linux-gnu/libnss_nis-2.23.so
7fecc6073000-7fecc6074000 rw-p 0000b000 08:06 2757760                    /lib/x86_64-linux-gnu/libnss_nis-2.23.so
7fecc6074000-7fecc608a000 r-xp 00000000 08:06 2757744                    /lib/x86_64-linux-gnu/libnsl-2.23.so
7fecc608a000-7fecc6289000 ---p 00016000 08:06 2757744                    /lib/x86_64-linux-gnu/libnsl-2.23.so
7fecc6289000-7fecc628a000 r--p 00015000 08:06 2757744                    /lib/x86_64-linux-gnu/libnsl-2.23.so
7fecc628a000-7fecc628b000 rw-p 00016000 08:06 2757744                    /lib/x86_64-linux-gnu/libnsl-2.23.so
7fecc628b000-7fecc628d000 rw-p 00000000 00:00 0 
7fecc628d000-7fecc6295000 r-xp 00000000 08:06 2757746                    /lib/x86_64-linux-gnu/libnss_compat-2.23.so
7fecc6295000-7fecc6494000 ---p 00008000 08:06 2757746                    /lib/x86_64-linux-gnu/libnss_compat-2.23.so
7fecc6494000-7fecc6495000 r--p 00007000 08:06 2757746                    /lib/x86_64-linux-gnu/libnss_compat-2.23.so
7fecc6495000-7fecc6496000 rw-p 00008000 08:06 2757746                    /lib/x86_64-linux-gnu/libnss_compat-2.23.so
7fecc6496000-7fecc64c3000 r-xp 00000000 08:06 2242887                    /usr/lib/jvm/java-8-openjdk-amd64/jre/lib/amd64/libjava.so
7fecc64c3000-7fecc66c2000 ---p 0002d000 08:06 2242887                    /usr/lib/jvm/java-8-openjdk-amd64/jre/lib/amd64/libjava.so
7fecc66c2000-7fecc66c3000 r--p 0002c000 08:06 2242887                    /usr/lib/jvm/java-8-openjdk-amd64/jre/lib/amd64/libjava.so
7fecc66c3000-7fecc66c5000 rw-p 0002d000 08:06 2242887                    /usr/lib/jvm/java-8-openjdk-amd64/jre/lib/amd64/libjava.so
7fecc66c5000-7fecc66d4000 r-xp 00000000 08:06 2245038                    /usr/lib/jvm/java-8-openjdk-amd64/jre/lib/amd64/libverify.so
7fecc66d4000-7fecc68d3000 ---p 0000f000 08:06 2245038                    /usr/lib/jvm/java-8-openjdk-amd64/jre/lib/amd64/libverify.so
7fecc68d3000-7fecc68d5000 r--p 0000e000 08:06 2245038                    /usr/lib/jvm/java-8-openjdk-amd64/jre/lib/amd64/libverify.so
7fecc68d5000-7fecc68d6000 rw-p 00010000 08:06 2245038                    /usr/lib/jvm/java-8-openjdk-amd64/jre/lib/amd64/libverify.so
7fecc68d6000-7fecc68dd000 r-xp 00000000 08:06 2757805                    /lib/x86_64-linux-gnu/librt-2.23.so
7fecc68dd000-7fecc6adc000 ---p 00007000 08:06 2757805                    /lib/x86_64-linux-gnu/librt-2.23.so
7fecc6adc000-7fecc6add000 r--p 00006000 08:06 2757805                    /lib/x86_64-linux-gnu/librt-2.23.so
7fecc6add000-7fecc6ade000 rw-p 00007000 08:06 2757805                    /lib/x86_64-linux-gnu/librt-2.23.so
7fecc6ade000-7fecc6af4000 r-xp 00000000 08:06 2757689                    /lib/x86_64-linux-gnu/libgcc_s.so.1
7fecc6af4000-7fecc6cf3000 ---p 00016000 08:06 2757689                    /lib/x86_64-linux-gnu/libgcc_s.so.1
7fecc6cf3000-7fecc6cf4000 rw-p 00015000 08:06 2757689                    /lib/x86_64-linux-gnu/libgcc_s.so.1
7fecc6cf4000-7fecc6dfc000 r-xp 00000000 08:06 2757721                    /lib/x86_64-linux-gnu/libm-2.23.so
7fecc6dfc000-7fecc6ffb000 ---p 00108000 08:06 2757721                    /lib/x86_64-linux-gnu/libm-2.23.so
7fecc6ffb000-7fecc6ffc000 r--p 00107000 08:06 2757721                    /lib/x86_64-linux-gnu/libm-2.23.so
7fecc6ffc000-7fecc6ffd000 rw-p 00108000 08:06 2757721                    /lib/x86_64-linux-gnu/libm-2.23.so
7fecc6ffd000-7fecc716f000 r-xp 00000000 08:06 2230402                    /usr/lib/x86_64-linux-gnu/libstdc++.so.6.0.21
7fecc716f000-7fecc736f000 ---p 00172000 08:06 2230402                    /usr/lib/x86_64-linux-gnu/libstdc++.so.6.0.21
7fecc736f000-7fecc7379000 r--p 00172000 08:06 2230402                    /usr/lib/x86_64-linux-gnu/libstdc++.so.6.0.21
7fecc7379000-7fecc737b000 rw-p 0017c000 08:06 2230402                    /usr/lib/x86_64-linux-gnu/libstdc++.so.6.0.21
7fecc737b000-7fecc737f000 rw-p 00000000 00:00 0 
7fecc737f000-7fecc7fc5000 r-xp 00000000 08:06 2245050                    /usr/lib/jvm/java-8-openjdk-amd64/jre/lib/amd64/server/libjvm.so
7fecc7fc5000-7fecc81c5000 ---p 00c46000 08:06 2245050                    /usr/lib/jvm/java-8-openjdk-amd64/jre/lib/amd64/server/libjvm.so
7fecc81c5000-7fecc8258000 r--p 00c46000 08:06 2245050                    /usr/lib/jvm/java-8-openjdk-amd64/jre/lib/amd64/server/libjvm.so
7fecc8258000-7fecc8280000 rw-p 00cd9000 08:06 2245050                    /usr/lib/jvm/java-8-openjdk-amd64/jre/lib/amd64/server/libjvm.so
7fecc8280000-7fecc82b0000 rw-p 00000000 00:00 0 
7fecc82b0000-7fecc82c8000 r-xp 00000000 08:06 2757797                    /lib/x86_64-linux-gnu/libpthread-2.23.so
7fecc82c8000-7fecc84c7000 ---p 00018000 08:06 2757797                    /lib/x86_64-linux-gnu/libpthread-2.23.so
7fecc84c7000-7fecc84c8000 r--p 00017000 08:06 2757797                    /lib/x86_64-linux-gnu/libpthread-2.23.so
7fecc84c8000-7fecc84c9000 rw-p 00018000 08:06 2757797                    /lib/x86_64-linux-gnu/libpthread-2.23.so
7fecc84c9000-7fecc84cd000 rw-p 00000000 00:00 0 
7fecc84cd000-7fecc84d0000 r-xp 00000000 08:06 2757675                    /lib/x86_64-linux-gnu/libdl-2.23.so
7fecc84d0000-7fecc86cf000 ---p 00003000 08:06 2757675                    /lib/x86_64-linux-gnu/libdl-2.23.so
7fecc86cf000-7fecc86d0000 r--p 00002000 08:06 2757675                    /lib/x86_64-linux-gnu/libdl-2.23.so
7fecc86d0000-7fecc86d1000 rw-p 00003000 08:06 2757675                    /lib/x86_64-linux-gnu/libdl-2.23.so
7fecc86d1000-7fecc86ea000 r-xp 00000000 08:06 2757842                    /lib/x86_64-linux-gnu/libz.so.1.2.8
7fecc86ea000-7fecc88e9000 ---p 00019000 08:06 2757842                    /lib/x86_64-linux-gnu/libz.so.1.2.8
7fecc88e9000-7fecc88ea000 r--p 00018000 08:06 2757842                    /lib/x86_64-linux-gnu/libz.so.1.2.8
7fecc88ea000-7fecc88eb000 rw-p 00019000 08:06 2757842                    /lib/x86_64-linux-gnu/libz.so.1.2.8
7fecc88eb000-7fecc8aab000 r-xp 00000000 08:06 2757651                    /lib/x86_64-linux-gnu/libc-2.23.so
7fecc8aab000-7fecc8caa000 ---p 001c0000 08:06 2757651                    /lib/x86_64-linux-gnu/libc-2.23.so
7fecc8caa000-7fecc8cae000 r--p 001bf000 08:06 2757651                    /lib/x86_64-linux-gnu/libc-2.23.so
7fecc8cae000-7fecc8cb0000 rw-p 001c3000 08:06 2757651                    /lib/x86_64-linux-gnu/libc-2.23.so
7fecc8cb0000-7fecc8cb4000 rw-p 00000000 00:00 0 
7fecc8cb4000-7fecc8cc1000 r-xp 00000000 08:06 2245066                    /usr/lib/jvm/java-8-openjdk-amd64/jre/lib/amd64/jli/libjli.so
7fecc8cc1000-7fecc8ec1000 ---p 0000d000 08:06 2245066                    /usr/lib/jvm/java-8-openjdk-amd64/jre/lib/amd64/jli/libjli.so
7fecc8ec1000-7fecc8ec2000 r--p 0000d000 08:06 2245066                    /usr/lib/jvm/java-8-openjdk-amd64/jre/lib/amd64/jli/libjli.so
7fecc8ec2000-7fecc8ec3000 rw-p 0000e000 08:06 2245066                    /usr/lib/jvm/java-8-openjdk-amd64/jre/lib/amd64/jli/libjli.so
7fecc8ec3000-7fecc8ee9000 r-xp 00000000 08:06 2757623                    /lib/x86_64-linux-gnu/ld-2.23.so
7fecc8ee9000-7fecc8eea000 r--s 00010000 08:06 2245101                    /usr/lib/jvm/java-8-openjdk-amd64/jre/lib/ext/zipfs.jar
7fecc8eea000-7fecc8eeb000 r--s 00008000 08:06 2245099                    /usr/lib/jvm/java-8-openjdk-amd64/jre/lib/ext/sunec.jar
7fecc8eeb000-7fecc8ef0000 r--s 0003b000 08:06 2245102                    /usr/lib/jvm/java-8-openjdk-amd64/jre/lib/ext/sunjce_provider.jar
7fecc8ef0000-7fecc8fc7000 rw-p 00000000 00:00 0 
7fecc8fc7000-7fecc8fca000 ---p 00000000 00:00 0 
7fecc8fca000-7fecc90cd000 rw-p 00000000 00:00 0 
7fecc90cd000-7fecc90ce000 r--s 0000a000 08:06 2245100                    /usr/lib/jvm/java-8-openjdk-amd64/jre/lib/ext/jaccess.jar
7fecc90ce000-7fecc90d2000 r--s 00037000 08:06 2245105                    /usr/lib/jvm/java-8-openjdk-amd64/jre/lib/ext/sunpkcs11.jar
7fecc90d2000-7fecc90dc000 r--s 00116000 08:06 2245104                    /usr/lib/jvm/java-8-openjdk-amd64/jre/lib/ext/localedata.jar
7fecc90dc000-7fecc90e4000 rw-s 00000000 08:06 2097197                    /tmp/hsperfdata_ema/15661
7fecc90e4000-7fecc90e5000 rw-p 00000000 00:00 0 
7fecc90e5000-7fecc90e6000 r--p 00000000 00:00 0 
7fecc90e6000-7fecc90e8000 rw-p 00000000 00:00 0 
7fecc90e8000-7fecc90e9000 r--p 00025000 08:06 2757623                    /lib/x86_64-linux-gnu/ld-2.23.so
7fecc90e9000-7fecc90ea000 rw-p 00026000 08:06 2757623                    /lib/x86_64-linux-gnu/ld-2.23.so
7fecc90ea000-7fecc90eb000 rw-p 00000000 00:00 0 
7ffd08ded000-7ffd08e0e000 rw-p 00000000 00:00 0                          [stack]
7ffd08fc7000-7ffd08fc9000 r--p 00000000 00:00 0                          [vvar]
7ffd08fc9000-7ffd08fcb000 r-xp 00000000 00:00 0                          [vdso]
ffffffffff600000-ffffffffff601000 r-xp 00000000 00:00 0                  [vsyscall]

VM Arguments:
jvm_args: -Djava.security.policy=java.policy.applet -Dfile.encoding=UTF-8 
java_command: sun.applet.AppletViewer module4.EarthquakeCityMap1476537299703.html
java_class_path (initial): /home/ema/workspace/ucsdunfoldingmaps/build:/home/ema/workspace/ucsdunfoldingmaps/lib/core.jar:/home/ema/workspace/ucsdunfoldingmaps/lib/gluegen-rt.jar:/home/ema/workspace/ucsdunfoldingmaps/lib/jogl-all.jar:/home/ema/workspace/ucsdunfoldingmaps/lib/log4j-1.2.15.jar:/home/ema/workspace/ucsdunfoldingmaps/lib/sqlite-jdbc-3.7.2.jar:/home/ema/workspace/ucsdunfoldingmaps/lib/json4processing.jar:/home/ema/workspace/ucsdunfoldingmaps/lib/libTUIO.jar:/home/ema/workspace/ucsdunfoldingmaps/lib/unfolding.0.9.7-uscd.jar
Launcher Type: SUN_STANDARD

Environment Variables:
PATH=/home/ema/bin:/home/ema/.local/bin:/usr/local/sbin:/usr/local/bin:/usr/sbin:/usr/bin:/sbin:/bin:/usr/games:/usr/local/games:/snap/bin
SHELL=/bin/bash
DISPLAY=:0

Signal Handlers:
SIGSEGV: [libjvm.so+0xa5e970], sa_mask[0]=11111111011111111101111111111110, sa_flags=SA_RESTART|SA_SIGINFO
SIGBUS: [libjvm.so+0xa5e970], sa_mask[0]=11111111011111111101111111111110, sa_flags=SA_RESTART|SA_SIGINFO
SIGFPE: [libjvm.so+0x8a9ff0], sa_mask[0]=11111111011111111101111111111110, sa_flags=SA_RESTART|SA_SIGINFO
SIGPIPE: [libjvm.so+0x8a9ff0], sa_mask[0]=11111111011111111101111111111110, sa_flags=SA_RESTART|SA_SIGINFO
SIGXFSZ: [libjvm.so+0x8a9ff0], sa_mask[0]=11111111011111111101111111111110, sa_flags=SA_RESTART|SA_SIGINFO
SIGILL: [libjvm.so+0x8a9ff0], sa_mask[0]=11111111011111111101111111111110, sa_flags=SA_RESTART|SA_SIGINFO
SIGUSR1: SIG_DFL, sa_mask[0]=00000000000000000000000000000000, sa_flags=none
SIGUSR2: [libjvm.so+0x8a9ea0], sa_mask[0]=00100000000000000000000000000000, sa_flags=SA_RESTART|SA_SIGINFO
SIGHUP: [libjvm.so+0x8aa370], sa_mask[0]=11111111011111111101111111111110, sa_flags=SA_RESTART|SA_SIGINFO
SIGINT: [libjvm.so+0x8aa370], sa_mask[0]=11111111011111111101111111111110, sa_flags=SA_RESTART|SA_SIGINFO
SIGTERM: [libjvm.so+0x8aa370], sa_mask[0]=11111111011111111101111111111110, sa_flags=SA_RESTART|SA_SIGINFO
SIGQUIT: [libjvm.so+0x8aa370], sa_mask[0]=11111111011111111101111111111110, sa_flags=SA_RESTART|SA_SIGINFO


---------------  S Y S T E M  ---------------

OS:DISTRIB_ID=Ubuntu
DISTRIB_RELEASE=16.04
DISTRIB_CODENAME=xenial
DISTRIB_DESCRIPTION="Ubuntu 16.04.1 LTS"

uname:Linux 4.4.0-38-generic #57-Ubuntu SMP Tue Sep 6 15:42:33 UTC 2016 x86_64
libc:glibc 2.23 NPTL 2.23 
rlimit: STACK 8192k, CORE 0k, NPROC 13510, NOFILE 65536, AS infinity
load average:2,00 1,28 0,88

/proc/meminfo:
MemTotal:        3582816 kB
MemFree:          537428 kB
MemAvailable:     912148 kB
Buffers:           56444 kB
Cached:           518716 kB
SwapCached:         1140 kB
Active:          2141544 kB
Inactive:         562888 kB
Active(anon):    1697968 kB
Inactive(anon):   471324 kB
Active(file):     443576 kB
Inactive(file):    91564 kB
Unevictable:          48 kB
Mlocked:              48 kB
SwapTotal:       4095996 kB
SwapFree:        4067700 kB
Dirty:              1004 kB
Writeback:             0 kB
AnonPages:       2128476 kB
Mapped:           200568 kB
Shmem:             40020 kB
Slab:             118260 kB
SReclaimable:      78776 kB
SUnreclaim:        39484 kB
KernelStack:        9728 kB
PageTables:        34560 kB
NFS_Unstable:          0 kB
Bounce:                0 kB
WritebackTmp:          0 kB
CommitLimit:     5887404 kB
Committed_AS:    6042372 kB
VmallocTotal:   34359738367 kB
VmallocUsed:           0 kB
VmallocChunk:          0 kB
HardwareCorrupted:     0 kB
AnonHugePages:   1114112 kB
CmaTotal:              0 kB
CmaFree:               0 kB
HugePages_Total:       0
HugePages_Free:        0
HugePages_Rsvd:        0
HugePages_Surp:        0
Hugepagesize:       2048 kB
DirectMap4k:      402684 kB
DirectMap2M:     3321856 kB
DirectMap1G:           0 kB


CPU:total 2 (2 cores per cpu, 1 threads per core) family 20 model 2 stepping 0, cmov, cx8, fxsr, mmx, sse, sse2, sse3, ssse3, popcnt, mmxext, lzcnt, sse4a, tsc, tscinvbit, tscinv

/proc/cpuinfo:
processor	: 0
vendor_id	: AuthenticAMD
cpu family	: 20
model		: 2
model name	: AMD E2-1800 APU with Radeon(tm) HD Graphics
stepping	: 0
microcode	: 0x500010d
cpu MHz		: 1360.000
cache size	: 512 KB
physical id	: 0
siblings	: 2
core id		: 0
cpu cores	: 2
apicid		: 0
initial apicid	: 0
fpu		: yes
fpu_exception	: yes
cpuid level	: 6
wp		: yes
flags		: fpu vme de pse tsc msr pae mce cx8 apic sep mtrr pge mca cmov pat pse36 clflush mmx fxsr sse sse2 ht syscall nx mmxext fxsr_opt pdpe1gb rdtscp lm constant_tsc rep_good nopl nonstop_tsc extd_apicid aperfmperf pni monitor ssse3 cx16 popcnt lahf_lm cmp_legacy svm extapic cr8_legacy abm sse4a misalignsse 3dnowprefetch ibs skinit wdt hw_pstate vmmcall arat npt lbrv svm_lock nrip_save pausefilter
bugs		: fxsave_leak sysret_ss_attrs
bogomips	: 3393.81
TLB size	: 1024 4K pages
clflush size	: 64
cache_alignment	: 64
address sizes	: 36 bits physical, 48 bits virtual
power management: ts ttp tm stc 100mhzsteps hwpstate

processor	: 1
vendor_id	: AuthenticAMD
cpu family	: 20
model		: 2
model name	: AMD E2-1800 APU with Radeon(tm) HD Graphics
stepping	: 0
microcode	: 0x500010d
cpu MHz		: 1700.000
cache size	: 512 KB
physical id	: 0
siblings	: 2
core id		: 1
cpu cores	: 2
apicid		: 1
initial apicid	: 1
fpu		: yes
fpu_exception	: yes
cpuid level	: 6
wp		: yes
flags		: fpu vme de pse tsc msr pae mce cx8 apic sep mtrr pge mca cmov pat pse36 clflush mmx fxsr sse sse2 ht syscall nx mmxext fxsr_opt pdpe1gb rdtscp lm constant_tsc rep_good nopl nonstop_tsc extd_apicid aperfmperf pni monitor ssse3 cx16 popcnt lahf_lm cmp_legacy svm extapic cr8_legacy abm sse4a misalignsse 3dnowprefetch ibs skinit wdt hw_pstate vmmcall arat npt lbrv svm_lock nrip_save pausefilter
bugs		: fxsave_leak sysret_ss_attrs
bogomips	: 3393.81
TLB size	: 1024 4K pages
clflush size	: 64
cache_alignment	: 64
address sizes	: 36 bits physical, 48 bits virtual
power management: ts ttp tm stc 100mhzsteps hwpstate



Memory: 4k page, physical 3582816k(537428k free), swap 4095996k(4067700k free)

vm_info: OpenJDK 64-Bit Server VM (25.91-b14) for linux-amd64 JRE (1.8.0_91-8u91-b14-3ubuntu1~16.04.1-b14), built on Jul 21 2016 04:13:34 by "buildd" with gcc 5.3.1 20160413

time: Sat Oct 15 15:15:56 2016
elapsed time: 57 seconds (0d 0h 0m 57s)

