#
# A fatal error has been detected by the Java Runtime Environment:
#
#  SIGSEGV (0xb) at pc=0x00007fa221e6f4eb, pid=15550, tid=140334675715840
#
# JRE version: OpenJDK Runtime Environment (8.0_91-b14) (build 1.8.0_91-8u91-b14-3ubuntu1~16.04.1-b14)
# Java VM: OpenJDK 64-Bit Server VM (25.91-b14 mixed mode linux-amd64 compressed oops)
# Problematic frame:
# C  [r600_dri.so+0x3254eb]
#
# Failed to write core dump. Core dumps have been disabled. To enable core dumping, try "ulimit -c unlimited" before starting Java again
#
# If you would like to submit a bug report, please visit:
#   http://bugreport.java.com/bugreport/crash.jsp
# The crash happened outside the Java Virtual Machine in native code.
# See problematic frame for where to report the bug.
#

---------------  T H R E A D  ---------------

Current thread (0x00007fa228003000):  JavaThread "AWT-EventQueue-1" [_thread_in_native, id=15575, stack(0x00007fa2366ee000,0x00007fa2367ef000)]

siginfo: si_signo: 11 (SIGSEGV), si_code: 1 (SEGV_MAPERR), si_addr: 0x000000000000c030

Registers:
RAX=0x0000000000000000, RBX=0x00007fa2280ccbc0, RCX=0x0000000000000000, RDX=0x0000000000000001
RSP=0x00007fa2367ec9b0, RBP=0x000000000000c000, RSI=0x00007fa2280cd5a0, RDI=0x0000000100000000
R8 =0x0000000000000000, R9 =0x00007fa2352f1d50, R10=0x00007fa2617f8c87, R11=0x00000000c9fba4c0
R12=0x0000000000000001, R13=0x00007fa2245a0480, R14=0x0000000000000001, R15=0x0000000000000000
RIP=0x00007fa221e6f4eb, EFLAGS=0x0000000000010202, CSGSFS=0x0000000000000033, ERR=0x0000000000000004
  TRAPNO=0x000000000000000e

Top of Stack: (sp=0x00007fa2367ec9b0)
0x00007fa2367ec9b0:   000000000000000e 00007fa274613c90
0x00007fa2367ec9c0:   00007fa228003000 573947c65cd9c800
0x00007fa2367ec9d0:   00007fa228003000 0000000000000000
0x00007fa2367ec9e0:   0000000000000000 00007fa2280cca90
0x00007fa2367ec9f0:   00007fa2245a0480 00007fa224559440
0x00007fa2367eca00:   0000000000000000 00007fa2352f1df8
0x00007fa2367eca10:   00007fa2367eca40 00007fa22455a5e0
0x00007fa2367eca20:   00007fa200000000 0000000000000000
0x00007fa2367eca30:   0000000004400053 00007fa2352c6b31
0x00007fa2367eca40:   00007fa2280cca90 573947c65cd9c800
0x00007fa2367eca50:   0000000004400053 00007fa2352c6b60
0x00007fa2367eca60:   00007fa2367ecad0 0000000000000000
0x00007fa2367eca70:   00000000c9fba4c0 00007fa2367ecb10
0x00007fa2367eca80:   00007fa228003000 00007fa2239d2849
0x00007fa2367eca90:   00007fa2367ecaa0 00007fa2352c6b60
0x00007fa2367ecaa0:   0000000004400053 00007fa2245a28b0
0x00007fa2367ecab0:   00007fa2367ecb10 00007fa2280031e0
0x00007fa2367ecac0:   0000000000000030 00007fa2352c6b60
0x00007fa2367ecad0:   00007fa2367ecb20 00007fa2617f8cfd
0x00007fa2367ecae0:   00000000000004b1 0000000000000001
0x00007fa2367ecaf0:   0000000000000001 00000000ffffffff
0x00007fa2367ecb00:   0000000000000000 00007fa200000000
0x00007fa2367ecb10:   00000000c9e83d90 00007fa228003000
0x00007fa2367ecb20:   00007fa2367ecd70 00007fa261804c94
0x00007fa2367ecb30:   00007fa2280031e0 00007fa2367ecbd8
0x00007fa2367ecb40:   00007fa2367ecb70 00007fa27757cdf5
0x00007fa2367ecb50:   00007fa2367ecb70 00000000c9e68248
0x00007fa2367ecb60:   0000000000000000 00000000c9fba4c0
0x00007fa2367ecb70:   00007fa2367ecbc0 00007fa235de7e40
0x00007fa2367ecb80:   00007fa2367ecbc0 00007fa2367ecbd8
0x00007fa2367ecb90:   00007fa2367ecbd0 00007fa2280031e0
0x00007fa2367ecba0:   00007fa2367ecbd0 00007fa228804450 

Instructions: (pc=0x00007fa221e6f4eb)
0x00007fa221e6f4cb:   01 c6 44 24 0f 00 0f 84 d9 00 00 00 48 8b b3 30
0x00007fa221e6f4db:   01 00 00 48 85 f6 0f 84 c9 00 00 00 83 7b 38 01
0x00007fa221e6f4eb:   48 8b 55 30 4c 8b 6a 18 0f 8e 4f 02 00 00 45 85
0x00007fa221e6f4fb:   ff 0f 85 46 02 00 00 48 8b 93 68 01 00 00 48 85 

Register to memory mapping:

RAX=0x0000000000000000 is an unknown value
RBX=0x00007fa2280ccbc0 is an unknown value
RCX=0x0000000000000000 is an unknown value
RDX=0x0000000000000001 is an unknown value
RSP=0x00007fa2367ec9b0 is pointing into the stack for thread: 0x00007fa228003000
RBP=0x000000000000c000 is an unknown value
RSI=0x00007fa2280cd5a0 is an unknown value
RDI=0x0000000100000000 is pointing into metadata
R8 =0x0000000000000000 is an unknown value
R9 =0x00007fa2352f1d50: <offset 0x45d50> in /usr/lib/x86_64-linux-gnu/mesa/libGL.so.1 at 0x00007fa2352ac000
R10=0x00007fa2617f8c87 is at entry_point+71 in (nmethod*)0x00007fa2617f8ad0
R11=0x00000000c9fba4c0 is an oop
jogamp.nativewindow.jawt.x11.X11JAWTWindow 
 - klass: 'jogamp/nativewindow/jawt/x11/X11JAWTWindow'
R12=0x0000000000000001 is an unknown value
R13=0x00007fa2245a0480 is an unknown value
R14=0x0000000000000001 is an unknown value
R15=0x0000000000000000 is an unknown value


Stack: [0x00007fa2366ee000,0x00007fa2367ef000],  sp=0x00007fa2367ec9b0,  free space=1018k
Native frames: (J=compiled Java code, j=interpreted, Vv=VM code, C=native code)
C  [r600_dri.so+0x3254eb]

Java frames: (J=compiled Java code, j=interpreted, Vv=VM code)
J 2785  jogamp.opengl.x11.glx.GLX.dispatch_glXSwapBuffers0(JJJ)V (0 bytes) @ 0x00007fa2617f8c87 [0x00007fa2617f8c40+0x47]
J 2784 C1 jogamp.opengl.x11.glx.GLX.glXSwapBuffers(JJ)V (45 bytes) @ 0x00007fa261804c94 [0x00007fa2618042e0+0x9b4]
J 2702 C1 jogamp.opengl.x11.glx.X11GLXDrawable.swapBuffersImpl(Z)V (21 bytes) @ 0x00007fa26111b9c4 [0x00007fa26111b720+0x2a4]
J 2701 C1 jogamp.opengl.GLDrawableImpl.swapBuffers()V (138 bytes) @ 0x00007fa2617bb41c [0x00007fa2617bad60+0x6bc]
j  javax.media.opengl.awt.GLCanvas$12.run()V+45
j  java.awt.event.InvocationEvent.dispatch()V+11
J 3073 C2 java.awt.EventQueue$3.run()Ljava/lang/Object; (5 bytes) @ 0x00007fa261914bd8 [0x00007fa261914b00+0xd8]
v  ~StubRoutines::call_stub
J 467  java.security.AccessController.doPrivileged(Ljava/security/PrivilegedAction;Ljava/security/AccessControlContext;)Ljava/lang/Object; (0 bytes) @ 0x00007fa26121cd23 [0x00007fa26121ccc0+0x63]
J 3090 C2 java.awt.EventDispatchThread.pumpOneEventForFilters(I)V (295 bytes) @ 0x00007fa26196156c [0x00007fa261961180+0x3ec]
j  java.awt.EventDispatchThread.pumpEventsForFilter(ILjava/awt/Conditional;Ljava/awt/EventFilter;)V+35
j  java.awt.EventDispatchThread.pumpEventsForHierarchy(ILjava/awt/Conditional;Ljava/awt/Component;)V+11
j  java.awt.EventDispatchThread.pumpEvents(ILjava/awt/Conditional;)V+4
j  java.awt.EventDispatchThread.pumpEvents(Ljava/awt/Conditional;)V+3
j  java.awt.EventDispatchThread.run()V+9
v  ~StubRoutines::call_stub

---------------  P R O C E S S  ---------------

Java Threads: ( => current thread )
  0x00007fa228178000 JavaThread "Thread-46" [_thread_blocked, id=15655, stack(0x00007fa21889f000,0x00007fa2189a0000)]
  0x00007fa22419b800 JavaThread "Animation Thread-SharedResourceRunner" daemon [_thread_blocked, id=15583, stack(0x00007fa2363ed000,0x00007fa2364ee000)]
  0x00007fa22800e000 JavaThread "Animation Thread" [_thread_blocked, id=15576, stack(0x00007fa2369ef000,0x00007fa236af0000)]
=>0x00007fa228003000 JavaThread "AWT-EventQueue-1" [_thread_in_native, id=15575, stack(0x00007fa2366ee000,0x00007fa2367ef000)]
  0x00007fa27000a000 JavaThread "DestroyJavaVM" [_thread_blocked, id=15554, stack(0x00007fa278b3f000,0x00007fa278c40000)]
  0x00007fa2702be800 JavaThread "AWT-EventQueue-0" [_thread_blocked, id=15573, stack(0x00007fa23721c000,0x00007fa23731d000)]
  0x00007fa2702ba000 JavaThread "AWT-Shutdown" [_thread_blocked, id=15572, stack(0x00007fa23731d000,0x00007fa23741e000)]
  0x00007fa2702a6000 JavaThread "thread applet-module4.EarthquakeCityMap.class" [_thread_blocked, id=15571, stack(0x00007fa23741e000,0x00007fa23751f000)]
  0x00007fa270299800 JavaThread "AWT-XAWT" daemon [_thread_blocked, id=15569, stack(0x00007fa23751f000,0x00007fa237620000)]
  0x00007fa270273800 JavaThread "Java2D Disposer" daemon [_thread_blocked, id=15568, stack(0x00007fa237a30000,0x00007fa237b31000)]
  0x00007fa2700b0000 JavaThread "Service Thread" daemon [_thread_blocked, id=15566, stack(0x00007fa25dad1000,0x00007fa25dbd2000)]
  0x00007fa2700ad000 JavaThread "C1 CompilerThread1" daemon [_thread_blocked, id=15565, stack(0x00007fa25dbd2000,0x00007fa25dcd3000)]
  0x00007fa2700aa000 JavaThread "C2 CompilerThread0" daemon [_thread_in_native_trans, id=15564, stack(0x00007fa25dcd3000,0x00007fa25ddd4000)]
  0x00007fa2700a8000 JavaThread "Signal Dispatcher" daemon [_thread_blocked, id=15563, stack(0x00007fa25ddd4000,0x00007fa25ded5000)]
  0x00007fa27007f800 JavaThread "Finalizer" daemon [_thread_blocked, id=15562, stack(0x00007fa25e894000,0x00007fa25e995000)]
  0x00007fa27007b000 JavaThread "Reference Handler" daemon [_thread_blocked, id=15561, stack(0x00007fa25e995000,0x00007fa25ea96000)]

Other Threads:
  0x00007fa270073800 VMThread [stack: 0x00007fa25ea96000,0x00007fa25eb97000] [id=15560]
  0x00007fa2700b6800 WatcherThread [stack: 0x00007fa25d9d0000,0x00007fa25dad1000] [id=15567]

VM state:not at safepoint (normal execution)

VM Mutex/Monitor currently owned by a thread: None

Heap:
 PSYoungGen      total 116736K, used 41945K [0x00000000edc00000, 0x00000000f6100000, 0x0000000100000000)
  eden space 103424K, 31% used [0x00000000edc00000,0x00000000efbee298,0x00000000f4100000)
  from space 13312K, 69% used [0x00000000f4100000,0x00000000f4a08230,0x00000000f4e00000)
  to   space 13312K, 0% used [0x00000000f5400000,0x00000000f5400000,0x00000000f6100000)
 ParOldGen       total 43520K, used 14398K [0x00000000c9400000, 0x00000000cbe80000, 0x00000000edc00000)
  object space 43520K, 33% used [0x00000000c9400000,0x00000000ca20fbb0,0x00000000cbe80000)
 Metaspace       used 21655K, capacity 21865K, committed 22272K, reserved 1069056K
  class space    used 1963K, capacity 2024K, committed 2048K, reserved 1048576K

Card table byte_map: [0x00007fa27504e000,0x00007fa275205000] byte_map_base: 0x00007fa274a04000

Marking Bits: (ParMarkBitMap*) 0x00007fa277e0bfc0
 Begin Bits: [0x00007fa25f4a0000, 0x00007fa260250000)
 End Bits:   [0x00007fa260250000, 0x00007fa261000000)

Polling page: 0x00007fa278c5d000

CodeCache: size=245760Kb used=9825Kb max_used=9840Kb free=235934Kb
 bounds [0x00007fa261000000, 0x00007fa2619b0000, 0x00007fa270000000]
 total_blobs=3743 nmethods=2763 adapters=895
 compilation: enabled

Compilation events (10 events):
Event: 150,044 Thread 0x00007fa2700ad000 nmethod 3112 0x00007fa2619376d0 code [0x00007fa261937840, 0x00007fa261937a68]
Event: 150,391 Thread 0x00007fa2700ad000 3113       3       java.util.concurrent.locks.ReentrantLock$Sync::isHeldExclusively (16 bytes)
Event: 150,392 Thread 0x00007fa2700ad000 nmethod 3113 0x00007fa2618be8d0 code [0x00007fa2618bea40, 0x00007fa2618bec90]
Event: 150,478 Thread 0x00007fa2700aa000 3114   !   4       java.awt.event.InvocationEvent::dispatch (69 bytes)
Event: 150,529 Thread 0x00007fa2700aa000 nmethod 3114 0x00007fa2619a1290 code [0x00007fa2619a14c0, 0x00007fa2619a2830]
Event: 151,612 Thread 0x00007fa2700aa000 3115       4       sun.awt.X11.XComponentPeer::getGraphics (21 bytes)
Event: 151,617 Thread 0x00007fa2700ad000 3116       3       sun.font.XRGlyphCacheEntry::getXAdvance (16 bytes)
Event: 151,618 Thread 0x00007fa2700ad000 nmethod 3116 0x00007fa26195f750 code [0x00007fa26195f8c0, 0x00007fa26195fa30]
Event: 151,618 Thread 0x00007fa2700ad000 3117       3       sun.font.XRGlyphCacheEntry::getYAdvance (16 bytes)
Event: 151,619 Thread 0x00007fa2700ad000 nmethod 3117 0x00007fa2619a0f50 code [0x00007fa2619a10c0, 0x00007fa2619a1230]

GC Heap History (10 events):
Event: 84,247 GC heap before
{Heap before GC invocations=14 (full 1):
 PSYoungGen      total 96256K, used 92672K [0x00000000edc00000, 0x00000000f4880000, 0x0000000100000000)
  eden space 83456K, 100% used [0x00000000edc00000,0x00000000f2d80000,0x00000000f2d80000)
  from space 12800K, 72% used [0x00000000f3a80000,0x00000000f4380230,0x00000000f4700000)
  to   space 13312K, 0% used [0x00000000f2d80000,0x00000000f2d80000,0x00000000f3a80000)
 ParOldGen       total 43520K, used 14374K [0x00000000c9400000, 0x00000000cbe80000, 0x00000000edc00000)
  object space 43520K, 33% used [0x00000000c9400000,0x00000000ca209bb0,0x00000000cbe80000)
 Metaspace       used 21583K, capacity 21801K, committed 22016K, reserved 1069056K
  class space    used 1961K, capacity 2024K, committed 2048K, reserved 1048576K
Event: 84,265 GC heap after
Heap after GC invocations=14 (full 1):
 PSYoungGen      total 96768K, used 9216K [0x00000000edc00000, 0x00000000f5280000, 0x0000000100000000)
  eden space 83456K, 0% used [0x00000000edc00000,0x00000000edc00000,0x00000000f2d80000)
  from space 13312K, 69% used [0x00000000f2d80000,0x00000000f3680230,0x00000000f3a80000)
  to   space 13312K, 0% used [0x00000000f4580000,0x00000000f4580000,0x00000000f5280000)
 ParOldGen       total 43520K, used 14374K [0x00000000c9400000, 0x00000000cbe80000, 0x00000000edc00000)
  object space 43520K, 33% used [0x00000000c9400000,0x00000000ca209bb0,0x00000000cbe80000)
 Metaspace       used 21583K, capacity 21801K, committed 22016K, reserved 1069056K
  class space    used 1961K, capacity 2024K, committed 2048K, reserved 1048576K
}
Event: 97,485 GC heap before
{Heap before GC invocations=15 (full 1):
 PSYoungGen      total 96768K, used 92672K [0x00000000edc00000, 0x00000000f5280000, 0x0000000100000000)
  eden space 83456K, 100% used [0x00000000edc00000,0x00000000f2d80000,0x00000000f2d80000)
  from space 13312K, 69% used [0x00000000f2d80000,0x00000000f3680230,0x00000000f3a80000)
  to   space 13312K, 0% used [0x00000000f4580000,0x00000000f4580000,0x00000000f5280000)
 ParOldGen       total 43520K, used 14374K [0x00000000c9400000, 0x00000000cbe80000, 0x00000000edc00000)
  object space 43520K, 33% used [0x00000000c9400000,0x00000000ca209bb0,0x00000000cbe80000)
 Metaspace       used 21583K, capacity 21801K, committed 22016K, reserved 1069056K
  class space    used 1961K, capacity 2024K, committed 2048K, reserved 1048576K
Event: 97,523 GC heap after
Heap after GC invocations=15 (full 1):
 PSYoungGen      total 107008K, used 9216K [0x00000000edc00000, 0x00000000f5200000, 0x0000000100000000)
  eden space 94208K, 0% used [0x00000000edc00000,0x00000000edc00000,0x00000000f3800000)
  from space 12800K, 72% used [0x00000000f4580000,0x00000000f4e80230,0x00000000f5200000)
  to   space 13312K, 0% used [0x00000000f3800000,0x00000000f3800000,0x00000000f4500000)
 ParOldGen       total 43520K, used 14374K [0x00000000c9400000, 0x00000000cbe80000, 0x00000000edc00000)
  object space 43520K, 33% used [0x00000000c9400000,0x00000000ca209bb0,0x00000000cbe80000)
 Metaspace       used 21583K, capacity 21801K, committed 22016K, reserved 1069056K
  class space    used 1961K, capacity 2024K, committed 2048K, reserved 1048576K
}
Event: 113,405 GC heap before
{Heap before GC invocations=16 (full 1):
 PSYoungGen      total 107008K, used 103424K [0x00000000edc00000, 0x00000000f5200000, 0x0000000100000000)
  eden space 94208K, 100% used [0x00000000edc00000,0x00000000f3800000,0x00000000f3800000)
  from space 12800K, 72% used [0x00000000f4580000,0x00000000f4e80230,0x00000000f5200000)
  to   space 13312K, 0% used [0x00000000f3800000,0x00000000f3800000,0x00000000f4500000)
 ParOldGen       total 43520K, used 14374K [0x00000000c9400000, 0x00000000cbe80000, 0x00000000edc00000)
  object space 43520K, 33% used [0x00000000c9400000,0x00000000ca209bb0,0x00000000cbe80000)
 Metaspace       used 21583K, capacity 21801K, committed 22016K, reserved 1069056K
  class space    used 1961K, capacity 2024K, committed 2048K, reserved 1048576K
Event: 113,421 GC heap after
Heap after GC invocations=16 (full 1):
 PSYoungGen      total 107520K, used 9216K [0x00000000edc00000, 0x00000000f5c00000, 0x0000000100000000)
  eden space 94208K, 0% used [0x00000000edc00000,0x00000000edc00000,0x00000000f3800000)
  from space 13312K, 69% used [0x00000000f3800000,0x00000000f4100230,0x00000000f4500000)
  to   space 13312K, 0% used [0x00000000f4f00000,0x00000000f4f00000,0x00000000f5c00000)
 ParOldGen       total 43520K, used 14382K [0x00000000c9400000, 0x00000000cbe80000, 0x00000000edc00000)
  object space 43520K, 33% used [0x00000000c9400000,0x00000000ca20bbb0,0x00000000cbe80000)
 Metaspace       used 21583K, capacity 21801K, committed 22016K, reserved 1069056K
  class space    used 1961K, capacity 2024K, committed 2048K, reserved 1048576K
}
Event: 129,449 GC heap before
{Heap before GC invocations=17 (full 1):
 PSYoungGen      total 107520K, used 103424K [0x00000000edc00000, 0x00000000f5c00000, 0x0000000100000000)
  eden space 94208K, 100% used [0x00000000edc00000,0x00000000f3800000,0x00000000f3800000)
  from space 13312K, 69% used [0x00000000f3800000,0x00000000f4100230,0x00000000f4500000)
  to   space 13312K, 0% used [0x00000000f4f00000,0x00000000f4f00000,0x00000000f5c00000)
 ParOldGen       total 43520K, used 14382K [0x00000000c9400000, 0x00000000cbe80000, 0x00000000edc00000)
  object space 43520K, 33% used [0x00000000c9400000,0x00000000ca20bbb0,0x00000000cbe80000)
 Metaspace       used 21583K, capacity 21801K, committed 22016K, reserved 1069056K
  class space    used 1961K, capacity 2024K, committed 2048K, reserved 1048576K
Event: 129,475 GC heap after
Heap after GC invocations=17 (full 1):
 PSYoungGen      total 115712K, used 9216K [0x00000000edc00000, 0x00000000f5b00000, 0x0000000100000000)
  eden space 103424K, 0% used [0x00000000edc00000,0x00000000edc00000,0x00000000f4100000)
  from space 12288K, 75% used [0x00000000f4f00000,0x00000000f5800230,0x00000000f5b00000)
  to   space 13312K, 0% used [0x00000000f4100000,0x00000000f4100000,0x00000000f4e00000)
 ParOldGen       total 43520K, used 14390K [0x00000000c9400000, 0x00000000cbe80000, 0x00000000edc00000)
  object space 43520K, 33% used [0x00000000c9400000,0x00000000ca20dbb0,0x00000000cbe80000)
 Metaspace       used 21583K, capacity 21801K, committed 22016K, reserved 1069056K
  class space    used 1961K, capacity 2024K, committed 2048K, reserved 1048576K
}
Event: 145,838 GC heap before
{Heap before GC invocations=18 (full 1):
 PSYoungGen      total 115712K, used 112640K [0x00000000edc00000, 0x00000000f5b00000, 0x0000000100000000)
  eden space 103424K, 100% used [0x00000000edc00000,0x00000000f4100000,0x00000000f4100000)
  from space 12288K, 75% used [0x00000000f4f00000,0x00000000f5800230,0x00000000f5b00000)
  to   space 13312K, 0% used [0x00000000f4100000,0x00000000f4100000,0x00000000f4e00000)
 ParOldGen       total 43520K, used 14390K [0x00000000c9400000, 0x00000000cbe80000, 0x00000000edc00000)
  object space 43520K, 33% used [0x00000000c9400000,0x00000000ca20dbb0,0x00000000cbe80000)
 Metaspace       used 21584K, capacity 21801K, committed 22016K, reserved 1069056K
  class space    used 1961K, capacity 2024K, committed 2048K, reserved 1048576K
Event: 145,850 GC heap after
Heap after GC invocations=18 (full 1):
 PSYoungGen      total 116736K, used 9248K [0x00000000edc00000, 0x00000000f6100000, 0x0000000100000000)
  eden space 103424K, 0% used [0x00000000edc00000,0x00000000edc00000,0x00000000f4100000)
  from space 13312K, 69% used [0x00000000f4100000,0x00000000f4a08230,0x00000000f4e00000)
  to   space 13312K, 0% used [0x00000000f5400000,0x00000000f5400000,0x00000000f6100000)
 ParOldGen       total 43520K, used 14398K [0x00000000c9400000, 0x00000000cbe80000, 0x00000000edc00000)
  object space 43520K, 33% used [0x00000000c9400000,0x00000000ca20fbb0,0x00000000cbe80000)
 Metaspace       used 21584K, capacity 21801K, committed 22016K, reserved 1069056K
  class space    used 1961K, capacity 2024K, committed 2048K, reserved 1048576K
}

Deoptimization events (10 events):
Event: 151,610 Thread 0x00007fa2702be800 Uncommon trap: reason=class_check action=maybe_recompile pc=0x00007fa26193956c method=java.awt.EventQueue.uncacheEQItem(Lsun/awt/EventQueueItem;)V @ 20
Event: 151,610 Thread 0x00007fa228003000 Uncommon trap: reason=unstable_if action=reinterpret pc=0x00007fa2619a5fc8 method=java.awt.EventQueue.eventToCacheIndex(Ljava/awt/AWTEvent;)I @ 71
Event: 151,610 Thread 0x00007fa228003000 Uncommon trap: reason=class_check action=maybe_recompile pc=0x00007fa26137b190 method=java.awt.EventQueue.setCurrentEventAndMostRecentTimeImpl(Ljava/awt/AWTEvent;)V @ 135
Event: 151,611 Thread 0x00007fa2702be800 Uncommon trap: reason=unstable_if action=reinterpret pc=0x00007fa2616946ac method=sun.java2d.SunGraphics2D.validateCompClip()V @ 9
Event: 151,612 Thread 0x00007fa2702a6000 Uncommon trap: reason=class_check action=maybe_recompile pc=0x00007fa261764334 method=sun.java2d.xr.XRSurfaceData$XRWindowSurfaceData.getBounds()Ljava/awt/Rectangle; @ 4
Event: 151,614 Thread 0x00007fa2702a6000 Uncommon trap: reason=unstable_if action=reinterpret pc=0x00007fa26172b614 method=java.awt.font.FontRenderContext.equals(Ljava/awt/font/FontRenderContext;)Z @ 2
Event: 151,616 Thread 0x00007fa2702be800 Uncommon trap: reason=class_check action=maybe_recompile pc=0x00007fa26193956c method=java.awt.EventQueue.uncacheEQItem(Lsun/awt/EventQueueItem;)V @ 20
Event: 151,616 Thread 0x00007fa2702be800 Uncommon trap: reason=class_check action=maybe_recompile pc=0x00007fa261923f68 method=java.awt.Component.getGraphics()Ljava/awt/Graphics; @ 114
Event: 151,616 Thread 0x00007fa2702be800 Uncommon trap: reason=class_check action=maybe_recompile pc=0x00007fa261764334 method=sun.java2d.xr.XRSurfaceData$XRWindowSurfaceData.getBounds()Ljava/awt/Rectangle; @ 4
Event: 151,616 Thread 0x00007fa228003000 Uncommon trap: reason=class_check action=maybe_recompile pc=0x00007fa2619a1b20 method=java.awt.event.InvocationEvent.dispatch()V @ 11

Internal exceptions (10 events):
Event: 4,383 Thread 0x00007fa228003000 Implicit null exception at 0x00007fa2611dd075 to 0x00007fa2611dd3ad
Event: 5,842 Thread 0x00007fa228003000 Exception <a 'java/lang/reflect/InvocationTargetException'> (0x00000000ee340f70) thrown at [/build/openjdk-8-W1Ghxo/openjdk-8-8u91-b14/src/hotspot/src/share/vm/runtime/reflection.cpp, line 1092]
Event: 5,853 Thread 0x00007fa228003000 Exception <a 'java/lang/reflect/InvocationTargetException'> (0x00000000ee341960) thrown at [/build/openjdk-8-W1Ghxo/openjdk-8-8u91-b14/src/hotspot/src/share/vm/runtime/reflection.cpp, line 1092]
Event: 7,448 Thread 0x00007fa228003000 Exception <a 'java/lang/reflect/InvocationTargetException'> (0x00000000ee8af238) thrown at [/build/openjdk-8-W1Ghxo/openjdk-8-8u91-b14/src/hotspot/src/share/vm/runtime/reflection.cpp, line 1092]
Event: 7,453 Thread 0x00007fa228003000 Exception <a 'java/lang/reflect/InvocationTargetException'> (0x00000000ee8b0560) thrown at [/build/openjdk-8-W1Ghxo/openjdk-8-8u91-b14/src/hotspot/src/share/vm/runtime/reflection.cpp, line 1092]
Event: 7,839 Thread 0x00007fa228003000 Exception <a 'java/lang/reflect/InvocationTargetException'> (0x00000000eea1eb58) thrown at [/build/openjdk-8-W1Ghxo/openjdk-8-8u91-b14/src/hotspot/src/share/vm/runtime/reflection.cpp, line 1092]
Event: 7,848 Thread 0x00007fa228003000 Exception <a 'java/lang/reflect/InvocationTargetException'> (0x00000000eea1ff90) thrown at [/build/openjdk-8-W1Ghxo/openjdk-8-8u91-b14/src/hotspot/src/share/vm/runtime/reflection.cpp, line 1092]
Event: 7,910 Thread 0x00007fa228003000 Exception <a 'java/lang/reflect/InvocationTargetException'> (0x00000000eea40f10) thrown at [/build/openjdk-8-W1Ghxo/openjdk-8-8u91-b14/src/hotspot/src/share/vm/runtime/reflection.cpp, line 1092]
Event: 7,911 Thread 0x00007fa228003000 Exception <a 'java/lang/reflect/InvocationTargetException'> (0x00000000eea416a8) thrown at [/build/openjdk-8-W1Ghxo/openjdk-8-8u91-b14/src/hotspot/src/share/vm/runtime/reflection.cpp, line 1092]
Event: 8,191 Thread 0x00007fa228003000 Exception <a 'java/lang/reflect/InvocationTargetException'> (0x00000000eea647f0) thrown at [/build/openjdk-8-W1Ghxo/openjdk-8-8u91-b14/src/hotspot/src/share/vm/runtime/reflection.cpp, line 1092]

Events (10 events):
Event: 151,616 Thread 0x00007fa2702be800 DEOPT UNPACKING pc=0x00007fa261004f69 sp=0x00007fa23731b678 mode 2
Event: 151,616 Thread 0x00007fa2702be800 Uncommon trap: trap_request=0xffffffde fr.pc=0x00007fa261923f68
Event: 151,616 Thread 0x00007fa2702be800 DEOPT PACKING pc=0x00007fa261923f68 sp=0x00007fa23731a0e0
Event: 151,616 Thread 0x00007fa2702be800 DEOPT UNPACKING pc=0x00007fa261004f69 sp=0x00007fa23731a0c0 mode 2
Event: 151,616 Thread 0x00007fa2702be800 Uncommon trap: trap_request=0xffffffde fr.pc=0x00007fa261764334
Event: 151,616 Thread 0x00007fa2702be800 DEOPT PACKING pc=0x00007fa261764334 sp=0x00007fa23731a000
Event: 151,616 Thread 0x00007fa2702be800 DEOPT UNPACKING pc=0x00007fa261004f69 sp=0x00007fa237319ec8 mode 2
Event: 151,616 Thread 0x00007fa228003000 Uncommon trap: trap_request=0xffffffde fr.pc=0x00007fa2619a1b20
Event: 151,616 Thread 0x00007fa228003000 DEOPT PACKING pc=0x00007fa2619a1b20 sp=0x00007fa2367ecd90
Event: 151,616 Thread 0x00007fa228003000 DEOPT UNPACKING pc=0x00007fa261004f69 sp=0x00007fa2367ecd80 mode 2


Dynamic libraries:
00400000-00401000 r-xp 00000000 08:06 2233749                            /usr/lib/jvm/java-8-openjdk-amd64/jre/bin/java
00600000-00601000 r--p 00000000 08:06 2233749                            /usr/lib/jvm/java-8-openjdk-amd64/jre/bin/java
00601000-00602000 rw-p 00001000 08:06 2233749                            /usr/lib/jvm/java-8-openjdk-amd64/jre/bin/java
025fc000-0263f000 rw-p 00000000 00:00 0                                  [heap]
c9400000-cbe80000 rw-p 00000000 00:00 0 
cbe80000-edc00000 ---p 00000000 00:00 0 
edc00000-f6100000 rw-p 00000000 00:00 0 
f6100000-100000000 ---p 00000000 00:00 0 
100000000-100200000 rw-p 00000000 00:00 0 
100200000-140000000 ---p 00000000 00:00 0 
7fa217861000-7fa217864000 ---p 00000000 00:00 0 
7fa217864000-7fa217962000 rw-p 00000000 00:00 0 
7fa217962000-7fa217965000 ---p 00000000 00:00 0 
7fa217965000-7fa217a63000 rw-p 00000000 00:00 0 
7fa217a63000-7fa217a66000 ---p 00000000 00:00 0 
7fa217a66000-7fa217b64000 rw-p 00000000 00:00 0 
7fa217b64000-7fa217b67000 ---p 00000000 00:00 0 
7fa217b67000-7fa217e25000 rw-p 00000000 00:00 0 
7fa217e25000-7fa217e68000 ---p 00000000 00:00 0 
7fa217e68000-7fa217f66000 rw-p 00000000 00:00 0 
7fa217f66000-7fa217f69000 ---p 00000000 00:00 0 
7fa217f69000-7fa218067000 rw-p 00000000 00:00 0 
7fa218067000-7fa21806a000 ---p 00000000 00:00 0 
7fa21806a000-7fa218168000 rw-p 00000000 00:00 0 
7fa218168000-7fa21816b000 ---p 00000000 00:00 0 
7fa21816b000-7fa218269000 rw-p 00000000 00:00 0 
7fa2182dd000-7fa2182e0000 ---p 00000000 00:00 0 
7fa2182e0000-7fa2183de000 rw-p 00000000 00:00 0 
7fa2184de000-7fa21872b000 rw-p 00000000 00:00 0 
7fa21879e000-7fa2187a1000 ---p 00000000 00:00 0 
7fa2187a1000-7fa21889f000 rw-p 00000000 00:00 0 
7fa21889f000-7fa2188a2000 ---p 00000000 00:00 0 
7fa2188a2000-7fa218c08000 rw-p 00000000 00:00 0 
7fa218c08000-7fa218c1f000 r-xp 00000000 08:06 2757803                    /lib/x86_64-linux-gnu/libresolv-2.23.so
7fa218c1f000-7fa218e1f000 ---p 00017000 08:06 2757803                    /lib/x86_64-linux-gnu/libresolv-2.23.so
7fa218e1f000-7fa218e20000 r--p 00017000 08:06 2757803                    /lib/x86_64-linux-gnu/libresolv-2.23.so
7fa218e20000-7fa218e21000 rw-p 00018000 08:06 2757803                    /lib/x86_64-linux-gnu/libresolv-2.23.so
7fa218e21000-7fa218e23000 rw-p 00000000 00:00 0 
7fa218e23000-7fa218e28000 r-xp 00000000 08:06 2757748                    /lib/x86_64-linux-gnu/libnss_dns-2.23.so
7fa218e28000-7fa219028000 ---p 00005000 08:06 2757748                    /lib/x86_64-linux-gnu/libnss_dns-2.23.so
7fa219028000-7fa219029000 r--p 00005000 08:06 2757748                    /lib/x86_64-linux-gnu/libnss_dns-2.23.so
7fa219029000-7fa21902a000 rw-p 00006000 08:06 2757748                    /lib/x86_64-linux-gnu/libnss_dns-2.23.so
7fa21902a000-7fa21902c000 r-xp 00000000 08:06 2757756                    /lib/x86_64-linux-gnu/libnss_mdns4_minimal.so.2
7fa21902c000-7fa21922b000 ---p 00002000 08:06 2757756                    /lib/x86_64-linux-gnu/libnss_mdns4_minimal.so.2
7fa21922b000-7fa21922c000 r--p 00001000 08:06 2757756                    /lib/x86_64-linux-gnu/libnss_mdns4_minimal.so.2
7fa21922c000-7fa21922d000 rw-p 00002000 08:06 2757756                    /lib/x86_64-linux-gnu/libnss_mdns4_minimal.so.2
7fa21922d000-7fa21942d000 rw-p 00000000 00:00 0 
7fa21942d000-7fa21952d000 rw-s 121283000 00:06 252                       /dev/dri/card0
7fa21952d000-7fa21962d000 rw-s 13eb27000 00:06 252                       /dev/dri/card0
7fa21962d000-7fa21bb1f000 r-xp 00000000 08:06 2230406                    /usr/lib/x86_64-linux-gnu/libLLVM-3.8.so.1
7fa21bb1f000-7fa21bd1f000 ---p 024f2000 08:06 2230406                    /usr/lib/x86_64-linux-gnu/libLLVM-3.8.so.1
7fa21bd1f000-7fa21bfd4000 r--p 024f2000 08:06 2230406                    /usr/lib/x86_64-linux-gnu/libLLVM-3.8.so.1
7fa21bfd4000-7fa21bfd6000 rw-p 027a7000 08:06 2230406                    /usr/lib/x86_64-linux-gnu/libLLVM-3.8.so.1
7fa21bfd6000-7fa21c000000 rw-p 00000000 00:00 0 
7fa21c000000-7fa21c05b000 rw-p 00000000 00:00 0 
7fa21c05b000-7fa220000000 ---p 00000000 00:00 0 
7fa220018000-7fa220023000 r--s 00000000 08:06 926427                     /var/cache/fontconfig/945677eb7aeaf62f1d50efc3fb3ec7d8-le64.cache-6
7fa220023000-7fa220029000 r--s 00000000 08:06 926425                     /var/cache/fontconfig/2cd17615ca594fa2959ae173292e504c-le64.cache-6
7fa220029000-7fa22002a000 r--s 00000000 08:06 926424                     /var/cache/fontconfig/0d8c3b2ac0904cb8a57a757ad11a4a08-le64.cache-6
7fa22002a000-7fa22003f000 r--s 00000000 08:06 926404                     /var/cache/fontconfig/04aabc0a78ac019cf9454389977116d2-le64.cache-6
7fa22003f000-7fa220040000 r--s 00000000 08:06 926423                     /var/cache/fontconfig/1ac9eb803944fde146138c791f5cc56a-le64.cache-6
7fa220040000-7fa220044000 r--s 00000000 08:06 926422                     /var/cache/fontconfig/385c0604a188198f04d133e54aba7fe7-le64.cache-6
7fa220044000-7fa220045000 r--s 00000000 08:06 926421                     /var/cache/fontconfig/dc05db6664285cc2f12bf69c139ae4c3-le64.cache-6
7fa220045000-7fa22004a000 r--s 00000000 08:06 926418                     /var/cache/fontconfig/8801497958630a81b71ace7c5f9b32a8-le64.cache-6
7fa22004a000-7fa220051000 r--s 00000000 08:06 926416                     /var/cache/fontconfig/3047814df9a2f067bd2d96a2b9c36e5a-le64.cache-6
7fa220051000-7fa220064000 r--s 00000000 08:06 926412                     /var/cache/fontconfig/d52a8644073d54c13679302ca1180695-le64.cache-6
7fa220064000-7fa220066000 r-xp 00000000 08:06 2237699                    /usr/lib/x86_64-linux-gnu/libXinerama.so.1.0.0
7fa220066000-7fa220265000 ---p 00002000 08:06 2237699                    /usr/lib/x86_64-linux-gnu/libXinerama.so.1.0.0
7fa220265000-7fa220266000 r--p 00001000 08:06 2237699                    /usr/lib/x86_64-linux-gnu/libXinerama.so.1.0.0
7fa220266000-7fa220267000 rw-p 00002000 08:06 2237699                    /usr/lib/x86_64-linux-gnu/libXinerama.so.1.0.0
7fa220267000-7fa22029e000 r-xp 00000000 08:06 2238861                    /usr/lib/x86_64-linux-gnu/libtxc_dxtn_s2tc.so.0.0.0
7fa22029e000-7fa22049d000 ---p 00037000 08:06 2238861                    /usr/lib/x86_64-linux-gnu/libtxc_dxtn_s2tc.so.0.0.0
7fa22049d000-7fa22049e000 r--p 00036000 08:06 2238861                    /usr/lib/x86_64-linux-gnu/libtxc_dxtn_s2tc.so.0.0.0
7fa22049e000-7fa22049f000 rw-p 00037000 08:06 2238861                    /usr/lib/x86_64-linux-gnu/libtxc_dxtn_s2tc.so.0.0.0
7fa22049f000-7fa2204a0000 ---p 00000000 00:00 0 
7fa2204a0000-7fa220ca0000 rw-p 00000000 00:00 0 
7fa220ca0000-7fa220cb3000 r-xp 00000000 08:06 2757647                    /lib/x86_64-linux-gnu/libbsd.so.0.8.2
7fa220cb3000-7fa220eb2000 ---p 00013000 08:06 2757647                    /lib/x86_64-linux-gnu/libbsd.so.0.8.2
7fa220eb2000-7fa220eb3000 r--p 00012000 08:06 2757647                    /lib/x86_64-linux-gnu/libbsd.so.0.8.2
7fa220eb3000-7fa220eb4000 rw-p 00013000 08:06 2757647                    /lib/x86_64-linux-gnu/libbsd.so.0.8.2
7fa220eb4000-7fa220eb5000 rw-p 00000000 00:00 0 
7fa220eb5000-7fa220eda000 r-xp 00000000 08:06 2757823                    /lib/x86_64-linux-gnu/libtinfo.so.5.9
7fa220eda000-7fa2210d9000 ---p 00025000 08:06 2757823                    /lib/x86_64-linux-gnu/libtinfo.so.5.9
7fa2210d9000-7fa2210dd000 r--p 00024000 08:06 2757823                    /lib/x86_64-linux-gnu/libtinfo.so.5.9
7fa2210dd000-7fa2210de000 rw-p 00028000 08:06 2757823                    /lib/x86_64-linux-gnu/libtinfo.so.5.9
7fa2210de000-7fa22110f000 r-xp 00000000 08:06 2238011                    /usr/lib/x86_64-linux-gnu/libedit.so.2.0.53
7fa22110f000-7fa22130f000 ---p 00031000 08:06 2238011                    /usr/lib/x86_64-linux-gnu/libedit.so.2.0.53
7fa22130f000-7fa221311000 r--p 00031000 08:06 2238011                    /usr/lib/x86_64-linux-gnu/libedit.so.2.0.53
7fa221311000-7fa221312000 rw-p 00033000 08:06 2238011                    /usr/lib/x86_64-linux-gnu/libedit.so.2.0.53
7fa221312000-7fa221316000 rw-p 00000000 00:00 0 
7fa221316000-7fa22132d000 r-xp 00000000 08:06 2238016                    /usr/lib/x86_64-linux-gnu/libelf-0.165.so
7fa22132d000-7fa22152c000 ---p 00017000 08:06 2238016                    /usr/lib/x86_64-linux-gnu/libelf-0.165.so
7fa22152c000-7fa22152d000 r--p 00016000 08:06 2238016                    /usr/lib/x86_64-linux-gnu/libelf-0.165.so
7fa22152d000-7fa22152e000 rw-p 00017000 08:06 2238016                    /usr/lib/x86_64-linux-gnu/libelf-0.165.so
7fa22152e000-7fa221535000 r-xp 00000000 08:06 2229660                    /usr/lib/x86_64-linux-gnu/libdrm_amdgpu.so.1.0.0
7fa221535000-7fa221734000 ---p 00007000 08:06 2229660                    /usr/lib/x86_64-linux-gnu/libdrm_amdgpu.so.1.0.0
7fa221734000-7fa221735000 r--p 00006000 08:06 2229660                    /usr/lib/x86_64-linux-gnu/libdrm_amdgpu.so.1.0.0
7fa221735000-7fa221736000 rw-p 00007000 08:06 2229660                    /usr/lib/x86_64-linux-gnu/libdrm_amdgpu.so.1.0.0
7fa221736000-7fa221741000 r-xp 00000000 08:06 2229666                    /usr/lib/x86_64-linux-gnu/libdrm_radeon.so.1.0.1
7fa221741000-7fa221940000 ---p 0000b000 08:06 2229666                    /usr/lib/x86_64-linux-gnu/libdrm_radeon.so.1.0.1
7fa221940000-7fa221941000 r--p 0000a000 08:06 2229666                    /usr/lib/x86_64-linux-gnu/libdrm_radeon.so.1.0.1
7fa221941000-7fa221942000 rw-p 0000b000 08:06 2229666                    /usr/lib/x86_64-linux-gnu/libdrm_radeon.so.1.0.1
7fa221942000-7fa221949000 r-xp 00000000 08:06 2229664                    /usr/lib/x86_64-linux-gnu/libdrm_nouveau.so.2.0.0
7fa221949000-7fa221b48000 ---p 00007000 08:06 2229664                    /usr/lib/x86_64-linux-gnu/libdrm_nouveau.so.2.0.0
7fa221b48000-7fa221b49000 r--p 00006000 08:06 2229664                    /usr/lib/x86_64-linux-gnu/libdrm_nouveau.so.2.0.0
7fa221b49000-7fa221b4a000 rw-p 00007000 08:06 2229664                    /usr/lib/x86_64-linux-gnu/libdrm_nouveau.so.2.0.0
7fa221b4a000-7fa222411000 r-xp 00000000 08:06 2493203                    /usr/lib/x86_64-linux-gnu/dri/r600_dri.so
7fa222411000-7fa222610000 ---p 008c7000 08:06 2493203                    /usr/lib/x86_64-linux-gnu/dri/r600_dri.so
7fa222610000-7fa222684000 r--p 008c6000 08:06 2493203                    /usr/lib/x86_64-linux-gnu/dri/r600_dri.so
7fa222684000-7fa222693000 rw-p 0093a000 08:06 2493203                    /usr/lib/x86_64-linux-gnu/dri/r600_dri.so
7fa222693000-7fa222889000 rw-p 00000000 00:00 0 
7fa222889000-7fa22288f000 r-xp 00000000 08:06 2491604                    /usr/lib/x86_64-linux-gnu/mesa-egl/libGLESv2.so.2.0.0
7fa22288f000-7fa222a8f000 ---p 00006000 08:06 2491604                    /usr/lib/x86_64-linux-gnu/mesa-egl/libGLESv2.so.2.0.0
7fa222a8f000-7fa222a90000 r--p 00006000 08:06 2491604                    /usr/lib/x86_64-linux-gnu/mesa-egl/libGLESv2.so.2.0.0
7fa222a90000-7fa222a91000 rw-p 00007000 08:06 2491604                    /usr/lib/x86_64-linux-gnu/mesa-egl/libGLESv2.so.2.0.0
7fa222a91000-7fa222ad6000 r-xp 00000000 08:06 2097194                    /tmp/jogamp_0000/file_cache/jln1242928845166685939/jln892095293559242983/libjogl_mobile.so
7fa222ad6000-7fa222cd6000 ---p 00045000 08:06 2097194                    /tmp/jogamp_0000/file_cache/jln1242928845166685939/jln892095293559242983/libjogl_mobile.so
7fa222cd6000-7fa222cd7000 rw-p 00045000 08:06 2097194                    /tmp/jogamp_0000/file_cache/jln1242928845166685939/jln892095293559242983/libjogl_mobile.so
7fa222cd7000-7fa222cde000 r-xp 00000000 08:06 2238059                    /usr/lib/x86_64-linux-gnu/libffi.so.6.0.4
7fa222cde000-7fa222edd000 ---p 00007000 08:06 2238059                    /usr/lib/x86_64-linux-gnu/libffi.so.6.0.4
7fa222edd000-7fa222ede000 r--p 00006000 08:06 2238059                    /usr/lib/x86_64-linux-gnu/libffi.so.6.0.4
7fa222ede000-7fa222edf000 rw-p 00007000 08:06 2238059                    /usr/lib/x86_64-linux-gnu/libffi.so.6.0.4
7fa222edf000-7fa222eeb000 r-xp 00000000 08:06 2228798                    /usr/lib/x86_64-linux-gnu/libgbm.so.1.0.0
7fa222eeb000-7fa2230eb000 ---p 0000c000 08:06 2228798                    /usr/lib/x86_64-linux-gnu/libgbm.so.1.0.0
7fa2230eb000-7fa2230ec000 r--p 0000c000 08:06 2228798                    /usr/lib/x86_64-linux-gnu/libgbm.so.1.0.0
7fa2230ec000-7fa2230ed000 rw-p 0000d000 08:06 2228798                    /usr/lib/x86_64-linux-gnu/libgbm.so.1.0.0
7fa2230ed000-7fa2230fc000 r-xp 00000000 08:06 2238952                    /usr/lib/x86_64-linux-gnu/libwayland-server.so.0.1.0
7fa2230fc000-7fa2232fb000 ---p 0000f000 08:06 2238952                    /usr/lib/x86_64-linux-gnu/libwayland-server.so.0.1.0
7fa2232fb000-7fa2232fd000 r--p 0000e000 08:06 2238952                    /usr/lib/x86_64-linux-gnu/libwayland-server.so.0.1.0
7fa2232fd000-7fa2232fe000 rw-p 00010000 08:06 2238952                    /usr/lib/x86_64-linux-gnu/libwayland-server.so.0.1.0
7fa2232fe000-7fa22330a000 r-xp 00000000 08:06 2238946                    /usr/lib/x86_64-linux-gnu/libwayland-client.so.0.3.0
7fa22330a000-7fa223509000 ---p 0000c000 08:06 2238946                    /usr/lib/x86_64-linux-gnu/libwayland-client.so.0.3.0
7fa223509000-7fa22350b000 r--p 0000b000 08:06 2238946                    /usr/lib/x86_64-linux-gnu/libwayland-client.so.0.3.0
7fa22350b000-7fa22350c000 rw-p 0000d000 08:06 2238946                    /usr/lib/x86_64-linux-gnu/libwayland-client.so.0.3.0
7fa22350c000-7fa223512000 r-xp 00000000 08:06 2239050                    /usr/lib/x86_64-linux-gnu/libxcb-xfixes.so.0.0.0
7fa223512000-7fa223712000 ---p 00006000 08:06 2239050                    /usr/lib/x86_64-linux-gnu/libxcb-xfixes.so.0.0.0
7fa223712000-7fa223713000 r--p 00006000 08:06 2239050                    /usr/lib/x86_64-linux-gnu/libxcb-xfixes.so.0.0.0
7fa223713000-7fa223714000 rw-p 00007000 08:06 2239050                    /usr/lib/x86_64-linux-gnu/libxcb-xfixes.so.0.0.0
7fa223714000-7fa223744000 r-xp 00000000 08:06 2493233                    /usr/lib/x86_64-linux-gnu/mesa-egl/libEGL.so.1.0.0
7fa223744000-7fa223944000 ---p 00030000 08:06 2493233                    /usr/lib/x86_64-linux-gnu/mesa-egl/libEGL.so.1.0.0
7fa223944000-7fa223945000 r--p 00030000 08:06 2493233                    /usr/lib/x86_64-linux-gnu/mesa-egl/libEGL.so.1.0.0
7fa223945000-7fa223946000 rw-p 00031000 08:06 2493233                    /usr/lib/x86_64-linux-gnu/mesa-egl/libEGL.so.1.0.0
7fa223946000-7fa2239eb000 r-xp 00000000 08:06 2097189                    /tmp/jogamp_0000/file_cache/jln1242928845166685939/jln892095293559242983/libjogl_desktop.so
7fa2239eb000-7fa223beb000 ---p 000a5000 08:06 2097189                    /tmp/jogamp_0000/file_cache/jln1242928845166685939/jln892095293559242983/libjogl_desktop.so
7fa223beb000-7fa223bec000 rw-p 000a5000 08:06 2097189                    /tmp/jogamp_0000/file_cache/jln1242928845166685939/jln892095293559242983/libjogl_desktop.so
7fa223bec000-7fa223bfa000 r-xp 00000000 08:06 2228334                    /usr/lib/x86_64-linux-gnu/libdrm.so.2.4.0
7fa223bfa000-7fa223df9000 ---p 0000e000 08:06 2228334                    /usr/lib/x86_64-linux-gnu/libdrm.so.2.4.0
7fa223df9000-7fa223dfa000 r--p 0000d000 08:06 2228334                    /usr/lib/x86_64-linux-gnu/libdrm.so.2.4.0
7fa223dfa000-7fa223dfb000 rw-p 0000e000 08:06 2228334                    /usr/lib/x86_64-linux-gnu/libdrm.so.2.4.0
7fa223dfb000-7fa223dff000 r-xp 00000000 08:06 2239022                    /usr/lib/x86_64-linux-gnu/libxcb-dri2.so.0.0.0
7fa223dff000-7fa223ffe000 ---p 00004000 08:06 2239022                    /usr/lib/x86_64-linux-gnu/libxcb-dri2.so.0.0.0
7fa223ffe000-7fa223fff000 r--p 00003000 08:06 2239022                    /usr/lib/x86_64-linux-gnu/libxcb-dri2.so.0.0.0
7fa223fff000-7fa224000000 rw-p 00004000 08:06 2239022                    /usr/lib/x86_64-linux-gnu/libxcb-dri2.so.0.0.0
7fa224000000-7fa2245c7000 rw-p 00000000 00:00 0 
7fa2245c7000-7fa228000000 ---p 00000000 00:00 0 
7fa228000000-7fa228dc3000 rw-p 00000000 00:00 0 
7fa228dc3000-7fa22c000000 ---p 00000000 00:00 0 
7fa22c000000-7fa22c021000 rw-p 00000000 00:00 0 
7fa22c021000-7fa230000000 ---p 00000000 00:00 0 
7fa230000000-7fa230021000 rw-p 00000000 00:00 0 
7fa230021000-7fa234000000 ---p 00000000 00:00 0 
7fa234000000-7fa234003000 r--s 00000000 08:06 926420                     /var/cache/fontconfig/767a8244fc0220cfb567a839d0392e0b-le64.cache-6
7fa234003000-7fa234004000 r--s 00000000 08:06 926419                     /var/cache/fontconfig/4794a0821666d79190d59a36cb4f44b5-le64.cache-6
7fa234004000-7fa234005000 r--s 00000000 08:06 926417                     /var/cache/fontconfig/bab58bb527bb656aaa9f116d68a48d89-le64.cache-6
7fa234005000-7fa234006000 r--s 00000000 08:06 926415                     /var/cache/fontconfig/56cf4f4769d0f4abc89a4895d7bd3ae1-le64.cache-6
7fa234006000-7fa234007000 r--s 00000000 08:06 926414                     /var/cache/fontconfig/b9d506c9ac06c20b433354fa67a72993-le64.cache-6
7fa234007000-7fa23400d000 r--s 00000000 08:06 926413                     /var/cache/fontconfig/b47c4e1ecd0709278f4910c18777a504-le64.cache-6
7fa23400d000-7fa23400e000 r--s 00000000 08:06 926411                     /var/cache/fontconfig/551ecf3b0e8b0bca0f25c0944f561853-le64.cache-6
7fa23400e000-7fa234019000 r--s 00000000 08:06 926743                     /var/cache/fontconfig/d589a48862398ed80a3d6066f4f56f4c-le64.cache-6
7fa234019000-7fa23401c000 r--s 00000000 08:06 926406                     /var/cache/fontconfig/75114ca45c98e8a441da0ff356701271-le64.cache-6
7fa23401c000-7fa234027000 r--s 00000000 08:06 926405                     /var/cache/fontconfig/83bf95040141907cd45bb53cf7c1c148-le64.cache-6
7fa234027000-7fa23403e000 r-xp 00000000 08:06 2239026                    /usr/lib/x86_64-linux-gnu/libxcb-glx.so.0.0.0
7fa23403e000-7fa23423d000 ---p 00017000 08:06 2239026                    /usr/lib/x86_64-linux-gnu/libxcb-glx.so.0.0.0
7fa23423d000-7fa23423f000 r--p 00016000 08:06 2239026                    /usr/lib/x86_64-linux-gnu/libxcb-glx.so.0.0.0
7fa23423f000-7fa234240000 rw-p 00018000 08:06 2239026                    /usr/lib/x86_64-linux-gnu/libxcb-glx.so.0.0.0
7fa234240000-7fa234241000 r-xp 00000000 08:06 2237670                    /usr/lib/x86_64-linux-gnu/libX11-xcb.so.1.0.0
7fa234241000-7fa234440000 ---p 00001000 08:06 2237670                    /usr/lib/x86_64-linux-gnu/libX11-xcb.so.1.0.0
7fa234440000-7fa234441000 r--p 00000000 08:06 2237670                    /usr/lib/x86_64-linux-gnu/libX11-xcb.so.1.0.0
7fa234441000-7fa234442000 rw-p 00001000 08:06 2237670                    /usr/lib/x86_64-linux-gnu/libX11-xcb.so.1.0.0
7fa234442000-7fa234444000 r-xp 00000000 08:06 2237685                    /usr/lib/x86_64-linux-gnu/libXdamage.so.1.1.0
7fa234444000-7fa234643000 ---p 00002000 08:06 2237685                    /usr/lib/x86_64-linux-gnu/libXdamage.so.1.1.0
7fa234643000-7fa234644000 r--p 00001000 08:06 2237685                    /usr/lib/x86_64-linux-gnu/libXdamage.so.1.1.0
7fa234644000-7fa234645000 rw-p 00002000 08:06 2237685                    /usr/lib/x86_64-linux-gnu/libXdamage.so.1.1.0
7fa234645000-7fa23466e000 r-xp 00000000 08:06 2230410                    /usr/lib/x86_64-linux-gnu/libglapi.so.0.0.0
7fa23466e000-7fa23486d000 ---p 00029000 08:06 2230410                    /usr/lib/x86_64-linux-gnu/libglapi.so.0.0.0
7fa23486d000-7fa234871000 r--p 00028000 08:06 2230410                    /usr/lib/x86_64-linux-gnu/libglapi.so.0.0.0
7fa234871000-7fa234872000 rw-p 0002c000 08:06 2230410                    /usr/lib/x86_64-linux-gnu/libglapi.so.0.0.0
7fa234872000-7fa234873000 rw-p 00000000 00:00 0 
7fa234873000-7fa234874000 r-xp 00000000 08:06 2239066                    /usr/lib/x86_64-linux-gnu/libxshmfence.so.1.0.0
7fa234874000-7fa234a74000 ---p 00001000 08:06 2239066                    /usr/lib/x86_64-linux-gnu/libxshmfence.so.1.0.0
7fa234a74000-7fa234a75000 r--p 00001000 08:06 2239066                    /usr/lib/x86_64-linux-gnu/libxshmfence.so.1.0.0
7fa234a75000-7fa234a76000 rw-p 00002000 08:06 2239066                    /usr/lib/x86_64-linux-gnu/libxshmfence.so.1.0.0
7fa234a76000-7fa234a7b000 r-xp 00000000 08:06 2239046                    /usr/lib/x86_64-linux-gnu/libxcb-sync.so.1.0.0
7fa234a7b000-7fa234c7b000 ---p 00005000 08:06 2239046                    /usr/lib/x86_64-linux-gnu/libxcb-sync.so.1.0.0
7fa234c7b000-7fa234c7c000 r--p 00005000 08:06 2239046                    /usr/lib/x86_64-linux-gnu/libxcb-sync.so.1.0.0
7fa234c7c000-7fa234c7d000 rw-p 00006000 08:06 2239046                    /usr/lib/x86_64-linux-gnu/libxcb-sync.so.1.0.0
7fa234c7d000-7fa234c7f000 r-xp 00000000 08:06 2239034                    /usr/lib/x86_64-linux-gnu/libxcb-present.so.0.0.0
7fa234c7f000-7fa234e7e000 ---p 00002000 08:06 2239034                    /usr/lib/x86_64-linux-gnu/libxcb-present.so.0.0.0
7fa234e7e000-7fa234e7f000 r--p 00001000 08:06 2239034                    /usr/lib/x86_64-linux-gnu/libxcb-present.so.0.0.0
7fa234e7f000-7fa234e80000 rw-p 00002000 08:06 2239034                    /usr/lib/x86_64-linux-gnu/libxcb-present.so.0.0.0
7fa234e80000-7fa234e82000 r-xp 00000000 08:06 2239024                    /usr/lib/x86_64-linux-gnu/libxcb-dri3.so.0.0.0
7fa234e82000-7fa235081000 ---p 00002000 08:06 2239024                    /usr/lib/x86_64-linux-gnu/libxcb-dri3.so.0.0.0
7fa235081000-7fa235082000 r--p 00001000 08:06 2239024                    /usr/lib/x86_64-linux-gnu/libxcb-dri3.so.0.0.0
7fa235082000-7fa235083000 rw-p 00002000 08:06 2239024                    /usr/lib/x86_64-linux-gnu/libxcb-dri3.so.0.0.0
7fa235083000-7fa2350a9000 r-xp 00000000 08:06 2757682                    /lib/x86_64-linux-gnu/libexpat.so.1.6.0
7fa2350a9000-7fa2352a9000 ---p 00026000 08:06 2757682                    /lib/x86_64-linux-gnu/libexpat.so.1.6.0
7fa2352a9000-7fa2352ab000 r--p 00026000 08:06 2757682                    /lib/x86_64-linux-gnu/libexpat.so.1.6.0
7fa2352ab000-7fa2352ac000 rw-p 00028000 08:06 2757682                    /lib/x86_64-linux-gnu/libexpat.so.1.6.0
7fa2352ac000-7fa235319000 r-xp 00000000 08:06 2490943                    /usr/lib/x86_64-linux-gnu/mesa/libGL.so.1.2.0
7fa235319000-7fa235518000 ---p 0006d000 08:06 2490943                    /usr/lib/x86_64-linux-gnu/mesa/libGL.so.1.2.0
7fa235518000-7fa23551b000 r--p 0006c000 08:06 2490943                    /usr/lib/x86_64-linux-gnu/mesa/libGL.so.1.2.0
7fa23551b000-7fa23551c000 rw-p 0006f000 08:06 2490943                    /usr/lib/x86_64-linux-gnu/mesa/libGL.so.1.2.0
7fa23551c000-7fa23571d000 rw-p 00000000 00:00 0 
7fa23571d000-7fa23591d000 rw-p 00000000 00:00 0 
7fa23591d000-7fa23591e000 r--s 00000000 08:06 926409                     /var/cache/fontconfig/30829fa25452a46451e813d634d7f916-le64.cache-6
7fa23591e000-7fa23591f000 r--s 00000000 08:06 926408                     /var/cache/fontconfig/0c9eb80ebd1c36541ebe2852d3bb0c49-le64.cache-6
7fa23591f000-7fa235931000 r--s 00000000 08:06 923280                     /var/cache/fontconfig/9b89f8e3dae116d678bbf48e5f21f69b-le64.cache-6
7fa235931000-7fa235934000 r--s 00000000 08:06 923238                     /var/cache/fontconfig/e13b20fdb08344e0e664864cc2ede53d-le64.cache-6
7fa235934000-7fa235938000 r--s 00000000 08:06 923258                     /var/cache/fontconfig/7ef2298fde41cc6eeb7af42e48b7d293-le64.cache-6
7fa23598a000-7fa23598c000 rw-s 124894000 00:06 252                       /dev/dri/card0
7fa23598e000-7fa2359b4000 rw-s 124ae6000 00:06 252                       /dev/dri/card0
7fa2359b4000-7fa2359da000 rw-s 124ab6000 00:06 252                       /dev/dri/card0
7fa2359da000-7fa2359e1000 r-xp 00000000 08:06 2097196                    /tmp/jogamp_0000/file_cache/jln1242928845166685939/jln892095293559242983/libnativewindow_x11.so
7fa2359e1000-7fa235be0000 ---p 00007000 08:06 2097196                    /tmp/jogamp_0000/file_cache/jln1242928845166685939/jln892095293559242983/libnativewindow_x11.so
7fa235be0000-7fa235be1000 rw-p 00006000 08:06 2097196                    /tmp/jogamp_0000/file_cache/jln1242928845166685939/jln892095293559242983/libnativewindow_x11.so
7fa235be1000-7fa235be6000 r-xp 00000000 08:06 2237725                    /usr/lib/x86_64-linux-gnu/libXxf86vm.so.1.0.0
7fa235be6000-7fa235de5000 ---p 00005000 08:06 2237725                    /usr/lib/x86_64-linux-gnu/libXxf86vm.so.1.0.0
7fa235de5000-7fa235de6000 r--p 00004000 08:06 2237725                    /usr/lib/x86_64-linux-gnu/libXxf86vm.so.1.0.0
7fa235de6000-7fa235de7000 rw-p 00005000 08:06 2237725                    /usr/lib/x86_64-linux-gnu/libXxf86vm.so.1.0.0
7fa235de7000-7fa235de9000 r-xp 00000000 08:06 2097195                    /tmp/jogamp_0000/file_cache/jln1242928845166685939/jln892095293559242983/libnativewindow_awt.so
7fa235de9000-7fa235fe8000 ---p 00002000 08:06 2097195                    /tmp/jogamp_0000/file_cache/jln1242928845166685939/jln892095293559242983/libnativewindow_awt.so
7fa235fe8000-7fa235fe9000 rw-p 00001000 08:06 2097195                    /tmp/jogamp_0000/file_cache/jln1242928845166685939/jln892095293559242983/libnativewindow_awt.so
7fa235fe9000-7fa235fea000 r-xp 00000000 08:06 2245058                    /usr/lib/jvm/java-8-openjdk-amd64/jre/lib/amd64/libjawt.so
7fa235fea000-7fa2361e9000 ---p 00001000 08:06 2245058                    /usr/lib/jvm/java-8-openjdk-amd64/jre/lib/amd64/libjawt.so
7fa2361e9000-7fa2361ea000 r--p 00000000 08:06 2245058                    /usr/lib/jvm/java-8-openjdk-amd64/jre/lib/amd64/libjawt.so
7fa2361ea000-7fa2361eb000 rw-p 00001000 08:06 2245058                    /usr/lib/jvm/java-8-openjdk-amd64/jre/lib/amd64/libjawt.so
7fa2361eb000-7fa2361ed000 r-xp 00000000 08:06 2097183                    /tmp/jogamp_0000/file_cache/jln1242928845166685939/jln892095293559242983/libgluegen-rt.so
7fa2361ed000-7fa2363ec000 ---p 00002000 08:06 2097183                    /tmp/jogamp_0000/file_cache/jln1242928845166685939/jln892095293559242983/libgluegen-rt.so
7fa2363ec000-7fa2363ed000 rw-p 00001000 08:06 2097183                    /tmp/jogamp_0000/file_cache/jln1242928845166685939/jln892095293559242983/libgluegen-rt.so
7fa2363ed000-7fa2363f0000 ---p 00000000 00:00 0 
7fa2363f0000-7fa2366ee000 rw-p 00000000 00:00 0 
7fa2366ee000-7fa2366f1000 ---p 00000000 00:00 0 
7fa2366f1000-7fa2369ef000 rw-p 00000000 00:00 0 
7fa2369ef000-7fa2369f2000 ---p 00000000 00:00 0 
7fa2369f2000-7fa236af0000 rw-p 00000000 00:00 0 
7fa236af0000-7fa236b01000 r-xp 00000000 08:06 2245069                    /usr/lib/jvm/java-8-openjdk-amd64/jre/lib/amd64/libnio.so
7fa236b01000-7fa236d01000 ---p 00011000 08:06 2245069                    /usr/lib/jvm/java-8-openjdk-amd64/jre/lib/amd64/libnio.so
7fa236d01000-7fa236d02000 r--p 00011000 08:06 2245069                    /usr/lib/jvm/java-8-openjdk-amd64/jre/lib/amd64/libnio.so
7fa236d02000-7fa236d03000 rw-p 00012000 08:06 2245069                    /usr/lib/jvm/java-8-openjdk-amd64/jre/lib/amd64/libnio.so
7fa236d03000-7fa237004000 rw-p 00000000 00:00 0 
7fa237004000-7fa23701b000 r-xp 00000000 08:06 2245045                    /usr/lib/jvm/java-8-openjdk-amd64/jre/lib/amd64/libnet.so
7fa23701b000-7fa23721a000 ---p 00017000 08:06 2245045                    /usr/lib/jvm/java-8-openjdk-amd64/jre/lib/amd64/libnet.so
7fa23721a000-7fa23721b000 r--p 00016000 08:06 2245045                    /usr/lib/jvm/java-8-openjdk-amd64/jre/lib/amd64/libnet.so
7fa23721b000-7fa23721c000 rw-p 00017000 08:06 2245045                    /usr/lib/jvm/java-8-openjdk-amd64/jre/lib/amd64/libnet.so
7fa23721c000-7fa23721f000 ---p 00000000 00:00 0 
7fa23721f000-7fa23731d000 rw-p 00000000 00:00 0 
7fa23731d000-7fa237320000 ---p 00000000 00:00 0 
7fa237320000-7fa23741e000 rw-p 00000000 00:00 0 
7fa23741e000-7fa237421000 ---p 00000000 00:00 0 
7fa237421000-7fa23751f000 rw-p 00000000 00:00 0 
7fa23751f000-7fa237522000 ---p 00000000 00:00 0 
7fa237522000-7fa237620000 rw-p 00000000 00:00 0 
7fa237620000-7fa237625000 r-xp 00000000 08:06 2237691                    /usr/lib/x86_64-linux-gnu/libXfixes.so.3.1.0
7fa237625000-7fa237824000 ---p 00005000 08:06 2237691                    /usr/lib/x86_64-linux-gnu/libXfixes.so.3.1.0
7fa237824000-7fa237825000 r--p 00004000 08:06 2237691                    /usr/lib/x86_64-linux-gnu/libXfixes.so.3.1.0
7fa237825000-7fa237826000 rw-p 00005000 08:06 2237691                    /usr/lib/x86_64-linux-gnu/libXfixes.so.3.1.0
7fa237826000-7fa23782f000 r-xp 00000000 08:06 2237683                    /usr/lib/x86_64-linux-gnu/libXcursor.so.1.0.2
7fa23782f000-7fa237a2e000 ---p 00009000 08:06 2237683                    /usr/lib/x86_64-linux-gnu/libXcursor.so.1.0.2
7fa237a2e000-7fa237a2f000 r--p 00008000 08:06 2237683                    /usr/lib/x86_64-linux-gnu/libXcursor.so.1.0.2
7fa237a2f000-7fa237a30000 rw-p 00009000 08:06 2237683                    /usr/lib/x86_64-linux-gnu/libXcursor.so.1.0.2
7fa237a30000-7fa237a33000 ---p 00000000 00:00 0 
7fa237a33000-7fa237b31000 rw-p 00000000 00:00 0 
7fa237b31000-7fa237b55000 r-xp 00000000 08:06 2757792                    /lib/x86_64-linux-gnu/libpng12.so.0.54.0
7fa237b55000-7fa237d54000 ---p 00024000 08:06 2757792                    /lib/x86_64-linux-gnu/libpng12.so.0.54.0
7fa237d54000-7fa237d55000 r--p 00023000 08:06 2757792                    /lib/x86_64-linux-gnu/libpng12.so.0.54.0
7fa237d55000-7fa237d56000 rw-p 00024000 08:06 2757792                    /lib/x86_64-linux-gnu/libpng12.so.0.54.0
7fa237d56000-7fa237dfa000 r-xp 00000000 08:06 2238107                    /usr/lib/x86_64-linux-gnu/libfreetype.so.6.12.1
7fa237dfa000-7fa237ff9000 ---p 000a4000 08:06 2238107                    /usr/lib/x86_64-linux-gnu/libfreetype.so.6.12.1
7fa237ff9000-7fa237fff000 r--p 000a3000 08:06 2238107                    /usr/lib/x86_64-linux-gnu/libfreetype.so.6.12.1
7fa237fff000-7fa238000000 rw-p 000a9000 08:06 2238107                    /usr/lib/x86_64-linux-gnu/libfreetype.so.6.12.1
7fa238000000-7fa2388a9000 rw-p 00000000 00:00 0 
7fa2388a9000-7fa23c000000 ---p 00000000 00:00 0 
7fa23c000000-7fa23c23b000 rw-p 00000000 00:00 0 
7fa23c23b000-7fa240000000 ---p 00000000 00:00 0 
7fa240000000-7fa240021000 rw-p 00000000 00:00 0 
7fa240021000-7fa244000000 ---p 00000000 00:00 0 
7fa244000000-7fa2450e7000 rw-p 00000000 00:00 0 
7fa2450e7000-7fa248000000 ---p 00000000 00:00 0 
7fa248000000-7fa248021000 rw-p 00000000 00:00 0 
7fa248021000-7fa24c000000 ---p 00000000 00:00 0 
7fa24c000000-7fa24c021000 rw-p 00000000 00:00 0 
7fa24c021000-7fa250000000 ---p 00000000 00:00 0 
7fa250000000-7fa250095000 rw-p 00000000 00:00 0 
7fa250095000-7fa254000000 ---p 00000000 00:00 0 
7fa254000000-7fa2540ad000 rw-p 00000000 00:00 0 
7fa2540ad000-7fa258000000 ---p 00000000 00:00 0 
7fa258000000-7fa2580b9000 rw-p 00000000 00:00 0 
7fa2580b9000-7fa25c000000 ---p 00000000 00:00 0 
7fa25c003000-7fa25c004000 rw-s 123ddf000 00:06 252                       /dev/dri/card0
7fa25c005000-7fa25c007000 rw-s 123ddc000 00:06 252                       /dev/dri/card0
7fa25c012000-7fa25c01c000 rw-s 124adc000 00:06 252                       /dev/dri/card0
7fa25c020000-7fa25c021000 rw-s 1484b7000 00:06 252                       /dev/dri/card0
7fa25c021000-7fa25c023000 rw-s 1484bc000 00:06 252                       /dev/dri/card0
7fa25c023000-7fa25c024000 rw-s 147401000 00:06 252                       /dev/dri/card0
7fa25c02c000-7fa25c02d000 rw-s 123dd7000 00:06 252                       /dev/dri/card0
7fa25c02d000-7fa25c035000 rw-s 13f6d2000 00:06 252                       /dev/dri/card0
7fa25c03f000-7fa25c041000 rw-s 123dd4000 00:06 252                       /dev/dri/card0
7fa25c041000-7fa25c045000 rw-s 13f650000 00:06 252                       /dev/dri/card0
7fa25c045000-7fa25c050000 rw-s 13fd1f000 00:06 252                       /dev/dri/card0
7fa25c060000-7fa25c07e000 r-xp 00000000 08:06 2757251                    /lib/x86_64-linux-gnu/libudev.so.1.6.4
7fa25c07e000-7fa25c07f000 r--p 0001d000 08:06 2757251                    /lib/x86_64-linux-gnu/libudev.so.1.6.4
7fa25c07f000-7fa25c080000 rw-p 0001e000 08:06 2757251                    /lib/x86_64-linux-gnu/libudev.so.1.6.4
7fa25c080000-7fa25c083000 ---p 00000000 00:00 0 
7fa25c083000-7fa25c0b9000 rw-p 00000000 00:00 0 
7fa25c0b9000-7fa25c10b000 r-xp 00000000 08:06 2245043                    /usr/lib/jvm/java-8-openjdk-amd64/jre/lib/amd64/libfontmanager.so
7fa25c10b000-7fa25c30b000 ---p 00052000 08:06 2245043                    /usr/lib/jvm/java-8-openjdk-amd64/jre/lib/amd64/libfontmanager.so
7fa25c30b000-7fa25c30d000 r--p 00052000 08:06 2245043                    /usr/lib/jvm/java-8-openjdk-amd64/jre/lib/amd64/libfontmanager.so
7fa25c30d000-7fa25c30e000 rw-p 00054000 08:06 2245043                    /usr/lib/jvm/java-8-openjdk-amd64/jre/lib/amd64/libfontmanager.so
7fa25c30e000-7fa25c313000 r-xp 00000000 08:06 2237687                    /usr/lib/x86_64-linux-gnu/libXdmcp.so.6.0.0
7fa25c313000-7fa25c512000 ---p 00005000 08:06 2237687                    /usr/lib/x86_64-linux-gnu/libXdmcp.so.6.0.0
7fa25c512000-7fa25c513000 r--p 00004000 08:06 2237687                    /usr/lib/x86_64-linux-gnu/libXdmcp.so.6.0.0
7fa25c513000-7fa25c514000 rw-p 00005000 08:06 2237687                    /usr/lib/x86_64-linux-gnu/libXdmcp.so.6.0.0
7fa25c514000-7fa25c516000 r-xp 00000000 08:06 2237676                    /usr/lib/x86_64-linux-gnu/libXau.so.6.0.0
7fa25c516000-7fa25c716000 ---p 00002000 08:06 2237676                    /usr/lib/x86_64-linux-gnu/libXau.so.6.0.0
7fa25c716000-7fa25c717000 r--p 00002000 08:06 2237676                    /usr/lib/x86_64-linux-gnu/libXau.so.6.0.0
7fa25c717000-7fa25c718000 rw-p 00003000 08:06 2237676                    /usr/lib/x86_64-linux-gnu/libXau.so.6.0.0
7fa25c718000-7fa25c739000 r-xp 00000000 08:06 2239054                    /usr/lib/x86_64-linux-gnu/libxcb.so.1.1.0
7fa25c739000-7fa25c938000 ---p 00021000 08:06 2239054                    /usr/lib/x86_64-linux-gnu/libxcb.so.1.1.0
7fa25c938000-7fa25c939000 r--p 00020000 08:06 2239054                    /usr/lib/x86_64-linux-gnu/libxcb.so.1.1.0
7fa25c939000-7fa25c93a000 rw-p 00021000 08:06 2239054                    /usr/lib/x86_64-linux-gnu/libxcb.so.1.1.0
7fa25c93a000-7fa25c949000 r-xp 00000000 08:06 2237697                    /usr/lib/x86_64-linux-gnu/libXi.so.6.1.0
7fa25c949000-7fa25cb48000 ---p 0000f000 08:06 2237697                    /usr/lib/x86_64-linux-gnu/libXi.so.6.1.0
7fa25cb48000-7fa25cb49000 r--p 0000e000 08:06 2237697                    /usr/lib/x86_64-linux-gnu/libXi.so.6.1.0
7fa25cb49000-7fa25cb4a000 rw-p 0000f000 08:06 2237697                    /usr/lib/x86_64-linux-gnu/libXi.so.6.1.0
7fa25cb4a000-7fa25cb4f000 r-xp 00000000 08:06 2237715                    /usr/lib/x86_64-linux-gnu/libXtst.so.6.1.0
7fa25cb4f000-7fa25cd4e000 ---p 00005000 08:06 2237715                    /usr/lib/x86_64-linux-gnu/libXtst.so.6.1.0
7fa25cd4e000-7fa25cd4f000 r--p 00004000 08:06 2237715                    /usr/lib/x86_64-linux-gnu/libXtst.so.6.1.0
7fa25cd4f000-7fa25cd50000 rw-p 00005000 08:06 2237715                    /usr/lib/x86_64-linux-gnu/libXtst.so.6.1.0
7fa25cd50000-7fa25cd59000 r-xp 00000000 08:06 2237709                    /usr/lib/x86_64-linux-gnu/libXrender.so.1.3.0
7fa25cd59000-7fa25cf58000 ---p 00009000 08:06 2237709                    /usr/lib/x86_64-linux-gnu/libXrender.so.1.3.0
7fa25cf58000-7fa25cf59000 r--p 00008000 08:06 2237709                    /usr/lib/x86_64-linux-gnu/libXrender.so.1.3.0
7fa25cf59000-7fa25cf5a000 rw-p 00009000 08:06 2237709                    /usr/lib/x86_64-linux-gnu/libXrender.so.1.3.0
7fa25cf5a000-7fa25d08f000 r-xp 00000000 08:06 2237672                    /usr/lib/x86_64-linux-gnu/libX11.so.6.3.0
7fa25d08f000-7fa25d28f000 ---p 00135000 08:06 2237672                    /usr/lib/x86_64-linux-gnu/libX11.so.6.3.0
7fa25d28f000-7fa25d290000 r--p 00135000 08:06 2237672                    /usr/lib/x86_64-linux-gnu/libX11.so.6.3.0
7fa25d290000-7fa25d294000 rw-p 00136000 08:06 2237672                    /usr/lib/x86_64-linux-gnu/libX11.so.6.3.0
7fa25d294000-7fa25d2a5000 r-xp 00000000 08:06 2237689                    /usr/lib/x86_64-linux-gnu/libXext.so.6.4.0
7fa25d2a5000-7fa25d4a4000 ---p 00011000 08:06 2237689                    /usr/lib/x86_64-linux-gnu/libXext.so.6.4.0
7fa25d4a4000-7fa25d4a5000 r--p 00010000 08:06 2237689                    /usr/lib/x86_64-linux-gnu/libXext.so.6.4.0
7fa25d4a5000-7fa25d4a6000 rw-p 00011000 08:06 2237689                    /usr/lib/x86_64-linux-gnu/libXext.so.6.4.0
7fa25d4a6000-7fa25d4fa000 r-xp 00000000 08:06 2245068                    /usr/lib/jvm/java-8-openjdk-amd64/jre/lib/amd64/libawt_xawt.so
7fa25d4fa000-7fa25d6fa000 ---p 00054000 08:06 2245068                    /usr/lib/jvm/java-8-openjdk-amd64/jre/lib/amd64/libawt_xawt.so
7fa25d6fa000-7fa25d6fb000 r--p 00054000 08:06 2245068                    /usr/lib/jvm/java-8-openjdk-amd64/jre/lib/amd64/libawt_xawt.so
7fa25d6fb000-7fa25d6fe000 rw-p 00055000 08:06 2245068                    /usr/lib/jvm/java-8-openjdk-amd64/jre/lib/amd64/libawt_xawt.so
7fa25d6fe000-7fa25d6ff000 rw-p 00000000 00:00 0 
7fa25d6ff000-7fa25d79f000 r-xp 00000000 08:06 2245042                    /usr/lib/jvm/java-8-openjdk-amd64/jre/lib/amd64/libawt.so
7fa25d79f000-7fa25d99f000 ---p 000a0000 08:06 2245042                    /usr/lib/jvm/java-8-openjdk-amd64/jre/lib/amd64/libawt.so
7fa25d99f000-7fa25d9a0000 r--p 000a0000 08:06 2245042                    /usr/lib/jvm/java-8-openjdk-amd64/jre/lib/amd64/libawt.so
7fa25d9a0000-7fa25d9ab000 rw-p 000a1000 08:06 2245042                    /usr/lib/jvm/java-8-openjdk-amd64/jre/lib/amd64/libawt.so
7fa25d9ab000-7fa25d9d0000 rw-p 00000000 00:00 0 
7fa25d9d0000-7fa25d9d1000 ---p 00000000 00:00 0 
7fa25d9d1000-7fa25dad1000 rw-p 00000000 00:00 0 
7fa25dad1000-7fa25dad4000 ---p 00000000 00:00 0 
7fa25dad4000-7fa25dbd2000 rw-p 00000000 00:00 0 
7fa25dbd2000-7fa25dbd5000 ---p 00000000 00:00 0 
7fa25dbd5000-7fa25dcd3000 rw-p 00000000 00:00 0 
7fa25dcd3000-7fa25dcd6000 ---p 00000000 00:00 0 
7fa25dcd6000-7fa25ddd4000 rw-p 00000000 00:00 0 
7fa25ddd4000-7fa25ddd7000 ---p 00000000 00:00 0 
7fa25ddd7000-7fa25ded5000 rw-p 00000000 00:00 0 
7fa25ded5000-7fa25e894000 r--p 00000000 08:06 2236295                    /usr/lib/locale/locale-archive
7fa25e894000-7fa25e897000 ---p 00000000 00:00 0 
7fa25e897000-7fa25e995000 rw-p 00000000 00:00 0 
7fa25e995000-7fa25e998000 ---p 00000000 00:00 0 
7fa25e998000-7fa25ea96000 rw-p 00000000 00:00 0 
7fa25ea96000-7fa25ea97000 ---p 00000000 00:00 0 
7fa25ea97000-7fa261000000 rw-p 00000000 00:00 0 
7fa261000000-7fa2619b0000 rwxp 00000000 00:00 0 
7fa2619b0000-7fa270000000 ---p 00000000 00:00 0 
7fa270000000-7fa270323000 rw-p 00000000 00:00 0 
7fa270323000-7fa274000000 ---p 00000000 00:00 0 
7fa274000000-7fa274006000 rw-s 13f64a000 00:06 252                       /dev/dri/card0
7fa274008000-7fa274018000 rw-s 13f2e0000 00:06 252                       /dev/dri/card0
7fa274018000-7fa27401b000 rw-s 13f647000 00:06 252                       /dev/dri/card0
7fa27401f000-7fa274020000 rw-s 13fcdc000 00:06 252                       /dev/dri/card0
7fa274020000-7fa274021000 rw-s 124aab000 00:06 252                       /dev/dri/card0
7fa274021000-7fa274022000 rw-s 124aaa000 00:06 252                       /dev/dri/card0
7fa274022000-7fa274023000 rw-s 12488c000 00:06 252                       /dev/dri/card0
7fa274024000-7fa274025000 rw-s 124aa8000 00:06 252                       /dev/dri/card0
7fa274027000-7fa274028000 rwxp 00000000 00:00 0 
7fa274028000-7fa274029000 r--s 0002f000 08:06 1188886                    /home/ema/workspace/ucsdunfoldingmaps/lib/jogl-all-natives-linux-amd64.jar
7fa274029000-7fa27402b000 r--s 00000000 08:06 1188783                    /home/ema/workspace/ucsdunfoldingmaps/lib/gluegen-rt-natives-linux-amd64.jar
7fa27402b000-7fa27402c000 r--p 00000000 00:00 0 
7fa27402c000-7fa274030000 r--s 00097000 08:06 2245107                    /usr/lib/jvm/java-8-openjdk-amd64/jre/lib/jsse.jar
7fa274030000-7fa274043000 r--s 00345000 08:06 2245072                    /usr/lib/jvm/java-8-openjdk-amd64/jre/lib/resources.jar
7fa274043000-7fa274049000 r--s 00033000 08:06 1189873                    /home/ema/workspace/ucsdunfoldingmaps/lib/unfolding.0.9.7-uscd.jar
7fa274049000-7fa27404a000 r--s 00005000 08:06 1189858                    /home/ema/workspace/ucsdunfoldingmaps/lib/libTUIO.jar
7fa27404a000-7fa27404b000 r--s 00007000 08:06 1189857                    /home/ema/workspace/ucsdunfoldingmaps/lib/json4processing.jar
7fa27404b000-7fa274050000 r--s 00309000 08:06 1189871                    /home/ema/workspace/ucsdunfoldingmaps/lib/sqlite-jdbc-3.7.2.jar
7fa274050000-7fa274057000 r--s 00059000 08:06 1189863                    /home/ema/workspace/ucsdunfoldingmaps/lib/log4j-1.2.15.jar
7fa274057000-7fa27407a000 r--s 002ec000 08:06 1189855                    /home/ema/workspace/ucsdunfoldingmaps/lib/jogl-all.jar
7fa27407a000-7fa274080000 r--s 00041000 08:06 1188883                    /home/ema/workspace/ucsdunfoldingmaps/lib/gluegen-rt.jar
7fa274080000-7fa274084000 r--s 0009a000 08:06 1188737                    /home/ema/workspace/ucsdunfoldingmaps/lib/core.jar
7fa274084000-7fa274087000 r--s 0000f000 08:06 2245103                    /usr/lib/jvm/java-8-openjdk-amd64/jre/lib/ext/icedtea-sound.jar
7fa274087000-7fa274089000 r--s 00001000 08:06 2245097                    /usr/lib/jvm/java-8-openjdk-amd64/jre/lib/ext/dnsns.jar
7fa274089000-7fa2740a5000 r--s 00393000 08:06 2245098                    /usr/lib/jvm/java-8-openjdk-amd64/jre/lib/ext/cldrdata.jar
7fa2740a5000-7fa2740c0000 r--s 001d7000 08:06 2245096                    /usr/lib/jvm/java-8-openjdk-amd64/jre/lib/ext/nashorn.jar
7fa2740c0000-7fa27412e000 rw-p 00000000 00:00 0 
7fa27412e000-7fa2742fc000 r--s 03beb000 08:06 2245084                    /usr/lib/jvm/java-8-openjdk-amd64/jre/lib/rt.jar
7fa2742fc000-7fa274d28000 rw-p 00000000 00:00 0 
7fa274d28000-7fa274d29000 ---p 00000000 00:00 0 
7fa274d29000-7fa274e29000 rw-p 00000000 00:00 0 
7fa274e29000-7fa274e2a000 ---p 00000000 00:00 0 
7fa274e2a000-7fa274f40000 rw-p 00000000 00:00 0 
7fa274f40000-7fa27504e000 ---p 00000000 00:00 0 
7fa27504e000-7fa275064000 rw-p 00000000 00:00 0 
7fa275064000-7fa275172000 ---p 00000000 00:00 0 
7fa275172000-7fa2751b5000 rw-p 00000000 00:00 0 
7fa2751b5000-7fa275204000 ---p 00000000 00:00 0 
7fa275204000-7fa27522c000 rw-p 00000000 00:00 0 
7fa27522c000-7fa2755c5000 ---p 00000000 00:00 0 
7fa2755c5000-7fa2755cd000 r-xp 00000000 08:06 2245052                    /usr/lib/jvm/java-8-openjdk-amd64/jre/lib/amd64/libzip.so
7fa2755cd000-7fa2757cc000 ---p 00008000 08:06 2245052                    /usr/lib/jvm/java-8-openjdk-amd64/jre/lib/amd64/libzip.so
7fa2757cc000-7fa2757cd000 r--p 00007000 08:06 2245052                    /usr/lib/jvm/java-8-openjdk-amd64/jre/lib/amd64/libzip.so
7fa2757cd000-7fa2757ce000 rw-p 00008000 08:06 2245052                    /usr/lib/jvm/java-8-openjdk-amd64/jre/lib/amd64/libzip.so
7fa2757ce000-7fa2757d9000 r-xp 00000000 08:06 2757750                    /lib/x86_64-linux-gnu/libnss_files-2.23.so
7fa2757d9000-7fa2759d8000 ---p 0000b000 08:06 2757750                    /lib/x86_64-linux-gnu/libnss_files-2.23.so
7fa2759d8000-7fa2759d9000 r--p 0000a000 08:06 2757750                    /lib/x86_64-linux-gnu/libnss_files-2.23.so
7fa2759d9000-7fa2759da000 rw-p 0000b000 08:06 2757750                    /lib/x86_64-linux-gnu/libnss_files-2.23.so
7fa2759da000-7fa2759e0000 rw-p 00000000 00:00 0 
7fa2759e0000-7fa2759eb000 r-xp 00000000 08:06 2757760                    /lib/x86_64-linux-gnu/libnss_nis-2.23.so
7fa2759eb000-7fa275bea000 ---p 0000b000 08:06 2757760                    /lib/x86_64-linux-gnu/libnss_nis-2.23.so
7fa275bea000-7fa275beb000 r--p 0000a000 08:06 2757760                    /lib/x86_64-linux-gnu/libnss_nis-2.23.so
7fa275beb000-7fa275bec000 rw-p 0000b000 08:06 2757760                    /lib/x86_64-linux-gnu/libnss_nis-2.23.so
7fa275bec000-7fa275c02000 r-xp 00000000 08:06 2757744                    /lib/x86_64-linux-gnu/libnsl-2.23.so
7fa275c02000-7fa275e01000 ---p 00016000 08:06 2757744                    /lib/x86_64-linux-gnu/libnsl-2.23.so
7fa275e01000-7fa275e02000 r--p 00015000 08:06 2757744                    /lib/x86_64-linux-gnu/libnsl-2.23.so
7fa275e02000-7fa275e03000 rw-p 00016000 08:06 2757744                    /lib/x86_64-linux-gnu/libnsl-2.23.so
7fa275e03000-7fa275e05000 rw-p 00000000 00:00 0 
7fa275e05000-7fa275e0d000 r-xp 00000000 08:06 2757746                    /lib/x86_64-linux-gnu/libnss_compat-2.23.so
7fa275e0d000-7fa27600c000 ---p 00008000 08:06 2757746                    /lib/x86_64-linux-gnu/libnss_compat-2.23.so
7fa27600c000-7fa27600d000 r--p 00007000 08:06 2757746                    /lib/x86_64-linux-gnu/libnss_compat-2.23.so
7fa27600d000-7fa27600e000 rw-p 00008000 08:06 2757746                    /lib/x86_64-linux-gnu/libnss_compat-2.23.so
7fa27600e000-7fa27603b000 r-xp 00000000 08:06 2242887                    /usr/lib/jvm/java-8-openjdk-amd64/jre/lib/amd64/libjava.so
7fa27603b000-7fa27623a000 ---p 0002d000 08:06 2242887                    /usr/lib/jvm/java-8-openjdk-amd64/jre/lib/amd64/libjava.so
7fa27623a000-7fa27623b000 r--p 0002c000 08:06 2242887                    /usr/lib/jvm/java-8-openjdk-amd64/jre/lib/amd64/libjava.so
7fa27623b000-7fa27623d000 rw-p 0002d000 08:06 2242887                    /usr/lib/jvm/java-8-openjdk-amd64/jre/lib/amd64/libjava.so
7fa27623d000-7fa27624c000 r-xp 00000000 08:06 2245038                    /usr/lib/jvm/java-8-openjdk-amd64/jre/lib/amd64/libverify.so
7fa27624c000-7fa27644b000 ---p 0000f000 08:06 2245038                    /usr/lib/jvm/java-8-openjdk-amd64/jre/lib/amd64/libverify.so
7fa27644b000-7fa27644d000 r--p 0000e000 08:06 2245038                    /usr/lib/jvm/java-8-openjdk-amd64/jre/lib/amd64/libverify.so
7fa27644d000-7fa27644e000 rw-p 00010000 08:06 2245038                    /usr/lib/jvm/java-8-openjdk-amd64/jre/lib/amd64/libverify.so
7fa27644e000-7fa276455000 r-xp 00000000 08:06 2757805                    /lib/x86_64-linux-gnu/librt-2.23.so
7fa276455000-7fa276654000 ---p 00007000 08:06 2757805                    /lib/x86_64-linux-gnu/librt-2.23.so
7fa276654000-7fa276655000 r--p 00006000 08:06 2757805                    /lib/x86_64-linux-gnu/librt-2.23.so
7fa276655000-7fa276656000 rw-p 00007000 08:06 2757805                    /lib/x86_64-linux-gnu/librt-2.23.so
7fa276656000-7fa27666c000 r-xp 00000000 08:06 2757689                    /lib/x86_64-linux-gnu/libgcc_s.so.1
7fa27666c000-7fa27686b000 ---p 00016000 08:06 2757689                    /lib/x86_64-linux-gnu/libgcc_s.so.1
7fa27686b000-7fa27686c000 rw-p 00015000 08:06 2757689                    /lib/x86_64-linux-gnu/libgcc_s.so.1
7fa27686c000-7fa276974000 r-xp 00000000 08:06 2757721                    /lib/x86_64-linux-gnu/libm-2.23.so
7fa276974000-7fa276b73000 ---p 00108000 08:06 2757721                    /lib/x86_64-linux-gnu/libm-2.23.so
7fa276b73000-7fa276b74000 r--p 00107000 08:06 2757721                    /lib/x86_64-linux-gnu/libm-2.23.so
7fa276b74000-7fa276b75000 rw-p 00108000 08:06 2757721                    /lib/x86_64-linux-gnu/libm-2.23.so
7fa276b75000-7fa276ce7000 r-xp 00000000 08:06 2230402                    /usr/lib/x86_64-linux-gnu/libstdc++.so.6.0.21
7fa276ce7000-7fa276ee7000 ---p 00172000 08:06 2230402                    /usr/lib/x86_64-linux-gnu/libstdc++.so.6.0.21
7fa276ee7000-7fa276ef1000 r--p 00172000 08:06 2230402                    /usr/lib/x86_64-linux-gnu/libstdc++.so.6.0.21
7fa276ef1000-7fa276ef3000 rw-p 0017c000 08:06 2230402                    /usr/lib/x86_64-linux-gnu/libstdc++.so.6.0.21
7fa276ef3000-7fa276ef7000 rw-p 00000000 00:00 0 
7fa276ef7000-7fa277b3d000 r-xp 00000000 08:06 2245050                    /usr/lib/jvm/java-8-openjdk-amd64/jre/lib/amd64/server/libjvm.so
7fa277b3d000-7fa277d3d000 ---p 00c46000 08:06 2245050                    /usr/lib/jvm/java-8-openjdk-amd64/jre/lib/amd64/server/libjvm.so
7fa277d3d000-7fa277dd0000 r--p 00c46000 08:06 2245050                    /usr/lib/jvm/java-8-openjdk-amd64/jre/lib/amd64/server/libjvm.so
7fa277dd0000-7fa277df8000 rw-p 00cd9000 08:06 2245050                    /usr/lib/jvm/java-8-openjdk-amd64/jre/lib/amd64/server/libjvm.so
7fa277df8000-7fa277e28000 rw-p 00000000 00:00 0 
7fa277e28000-7fa277e40000 r-xp 00000000 08:06 2757797                    /lib/x86_64-linux-gnu/libpthread-2.23.so
7fa277e40000-7fa27803f000 ---p 00018000 08:06 2757797                    /lib/x86_64-linux-gnu/libpthread-2.23.so
7fa27803f000-7fa278040000 r--p 00017000 08:06 2757797                    /lib/x86_64-linux-gnu/libpthread-2.23.so
7fa278040000-7fa278041000 rw-p 00018000 08:06 2757797                    /lib/x86_64-linux-gnu/libpthread-2.23.so
7fa278041000-7fa278045000 rw-p 00000000 00:00 0 
7fa278045000-7fa278048000 r-xp 00000000 08:06 2757675                    /lib/x86_64-linux-gnu/libdl-2.23.so
7fa278048000-7fa278247000 ---p 00003000 08:06 2757675                    /lib/x86_64-linux-gnu/libdl-2.23.so
7fa278247000-7fa278248000 r--p 00002000 08:06 2757675                    /lib/x86_64-linux-gnu/libdl-2.23.so
7fa278248000-7fa278249000 rw-p 00003000 08:06 2757675                    /lib/x86_64-linux-gnu/libdl-2.23.so
7fa278249000-7fa278262000 r-xp 00000000 08:06 2757842                    /lib/x86_64-linux-gnu/libz.so.1.2.8
7fa278262000-7fa278461000 ---p 00019000 08:06 2757842                    /lib/x86_64-linux-gnu/libz.so.1.2.8
7fa278461000-7fa278462000 r--p 00018000 08:06 2757842                    /lib/x86_64-linux-gnu/libz.so.1.2.8
7fa278462000-7fa278463000 rw-p 00019000 08:06 2757842                    /lib/x86_64-linux-gnu/libz.so.1.2.8
7fa278463000-7fa278623000 r-xp 00000000 08:06 2757651                    /lib/x86_64-linux-gnu/libc-2.23.so
7fa278623000-7fa278822000 ---p 001c0000 08:06 2757651                    /lib/x86_64-linux-gnu/libc-2.23.so
7fa278822000-7fa278826000 r--p 001bf000 08:06 2757651                    /lib/x86_64-linux-gnu/libc-2.23.so
7fa278826000-7fa278828000 rw-p 001c3000 08:06 2757651                    /lib/x86_64-linux-gnu/libc-2.23.so
7fa278828000-7fa27882c000 rw-p 00000000 00:00 0 
7fa27882c000-7fa278839000 r-xp 00000000 08:06 2245066                    /usr/lib/jvm/java-8-openjdk-amd64/jre/lib/amd64/jli/libjli.so
7fa278839000-7fa278a39000 ---p 0000d000 08:06 2245066                    /usr/lib/jvm/java-8-openjdk-amd64/jre/lib/amd64/jli/libjli.so
7fa278a39000-7fa278a3a000 r--p 0000d000 08:06 2245066                    /usr/lib/jvm/java-8-openjdk-amd64/jre/lib/amd64/jli/libjli.so
7fa278a3a000-7fa278a3b000 rw-p 0000e000 08:06 2245066                    /usr/lib/jvm/java-8-openjdk-amd64/jre/lib/amd64/jli/libjli.so
7fa278a3b000-7fa278a61000 r-xp 00000000 08:06 2757623                    /lib/x86_64-linux-gnu/ld-2.23.so
7fa278a61000-7fa278a62000 r--s 00010000 08:06 2245101                    /usr/lib/jvm/java-8-openjdk-amd64/jre/lib/ext/zipfs.jar
7fa278a62000-7fa278a63000 r--s 00008000 08:06 2245099                    /usr/lib/jvm/java-8-openjdk-amd64/jre/lib/ext/sunec.jar
7fa278a63000-7fa278a68000 r--s 0003b000 08:06 2245102                    /usr/lib/jvm/java-8-openjdk-amd64/jre/lib/ext/sunjce_provider.jar
7fa278a68000-7fa278b3f000 rw-p 00000000 00:00 0 
7fa278b3f000-7fa278b42000 ---p 00000000 00:00 0 
7fa278b42000-7fa278c45000 rw-p 00000000 00:00 0 
7fa278c45000-7fa278c46000 r--s 0000a000 08:06 2245100                    /usr/lib/jvm/java-8-openjdk-amd64/jre/lib/ext/jaccess.jar
7fa278c46000-7fa278c4a000 r--s 00037000 08:06 2245105                    /usr/lib/jvm/java-8-openjdk-amd64/jre/lib/ext/sunpkcs11.jar
7fa278c4a000-7fa278c54000 r--s 00116000 08:06 2245104                    /usr/lib/jvm/java-8-openjdk-amd64/jre/lib/ext/localedata.jar
7fa278c54000-7fa278c5c000 rw-s 00000000 08:06 2097197                    /tmp/hsperfdata_ema/15550
7fa278c5c000-7fa278c5d000 rw-p 00000000 00:00 0 
7fa278c5d000-7fa278c5e000 r--p 00000000 00:00 0 
7fa278c5e000-7fa278c60000 rw-p 00000000 00:00 0 
7fa278c60000-7fa278c61000 r--p 00025000 08:06 2757623                    /lib/x86_64-linux-gnu/ld-2.23.so
7fa278c61000-7fa278c62000 rw-p 00026000 08:06 2757623                    /lib/x86_64-linux-gnu/ld-2.23.so
7fa278c62000-7fa278c63000 rw-p 00000000 00:00 0 
7ffe98946000-7ffe98967000 rw-p 00000000 00:00 0                          [stack]
7ffe989ef000-7ffe989f1000 r--p 00000000 00:00 0                          [vvar]
7ffe989f1000-7ffe989f3000 r-xp 00000000 00:00 0                          [vdso]
ffffffffff600000-ffffffffff601000 r-xp 00000000 00:00 0                  [vsyscall]

VM Arguments:
jvm_args: -Djava.security.policy=java.policy.applet -Dfile.encoding=UTF-8 
java_command: sun.applet.AppletViewer module4.EarthquakeCityMap1476537144734.html
java_class_path (initial): /home/ema/workspace/ucsdunfoldingmaps/build:/home/ema/workspace/ucsdunfoldingmaps/lib/core.jar:/home/ema/workspace/ucsdunfoldingmaps/lib/gluegen-rt.jar:/home/ema/workspace/ucsdunfoldingmaps/lib/jogl-all.jar:/home/ema/workspace/ucsdunfoldingmaps/lib/log4j-1.2.15.jar:/home/ema/workspace/ucsdunfoldingmaps/lib/sqlite-jdbc-3.7.2.jar:/home/ema/workspace/ucsdunfoldingmaps/lib/json4processing.jar:/home/ema/workspace/ucsdunfoldingmaps/lib/libTUIO.jar:/home/ema/workspace/ucsdunfoldingmaps/lib/unfolding.0.9.7-uscd.jar
Launcher Type: SUN_STANDARD

Environment Variables:
PATH=/home/ema/bin:/home/ema/.local/bin:/usr/local/sbin:/usr/local/bin:/usr/sbin:/usr/bin:/sbin:/bin:/usr/games:/usr/local/games:/snap/bin
SHELL=/bin/bash
DISPLAY=:0

Signal Handlers:
SIGSEGV: [libjvm.so+0xa5e970], sa_mask[0]=11111111011111111101111111111110, sa_flags=SA_RESTART|SA_SIGINFO
SIGBUS: [libjvm.so+0xa5e970], sa_mask[0]=11111111011111111101111111111110, sa_flags=SA_RESTART|SA_SIGINFO
SIGFPE: [libjvm.so+0x8a9ff0], sa_mask[0]=11111111011111111101111111111110, sa_flags=SA_RESTART|SA_SIGINFO
SIGPIPE: [libjvm.so+0x8a9ff0], sa_mask[0]=11111111011111111101111111111110, sa_flags=SA_RESTART|SA_SIGINFO
SIGXFSZ: [libjvm.so+0x8a9ff0], sa_mask[0]=11111111011111111101111111111110, sa_flags=SA_RESTART|SA_SIGINFO
SIGILL: [libjvm.so+0x8a9ff0], sa_mask[0]=11111111011111111101111111111110, sa_flags=SA_RESTART|SA_SIGINFO
SIGUSR1: SIG_DFL, sa_mask[0]=00000000000000000000000000000000, sa_flags=none
SIGUSR2: [libjvm.so+0x8a9ea0], sa_mask[0]=00100000000000000000000000000000, sa_flags=SA_RESTART|SA_SIGINFO
SIGHUP: [libjvm.so+0x8aa370], sa_mask[0]=11111111011111111101111111111110, sa_flags=SA_RESTART|SA_SIGINFO
SIGINT: [libjvm.so+0x8aa370], sa_mask[0]=11111111011111111101111111111110, sa_flags=SA_RESTART|SA_SIGINFO
SIGTERM: [libjvm.so+0x8aa370], sa_mask[0]=11111111011111111101111111111110, sa_flags=SA_RESTART|SA_SIGINFO
SIGQUIT: [libjvm.so+0x8aa370], sa_mask[0]=11111111011111111101111111111110, sa_flags=SA_RESTART|SA_SIGINFO


---------------  S Y S T E M  ---------------

OS:DISTRIB_ID=Ubuntu
DISTRIB_RELEASE=16.04
DISTRIB_CODENAME=xenial
DISTRIB_DESCRIPTION="Ubuntu 16.04.1 LTS"

uname:Linux 4.4.0-38-generic #57-Ubuntu SMP Tue Sep 6 15:42:33 UTC 2016 x86_64
libc:glibc 2.23 NPTL 2.23 
rlimit: STACK 8192k, CORE 0k, NPROC 13510, NOFILE 65536, AS infinity
load average:1,41 1,06 0,79

/proc/meminfo:
MemTotal:        3582816 kB
MemFree:          554432 kB
MemAvailable:     929056 kB
Buffers:           56392 kB
Cached:           518668 kB
SwapCached:         1140 kB
Active:          2123720 kB
Inactive:         562904 kB
Active(anon):    1680248 kB
Inactive(anon):   471336 kB
Active(file):     443472 kB
Inactive(file):    91568 kB
Unevictable:          48 kB
Mlocked:              48 kB
SwapTotal:       4095996 kB
SwapFree:        4067700 kB
Dirty:               308 kB
Writeback:             0 kB
AnonPages:       2110868 kB
Mapped:           200772 kB
Shmem:             40020 kB
Slab:             118268 kB
SReclaimable:      78780 kB
SUnreclaim:        39488 kB
KernelStack:        9760 kB
PageTables:        34548 kB
NFS_Unstable:          0 kB
Bounce:                0 kB
WritebackTmp:          0 kB
CommitLimit:     5887404 kB
Committed_AS:    6046848 kB
VmallocTotal:   34359738367 kB
VmallocUsed:           0 kB
VmallocChunk:          0 kB
HardwareCorrupted:     0 kB
AnonHugePages:   1107968 kB
CmaTotal:              0 kB
CmaFree:               0 kB
HugePages_Total:       0
HugePages_Free:        0
HugePages_Rsvd:        0
HugePages_Surp:        0
Hugepagesize:       2048 kB
DirectMap4k:      402684 kB
DirectMap2M:     3321856 kB
DirectMap1G:           0 kB


CPU:total 2 (2 cores per cpu, 1 threads per core) family 20 model 2 stepping 0, cmov, cx8, fxsr, mmx, sse, sse2, sse3, ssse3, popcnt, mmxext, lzcnt, sse4a, tsc, tscinvbit, tscinv

/proc/cpuinfo:
processor	: 0
vendor_id	: AuthenticAMD
cpu family	: 20
model		: 2
model name	: AMD E2-1800 APU with Radeon(tm) HD Graphics
stepping	: 0
microcode	: 0x500010d
cpu MHz		: 1700.000
cache size	: 512 KB
physical id	: 0
siblings	: 2
core id		: 0
cpu cores	: 2
apicid		: 0
initial apicid	: 0
fpu		: yes
fpu_exception	: yes
cpuid level	: 6
wp		: yes
flags		: fpu vme de pse tsc msr pae mce cx8 apic sep mtrr pge mca cmov pat pse36 clflush mmx fxsr sse sse2 ht syscall nx mmxext fxsr_opt pdpe1gb rdtscp lm constant_tsc rep_good nopl nonstop_tsc extd_apicid aperfmperf pni monitor ssse3 cx16 popcnt lahf_lm cmp_legacy svm extapic cr8_legacy abm sse4a misalignsse 3dnowprefetch ibs skinit wdt hw_pstate vmmcall arat npt lbrv svm_lock nrip_save pausefilter
bugs		: fxsave_leak sysret_ss_attrs
bogomips	: 3393.81
TLB size	: 1024 4K pages
clflush size	: 64
cache_alignment	: 64
address sizes	: 36 bits physical, 48 bits virtual
power management: ts ttp tm stc 100mhzsteps hwpstate

processor	: 1
vendor_id	: AuthenticAMD
cpu family	: 20
model		: 2
model name	: AMD E2-1800 APU with Radeon(tm) HD Graphics
stepping	: 0
microcode	: 0x500010d
cpu MHz		: 1700.000
cache size	: 512 KB
physical id	: 0
siblings	: 2
core id		: 1
cpu cores	: 2
apicid		: 1
initial apicid	: 1
fpu		: yes
fpu_exception	: yes
cpuid level	: 6
wp		: yes
flags		: fpu vme de pse tsc msr pae mce cx8 apic sep mtrr pge mca cmov pat pse36 clflush mmx fxsr sse sse2 ht syscall nx mmxext fxsr_opt pdpe1gb rdtscp lm constant_tsc rep_good nopl nonstop_tsc extd_apicid aperfmperf pni monitor ssse3 cx16 popcnt lahf_lm cmp_legacy svm extapic cr8_legacy abm sse4a misalignsse 3dnowprefetch ibs skinit wdt hw_pstate vmmcall arat npt lbrv svm_lock nrip_save pausefilter
bugs		: fxsave_leak sysret_ss_attrs
bogomips	: 3393.81
TLB size	: 1024 4K pages
clflush size	: 64
cache_alignment	: 64
address sizes	: 36 bits physical, 48 bits virtual
power management: ts ttp tm stc 100mhzsteps hwpstate



Memory: 4k page, physical 3582816k(554432k free), swap 4095996k(4067700k free)

vm_info: OpenJDK 64-Bit Server VM (25.91-b14) for linux-amd64 JRE (1.8.0_91-8u91-b14-3ubuntu1~16.04.1-b14), built on Jul 21 2016 04:13:34 by "buildd" with gcc 5.3.1 20160413

time: Sat Oct 15 15:14:56 2016
elapsed time: 151 seconds (0d 0h 2m 31s)

