#
# A fatal error has been detected by the Java Runtime Environment:
#
#  SIGSEGV (0xb) at pc=0x00007f51b3d684eb, pid=14442, tid=139989705729792
#
# JRE version: OpenJDK Runtime Environment (8.0_91-b14) (build 1.8.0_91-8u91-b14-3ubuntu1~16.04.1-b14)
# Java VM: OpenJDK 64-Bit Server VM (25.91-b14 mixed mode linux-amd64 compressed oops)
# Problematic frame:
# C  [r600_dri.so+0x3254eb]
#
# Failed to write core dump. Core dumps have been disabled. To enable core dumping, try "ulimit -c unlimited" before starting Java again
#
# If you would like to submit a bug report, please visit:
#   http://bugreport.java.com/bugreport/crash.jsp
# The crash happened outside the Java Virtual Machine in native code.
# See problematic frame for where to report the bug.
#

---------------  T H R E A D  ---------------

Current thread (0x00007f51b8003000):  JavaThread "AWT-EventQueue-1" [_thread_in_native, id=14465, stack(0x00007f51e49ea000,0x00007f51e4aeb000)]

siginfo: si_signo: 11 (SIGSEGV), si_code: 1 (SEGV_MAPERR), si_addr: 0x000000000000c030

Registers:
RAX=0x0000000000000000, RBX=0x00007f51b80ccc80, RCX=0x0000000000000000, RDX=0x0000000000000001
RSP=0x00007f51e4ae8710, RBP=0x000000000000c000, RSI=0x00007f51b80cd660, RDI=0x0000000100000000
R8 =0x0000000000000000, R9 =0x00007f51b71c3d50, R10=0x00007f51f8de2ac7, R11=0x00000000c9649a78
R12=0x0000000000000001, R13=0x00007f51c461c230, R14=0x0000000000000001, R15=0x0000000000000000
RIP=0x00007f51b3d684eb, EFLAGS=0x0000000000010202, CSGSFS=0x0000000000000033, ERR=0x0000000000000004
  TRAPNO=0x000000000000000e

Top of Stack: (sp=0x00007f51e4ae8710)
0x00007f51e4ae8710:   00007f51e4ae8760 00007f51f8daa27c
0x00007f51e4ae8720:   00000000ef64f9b8 c97778290a4d3d00
0x00007f51e4ae8730:   00000000c9facf80 0000000000000000
0x00007f51e4ae8740:   0000000000000000 00007f51b80ccb50
0x00007f51e4ae8750:   00007f51c461c230 00007f51c461f9a0
0x00007f51e4ae8760:   0000000000000000 00007f51b71c3df8
0x00007f51e4ae8770:   00007f51e4ae87a0 00007f51c461fb20
0x00007f51e4ae8780:   00007f5100000000 0000000000000000
0x00007f51e4ae8790:   0000000003c00053 00007f51b7198b31
0x00007f51e4ae87a0:   00007f51b80ccb50 c97778290a4d3d00
0x00007f51e4ae87b0:   0000000003c00053 00007f51b7198b60
0x00007f51e4ae87c0:   00007f51e4ae8830 0000000000000000
0x00007f51e4ae87d0:   0000000000000001 00007f51e4ae8870
0x00007f51e4ae87e0:   00007f51b8003000 00007f51b58cb849
0x00007f51e4ae87f0:   00007f51e4ae8ad8 00007f51b7198b60
0x00007f51e4ae8800:   0000000003c00053 00007f51c461e730
0x00007f51e4ae8810:   00007f51e4ae8870 00007f51b80031e0
0x00007f51e4ae8820:   00007f51e4ae8840 00007f51b7198b60
0x00007f51e4ae8830:   00007f51e4ae8880 00007f51f8de2b3d
0x00007f51e4ae8840:   00000000ef64f918 00000000ef64f968
0x00007f51e4ae8850:   00000000ef64f958 0000000000000003
0x00007f51e4ae8860:   00000000ef64f978 00000000ef64f9c8
0x00007f51e4ae8870:   00000000c9ce0670 00000000ef64f9d8
0x00007f51e4ae8880:   00007f51e4ae8ad8 00007f51f8d8c2d4
0x00007f51e4ae8890:   00007f51f79f6000 00000000c993e1e8
0x00007f51e4ae88a0:   00000000ef64fac0 0000000000000000
0x00007f51e4ae88b0:   0000000000000009 00007f51b8000e30
0x00007f51e4ae88c0:   00007f51e4ae8ad8 00007f51f8d0f8c4
0x00007f51e4ae88d0:   00007f51b7416cf8 00000000000000b6
0x00007f51e4ae88e0:   00007f51e4ae8940 00007f520d3c7039
0x00007f51e4ae88f0:   00007f51f85bc310 00007f5100000000
0x00007f51e4ae8900:   00007f51b7416cf8 00007f51b8003000 

Instructions: (pc=0x00007f51b3d684eb)
0x00007f51b3d684cb:   01 c6 44 24 0f 00 0f 84 d9 00 00 00 48 8b b3 30
0x00007f51b3d684db:   01 00 00 48 85 f6 0f 84 c9 00 00 00 83 7b 38 01
0x00007f51b3d684eb:   48 8b 55 30 4c 8b 6a 18 0f 8e 4f 02 00 00 45 85
0x00007f51b3d684fb:   ff 0f 85 46 02 00 00 48 8b 93 68 01 00 00 48 85 

Register to memory mapping:

RAX=0x0000000000000000 is an unknown value
RBX=0x00007f51b80ccc80 is an unknown value
RCX=0x0000000000000000 is an unknown value
RDX=0x0000000000000001 is an unknown value
RSP=0x00007f51e4ae8710 is pointing into the stack for thread: 0x00007f51b8003000
RBP=0x000000000000c000 is an unknown value
RSI=0x00007f51b80cd660 is an unknown value
RDI=0x0000000100000000 is pointing into metadata
R8 =0x0000000000000000 is an unknown value
R9 =0x00007f51b71c3d50: <offset 0x45d50> in /usr/lib/x86_64-linux-gnu/mesa/libGL.so.1 at 0x00007f51b717e000
R10=0x00007f51f8de2ac7 is at entry_point+71 in (nmethod*)0x00007f51f8de2910
R11=0x00000000c9649a78 is an oop
com.jogamp.common.os.MachineDescription$StaticConfig 
 - klass: 'com/jogamp/common/os/MachineDescription$StaticConfig'
R12=0x0000000000000001 is an unknown value
R13=0x00007f51c461c230 is an unknown value
R14=0x0000000000000001 is an unknown value
R15=0x0000000000000000 is an unknown value


Stack: [0x00007f51e49ea000,0x00007f51e4aeb000],  sp=0x00007f51e4ae8710,  free space=1017k
Native frames: (J=compiled Java code, j=interpreted, Vv=VM code, C=native code)
C  [r600_dri.so+0x3254eb]

Java frames: (J=compiled Java code, j=interpreted, Vv=VM code)
J 2634  jogamp.opengl.x11.glx.GLX.dispatch_glXSwapBuffers0(JJJ)V (0 bytes) @ 0x00007f51f8de2ac7 [0x00007f51f8de2a80+0x47]
J 2534 C1 jogamp.opengl.x11.glx.GLX.glXSwapBuffers(JJ)V (45 bytes) @ 0x00007f51f8d8c2d4 [0x00007f51f8d8b920+0x9b4]
J 2533 C1 jogamp.opengl.x11.glx.X11GLXDrawable.swapBuffersImpl(Z)V (21 bytes) @ 0x00007f51f8d8b484 [0x00007f51f8d8b1e0+0x2a4]
J 2532 C1 jogamp.opengl.GLDrawableImpl.swapBuffers()V (138 bytes) @ 0x00007f51f8d89e1c [0x00007f51f8d89760+0x6bc]
j  javax.media.opengl.awt.GLCanvas$12.run()V+45
J 2337 C1 java.awt.event.InvocationEvent.dispatch()V (69 bytes) @ 0x00007f51f88ce5cc [0x00007f51f88ce480+0x14c]
J 2520 C1 java.awt.EventQueue.dispatchEventImpl(Ljava/awt/AWTEvent;Ljava/lang/Object;)V (149 bytes) @ 0x00007f51f8d7f9fc [0x00007f51f8d7de80+0x1b7c]
J 2416 C1 java.awt.EventQueue$3.run()Ljava/lang/Void; (60 bytes) @ 0x00007f51f89e8f44 [0x00007f51f89e8d40+0x204]
J 2415 C1 java.awt.EventQueue$3.run()Ljava/lang/Object; (5 bytes) @ 0x00007f51f89ea14c [0x00007f51f89ea0c0+0x8c]
v  ~StubRoutines::call_stub
J 457  java.security.AccessController.doPrivileged(Ljava/security/PrivilegedAction;Ljava/security/AccessControlContext;)Ljava/lang/Object; (0 bytes) @ 0x00007f51f87c44a3 [0x00007f51f87c4440+0x63]
J 2232 C1 java.awt.EventQueue.dispatchEvent(Ljava/awt/AWTEvent;)V (80 bytes) @ 0x00007f51f8d08ec4 [0x00007f51f8d08540+0x984]
J 2422 C1 java.awt.EventDispatchThread.pumpOneEventForFilters(I)V (295 bytes) @ 0x00007f51f8d2a814 [0x00007f51f8d28cc0+0x1b54]
j  java.awt.EventDispatchThread.pumpEventsForFilter(ILjava/awt/Conditional;Ljava/awt/EventFilter;)V+35
j  java.awt.EventDispatchThread.pumpEventsForHierarchy(ILjava/awt/Conditional;Ljava/awt/Component;)V+11
j  java.awt.EventDispatchThread.pumpEvents(ILjava/awt/Conditional;)V+4
j  java.awt.EventDispatchThread.pumpEvents(Ljava/awt/Conditional;)V+3
j  java.awt.EventDispatchThread.run()V+9
v  ~StubRoutines::call_stub

---------------  P R O C E S S  ---------------

Java Threads: ( => current thread )
  0x00007f51b8138800 JavaThread "Thread-7" [_thread_blocked, id=14497, stack(0x00007f51adb17000,0x00007f51adc18000)]
  0x00007f51c41d6000 JavaThread "Animation Thread-SharedResourceRunner" daemon [_thread_blocked, id=14473, stack(0x00007f51e43e8000,0x00007f51e44e9000)]
  0x00007f51c40a8800 JavaThread "process reaper" daemon [_thread_blocked, id=14469, stack(0x00007f51f40c1000,0x00007f51f40fa000)]
=>0x00007f51b8003000 JavaThread "AWT-EventQueue-1" [_thread_in_native, id=14465, stack(0x00007f51e49ea000,0x00007f51e4aeb000)]
  0x00007f520800a000 JavaThread "DestroyJavaVM" [_thread_blocked, id=14446, stack(0x00007f520eb50000,0x00007f520ec51000)]
  0x00007f52082fe000 JavaThread "AWT-EventQueue-0" [_thread_blocked, id=14463, stack(0x00007f51e5217000,0x00007f51e5318000)]
  0x00007f52082fa000 JavaThread "AWT-Shutdown" [_thread_blocked, id=14462, stack(0x00007f51e5318000,0x00007f51e5419000)]
  0x00007f52082e6800 JavaThread "thread applet-module4.EarthquakeCityMap.class" [_thread_blocked, id=14461, stack(0x00007f51e5419000,0x00007f51e551a000)]
  0x00007f52082d9800 JavaThread "AWT-XAWT" daemon [_thread_blocked, id=14459, stack(0x00007f51e551a000,0x00007f51e561b000)]
  0x00007f52082b4000 JavaThread "Java2D Disposer" daemon [_thread_blocked, id=14458, stack(0x00007f51e5a2b000,0x00007f51e5b2c000)]
  0x00007f52080b0000 JavaThread "Service Thread" daemon [_thread_blocked, id=14456, stack(0x00007f51f4542000,0x00007f51f4643000)]
  0x00007f52080ad000 JavaThread "C1 CompilerThread1" daemon [_thread_blocked, id=14455, stack(0x00007f51f4643000,0x00007f51f4744000)]
  0x00007f52080aa000 JavaThread "C2 CompilerThread0" daemon [_thread_blocked, id=14454, stack(0x00007f51f4744000,0x00007f51f4845000)]
  0x00007f52080a8000 JavaThread "Signal Dispatcher" daemon [_thread_blocked, id=14453, stack(0x00007f51f4845000,0x00007f51f4946000)]
  0x00007f520807f800 JavaThread "Finalizer" daemon [_thread_blocked, id=14452, stack(0x00007f51f4946000,0x00007f51f4a47000)]
  0x00007f520807b000 JavaThread "Reference Handler" daemon [_thread_blocked, id=14451, stack(0x00007f51f4a47000,0x00007f51f4b48000)]

Other Threads:
  0x00007f5208073800 VMThread [stack: 0x00007f51f4b48000,0x00007f51f4c49000] [id=14450]
  0x00007f52080be800 WatcherThread [stack: 0x00007f51f4441000,0x00007f51f4542000] [id=14457]

VM state:not at safepoint (normal execution)

VM Mutex/Monitor currently owned by a thread: None

Heap:
 PSYoungGen      total 41472K, used 28028K [0x00000000edc00000, 0x00000000f2000000, 0x0000000100000000)
  eden space 40960K, 67% used [0x00000000edc00000,0x00000000ef7273d8,0x00000000f0400000)
  from space 512K, 43% used [0x00000000f1f80000,0x00000000f1fb8000,0x00000000f2000000)
  to   space 10240K, 0% used [0x00000000f0c00000,0x00000000f0c00000,0x00000000f1600000)
 ParOldGen       total 44544K, used 13425K [0x00000000c9400000, 0x00000000cbf80000, 0x00000000edc00000)
  object space 44544K, 30% used [0x00000000c9400000,0x00000000ca11c428,0x00000000cbf80000)
 Metaspace       used 21393K, capacity 21609K, committed 22016K, reserved 1069056K
  class space    used 1959K, capacity 2024K, committed 2048K, reserved 1048576K

Card table byte_map: [0x00007f51f8040000,0x00007f51f81f7000] byte_map_base: 0x00007f51f79f6000

Marking Bits: (ParMarkBitMap*) 0x00007f520de1cfc0
 Begin Bits: [0x00007f51f61ba000, 0x00007f51f6f6a000)
 End Bits:   [0x00007f51f6f6a000, 0x00007f51f7d1a000)

Polling page: 0x00007f520ec6e000

CodeCache: size=245760Kb used=8572Kb max_used=8591Kb free=237188Kb
 bounds [0x00007f51f85b7000, 0x00007f51f8e27000, 0x00007f52075b7000]
 total_blobs=3513 nmethods=2535 adapters=893
 compilation: enabled

Compilation events (10 events):
Event: 32,429 Thread 0x00007f52080aa000 nmethod 2695 0x00007f51f8e18450 code [0x00007f51f8e185a0, 0x00007f51f8e18a18]
Event: 32,820 Thread 0x00007f52080ad000 2696       1       sun.awt.image.PixelConverter$Xrgb::rgbToPixel (2 bytes)
Event: 32,820 Thread 0x00007f52080ad000 nmethod 2696 0x00007f51f88257d0 code [0x00007f51f8825920, 0x00007f51f8825a30]
Event: 33,015 Thread 0x00007f52080ad000 2699       3       sun.java2d.xr.GrowableEltArray::getCharCnt (13 bytes)
Event: 33,016 Thread 0x00007f52080ad000 nmethod 2699 0x00007f51f8e13990 code [0x00007f51f8e13b00, 0x00007f51f8e13d50]
Event: 33,016 Thread 0x00007f52080ad000 2697       3       sun.awt.X11.XKeyboardFocusManagerPeer::getInstance (4 bytes)
Event: 33,017 Thread 0x00007f52080ad000 nmethod 2697 0x00007f51f8a6ddd0 code [0x00007f51f8a6df20, 0x00007f51f8a6e050]
Event: 33,017 Thread 0x00007f52080ad000 2698   !   3       sun.awt.X11.XAwtState::getGrabWindow (67 bytes)
Event: 33,019 Thread 0x00007f52080ad000 nmethod 2698 0x00007f51f8e1de50 code [0x00007f51f8e1e060, 0x00007f51f8e1ed58]
Event: 33,026 Thread 0x00007f52080aa000 2700   !   4       java.awt.Font::equals (132 bytes)

GC Heap History (10 events):
Event: 4,360 GC heap before
{Heap before GC invocations=3 (full 0):
 PSYoungGen      total 16896K, used 16880K [0x00000000edc00000, 0x00000000eee80000, 0x0000000100000000)
  eden space 14848K, 100% used [0x00000000edc00000,0x00000000eea80000,0x00000000eea80000)
  from space 2048K, 99% used [0x00000000eec80000,0x00000000eee7c010,0x00000000eee80000)
  to   space 2048K, 0% used [0x00000000eea80000,0x00000000eea80000,0x00000000eec80000)
 ParOldGen       total 38400K, used 2948K [0x00000000c9400000, 0x00000000cb980000, 0x00000000edc00000)
  object space 38400K, 7% used [0x00000000c9400000,0x00000000c96e13c0,0x00000000cb980000)
 Metaspace       used 17872K, capacity 18069K, committed 18432K, reserved 1067008K
  class space    used 1704K, capacity 1792K, committed 1792K, reserved 1048576K
Event: 4,385 GC heap after
Heap after GC invocations=3 (full 0):
 PSYoungGen      total 16896K, used 2034K [0x00000000edc00000, 0x00000000efd00000, 0x0000000100000000)
  eden space 14848K, 0% used [0x00000000edc00000,0x00000000edc00000,0x00000000eea80000)
  from space 2048K, 99% used [0x00000000eea80000,0x00000000eec7c880,0x00000000eec80000)
  to   space 2048K, 0% used [0x00000000efb00000,0x00000000efb00000,0x00000000efd00000)
 ParOldGen       total 38400K, used 7155K [0x00000000c9400000, 0x00000000cb980000, 0x00000000edc00000)
  object space 38400K, 18% used [0x00000000c9400000,0x00000000c9afcc50,0x00000000cb980000)
 Metaspace       used 17872K, capacity 18069K, committed 18432K, reserved 1067008K
  class space    used 1704K, capacity 1792K, committed 1792K, reserved 1048576K
}
Event: 6,466 GC heap before
{Heap before GC invocations=4 (full 0):
 PSYoungGen      total 16896K, used 16882K [0x00000000edc00000, 0x00000000efd00000, 0x0000000100000000)
  eden space 14848K, 100% used [0x00000000edc00000,0x00000000eea80000,0x00000000eea80000)
  from space 2048K, 99% used [0x00000000eea80000,0x00000000eec7c880,0x00000000eec80000)
  to   space 2048K, 0% used [0x00000000efb00000,0x00000000efb00000,0x00000000efd00000)
 ParOldGen       total 38400K, used 7155K [0x00000000c9400000, 0x00000000cb980000, 0x00000000edc00000)
  object space 38400K, 18% used [0x00000000c9400000,0x00000000c9afcc50,0x00000000cb980000)
 Metaspace       used 20030K, capacity 20257K, committed 20480K, reserved 1067008K
  class space    used 1916K, capacity 1986K, committed 2048K, reserved 1048576K
Event: 6,491 GC heap after
Heap after GC invocations=4 (full 0):
 PSYoungGen      total 31744K, used 2018K [0x00000000edc00000, 0x00000000efd00000, 0x0000000100000000)
  eden space 29696K, 0% used [0x00000000edc00000,0x00000000edc00000,0x00000000ef900000)
  from space 2048K, 98% used [0x00000000efb00000,0x00000000efcf8880,0x00000000efd00000)
  to   space 2048K, 0% used [0x00000000ef900000,0x00000000ef900000,0x00000000efb00000)
 ParOldGen       total 38400K, used 14203K [0x00000000c9400000, 0x00000000cb980000, 0x00000000edc00000)
  object space 38400K, 36% used [0x00000000c9400000,0x00000000ca1decb0,0x00000000cb980000)
 Metaspace       used 20030K, capacity 20257K, committed 20480K, reserved 1067008K
  class space    used 1916K, capacity 1986K, committed 2048K, reserved 1048576K
}
Event: 8,892 GC heap before
{Heap before GC invocations=5 (full 0):
 PSYoungGen      total 31744K, used 20666K [0x00000000edc00000, 0x00000000efd00000, 0x0000000100000000)
  eden space 29696K, 62% used [0x00000000edc00000,0x00000000eee360a0,0x00000000ef900000)
  from space 2048K, 98% used [0x00000000efb00000,0x00000000efcf8880,0x00000000efd00000)
  to   space 2048K, 0% used [0x00000000ef900000,0x00000000ef900000,0x00000000efb00000)
 ParOldGen       total 38400K, used 14203K [0x00000000c9400000, 0x00000000cb980000, 0x00000000edc00000)
  object space 38400K, 36% used [0x00000000c9400000,0x00000000ca1decb0,0x00000000cb980000)
 Metaspace       used 20813K, capacity 21027K, committed 21248K, reserved 1069056K
  class space    used 1950K, capacity 2023K, committed 2048K, reserved 1048576K
Event: 8,919 GC heap after
Heap after GC invocations=5 (full 0):
 PSYoungGen      total 31744K, used 2018K [0x00000000edc00000, 0x00000000f2900000, 0x0000000100000000)
  eden space 29696K, 0% used [0x00000000edc00000,0x00000000edc00000,0x00000000ef900000)
  from space 2048K, 98% used [0x00000000ef900000,0x00000000efaf8870,0x00000000efb00000)
  to   space 9728K, 0% used [0x00000000f1f80000,0x00000000f1f80000,0x00000000f2900000)
 ParOldGen       total 38400K, used 16263K [0x00000000c9400000, 0x00000000cb980000, 0x00000000edc00000)
  object space 38400K, 42% used [0x00000000c9400000,0x00000000ca3e1de8,0x00000000cb980000)
 Metaspace       used 20813K, capacity 21027K, committed 21248K, reserved 1069056K
  class space    used 1950K, capacity 2023K, committed 2048K, reserved 1048576K
}
Event: 8,919 GC heap before
{Heap before GC invocations=6 (full 1):
 PSYoungGen      total 31744K, used 2018K [0x00000000edc00000, 0x00000000f2900000, 0x0000000100000000)
  eden space 29696K, 0% used [0x00000000edc00000,0x00000000edc00000,0x00000000ef900000)
  from space 2048K, 98% used [0x00000000ef900000,0x00000000efaf8870,0x00000000efb00000)
  to   space 9728K, 0% used [0x00000000f1f80000,0x00000000f1f80000,0x00000000f2900000)
 ParOldGen       total 38400K, used 16263K [0x00000000c9400000, 0x00000000cb980000, 0x00000000edc00000)
  object space 38400K, 42% used [0x00000000c9400000,0x00000000ca3e1de8,0x00000000cb980000)
 Metaspace       used 20813K, capacity 21027K, committed 21248K, reserved 1069056K
  class space    used 1950K, capacity 2023K, committed 2048K, reserved 1048576K
Event: 9,060 GC heap after
Heap after GC invocations=6 (full 1):
 PSYoungGen      total 31744K, used 0K [0x00000000edc00000, 0x00000000f2900000, 0x0000000100000000)
  eden space 29696K, 0% used [0x00000000edc00000,0x00000000edc00000,0x00000000ef900000)
  from space 2048K, 0% used [0x00000000ef900000,0x00000000ef900000,0x00000000efb00000)
  to   space 9728K, 0% used [0x00000000f1f80000,0x00000000f1f80000,0x00000000f2900000)
 ParOldGen       total 44544K, used 13417K [0x00000000c9400000, 0x00000000cbf80000, 0x00000000edc00000)
  object space 44544K, 30% used [0x00000000c9400000,0x00000000ca11a428,0x00000000cbf80000)
 Metaspace       used 20813K, capacity 21027K, committed 21248K, reserved 1069056K
  class space    used 1950K, capacity 2023K, committed 2048K, reserved 1048576K
}
Event: 21,522 GC heap before
{Heap before GC invocations=7 (full 1):
 PSYoungGen      total 31744K, used 29696K [0x00000000edc00000, 0x00000000f2900000, 0x0000000100000000)
  eden space 29696K, 100% used [0x00000000edc00000,0x00000000ef900000,0x00000000ef900000)
  from space 2048K, 0% used [0x00000000ef900000,0x00000000ef900000,0x00000000efb00000)
  to   space 9728K, 0% used [0x00000000f1f80000,0x00000000f1f80000,0x00000000f2900000)
 ParOldGen       total 44544K, used 13417K [0x00000000c9400000, 0x00000000cbf80000, 0x00000000edc00000)
  object space 44544K, 30% used [0x00000000c9400000,0x00000000ca11a428,0x00000000cbf80000)
 Metaspace       used 21343K, capacity 21539K, committed 21760K, reserved 1069056K
  class space    used 1955K, capacity 2023K, committed 2048K, reserved 1048576K
Event: 21,528 GC heap after
Heap after GC invocations=7 (full 1):
 PSYoungGen      total 41472K, used 224K [0x00000000edc00000, 0x00000000f2000000, 0x0000000100000000)
  eden space 40960K, 0% used [0x00000000edc00000,0x00000000edc00000,0x00000000f0400000)
  from space 512K, 43% used [0x00000000f1f80000,0x00000000f1fb8000,0x00000000f2000000)
  to   space 10240K, 0% used [0x00000000f0c00000,0x00000000f0c00000,0x00000000f1600000)
 ParOldGen       total 44544K, used 13425K [0x00000000c9400000, 0x00000000cbf80000, 0x00000000edc00000)
  object space 44544K, 30% used [0x00000000c9400000,0x00000000ca11c428,0x00000000cbf80000)
 Metaspace       used 21343K, capacity 21539K, committed 21760K, reserved 1069056K
  class space    used 1955K, capacity 2023K, committed 2048K, reserved 1048576K
}

Deoptimization events (10 events):
Event: 3,589 Thread 0x00007f51b800d000 Uncommon trap: reason=unstable_if action=reinterpret pc=0x00007f51f892cb54 method=sun.net.www.ParseUtil.encodePath(Ljava/lang/String;Z)Ljava/lang/String; @ 109
Event: 4,073 Thread 0x00007f51b8003000 Uncommon trap: reason=unstable_if action=reinterpret pc=0x00007f51f894f5a4 method=com.jogamp.common.util.IntIntHashMap.get(I)I @ 19
Event: 4,133 Thread 0x00007f51b8003000 Uncommon trap: reason=unstable_if action=reinterpret pc=0x00007f51f87853c8 method=java.lang.AbstractStringBuilder.append(Ljava/lang/String;)Ljava/lang/AbstractStringBuilder; @ 1
Event: 6,559 Thread 0x00007f51b8003000 Uncommon trap: reason=class_check action=maybe_recompile pc=0x00007f51f8a35054 method=com.jogamp.common.nio.Buffers.getDirectBufferByteOffset(Ljava/lang/Object;)I @ 42
Event: 6,800 Thread 0x00007f51b8003000 Uncommon trap: reason=class_check action=maybe_recompile pc=0x00007f51f8a35054 method=com.jogamp.common.nio.Buffers.getDirectBufferByteOffset(Ljava/lang/Object;)I @ 42
Event: 7,230 Thread 0x00007f51b8003000 Uncommon trap: reason=unstable_if action=reinterpret pc=0x00007f51f880c620 method=java.lang.CharacterData.of(I)Ljava/lang/CharacterData; @ 4
Event: 7,447 Thread 0x00007f51b8003000 Uncommon trap: reason=class_check action=maybe_recompile pc=0x00007f51f8a35054 method=com.jogamp.common.nio.Buffers.getDirectBufferByteOffset(Ljava/lang/Object;)I @ 42
Event: 7,450 Thread 0x00007f51b8003000 Uncommon trap: reason=class_check action=maybe_recompile pc=0x00007f51f8a35054 method=com.jogamp.common.nio.Buffers.getDirectBufferByteOffset(Ljava/lang/Object;)I @ 42
Event: 33,014 Thread 0x00007f52082e6800 Uncommon trap: reason=unstable_if action=reinterpret pc=0x00007f51f8ccb194 method=java.awt.font.FontRenderContext.equals(Ljava/awt/font/FontRenderContext;)Z @ 2
Event: 33,014 Thread 0x00007f52082e6800 Uncommon trap: reason=unstable_if action=reinterpret pc=0x00007f51f8c97d38 method=java.awt.font.FontRenderContext.equals(Ljava/awt/font/FontRenderContext;)Z @ 2

Internal exceptions (10 events):
Event: 4,133 Thread 0x00007f51b8003000 Implicit null exception at 0x00007f51f8785075 to 0x00007f51f87853b5
Event: 5,936 Thread 0x00007f51b8003000 Exception <a 'java/lang/reflect/InvocationTargetException'> (0x00000000ee3bcf08) thrown at [/build/openjdk-8-W1Ghxo/openjdk-8-8u91-b14/src/hotspot/src/share/vm/runtime/reflection.cpp, line 1092]
Event: 5,942 Thread 0x00007f51b8003000 Exception <a 'java/lang/reflect/InvocationTargetException'> (0x00000000ee665e50) thrown at [/build/openjdk-8-W1Ghxo/openjdk-8-8u91-b14/src/hotspot/src/share/vm/runtime/reflection.cpp, line 1092]
Event: 7,453 Thread 0x00007f51b8003000 Exception <a 'java/lang/reflect/InvocationTargetException'> (0x00000000ee95f9a8) thrown at [/build/openjdk-8-W1Ghxo/openjdk-8-8u91-b14/src/hotspot/src/share/vm/runtime/reflection.cpp, line 1092]
Event: 7,459 Thread 0x00007f51b8003000 Exception <a 'java/lang/reflect/InvocationTargetException'> (0x00000000ee960f00) thrown at [/build/openjdk-8-W1Ghxo/openjdk-8-8u91-b14/src/hotspot/src/share/vm/runtime/reflection.cpp, line 1092]
Event: 7,593 Thread 0x00007f51b8003000 Exception <a 'java/lang/reflect/InvocationTargetException'> (0x00000000ee97e1d0) thrown at [/build/openjdk-8-W1Ghxo/openjdk-8-8u91-b14/src/hotspot/src/share/vm/runtime/reflection.cpp, line 1092]
Event: 7,594 Thread 0x00007f51b8003000 Exception <a 'java/lang/reflect/InvocationTargetException'> (0x00000000ee97ecc0) thrown at [/build/openjdk-8-W1Ghxo/openjdk-8-8u91-b14/src/hotspot/src/share/vm/runtime/reflection.cpp, line 1092]
Event: 7,843 Thread 0x00007f51b8003000 Exception <a 'java/lang/reflect/InvocationTargetException'> (0x00000000eeb1e4e8) thrown at [/build/openjdk-8-W1Ghxo/openjdk-8-8u91-b14/src/hotspot/src/share/vm/runtime/reflection.cpp, line 1092]
Event: 7,844 Thread 0x00007f51b8003000 Exception <a 'java/lang/reflect/InvocationTargetException'> (0x00000000eeb1f0d8) thrown at [/build/openjdk-8-W1Ghxo/openjdk-8-8u91-b14/src/hotspot/src/share/vm/runtime/reflection.cpp, line 1092]
Event: 7,901 Thread 0x00007f51b8003000 Exception <a 'java/lang/reflect/InvocationTargetException'> (0x00000000eeb3b620) thrown at [/build/openjdk-8-W1Ghxo/openjdk-8-8u91-b14/src/hotspot/src/share/vm/runtime/reflection.cpp, line 1092]

Events (10 events):
Event: 33,014 Thread 0x00007f52082e6800 Uncommon trap: trap_request=0xffffff65 fr.pc=0x00007f51f8ccb194
Event: 33,014 Thread 0x00007f52082e6800 DEOPT PACKING pc=0x00007f51f8ccb194 sp=0x00007f51e55185a0
Event: 33,014 Thread 0x00007f52082e6800 DEOPT UNPACKING pc=0x00007f51f85bbf69 sp=0x00007f51e55184f8 mode 2
Event: 33,014 Thread 0x00007f52082e6800 Uncommon trap: trap_request=0xffffff65 fr.pc=0x00007f51f8c97d38
Event: 33,014 Thread 0x00007f52082e6800 DEOPT PACKING pc=0x00007f51f8c97d38 sp=0x00007f51e5518440
Event: 33,014 Thread 0x00007f52082e6800 DEOPT UNPACKING pc=0x00007f51f85bbf69 sp=0x00007f51e5518410 mode 2
Event: 33,016 Thread 0x00007f52080ad000 flushing nmethod 0x00007f51f8728a50
Event: 33,016 Thread 0x00007f52080ad000 flushing nmethod 0x00007f51f87447d0
Event: 33,017 Thread 0x00007f52080ad000 flushing nmethod 0x00007f51f877fdd0
Event: 33,030 Thread 0x00007f51b800d000 Thread exited: 0x00007f51b800d000


Dynamic libraries:
00400000-00401000 r-xp 00000000 08:06 2233749                            /usr/lib/jvm/java-8-openjdk-amd64/jre/bin/java
00600000-00601000 r--p 00000000 08:06 2233749                            /usr/lib/jvm/java-8-openjdk-amd64/jre/bin/java
00601000-00602000 rw-p 00001000 08:06 2233749                            /usr/lib/jvm/java-8-openjdk-amd64/jre/bin/java
024c8000-02506000 rw-p 00000000 00:00 0                                  [heap]
c9400000-cbf80000 rw-p 00000000 00:00 0 
cbf80000-edc00000 ---p 00000000 00:00 0 
edc00000-f2000000 rw-p 00000000 00:00 0 
f2000000-100000000 ---p 00000000 00:00 0 
100000000-100200000 rw-p 00000000 00:00 0 
100200000-140000000 ---p 00000000 00:00 0 
7f51ad915000-7f51ad918000 ---p 00000000 00:00 0 
7f51ad918000-7f51ada16000 rw-p 00000000 00:00 0 
7f51ada16000-7f51ada19000 ---p 00000000 00:00 0 
7f51ada19000-7f51adb17000 rw-p 00000000 00:00 0 
7f51adb17000-7f51adb1a000 ---p 00000000 00:00 0 
7f51adb1a000-7f51adc18000 rw-p 00000000 00:00 0 
7f51adc18000-7f51adc1b000 ---p 00000000 00:00 0 
7f51adc1b000-7f51add19000 rw-p 00000000 00:00 0 
7f51add19000-7f51add1c000 ---p 00000000 00:00 0 
7f51add1c000-7f51ade1a000 rw-p 00000000 00:00 0 
7f51ade1a000-7f51ade1d000 ---p 00000000 00:00 0 
7f51ade1d000-7f51adf1b000 rw-p 00000000 00:00 0 
7f51adf1b000-7f51adf1e000 ---p 00000000 00:00 0 
7f51adf1e000-7f51ae01c000 rw-p 00000000 00:00 0 
7f51ae01c000-7f51ae01f000 ---p 00000000 00:00 0 
7f51ae01f000-7f51ae11d000 rw-p 00000000 00:00 0 
7f51ae392000-7f51ae5fa000 rw-p 00000000 00:00 0 
7f51ae66f000-7f51ae7ef000 rw-p 00000000 00:00 0 
7f51ae7ef000-7f51ae86f000 ---p 00000000 00:00 0 
7f51ae86f000-7f51aead7000 rw-p 00000000 00:00 0 
7f51aead7000-7f51aeaee000 r-xp 00000000 08:06 2757803                    /lib/x86_64-linux-gnu/libresolv-2.23.so
7f51aeaee000-7f51aecee000 ---p 00017000 08:06 2757803                    /lib/x86_64-linux-gnu/libresolv-2.23.so
7f51aecee000-7f51aecef000 r--p 00017000 08:06 2757803                    /lib/x86_64-linux-gnu/libresolv-2.23.so
7f51aecef000-7f51aecf0000 rw-p 00018000 08:06 2757803                    /lib/x86_64-linux-gnu/libresolv-2.23.so
7f51aecf0000-7f51aecf2000 rw-p 00000000 00:00 0 
7f51aecf2000-7f51aecf7000 r-xp 00000000 08:06 2757748                    /lib/x86_64-linux-gnu/libnss_dns-2.23.so
7f51aecf7000-7f51aeef7000 ---p 00005000 08:06 2757748                    /lib/x86_64-linux-gnu/libnss_dns-2.23.so
7f51aeef7000-7f51aeef8000 r--p 00005000 08:06 2757748                    /lib/x86_64-linux-gnu/libnss_dns-2.23.so
7f51aeef8000-7f51aeef9000 rw-p 00006000 08:06 2757748                    /lib/x86_64-linux-gnu/libnss_dns-2.23.so
7f51aeef9000-7f51aeefb000 r-xp 00000000 08:06 2757756                    /lib/x86_64-linux-gnu/libnss_mdns4_minimal.so.2
7f51aeefb000-7f51af0fa000 ---p 00002000 08:06 2757756                    /lib/x86_64-linux-gnu/libnss_mdns4_minimal.so.2
7f51af0fa000-7f51af0fb000 r--p 00001000 08:06 2757756                    /lib/x86_64-linux-gnu/libnss_mdns4_minimal.so.2
7f51af0fb000-7f51af0fc000 rw-p 00002000 08:06 2757756                    /lib/x86_64-linux-gnu/libnss_mdns4_minimal.so.2
7f51af146000-7f51af151000 r--s 00000000 08:06 926427                     /var/cache/fontconfig/945677eb7aeaf62f1d50efc3fb3ec7d8-le64.cache-6
7f51af151000-7f51af157000 r--s 00000000 08:06 926425                     /var/cache/fontconfig/2cd17615ca594fa2959ae173292e504c-le64.cache-6
7f51af157000-7f51af158000 r--s 00000000 08:06 926424                     /var/cache/fontconfig/0d8c3b2ac0904cb8a57a757ad11a4a08-le64.cache-6
7f51af158000-7f51af16d000 r--s 00000000 08:06 926404                     /var/cache/fontconfig/04aabc0a78ac019cf9454389977116d2-le64.cache-6
7f51af16d000-7f51af16e000 r--s 00000000 08:06 926423                     /var/cache/fontconfig/1ac9eb803944fde146138c791f5cc56a-le64.cache-6
7f51af16e000-7f51af172000 r--s 00000000 08:06 926422                     /var/cache/fontconfig/385c0604a188198f04d133e54aba7fe7-le64.cache-6
7f51af172000-7f51af173000 r--s 00000000 08:06 926421                     /var/cache/fontconfig/dc05db6664285cc2f12bf69c139ae4c3-le64.cache-6
7f51af173000-7f51af176000 r--s 00000000 08:06 926420                     /var/cache/fontconfig/767a8244fc0220cfb567a839d0392e0b-le64.cache-6
7f51af176000-7f51af177000 r--s 00000000 08:06 926419                     /var/cache/fontconfig/4794a0821666d79190d59a36cb4f44b5-le64.cache-6
7f51af177000-7f51af17c000 r--s 00000000 08:06 926418                     /var/cache/fontconfig/8801497958630a81b71ace7c5f9b32a8-le64.cache-6
7f51af17c000-7f51af183000 r--s 00000000 08:06 926416                     /var/cache/fontconfig/3047814df9a2f067bd2d96a2b9c36e5a-le64.cache-6
7f51af183000-7f51af189000 r--s 00000000 08:06 926413                     /var/cache/fontconfig/b47c4e1ecd0709278f4910c18777a504-le64.cache-6
7f51af189000-7f51af18c000 ---p 00000000 00:00 0 
7f51af18c000-7f51af48a000 rw-p 00000000 00:00 0 
7f51af58a000-7f51af58c000 r-xp 00000000 08:06 2237699                    /usr/lib/x86_64-linux-gnu/libXinerama.so.1.0.0
7f51af58c000-7f51af78b000 ---p 00002000 08:06 2237699                    /usr/lib/x86_64-linux-gnu/libXinerama.so.1.0.0
7f51af78b000-7f51af78c000 r--p 00001000 08:06 2237699                    /usr/lib/x86_64-linux-gnu/libXinerama.so.1.0.0
7f51af78c000-7f51af78d000 rw-p 00002000 08:06 2237699                    /usr/lib/x86_64-linux-gnu/libXinerama.so.1.0.0
7f51af78d000-7f51af7c4000 r-xp 00000000 08:06 2238861                    /usr/lib/x86_64-linux-gnu/libtxc_dxtn_s2tc.so.0.0.0
7f51af7c4000-7f51af9c3000 ---p 00037000 08:06 2238861                    /usr/lib/x86_64-linux-gnu/libtxc_dxtn_s2tc.so.0.0.0
7f51af9c3000-7f51af9c4000 r--p 00036000 08:06 2238861                    /usr/lib/x86_64-linux-gnu/libtxc_dxtn_s2tc.so.0.0.0
7f51af9c4000-7f51af9c5000 rw-p 00037000 08:06 2238861                    /usr/lib/x86_64-linux-gnu/libtxc_dxtn_s2tc.so.0.0.0
7f51af9c5000-7f51af9c6000 ---p 00000000 00:00 0 
7f51af9c6000-7f51b01c6000 rw-p 00000000 00:00 0 
7f51b01c6000-7f51b01d9000 r-xp 00000000 08:06 2757647                    /lib/x86_64-linux-gnu/libbsd.so.0.8.2
7f51b01d9000-7f51b03d8000 ---p 00013000 08:06 2757647                    /lib/x86_64-linux-gnu/libbsd.so.0.8.2
7f51b03d8000-7f51b03d9000 r--p 00012000 08:06 2757647                    /lib/x86_64-linux-gnu/libbsd.so.0.8.2
7f51b03d9000-7f51b03da000 rw-p 00013000 08:06 2757647                    /lib/x86_64-linux-gnu/libbsd.so.0.8.2
7f51b03da000-7f51b03db000 rw-p 00000000 00:00 0 
7f51b03db000-7f51b0400000 r-xp 00000000 08:06 2757823                    /lib/x86_64-linux-gnu/libtinfo.so.5.9
7f51b0400000-7f51b05ff000 ---p 00025000 08:06 2757823                    /lib/x86_64-linux-gnu/libtinfo.so.5.9
7f51b05ff000-7f51b0603000 r--p 00024000 08:06 2757823                    /lib/x86_64-linux-gnu/libtinfo.so.5.9
7f51b0603000-7f51b0604000 rw-p 00028000 08:06 2757823                    /lib/x86_64-linux-gnu/libtinfo.so.5.9
7f51b0604000-7f51b0635000 r-xp 00000000 08:06 2238011                    /usr/lib/x86_64-linux-gnu/libedit.so.2.0.53
7f51b0635000-7f51b0835000 ---p 00031000 08:06 2238011                    /usr/lib/x86_64-linux-gnu/libedit.so.2.0.53
7f51b0835000-7f51b0837000 r--p 00031000 08:06 2238011                    /usr/lib/x86_64-linux-gnu/libedit.so.2.0.53
7f51b0837000-7f51b0838000 rw-p 00033000 08:06 2238011                    /usr/lib/x86_64-linux-gnu/libedit.so.2.0.53
7f51b0838000-7f51b083c000 rw-p 00000000 00:00 0 
7f51b083c000-7f51b2d2e000 r-xp 00000000 08:06 2230406                    /usr/lib/x86_64-linux-gnu/libLLVM-3.8.so.1
7f51b2d2e000-7f51b2f2e000 ---p 024f2000 08:06 2230406                    /usr/lib/x86_64-linux-gnu/libLLVM-3.8.so.1
7f51b2f2e000-7f51b31e3000 r--p 024f2000 08:06 2230406                    /usr/lib/x86_64-linux-gnu/libLLVM-3.8.so.1
7f51b31e3000-7f51b31e5000 rw-p 027a7000 08:06 2230406                    /usr/lib/x86_64-linux-gnu/libLLVM-3.8.so.1
7f51b31e5000-7f51b320f000 rw-p 00000000 00:00 0 
7f51b320f000-7f51b3226000 r-xp 00000000 08:06 2238016                    /usr/lib/x86_64-linux-gnu/libelf-0.165.so
7f51b3226000-7f51b3425000 ---p 00017000 08:06 2238016                    /usr/lib/x86_64-linux-gnu/libelf-0.165.so
7f51b3425000-7f51b3426000 r--p 00016000 08:06 2238016                    /usr/lib/x86_64-linux-gnu/libelf-0.165.so
7f51b3426000-7f51b3427000 rw-p 00017000 08:06 2238016                    /usr/lib/x86_64-linux-gnu/libelf-0.165.so
7f51b3427000-7f51b342e000 r-xp 00000000 08:06 2229660                    /usr/lib/x86_64-linux-gnu/libdrm_amdgpu.so.1.0.0
7f51b342e000-7f51b362d000 ---p 00007000 08:06 2229660                    /usr/lib/x86_64-linux-gnu/libdrm_amdgpu.so.1.0.0
7f51b362d000-7f51b362e000 r--p 00006000 08:06 2229660                    /usr/lib/x86_64-linux-gnu/libdrm_amdgpu.so.1.0.0
7f51b362e000-7f51b362f000 rw-p 00007000 08:06 2229660                    /usr/lib/x86_64-linux-gnu/libdrm_amdgpu.so.1.0.0
7f51b362f000-7f51b363a000 r-xp 00000000 08:06 2229666                    /usr/lib/x86_64-linux-gnu/libdrm_radeon.so.1.0.1
7f51b363a000-7f51b3839000 ---p 0000b000 08:06 2229666                    /usr/lib/x86_64-linux-gnu/libdrm_radeon.so.1.0.1
7f51b3839000-7f51b383a000 r--p 0000a000 08:06 2229666                    /usr/lib/x86_64-linux-gnu/libdrm_radeon.so.1.0.1
7f51b383a000-7f51b383b000 rw-p 0000b000 08:06 2229666                    /usr/lib/x86_64-linux-gnu/libdrm_radeon.so.1.0.1
7f51b383b000-7f51b3842000 r-xp 00000000 08:06 2229664                    /usr/lib/x86_64-linux-gnu/libdrm_nouveau.so.2.0.0
7f51b3842000-7f51b3a41000 ---p 00007000 08:06 2229664                    /usr/lib/x86_64-linux-gnu/libdrm_nouveau.so.2.0.0
7f51b3a41000-7f51b3a42000 r--p 00006000 08:06 2229664                    /usr/lib/x86_64-linux-gnu/libdrm_nouveau.so.2.0.0
7f51b3a42000-7f51b3a43000 rw-p 00007000 08:06 2229664                    /usr/lib/x86_64-linux-gnu/libdrm_nouveau.so.2.0.0
7f51b3a43000-7f51b430a000 r-xp 00000000 08:06 2493203                    /usr/lib/x86_64-linux-gnu/dri/r600_dri.so
7f51b430a000-7f51b4509000 ---p 008c7000 08:06 2493203                    /usr/lib/x86_64-linux-gnu/dri/r600_dri.so
7f51b4509000-7f51b457d000 r--p 008c6000 08:06 2493203                    /usr/lib/x86_64-linux-gnu/dri/r600_dri.so
7f51b457d000-7f51b458c000 rw-p 0093a000 08:06 2493203                    /usr/lib/x86_64-linux-gnu/dri/r600_dri.so
7f51b458c000-7f51b4782000 rw-p 00000000 00:00 0 
7f51b4782000-7f51b4788000 r-xp 00000000 08:06 2491604                    /usr/lib/x86_64-linux-gnu/mesa-egl/libGLESv2.so.2.0.0
7f51b4788000-7f51b4988000 ---p 00006000 08:06 2491604                    /usr/lib/x86_64-linux-gnu/mesa-egl/libGLESv2.so.2.0.0
7f51b4988000-7f51b4989000 r--p 00006000 08:06 2491604                    /usr/lib/x86_64-linux-gnu/mesa-egl/libGLESv2.so.2.0.0
7f51b4989000-7f51b498a000 rw-p 00007000 08:06 2491604                    /usr/lib/x86_64-linux-gnu/mesa-egl/libGLESv2.so.2.0.0
7f51b498a000-7f51b49cf000 r-xp 00000000 08:06 2097194                    /tmp/jogamp_0000/file_cache/jln2034211930084283578/jln8897723311030377476/libjogl_mobile.so
7f51b49cf000-7f51b4bcf000 ---p 00045000 08:06 2097194                    /tmp/jogamp_0000/file_cache/jln2034211930084283578/jln8897723311030377476/libjogl_mobile.so
7f51b4bcf000-7f51b4bd0000 rw-p 00045000 08:06 2097194                    /tmp/jogamp_0000/file_cache/jln2034211930084283578/jln8897723311030377476/libjogl_mobile.so
7f51b4bd0000-7f51b4bd7000 r-xp 00000000 08:06 2238059                    /usr/lib/x86_64-linux-gnu/libffi.so.6.0.4
7f51b4bd7000-7f51b4dd6000 ---p 00007000 08:06 2238059                    /usr/lib/x86_64-linux-gnu/libffi.so.6.0.4
7f51b4dd6000-7f51b4dd7000 r--p 00006000 08:06 2238059                    /usr/lib/x86_64-linux-gnu/libffi.so.6.0.4
7f51b4dd7000-7f51b4dd8000 rw-p 00007000 08:06 2238059                    /usr/lib/x86_64-linux-gnu/libffi.so.6.0.4
7f51b4dd8000-7f51b4de4000 r-xp 00000000 08:06 2228798                    /usr/lib/x86_64-linux-gnu/libgbm.so.1.0.0
7f51b4de4000-7f51b4fe4000 ---p 0000c000 08:06 2228798                    /usr/lib/x86_64-linux-gnu/libgbm.so.1.0.0
7f51b4fe4000-7f51b4fe5000 r--p 0000c000 08:06 2228798                    /usr/lib/x86_64-linux-gnu/libgbm.so.1.0.0
7f51b4fe5000-7f51b4fe6000 rw-p 0000d000 08:06 2228798                    /usr/lib/x86_64-linux-gnu/libgbm.so.1.0.0
7f51b4fe6000-7f51b4ff5000 r-xp 00000000 08:06 2238952                    /usr/lib/x86_64-linux-gnu/libwayland-server.so.0.1.0
7f51b4ff5000-7f51b51f4000 ---p 0000f000 08:06 2238952                    /usr/lib/x86_64-linux-gnu/libwayland-server.so.0.1.0
7f51b51f4000-7f51b51f6000 r--p 0000e000 08:06 2238952                    /usr/lib/x86_64-linux-gnu/libwayland-server.so.0.1.0
7f51b51f6000-7f51b51f7000 rw-p 00010000 08:06 2238952                    /usr/lib/x86_64-linux-gnu/libwayland-server.so.0.1.0
7f51b51f7000-7f51b5203000 r-xp 00000000 08:06 2238946                    /usr/lib/x86_64-linux-gnu/libwayland-client.so.0.3.0
7f51b5203000-7f51b5402000 ---p 0000c000 08:06 2238946                    /usr/lib/x86_64-linux-gnu/libwayland-client.so.0.3.0
7f51b5402000-7f51b5404000 r--p 0000b000 08:06 2238946                    /usr/lib/x86_64-linux-gnu/libwayland-client.so.0.3.0
7f51b5404000-7f51b5405000 rw-p 0000d000 08:06 2238946                    /usr/lib/x86_64-linux-gnu/libwayland-client.so.0.3.0
7f51b5405000-7f51b540b000 r-xp 00000000 08:06 2239050                    /usr/lib/x86_64-linux-gnu/libxcb-xfixes.so.0.0.0
7f51b540b000-7f51b560b000 ---p 00006000 08:06 2239050                    /usr/lib/x86_64-linux-gnu/libxcb-xfixes.so.0.0.0
7f51b560b000-7f51b560c000 r--p 00006000 08:06 2239050                    /usr/lib/x86_64-linux-gnu/libxcb-xfixes.so.0.0.0
7f51b560c000-7f51b560d000 rw-p 00007000 08:06 2239050                    /usr/lib/x86_64-linux-gnu/libxcb-xfixes.so.0.0.0
7f51b560d000-7f51b563d000 r-xp 00000000 08:06 2493233                    /usr/lib/x86_64-linux-gnu/mesa-egl/libEGL.so.1.0.0
7f51b563d000-7f51b583d000 ---p 00030000 08:06 2493233                    /usr/lib/x86_64-linux-gnu/mesa-egl/libEGL.so.1.0.0
7f51b583d000-7f51b583e000 r--p 00030000 08:06 2493233                    /usr/lib/x86_64-linux-gnu/mesa-egl/libEGL.so.1.0.0
7f51b583e000-7f51b583f000 rw-p 00031000 08:06 2493233                    /usr/lib/x86_64-linux-gnu/mesa-egl/libEGL.so.1.0.0
7f51b583f000-7f51b58e4000 r-xp 00000000 08:06 2097189                    /tmp/jogamp_0000/file_cache/jln2034211930084283578/jln8897723311030377476/libjogl_desktop.so
7f51b58e4000-7f51b5ae4000 ---p 000a5000 08:06 2097189                    /tmp/jogamp_0000/file_cache/jln2034211930084283578/jln8897723311030377476/libjogl_desktop.so
7f51b5ae4000-7f51b5ae5000 rw-p 000a5000 08:06 2097189                    /tmp/jogamp_0000/file_cache/jln2034211930084283578/jln8897723311030377476/libjogl_desktop.so
7f51b5ae5000-7f51b5af3000 r-xp 00000000 08:06 2228334                    /usr/lib/x86_64-linux-gnu/libdrm.so.2.4.0
7f51b5af3000-7f51b5cf2000 ---p 0000e000 08:06 2228334                    /usr/lib/x86_64-linux-gnu/libdrm.so.2.4.0
7f51b5cf2000-7f51b5cf3000 r--p 0000d000 08:06 2228334                    /usr/lib/x86_64-linux-gnu/libdrm.so.2.4.0
7f51b5cf3000-7f51b5cf4000 rw-p 0000e000 08:06 2228334                    /usr/lib/x86_64-linux-gnu/libdrm.so.2.4.0
7f51b5cf4000-7f51b5cf8000 r-xp 00000000 08:06 2239022                    /usr/lib/x86_64-linux-gnu/libxcb-dri2.so.0.0.0
7f51b5cf8000-7f51b5ef7000 ---p 00004000 08:06 2239022                    /usr/lib/x86_64-linux-gnu/libxcb-dri2.so.0.0.0
7f51b5ef7000-7f51b5ef8000 r--p 00003000 08:06 2239022                    /usr/lib/x86_64-linux-gnu/libxcb-dri2.so.0.0.0
7f51b5ef8000-7f51b5ef9000 rw-p 00004000 08:06 2239022                    /usr/lib/x86_64-linux-gnu/libxcb-dri2.so.0.0.0
7f51b5ef9000-7f51b5f10000 r-xp 00000000 08:06 2239026                    /usr/lib/x86_64-linux-gnu/libxcb-glx.so.0.0.0
7f51b5f10000-7f51b610f000 ---p 00017000 08:06 2239026                    /usr/lib/x86_64-linux-gnu/libxcb-glx.so.0.0.0
7f51b610f000-7f51b6111000 r--p 00016000 08:06 2239026                    /usr/lib/x86_64-linux-gnu/libxcb-glx.so.0.0.0
7f51b6111000-7f51b6112000 rw-p 00018000 08:06 2239026                    /usr/lib/x86_64-linux-gnu/libxcb-glx.so.0.0.0
7f51b6112000-7f51b6113000 r-xp 00000000 08:06 2237670                    /usr/lib/x86_64-linux-gnu/libX11-xcb.so.1.0.0
7f51b6113000-7f51b6312000 ---p 00001000 08:06 2237670                    /usr/lib/x86_64-linux-gnu/libX11-xcb.so.1.0.0
7f51b6312000-7f51b6313000 r--p 00000000 08:06 2237670                    /usr/lib/x86_64-linux-gnu/libX11-xcb.so.1.0.0
7f51b6313000-7f51b6314000 rw-p 00001000 08:06 2237670                    /usr/lib/x86_64-linux-gnu/libX11-xcb.so.1.0.0
7f51b6314000-7f51b6316000 r-xp 00000000 08:06 2237685                    /usr/lib/x86_64-linux-gnu/libXdamage.so.1.1.0
7f51b6316000-7f51b6515000 ---p 00002000 08:06 2237685                    /usr/lib/x86_64-linux-gnu/libXdamage.so.1.1.0
7f51b6515000-7f51b6516000 r--p 00001000 08:06 2237685                    /usr/lib/x86_64-linux-gnu/libXdamage.so.1.1.0
7f51b6516000-7f51b6517000 rw-p 00002000 08:06 2237685                    /usr/lib/x86_64-linux-gnu/libXdamage.so.1.1.0
7f51b6517000-7f51b6540000 r-xp 00000000 08:06 2230410                    /usr/lib/x86_64-linux-gnu/libglapi.so.0.0.0
7f51b6540000-7f51b673f000 ---p 00029000 08:06 2230410                    /usr/lib/x86_64-linux-gnu/libglapi.so.0.0.0
7f51b673f000-7f51b6743000 r--p 00028000 08:06 2230410                    /usr/lib/x86_64-linux-gnu/libglapi.so.0.0.0
7f51b6743000-7f51b6744000 rw-p 0002c000 08:06 2230410                    /usr/lib/x86_64-linux-gnu/libglapi.so.0.0.0
7f51b6744000-7f51b6745000 rw-p 00000000 00:00 0 
7f51b6745000-7f51b6746000 r-xp 00000000 08:06 2239066                    /usr/lib/x86_64-linux-gnu/libxshmfence.so.1.0.0
7f51b6746000-7f51b6946000 ---p 00001000 08:06 2239066                    /usr/lib/x86_64-linux-gnu/libxshmfence.so.1.0.0
7f51b6946000-7f51b6947000 r--p 00001000 08:06 2239066                    /usr/lib/x86_64-linux-gnu/libxshmfence.so.1.0.0
7f51b6947000-7f51b6948000 rw-p 00002000 08:06 2239066                    /usr/lib/x86_64-linux-gnu/libxshmfence.so.1.0.0
7f51b6948000-7f51b694d000 r-xp 00000000 08:06 2239046                    /usr/lib/x86_64-linux-gnu/libxcb-sync.so.1.0.0
7f51b694d000-7f51b6b4d000 ---p 00005000 08:06 2239046                    /usr/lib/x86_64-linux-gnu/libxcb-sync.so.1.0.0
7f51b6b4d000-7f51b6b4e000 r--p 00005000 08:06 2239046                    /usr/lib/x86_64-linux-gnu/libxcb-sync.so.1.0.0
7f51b6b4e000-7f51b6b4f000 rw-p 00006000 08:06 2239046                    /usr/lib/x86_64-linux-gnu/libxcb-sync.so.1.0.0
7f51b6b4f000-7f51b6b51000 r-xp 00000000 08:06 2239034                    /usr/lib/x86_64-linux-gnu/libxcb-present.so.0.0.0
7f51b6b51000-7f51b6d50000 ---p 00002000 08:06 2239034                    /usr/lib/x86_64-linux-gnu/libxcb-present.so.0.0.0
7f51b6d50000-7f51b6d51000 r--p 00001000 08:06 2239034                    /usr/lib/x86_64-linux-gnu/libxcb-present.so.0.0.0
7f51b6d51000-7f51b6d52000 rw-p 00002000 08:06 2239034                    /usr/lib/x86_64-linux-gnu/libxcb-present.so.0.0.0
7f51b6d52000-7f51b6d54000 r-xp 00000000 08:06 2239024                    /usr/lib/x86_64-linux-gnu/libxcb-dri3.so.0.0.0
7f51b6d54000-7f51b6f53000 ---p 00002000 08:06 2239024                    /usr/lib/x86_64-linux-gnu/libxcb-dri3.so.0.0.0
7f51b6f53000-7f51b6f54000 r--p 00001000 08:06 2239024                    /usr/lib/x86_64-linux-gnu/libxcb-dri3.so.0.0.0
7f51b6f54000-7f51b6f55000 rw-p 00002000 08:06 2239024                    /usr/lib/x86_64-linux-gnu/libxcb-dri3.so.0.0.0
7f51b6f55000-7f51b6f7b000 r-xp 00000000 08:06 2757682                    /lib/x86_64-linux-gnu/libexpat.so.1.6.0
7f51b6f7b000-7f51b717b000 ---p 00026000 08:06 2757682                    /lib/x86_64-linux-gnu/libexpat.so.1.6.0
7f51b717b000-7f51b717d000 r--p 00026000 08:06 2757682                    /lib/x86_64-linux-gnu/libexpat.so.1.6.0
7f51b717d000-7f51b717e000 rw-p 00028000 08:06 2757682                    /lib/x86_64-linux-gnu/libexpat.so.1.6.0
7f51b717e000-7f51b71eb000 r-xp 00000000 08:06 2490943                    /usr/lib/x86_64-linux-gnu/mesa/libGL.so.1.2.0
7f51b71eb000-7f51b73ea000 ---p 0006d000 08:06 2490943                    /usr/lib/x86_64-linux-gnu/mesa/libGL.so.1.2.0
7f51b73ea000-7f51b73ed000 r--p 0006c000 08:06 2490943                    /usr/lib/x86_64-linux-gnu/mesa/libGL.so.1.2.0
7f51b73ed000-7f51b73ee000 rw-p 0006f000 08:06 2490943                    /usr/lib/x86_64-linux-gnu/mesa/libGL.so.1.2.0
7f51b73ee000-7f51b75ef000 rw-p 00000000 00:00 0 
7f51b75ef000-7f51b77ef000 rw-p 00000000 00:00 0 
7f51b77ef000-7f51b77f6000 r-xp 00000000 08:06 2097196                    /tmp/jogamp_0000/file_cache/jln2034211930084283578/jln8897723311030377476/libnativewindow_x11.so
7f51b77f6000-7f51b79f5000 ---p 00007000 08:06 2097196                    /tmp/jogamp_0000/file_cache/jln2034211930084283578/jln8897723311030377476/libnativewindow_x11.so
7f51b79f5000-7f51b79f6000 rw-p 00006000 08:06 2097196                    /tmp/jogamp_0000/file_cache/jln2034211930084283578/jln8897723311030377476/libnativewindow_x11.so
7f51b79f6000-7f51b79fb000 r-xp 00000000 08:06 2237725                    /usr/lib/x86_64-linux-gnu/libXxf86vm.so.1.0.0
7f51b79fb000-7f51b7bfa000 ---p 00005000 08:06 2237725                    /usr/lib/x86_64-linux-gnu/libXxf86vm.so.1.0.0
7f51b7bfa000-7f51b7bfb000 r--p 00004000 08:06 2237725                    /usr/lib/x86_64-linux-gnu/libXxf86vm.so.1.0.0
7f51b7bfb000-7f51b7bfc000 rw-p 00005000 08:06 2237725                    /usr/lib/x86_64-linux-gnu/libXxf86vm.so.1.0.0
7f51b7bfc000-7f51b7bfe000 r-xp 00000000 08:06 2097195                    /tmp/jogamp_0000/file_cache/jln2034211930084283578/jln8897723311030377476/libnativewindow_awt.so
7f51b7bfe000-7f51b7dfd000 ---p 00002000 08:06 2097195                    /tmp/jogamp_0000/file_cache/jln2034211930084283578/jln8897723311030377476/libnativewindow_awt.so
7f51b7dfd000-7f51b7dfe000 rw-p 00001000 08:06 2097195                    /tmp/jogamp_0000/file_cache/jln2034211930084283578/jln8897723311030377476/libnativewindow_awt.so
7f51b7dfe000-7f51b7dff000 r-xp 00000000 08:06 2245058                    /usr/lib/jvm/java-8-openjdk-amd64/jre/lib/amd64/libjawt.so
7f51b7dff000-7f51b7ffe000 ---p 00001000 08:06 2245058                    /usr/lib/jvm/java-8-openjdk-amd64/jre/lib/amd64/libjawt.so
7f51b7ffe000-7f51b7fff000 r--p 00000000 08:06 2245058                    /usr/lib/jvm/java-8-openjdk-amd64/jre/lib/amd64/libjawt.so
7f51b7fff000-7f51b8000000 rw-p 00001000 08:06 2245058                    /usr/lib/jvm/java-8-openjdk-amd64/jre/lib/amd64/libjawt.so
7f51b8000000-7f51b891d000 rw-p 00000000 00:00 0 
7f51b891d000-7f51bc000000 ---p 00000000 00:00 0 
7f51bc000000-7f51bc057000 rw-p 00000000 00:00 0 
7f51bc057000-7f51c0000000 ---p 00000000 00:00 0 
7f51c0000000-7f51c0021000 rw-p 00000000 00:00 0 
7f51c0021000-7f51c4000000 ---p 00000000 00:00 0 
7f51c4000000-7f51c4642000 rw-p 00000000 00:00 0 
7f51c4642000-7f51c8000000 ---p 00000000 00:00 0 
7f51c8000000-7f51c823b000 rw-p 00000000 00:00 0 
7f51c823b000-7f51cc000000 ---p 00000000 00:00 0 
7f51cc000000-7f51cc021000 rw-p 00000000 00:00 0 
7f51cc021000-7f51d0000000 ---p 00000000 00:00 0 
7f51d0000000-7f51d0f30000 rw-p 00000000 00:00 0 
7f51d0f30000-7f51d4000000 ---p 00000000 00:00 0 
7f51d4000000-7f51d46bf000 rw-p 00000000 00:00 0 
7f51d46bf000-7f51d8000000 ---p 00000000 00:00 0 
7f51d8000000-7f51d8021000 rw-p 00000000 00:00 0 
7f51d8021000-7f51dc000000 ---p 00000000 00:00 0 
7f51dc000000-7f51dc021000 rw-p 00000000 00:00 0 
7f51dc021000-7f51e0000000 ---p 00000000 00:00 0 
7f51e0000000-7f51e0021000 rw-p 00000000 00:00 0 
7f51e0021000-7f51e4000000 ---p 00000000 00:00 0 
7f51e4000000-7f51e4001000 r--s 00000000 08:06 926417                     /var/cache/fontconfig/bab58bb527bb656aaa9f116d68a48d89-le64.cache-6
7f51e4001000-7f51e4002000 r--s 00000000 08:06 926415                     /var/cache/fontconfig/56cf4f4769d0f4abc89a4895d7bd3ae1-le64.cache-6
7f51e4002000-7f51e4003000 r--s 00000000 08:06 926414                     /var/cache/fontconfig/b9d506c9ac06c20b433354fa67a72993-le64.cache-6
7f51e4003000-7f51e4016000 r--s 00000000 08:06 926412                     /var/cache/fontconfig/d52a8644073d54c13679302ca1180695-le64.cache-6
7f51e4016000-7f51e4017000 r--s 00000000 08:06 926411                     /var/cache/fontconfig/551ecf3b0e8b0bca0f25c0944f561853-le64.cache-6
7f51e4017000-7f51e4022000 r--s 00000000 08:06 926743                     /var/cache/fontconfig/d589a48862398ed80a3d6066f4f56f4c-le64.cache-6
7f51e4022000-7f51e4023000 r--s 00000000 08:06 926409                     /var/cache/fontconfig/30829fa25452a46451e813d634d7f916-le64.cache-6
7f51e4023000-7f51e4024000 r--s 00000000 08:06 926408                     /var/cache/fontconfig/0c9eb80ebd1c36541ebe2852d3bb0c49-le64.cache-6
7f51e4024000-7f51e4027000 r--s 00000000 08:06 926406                     /var/cache/fontconfig/75114ca45c98e8a441da0ff356701271-le64.cache-6
7f51e4027000-7f51e4032000 r--s 00000000 08:06 926405                     /var/cache/fontconfig/83bf95040141907cd45bb53cf7c1c148-le64.cache-6
7f51e4032000-7f51e4044000 r--s 00000000 08:06 923280                     /var/cache/fontconfig/9b89f8e3dae116d678bbf48e5f21f69b-le64.cache-6
7f51e4044000-7f51e4047000 r--s 00000000 08:06 923238                     /var/cache/fontconfig/e13b20fdb08344e0e664864cc2ede53d-le64.cache-6
7f51e4047000-7f51e404b000 r--s 00000000 08:06 923258                     /var/cache/fontconfig/7ef2298fde41cc6eeb7af42e48b7d293-le64.cache-6
7f51e4063000-7f51e406b000 rw-s 14a14a000 00:06 252                       /dev/dri/card0
7f51e406b000-7f51e4091000 rw-s 14a124000 00:06 252                       /dev/dri/card0
7f51e4091000-7f51e409b000 rw-s 14a11a000 00:06 252                       /dev/dri/card0
7f51e409b000-7f51e40c1000 rw-s 14a0f4000 00:06 252                       /dev/dri/card0
7f51e40c1000-7f51e40c5000 rw-s 14ab73000 00:06 252                       /dev/dri/card0
7f51e40c5000-7f51e40cb000 rw-s 14ab6d000 00:06 252                       /dev/dri/card0
7f51e40cb000-7f51e40ce000 rw-s 14ab6a000 00:06 252                       /dev/dri/card0
7f51e40e6000-7f51e41e6000 rw-s 14cc8a000 00:06 252                       /dev/dri/card0
7f51e41e6000-7f51e41e8000 r-xp 00000000 08:06 2097183                    /tmp/jogamp_0000/file_cache/jln2034211930084283578/jln8897723311030377476/libgluegen-rt.so
7f51e41e8000-7f51e43e7000 ---p 00002000 08:06 2097183                    /tmp/jogamp_0000/file_cache/jln2034211930084283578/jln8897723311030377476/libgluegen-rt.so
7f51e43e7000-7f51e43e8000 rw-p 00001000 08:06 2097183                    /tmp/jogamp_0000/file_cache/jln2034211930084283578/jln8897723311030377476/libgluegen-rt.so
7f51e43e8000-7f51e43eb000 ---p 00000000 00:00 0 
7f51e43eb000-7f51e46e9000 rw-p 00000000 00:00 0 
7f51e46e9000-7f51e46ec000 ---p 00000000 00:00 0 
7f51e46ec000-7f51e49ea000 rw-p 00000000 00:00 0 
7f51e49ea000-7f51e49ed000 ---p 00000000 00:00 0 
7f51e49ed000-7f51e4aeb000 rw-p 00000000 00:00 0 
7f51e4aeb000-7f51e4afc000 r-xp 00000000 08:06 2245069                    /usr/lib/jvm/java-8-openjdk-amd64/jre/lib/amd64/libnio.so
7f51e4afc000-7f51e4cfc000 ---p 00011000 08:06 2245069                    /usr/lib/jvm/java-8-openjdk-amd64/jre/lib/amd64/libnio.so
7f51e4cfc000-7f51e4cfd000 r--p 00011000 08:06 2245069                    /usr/lib/jvm/java-8-openjdk-amd64/jre/lib/amd64/libnio.so
7f51e4cfd000-7f51e4cfe000 rw-p 00012000 08:06 2245069                    /usr/lib/jvm/java-8-openjdk-amd64/jre/lib/amd64/libnio.so
7f51e4cfe000-7f51e4fff000 rw-p 00000000 00:00 0 
7f51e4fff000-7f51e5016000 r-xp 00000000 08:06 2245045                    /usr/lib/jvm/java-8-openjdk-amd64/jre/lib/amd64/libnet.so
7f51e5016000-7f51e5215000 ---p 00017000 08:06 2245045                    /usr/lib/jvm/java-8-openjdk-amd64/jre/lib/amd64/libnet.so
7f51e5215000-7f51e5216000 r--p 00016000 08:06 2245045                    /usr/lib/jvm/java-8-openjdk-amd64/jre/lib/amd64/libnet.so
7f51e5216000-7f51e5217000 rw-p 00017000 08:06 2245045                    /usr/lib/jvm/java-8-openjdk-amd64/jre/lib/amd64/libnet.so
7f51e5217000-7f51e521a000 ---p 00000000 00:00 0 
7f51e521a000-7f51e5318000 rw-p 00000000 00:00 0 
7f51e5318000-7f51e531b000 ---p 00000000 00:00 0 
7f51e531b000-7f51e5419000 rw-p 00000000 00:00 0 
7f51e5419000-7f51e541c000 ---p 00000000 00:00 0 
7f51e541c000-7f51e551a000 rw-p 00000000 00:00 0 
7f51e551a000-7f51e551d000 ---p 00000000 00:00 0 
7f51e551d000-7f51e561b000 rw-p 00000000 00:00 0 
7f51e561b000-7f51e5620000 r-xp 00000000 08:06 2237691                    /usr/lib/x86_64-linux-gnu/libXfixes.so.3.1.0
7f51e5620000-7f51e581f000 ---p 00005000 08:06 2237691                    /usr/lib/x86_64-linux-gnu/libXfixes.so.3.1.0
7f51e581f000-7f51e5820000 r--p 00004000 08:06 2237691                    /usr/lib/x86_64-linux-gnu/libXfixes.so.3.1.0
7f51e5820000-7f51e5821000 rw-p 00005000 08:06 2237691                    /usr/lib/x86_64-linux-gnu/libXfixes.so.3.1.0
7f51e5821000-7f51e582a000 r-xp 00000000 08:06 2237683                    /usr/lib/x86_64-linux-gnu/libXcursor.so.1.0.2
7f51e582a000-7f51e5a29000 ---p 00009000 08:06 2237683                    /usr/lib/x86_64-linux-gnu/libXcursor.so.1.0.2
7f51e5a29000-7f51e5a2a000 r--p 00008000 08:06 2237683                    /usr/lib/x86_64-linux-gnu/libXcursor.so.1.0.2
7f51e5a2a000-7f51e5a2b000 rw-p 00009000 08:06 2237683                    /usr/lib/x86_64-linux-gnu/libXcursor.so.1.0.2
7f51e5a2b000-7f51e5a2e000 ---p 00000000 00:00 0 
7f51e5a2e000-7f51e5b2c000 rw-p 00000000 00:00 0 
7f51e5b2c000-7f51e5b50000 r-xp 00000000 08:06 2757792                    /lib/x86_64-linux-gnu/libpng12.so.0.54.0
7f51e5b50000-7f51e5d4f000 ---p 00024000 08:06 2757792                    /lib/x86_64-linux-gnu/libpng12.so.0.54.0
7f51e5d4f000-7f51e5d50000 r--p 00023000 08:06 2757792                    /lib/x86_64-linux-gnu/libpng12.so.0.54.0
7f51e5d50000-7f51e5d51000 rw-p 00024000 08:06 2757792                    /lib/x86_64-linux-gnu/libpng12.so.0.54.0
7f51e5d51000-7f51e5df5000 r-xp 00000000 08:06 2238107                    /usr/lib/x86_64-linux-gnu/libfreetype.so.6.12.1
7f51e5df5000-7f51e5ff4000 ---p 000a4000 08:06 2238107                    /usr/lib/x86_64-linux-gnu/libfreetype.so.6.12.1
7f51e5ff4000-7f51e5ffa000 r--p 000a3000 08:06 2238107                    /usr/lib/x86_64-linux-gnu/libfreetype.so.6.12.1
7f51e5ffa000-7f51e5ffb000 rw-p 000a9000 08:06 2238107                    /usr/lib/x86_64-linux-gnu/libfreetype.so.6.12.1
7f51e5ffb000-7f51e604d000 r-xp 00000000 08:06 2245043                    /usr/lib/jvm/java-8-openjdk-amd64/jre/lib/amd64/libfontmanager.so
7f51e604d000-7f51e624d000 ---p 00052000 08:06 2245043                    /usr/lib/jvm/java-8-openjdk-amd64/jre/lib/amd64/libfontmanager.so
7f51e624d000-7f51e624f000 r--p 00052000 08:06 2245043                    /usr/lib/jvm/java-8-openjdk-amd64/jre/lib/amd64/libfontmanager.so
7f51e624f000-7f51e6250000 rw-p 00054000 08:06 2245043                    /usr/lib/jvm/java-8-openjdk-amd64/jre/lib/amd64/libfontmanager.so
7f51e6250000-7f51e6255000 r-xp 00000000 08:06 2237687                    /usr/lib/x86_64-linux-gnu/libXdmcp.so.6.0.0
7f51e6255000-7f51e6454000 ---p 00005000 08:06 2237687                    /usr/lib/x86_64-linux-gnu/libXdmcp.so.6.0.0
7f51e6454000-7f51e6455000 r--p 00004000 08:06 2237687                    /usr/lib/x86_64-linux-gnu/libXdmcp.so.6.0.0
7f51e6455000-7f51e6456000 rw-p 00005000 08:06 2237687                    /usr/lib/x86_64-linux-gnu/libXdmcp.so.6.0.0
7f51e6456000-7f51e6458000 r-xp 00000000 08:06 2237676                    /usr/lib/x86_64-linux-gnu/libXau.so.6.0.0
7f51e6458000-7f51e6658000 ---p 00002000 08:06 2237676                    /usr/lib/x86_64-linux-gnu/libXau.so.6.0.0
7f51e6658000-7f51e6659000 r--p 00002000 08:06 2237676                    /usr/lib/x86_64-linux-gnu/libXau.so.6.0.0
7f51e6659000-7f51e665a000 rw-p 00003000 08:06 2237676                    /usr/lib/x86_64-linux-gnu/libXau.so.6.0.0
7f51e665a000-7f51e667b000 r-xp 00000000 08:06 2239054                    /usr/lib/x86_64-linux-gnu/libxcb.so.1.1.0
7f51e667b000-7f51e687a000 ---p 00021000 08:06 2239054                    /usr/lib/x86_64-linux-gnu/libxcb.so.1.1.0
7f51e687a000-7f51e687b000 r--p 00020000 08:06 2239054                    /usr/lib/x86_64-linux-gnu/libxcb.so.1.1.0
7f51e687b000-7f51e687c000 rw-p 00021000 08:06 2239054                    /usr/lib/x86_64-linux-gnu/libxcb.so.1.1.0
7f51e687c000-7f51e688b000 r-xp 00000000 08:06 2237697                    /usr/lib/x86_64-linux-gnu/libXi.so.6.1.0
7f51e688b000-7f51e6a8a000 ---p 0000f000 08:06 2237697                    /usr/lib/x86_64-linux-gnu/libXi.so.6.1.0
7f51e6a8a000-7f51e6a8b000 r--p 0000e000 08:06 2237697                    /usr/lib/x86_64-linux-gnu/libXi.so.6.1.0
7f51e6a8b000-7f51e6a8c000 rw-p 0000f000 08:06 2237697                    /usr/lib/x86_64-linux-gnu/libXi.so.6.1.0
7f51e6a8c000-7f51e6a91000 r-xp 00000000 08:06 2237715                    /usr/lib/x86_64-linux-gnu/libXtst.so.6.1.0
7f51e6a91000-7f51e6c90000 ---p 00005000 08:06 2237715                    /usr/lib/x86_64-linux-gnu/libXtst.so.6.1.0
7f51e6c90000-7f51e6c91000 r--p 00004000 08:06 2237715                    /usr/lib/x86_64-linux-gnu/libXtst.so.6.1.0
7f51e6c91000-7f51e6c92000 rw-p 00005000 08:06 2237715                    /usr/lib/x86_64-linux-gnu/libXtst.so.6.1.0
7f51e6c92000-7f51e6c9b000 r-xp 00000000 08:06 2237709                    /usr/lib/x86_64-linux-gnu/libXrender.so.1.3.0
7f51e6c9b000-7f51e6e9a000 ---p 00009000 08:06 2237709                    /usr/lib/x86_64-linux-gnu/libXrender.so.1.3.0
7f51e6e9a000-7f51e6e9b000 r--p 00008000 08:06 2237709                    /usr/lib/x86_64-linux-gnu/libXrender.so.1.3.0
7f51e6e9b000-7f51e6e9c000 rw-p 00009000 08:06 2237709                    /usr/lib/x86_64-linux-gnu/libXrender.so.1.3.0
7f51e6e9c000-7f51e6fd1000 r-xp 00000000 08:06 2237672                    /usr/lib/x86_64-linux-gnu/libX11.so.6.3.0
7f51e6fd1000-7f51e71d1000 ---p 00135000 08:06 2237672                    /usr/lib/x86_64-linux-gnu/libX11.so.6.3.0
7f51e71d1000-7f51e71d2000 r--p 00135000 08:06 2237672                    /usr/lib/x86_64-linux-gnu/libX11.so.6.3.0
7f51e71d2000-7f51e71d6000 rw-p 00136000 08:06 2237672                    /usr/lib/x86_64-linux-gnu/libX11.so.6.3.0
7f51e71d6000-7f51e71e7000 r-xp 00000000 08:06 2237689                    /usr/lib/x86_64-linux-gnu/libXext.so.6.4.0
7f51e71e7000-7f51e73e6000 ---p 00011000 08:06 2237689                    /usr/lib/x86_64-linux-gnu/libXext.so.6.4.0
7f51e73e6000-7f51e73e7000 r--p 00010000 08:06 2237689                    /usr/lib/x86_64-linux-gnu/libXext.so.6.4.0
7f51e73e7000-7f51e73e8000 rw-p 00011000 08:06 2237689                    /usr/lib/x86_64-linux-gnu/libXext.so.6.4.0
7f51e73e8000-7f51e743c000 r-xp 00000000 08:06 2245068                    /usr/lib/jvm/java-8-openjdk-amd64/jre/lib/amd64/libawt_xawt.so
7f51e743c000-7f51e763c000 ---p 00054000 08:06 2245068                    /usr/lib/jvm/java-8-openjdk-amd64/jre/lib/amd64/libawt_xawt.so
7f51e763c000-7f51e763d000 r--p 00054000 08:06 2245068                    /usr/lib/jvm/java-8-openjdk-amd64/jre/lib/amd64/libawt_xawt.so
7f51e763d000-7f51e7640000 rw-p 00055000 08:06 2245068                    /usr/lib/jvm/java-8-openjdk-amd64/jre/lib/amd64/libawt_xawt.so
7f51e7640000-7f51e7641000 rw-p 00000000 00:00 0 
7f51e7641000-7f51e8000000 r--p 00000000 08:06 2236295                    /usr/lib/locale/locale-archive
7f51e8000000-7f51e8024000 rw-p 00000000 00:00 0 
7f51e8024000-7f51ec000000 ---p 00000000 00:00 0 
7f51ec000000-7f51ec021000 rw-p 00000000 00:00 0 
7f51ec021000-7f51f0000000 ---p 00000000 00:00 0 
7f51f0000000-7f51f002e000 rw-p 00000000 00:00 0 
7f51f002e000-7f51f4000000 ---p 00000000 00:00 0 
7f51f4024000-7f51f4025000 rw-s 14accf000 00:06 252                       /dev/dri/card0
7f51f4025000-7f51f4026000 rw-s 14acce000 00:06 252                       /dev/dri/card0
7f51f4026000-7f51f4027000 rw-s 14accd000 00:06 252                       /dev/dri/card0
7f51f4027000-7f51f4028000 rw-s 14a2a3000 00:06 252                       /dev/dri/card0
7f51f4028000-7f51f4029000 rw-s 14a29e000 00:06 252                       /dev/dri/card0
7f51f4029000-7f51f402a000 rw-s 14a29c000 00:06 252                       /dev/dri/card0
7f51f402a000-7f51f402b000 rw-s 14a29b000 00:06 252                       /dev/dri/card0
7f51f402b000-7f51f402d000 rw-s 14a2a4000 00:06 252                       /dev/dri/card0
7f51f4075000-7f51f4085000 rw-s 142832000 00:06 252                       /dev/dri/card0
7f51f4085000-7f51f40a3000 r-xp 00000000 08:06 2757251                    /lib/x86_64-linux-gnu/libudev.so.1.6.4
7f51f40a3000-7f51f40a4000 r--p 0001d000 08:06 2757251                    /lib/x86_64-linux-gnu/libudev.so.1.6.4
7f51f40a4000-7f51f40a5000 rw-p 0001e000 08:06 2757251                    /lib/x86_64-linux-gnu/libudev.so.1.6.4
7f51f40a9000-7f51f40b4000 rw-s 14c76c000 00:06 252                       /dev/dri/card0
7f51f40b4000-7f51f40b5000 rw-s 14d4bc000 00:06 252                       /dev/dri/card0
7f51f40b5000-7f51f40b6000 rw-s 14cc81000 00:06 252                       /dev/dri/card0
7f51f40b6000-7f51f40b7000 rw-s 14cc80000 00:06 252                       /dev/dri/card0
7f51f40b7000-7f51f40b8000 rw-s 14cc7f000 00:06 252                       /dev/dri/card0
7f51f40b8000-7f51f40b9000 rw-s 14d4bb000 00:06 252                       /dev/dri/card0
7f51f40b9000-7f51f40ba000 rw-s 14c7a8000 00:06 252                       /dev/dri/card0
7f51f40ba000-7f51f40bb000 rw-s 14d4ba000 00:06 252                       /dev/dri/card0
7f51f40bb000-7f51f40bc000 rw-s 14d4b9000 00:06 252                       /dev/dri/card0
7f51f40bc000-7f51f40bd000 rw-s 147f60000 00:06 252                       /dev/dri/card0
7f51f40bd000-7f51f40be000 rwxp 00000000 00:00 0 
7f51f40be000-7f51f40bf000 r--s 0002f000 08:06 1188886                    /home/ema/workspace/ucsdunfoldingmaps/lib/jogl-all-natives-linux-amd64.jar
7f51f40bf000-7f51f40c1000 r--s 00000000 08:06 1188783                    /home/ema/workspace/ucsdunfoldingmaps/lib/gluegen-rt-natives-linux-amd64.jar
7f51f40c1000-7f51f40c4000 ---p 00000000 00:00 0 
7f51f40c4000-7f51f40fa000 rw-p 00000000 00:00 0 
7f51f40fa000-7f51f40fb000 r--p 00000000 00:00 0 
7f51f40fb000-7f51f40ff000 r--s 00097000 08:06 2245107                    /usr/lib/jvm/java-8-openjdk-amd64/jre/lib/jsse.jar
7f51f40ff000-7f51f4112000 r--s 00345000 08:06 2245072                    /usr/lib/jvm/java-8-openjdk-amd64/jre/lib/resources.jar
7f51f4112000-7f51f4118000 r--s 00033000 08:06 1189873                    /home/ema/workspace/ucsdunfoldingmaps/lib/unfolding.0.9.7-uscd.jar
7f51f4118000-7f51f411d000 r--s 00309000 08:06 1189871                    /home/ema/workspace/ucsdunfoldingmaps/lib/sqlite-jdbc-3.7.2.jar
7f51f411d000-7f51f4124000 r--s 00059000 08:06 1189863                    /home/ema/workspace/ucsdunfoldingmaps/lib/log4j-1.2.15.jar
7f51f4124000-7f51f4147000 r--s 002ec000 08:06 1189855                    /home/ema/workspace/ucsdunfoldingmaps/lib/jogl-all.jar
7f51f4147000-7f51f414d000 r--s 00041000 08:06 1188883                    /home/ema/workspace/ucsdunfoldingmaps/lib/gluegen-rt.jar
7f51f414d000-7f51f4151000 r--s 0009a000 08:06 1188737                    /home/ema/workspace/ucsdunfoldingmaps/lib/core.jar
7f51f4151000-7f51f41f1000 r-xp 00000000 08:06 2245042                    /usr/lib/jvm/java-8-openjdk-amd64/jre/lib/amd64/libawt.so
7f51f41f1000-7f51f43f1000 ---p 000a0000 08:06 2245042                    /usr/lib/jvm/java-8-openjdk-amd64/jre/lib/amd64/libawt.so
7f51f43f1000-7f51f43f2000 r--p 000a0000 08:06 2245042                    /usr/lib/jvm/java-8-openjdk-amd64/jre/lib/amd64/libawt.so
7f51f43f2000-7f51f43fd000 rw-p 000a1000 08:06 2245042                    /usr/lib/jvm/java-8-openjdk-amd64/jre/lib/amd64/libawt.so
7f51f43fd000-7f51f4422000 rw-p 00000000 00:00 0 
7f51f4422000-7f51f4425000 r--s 0000f000 08:06 2245103                    /usr/lib/jvm/java-8-openjdk-amd64/jre/lib/ext/icedtea-sound.jar
7f51f4425000-7f51f4441000 r--s 00393000 08:06 2245098                    /usr/lib/jvm/java-8-openjdk-amd64/jre/lib/ext/cldrdata.jar
7f51f4441000-7f51f4442000 ---p 00000000 00:00 0 
7f51f4442000-7f51f4542000 rw-p 00000000 00:00 0 
7f51f4542000-7f51f4545000 ---p 00000000 00:00 0 
7f51f4545000-7f51f4643000 rw-p 00000000 00:00 0 
7f51f4643000-7f51f4646000 ---p 00000000 00:00 0 
7f51f4646000-7f51f4744000 rw-p 00000000 00:00 0 
7f51f4744000-7f51f4747000 ---p 00000000 00:00 0 
7f51f4747000-7f51f4845000 rw-p 00000000 00:00 0 
7f51f4845000-7f51f4848000 ---p 00000000 00:00 0 
7f51f4848000-7f51f4946000 rw-p 00000000 00:00 0 
7f51f4946000-7f51f4949000 ---p 00000000 00:00 0 
7f51f4949000-7f51f4a47000 rw-p 00000000 00:00 0 
7f51f4a47000-7f51f4a4a000 ---p 00000000 00:00 0 
7f51f4a4a000-7f51f4b48000 rw-p 00000000 00:00 0 
7f51f4b48000-7f51f4b49000 ---p 00000000 00:00 0 
7f51f4b49000-7f51f55c0000 rw-p 00000000 00:00 0 
7f51f55c0000-7f51f578e000 r--s 03beb000 08:06 2245084                    /usr/lib/jvm/java-8-openjdk-amd64/jre/lib/rt.jar
7f51f578e000-7f51f7d1a000 rw-p 00000000 00:00 0 
7f51f7d1a000-7f51f7d1b000 ---p 00000000 00:00 0 
7f51f7d1b000-7f51f7e1b000 rw-p 00000000 00:00 0 
7f51f7e1b000-7f51f7e1c000 ---p 00000000 00:00 0 
7f51f7e1c000-7f51f7f32000 rw-p 00000000 00:00 0 
7f51f7f32000-7f51f8040000 ---p 00000000 00:00 0 
7f51f8040000-7f51f8056000 rw-p 00000000 00:00 0 
7f51f8056000-7f51f8164000 ---p 00000000 00:00 0 
7f51f8164000-7f51f8186000 rw-p 00000000 00:00 0 
7f51f8186000-7f51f81f6000 ---p 00000000 00:00 0 
7f51f81f6000-7f51f8219000 rw-p 00000000 00:00 0 
7f51f8219000-7f51f85b7000 ---p 00000000 00:00 0 
7f51f85b7000-7f51f8e27000 rwxp 00000000 00:00 0 
7f51f8e27000-7f52075b7000 ---p 00000000 00:00 0 
7f52075b7000-7f52075bf000 r-xp 00000000 08:06 2245052                    /usr/lib/jvm/java-8-openjdk-amd64/jre/lib/amd64/libzip.so
7f52075bf000-7f52077be000 ---p 00008000 08:06 2245052                    /usr/lib/jvm/java-8-openjdk-amd64/jre/lib/amd64/libzip.so
7f52077be000-7f52077bf000 r--p 00007000 08:06 2245052                    /usr/lib/jvm/java-8-openjdk-amd64/jre/lib/amd64/libzip.so
7f52077bf000-7f52077c0000 rw-p 00008000 08:06 2245052                    /usr/lib/jvm/java-8-openjdk-amd64/jre/lib/amd64/libzip.so
7f52077c0000-7f52077cb000 r-xp 00000000 08:06 2757750                    /lib/x86_64-linux-gnu/libnss_files-2.23.so
7f52077cb000-7f52079ca000 ---p 0000b000 08:06 2757750                    /lib/x86_64-linux-gnu/libnss_files-2.23.so
7f52079ca000-7f52079cb000 r--p 0000a000 08:06 2757750                    /lib/x86_64-linux-gnu/libnss_files-2.23.so
7f52079cb000-7f52079cc000 rw-p 0000b000 08:06 2757750                    /lib/x86_64-linux-gnu/libnss_files-2.23.so
7f52079cc000-7f52079d2000 rw-p 00000000 00:00 0 
7f52079d2000-7f52079dd000 r-xp 00000000 08:06 2757760                    /lib/x86_64-linux-gnu/libnss_nis-2.23.so
7f52079dd000-7f5207bdc000 ---p 0000b000 08:06 2757760                    /lib/x86_64-linux-gnu/libnss_nis-2.23.so
7f5207bdc000-7f5207bdd000 r--p 0000a000 08:06 2757760                    /lib/x86_64-linux-gnu/libnss_nis-2.23.so
7f5207bdd000-7f5207bde000 rw-p 0000b000 08:06 2757760                    /lib/x86_64-linux-gnu/libnss_nis-2.23.so
7f5207bde000-7f5207bf4000 r-xp 00000000 08:06 2757744                    /lib/x86_64-linux-gnu/libnsl-2.23.so
7f5207bf4000-7f5207df3000 ---p 00016000 08:06 2757744                    /lib/x86_64-linux-gnu/libnsl-2.23.so
7f5207df3000-7f5207df4000 r--p 00015000 08:06 2757744                    /lib/x86_64-linux-gnu/libnsl-2.23.so
7f5207df4000-7f5207df5000 rw-p 00016000 08:06 2757744                    /lib/x86_64-linux-gnu/libnsl-2.23.so
7f5207df5000-7f5207df7000 rw-p 00000000 00:00 0 
7f5207df7000-7f5207dff000 r-xp 00000000 08:06 2757746                    /lib/x86_64-linux-gnu/libnss_compat-2.23.so
7f5207dff000-7f5207ffe000 ---p 00008000 08:06 2757746                    /lib/x86_64-linux-gnu/libnss_compat-2.23.so
7f5207ffe000-7f5207fff000 r--p 00007000 08:06 2757746                    /lib/x86_64-linux-gnu/libnss_compat-2.23.so
7f5207fff000-7f5208000000 rw-p 00008000 08:06 2757746                    /lib/x86_64-linux-gnu/libnss_compat-2.23.so
7f5208000000-7f5208341000 rw-p 00000000 00:00 0 
7f5208341000-7f520c000000 ---p 00000000 00:00 0 
7f520c000000-7f520c001000 r--s 00005000 08:06 1189858                    /home/ema/workspace/ucsdunfoldingmaps/lib/libTUIO.jar
7f520c001000-7f520c002000 r--s 00007000 08:06 1189857                    /home/ema/workspace/ucsdunfoldingmaps/lib/json4processing.jar
7f520c002000-7f520c004000 r--s 00001000 08:06 2245097                    /usr/lib/jvm/java-8-openjdk-amd64/jre/lib/ext/dnsns.jar
7f520c004000-7f520c01f000 r--s 001d7000 08:06 2245096                    /usr/lib/jvm/java-8-openjdk-amd64/jre/lib/ext/nashorn.jar
7f520c01f000-7f520c04c000 r-xp 00000000 08:06 2242887                    /usr/lib/jvm/java-8-openjdk-amd64/jre/lib/amd64/libjava.so
7f520c04c000-7f520c24b000 ---p 0002d000 08:06 2242887                    /usr/lib/jvm/java-8-openjdk-amd64/jre/lib/amd64/libjava.so
7f520c24b000-7f520c24c000 r--p 0002c000 08:06 2242887                    /usr/lib/jvm/java-8-openjdk-amd64/jre/lib/amd64/libjava.so
7f520c24c000-7f520c24e000 rw-p 0002d000 08:06 2242887                    /usr/lib/jvm/java-8-openjdk-amd64/jre/lib/amd64/libjava.so
7f520c24e000-7f520c25d000 r-xp 00000000 08:06 2245038                    /usr/lib/jvm/java-8-openjdk-amd64/jre/lib/amd64/libverify.so
7f520c25d000-7f520c45c000 ---p 0000f000 08:06 2245038                    /usr/lib/jvm/java-8-openjdk-amd64/jre/lib/amd64/libverify.so
7f520c45c000-7f520c45e000 r--p 0000e000 08:06 2245038                    /usr/lib/jvm/java-8-openjdk-amd64/jre/lib/amd64/libverify.so
7f520c45e000-7f520c45f000 rw-p 00010000 08:06 2245038                    /usr/lib/jvm/java-8-openjdk-amd64/jre/lib/amd64/libverify.so
7f520c45f000-7f520c466000 r-xp 00000000 08:06 2757805                    /lib/x86_64-linux-gnu/librt-2.23.so
7f520c466000-7f520c665000 ---p 00007000 08:06 2757805                    /lib/x86_64-linux-gnu/librt-2.23.so
7f520c665000-7f520c666000 r--p 00006000 08:06 2757805                    /lib/x86_64-linux-gnu/librt-2.23.so
7f520c666000-7f520c667000 rw-p 00007000 08:06 2757805                    /lib/x86_64-linux-gnu/librt-2.23.so
7f520c667000-7f520c67d000 r-xp 00000000 08:06 2757689                    /lib/x86_64-linux-gnu/libgcc_s.so.1
7f520c67d000-7f520c87c000 ---p 00016000 08:06 2757689                    /lib/x86_64-linux-gnu/libgcc_s.so.1
7f520c87c000-7f520c87d000 rw-p 00015000 08:06 2757689                    /lib/x86_64-linux-gnu/libgcc_s.so.1
7f520c87d000-7f520c985000 r-xp 00000000 08:06 2757721                    /lib/x86_64-linux-gnu/libm-2.23.so
7f520c985000-7f520cb84000 ---p 00108000 08:06 2757721                    /lib/x86_64-linux-gnu/libm-2.23.so
7f520cb84000-7f520cb85000 r--p 00107000 08:06 2757721                    /lib/x86_64-linux-gnu/libm-2.23.so
7f520cb85000-7f520cb86000 rw-p 00108000 08:06 2757721                    /lib/x86_64-linux-gnu/libm-2.23.so
7f520cb86000-7f520ccf8000 r-xp 00000000 08:06 2230402                    /usr/lib/x86_64-linux-gnu/libstdc++.so.6.0.21
7f520ccf8000-7f520cef8000 ---p 00172000 08:06 2230402                    /usr/lib/x86_64-linux-gnu/libstdc++.so.6.0.21
7f520cef8000-7f520cf02000 r--p 00172000 08:06 2230402                    /usr/lib/x86_64-linux-gnu/libstdc++.so.6.0.21
7f520cf02000-7f520cf04000 rw-p 0017c000 08:06 2230402                    /usr/lib/x86_64-linux-gnu/libstdc++.so.6.0.21
7f520cf04000-7f520cf08000 rw-p 00000000 00:00 0 
7f520cf08000-7f520db4e000 r-xp 00000000 08:06 2245050                    /usr/lib/jvm/java-8-openjdk-amd64/jre/lib/amd64/server/libjvm.so
7f520db4e000-7f520dd4e000 ---p 00c46000 08:06 2245050                    /usr/lib/jvm/java-8-openjdk-amd64/jre/lib/amd64/server/libjvm.so
7f520dd4e000-7f520dde1000 r--p 00c46000 08:06 2245050                    /usr/lib/jvm/java-8-openjdk-amd64/jre/lib/amd64/server/libjvm.so
7f520dde1000-7f520de09000 rw-p 00cd9000 08:06 2245050                    /usr/lib/jvm/java-8-openjdk-amd64/jre/lib/amd64/server/libjvm.so
7f520de09000-7f520de39000 rw-p 00000000 00:00 0 
7f520de39000-7f520de51000 r-xp 00000000 08:06 2757797                    /lib/x86_64-linux-gnu/libpthread-2.23.so
7f520de51000-7f520e050000 ---p 00018000 08:06 2757797                    /lib/x86_64-linux-gnu/libpthread-2.23.so
7f520e050000-7f520e051000 r--p 00017000 08:06 2757797                    /lib/x86_64-linux-gnu/libpthread-2.23.so
7f520e051000-7f520e052000 rw-p 00018000 08:06 2757797                    /lib/x86_64-linux-gnu/libpthread-2.23.so
7f520e052000-7f520e056000 rw-p 00000000 00:00 0 
7f520e056000-7f520e059000 r-xp 00000000 08:06 2757675                    /lib/x86_64-linux-gnu/libdl-2.23.so
7f520e059000-7f520e258000 ---p 00003000 08:06 2757675                    /lib/x86_64-linux-gnu/libdl-2.23.so
7f520e258000-7f520e259000 r--p 00002000 08:06 2757675                    /lib/x86_64-linux-gnu/libdl-2.23.so
7f520e259000-7f520e25a000 rw-p 00003000 08:06 2757675                    /lib/x86_64-linux-gnu/libdl-2.23.so
7f520e25a000-7f520e273000 r-xp 00000000 08:06 2757842                    /lib/x86_64-linux-gnu/libz.so.1.2.8
7f520e273000-7f520e472000 ---p 00019000 08:06 2757842                    /lib/x86_64-linux-gnu/libz.so.1.2.8
7f520e472000-7f520e473000 r--p 00018000 08:06 2757842                    /lib/x86_64-linux-gnu/libz.so.1.2.8
7f520e473000-7f520e474000 rw-p 00019000 08:06 2757842                    /lib/x86_64-linux-gnu/libz.so.1.2.8
7f520e474000-7f520e634000 r-xp 00000000 08:06 2757651                    /lib/x86_64-linux-gnu/libc-2.23.so
7f520e634000-7f520e833000 ---p 001c0000 08:06 2757651                    /lib/x86_64-linux-gnu/libc-2.23.so
7f520e833000-7f520e837000 r--p 001bf000 08:06 2757651                    /lib/x86_64-linux-gnu/libc-2.23.so
7f520e837000-7f520e839000 rw-p 001c3000 08:06 2757651                    /lib/x86_64-linux-gnu/libc-2.23.so
7f520e839000-7f520e83d000 rw-p 00000000 00:00 0 
7f520e83d000-7f520e84a000 r-xp 00000000 08:06 2245066                    /usr/lib/jvm/java-8-openjdk-amd64/jre/lib/amd64/jli/libjli.so
7f520e84a000-7f520ea4a000 ---p 0000d000 08:06 2245066                    /usr/lib/jvm/java-8-openjdk-amd64/jre/lib/amd64/jli/libjli.so
7f520ea4a000-7f520ea4b000 r--p 0000d000 08:06 2245066                    /usr/lib/jvm/java-8-openjdk-amd64/jre/lib/amd64/jli/libjli.so
7f520ea4b000-7f520ea4c000 rw-p 0000e000 08:06 2245066                    /usr/lib/jvm/java-8-openjdk-amd64/jre/lib/amd64/jli/libjli.so
7f520ea4c000-7f520ea72000 r-xp 00000000 08:06 2757623                    /lib/x86_64-linux-gnu/ld-2.23.so
7f520ea72000-7f520ea73000 r--s 00010000 08:06 2245101                    /usr/lib/jvm/java-8-openjdk-amd64/jre/lib/ext/zipfs.jar
7f520ea73000-7f520ea74000 r--s 00008000 08:06 2245099                    /usr/lib/jvm/java-8-openjdk-amd64/jre/lib/ext/sunec.jar
7f520ea74000-7f520ea79000 r--s 0003b000 08:06 2245102                    /usr/lib/jvm/java-8-openjdk-amd64/jre/lib/ext/sunjce_provider.jar
7f520ea79000-7f520eb50000 rw-p 00000000 00:00 0 
7f520eb50000-7f520eb53000 ---p 00000000 00:00 0 
7f520eb53000-7f520ec56000 rw-p 00000000 00:00 0 
7f520ec56000-7f520ec57000 r--s 0000a000 08:06 2245100                    /usr/lib/jvm/java-8-openjdk-amd64/jre/lib/ext/jaccess.jar
7f520ec57000-7f520ec5b000 r--s 00037000 08:06 2245105                    /usr/lib/jvm/java-8-openjdk-amd64/jre/lib/ext/sunpkcs11.jar
7f520ec5b000-7f520ec65000 r--s 00116000 08:06 2245104                    /usr/lib/jvm/java-8-openjdk-amd64/jre/lib/ext/localedata.jar
7f520ec65000-7f520ec6d000 rw-s 00000000 08:06 2097197                    /tmp/hsperfdata_ema/14442
7f520ec6d000-7f520ec6e000 rw-p 00000000 00:00 0 
7f520ec6e000-7f520ec6f000 r--p 00000000 00:00 0 
7f520ec6f000-7f520ec71000 rw-p 00000000 00:00 0 
7f520ec71000-7f520ec72000 r--p 00025000 08:06 2757623                    /lib/x86_64-linux-gnu/ld-2.23.so
7f520ec72000-7f520ec73000 rw-p 00026000 08:06 2757623                    /lib/x86_64-linux-gnu/ld-2.23.so
7f520ec73000-7f520ec74000 rw-p 00000000 00:00 0 
7ffe174fe000-7ffe1751f000 rw-p 00000000 00:00 0                          [stack]
7ffe175d5000-7ffe175d7000 r--p 00000000 00:00 0                          [vvar]
7ffe175d7000-7ffe175d9000 r-xp 00000000 00:00 0                          [vdso]
ffffffffff600000-ffffffffff601000 r-xp 00000000 00:00 0                  [vsyscall]

VM Arguments:
jvm_args: -Djava.security.policy=java.policy.applet -Dfile.encoding=UTF-8 
java_command: sun.applet.AppletViewer module4.EarthquakeCityMap1476534837381.html
java_class_path (initial): /home/ema/workspace/ucsdunfoldingmaps/build:/home/ema/workspace/ucsdunfoldingmaps/lib/core.jar:/home/ema/workspace/ucsdunfoldingmaps/lib/gluegen-rt.jar:/home/ema/workspace/ucsdunfoldingmaps/lib/jogl-all.jar:/home/ema/workspace/ucsdunfoldingmaps/lib/log4j-1.2.15.jar:/home/ema/workspace/ucsdunfoldingmaps/lib/sqlite-jdbc-3.7.2.jar:/home/ema/workspace/ucsdunfoldingmaps/lib/json4processing.jar:/home/ema/workspace/ucsdunfoldingmaps/lib/libTUIO.jar:/home/ema/workspace/ucsdunfoldingmaps/lib/unfolding.0.9.7-uscd.jar
Launcher Type: SUN_STANDARD

Environment Variables:
PATH=/home/ema/bin:/home/ema/.local/bin:/usr/local/sbin:/usr/local/bin:/usr/sbin:/usr/bin:/sbin:/bin:/usr/games:/usr/local/games:/snap/bin
SHELL=/bin/bash
DISPLAY=:0

Signal Handlers:
SIGSEGV: [libjvm.so+0xa5e970], sa_mask[0]=11111111011111111101111111111110, sa_flags=SA_RESTART|SA_SIGINFO
SIGBUS: [libjvm.so+0xa5e970], sa_mask[0]=11111111011111111101111111111110, sa_flags=SA_RESTART|SA_SIGINFO
SIGFPE: [libjvm.so+0x8a9ff0], sa_mask[0]=11111111011111111101111111111110, sa_flags=SA_RESTART|SA_SIGINFO
SIGPIPE: [libjvm.so+0x8a9ff0], sa_mask[0]=11111111011111111101111111111110, sa_flags=SA_RESTART|SA_SIGINFO
SIGXFSZ: [libjvm.so+0x8a9ff0], sa_mask[0]=11111111011111111101111111111110, sa_flags=SA_RESTART|SA_SIGINFO
SIGILL: [libjvm.so+0x8a9ff0], sa_mask[0]=11111111011111111101111111111110, sa_flags=SA_RESTART|SA_SIGINFO
SIGUSR1: SIG_DFL, sa_mask[0]=00000000000000000000000000000000, sa_flags=none
SIGUSR2: [libjvm.so+0x8a9ea0], sa_mask[0]=00100000000000000000000000000000, sa_flags=SA_RESTART|SA_SIGINFO
SIGHUP: [libjvm.so+0x8aa370], sa_mask[0]=11111111011111111101111111111110, sa_flags=SA_RESTART|SA_SIGINFO
SIGINT: [libjvm.so+0x8aa370], sa_mask[0]=11111111011111111101111111111110, sa_flags=SA_RESTART|SA_SIGINFO
SIGTERM: [libjvm.so+0x8aa370], sa_mask[0]=11111111011111111101111111111110, sa_flags=SA_RESTART|SA_SIGINFO
SIGQUIT: [libjvm.so+0x8aa370], sa_mask[0]=11111111011111111101111111111110, sa_flags=SA_RESTART|SA_SIGINFO


---------------  S Y S T E M  ---------------

OS:DISTRIB_ID=Ubuntu
DISTRIB_RELEASE=16.04
DISTRIB_CODENAME=xenial
DISTRIB_DESCRIPTION="Ubuntu 16.04.1 LTS"

uname:Linux 4.4.0-38-generic #57-Ubuntu SMP Tue Sep 6 15:42:33 UTC 2016 x86_64
libc:glibc 2.23 NPTL 2.23 
rlimit: STACK 8192k, CORE 0k, NPROC 13510, NOFILE 65536, AS infinity
load average:1,57 1,11 0,86

/proc/meminfo:
MemTotal:        3582816 kB
MemFree:          529112 kB
MemAvailable:    1030884 kB
Buffers:           53380 kB
Cached:           646680 kB
SwapCached:         1112 kB
Active:          2023960 kB
Inactive:         670268 kB
Active(anon):    1561488 kB
Inactive(anon):   472640 kB
Active(file):     462472 kB
Inactive(file):   197628 kB
Unevictable:          48 kB
Mlocked:              48 kB
SwapTotal:       4095996 kB
SwapFree:        4067696 kB
Dirty:               116 kB
Writeback:             0 kB
AnonPages:       1993408 kB
Mapped:           197156 kB
Shmem:             39960 kB
Slab:             122316 kB
SReclaimable:      82956 kB
SUnreclaim:        39360 kB
KernelStack:        9696 kB
PageTables:        33796 kB
NFS_Unstable:          0 kB
Bounce:                0 kB
WritebackTmp:          0 kB
CommitLimit:     5887404 kB
Committed_AS:    5914780 kB
VmallocTotal:   34359738367 kB
VmallocUsed:           0 kB
VmallocChunk:          0 kB
HardwareCorrupted:     0 kB
AnonHugePages:    987136 kB
CmaTotal:              0 kB
CmaFree:               0 kB
HugePages_Total:       0
HugePages_Free:        0
HugePages_Rsvd:        0
HugePages_Surp:        0
Hugepagesize:       2048 kB
DirectMap4k:      402684 kB
DirectMap2M:     3321856 kB
DirectMap1G:           0 kB


CPU:total 2 (2 cores per cpu, 1 threads per core) family 20 model 2 stepping 0, cmov, cx8, fxsr, mmx, sse, sse2, sse3, ssse3, popcnt, mmxext, lzcnt, sse4a, tsc, tscinvbit, tscinv

/proc/cpuinfo:
processor	: 0
vendor_id	: AuthenticAMD
cpu family	: 20
model		: 2
model name	: AMD E2-1800 APU with Radeon(tm) HD Graphics
stepping	: 0
microcode	: 0x500010d
cpu MHz		: 1700.000
cache size	: 512 KB
physical id	: 0
siblings	: 2
core id		: 0
cpu cores	: 2
apicid		: 0
initial apicid	: 0
fpu		: yes
fpu_exception	: yes
cpuid level	: 6
wp		: yes
flags		: fpu vme de pse tsc msr pae mce cx8 apic sep mtrr pge mca cmov pat pse36 clflush mmx fxsr sse sse2 ht syscall nx mmxext fxsr_opt pdpe1gb rdtscp lm constant_tsc rep_good nopl nonstop_tsc extd_apicid aperfmperf pni monitor ssse3 cx16 popcnt lahf_lm cmp_legacy svm extapic cr8_legacy abm sse4a misalignsse 3dnowprefetch ibs skinit wdt hw_pstate vmmcall arat npt lbrv svm_lock nrip_save pausefilter
bugs		: fxsave_leak sysret_ss_attrs
bogomips	: 3393.81
TLB size	: 1024 4K pages
clflush size	: 64
cache_alignment	: 64
address sizes	: 36 bits physical, 48 bits virtual
power management: ts ttp tm stc 100mhzsteps hwpstate

processor	: 1
vendor_id	: AuthenticAMD
cpu family	: 20
model		: 2
model name	: AMD E2-1800 APU with Radeon(tm) HD Graphics
stepping	: 0
microcode	: 0x500010d
cpu MHz		: 850.000
cache size	: 512 KB
physical id	: 0
siblings	: 2
core id		: 1
cpu cores	: 2
apicid		: 1
initial apicid	: 1
fpu		: yes
fpu_exception	: yes
cpuid level	: 6
wp		: yes
flags		: fpu vme de pse tsc msr pae mce cx8 apic sep mtrr pge mca cmov pat pse36 clflush mmx fxsr sse sse2 ht syscall nx mmxext fxsr_opt pdpe1gb rdtscp lm constant_tsc rep_good nopl nonstop_tsc extd_apicid aperfmperf pni monitor ssse3 cx16 popcnt lahf_lm cmp_legacy svm extapic cr8_legacy abm sse4a misalignsse 3dnowprefetch ibs skinit wdt hw_pstate vmmcall arat npt lbrv svm_lock nrip_save pausefilter
bugs		: fxsave_leak sysret_ss_attrs
bogomips	: 3393.81
TLB size	: 1024 4K pages
clflush size	: 64
cache_alignment	: 64
address sizes	: 36 bits physical, 48 bits virtual
power management: ts ttp tm stc 100mhzsteps hwpstate



Memory: 4k page, physical 3582816k(529112k free), swap 4095996k(4067696k free)

vm_info: OpenJDK 64-Bit Server VM (25.91-b14) for linux-amd64 JRE (1.8.0_91-8u91-b14-3ubuntu1~16.04.1-b14), built on Jul 21 2016 04:13:34 by "buildd" with gcc 5.3.1 20160413

time: Sat Oct 15 14:34:30 2016
elapsed time: 33 seconds (0d 0h 0m 33s)

