#
# A fatal error has been detected by the Java Runtime Environment:
#
#  SIGSEGV (0xb) at pc=0x00007f3900f3d987, pid=25570, tid=0x00007f392de4f700
#
# JRE version: Java(TM) SE Runtime Environment (8.0_92-b14) (build 1.8.0_92-b14)
# Java VM: Java HotSpot(TM) 64-Bit Server VM (25.92-b14 mixed mode linux-amd64 compressed oops)
# Problematic frame:
# C  [nouveau_dri.so+0x29e987]
#
# Failed to write core dump. Core dumps have been disabled. To enable core dumping, try "ulimit -c unlimited" before starting Java again
#
# If you would like to submit a bug report, please visit:
#   http://bugreport.java.com/bugreport/crash.jsp
# The crash happened outside the Java Virtual Machine in native code.
# See problematic frame for where to report the bug.
#

---------------  T H R E A D  ---------------

Current thread (0x00007f3920008800):  JavaThread "AWT-EventQueue-1" [_thread_in_native, id=25602, stack(0x00007f392dd4f000,0x00007f392de50000)]

siginfo: si_signo: 11 (SIGSEGV), si_code: 1 (SEGV_MAPERR), si_addr: 0x000000000000c030

Registers:
RAX=0x0000000000000000, RBX=0x00007f390c0bbe80, RCX=0x0000000000000000, RDX=0x0000000000000001
RSP=0x00007f392de4d4a0, RBP=0x000000000000c000, RSI=0x00007f390c0bc730, RDI=0x0000000100000000
R8 =0x0000000000000000, R9 =0x00007f392c68bc60, R10=0x00007f397c5be7e8, R11=0x00007f3991401cf0
R12=0x0000000000000001, R13=0x00007f391015bc40, R14=0x0000000000000000, R15=0x0000000000000001
RIP=0x00007f3900f3d987, EFLAGS=0x0000000000010206, CSGSFS=0x0000000000000033, ERR=0x0000000000000004
  TRAPNO=0x000000000000000e

Top of Stack: (sp=0x00007f392de4d4a0)
0x00007f392de4d4a0:   0000000000000000 00000000e111f980
0x00007f392de4d4b0:   00000000000000bd e68b5856dcb23800
0x00007f392de4d4c0:   00007f392de4d538 00007f390c0bbd50
0x00007f392de4d4d0:   0000000000000000 00007f3910171670
0x00007f392de4d4e0:   00007f391015bc40 00007f3910172860
0x00007f392de4d4f0:   0000000000000000 00007f392c68bd02
0x00007f392de4d500:   00007f392de4d530 00007f3900000000
0x00007f392de4d510:   0000000000000000 0000000000000000
0x00007f392de4d520:   0000000004a00051 00007f392c65dbf1
0x00007f392de4d530:   00007f390c0bbd50 e68b5856dcb23800
0x00007f392de4d540:   0000000004a00051 00007f392c96d5b0
0x00007f392de4d550:   00007f392de4d5c0 0000000000000000
0x00007f392de4d560:   00007f392c96d5b0 00007f392de4d688
0x00007f392de4d570:   00007f3920008800 00007f3902baa849
0x00007f392de4d580:   00007f392ca526b0 00007f392c65dc20
0x00007f392de4d590:   0000000004a00051 00007f3910160ef0
0x00007f392de4d5a0:   00007f392de4d650 00007f39200089f8
0x00007f392de4d5b0:   00007f397c5b0dd0 00007f392c65dc20
0x00007f392de4d5c0:   00007f392de4d640 00007f397c5be814
0x00007f392de4d5d0:   00007f392ca22114 00007f392de4d628
0x00007f392de4d5e0:   00007f392ca24648 0000000000000000
0x00007f392de4d5f0:   00007f392ca22150 0000000000000000
0x00007f392de4d600:   00007f392de4d600 0000000000000000
0x00007f392de4d610:   00007f392de4d688 00007f392c96ec50
0x00007f392de4d620:   0000000000000000 00007f392c96d5b0
0x00007f392de4d630:   0000000000000000 00007f392de4d660
0x00007f392de4d640:   00007f392de4d6d0 00007f397c5b12bd
0x00007f392de4d650:   00000000a33d0ed0 00007f397c5ba538
0x00007f392de4d660:   00007f392c65dc20 00007f397c5ca043
0x00007f392de4d670:   0000000004a00051 00007f3900000000
0x00007f392de4d680:   00007f3910160ef0 00000000a33d1208
0x00007f392de4d690:   00007f392de4d690 00007f392c96d501 

Instructions: (pc=0x00007f3900f3d987)
0x00007f3900f3d967:   00 41 f6 c4 01 c6 44 24 0f 00 0f 84 c9 00 00 00
0x00007f3900f3d977:   48 8b b3 30 01 00 00 48 85 f6 0f 84 b9 00 00 00
0x00007f3900f3d987:   48 8b 55 30 45 85 f6 4c 8b 6a 18 0f 85 40 02 00
0x00007f3900f3d997:   00 83 7b 38 01 0f 8e 36 02 00 00 48 8b 93 68 01 

Register to memory mapping:

RAX=0x0000000000000000 is an unknown value
RBX=0x00007f390c0bbe80 is an unknown value
RCX=0x0000000000000000 is an unknown value
RDX=0x0000000000000001 is an unknown value
RSP=0x00007f392de4d4a0 is pointing into the stack for thread: 0x00007f3920008800
RBP=0x000000000000c000 is an unknown value
RSI=0x00007f390c0bc730 is an unknown value
RDI=0x0000000100000000 is pointing into metadata
R8 =0x0000000000000000 is an unknown value
R9 =0x00007f392c68bc60: <offset 0x4ac60> in /usr/lib/x86_64-linux-gnu/mesa/libGL.so.1 at 0x00007f392c641000
R10=0x00007f397c5be7e8 is at code_begin+808 in an Interpreter codelet
method entry point (kind = native)  [0x00007f397c5be4c0, 0x00007f397c5bedc0]  2304 bytes
R11=0x00007f3991401cf0: <offset 0x9bccf0> in /home/ema/Scaricati/jdk1.8.0_92/jre/lib/amd64/server/libjvm.so at 0x00007f3990a45000
R12=0x0000000000000001 is an unknown value
R13=0x00007f391015bc40 is an unknown value
R14=0x0000000000000000 is an unknown value
R15=0x0000000000000001 is an unknown value


Stack: [0x00007f392dd4f000,0x00007f392de50000],  sp=0x00007f392de4d4a0,  free space=1017k
Native frames: (J=compiled Java code, j=interpreted, Vv=VM code, C=native code)
C  [nouveau_dri.so+0x29e987]

Java frames: (J=compiled Java code, j=interpreted, Vv=VM code)
j  jogamp.opengl.x11.glx.GLX.dispatch_glXSwapBuffers0(JJJ)V+0
j  jogamp.opengl.x11.glx.GLX.glXSwapBuffers(JJ)V+41
j  jogamp.opengl.x11.glx.X11GLXDrawable.swapBuffersImpl(Z)V+17
j  jogamp.opengl.GLDrawableImpl.swapBuffers()V+67
j  javax.media.opengl.awt.GLCanvas$12.run()V+45
J 2159 C1 java.awt.event.InvocationEvent.dispatch()V (69 bytes) @ 0x00007f397cd79a8c [0x00007f397cd79940+0x14c]
J 2341 C1 java.awt.EventQueue.dispatchEventImpl(Ljava/awt/AWTEvent;Ljava/lang/Object;)V (149 bytes) @ 0x00007f397ce0ca3c [0x00007f397ce0aec0+0x1b7c]
J 2339 C1 java.awt.EventQueue$3.run()Ljava/lang/Void; (60 bytes) @ 0x00007f397ce06cc4 [0x00007f397ce06ac0+0x204]
J 2338 C1 java.awt.EventQueue$3.run()Ljava/lang/Object; (5 bytes) @ 0x00007f397ce0738c [0x00007f397ce07300+0x8c]
v  ~StubRoutines::call_stub
J 604  java.security.AccessController.doPrivileged(Ljava/security/PrivilegedAction;Ljava/security/AccessControlContext;)Ljava/lang/Object; (0 bytes) @ 0x00007f397c836fe3 [0x00007f397c836f80+0x63]
J 2105 C1 java.awt.EventQueue.dispatchEvent(Ljava/awt/AWTEvent;)V (80 bytes) @ 0x00007f397cd42744 [0x00007f397cd41dc0+0x984]
J 2108 C1 java.awt.EventDispatchThread.pumpOneEventForFilters(I)V (295 bytes) @ 0x00007f397cd52114 [0x00007f397cd505c0+0x1b54]
j  java.awt.EventDispatchThread.pumpEventsForFilter(ILjava/awt/Conditional;Ljava/awt/EventFilter;)V+35
j  java.awt.EventDispatchThread.pumpEventsForHierarchy(ILjava/awt/Conditional;Ljava/awt/Component;)V+11
j  java.awt.EventDispatchThread.pumpEvents(ILjava/awt/Conditional;)V+4
j  java.awt.EventDispatchThread.pumpEvents(Ljava/awt/Conditional;)V+3
j  java.awt.EventDispatchThread.run()V+9
v  ~StubRoutines::call_stub

---------------  P R O C E S S  ---------------

Java Threads: ( => current thread )
  0x00007f390c81b000 JavaThread "Thread-19" [_thread_blocked, id=25637, stack(0x00007f38fc017000,0x00007f38fc118000)]
  0x00007f3910146800 JavaThread "Animation Thread-SharedResourceRunner" daemon [_thread_blocked, id=25614, stack(0x00007f392d6ef000,0x00007f392d7f0000)]
  0x00007f39100b8800 JavaThread "process reaper" daemon [_thread_blocked, id=25607, stack(0x00007f392d7f0000,0x00007f392d829000)]
=>0x00007f3920008800 JavaThread "AWT-EventQueue-1" [_thread_in_native, id=25602, stack(0x00007f392dd4f000,0x00007f392de50000)]
  0x00007f398c00a000 JavaThread "DestroyJavaVM" [_thread_blocked, id=25572, stack(0x00007f3992525000,0x00007f3992626000)]
  0x00007f398c2ae000 JavaThread "AWT-EventQueue-0" [_thread_blocked, id=25600, stack(0x00007f392e7f9000,0x00007f392e8fa000)]
  0x00007f398c2a9800 JavaThread "AWT-Shutdown" [_thread_blocked, id=25599, stack(0x00007f392e8fa000,0x00007f392e9fb000)]
  0x00007f398c296000 JavaThread "thread applet-module3.EarthquakeCityMap.class" [_thread_blocked, id=25598, stack(0x00007f392e9fb000,0x00007f392eafc000)]
  0x00007f398c289000 JavaThread "AWT-XAWT" daemon [_thread_blocked, id=25596, stack(0x00007f392eafc000,0x00007f392ebfd000)]
  0x00007f398c263800 JavaThread "Java2D Disposer" daemon [_thread_blocked, id=25595, stack(0x00007f392f00d000,0x00007f392f10e000)]
  0x00007f398c0d4000 JavaThread "Service Thread" daemon [_thread_blocked, id=25593, stack(0x00007f3968db8000,0x00007f3968eb9000)]
  0x00007f398c0c9000 JavaThread "C1 CompilerThread3" daemon [_thread_blocked, id=25592, stack(0x00007f3968eb9000,0x00007f3968fba000)]
  0x00007f398c0c6800 JavaThread "C2 CompilerThread2" daemon [_thread_blocked, id=25591, stack(0x00007f3968fba000,0x00007f39690bb000)]
  0x00007f398c0c5000 JavaThread "C2 CompilerThread1" daemon [_thread_blocked, id=25590, stack(0x00007f39690bb000,0x00007f39691bc000)]
  0x00007f398c0c2000 JavaThread "C2 CompilerThread0" daemon [_thread_blocked, id=25589, stack(0x00007f39691bc000,0x00007f39692bd000)]
  0x00007f398c0c0800 JavaThread "Signal Dispatcher" daemon [_thread_blocked, id=25588, stack(0x00007f39692bd000,0x00007f39693be000)]
  0x00007f398c08d000 JavaThread "Finalizer" daemon [_thread_blocked, id=25587, stack(0x00007f3969aa1000,0x00007f3969ba2000)]
  0x00007f398c088000 JavaThread "Reference Handler" daemon [_thread_blocked, id=25586, stack(0x00007f3969ba2000,0x00007f3969ca3000)]

Other Threads:
  0x00007f398c080800 VMThread [stack: 0x00007f3969ca3000,0x00007f3969da4000] [id=25585]
  0x00007f398c0d7000 WatcherThread [stack: 0x00007f3968cb7000,0x00007f3968db8000] [id=25594]

VM state:not at safepoint (normal execution)

VM Mutex/Monitor currently owned by a thread: None

Heap:
 PSYoungGen      total 36864K, used 2262K [0x00000000e0f80000, 0x00000000e4a00000, 0x0000000100000000)
  eden space 23552K, 8% used [0x00000000e0f80000,0x00000000e1175b58,0x00000000e2680000)
  from space 13312K, 1% used [0x00000000e3400000,0x00000000e3440000,0x00000000e4100000)
  to   space 13824K, 0% used [0x00000000e2680000,0x00000000e2680000,0x00000000e3400000)
 ParOldGen       total 65536K, used 16705K [0x00000000a2e00000, 0x00000000a6e00000, 0x00000000e0f80000)
  object space 65536K, 25% used [0x00000000a2e00000,0x00000000a3e507d0,0x00000000a6e00000)
 Metaspace       used 20909K, capacity 21173K, committed 21552K, reserved 1069056K
  class space    used 1978K, capacity 2056K, committed 2176K, reserved 1048576K

Card table byte_map: [0x00007f397beff000,0x00007f397c1e9000] byte_map_base: 0x00007f397b9e8000

Marking Bits: (ParMarkBitMap*) 0x00007f39919fe4c0
 Begin Bits: [0x00007f3978676000, 0x00007f3979dbe000)
 End Bits:   [0x00007f3979dbe000, 0x00007f397b506000)

Polling page: 0x00007f399264d000

CodeCache: size=245760Kb used=8666Kb max_used=8669Kb free=237093Kb
 bounds [0x00007f397c5a9000, 0x00007f397ce29000, 0x00007f398b5a9000]
 total_blobs=3334 nmethods=2374 adapters=874
 compilation: enabled

Compilation events (10 events):
Event: 12,027 Thread 0x00007f398c0c9000 nmethod 2368 0x00007f397ce1e610 code [0x00007f397ce1e780, 0x00007f397ce1e930]
Event: 12,114 Thread 0x00007f398c0c9000 2369       3       java.util.concurrent.locks.AbstractQueuedSynchronizer::enq (58 bytes)
Event: 12,115 Thread 0x00007f398c0c9000 nmethod 2369 0x00007f397ce181d0 code [0x00007f397ce18360, 0x00007f397ce18890]
Event: 12,177 Thread 0x00007f398c0c6800 2370       4       de.fhpotsdam.unfolding.marker.MarkerManager::draw (51 bytes)
Event: 12,184 Thread 0x00007f398c0c6800 nmethod 2370 0x00007f397ce25090 code [0x00007f397ce25240, 0x00007f397ce25578]
Event: 12,204 Thread 0x00007f398c0c9000 2371       1       sun.awt.X11.XBaseWindow::isDisposed (5 bytes)
Event: 12,205 Thread 0x00007f398c0c9000 nmethod 2371 0x00007f397ce24650 code [0x00007f397ce247a0, 0x00007f397ce248b0]
Event: 12,205 Thread 0x00007f398c0c9000 2372  s    3       java.awt.KeyboardFocusManager::getCurrentKeyboardFocusManager (32 bytes)
Event: 12,206 Thread 0x00007f398c0c9000 nmethod 2372 0x00007f397ce27f90 code [0x00007f397ce28140, 0x00007f397ce28728]
Event: 12,229 Thread 0x00007f398c0c9000 2374       3       sun.font.CompositeGlyphMapper::getCachedGlyphCode (32 bytes)

GC Heap History (10 events):
Event: 2,474 GC heap before
{Heap before GC invocations=3 (full 0):
 PSYoungGen      total 28160K, used 28148K [0x00000000e0f80000, 0x00000000e2e80000, 0x0000000100000000)
  eden space 24576K, 100% used [0x00000000e0f80000,0x00000000e2780000,0x00000000e2780000)
  from space 3584K, 99% used [0x00000000e2b00000,0x00000000e2e7d2c0,0x00000000e2e80000)
  to   space 3584K, 0% used [0x00000000e2780000,0x00000000e2780000,0x00000000e2b00000)
 ParOldGen       total 64512K, used 5561K [0x00000000a2e00000, 0x00000000a6d00000, 0x00000000e0f80000)
  object space 64512K, 8% used [0x00000000a2e00000,0x00000000a336e760,0x00000000a6d00000)
 Metaspace       used 20385K, capacity 20643K, committed 21120K, reserved 1069056K
  class space    used 1974K, capacity 2053K, committed 2176K, reserved 1048576K
Event: 2,481 GC heap after
Heap after GC invocations=3 (full 0):
 PSYoungGen      total 28160K, used 3554K [0x00000000e0f80000, 0x00000000e2e80000, 0x0000000100000000)
  eden space 24576K, 0% used [0x00000000e0f80000,0x00000000e0f80000,0x00000000e2780000)
  from space 3584K, 99% used [0x00000000e2780000,0x00000000e2af8a80,0x00000000e2b00000)
  to   space 3584K, 0% used [0x00000000e2b00000,0x00000000e2b00000,0x00000000e2e80000)
 ParOldGen       total 64512K, used 13188K [0x00000000a2e00000, 0x00000000a6d00000, 0x00000000e0f80000)
  object space 64512K, 20% used [0x00000000a2e00000,0x00000000a3ae1390,0x00000000a6d00000)
 Metaspace       used 20385K, capacity 20643K, committed 21120K, reserved 1069056K
  class space    used 1974K, capacity 2053K, committed 2176K, reserved 1048576K
}
Event: 4,672 GC heap before
{Heap before GC invocations=4 (full 0):
 PSYoungGen      total 28160K, used 28130K [0x00000000e0f80000, 0x00000000e2e80000, 0x0000000100000000)
  eden space 24576K, 100% used [0x00000000e0f80000,0x00000000e2780000,0x00000000e2780000)
  from space 3584K, 99% used [0x00000000e2780000,0x00000000e2af8a80,0x00000000e2b00000)
  to   space 3584K, 0% used [0x00000000e2b00000,0x00000000e2b00000,0x00000000e2e80000)
 ParOldGen       total 64512K, used 13188K [0x00000000a2e00000, 0x00000000a6d00000, 0x00000000e0f80000)
  object space 64512K, 20% used [0x00000000a2e00000,0x00000000a3ae1390,0x00000000a6d00000)
 Metaspace       used 20622K, capacity 20917K, committed 21296K, reserved 1069056K
  class space    used 1976K, capacity 2056K, committed 2176K, reserved 1048576K
Event: 4,678 GC heap after
Heap after GC invocations=4 (full 0):
 PSYoungGen      total 28160K, used 3522K [0x00000000e0f80000, 0x00000000e2e80000, 0x0000000100000000)
  eden space 24576K, 0% used [0x00000000e0f80000,0x00000000e0f80000,0x00000000e2780000)
  from space 3584K, 98% used [0x00000000e2b00000,0x00000000e2e70a70,0x00000000e2e80000)
  to   space 3584K, 0% used [0x00000000e2780000,0x00000000e2780000,0x00000000e2b00000)
 ParOldGen       total 64512K, used 14981K [0x00000000a2e00000, 0x00000000a6d00000, 0x00000000e0f80000)
  object space 64512K, 23% used [0x00000000a2e00000,0x00000000a3ca1400,0x00000000a6d00000)
 Metaspace       used 20622K, capacity 20917K, committed 21296K, reserved 1069056K
  class space    used 1976K, capacity 2056K, committed 2176K, reserved 1048576K
}
Event: 6,674 GC heap before
{Heap before GC invocations=5 (full 0):
 PSYoungGen      total 28160K, used 12757K [0x00000000e0f80000, 0x00000000e2e80000, 0x0000000100000000)
  eden space 24576K, 37% used [0x00000000e0f80000,0x00000000e1884d30,0x00000000e2780000)
  from space 3584K, 98% used [0x00000000e2b00000,0x00000000e2e70a70,0x00000000e2e80000)
  to   space 3584K, 0% used [0x00000000e2780000,0x00000000e2780000,0x00000000e2b00000)
 ParOldGen       total 64512K, used 14981K [0x00000000a2e00000, 0x00000000a6d00000, 0x00000000e0f80000)
  object space 64512K, 23% used [0x00000000a2e00000,0x00000000a3ca1400,0x00000000a6d00000)
 Metaspace       used 20744K, capacity 20981K, committed 21296K, reserved 1069056K
  class space    used 1976K, capacity 2056K, committed 2176K, reserved 1048576K
Event: 6,680 GC heap after
Heap after GC invocations=5 (full 0):
 PSYoungGen      total 27648K, used 3458K [0x00000000e0f80000, 0x00000000e4100000, 0x0000000100000000)
  eden space 24064K, 0% used [0x00000000e0f80000,0x00000000e0f80000,0x00000000e2700000)
  from space 3584K, 96% used [0x00000000e2780000,0x00000000e2ae0a70,0x00000000e2b00000)
  to   space 13312K, 0% used [0x00000000e3400000,0x00000000e3400000,0x00000000e4100000)
 ParOldGen       total 64512K, used 14981K [0x00000000a2e00000, 0x00000000a6d00000, 0x00000000e0f80000)
  object space 64512K, 23% used [0x00000000a2e00000,0x00000000a3ca1400,0x00000000a6d00000)
 Metaspace       used 20744K, capacity 20981K, committed 21296K, reserved 1069056K
  class space    used 1976K, capacity 2056K, committed 2176K, reserved 1048576K
}
Event: 6,680 GC heap before
{Heap before GC invocations=6 (full 1):
 PSYoungGen      total 27648K, used 3458K [0x00000000e0f80000, 0x00000000e4100000, 0x0000000100000000)
  eden space 24064K, 0% used [0x00000000e0f80000,0x00000000e0f80000,0x00000000e2700000)
  from space 3584K, 96% used [0x00000000e2780000,0x00000000e2ae0a70,0x00000000e2b00000)
  to   space 13312K, 0% used [0x00000000e3400000,0x00000000e3400000,0x00000000e4100000)
 ParOldGen       total 64512K, used 14981K [0x00000000a2e00000, 0x00000000a6d00000, 0x00000000e0f80000)
  object space 64512K, 23% used [0x00000000a2e00000,0x00000000a3ca1400,0x00000000a6d00000)
 Metaspace       used 20744K, capacity 20981K, committed 21296K, reserved 1069056K
  class space    used 1976K, capacity 2056K, committed 2176K, reserved 1048576K
Event: 6,749 GC heap after
Heap after GC invocations=6 (full 1):
 PSYoungGen      total 27648K, used 0K [0x00000000e0f80000, 0x00000000e4100000, 0x0000000100000000)
  eden space 24064K, 0% used [0x00000000e0f80000,0x00000000e0f80000,0x00000000e2700000)
  from space 3584K, 0% used [0x00000000e2780000,0x00000000e2780000,0x00000000e2b00000)
  to   space 13312K, 0% used [0x00000000e3400000,0x00000000e3400000,0x00000000e4100000)
 ParOldGen       total 65536K, used 16697K [0x00000000a2e00000, 0x00000000a6e00000, 0x00000000e0f80000)
  object space 65536K, 25% used [0x00000000a2e00000,0x00000000a3e4e7d0,0x00000000a6e00000)
 Metaspace       used 20744K, capacity 20981K, committed 21296K, reserved 1069056K
  class space    used 1976K, capacity 2056K, committed 2176K, reserved 1048576K
}
Event: 11,966 GC heap before
{Heap before GC invocations=7 (full 1):
 PSYoungGen      total 27648K, used 24064K [0x00000000e0f80000, 0x00000000e4100000, 0x0000000100000000)
  eden space 24064K, 100% used [0x00000000e0f80000,0x00000000e2700000,0x00000000e2700000)
  from space 3584K, 0% used [0x00000000e2780000,0x00000000e2780000,0x00000000e2b00000)
  to   space 13312K, 0% used [0x00000000e3400000,0x00000000e3400000,0x00000000e4100000)
 ParOldGen       total 65536K, used 16697K [0x00000000a2e00000, 0x00000000a6e00000, 0x00000000e0f80000)
  object space 65536K, 25% used [0x00000000a2e00000,0x00000000a3e4e7d0,0x00000000a6e00000)
 Metaspace       used 20896K, capacity 21173K, committed 21552K, reserved 1069056K
  class space    used 1976K, capacity 2056K, committed 2176K, reserved 1048576K
Event: 11,969 GC heap after
Heap after GC invocations=7 (full 1):
 PSYoungGen      total 36864K, used 256K [0x00000000e0f80000, 0x00000000e4a00000, 0x0000000100000000)
  eden space 23552K, 0% used [0x00000000e0f80000,0x00000000e0f80000,0x00000000e2680000)
  from space 13312K, 1% used [0x00000000e3400000,0x00000000e3440000,0x00000000e4100000)
  to   space 13824K, 0% used [0x00000000e2680000,0x00000000e2680000,0x00000000e3400000)
 ParOldGen       total 65536K, used 16705K [0x00000000a2e00000, 0x00000000a6e00000, 0x00000000e0f80000)
  object space 65536K, 25% used [0x00000000a2e00000,0x00000000a3e507d0,0x00000000a6e00000)
 Metaspace       used 20896K, capacity 21173K, committed 21552K, reserved 1069056K
  class space    used 1976K, capacity 2056K, committed 2176K, reserved 1048576K
}

Deoptimization events (10 events):
Event: 1,548 Thread 0x00007f3920008800 Uncommon trap: reason=unstable_if action=reinterpret pc=0x00007f397c9331e4 method=com.jogamp.common.util.IntIntHashMap.get(I)I @ 19
Event: 1,564 Thread 0x00007f3920008800 Uncommon trap: reason=unstable_if action=reinterpret pc=0x00007f397c77cd14 method=java.lang.AbstractStringBuilder.append(Ljava/lang/String;)Ljava/lang/AbstractStringBuilder; @ 1
Event: 1,670 Thread 0x00007f3920008800 Uncommon trap: reason=class_check action=maybe_recompile pc=0x00007f397c76abb0 method=java.util.Properties$LineReader.readLine()I @ 62
Event: 1,671 Thread 0x00007f3920008800 Uncommon trap: reason=unstable_if action=reinterpret pc=0x00007f397c76a8d4 method=java.util.Properties$LineReader.readLine()I @ 206
Event: 1,770 Thread 0x00007f3920008800 Uncommon trap: reason=unstable_if action=reinterpret pc=0x00007f397c95fe34 method=com.sun.org.apache.xerces.internal.impl.XMLEntityScanner.peekChar()I @ 14
Event: 1,806 Thread 0x00007f3920008800 Uncommon trap: reason=unstable_if action=reinterpret pc=0x00007f397c976884 method=com.sun.org.apache.xerces.internal.impl.XMLEntityScanner.skipSpaces()Z @ 14
Event: 2,119 Thread 0x00007f3920008800 Uncommon trap: reason=class_check action=maybe_recompile pc=0x00007f397ca1fb18 method=com.jogamp.common.nio.Buffers.getDirectBufferByteOffset(Ljava/lang/Object;)I @ 42
Event: 2,145 Thread 0x00007f3920008800 Uncommon trap: reason=class_check action=maybe_recompile pc=0x00007f397ca1fb18 method=com.jogamp.common.nio.Buffers.getDirectBufferByteOffset(Ljava/lang/Object;)I @ 42
Event: 2,186 Thread 0x00007f3920008800 Uncommon trap: reason=class_check action=maybe_recompile pc=0x00007f397ca1fb18 method=com.jogamp.common.nio.Buffers.getDirectBufferByteOffset(Ljava/lang/Object;)I @ 42
Event: 2,186 Thread 0x00007f3920008800 Uncommon trap: reason=class_check action=maybe_recompile pc=0x00007f397ca1fb18 method=com.jogamp.common.nio.Buffers.getDirectBufferByteOffset(Ljava/lang/Object;)I @ 42

Internal exceptions (10 events):
Event: 1,564 Thread 0x00007f3920008800 Implicit null exception at 0x00007f397c77c9b5 to 0x00007f397c77cd01
Event: 1,905 Thread 0x00007f3920008800 Exception <a 'java/lang/reflect/InvocationTargetException'> (0x00000000e231a6b8) thrown at [/HUDSON/workspace/8-2-build-linux-amd64/jdk8u92/6642/hotspot/src/share/vm/runtime/reflection.cpp, line 1092]
Event: 1,906 Thread 0x00007f3920008800 Exception <a 'java/lang/reflect/InvocationTargetException'> (0x00000000e231ad30) thrown at [/HUDSON/workspace/8-2-build-linux-amd64/jdk8u92/6642/hotspot/src/share/vm/runtime/reflection.cpp, line 1092]
Event: 2,200 Thread 0x00007f3920008800 Exception <a 'java/lang/reflect/InvocationTargetException'> (0x00000000e1c939a8) thrown at [/HUDSON/workspace/8-2-build-linux-amd64/jdk8u92/6642/hotspot/src/share/vm/runtime/reflection.cpp, line 1092]
Event: 2,201 Thread 0x00007f3920008800 Exception <a 'java/lang/reflect/InvocationTargetException'> (0x00000000e1c93e90) thrown at [/HUDSON/workspace/8-2-build-linux-amd64/jdk8u92/6642/hotspot/src/share/vm/runtime/reflection.cpp, line 1092]
Event: 2,287 Thread 0x00007f3920008800 Exception <a 'java/lang/reflect/InvocationTargetException'> (0x00000000e1fe49a8) thrown at [/HUDSON/workspace/8-2-build-linux-amd64/jdk8u92/6642/hotspot/src/share/vm/runtime/reflection.cpp, line 1092]
Event: 2,290 Thread 0x00007f3920008800 Exception <a 'java/lang/reflect/InvocationTargetException'> (0x00000000e1fe4e90) thrown at [/HUDSON/workspace/8-2-build-linux-amd64/jdk8u92/6642/hotspot/src/share/vm/runtime/reflection.cpp, line 1092]
Event: 2,349 Thread 0x00007f3920008800 Exception <a 'java/lang/reflect/InvocationTargetException'> (0x00000000e23dddc8) thrown at [/HUDSON/workspace/8-2-build-linux-amd64/jdk8u92/6642/hotspot/src/share/vm/runtime/reflection.cpp, line 1092]
Event: 2,353 Thread 0x00007f3920008800 Exception <a 'java/lang/reflect/InvocationTargetException'> (0x00000000e23de2b0) thrown at [/HUDSON/workspace/8-2-build-linux-amd64/jdk8u92/6642/hotspot/src/share/vm/runtime/reflection.cpp, line 1092]
Event: 2,407 Thread 0x00007f3920008800 Exception <a 'java/lang/reflect/InvocationTargetException'> (0x00000000e24226e0) thrown at [/HUDSON/workspace/8-2-build-linux-amd64/jdk8u92/6642/hotspot/src/share/vm/runtime/reflection.cpp, line 1092]

Events (10 events):
Event: 12,169 Thread 0x00007f390c81b000 Thread added: 0x00007f390c81b000
Event: 12,169 loading class sun/applet/AppletPanel$4
Event: 12,169 loading class sun/applet/AppletPanel$4 done
Event: 12,177 Thread 0x00007f3920008800 DEOPT PACKING pc=0x00007f397ccfa93e sp=0x00007f392de4d1a0
Event: 12,177 Thread 0x00007f3920008800 DEOPT UNPACKING pc=0x00007f397c5f0233 sp=0x00007f392de4cef0 mode 0
Event: 12,204 loading class java/awt/KeyboardFocusManager$2
Event: 12,204 loading class java/awt/KeyboardFocusManager$2 done
Event: 12,204 loading class sun/awt/SunToolkit$1
Event: 12,204 loading class sun/awt/SunToolkit$1 done
Event: 12,229 Thread 0x00007f392000e800 Thread exited: 0x00007f392000e800


Dynamic libraries:
00400000-00401000 r-xp 00000000 08:01 3450446                            /home/ema/Scaricati/jdk1.8.0_92/jre/bin/java
00600000-00601000 rw-p 00000000 08:01 3450446                            /home/ema/Scaricati/jdk1.8.0_92/jre/bin/java
01473000-01494000 rw-p 00000000 00:00 0                                  [heap]
a2e00000-a6e00000 rw-p 00000000 00:00 0 
a6e00000-e0f80000 ---p 00000000 00:00 0 
e0f80000-e4a00000 rw-p 00000000 00:00 0 
e4a00000-100000000 ---p 00000000 00:00 0 
100000000-100220000 rw-p 00000000 00:00 0 
100220000-140000000 ---p 00000000 00:00 0 
7f38d4000000-7f38d403d000 rw-p 00000000 00:00 0 
7f38d403d000-7f38d8000000 ---p 00000000 00:00 0 
7f38d8000000-7f38d802d000 rw-p 00000000 00:00 0 
7f38d802d000-7f38dc000000 ---p 00000000 00:00 0 
7f38dc000000-7f38dc07d000 rw-p 00000000 00:00 0 
7f38dc07d000-7f38e0000000 ---p 00000000 00:00 0 
7f38e0000000-7f38e0036000 rw-p 00000000 00:00 0 
7f38e0036000-7f38e4000000 ---p 00000000 00:00 0 
7f38e4000000-7f38e4021000 rw-p 00000000 00:00 0 
7f38e4021000-7f38e8000000 ---p 00000000 00:00 0 
7f38e8000000-7f38e8021000 rw-p 00000000 00:00 0 
7f38e8021000-7f38ec000000 ---p 00000000 00:00 0 
7f38ec000000-7f38ec021000 rw-p 00000000 00:00 0 
7f38ec021000-7f38f0000000 ---p 00000000 00:00 0 
7f38f0000000-7f38f0021000 rw-p 00000000 00:00 0 
7f38f0021000-7f38f4000000 ---p 00000000 00:00 0 
7f38f7494000-7f38f7514000 rw-s 19bcbe000 00:06 9579                      /dev/dri/card0
7f38f7514000-7f38f7594000 rw-s 19bc3e000 00:06 9579                      /dev/dri/card0
7f38f7594000-7f38f7680000 rw-p 00000000 00:00 0 
7f38f7680000-7f38f7797000 ---p 00000000 00:00 0 
7f38f7797000-7f38f7895000 rw-p 00000000 00:00 0 
7f38f7895000-7f38f7a95000 rw-s 1905e1000 00:06 9579                      /dev/dri/card0
7f38f7a95000-7f38f7a98000 ---p 00000000 00:00 0 
7f38f7a98000-7f38f7b96000 rw-p 00000000 00:00 0 
7f38f7b96000-7f38f7b99000 ---p 00000000 00:00 0 
7f38f7b99000-7f38f7c97000 rw-p 00000000 00:00 0 
7f38f7c97000-7f38f7c9a000 ---p 00000000 00:00 0 
7f38f7c9a000-7f38f7d98000 rw-p 00000000 00:00 0 
7f38f7dfe000-7f38f7e01000 ---p 00000000 00:00 0 
7f38f7e01000-7f38f7eff000 rw-p 00000000 00:00 0 
7f38f7eff000-7f38f7f02000 ---p 00000000 00:00 0 
7f38f7f02000-7f38f8000000 rw-p 00000000 00:00 0 
7f38f8000000-7f38f8021000 rw-p 00000000 00:00 0 
7f38f8021000-7f38fc000000 ---p 00000000 00:00 0 
7f38fc017000-7f38fc01a000 ---p 00000000 00:00 0 
7f38fc01a000-7f38fc118000 rw-p 00000000 00:00 0 
7f38fc118000-7f38fc11b000 ---p 00000000 00:00 0 
7f38fc11b000-7f38fc219000 rw-p 00000000 00:00 0 
7f38fc219000-7f38fc21c000 ---p 00000000 00:00 0 
7f38fc21c000-7f38fc31a000 rw-p 00000000 00:00 0 
7f38fc378000-7f38fc3f8000 rw-s 19b65f000 00:06 9579                      /dev/dri/card0
7f38fc3f8000-7f38fc625000 rw-p 00000000 00:00 0 
7f38fc625000-7f38fd025000 rwxp 00000000 00:00 0 
7f38fd025000-7f38fd252000 rw-p 00000000 00:00 0 
7f38fd252000-7f38fd269000 r-xp 00000000 08:01 27267350                   /lib/x86_64-linux-gnu/libresolv-2.21.so
7f38fd269000-7f38fd469000 ---p 00017000 08:01 27267350                   /lib/x86_64-linux-gnu/libresolv-2.21.so
7f38fd469000-7f38fd46b000 r--p 00017000 08:01 27267350                   /lib/x86_64-linux-gnu/libresolv-2.21.so
7f38fd46b000-7f38fd46c000 rw-p 00019000 08:01 27267350                   /lib/x86_64-linux-gnu/libresolv-2.21.so
7f38fd46c000-7f38fd46e000 rw-p 00000000 00:00 0 
7f38fd46e000-7f38fd473000 r-xp 00000000 08:01 27267295                   /lib/x86_64-linux-gnu/libnss_dns-2.21.so
7f38fd473000-7f38fd672000 ---p 00005000 08:01 27267295                   /lib/x86_64-linux-gnu/libnss_dns-2.21.so
7f38fd672000-7f38fd673000 r--p 00004000 08:01 27267295                   /lib/x86_64-linux-gnu/libnss_dns-2.21.so
7f38fd673000-7f38fd674000 rw-p 00005000 08:01 27267295                   /lib/x86_64-linux-gnu/libnss_dns-2.21.so
7f38fd674000-7f38fd676000 r-xp 00000000 08:01 27267303                   /lib/x86_64-linux-gnu/libnss_mdns4_minimal.so.2
7f38fd676000-7f38fd875000 ---p 00002000 08:01 27267303                   /lib/x86_64-linux-gnu/libnss_mdns4_minimal.so.2
7f38fd875000-7f38fd876000 r--p 00001000 08:01 27267303                   /lib/x86_64-linux-gnu/libnss_mdns4_minimal.so.2
7f38fd876000-7f38fd877000 rw-p 00002000 08:01 27267303                   /lib/x86_64-linux-gnu/libnss_mdns4_minimal.so.2
7f38fd8b7000-7f38fdab7000 rw-p 00000000 00:00 0 
7f38fdace000-7f38fdb05000 r-xp 00000000 08:01 15344535                   /usr/lib/x86_64-linux-gnu/libtxc_dxtn_s2tc.so.0.0.0
7f38fdb05000-7f38fdd04000 ---p 00037000 08:01 15344535                   /usr/lib/x86_64-linux-gnu/libtxc_dxtn_s2tc.so.0.0.0
7f38fdd04000-7f38fdd05000 r--p 00036000 08:01 15344535                   /usr/lib/x86_64-linux-gnu/libtxc_dxtn_s2tc.so.0.0.0
7f38fdd05000-7f38fdd06000 rw-p 00037000 08:01 15344535                   /usr/lib/x86_64-linux-gnu/libtxc_dxtn_s2tc.so.0.0.0
7f38fdd06000-7f38fdd2b000 r-xp 00000000 08:01 27267368                   /lib/x86_64-linux-gnu/libtinfo.so.5.9
7f38fdd2b000-7f38fdf2a000 ---p 00025000 08:01 27267368                   /lib/x86_64-linux-gnu/libtinfo.so.5.9
7f38fdf2a000-7f38fdf2e000 r--p 00024000 08:01 27267368                   /lib/x86_64-linux-gnu/libtinfo.so.5.9
7f38fdf2e000-7f38fdf2f000 rw-p 00028000 08:01 27267368                   /lib/x86_64-linux-gnu/libtinfo.so.5.9
7f38fdf2f000-7f38fdf62000 r-xp 00000000 08:01 15343777                   /usr/lib/x86_64-linux-gnu/libedit.so.2.0.51
7f38fdf62000-7f38fe162000 ---p 00033000 08:01 15343777                   /usr/lib/x86_64-linux-gnu/libedit.so.2.0.51
7f38fe162000-7f38fe164000 r--p 00033000 08:01 15343777                   /usr/lib/x86_64-linux-gnu/libedit.so.2.0.51
7f38fe164000-7f38fe165000 rw-p 00035000 08:01 15343777                   /usr/lib/x86_64-linux-gnu/libedit.so.2.0.51
7f38fe165000-7f38fe169000 rw-p 00000000 00:00 0 
7f38fe169000-7f38fe182000 r-xp 00000000 08:01 27267385                   /lib/x86_64-linux-gnu/libz.so.1.2.8
7f38fe182000-7f38fe382000 ---p 00019000 08:01 27267385                   /lib/x86_64-linux-gnu/libz.so.1.2.8
7f38fe382000-7f38fe383000 r--p 00019000 08:01 27267385                   /lib/x86_64-linux-gnu/libz.so.1.2.8
7f38fe383000-7f38fe384000 rw-p 0001a000 08:01 27267385                   /lib/x86_64-linux-gnu/libz.so.1.2.8
7f38fe384000-7f38fe474000 r-xp 00000000 08:01 15344490                   /usr/lib/x86_64-linux-gnu/libstdc++.so.6.0.20
7f38fe474000-7f38fe674000 ---p 000f0000 08:01 15344490                   /usr/lib/x86_64-linux-gnu/libstdc++.so.6.0.20
7f38fe674000-7f38fe67c000 r--p 000f0000 08:01 15344490                   /usr/lib/x86_64-linux-gnu/libstdc++.so.6.0.20
7f38fe67c000-7f38fe67e000 rw-p 000f8000 08:01 15344490                   /usr/lib/x86_64-linux-gnu/libstdc++.so.6.0.20
7f38fe67e000-7f38fe693000 rw-p 00000000 00:00 0 
7f38fe693000-7f390043c000 r-xp 00000000 08:01 15343369                   /usr/lib/x86_64-linux-gnu/libLLVM-3.6.so.1
7f390043c000-7f390043d000 ---p 01da9000 08:01 15343369                   /usr/lib/x86_64-linux-gnu/libLLVM-3.6.so.1
7f390043d000-7f3900659000 r--p 01da9000 08:01 15343369                   /usr/lib/x86_64-linux-gnu/libLLVM-3.6.so.1
7f3900659000-7f390065f000 rw-p 01fc5000 08:01 15343369                   /usr/lib/x86_64-linux-gnu/libLLVM-3.6.so.1
7f390065f000-7f3900675000 rw-p 00000000 00:00 0 
7f3900675000-7f390068a000 r-xp 00000000 08:01 15343778                   /usr/lib/x86_64-linux-gnu/libelf-0.160.so
7f390068a000-7f3900889000 ---p 00015000 08:01 15343778                   /usr/lib/x86_64-linux-gnu/libelf-0.160.so
7f3900889000-7f390088a000 r--p 00014000 08:01 15343778                   /usr/lib/x86_64-linux-gnu/libelf-0.160.so
7f390088a000-7f390088b000 rw-p 00015000 08:01 15343778                   /usr/lib/x86_64-linux-gnu/libelf-0.160.so
7f390088b000-7f3900897000 r-xp 00000000 08:01 15343773                   /usr/lib/x86_64-linux-gnu/libdrm_radeon.so.1.0.1
7f3900897000-7f3900a96000 ---p 0000c000 08:01 15343773                   /usr/lib/x86_64-linux-gnu/libdrm_radeon.so.1.0.1
7f3900a96000-7f3900a97000 r--p 0000b000 08:01 15343773                   /usr/lib/x86_64-linux-gnu/libdrm_radeon.so.1.0.1
7f3900a97000-7f3900a98000 rw-p 0000c000 08:01 15343773                   /usr/lib/x86_64-linux-gnu/libdrm_radeon.so.1.0.1
7f3900a98000-7f3900a9e000 r-xp 00000000 08:01 15343771                   /usr/lib/x86_64-linux-gnu/libdrm_nouveau.so.2.0.0
7f3900a9e000-7f3900c9d000 ---p 00006000 08:01 15343771                   /usr/lib/x86_64-linux-gnu/libdrm_nouveau.so.2.0.0
7f3900c9d000-7f3900c9e000 r--p 00005000 08:01 15343771                   /usr/lib/x86_64-linux-gnu/libdrm_nouveau.so.2.0.0
7f3900c9e000-7f3900c9f000 rw-p 00006000 08:01 15343771                   /usr/lib/x86_64-linux-gnu/libdrm_nouveau.so.2.0.0
7f3900c9f000-7f3901412000 r-xp 00000000 08:01 15603600                   /usr/lib/x86_64-linux-gnu/dri/nouveau_dri.so
7f3901412000-7f3901611000 ---p 00773000 08:01 15603600                   /usr/lib/x86_64-linux-gnu/dri/nouveau_dri.so
7f3901611000-7f3901668000 r--p 00772000 08:01 15603600                   /usr/lib/x86_64-linux-gnu/dri/nouveau_dri.so
7f3901668000-7f3901674000 rw-p 007c9000 08:01 15603600                   /usr/lib/x86_64-linux-gnu/dri/nouveau_dri.so
7f3901674000-7f3901859000 rw-p 00000000 00:00 0 
7f3901859000-7f390186b000 r-xp 00000000 08:01 27263385                   /lib/x86_64-linux-gnu/libudev.so.1.6.2
7f390186b000-7f3901a6a000 ---p 00012000 08:01 27263385                   /lib/x86_64-linux-gnu/libudev.so.1.6.2
7f3901a6a000-7f3901a6b000 r--p 00011000 08:01 27263385                   /lib/x86_64-linux-gnu/libudev.so.1.6.2
7f3901a6b000-7f3901a6c000 rw-p 00012000 08:01 27263385                   /lib/x86_64-linux-gnu/libudev.so.1.6.2
7f3901a6c000-7f3901a6e000 r-xp 00000000 08:01 15343521                   /usr/lib/x86_64-linux-gnu/libXinerama.so.1.0.0
7f3901a6e000-7f3901c6d000 ---p 00002000 08:01 15343521                   /usr/lib/x86_64-linux-gnu/libXinerama.so.1.0.0
7f3901c6d000-7f3901c6e000 r--p 00001000 08:01 15343521                   /usr/lib/x86_64-linux-gnu/libXinerama.so.1.0.0
7f3901c6e000-7f3901c6f000 rw-p 00002000 08:01 15343521                   /usr/lib/x86_64-linux-gnu/libXinerama.so.1.0.0
7f3901c6f000-7f3901cb4000 r-xp 00000000 08:01 28316378                   /tmp/jogamp_0000/file_cache/jln7663856629315391756/jln3026971227768404477/libjogl_mobile.so
7f3901cb4000-7f3901eb4000 ---p 00045000 08:01 28316378                   /tmp/jogamp_0000/file_cache/jln7663856629315391756/jln3026971227768404477/libjogl_mobile.so
7f3901eb4000-7f3901eb5000 rw-p 00045000 08:01 28316378                   /tmp/jogamp_0000/file_cache/jln7663856629315391756/jln3026971227768404477/libjogl_mobile.so
7f3901eb5000-7f3901ebc000 r-xp 00000000 08:01 15343817                   /usr/lib/x86_64-linux-gnu/libffi.so.6.0.4
7f3901ebc000-7f39020bb000 ---p 00007000 08:01 15343817                   /usr/lib/x86_64-linux-gnu/libffi.so.6.0.4
7f39020bb000-7f39020bc000 r--p 00006000 08:01 15343817                   /usr/lib/x86_64-linux-gnu/libffi.so.6.0.4
7f39020bc000-7f39020bd000 rw-p 00007000 08:01 15343817                   /usr/lib/x86_64-linux-gnu/libffi.so.6.0.4
7f39020bd000-7f39020ca000 r-xp 00000000 08:01 15340550                   /usr/lib/x86_64-linux-gnu/libgbm.so.1.0.0
7f39020ca000-7f39022c9000 ---p 0000d000 08:01 15340550                   /usr/lib/x86_64-linux-gnu/libgbm.so.1.0.0
7f39022c9000-7f39022ca000 r--p 0000c000 08:01 15340550                   /usr/lib/x86_64-linux-gnu/libgbm.so.1.0.0
7f39022ca000-7f39022cb000 rw-p 0000d000 08:01 15340550                   /usr/lib/x86_64-linux-gnu/libgbm.so.1.0.0
7f39022cb000-7f39022da000 r-xp 00000000 08:01 15344604                   /usr/lib/x86_64-linux-gnu/libwayland-server.so.0.1.0
7f39022da000-7f39024d9000 ---p 0000f000 08:01 15344604                   /usr/lib/x86_64-linux-gnu/libwayland-server.so.0.1.0
7f39024d9000-7f39024dc000 r--p 0000e000 08:01 15344604                   /usr/lib/x86_64-linux-gnu/libwayland-server.so.0.1.0
7f39024dc000-7f39024dd000 rw-p 00011000 08:01 15344604                   /usr/lib/x86_64-linux-gnu/libwayland-server.so.0.1.0
7f39024dd000-7f39024e9000 r-xp 00000000 08:01 15344598                   /usr/lib/x86_64-linux-gnu/libwayland-client.so.0.3.0
7f39024e9000-7f39026e8000 ---p 0000c000 08:01 15344598                   /usr/lib/x86_64-linux-gnu/libwayland-client.so.0.3.0
7f39026e8000-7f39026ea000 r--p 0000b000 08:01 15344598                   /usr/lib/x86_64-linux-gnu/libwayland-client.so.0.3.0
7f39026ea000-7f39026eb000 rw-p 0000d000 08:01 15344598                   /usr/lib/x86_64-linux-gnu/libwayland-client.so.0.3.0
7f39026eb000-7f39026f0000 r-xp 00000000 08:01 15344692                   /usr/lib/x86_64-linux-gnu/libxcb-xfixes.so.0.0.0
7f39026f0000-7f39028f0000 ---p 00005000 08:01 15344692                   /usr/lib/x86_64-linux-gnu/libxcb-xfixes.so.0.0.0
7f39028f0000-7f39028f1000 r--p 00005000 08:01 15344692                   /usr/lib/x86_64-linux-gnu/libxcb-xfixes.so.0.0.0
7f39028f1000-7f39028f2000 rw-p 00006000 08:01 15344692                   /usr/lib/x86_64-linux-gnu/libxcb-xfixes.so.0.0.0
7f39028f2000-7f390291b000 r-xp 00000000 08:01 15729315                   /usr/lib/x86_64-linux-gnu/mesa-egl/libEGL.so.1.0.0
7f390291b000-7f3902b1b000 ---p 00029000 08:01 15729315                   /usr/lib/x86_64-linux-gnu/mesa-egl/libEGL.so.1.0.0
7f3902b1b000-7f3902b1c000 r--p 00029000 08:01 15729315                   /usr/lib/x86_64-linux-gnu/mesa-egl/libEGL.so.1.0.0
7f3902b1c000-7f3902b1d000 rw-p 0002a000 08:01 15729315                   /usr/lib/x86_64-linux-gnu/mesa-egl/libEGL.so.1.0.0
7f3902b1d000-7f3902b1e000 rw-p 00000000 00:00 0 
7f3902b1e000-7f3902bc3000 r-xp 00000000 08:01 28316377                   /tmp/jogamp_0000/file_cache/jln7663856629315391756/jln3026971227768404477/libjogl_desktop.so
7f3902bc3000-7f3902dc3000 ---p 000a5000 08:01 28316377                   /tmp/jogamp_0000/file_cache/jln7663856629315391756/jln3026971227768404477/libjogl_desktop.so
7f3902dc3000-7f3902dc4000 rw-p 000a5000 08:01 28316377                   /tmp/jogamp_0000/file_cache/jln7663856629315391756/jln3026971227768404477/libjogl_desktop.so
7f3902dc4000-7f3902dd0000 r-xp 00000000 08:01 15343767                   /usr/lib/x86_64-linux-gnu/libdrm.so.2.4.0
7f3902dd0000-7f3902fcf000 ---p 0000c000 08:01 15343767                   /usr/lib/x86_64-linux-gnu/libdrm.so.2.4.0
7f3902fcf000-7f3902fd0000 r--p 0000b000 08:01 15343767                   /usr/lib/x86_64-linux-gnu/libdrm.so.2.4.0
7f3902fd0000-7f3902fd1000 rw-p 0000c000 08:01 15343767                   /usr/lib/x86_64-linux-gnu/libdrm.so.2.4.0
7f3902fd1000-7f3902fd2000 r-xp 00000000 08:01 15344706                   /usr/lib/x86_64-linux-gnu/libxshmfence.so.1.0.0
7f3902fd2000-7f39031d1000 ---p 00001000 08:01 15344706                   /usr/lib/x86_64-linux-gnu/libxshmfence.so.1.0.0
7f39031d1000-7f39031d2000 r--p 00000000 08:01 15344706                   /usr/lib/x86_64-linux-gnu/libxshmfence.so.1.0.0
7f39031d2000-7f39031d3000 rw-p 00001000 08:01 15344706                   /usr/lib/x86_64-linux-gnu/libxshmfence.so.1.0.0
7f39031d3000-7f39031d8000 r-xp 00000000 08:01 15344688                   /usr/lib/x86_64-linux-gnu/libxcb-sync.so.1.0.0
7f39031d8000-7f39033d7000 ---p 00005000 08:01 15344688                   /usr/lib/x86_64-linux-gnu/libxcb-sync.so.1.0.0
7f39033d7000-7f39033d8000 r--p 00004000 08:01 15344688                   /usr/lib/x86_64-linux-gnu/libxcb-sync.so.1.0.0
7f39033d8000-7f39033d9000 rw-p 00005000 08:01 15344688                   /usr/lib/x86_64-linux-gnu/libxcb-sync.so.1.0.0
7f39033d9000-7f39033db000 r-xp 00000000 08:01 15344676                   /usr/lib/x86_64-linux-gnu/libxcb-present.so.0.0.0
7f39033db000-7f39035da000 ---p 00002000 08:01 15344676                   /usr/lib/x86_64-linux-gnu/libxcb-present.so.0.0.0
7f39035da000-7f39035db000 r--p 00001000 08:01 15344676                   /usr/lib/x86_64-linux-gnu/libxcb-present.so.0.0.0
7f39035db000-7f39035dc000 rw-p 00002000 08:01 15344676                   /usr/lib/x86_64-linux-gnu/libxcb-present.so.0.0.0
7f39035dc000-7f39035de000 r-xp 00000000 08:01 15344666                   /usr/lib/x86_64-linux-gnu/libxcb-dri3.so.0.0.0
7f39035de000-7f39037dd000 ---p 00002000 08:01 15344666                   /usr/lib/x86_64-linux-gnu/libxcb-dri3.so.0.0.0
7f39037dd000-7f39037de000 r--p 00001000 08:01 15344666                   /usr/lib/x86_64-linux-gnu/libxcb-dri3.so.0.0.0
7f39037de000-7f39037df000 rw-p 00002000 08:01 15344666                   /usr/lib/x86_64-linux-gnu/libxcb-dri3.so.0.0.0
7f39037df000-7f39037e2000 r-xp 00000000 08:01 15344664                   /usr/lib/x86_64-linux-gnu/libxcb-dri2.so.0.0.0
7f39037e2000-7f39039e2000 ---p 00003000 08:01 15344664                   /usr/lib/x86_64-linux-gnu/libxcb-dri2.so.0.0.0
7f39039e2000-7f39039e3000 r--p 00003000 08:01 15344664                   /usr/lib/x86_64-linux-gnu/libxcb-dri2.so.0.0.0
7f39039e3000-7f39039e4000 rw-p 00004000 08:01 15344664                   /usr/lib/x86_64-linux-gnu/libxcb-dri2.so.0.0.0
7f39039e4000-7f39039f9000 r-xp 00000000 08:01 15344668                   /usr/lib/x86_64-linux-gnu/libxcb-glx.so.0.0.0
7f39039f9000-7f3903bf8000 ---p 00015000 08:01 15344668                   /usr/lib/x86_64-linux-gnu/libxcb-glx.so.0.0.0
7f3903bf8000-7f3903bfa000 r--p 00014000 08:01 15344668                   /usr/lib/x86_64-linux-gnu/libxcb-glx.so.0.0.0
7f3903bfa000-7f3903bfb000 rw-p 00016000 08:01 15344668                   /usr/lib/x86_64-linux-gnu/libxcb-glx.so.0.0.0
7f3903bfb000-7f3903bfc000 r-xp 00000000 08:01 15343492                   /usr/lib/x86_64-linux-gnu/libX11-xcb.so.1.0.0
7f3903bfc000-7f3903dfb000 ---p 00001000 08:01 15343492                   /usr/lib/x86_64-linux-gnu/libX11-xcb.so.1.0.0
7f3903dfb000-7f3903dfc000 r--p 00000000 08:01 15343492                   /usr/lib/x86_64-linux-gnu/libX11-xcb.so.1.0.0
7f3903dfc000-7f3903dfd000 rw-p 00001000 08:01 15343492                   /usr/lib/x86_64-linux-gnu/libX11-xcb.so.1.0.0
7f3903dfd000-7f3903dff000 r-xp 00000000 08:01 15343507                   /usr/lib/x86_64-linux-gnu/libXdamage.so.1.1.0
7f3903dff000-7f3903ffe000 ---p 00002000 08:01 15343507                   /usr/lib/x86_64-linux-gnu/libXdamage.so.1.1.0
7f3903ffe000-7f3903fff000 r--p 00001000 08:01 15343507                   /usr/lib/x86_64-linux-gnu/libXdamage.so.1.1.0
7f3903fff000-7f3904000000 rw-p 00002000 08:01 15343507                   /usr/lib/x86_64-linux-gnu/libXdamage.so.1.1.0
7f3904000000-7f3904021000 rw-p 00000000 00:00 0 
7f3904021000-7f3908000000 ---p 00000000 00:00 0 
7f3908000000-7f390818c000 rw-p 00000000 00:00 0 
7f390818c000-7f390c000000 ---p 00000000 00:00 0 
7f390c000000-7f390ca61000 rw-p 00000000 00:00 0 
7f390ca61000-7f3910000000 ---p 00000000 00:00 0 
7f3910000000-7f3910566000 rw-p 00000000 00:00 0 
7f3910566000-7f3914000000 ---p 00000000 00:00 0 
7f3914000000-7f3914021000 rw-p 00000000 00:00 0 
7f3914021000-7f3918000000 ---p 00000000 00:00 0 
7f3918000000-7f391802d000 rw-p 00000000 00:00 0 
7f391802d000-7f391c000000 ---p 00000000 00:00 0 
7f391c000000-7f391c025000 rw-p 00000000 00:00 0 
7f391c025000-7f3920000000 ---p 00000000 00:00 0 
7f3920000000-7f3920021000 rw-p 00000000 00:00 0 
7f3920021000-7f3924000000 ---p 00000000 00:00 0 
7f3924000000-7f3924021000 rw-p 00000000 00:00 0 
7f3924021000-7f3928000000 ---p 00000000 00:00 0 
7f3928000000-7f3928021000 rw-p 00000000 00:00 0 
7f3928021000-7f392c000000 ---p 00000000 00:00 0 
7f392c04e000-7f392c06e000 rw-s 190b7d000 00:06 9579                      /dev/dri/card0
7f392c06e000-7f392c0ee000 rw-s 19a21c000 00:06 9579                      /dev/dri/card0
7f392c0ee000-7f392c16e000 rw-s 19bbbe000 00:06 9579                      /dev/dri/card0
7f392c16e000-7f392c1ee000 rw-s 19bb3e000 00:06 9579                      /dev/dri/card0
7f392c1ee000-7f392c213000 r-xp 00000000 08:01 15343260                   /usr/lib/x86_64-linux-gnu/libglapi.so.0.0.0
7f392c213000-7f392c413000 ---p 00025000 08:01 15343260                   /usr/lib/x86_64-linux-gnu/libglapi.so.0.0.0
7f392c413000-7f392c416000 r--p 00025000 08:01 15343260                   /usr/lib/x86_64-linux-gnu/libglapi.so.0.0.0
7f392c416000-7f392c417000 rw-p 00028000 08:01 15343260                   /usr/lib/x86_64-linux-gnu/libglapi.so.0.0.0
7f392c417000-7f392c418000 rw-p 00000000 00:00 0 
7f392c418000-7f392c43e000 r-xp 00000000 08:01 27267358                   /lib/x86_64-linux-gnu/libexpat.so.1.6.0
7f392c43e000-7f392c63d000 ---p 00026000 08:01 27267358                   /lib/x86_64-linux-gnu/libexpat.so.1.6.0
7f392c63d000-7f392c640000 r--p 00025000 08:01 27267358                   /lib/x86_64-linux-gnu/libexpat.so.1.6.0
7f392c640000-7f392c641000 rw-p 00028000 08:01 27267358                   /lib/x86_64-linux-gnu/libexpat.so.1.6.0
7f392c641000-7f392c6d9000 r-xp 00000000 08:01 15732978                   /usr/lib/x86_64-linux-gnu/mesa/libGL.so.1.2.0
7f392c6d9000-7f392c8d8000 ---p 00098000 08:01 15732978                   /usr/lib/x86_64-linux-gnu/mesa/libGL.so.1.2.0
7f392c8d8000-7f392c8db000 r--p 00097000 08:01 15732978                   /usr/lib/x86_64-linux-gnu/mesa/libGL.so.1.2.0
7f392c8db000-7f392c8dc000 rw-p 0009a000 08:01 15732978                   /usr/lib/x86_64-linux-gnu/mesa/libGL.so.1.2.0
7f392c8dc000-7f392cadd000 rw-p 00000000 00:00 0 
7f392cadd000-7f392ccdd000 rw-p 00000000 00:00 0 
7f392ccdd000-7f392cce4000 r-xp 00000000 08:01 28316380                   /tmp/jogamp_0000/file_cache/jln7663856629315391756/jln3026971227768404477/libnativewindow_x11.so
7f392cce4000-7f392cee3000 ---p 00007000 08:01 28316380                   /tmp/jogamp_0000/file_cache/jln7663856629315391756/jln3026971227768404477/libnativewindow_x11.so
7f392cee3000-7f392cee4000 rw-p 00006000 08:01 28316380                   /tmp/jogamp_0000/file_cache/jln7663856629315391756/jln3026971227768404477/libnativewindow_x11.so
7f392cee4000-7f392cee8000 r-xp 00000000 08:01 15343549                   /usr/lib/x86_64-linux-gnu/libXxf86vm.so.1.0.0
7f392cee8000-7f392d0e8000 ---p 00004000 08:01 15343549                   /usr/lib/x86_64-linux-gnu/libXxf86vm.so.1.0.0
7f392d0e8000-7f392d0e9000 r--p 00004000 08:01 15343549                   /usr/lib/x86_64-linux-gnu/libXxf86vm.so.1.0.0
7f392d0e9000-7f392d0ea000 rw-p 00005000 08:01 15343549                   /usr/lib/x86_64-linux-gnu/libXxf86vm.so.1.0.0
7f392d0ea000-7f392d0ec000 r-xp 00000000 08:01 28316379                   /tmp/jogamp_0000/file_cache/jln7663856629315391756/jln3026971227768404477/libnativewindow_awt.so
7f392d0ec000-7f392d2eb000 ---p 00002000 08:01 28316379                   /tmp/jogamp_0000/file_cache/jln7663856629315391756/jln3026971227768404477/libnativewindow_awt.so
7f392d2eb000-7f392d2ec000 rw-p 00001000 08:01 28316379                   /tmp/jogamp_0000/file_cache/jln7663856629315391756/jln3026971227768404477/libnativewindow_awt.so
7f392d2ec000-7f392d2ed000 r-xp 00000000 08:01 3450810                    /home/ema/Scaricati/jdk1.8.0_92/jre/lib/amd64/libjawt.so
7f392d2ed000-7f392d4ec000 ---p 00001000 08:01 3450810                    /home/ema/Scaricati/jdk1.8.0_92/jre/lib/amd64/libjawt.so
7f392d4ec000-7f392d4ed000 rw-p 00000000 08:01 3450810                    /home/ema/Scaricati/jdk1.8.0_92/jre/lib/amd64/libjawt.so
7f392d4ed000-7f392d4ef000 r-xp 00000000 08:01 28316376                   /tmp/jogamp_0000/file_cache/jln7663856629315391756/jln3026971227768404477/libgluegen-rt.so
7f392d4ef000-7f392d6ee000 ---p 00002000 08:01 28316376                   /tmp/jogamp_0000/file_cache/jln7663856629315391756/jln3026971227768404477/libgluegen-rt.so
7f392d6ee000-7f392d6ef000 rw-p 00001000 08:01 28316376                   /tmp/jogamp_0000/file_cache/jln7663856629315391756/jln3026971227768404477/libgluegen-rt.so
7f392d6ef000-7f392d6f2000 ---p 00000000 00:00 0 
7f392d6f2000-7f392d7f0000 rw-p 00000000 00:00 0 
7f392d7f0000-7f392d7f3000 ---p 00000000 00:00 0 
7f392d7f3000-7f392da29000 rw-p 00000000 00:00 0 
7f392da29000-7f392da2c000 ---p 00000000 00:00 0 
7f392da2c000-7f392dd2a000 rw-p 00000000 00:00 0 
7f392dd2f000-7f392dd4f000 rw-s 19a2bc000 00:06 9579                      /dev/dri/card0
7f392dd4f000-7f392dd52000 ---p 00000000 00:00 0 
7f392dd52000-7f392de50000 rw-p 00000000 00:00 0 
7f392de50000-7f392deb9000 r-xp 00000000 08:01 3450779                    /home/ema/Scaricati/jdk1.8.0_92/jre/lib/amd64/libt2k.so
7f392deb9000-7f392e0b9000 ---p 00069000 08:01 3450779                    /home/ema/Scaricati/jdk1.8.0_92/jre/lib/amd64/libt2k.so
7f392e0b9000-7f392e0c0000 rw-p 00069000 08:01 3450779                    /home/ema/Scaricati/jdk1.8.0_92/jre/lib/amd64/libt2k.so
7f392e0c0000-7f392e0d0000 rw-p 00000000 00:00 0 
7f392e0d0000-7f392e0e1000 r-xp 00000000 08:01 3450822                    /home/ema/Scaricati/jdk1.8.0_92/jre/lib/amd64/libnio.so
7f392e0e1000-7f392e2e0000 ---p 00011000 08:01 3450822                    /home/ema/Scaricati/jdk1.8.0_92/jre/lib/amd64/libnio.so
7f392e2e0000-7f392e2e1000 rw-p 00010000 08:01 3450822                    /home/ema/Scaricati/jdk1.8.0_92/jre/lib/amd64/libnio.so
7f392e2e1000-7f392e5e2000 rw-p 00000000 00:00 0 
7f392e5e2000-7f392e5f8000 r-xp 00000000 08:01 3450819                    /home/ema/Scaricati/jdk1.8.0_92/jre/lib/amd64/libnet.so
7f392e5f8000-7f392e7f8000 ---p 00016000 08:01 3450819                    /home/ema/Scaricati/jdk1.8.0_92/jre/lib/amd64/libnet.so
7f392e7f8000-7f392e7f9000 rw-p 00016000 08:01 3450819                    /home/ema/Scaricati/jdk1.8.0_92/jre/lib/amd64/libnet.so
7f392e7f9000-7f392e7fc000 ---p 00000000 00:00 0 
7f392e7fc000-7f392e8fa000 rw-p 00000000 00:00 0 
7f392e8fa000-7f392e8fd000 ---p 00000000 00:00 0 
7f392e8fd000-7f392e9fb000 rw-p 00000000 00:00 0 
7f392e9fb000-7f392e9fe000 ---p 00000000 00:00 0 
7f392e9fe000-7f392eafc000 rw-p 00000000 00:00 0 
7f392eafc000-7f392eaff000 ---p 00000000 00:00 0 
7f392eaff000-7f392ebfd000 rw-p 00000000 00:00 0 
7f392ebfd000-7f392ec02000 r-xp 00000000 08:01 15343513                   /usr/lib/x86_64-linux-gnu/libXfixes.so.3.1.0
7f392ec02000-7f392ee01000 ---p 00005000 08:01 15343513                   /usr/lib/x86_64-linux-gnu/libXfixes.so.3.1.0
7f392ee01000-7f392ee02000 r--p 00004000 08:01 15343513                   /usr/lib/x86_64-linux-gnu/libXfixes.so.3.1.0
7f392ee02000-7f392ee03000 rw-p 00005000 08:01 15343513                   /usr/lib/x86_64-linux-gnu/libXfixes.so.3.1.0
7f392ee03000-7f392ee0c000 r-xp 00000000 08:01 15343505                   /usr/lib/x86_64-linux-gnu/libXcursor.so.1.0.2
7f392ee0c000-7f392f00b000 ---p 00009000 08:01 15343505                   /usr/lib/x86_64-linux-gnu/libXcursor.so.1.0.2
7f392f00b000-7f392f00c000 r--p 00008000 08:01 15343505                   /usr/lib/x86_64-linux-gnu/libXcursor.so.1.0.2
7f392f00c000-7f392f00d000 rw-p 00009000 08:01 15343505                   /usr/lib/x86_64-linux-gnu/libXcursor.so.1.0.2
7f392f00d000-7f392f010000 ---p 00000000 00:00 0 
7f392f010000-7f392f10e000 rw-p 00000000 00:00 0 
7f392f10e000-7f392f124000 r-xp 00000000 08:01 27269807                   /lib/x86_64-linux-gnu/libgcc_s.so.1
7f392f124000-7f392f323000 ---p 00016000 08:01 27269807                   /lib/x86_64-linux-gnu/libgcc_s.so.1
7f392f323000-7f392f324000 rw-p 00015000 08:01 27269807                   /lib/x86_64-linux-gnu/libgcc_s.so.1
7f392f32c000-7f392f348000 r--s 00393000 08:01 3450599                    /home/ema/Scaricati/jdk1.8.0_92/jre/lib/ext/cldrdata.jar
7f392f348000-7f392f3ad000 r-xp 00000000 08:01 3450798                    /home/ema/Scaricati/jdk1.8.0_92/jre/lib/amd64/libfontmanager.so
7f392f3ad000-7f392f5ac000 ---p 00065000 08:01 3450798                    /home/ema/Scaricati/jdk1.8.0_92/jre/lib/amd64/libfontmanager.so
7f392f5ac000-7f392f5b1000 rw-p 00064000 08:01 3450798                    /home/ema/Scaricati/jdk1.8.0_92/jre/lib/amd64/libfontmanager.so
7f392f5b1000-7f392f5c1000 rw-p 00000000 00:00 0 
7f392f5c1000-7f392f5c6000 r-xp 00000000 08:01 15343509                   /usr/lib/x86_64-linux-gnu/libXdmcp.so.6.0.0
7f392f5c6000-7f392f7c5000 ---p 00005000 08:01 15343509                   /usr/lib/x86_64-linux-gnu/libXdmcp.so.6.0.0
7f392f7c5000-7f392f7c6000 r--p 00004000 08:01 15343509                   /usr/lib/x86_64-linux-gnu/libXdmcp.so.6.0.0
7f392f7c6000-7f392f7c7000 rw-p 00005000 08:01 15343509                   /usr/lib/x86_64-linux-gnu/libXdmcp.so.6.0.0
7f392f7c7000-7f392f7c9000 r-xp 00000000 08:01 15343498                   /usr/lib/x86_64-linux-gnu/libXau.so.6.0.0
7f392f7c9000-7f392f9c9000 ---p 00002000 08:01 15343498                   /usr/lib/x86_64-linux-gnu/libXau.so.6.0.0
7f392f9c9000-7f392f9ca000 r--p 00002000 08:01 15343498                   /usr/lib/x86_64-linux-gnu/libXau.so.6.0.0
7f392f9ca000-7f392f9cb000 rw-p 00003000 08:01 15343498                   /usr/lib/x86_64-linux-gnu/libXau.so.6.0.0
7f392f9cb000-7f392f9e8000 r-xp 00000000 08:01 15344696                   /usr/lib/x86_64-linux-gnu/libxcb.so.1.1.0
7f392f9e8000-7f392fbe8000 ---p 0001d000 08:01 15344696                   /usr/lib/x86_64-linux-gnu/libxcb.so.1.1.0
7f392fbe8000-7f392fbe9000 r--p 0001d000 08:01 15344696                   /usr/lib/x86_64-linux-gnu/libxcb.so.1.1.0
7f392fbe9000-7f392fbea000 rw-p 0001e000 08:01 15344696                   /usr/lib/x86_64-linux-gnu/libxcb.so.1.1.0
7f392fbea000-7f392fbf9000 r-xp 00000000 08:01 15343519                   /usr/lib/x86_64-linux-gnu/libXi.so.6.1.0
7f392fbf9000-7f392fdf8000 ---p 0000f000 08:01 15343519                   /usr/lib/x86_64-linux-gnu/libXi.so.6.1.0
7f392fdf8000-7f392fdf9000 r--p 0000e000 08:01 15343519                   /usr/lib/x86_64-linux-gnu/libXi.so.6.1.0
7f392fdf9000-7f392fdfa000 rw-p 0000f000 08:01 15343519                   /usr/lib/x86_64-linux-gnu/libXi.so.6.1.0
7f392fdfa000-7f392fdff000 r-xp 00000000 08:01 15343539                   /usr/lib/x86_64-linux-gnu/libXtst.so.6.1.0
7f392fdff000-7f392fffe000 ---p 00005000 08:01 15343539                   /usr/lib/x86_64-linux-gnu/libXtst.so.6.1.0
7f392fffe000-7f392ffff000 r--p 00004000 08:01 15343539                   /usr/lib/x86_64-linux-gnu/libXtst.so.6.1.0
7f392ffff000-7f3930000000 rw-p 00005000 08:01 15343539                   /usr/lib/x86_64-linux-gnu/libXtst.so.6.1.0
7f3930000000-7f39305be000 rw-p 00000000 00:00 0 
7f39305be000-7f3934000000 ---p 00000000 00:00 0 
7f3934000000-7f3934021000 rw-p 00000000 00:00 0 
7f3934021000-7f3938000000 ---p 00000000 00:00 0 
7f3938000000-7f39386ce000 rw-p 00000000 00:00 0 
7f39386ce000-7f393c000000 ---p 00000000 00:00 0 
7f393c000000-7f393c31b000 rw-p 00000000 00:00 0 
7f393c31b000-7f3940000000 ---p 00000000 00:00 0 
7f3940000000-7f3940021000 rw-p 00000000 00:00 0 
7f3940021000-7f3944000000 ---p 00000000 00:00 0 
7f3944000000-7f3944404000 rw-p 00000000 00:00 0 
7f3944404000-7f3948000000 ---p 00000000 00:00 0 
7f3948000000-7f3948021000 rw-p 00000000 00:00 0 
7f3948021000-7f394c000000 ---p 00000000 00:00 0 
7f394c000000-7f394c021000 rw-p 00000000 00:00 0 
7f394c021000-7f3950000000 ---p 00000000 00:00 0 
7f3950000000-7f3950021000 rw-p 00000000 00:00 0 
7f3950021000-7f3954000000 ---p 00000000 00:00 0 
7f3954000000-7f3954021000 rw-p 00000000 00:00 0 
7f3954021000-7f3958000000 ---p 00000000 00:00 0 
7f3958000000-7f3958021000 rw-p 00000000 00:00 0 
7f3958021000-7f395c000000 ---p 00000000 00:00 0 
7f395c000000-7f395c021000 rw-p 00000000 00:00 0 
7f395c021000-7f3960000000 ---p 00000000 00:00 0 
7f3960000000-7f3960021000 rw-p 00000000 00:00 0 
7f3960021000-7f3964000000 ---p 00000000 00:00 0 
7f3964000000-7f3964021000 rw-p 00000000 00:00 0 
7f3964021000-7f3968000000 ---p 00000000 00:00 0 
7f3968013000-7f396801c000 r-xp 00000000 08:01 15343533                   /usr/lib/x86_64-linux-gnu/libXrender.so.1.3.0
7f396801c000-7f396821b000 ---p 00009000 08:01 15343533                   /usr/lib/x86_64-linux-gnu/libXrender.so.1.3.0
7f396821b000-7f396821c000 r--p 00008000 08:01 15343533                   /usr/lib/x86_64-linux-gnu/libXrender.so.1.3.0
7f396821c000-7f396821d000 rw-p 00009000 08:01 15343533                   /usr/lib/x86_64-linux-gnu/libXrender.so.1.3.0
7f396821d000-7f3968350000 r-xp 00000000 08:01 15343494                   /usr/lib/x86_64-linux-gnu/libX11.so.6.3.0
7f3968350000-7f3968550000 ---p 00133000 08:01 15343494                   /usr/lib/x86_64-linux-gnu/libX11.so.6.3.0
7f3968550000-7f3968551000 r--p 00133000 08:01 15343494                   /usr/lib/x86_64-linux-gnu/libX11.so.6.3.0
7f3968551000-7f3968555000 rw-p 00134000 08:01 15343494                   /usr/lib/x86_64-linux-gnu/libX11.so.6.3.0
7f3968555000-7f3968556000 rw-p 00000000 00:00 0 
7f3968556000-7f3968567000 r-xp 00000000 08:01 15343511                   /usr/lib/x86_64-linux-gnu/libXext.so.6.4.0
7f3968567000-7f3968766000 ---p 00011000 08:01 15343511                   /usr/lib/x86_64-linux-gnu/libXext.so.6.4.0
7f3968766000-7f3968767000 r--p 00010000 08:01 15343511                   /usr/lib/x86_64-linux-gnu/libXext.so.6.4.0
7f3968767000-7f3968768000 rw-p 00011000 08:01 15343511                   /usr/lib/x86_64-linux-gnu/libXext.so.6.4.0
7f3968769000-7f396878c000 r--s 002ec000 08:01 3540429                    /home/ema/Dropbox/ACCADEMIC/Programmi/Java/ucsdunfoldingmaps/lib/jogl-all.jar
7f396878c000-7f39687e0000 r-xp 00000000 08:01 3450826                    /home/ema/Scaricati/jdk1.8.0_92/jre/lib/amd64/libawt_xawt.so
7f39687e0000-7f39689e0000 ---p 00054000 08:01 3450826                    /home/ema/Scaricati/jdk1.8.0_92/jre/lib/amd64/libawt_xawt.so
7f39689e0000-7f39689e4000 rw-p 00054000 08:01 3450826                    /home/ema/Scaricati/jdk1.8.0_92/jre/lib/amd64/libawt_xawt.so
7f39689e4000-7f39689e5000 rw-p 00000000 00:00 0 
7f39689e5000-7f3968a87000 r-xp 00000000 08:01 3450809                    /home/ema/Scaricati/jdk1.8.0_92/jre/lib/amd64/libawt.so
7f3968a87000-7f3968c87000 ---p 000a2000 08:01 3450809                    /home/ema/Scaricati/jdk1.8.0_92/jre/lib/amd64/libawt.so
7f3968c87000-7f3968c93000 rw-p 000a2000 08:01 3450809                    /home/ema/Scaricati/jdk1.8.0_92/jre/lib/amd64/libawt.so
7f3968c93000-7f3968cb7000 rw-p 00000000 00:00 0 
7f3968cb7000-7f3968cb8000 ---p 00000000 00:00 0 
7f3968cb8000-7f3968db8000 rw-p 00000000 00:00 0 
7f3968db8000-7f3968dbb000 ---p 00000000 00:00 0 
7f3968dbb000-7f3968eb9000 rw-p 00000000 00:00 0 
7f3968eb9000-7f3968ebc000 ---p 00000000 00:00 0 
7f3968ebc000-7f3968fba000 rw-p 00000000 00:00 0 
7f3968fba000-7f3968fbd000 ---p 00000000 00:00 0 
7f3968fbd000-7f39690bb000 rw-p 00000000 00:00 0 
7f39690bb000-7f39690be000 ---p 00000000 00:00 0 
7f39690be000-7f39691bc000 rw-p 00000000 00:00 0 
7f39691bc000-7f39691bf000 ---p 00000000 00:00 0 
7f39691bf000-7f39692bd000 rw-p 00000000 00:00 0 
7f39692bd000-7f39692c0000 ---p 00000000 00:00 0 
7f39692c0000-7f39693be000 rw-p 00000000 00:00 0 
7f39693be000-7f3969aa1000 r--p 00000000 08:01 15342584                   /usr/lib/locale/locale-archive
7f3969aa1000-7f3969aa4000 ---p 00000000 00:00 0 
7f3969aa4000-7f3969ba2000 rw-p 00000000 00:00 0 
7f3969ba2000-7f3969ba5000 ---p 00000000 00:00 0 
7f3969ba5000-7f3969ca3000 rw-p 00000000 00:00 0 
7f3969ca3000-7f3969ca4000 ---p 00000000 00:00 0 
7f3969ca4000-7f396c000000 rw-p 00000000 00:00 0 
7f396c000000-7f396c021000 rw-p 00000000 00:00 0 
7f396c021000-7f3970000000 ---p 00000000 00:00 0 
7f3970000000-7f3970021000 rw-p 00000000 00:00 0 
7f3970021000-7f3974000000 ---p 00000000 00:00 0 
7f3974000000-7f3974021000 rw-p 00000000 00:00 0 
7f3974021000-7f3978000000 ---p 00000000 00:00 0 
7f3978004000-7f3978008000 rw-s 19a198000 00:06 9579                      /dev/dri/card0
7f3978008000-7f397800a000 rw-s 1907e7000 00:06 9579                      /dev/dri/card0
7f397800a000-7f397800e000 rw-s 1907e1000 00:06 9579                      /dev/dri/card0
7f397800e000-7f39781b4000 rw-p 00000000 00:00 0 
7f39781b4000-7f397838d000 r--s 03d24000 08:01 3450543                    /home/ema/Scaricati/jdk1.8.0_92/jre/lib/rt.jar
7f397838d000-7f397b506000 rw-p 00000000 00:00 0 
7f397b506000-7f397b507000 ---p 00000000 00:00 0 
7f397b507000-7f397b607000 rw-p 00000000 00:00 0 
7f397b607000-7f397b608000 ---p 00000000 00:00 0 
7f397b608000-7f397b708000 rw-p 00000000 00:00 0 
7f397b708000-7f397b709000 ---p 00000000 00:00 0 
7f397b709000-7f397b809000 rw-p 00000000 00:00 0 
7f397b809000-7f397b80a000 ---p 00000000 00:00 0 
7f397b80a000-7f397b90a000 rw-p 00000000 00:00 0 
7f397b90a000-7f397b90b000 ---p 00000000 00:00 0 
7f397b90b000-7f397ba0b000 rw-p 00000000 00:00 0 
7f397ba0b000-7f397ba0c000 ---p 00000000 00:00 0 
7f397ba0c000-7f397bb0c000 rw-p 00000000 00:00 0 
7f397bb0c000-7f397bb0d000 ---p 00000000 00:00 0 
7f397bb0d000-7f397bc0d000 rw-p 00000000 00:00 0 
7f397bc0d000-7f397bc0e000 ---p 00000000 00:00 0 
7f397bc0e000-7f397bd2e000 rw-p 00000000 00:00 0 
7f397bd2e000-7f397beff000 ---p 00000000 00:00 0 
7f397beff000-7f397bf1f000 rw-p 00000000 00:00 0 
7f397bf1f000-7f397c0ef000 ---p 00000000 00:00 0 
7f397c0ef000-7f397c10d000 rw-p 00000000 00:00 0 
7f397c10d000-7f397c1e8000 ---p 00000000 00:00 0 
7f397c1e8000-7f397c20b000 rw-p 00000000 00:00 0 
7f397c20b000-7f397c5a9000 ---p 00000000 00:00 0 
7f397c5a9000-7f397ce29000 rwxp 00000000 00:00 0 
7f397ce29000-7f398b5a9000 ---p 00000000 00:00 0 
7f398b5a9000-7f398b5c3000 r-xp 00000000 08:01 3450813                    /home/ema/Scaricati/jdk1.8.0_92/jre/lib/amd64/libzip.so
7f398b5c3000-7f398b7c3000 ---p 0001a000 08:01 3450813                    /home/ema/Scaricati/jdk1.8.0_92/jre/lib/amd64/libzip.so
7f398b7c3000-7f398b7c4000 rw-p 0001a000 08:01 3450813                    /home/ema/Scaricati/jdk1.8.0_92/jre/lib/amd64/libzip.so
7f398b7c4000-7f398b7d0000 r-xp 00000000 08:01 27267297                   /lib/x86_64-linux-gnu/libnss_files-2.21.so
7f398b7d0000-7f398b9cf000 ---p 0000c000 08:01 27267297                   /lib/x86_64-linux-gnu/libnss_files-2.21.so
7f398b9cf000-7f398b9d0000 r--p 0000b000 08:01 27267297                   /lib/x86_64-linux-gnu/libnss_files-2.21.so
7f398b9d0000-7f398b9d1000 rw-p 0000c000 08:01 27267297                   /lib/x86_64-linux-gnu/libnss_files-2.21.so
7f398b9d1000-7f398b9dc000 r-xp 00000000 08:01 27267307                   /lib/x86_64-linux-gnu/libnss_nis-2.21.so
7f398b9dc000-7f398bbdb000 ---p 0000b000 08:01 27267307                   /lib/x86_64-linux-gnu/libnss_nis-2.21.so
7f398bbdb000-7f398bbdc000 r--p 0000a000 08:01 27267307                   /lib/x86_64-linux-gnu/libnss_nis-2.21.so
7f398bbdc000-7f398bbdd000 rw-p 0000b000 08:01 27267307                   /lib/x86_64-linux-gnu/libnss_nis-2.21.so
7f398bbdd000-7f398bbf4000 r-xp 00000000 08:01 27267291                   /lib/x86_64-linux-gnu/libnsl-2.21.so
7f398bbf4000-7f398bdf3000 ---p 00017000 08:01 27267291                   /lib/x86_64-linux-gnu/libnsl-2.21.so
7f398bdf3000-7f398bdf4000 r--p 00016000 08:01 27267291                   /lib/x86_64-linux-gnu/libnsl-2.21.so
7f398bdf4000-7f398bdf5000 rw-p 00017000 08:01 27267291                   /lib/x86_64-linux-gnu/libnsl-2.21.so
7f398bdf5000-7f398bdf7000 rw-p 00000000 00:00 0 
7f398bdf7000-7f398bdff000 r-xp 00000000 08:01 27267293                   /lib/x86_64-linux-gnu/libnss_compat-2.21.so
7f398bdff000-7f398bffe000 ---p 00008000 08:01 27267293                   /lib/x86_64-linux-gnu/libnss_compat-2.21.so
7f398bffe000-7f398bfff000 r--p 00007000 08:01 27267293                   /lib/x86_64-linux-gnu/libnss_compat-2.21.so
7f398bfff000-7f398c000000 rw-p 00008000 08:01 27267293                   /lib/x86_64-linux-gnu/libnss_compat-2.21.so
7f398c000000-7f398c2e2000 rw-p 00000000 00:00 0 
7f398c2e2000-7f3990000000 ---p 00000000 00:00 0 
7f399000a000-7f3990014000 r--s 00116000 08:01 3450653                    /home/ema/Scaricati/jdk1.8.0_92/jre/lib/ext/localedata.jar
7f3990014000-7f39900fa000 rw-p 00000000 00:00 0 
7f39900fa000-7f3990124000 r-xp 00000000 08:01 3450807                    /home/ema/Scaricati/jdk1.8.0_92/jre/lib/amd64/libjava.so
7f3990124000-7f3990324000 ---p 0002a000 08:01 3450807                    /home/ema/Scaricati/jdk1.8.0_92/jre/lib/amd64/libjava.so
7f3990324000-7f3990326000 rw-p 0002a000 08:01 3450807                    /home/ema/Scaricati/jdk1.8.0_92/jre/lib/amd64/libjava.so
7f3990326000-7f3990333000 r-xp 00000000 08:01 3450812                    /home/ema/Scaricati/jdk1.8.0_92/jre/lib/amd64/libverify.so
7f3990333000-7f3990533000 ---p 0000d000 08:01 3450812                    /home/ema/Scaricati/jdk1.8.0_92/jre/lib/amd64/libverify.so
7f3990533000-7f3990535000 rw-p 0000d000 08:01 3450812                    /home/ema/Scaricati/jdk1.8.0_92/jre/lib/amd64/libverify.so
7f3990535000-7f399053c000 r-xp 00000000 08:01 27267352                   /lib/x86_64-linux-gnu/librt-2.21.so
7f399053c000-7f399073b000 ---p 00007000 08:01 27267352                   /lib/x86_64-linux-gnu/librt-2.21.so
7f399073b000-7f399073c000 r--p 00006000 08:01 27267352                   /lib/x86_64-linux-gnu/librt-2.21.so
7f399073c000-7f399073d000 rw-p 00007000 08:01 27267352                   /lib/x86_64-linux-gnu/librt-2.21.so
7f399073d000-7f3990844000 r-xp 00000000 08:01 27267270                   /lib/x86_64-linux-gnu/libm-2.21.so
7f3990844000-7f3990a43000 ---p 00107000 08:01 27267270                   /lib/x86_64-linux-gnu/libm-2.21.so
7f3990a43000-7f3990a44000 r--p 00106000 08:01 27267270                   /lib/x86_64-linux-gnu/libm-2.21.so
7f3990a44000-7f3990a45000 rw-p 00107000 08:01 27267270                   /lib/x86_64-linux-gnu/libm-2.21.so
7f3990a45000-7f3991708000 r-xp 00000000 08:01 3450788                    /home/ema/Scaricati/jdk1.8.0_92/jre/lib/amd64/server/libjvm.so
7f3991708000-7f3991907000 ---p 00cc3000 08:01 3450788                    /home/ema/Scaricati/jdk1.8.0_92/jre/lib/amd64/server/libjvm.so
7f3991907000-7f39919e0000 rw-p 00cc2000 08:01 3450788                    /home/ema/Scaricati/jdk1.8.0_92/jre/lib/amd64/server/libjvm.so
7f39919e0000-7f3991a2b000 rw-p 00000000 00:00 0 
7f3991a2b000-7f3991beb000 r-xp 00000000 08:01 27267211                   /lib/x86_64-linux-gnu/libc-2.21.so
7f3991beb000-7f3991deb000 ---p 001c0000 08:01 27267211                   /lib/x86_64-linux-gnu/libc-2.21.so
7f3991deb000-7f3991def000 r--p 001c0000 08:01 27267211                   /lib/x86_64-linux-gnu/libc-2.21.so
7f3991def000-7f3991df1000 rw-p 001c4000 08:01 27267211                   /lib/x86_64-linux-gnu/libc-2.21.so
7f3991df1000-7f3991df5000 rw-p 00000000 00:00 0 
7f3991df5000-7f3991df8000 r-xp 00000000 08:01 27267228                   /lib/x86_64-linux-gnu/libdl-2.21.so
7f3991df8000-7f3991ff7000 ---p 00003000 08:01 27267228                   /lib/x86_64-linux-gnu/libdl-2.21.so
7f3991ff7000-7f3991ff8000 r--p 00002000 08:01 27267228                   /lib/x86_64-linux-gnu/libdl-2.21.so
7f3991ff8000-7f3991ff9000 rw-p 00003000 08:01 27267228                   /lib/x86_64-linux-gnu/libdl-2.21.so
7f3991ff9000-7f399200e000 r-xp 00000000 08:01 3450782                    /home/ema/Scaricati/jdk1.8.0_92/jre/lib/amd64/jli/libjli.so
7f399200e000-7f399220e000 ---p 00015000 08:01 3450782                    /home/ema/Scaricati/jdk1.8.0_92/jre/lib/amd64/jli/libjli.so
7f399220e000-7f399220f000 rw-p 00015000 08:01 3450782                    /home/ema/Scaricati/jdk1.8.0_92/jre/lib/amd64/jli/libjli.so
7f399220f000-7f3992227000 r-xp 00000000 08:01 27267344                   /lib/x86_64-linux-gnu/libpthread-2.21.so
7f3992227000-7f3992427000 ---p 00018000 08:01 27267344                   /lib/x86_64-linux-gnu/libpthread-2.21.so
7f3992427000-7f3992428000 r--p 00018000 08:01 27267344                   /lib/x86_64-linux-gnu/libpthread-2.21.so
7f3992428000-7f3992429000 rw-p 00019000 08:01 27267344                   /lib/x86_64-linux-gnu/libpthread-2.21.so
7f3992429000-7f399242d000 rw-p 00000000 00:00 0 
7f399242d000-7f3992451000 r-xp 00000000 08:01 27267183                   /lib/x86_64-linux-gnu/ld-2.21.so
7f3992452000-7f3992453000 rw-p 00000000 00:00 0 
7f3992453000-7f3992454000 rw-s 190972000 00:06 9579                      /dev/dri/card0
7f3992454000-7f3992455000 rw-s 190971000 00:06 9579                      /dev/dri/card0
7f3992455000-7f3992456000 rwxp 00000000 00:00 0 
7f3992456000-7f3992457000 rw-s 19bd3e000 00:06 9579                      /dev/dri/card0
7f3992457000-7f3992459000 r--s 00000000 08:01 3540406                    /home/ema/Dropbox/ACCADEMIC/Programmi/Java/ucsdunfoldingmaps/lib/gluegen-rt-natives-linux-amd64.jar
7f3992459000-7f399245d000 r--s 00097000 08:01 3450594                    /home/ema/Scaricati/jdk1.8.0_92/jre/lib/jsse.jar
7f399245d000-7f3992463000 r--s 00033000 08:01 3540448                    /home/ema/Dropbox/ACCADEMIC/Programmi/Java/ucsdunfoldingmaps/lib/unfolding.0.9.7-uscd.jar
7f3992463000-7f3992525000 rw-p 00000000 00:00 0 
7f3992525000-7f3992528000 ---p 00000000 00:00 0 
7f3992528000-7f399262a000 rw-p 00000000 00:00 0 
7f399262a000-7f399262b000 r--s 0002f000 08:01 3540414                    /home/ema/Dropbox/ACCADEMIC/Programmi/Java/ucsdunfoldingmaps/lib/jogl-all-natives-linux-amd64.jar
7f399262b000-7f399262c000 r--p 00000000 00:00 0 
7f399262c000-7f399262d000 r--s 00005000 08:01 3540435                    /home/ema/Dropbox/ACCADEMIC/Programmi/Java/ucsdunfoldingmaps/lib/libTUIO.jar
7f399262d000-7f399262e000 r--s 00007000 08:01 3540430                    /home/ema/Dropbox/ACCADEMIC/Programmi/Java/ucsdunfoldingmaps/lib/json4processing.jar
7f399262e000-7f3992633000 r--s 00309000 08:01 3540440                    /home/ema/Dropbox/ACCADEMIC/Programmi/Java/ucsdunfoldingmaps/lib/sqlite-jdbc-3.7.2.jar
7f3992633000-7f399263a000 r--s 00059000 08:01 3540436                    /home/ema/Dropbox/ACCADEMIC/Programmi/Java/ucsdunfoldingmaps/lib/log4j-1.2.15.jar
7f399263a000-7f3992640000 r--s 00041000 08:01 3540413                    /home/ema/Dropbox/ACCADEMIC/Programmi/Java/ucsdunfoldingmaps/lib/gluegen-rt.jar
7f3992640000-7f3992644000 r--s 0009a000 08:01 3540405                    /home/ema/Dropbox/ACCADEMIC/Programmi/Java/ucsdunfoldingmaps/lib/core.jar
7f3992644000-7f399264c000 rw-s 00000000 08:01 28316368                   /tmp/hsperfdata_ema/25570
7f399264c000-7f399264d000 rw-p 00000000 00:00 0 
7f399264d000-7f399264e000 r--p 00000000 00:00 0 
7f399264e000-7f3992650000 rw-p 00000000 00:00 0 
7f3992650000-7f3992651000 r--p 00023000 08:01 27267183                   /lib/x86_64-linux-gnu/ld-2.21.so
7f3992651000-7f3992652000 rw-p 00024000 08:01 27267183                   /lib/x86_64-linux-gnu/ld-2.21.so
7f3992652000-7f3992653000 rw-p 00000000 00:00 0 
7fff9481d000-7fff9483e000 rw-p 00000000 00:00 0                          [stack]
7fff9493c000-7fff9493e000 r--p 00000000 00:00 0                          [vvar]
7fff9493e000-7fff94940000 r-xp 00000000 00:00 0                          [vdso]
ffffffffff600000-ffffffffff601000 r-xp 00000000 00:00 0                  [vsyscall]

VM Arguments:
jvm_args: -Djava.security.policy=java.policy.applet -Dfile.encoding=UTF-8 
java_command: sun.applet.AppletViewer module3.EarthquakeCityMap1475829248764.html
java_class_path (initial): /home/ema/Dropbox/ACCADEMIC/Programmi/Java/ucsdunfoldingmaps/build:/home/ema/Dropbox/ACCADEMIC/Programmi/Java/ucsdunfoldingmaps/lib/core.jar:/home/ema/Dropbox/ACCADEMIC/Programmi/Java/ucsdunfoldingmaps/lib/gluegen-rt.jar:/home/ema/Dropbox/ACCADEMIC/Programmi/Java/ucsdunfoldingmaps/lib/jogl-all.jar:/home/ema/Dropbox/ACCADEMIC/Programmi/Java/ucsdunfoldingmaps/lib/log4j-1.2.15.jar:/home/ema/Dropbox/ACCADEMIC/Programmi/Java/ucsdunfoldingmaps/lib/sqlite-jdbc-3.7.2.jar:/home/ema/Dropbox/ACCADEMIC/Programmi/Java/ucsdunfoldingmaps/lib/json4processing.jar:/home/ema/Dropbox/ACCADEMIC/Programmi/Java/ucsdunfoldingmaps/lib/libTUIO.jar:/home/ema/Dropbox/ACCADEMIC/Programmi/Java/ucsdunfoldingmaps/lib/unfolding.0.9.7-uscd.jar
Launcher Type: SUN_STANDARD

Environment Variables:
PATH=/usr/local/sbin:/usr/local/bin:/usr/sbin:/usr/bin:/sbin:/bin:/usr/games:/usr/local/games
SHELL=/bin/bash
DISPLAY=:0

Signal Handlers:
SIGSEGV: [libjvm.so+0xabdee0], sa_mask[0]=11111111011111111101111111111110, sa_flags=SA_RESTART|SA_SIGINFO
SIGBUS: [libjvm.so+0xabdee0], sa_mask[0]=11111111011111111101111111111110, sa_flags=SA_RESTART|SA_SIGINFO
SIGFPE: [libjvm.so+0x91a580], sa_mask[0]=11111111011111111101111111111110, sa_flags=SA_RESTART|SA_SIGINFO
SIGPIPE: [libjvm.so+0x91a580], sa_mask[0]=11111111011111111101111111111110, sa_flags=SA_RESTART|SA_SIGINFO
SIGXFSZ: [libjvm.so+0x91a580], sa_mask[0]=11111111011111111101111111111110, sa_flags=SA_RESTART|SA_SIGINFO
SIGILL: [libjvm.so+0x91a580], sa_mask[0]=11111111011111111101111111111110, sa_flags=SA_RESTART|SA_SIGINFO
SIGUSR1: SIG_DFL, sa_mask[0]=00000000000000000000000000000000, sa_flags=none
SIGUSR2: [libjvm.so+0x91bbb0], sa_mask[0]=00100000000000000000000000000000, sa_flags=SA_RESTART|SA_SIGINFO
SIGHUP: [libjvm.so+0x91cfb0], sa_mask[0]=11111111011111111101111111111110, sa_flags=SA_RESTART|SA_SIGINFO
SIGINT: [libjvm.so+0x91cfb0], sa_mask[0]=11111111011111111101111111111110, sa_flags=SA_RESTART|SA_SIGINFO
SIGTERM: [libjvm.so+0x91cfb0], sa_mask[0]=11111111011111111101111111111110, sa_flags=SA_RESTART|SA_SIGINFO
SIGQUIT: [libjvm.so+0x91cfb0], sa_mask[0]=11111111011111111101111111111110, sa_flags=SA_RESTART|SA_SIGINFO


---------------  S Y S T E M  ---------------

OS:DISTRIB_ID=Ubuntu
DISTRIB_RELEASE=15.04
DISTRIB_CODENAME=vivid
DISTRIB_DESCRIPTION="Ubuntu 15.04"

uname:Linux 3.19.0-69-generic #77-Ubuntu SMP Mon Aug 29 19:53:54 UTC 2016 x86_64
libc:glibc 2.21 NPTL 2.21 
rlimit: STACK 8192k, CORE 0k, NPROC 23746, NOFILE 65536, AS infinity
load average:1,04 0,57 0,58

/proc/meminfo:
MemTotal:        6101264 kB
MemFree:         1204764 kB
MemAvailable:    2705904 kB
Buffers:          706328 kB
Cached:           969484 kB
SwapCached:            0 kB
Active:          4009460 kB
Inactive:         598632 kB
Active(anon):    2936676 kB
Inactive(anon):    41092 kB
Active(file):    1072784 kB
Inactive(file):   557540 kB
Unevictable:          60 kB
Mlocked:              60 kB
SwapTotal:             0 kB
SwapFree:              0 kB
Dirty:                80 kB
Writeback:             0 kB
AnonPages:       2932500 kB
Mapped:           436476 kB
Shmem:             45492 kB
Slab:             130660 kB
SReclaimable:      79520 kB
SUnreclaim:        51140 kB
KernelStack:       13168 kB
PageTables:        40544 kB
NFS_Unstable:          0 kB
Bounce:                0 kB
WritebackTmp:          0 kB
CommitLimit:     3050632 kB
Committed_AS:    7909528 kB
VmallocTotal:   34359738367 kB
VmallocUsed:      319564 kB
VmallocChunk:   34359319508 kB
HardwareCorrupted:     0 kB
AnonHugePages:   1271808 kB
CmaTotal:              0 kB
CmaFree:               0 kB
HugePages_Total:       0
HugePages_Free:        0
HugePages_Rsvd:        0
HugePages_Surp:        0
Hugepagesize:       2048 kB
DirectMap4k:      187904 kB
DirectMap2M:     6094848 kB


CPU:total 8 (4 cores per cpu, 2 threads per core) family 6 model 26 stepping 5, cmov, cx8, fxsr, mmx, sse, sse2, sse3, ssse3, sse4.1, sse4.2, popcnt, ht, tsc, tscinvbit, tscinv

/proc/cpuinfo:
processor	: 0
vendor_id	: GenuineIntel
cpu family	: 6
model		: 26
model name	: Intel(R) Core(TM) i7 CPU         920  @ 2.67GHz
stepping	: 5
microcode	: 0xf
cpu MHz		: 2533.000
cache size	: 8192 KB
physical id	: 0
siblings	: 8
core id		: 0
cpu cores	: 4
apicid		: 0
initial apicid	: 0
fpu		: yes
fpu_exception	: yes
cpuid level	: 11
wp		: yes
flags		: fpu vme de pse tsc msr pae mce cx8 apic sep mtrr pge mca cmov pat pse36 clflush dts acpi mmx fxsr sse sse2 ss ht tm pbe syscall nx rdtscp lm constant_tsc arch_perfmon pebs bts rep_good nopl xtopology nonstop_tsc aperfmperf pni dtes64 monitor ds_cpl vmx est tm2 ssse3 cx16 xtpr pdcm sse4_1 sse4_2 popcnt lahf_lm ida dtherm tpr_shadow vnmi flexpriority ept vpid
bugs		:
bogomips	: 5344.97
clflush size	: 64
cache_alignment	: 64
address sizes	: 36 bits physical, 48 bits virtual
power management:

processor	: 1
vendor_id	: GenuineIntel
cpu family	: 6
model		: 26
model name	: Intel(R) Core(TM) i7 CPU         920  @ 2.67GHz
stepping	: 5
microcode	: 0xf
cpu MHz		: 2000.000
cache size	: 8192 KB
physical id	: 0
siblings	: 8
core id		: 1
cpu cores	: 4
apicid		: 2
initial apicid	: 2
fpu		: yes
fpu_exception	: yes
cpuid level	: 11
wp		: yes
flags		: fpu vme de pse tsc msr pae mce cx8 apic sep mtrr pge mca cmov pat pse36 clflush dts acpi mmx fxsr sse sse2 ss ht tm pbe syscall nx rdtscp lm constant_tsc arch_perfmon pebs bts rep_good nopl xtopology nonstop_tsc aperfmperf pni dtes64 monitor ds_cpl vmx est tm2 ssse3 cx16 xtpr pdcm sse4_1 sse4_2 popcnt lahf_lm ida dtherm tpr_shadow vnmi flexpriority ept vpid
bugs		:
bogomips	: 5344.97
clflush size	: 64
cache_alignment	: 64
address sizes	: 36 bits physical, 48 bits virtual
power management:

processor	: 2
vendor_id	: GenuineIntel
cpu family	: 6
model		: 26
model name	: Intel(R) Core(TM) i7 CPU         920  @ 2.67GHz
stepping	: 5
microcode	: 0xf
cpu MHz		: 2133.000
cache size	: 8192 KB
physical id	: 0
siblings	: 8
core id		: 2
cpu cores	: 4
apicid		: 4
initial apicid	: 4
fpu		: yes
fpu_exception	: yes
cpuid level	: 11
wp		: yes
flags		: fpu vme de pse tsc msr pae mce cx8 apic sep mtrr pge mca cmov pat pse36 clflush dts acpi mmx fxsr sse sse2 ss ht tm pbe syscall nx rdtscp lm constant_tsc arch_perfmon pebs bts rep_good nopl xtopology nonstop_tsc aperfmperf pni dtes64 monitor ds_cpl vmx est tm2 ssse3 cx16 xtpr pdcm sse4_1 sse4_2 popcnt lahf_lm ida dtherm tpr_shadow vnmi flexpriority ept vpid
bugs		:
bogomips	: 5344.97
clflush size	: 64
cache_alignment	: 64
address sizes	: 36 bits physical, 48 bits virtual
power management:

processor	: 3
vendor_id	: GenuineIntel
cpu family	: 6
model		: 26
model name	: Intel(R) Core(TM) i7 CPU         920  @ 2.67GHz
stepping	: 5
microcode	: 0xf
cpu MHz		: 1733.000
cache size	: 8192 KB
physical id	: 0
siblings	: 8
core id		: 3
cpu cores	: 4
apicid		: 6
initial apicid	: 6
fpu		: yes
fpu_exception	: yes
cpuid level	: 11
wp		: yes
flags		: fpu vme de pse tsc msr pae mce cx8 apic sep mtrr pge mca cmov pat pse36 clflush dts acpi mmx fxsr sse sse2 ss ht tm pbe syscall nx rdtscp lm constant_tsc arch_perfmon pebs bts rep_good nopl xtopology nonstop_tsc aperfmperf pni dtes64 monitor ds_cpl vmx est tm2 ssse3 cx16 xtpr pdcm sse4_1 sse4_2 popcnt lahf_lm ida dtherm tpr_shadow vnmi flexpriority ept vpid
bugs		:
bogomips	: 5344.97
clflush size	: 64
cache_alignment	: 64
address sizes	: 36 bits physical, 48 bits virtual
power management:

processor	: 4
vendor_id	: GenuineIntel
cpu family	: 6
model		: 26
model name	: Intel(R) Core(TM) i7 CPU         920  @ 2.67GHz
stepping	: 5
microcode	: 0xf
cpu MHz		: 1867.000
cache size	: 8192 KB
physical id	: 0
siblings	: 8
core id		: 0
cpu cores	: 4
apicid		: 1
initial apicid	: 1
fpu		: yes
fpu_exception	: yes
cpuid level	: 11
wp		: yes
flags		: fpu vme de pse tsc msr pae mce cx8 apic sep mtrr pge mca cmov pat pse36 clflush dts acpi mmx fxsr sse sse2 ss ht tm pbe syscall nx rdtscp lm constant_tsc arch_perfmon pebs bts rep_good nopl xtopology nonstop_tsc aperfmperf pni dtes64 monitor ds_cpl vmx est tm2 ssse3 cx16 xtpr pdcm sse4_1 sse4_2 popcnt lahf_lm ida dtherm tpr_shadow vnmi flexpriority ept vpid
bugs		:
bogomips	: 5344.97
clflush size	: 64
cache_alignment	: 64
address sizes	: 36 bits physical, 48 bits virtual
power management:

processor	: 5
vendor_id	: GenuineIntel
cpu family	: 6
model		: 26
model name	: Intel(R) Core(TM) i7 CPU         920  @ 2.67GHz
stepping	: 5
microcode	: 0xf
cpu MHz		: 1600.000
cache size	: 8192 KB
physical id	: 0
siblings	: 8
core id		: 1
cpu cores	: 4
apicid		: 3
initial apicid	: 3
fpu		: yes
fpu_exception	: yes
cpuid level	: 11
wp		: yes
flags		: fpu vme de pse tsc msr pae mce cx8 apic sep mtrr pge mca cmov pat pse36 clflush dts acpi mmx fxsr sse sse2 ss ht tm pbe syscall nx rdtscp lm constant_tsc arch_perfmon pebs bts rep_good nopl xtopology nonstop_tsc aperfmperf pni dtes64 monitor ds_cpl vmx est tm2 ssse3 cx16 xtpr pdcm sse4_1 sse4_2 popcnt lahf_lm ida dtherm tpr_shadow vnmi flexpriority ept vpid
bugs		:
bogomips	: 5344.97
clflush size	: 64
cache_alignment	: 64
address sizes	: 36 bits physical, 48 bits virtual
power management:

processor	: 6
vendor_id	: GenuineIntel
cpu family	: 6
model		: 26
model name	: Intel(R) Core(TM) i7 CPU         920  @ 2.67GHz
stepping	: 5
microcode	: 0xf
cpu MHz		: 1867.000
cache size	: 8192 KB
physical id	: 0
siblings	: 8
core id		: 2
cpu cores	: 4
apicid		: 5
initial apicid	: 5
fpu		: yes
fpu_exception	: yes
cpuid level	: 11
wp		: yes
flags		: fpu vme de pse tsc msr pae mce cx8 apic sep mtrr pge mca cmov pat pse36 clflush dts acpi mmx fxsr sse sse2 ss ht tm pbe syscall nx rdtscp lm constant_tsc arch_perfmon pebs bts rep_good nopl xtopology nonstop_tsc aperfmperf pni dtes64 monitor ds_cpl vmx est tm2 ssse3 cx16 xtpr pdcm sse4_1 sse4_2 popcnt lahf_lm ida dtherm tpr_shadow vnmi flexpriority ept vpid
bugs		:
bogomips	: 5344.97
clflush size	: 64
cache_alignment	: 64
address sizes	: 36 bits physical, 48 bits virtual
power management:

processor	: 7
vendor_id	: GenuineIntel
cpu family	: 6
model		: 26
model name	: Intel(R) Core(TM) i7 CPU         920  @ 2.67GHz
stepping	: 5
microcode	: 0xf
cpu MHz		: 2133.000
cache size	: 8192 KB
physical id	: 0
siblings	: 8
core id		: 3
cpu cores	: 4
apicid		: 7
initial apicid	: 7
fpu		: yes
fpu_exception	: yes
cpuid level	: 11
wp		: yes
flags		: fpu vme de pse tsc msr pae mce cx8 apic sep mtrr pge mca cmov pat pse36 clflush dts acpi mmx fxsr sse sse2 ss ht tm pbe syscall nx rdtscp lm constant_tsc arch_perfmon pebs bts rep_good nopl xtopology nonstop_tsc aperfmperf pni dtes64 monitor ds_cpl vmx est tm2 ssse3 cx16 xtpr pdcm sse4_1 sse4_2 popcnt lahf_lm ida dtherm tpr_shadow vnmi flexpriority ept vpid
bugs		:
bogomips	: 5344.97
clflush size	: 64
cache_alignment	: 64
address sizes	: 36 bits physical, 48 bits virtual
power management:



Memory: 4k page, physical 6101264k(1204764k free), swap 0k(0k free)

vm_info: Java HotSpot(TM) 64-Bit Server VM (25.92-b14) for linux-amd64 JRE (1.8.0_92-b14), built on Mar 31 2016 21:08:29 by "java_re" with gcc 4.3.0 20080428 (Red Hat 4.3.0-8)

time: Fri Oct  7 10:34:21 2016
elapsed time: 12 seconds (0d 0h 0m 12s)

