#
# A fatal error has been detected by the Java Runtime Environment:
#
#  SIGSEGV (0xb) at pc=0x00007f41a33de4eb, pid=10945, tid=139920707495680
#
# JRE version: OpenJDK Runtime Environment (8.0_91-b14) (build 1.8.0_91-8u91-b14-3ubuntu1~16.04.1-b14)
# Java VM: OpenJDK 64-Bit Server VM (25.91-b14 mixed mode linux-amd64 compressed oops)
# Problematic frame:
# C  [r600_dri.so+0x3254eb]
#
# Failed to write core dump. Core dumps have been disabled. To enable core dumping, try "ulimit -c unlimited" before starting Java again
#
# If you would like to submit a bug report, please visit:
#   http://bugreport.java.com/bugreport/crash.jsp
# The crash happened outside the Java Virtual Machine in native code.
# See problematic frame for where to report the bug.
#

---------------  T H R E A D  ---------------

Current thread (0x00007f41b0003000):  JavaThread "AWT-EventQueue-1" [_thread_in_native, id=10972, stack(0x00007f41d4012000,0x00007f41d4113000)]

siginfo: si_signo: 11 (SIGSEGV), si_code: 1 (SEGV_MAPERR), si_addr: 0x000000000000c030

Registers:
RAX=0x0000000000000000, RBX=0x00007f41b00caac0, RCX=0x0000000000000000, RDX=0x0000000000000001
RSP=0x00007f41d4110710, RBP=0x000000000000c000, RSI=0x00007f41b00cb4a0, RDI=0x0000000100000000
R8 =0x0000000000000000, R9 =0x00007f41aaa03d50, R10=0x00007f41e586c107, R11=0x00007f41fa0c2000
R12=0x0000000000000001, R13=0x00007f41ac5cd740, R14=0x0000000000000001, R15=0x0000000000000000
RIP=0x00007f41a33de4eb, EFLAGS=0x0000000000010202, CSGSFS=0x0000000000000033, ERR=0x0000000000000004
  TRAPNO=0x000000000000000e

Top of Stack: (sp=0x00007f41d4110710)
0x00007f41d4110710:   00007f41d4110760 00007f41e583123c
0x00007f41d4110720:   00000000f14deec8 239ca3b753aa0b00
0x00007f41d4110730:   00000000ca2b35c0 0000000000000000
0x00007f41d4110740:   0000000000000000 00007f41b00ca990
0x00007f41d4110750:   00007f41ac5cd740 00007f41ac5cdc50
0x00007f41d4110760:   0000000000000000 00007f41aaa03df8
0x00007f41d4110770:   00007f41d41107a0 00007f41ac5cde00
0x00007f41d4110780:   00007f4100000000 0000000000000000
0x00007f41d4110790:   0000000003c00053 00007f41aa9d8b31
0x00007f41d41107a0:   00007f41b00ca990 239ca3b753aa0b00
0x00007f41d41107b0:   0000000003c00053 00007f41aa9d8b60
0x00007f41d41107c0:   00007f41d4110830 0000000000000000
0x00007f41d41107d0:   0000000000000001 00007f41d4110870
0x00007f41d41107e0:   00007f41b0003000 00007f41a910b849
0x00007f41d41107f0:   00007f41d4110ad8 00007f41aa9d8b60
0x00007f41d4110800:   0000000003c00053 00007f41ac5cc000
0x00007f41d4110810:   00007f41d4110870 00007f41b00031e0
0x00007f41d4110820:   00007f41d4110840 00007f41aa9d8b60
0x00007f41d4110830:   00007f41d4110880 00007f41e586c17d
0x00007f41d4110840:   00000000f14dee28 00000000f14dee78
0x00007f41d4110850:   00000000f14dee68 0000000000000003
0x00007f41d4110860:   00000000f14dee88 00000000f14deed8
0x00007f41d4110870:   00000000ca3c2938 00000000f14deee8
0x00007f41d4110880:   00007f41d4110ad8 00007f41e5873e94
0x00007f41d4110890:   00007f41fa0c2000 00000000ca37e0e0
0x00007f41d41108a0:   00000000f14defd0 00000000ca37e0a8
0x00007f41d41108b0:   00007f41d41108d0 00007f41b0003830
0x00007f41d41108c0:   00007f41d4110ad8 00007f41e5710204
0x00007f41d41108d0:   00007f41aac56cf8 00000000000000b6
0x00007f41d41108e0:   00007f41d4110940 00007f41fca74039
0x00007f41d41108f0:   00007f41e5005310 00007f4100000000
0x00007f41d4110900:   00007f41aac56cf8 00007f41b0003000 

Instructions: (pc=0x00007f41a33de4eb)
0x00007f41a33de4cb:   01 c6 44 24 0f 00 0f 84 d9 00 00 00 48 8b b3 30
0x00007f41a33de4db:   01 00 00 48 85 f6 0f 84 c9 00 00 00 83 7b 38 01
0x00007f41a33de4eb:   48 8b 55 30 4c 8b 6a 18 0f 8e 4f 02 00 00 45 85
0x00007f41a33de4fb:   ff 0f 85 46 02 00 00 48 8b 93 68 01 00 00 48 85 

Register to memory mapping:

RAX=0x0000000000000000 is an unknown value
RBX=0x00007f41b00caac0 is an unknown value
RCX=0x0000000000000000 is an unknown value
RDX=0x0000000000000001 is an unknown value
RSP=0x00007f41d4110710 is pointing into the stack for thread: 0x00007f41b0003000
RBP=0x000000000000c000 is an unknown value
RSI=0x00007f41b00cb4a0 is an unknown value
RDI=0x0000000100000000 is pointing into metadata
R8 =0x0000000000000000 is an unknown value
R9 =0x00007f41aaa03d50: <offset 0x45d50> in /usr/lib/x86_64-linux-gnu/mesa/libGL.so.1 at 0x00007f41aa9be000
R10=0x00007f41e586c107 is at entry_point+71 in (nmethod*)0x00007f41e586bf50
R11=0x00007f41fa0c2000 is an unknown value
R12=0x0000000000000001 is an unknown value
R13=0x00007f41ac5cd740 is an unknown value
R14=0x0000000000000001 is an unknown value
R15=0x0000000000000000 is an unknown value


Stack: [0x00007f41d4012000,0x00007f41d4113000],  sp=0x00007f41d4110710,  free space=1017k
Native frames: (J=compiled Java code, j=interpreted, Vv=VM code, C=native code)
C  [r600_dri.so+0x3254eb]

Java frames: (J=compiled Java code, j=interpreted, Vv=VM code)
J 2751  jogamp.opengl.x11.glx.GLX.dispatch_glXSwapBuffers0(JJJ)V (0 bytes) @ 0x00007f41e586c107 [0x00007f41e586c0c0+0x47]
J 2750 C1 jogamp.opengl.x11.glx.GLX.glXSwapBuffers(JJ)V (45 bytes) @ 0x00007f41e5873e94 [0x00007f41e58734e0+0x9b4]
J 2749 C1 jogamp.opengl.x11.glx.X11GLXDrawable.swapBuffersImpl(Z)V (21 bytes) @ 0x00007f41e5873044 [0x00007f41e5872da0+0x2a4]
J 2748 C1 jogamp.opengl.GLDrawableImpl.swapBuffers()V (138 bytes) @ 0x00007f41e58719dc [0x00007f41e5871320+0x6bc]
j  javax.media.opengl.awt.GLCanvas$12.run()V+45
J 2452 C1 java.awt.event.InvocationEvent.dispatch()V (69 bytes) @ 0x00007f41e576e38c [0x00007f41e576e240+0x14c]
J 2574 C1 java.awt.EventQueue.dispatchEventImpl(Ljava/awt/AWTEvent;Ljava/lang/Object;)V (149 bytes) @ 0x00007f41e57ce97c [0x00007f41e57cce00+0x1b7c]
J 2572 C1 java.awt.EventQueue$3.run()Ljava/lang/Void; (60 bytes) @ 0x00007f41e57ca9c4 [0x00007f41e57ca7c0+0x204]
J 2372 C1 java.awt.EventQueue$3.run()Ljava/lang/Object; (5 bytes) @ 0x00007f41e5734bcc [0x00007f41e5734b40+0x8c]
v  ~StubRoutines::call_stub
J 659  java.security.AccessController.doPrivileged(Ljava/security/PrivilegedAction;Ljava/security/AccessControlContext;)Ljava/lang/Object; (0 bytes) @ 0x00007f41e52dc4a3 [0x00007f41e52dc440+0x63]
J 2370 C1 java.awt.EventQueue.dispatchEvent(Ljava/awt/AWTEvent;)V (80 bytes) @ 0x00007f41e572fe44 [0x00007f41e572f4c0+0x984]
J 2375 C1 java.awt.EventDispatchThread.pumpOneEventForFilters(I)V (295 bytes) @ 0x00007f41e5736cd4 [0x00007f41e5735180+0x1b54]
j  java.awt.EventDispatchThread.pumpEventsForFilter(ILjava/awt/Conditional;Ljava/awt/EventFilter;)V+35
j  java.awt.EventDispatchThread.pumpEventsForHierarchy(ILjava/awt/Conditional;Ljava/awt/Component;)V+11
j  java.awt.EventDispatchThread.pumpEvents(ILjava/awt/Conditional;)V+4
j  java.awt.EventDispatchThread.pumpEvents(Ljava/awt/Conditional;)V+3
j  java.awt.EventDispatchThread.run()V+9
v  ~StubRoutines::call_stub

---------------  P R O C E S S  ---------------

Java Threads: ( => current thread )
  0x00007f41b06f4800 JavaThread "Thread-19" [_thread_blocked, id=11004, stack(0x00007f419da95000,0x00007f419db96000)]
  0x00007f41ac1c0800 JavaThread "Animation Thread-SharedResourceRunner" daemon [_thread_blocked, id=10980, stack(0x00007f41abaff000,0x00007f41abc00000)]
  0x00007f41ac07b000 JavaThread "process reaper" daemon [_thread_blocked, id=10976, stack(0x00007f41e4044000,0x00007f41e407d000)]
  0x00007f41b000c000 JavaThread "Animation Thread" [_thread_blocked, id=10973, stack(0x00007f41d4113000,0x00007f41d4214000)]
=>0x00007f41b0003000 JavaThread "AWT-EventQueue-1" [_thread_in_native, id=10972, stack(0x00007f41d4012000,0x00007f41d4113000)]
  0x00007f41f400a000 JavaThread "DestroyJavaVM" [_thread_blocked, id=10952, stack(0x00007f41fe1fd000,0x00007f41fe2fe000)]
  0x00007f41f42d4800 JavaThread "AWT-EventQueue-0" [_thread_blocked, id=10969, stack(0x00007f41d4940000,0x00007f41d4a41000)]
  0x00007f41f42d0000 JavaThread "AWT-Shutdown" [_thread_blocked, id=10968, stack(0x00007f41d4a41000,0x00007f41d4b42000)]
  0x00007f41f42be800 JavaThread "thread applet-module4.EarthquakeCityMap.class" [_thread_blocked, id=10967, stack(0x00007f41d4b42000,0x00007f41d4c43000)]
  0x00007f41f42b1800 JavaThread "AWT-XAWT" daemon [_thread_blocked, id=10965, stack(0x00007f41d4c43000,0x00007f41d4d44000)]
  0x00007f41f428c000 JavaThread "Java2D Disposer" daemon [_thread_blocked, id=10964, stack(0x00007f41d5154000,0x00007f41d5255000)]
  0x00007f41f40b0000 JavaThread "Service Thread" daemon [_thread_blocked, id=10962, stack(0x00007f41d713c000,0x00007f41d723d000)]
  0x00007f41f40ad000 JavaThread "C1 CompilerThread1" daemon [_thread_blocked, id=10961, stack(0x00007f41d723d000,0x00007f41d733e000)]
  0x00007f41f40aa000 JavaThread "C2 CompilerThread0" daemon [_thread_blocked, id=10960, stack(0x00007f41d733e000,0x00007f41d743f000)]
  0x00007f41f40a8000 JavaThread "Signal Dispatcher" daemon [_thread_blocked, id=10959, stack(0x00007f41d743f000,0x00007f41d7540000)]
  0x00007f41f407f800 JavaThread "Finalizer" daemon [_thread_blocked, id=10958, stack(0x00007f41d7eff000,0x00007f41d8000000)]
  0x00007f41f407b000 JavaThread "Reference Handler" daemon [_thread_blocked, id=10957, stack(0x00007f41e40f9000,0x00007f41e41fa000)]

Other Threads:
  0x00007f41f4073800 VMThread [stack: 0x00007f41e41fa000,0x00007f41e42fb000] [id=10956]
  0x00007f41f40bf000 WatcherThread [stack: 0x00007f41d703b000,0x00007f41d713c000] [id=10963]

VM state:not at safepoint (normal execution)

VM Mutex/Monitor currently owned by a thread: None

Heap:
 PSYoungGen      total 70144K, used 59359K [0x00000000edc00000, 0x00000000f2b00000, 0x0000000100000000)
  eden space 59392K, 99% used [0x00000000edc00000,0x00000000f15f7df0,0x00000000f1600000)
  from space 10752K, 0% used [0x00000000f2080000,0x00000000f2080000,0x00000000f2b00000)
  to   space 10752K, 0% used [0x00000000f1600000,0x00000000f1600000,0x00000000f2080000)
 ParOldGen       total 46080K, used 17457K [0x00000000c9400000, 0x00000000cc100000, 0x00000000edc00000)
  object space 46080K, 37% used [0x00000000c9400000,0x00000000ca50c7c8,0x00000000cc100000)
 Metaspace       used 21318K, capacity 21539K, committed 21760K, reserved 1069056K
  class space    used 1954K, capacity 2023K, committed 2048K, reserved 1048576K

Card table byte_map: [0x00007f41fa70c000,0x00007f41fa8c3000] byte_map_base: 0x00007f41fa0c2000

Marking Bits: (ParMarkBitMap*) 0x00007f41fd4c9fc0
 Begin Bits: [0x00007f41f8886000, 0x00007f41f9636000)
 End Bits:   [0x00007f41f9636000, 0x00007f41fa3e6000)

Polling page: 0x00007f41fe31b000

CodeCache: size=245760Kb used=8683Kb max_used=8689Kb free=237076Kb
 bounds [0x00007f41e5000000, 0x00007f41e5890000, 0x00007f41f4000000]
 total_blobs=3496 nmethods=2518 adapters=893
 compilation: enabled

Compilation events (10 events):
Event: 23,154 Thread 0x00007f41f40aa000 2768       4       jogamp.opengl.gl4.GL4bcImpl::glClear (50 bytes)
Event: 23,163 Thread 0x00007f41f40aa000 nmethod 2768 0x00007f41e5884390 code [0x00007f41e5884500, 0x00007f41e5884628]
Event: 23,893 Thread 0x00007f41f40ad000 2769       3       java.util.concurrent.locks.AbstractQueuedSynchronizer$ConditionObject::checkInterruptWhileWaiting (27 bytes)
Event: 23,895 Thread 0x00007f41f40ad000 nmethod 2769 0x00007f41e5880a50 code [0x00007f41e5880c20, 0x00007f41e5881278]
Event: 23,897 Thread 0x00007f41f40ad000 2770       3       sun.java2d.xr.GrowableEltArray::getCharCnt (13 bytes)
Event: 23,898 Thread 0x00007f41f40ad000 nmethod 2770 0x00007f41e5880590 code [0x00007f41e5880700, 0x00007f41e5880950]
Event: 23,898 Thread 0x00007f41f40ad000 2771       3       sun.font.XRGlyphCacheEntry::getXAdvance (16 bytes)
Event: 23,899 Thread 0x00007f41f40ad000 nmethod 2771 0x00007f41e5880250 code [0x00007f41e58803c0, 0x00007f41e5880530]
Event: 23,899 Thread 0x00007f41f40ad000 2772       3       sun.font.XRGlyphCacheEntry::getYAdvance (16 bytes)
Event: 23,900 Thread 0x00007f41f40ad000 nmethod 2772 0x00007f41e58834d0 code [0x00007f41e5883640, 0x00007f41e58837b0]

GC Heap History (10 events):
Event: 4,575 GC heap before
{Heap before GC invocations=3 (full 0):
 PSYoungGen      total 16896K, used 16866K [0x00000000edc00000, 0x00000000efd00000, 0x0000000100000000)
  eden space 14848K, 100% used [0x00000000edc00000,0x00000000eea80000,0x00000000eea80000)
  from space 2048K, 98% used [0x00000000eec80000,0x00000000eee78830,0x00000000eee80000)
  to   space 2048K, 0% used [0x00000000eea80000,0x00000000eea80000,0x00000000eec80000)
 ParOldGen       total 38400K, used 2879K [0x00000000c9400000, 0x00000000cb980000, 0x00000000edc00000)
  object space 38400K, 7% used [0x00000000c9400000,0x00000000c96cffd0,0x00000000cb980000)
 Metaspace       used 17865K, capacity 18069K, committed 18432K, reserved 1067008K
  class space    used 1705K, capacity 1792K, committed 1792K, reserved 1048576K
Event: 4,599 GC heap after
Heap after GC invocations=3 (full 0):
 PSYoungGen      total 16896K, used 2032K [0x00000000edc00000, 0x00000000efd00000, 0x0000000100000000)
  eden space 14848K, 0% used [0x00000000edc00000,0x00000000edc00000,0x00000000eea80000)
  from space 2048K, 99% used [0x00000000eea80000,0x00000000eec7c050,0x00000000eec80000)
  to   space 2048K, 0% used [0x00000000efb00000,0x00000000efb00000,0x00000000efd00000)
 ParOldGen       total 38400K, used 6691K [0x00000000c9400000, 0x00000000cb980000, 0x00000000edc00000)
  object space 38400K, 17% used [0x00000000c9400000,0x00000000c9a88d70,0x00000000cb980000)
 Metaspace       used 17865K, capacity 18069K, committed 18432K, reserved 1067008K
  class space    used 1705K, capacity 1792K, committed 1792K, reserved 1048576K
}
Event: 7,973 GC heap before
{Heap before GC invocations=4 (full 0):
 PSYoungGen      total 16896K, used 16828K [0x00000000edc00000, 0x00000000efd00000, 0x0000000100000000)
  eden space 14848K, 99% used [0x00000000edc00000,0x00000000eea730c0,0x00000000eea80000)
  from space 2048K, 99% used [0x00000000eea80000,0x00000000eec7c050,0x00000000eec80000)
  to   space 2048K, 0% used [0x00000000efb00000,0x00000000efb00000,0x00000000efd00000)
 ParOldGen       total 38400K, used 6691K [0x00000000c9400000, 0x00000000cb980000, 0x00000000edc00000)
  object space 38400K, 17% used [0x00000000c9400000,0x00000000c9a88d70,0x00000000cb980000)
 Metaspace       used 20060K, capacity 20257K, committed 20480K, reserved 1067008K
  class space    used 1916K, capacity 1986K, committed 2048K, reserved 1048576K
Event: 8,005 GC heap after
Heap after GC invocations=4 (full 0):
 PSYoungGen      total 31744K, used 2032K [0x00000000edc00000, 0x00000000efd00000, 0x0000000100000000)
  eden space 29696K, 0% used [0x00000000edc00000,0x00000000edc00000,0x00000000ef900000)
  from space 2048K, 99% used [0x00000000efb00000,0x00000000efcfc070,0x00000000efd00000)
  to   space 2048K, 0% used [0x00000000ef900000,0x00000000ef900000,0x00000000efb00000)
 ParOldGen       total 38400K, used 14530K [0x00000000c9400000, 0x00000000cb980000, 0x00000000edc00000)
  object space 38400K, 37% used [0x00000000c9400000,0x00000000ca230aa0,0x00000000cb980000)
 Metaspace       used 20060K, capacity 20257K, committed 20480K, reserved 1067008K
  class space    used 1916K, capacity 1986K, committed 2048K, reserved 1048576K
}
Event: 10,468 GC heap before
{Heap before GC invocations=5 (full 0):
 PSYoungGen      total 31744K, used 31728K [0x00000000edc00000, 0x00000000efd00000, 0x0000000100000000)
  eden space 29696K, 100% used [0x00000000edc00000,0x00000000ef900000,0x00000000ef900000)
  from space 2048K, 99% used [0x00000000efb00000,0x00000000efcfc070,0x00000000efd00000)
  to   space 2048K, 0% used [0x00000000ef900000,0x00000000ef900000,0x00000000efb00000)
 ParOldGen       total 38400K, used 14530K [0x00000000c9400000, 0x00000000cb980000, 0x00000000edc00000)
  object space 38400K, 37% used [0x00000000c9400000,0x00000000ca230aa0,0x00000000cb980000)
 Metaspace       used 20783K, capacity 21027K, committed 21248K, reserved 1069056K
  class space    used 1950K, capacity 2023K, committed 2048K, reserved 1048576K
Event: 10,501 GC heap after
Heap after GC invocations=5 (full 0):
 PSYoungGen      total 31744K, used 2032K [0x00000000edc00000, 0x00000000f2b00000, 0x0000000100000000)
  eden space 29696K, 0% used [0x00000000edc00000,0x00000000edc00000,0x00000000ef900000)
  from space 2048K, 99% used [0x00000000ef900000,0x00000000efafc060,0x00000000efb00000)
  to   space 10752K, 0% used [0x00000000f2080000,0x00000000f2080000,0x00000000f2b00000)
 ParOldGen       total 38400K, used 19795K [0x00000000c9400000, 0x00000000cb980000, 0x00000000edc00000)
  object space 38400K, 51% used [0x00000000c9400000,0x00000000ca754ed8,0x00000000cb980000)
 Metaspace       used 20783K, capacity 21027K, committed 21248K, reserved 1069056K
  class space    used 1950K, capacity 2023K, committed 2048K, reserved 1048576K
}
Event: 10,880 GC heap before
{Heap before GC invocations=6 (full 0):
 PSYoungGen      total 31744K, used 6671K [0x00000000edc00000, 0x00000000f2b00000, 0x0000000100000000)
  eden space 29696K, 15% used [0x00000000edc00000,0x00000000ee087cd8,0x00000000ef900000)
  from space 2048K, 99% used [0x00000000ef900000,0x00000000efafc060,0x00000000efb00000)
  to   space 10752K, 0% used [0x00000000f2080000,0x00000000f2080000,0x00000000f2b00000)
 ParOldGen       total 38400K, used 19795K [0x00000000c9400000, 0x00000000cb980000, 0x00000000edc00000)
  object space 38400K, 51% used [0x00000000c9400000,0x00000000ca754ed8,0x00000000cb980000)
 Metaspace       used 20832K, capacity 21027K, committed 21248K, reserved 1069056K
  class space    used 1950K, capacity 2023K, committed 2048K, reserved 1048576K
Event: 10,897 GC heap after
Heap after GC invocations=6 (full 0):
 PSYoungGen      total 70144K, used 2848K [0x00000000edc00000, 0x00000000f2b00000, 0x0000000100000000)
  eden space 59392K, 0% used [0x00000000edc00000,0x00000000edc00000,0x00000000f1600000)
  from space 10752K, 26% used [0x00000000f2080000,0x00000000f23480a0,0x00000000f2b00000)
  to   space 10752K, 0% used [0x00000000f1600000,0x00000000f1600000,0x00000000f2080000)
 ParOldGen       total 38400K, used 19795K [0x00000000c9400000, 0x00000000cb980000, 0x00000000edc00000)
  object space 38400K, 51% used [0x00000000c9400000,0x00000000ca754ed8,0x00000000cb980000)
 Metaspace       used 20832K, capacity 21027K, committed 21248K, reserved 1069056K
  class space    used 1950K, capacity 2023K, committed 2048K, reserved 1048576K
}
Event: 10,897 GC heap before
{Heap before GC invocations=7 (full 1):
 PSYoungGen      total 70144K, used 2848K [0x00000000edc00000, 0x00000000f2b00000, 0x0000000100000000)
  eden space 59392K, 0% used [0x00000000edc00000,0x00000000edc00000,0x00000000f1600000)
  from space 10752K, 26% used [0x00000000f2080000,0x00000000f23480a0,0x00000000f2b00000)
  to   space 10752K, 0% used [0x00000000f1600000,0x00000000f1600000,0x00000000f2080000)
 ParOldGen       total 38400K, used 19795K [0x00000000c9400000, 0x00000000cb980000, 0x00000000edc00000)
  object space 38400K, 51% used [0x00000000c9400000,0x00000000ca754ed8,0x00000000cb980000)
 Metaspace       used 20832K, capacity 21027K, committed 21248K, reserved 1069056K
  class space    used 1950K, capacity 2023K, committed 2048K, reserved 1048576K
Event: 11,025 GC heap after
Heap after GC invocations=7 (full 1):
 PSYoungGen      total 70144K, used 0K [0x00000000edc00000, 0x00000000f2b00000, 0x0000000100000000)
  eden space 59392K, 0% used [0x00000000edc00000,0x00000000edc00000,0x00000000f1600000)
  from space 10752K, 0% used [0x00000000f2080000,0x00000000f2080000,0x00000000f2b00000)
  to   space 10752K, 0% used [0x00000000f1600000,0x00000000f1600000,0x00000000f2080000)
 ParOldGen       total 46080K, used 17457K [0x00000000c9400000, 0x00000000cc100000, 0x00000000edc00000)
  object space 46080K, 37% used [0x00000000c9400000,0x00000000ca50c7c8,0x00000000cc100000)
 Metaspace       used 20832K, capacity 21027K, committed 21248K, reserved 1069056K
  class space    used 1950K, capacity 2023K, committed 2048K, reserved 1048576K
}

Deoptimization events (10 events):
Event: 7,235 Thread 0x00007f41b0003000 Uncommon trap: reason=unstable_if action=reinterpret pc=0x00007f41e53d4878 method=sun.misc.FloatingDecimal.readJavaFormatString(Ljava/lang/String;)Lsun/misc/FloatingDecimal$ASCIIToBinaryConverter; @ 445
Event: 8,100 Thread 0x00007f41b0003000 Uncommon trap: reason=class_check action=maybe_recompile pc=0x00007f41e54f81d4 method=com.jogamp.common.nio.Buffers.getDirectBufferByteOffset(Ljava/lang/Object;)I @ 42
Event: 8,109 Thread 0x00007f41b0003000 Uncommon trap: reason=unstable_if action=reinterpret pc=0x00007f41e54ea1b0 method=java.lang.String.trim()Ljava/lang/String; @ 15
Event: 8,480 Thread 0x00007f41b0003000 Uncommon trap: reason=unstable_if action=reinterpret pc=0x00007f41e5580d90 method=java.lang.CharacterData.of(I)Ljava/lang/CharacterData; @ 4
Event: 8,662 Thread 0x00007f41b0003000 Uncommon trap: reason=class_check action=maybe_recompile pc=0x00007f41e54f81d4 method=com.jogamp.common.nio.Buffers.getDirectBufferByteOffset(Ljava/lang/Object;)I @ 42
Event: 8,684 Thread 0x00007f41b0003000 Uncommon trap: reason=class_check action=maybe_recompile pc=0x00007f41e54f81d4 method=com.jogamp.common.nio.Buffers.getDirectBufferByteOffset(Ljava/lang/Object;)I @ 42
Event: 8,763 Thread 0x00007f41b0003000 Uncommon trap: reason=class_check action=maybe_recompile pc=0x00007f41e54f81d4 method=com.jogamp.common.nio.Buffers.getDirectBufferByteOffset(Ljava/lang/Object;)I @ 42
Event: 23,896 Thread 0x00007f41f42be800 Uncommon trap: reason=unstable_if action=reinterpret pc=0x00007f41e57884a8 method=java.awt.font.FontRenderContext.equals(Ljava/awt/font/FontRenderContext;)Z @ 2
Event: 23,897 Thread 0x00007f41f42be800 Uncommon trap: reason=unstable_if action=reinterpret pc=0x00007f41e5761930 method=java.awt.Font.equals(Ljava/lang/Object;)Z @ 2
Event: 23,897 Thread 0x00007f41f42be800 Uncommon trap: reason=unstable_if action=reinterpret pc=0x00007f41e54cac78 method=java.awt.font.FontRenderContext.equals(Ljava/awt/font/FontRenderContext;)Z @ 2

Internal exceptions (10 events):
Event: 4,351 Thread 0x00007f41b0003000 Implicit null exception at 0x00007f41e51dc235 to 0x00007f41e51dc575
Event: 7,463 Thread 0x00007f41b0003000 Exception <a 'java/lang/reflect/InvocationTargetException'> (0x00000000ee45b218) thrown at [/build/openjdk-8-W1Ghxo/openjdk-8-8u91-b14/src/hotspot/src/share/vm/runtime/reflection.cpp, line 1092]
Event: 7,468 Thread 0x00007f41b0003000 Exception <a 'java/lang/reflect/InvocationTargetException'> (0x00000000ee45cda0) thrown at [/build/openjdk-8-W1Ghxo/openjdk-8-8u91-b14/src/hotspot/src/share/vm/runtime/reflection.cpp, line 1092]
Event: 8,716 Thread 0x00007f41b0003000 Exception <a 'java/lang/reflect/InvocationTargetException'> (0x00000000ee681c60) thrown at [/build/openjdk-8-W1Ghxo/openjdk-8-8u91-b14/src/hotspot/src/share/vm/runtime/reflection.cpp, line 1092]
Event: 8,725 Thread 0x00007f41b0003000 Exception <a 'java/lang/reflect/InvocationTargetException'> (0x00000000ee682c98) thrown at [/build/openjdk-8-W1Ghxo/openjdk-8-8u91-b14/src/hotspot/src/share/vm/runtime/reflection.cpp, line 1092]
Event: 8,773 Thread 0x00007f41b0003000 Exception <a 'java/lang/reflect/InvocationTargetException'> (0x00000000ee73e4b0) thrown at [/build/openjdk-8-W1Ghxo/openjdk-8-8u91-b14/src/hotspot/src/share/vm/runtime/reflection.cpp, line 1092]
Event: 8,776 Thread 0x00007f41b0003000 Exception <a 'java/lang/reflect/InvocationTargetException'> (0x00000000ee73ec30) thrown at [/build/openjdk-8-W1Ghxo/openjdk-8-8u91-b14/src/hotspot/src/share/vm/runtime/reflection.cpp, line 1092]
Event: 9,263 Thread 0x00007f41b0003000 Exception <a 'java/lang/reflect/InvocationTargetException'> (0x00000000eeac4238) thrown at [/build/openjdk-8-W1Ghxo/openjdk-8-8u91-b14/src/hotspot/src/share/vm/runtime/reflection.cpp, line 1092]
Event: 9,264 Thread 0x00007f41b0003000 Exception <a 'java/lang/reflect/InvocationTargetException'> (0x00000000eeac4a58) thrown at [/build/openjdk-8-W1Ghxo/openjdk-8-8u91-b14/src/hotspot/src/share/vm/runtime/reflection.cpp, line 1092]
Event: 9,342 Thread 0x00007f41b0003000 Exception <a 'java/lang/reflect/InvocationTargetException'> (0x00000000eeb04910) thrown at [/build/openjdk-8-W1Ghxo/openjdk-8-8u91-b14/src/hotspot/src/share/vm/runtime/reflection.cpp, line 1092]

Events (10 events):
Event: 23,889 loading class sun/awt/SunToolkit$1 done
Event: 23,896 Thread 0x00007f41f42be800 Uncommon trap: trap_request=0xffffff65 fr.pc=0x00007f41e57884a8
Event: 23,896 Thread 0x00007f41f42be800 DEOPT PACKING pc=0x00007f41e57884a8 sp=0x00007f41d4c415a0
Event: 23,896 Thread 0x00007f41f42be800 DEOPT UNPACKING pc=0x00007f41e5004f69 sp=0x00007f41d4c414f8 mode 2
Event: 23,896 Thread 0x00007f41f42be800 Uncommon trap: trap_request=0xffffff65 fr.pc=0x00007f41e5761930
Event: 23,897 Thread 0x00007f41f42be800 DEOPT PACKING pc=0x00007f41e5761930 sp=0x00007f41d4c41440
Event: 23,897 Thread 0x00007f41f42be800 DEOPT UNPACKING pc=0x00007f41e5004f69 sp=0x00007f41d4c41408 mode 2
Event: 23,897 Thread 0x00007f41f42be800 Uncommon trap: trap_request=0xffffff65 fr.pc=0x00007f41e54cac78
Event: 23,897 Thread 0x00007f41f42be800 DEOPT PACKING pc=0x00007f41e54cac78 sp=0x00007f41d4c41440
Event: 23,897 Thread 0x00007f41f42be800 DEOPT UNPACKING pc=0x00007f41e5004f69 sp=0x00007f41d4c41410 mode 2


Dynamic libraries:
00400000-00401000 r-xp 00000000 08:06 2233749                            /usr/lib/jvm/java-8-openjdk-amd64/jre/bin/java
00600000-00601000 r--p 00000000 08:06 2233749                            /usr/lib/jvm/java-8-openjdk-amd64/jre/bin/java
00601000-00602000 rw-p 00001000 08:06 2233749                            /usr/lib/jvm/java-8-openjdk-amd64/jre/bin/java
025e0000-0261e000 rw-p 00000000 00:00 0                                  [heap]
c9400000-cc100000 rw-p 00000000 00:00 0 
cc100000-edc00000 ---p 00000000 00:00 0 
edc00000-f2b00000 rw-p 00000000 00:00 0 
f2b00000-100000000 ---p 00000000 00:00 0 
100000000-100200000 rw-p 00000000 00:00 0 
100200000-140000000 ---p 00000000 00:00 0 
7f419cfdd000-7f419cfe0000 ---p 00000000 00:00 0 
7f419cfe0000-7f419d0de000 rw-p 00000000 00:00 0 
7f419d0de000-7f419d0e1000 ---p 00000000 00:00 0 
7f419d0e1000-7f419d1df000 rw-p 00000000 00:00 0 
7f419d1df000-7f419d1e2000 ---p 00000000 00:00 0 
7f419d1e2000-7f419d2e0000 rw-p 00000000 00:00 0 
7f419d51d000-7f419d520000 ---p 00000000 00:00 0 
7f419d520000-7f419d61e000 rw-p 00000000 00:00 0 
7f419d61e000-7f419d621000 ---p 00000000 00:00 0 
7f419d621000-7f419d71f000 rw-p 00000000 00:00 0 
7f419d71f000-7f419d722000 ---p 00000000 00:00 0 
7f419d722000-7f419d820000 rw-p 00000000 00:00 0 
7f419d820000-7f419d823000 ---p 00000000 00:00 0 
7f419d823000-7f419d921000 rw-p 00000000 00:00 0 
7f419d994000-7f419d997000 ---p 00000000 00:00 0 
7f419d997000-7f419da95000 rw-p 00000000 00:00 0 
7f419da95000-7f419da98000 ---p 00000000 00:00 0 
7f419da98000-7f419ddfe000 rw-p 00000000 00:00 0 
7f419de73000-7f419dfb3000 rw-p 00000000 00:00 0 
7f419dfb3000-7f419e073000 ---p 00000000 00:00 0 
7f419e073000-7f419e2db000 rw-p 00000000 00:00 0 
7f419e2db000-7f419e2f2000 r-xp 00000000 08:06 2757803                    /lib/x86_64-linux-gnu/libresolv-2.23.so
7f419e2f2000-7f419e4f2000 ---p 00017000 08:06 2757803                    /lib/x86_64-linux-gnu/libresolv-2.23.so
7f419e4f2000-7f419e4f3000 r--p 00017000 08:06 2757803                    /lib/x86_64-linux-gnu/libresolv-2.23.so
7f419e4f3000-7f419e4f4000 rw-p 00018000 08:06 2757803                    /lib/x86_64-linux-gnu/libresolv-2.23.so
7f419e4f4000-7f419e4f6000 rw-p 00000000 00:00 0 
7f419e4f6000-7f419e4fb000 r-xp 00000000 08:06 2757748                    /lib/x86_64-linux-gnu/libnss_dns-2.23.so
7f419e4fb000-7f419e6fb000 ---p 00005000 08:06 2757748                    /lib/x86_64-linux-gnu/libnss_dns-2.23.so
7f419e6fb000-7f419e6fc000 r--p 00005000 08:06 2757748                    /lib/x86_64-linux-gnu/libnss_dns-2.23.so
7f419e6fc000-7f419e6fd000 rw-p 00006000 08:06 2757748                    /lib/x86_64-linux-gnu/libnss_dns-2.23.so
7f419e6fd000-7f419e6ff000 r-xp 00000000 08:06 2757756                    /lib/x86_64-linux-gnu/libnss_mdns4_minimal.so.2
7f419e6ff000-7f419e8fe000 ---p 00002000 08:06 2757756                    /lib/x86_64-linux-gnu/libnss_mdns4_minimal.so.2
7f419e8fe000-7f419e8ff000 r--p 00001000 08:06 2757756                    /lib/x86_64-linux-gnu/libnss_mdns4_minimal.so.2
7f419e8ff000-7f419e900000 rw-p 00002000 08:06 2757756                    /lib/x86_64-linux-gnu/libnss_mdns4_minimal.so.2
7f419e900000-7f419eb00000 rw-p 00000000 00:00 0 
7f419eb00000-7f419ec00000 rw-s 121513000 00:06 252                       /dev/dri/card0
7f419ec00000-7f419ec02000 r-xp 00000000 08:06 2237699                    /usr/lib/x86_64-linux-gnu/libXinerama.so.1.0.0
7f419ec02000-7f419ee01000 ---p 00002000 08:06 2237699                    /usr/lib/x86_64-linux-gnu/libXinerama.so.1.0.0
7f419ee01000-7f419ee02000 r--p 00001000 08:06 2237699                    /usr/lib/x86_64-linux-gnu/libXinerama.so.1.0.0
7f419ee02000-7f419ee03000 rw-p 00002000 08:06 2237699                    /usr/lib/x86_64-linux-gnu/libXinerama.so.1.0.0
7f419ee03000-7f419ee3a000 r-xp 00000000 08:06 2238861                    /usr/lib/x86_64-linux-gnu/libtxc_dxtn_s2tc.so.0.0.0
7f419ee3a000-7f419f039000 ---p 00037000 08:06 2238861                    /usr/lib/x86_64-linux-gnu/libtxc_dxtn_s2tc.so.0.0.0
7f419f039000-7f419f03a000 r--p 00036000 08:06 2238861                    /usr/lib/x86_64-linux-gnu/libtxc_dxtn_s2tc.so.0.0.0
7f419f03a000-7f419f03b000 rw-p 00037000 08:06 2238861                    /usr/lib/x86_64-linux-gnu/libtxc_dxtn_s2tc.so.0.0.0
7f419f03b000-7f419f03c000 ---p 00000000 00:00 0 
7f419f03c000-7f419f83c000 rw-p 00000000 00:00 0 
7f419f83c000-7f419f84f000 r-xp 00000000 08:06 2757647                    /lib/x86_64-linux-gnu/libbsd.so.0.8.2
7f419f84f000-7f419fa4e000 ---p 00013000 08:06 2757647                    /lib/x86_64-linux-gnu/libbsd.so.0.8.2
7f419fa4e000-7f419fa4f000 r--p 00012000 08:06 2757647                    /lib/x86_64-linux-gnu/libbsd.so.0.8.2
7f419fa4f000-7f419fa50000 rw-p 00013000 08:06 2757647                    /lib/x86_64-linux-gnu/libbsd.so.0.8.2
7f419fa50000-7f419fa51000 rw-p 00000000 00:00 0 
7f419fa51000-7f419fa76000 r-xp 00000000 08:06 2757823                    /lib/x86_64-linux-gnu/libtinfo.so.5.9
7f419fa76000-7f419fc75000 ---p 00025000 08:06 2757823                    /lib/x86_64-linux-gnu/libtinfo.so.5.9
7f419fc75000-7f419fc79000 r--p 00024000 08:06 2757823                    /lib/x86_64-linux-gnu/libtinfo.so.5.9
7f419fc79000-7f419fc7a000 rw-p 00028000 08:06 2757823                    /lib/x86_64-linux-gnu/libtinfo.so.5.9
7f419fc7a000-7f419fcab000 r-xp 00000000 08:06 2238011                    /usr/lib/x86_64-linux-gnu/libedit.so.2.0.53
7f419fcab000-7f419feab000 ---p 00031000 08:06 2238011                    /usr/lib/x86_64-linux-gnu/libedit.so.2.0.53
7f419feab000-7f419fead000 r--p 00031000 08:06 2238011                    /usr/lib/x86_64-linux-gnu/libedit.so.2.0.53
7f419fead000-7f419feae000 rw-p 00033000 08:06 2238011                    /usr/lib/x86_64-linux-gnu/libedit.so.2.0.53
7f419feae000-7f419feb2000 rw-p 00000000 00:00 0 
7f419feb2000-7f41a23a4000 r-xp 00000000 08:06 2230406                    /usr/lib/x86_64-linux-gnu/libLLVM-3.8.so.1
7f41a23a4000-7f41a25a4000 ---p 024f2000 08:06 2230406                    /usr/lib/x86_64-linux-gnu/libLLVM-3.8.so.1
7f41a25a4000-7f41a2859000 r--p 024f2000 08:06 2230406                    /usr/lib/x86_64-linux-gnu/libLLVM-3.8.so.1
7f41a2859000-7f41a285b000 rw-p 027a7000 08:06 2230406                    /usr/lib/x86_64-linux-gnu/libLLVM-3.8.so.1
7f41a285b000-7f41a2885000 rw-p 00000000 00:00 0 
7f41a2885000-7f41a289c000 r-xp 00000000 08:06 2238016                    /usr/lib/x86_64-linux-gnu/libelf-0.165.so
7f41a289c000-7f41a2a9b000 ---p 00017000 08:06 2238016                    /usr/lib/x86_64-linux-gnu/libelf-0.165.so
7f41a2a9b000-7f41a2a9c000 r--p 00016000 08:06 2238016                    /usr/lib/x86_64-linux-gnu/libelf-0.165.so
7f41a2a9c000-7f41a2a9d000 rw-p 00017000 08:06 2238016                    /usr/lib/x86_64-linux-gnu/libelf-0.165.so
7f41a2a9d000-7f41a2aa4000 r-xp 00000000 08:06 2229660                    /usr/lib/x86_64-linux-gnu/libdrm_amdgpu.so.1.0.0
7f41a2aa4000-7f41a2ca3000 ---p 00007000 08:06 2229660                    /usr/lib/x86_64-linux-gnu/libdrm_amdgpu.so.1.0.0
7f41a2ca3000-7f41a2ca4000 r--p 00006000 08:06 2229660                    /usr/lib/x86_64-linux-gnu/libdrm_amdgpu.so.1.0.0
7f41a2ca4000-7f41a2ca5000 rw-p 00007000 08:06 2229660                    /usr/lib/x86_64-linux-gnu/libdrm_amdgpu.so.1.0.0
7f41a2ca5000-7f41a2cb0000 r-xp 00000000 08:06 2229666                    /usr/lib/x86_64-linux-gnu/libdrm_radeon.so.1.0.1
7f41a2cb0000-7f41a2eaf000 ---p 0000b000 08:06 2229666                    /usr/lib/x86_64-linux-gnu/libdrm_radeon.so.1.0.1
7f41a2eaf000-7f41a2eb0000 r--p 0000a000 08:06 2229666                    /usr/lib/x86_64-linux-gnu/libdrm_radeon.so.1.0.1
7f41a2eb0000-7f41a2eb1000 rw-p 0000b000 08:06 2229666                    /usr/lib/x86_64-linux-gnu/libdrm_radeon.so.1.0.1
7f41a2eb1000-7f41a2eb8000 r-xp 00000000 08:06 2229664                    /usr/lib/x86_64-linux-gnu/libdrm_nouveau.so.2.0.0
7f41a2eb8000-7f41a30b7000 ---p 00007000 08:06 2229664                    /usr/lib/x86_64-linux-gnu/libdrm_nouveau.so.2.0.0
7f41a30b7000-7f41a30b8000 r--p 00006000 08:06 2229664                    /usr/lib/x86_64-linux-gnu/libdrm_nouveau.so.2.0.0
7f41a30b8000-7f41a30b9000 rw-p 00007000 08:06 2229664                    /usr/lib/x86_64-linux-gnu/libdrm_nouveau.so.2.0.0
7f41a30b9000-7f41a3980000 r-xp 00000000 08:06 2493203                    /usr/lib/x86_64-linux-gnu/dri/r600_dri.so
7f41a3980000-7f41a3b7f000 ---p 008c7000 08:06 2493203                    /usr/lib/x86_64-linux-gnu/dri/r600_dri.so
7f41a3b7f000-7f41a3bf3000 r--p 008c6000 08:06 2493203                    /usr/lib/x86_64-linux-gnu/dri/r600_dri.so
7f41a3bf3000-7f41a3c02000 rw-p 0093a000 08:06 2493203                    /usr/lib/x86_64-linux-gnu/dri/r600_dri.so
7f41a3c02000-7f41a3df8000 rw-p 00000000 00:00 0 
7f41a3df8000-7f41a3dfe000 r-xp 00000000 08:06 2491604                    /usr/lib/x86_64-linux-gnu/mesa-egl/libGLESv2.so.2.0.0
7f41a3dfe000-7f41a3ffe000 ---p 00006000 08:06 2491604                    /usr/lib/x86_64-linux-gnu/mesa-egl/libGLESv2.so.2.0.0
7f41a3ffe000-7f41a3fff000 r--p 00006000 08:06 2491604                    /usr/lib/x86_64-linux-gnu/mesa-egl/libGLESv2.so.2.0.0
7f41a3fff000-7f41a4000000 rw-p 00007000 08:06 2491604                    /usr/lib/x86_64-linux-gnu/mesa-egl/libGLESv2.so.2.0.0
7f41a4000000-7f41a405d000 rw-p 00000000 00:00 0 
7f41a405d000-7f41a8000000 ---p 00000000 00:00 0 
7f41a8069000-7f41a8074000 r--s 00000000 08:06 926427                     /var/cache/fontconfig/945677eb7aeaf62f1d50efc3fb3ec7d8-le64.cache-6
7f41a8074000-7f41a807a000 r--s 00000000 08:06 926425                     /var/cache/fontconfig/2cd17615ca594fa2959ae173292e504c-le64.cache-6
7f41a807a000-7f41a807b000 r--s 00000000 08:06 926424                     /var/cache/fontconfig/0d8c3b2ac0904cb8a57a757ad11a4a08-le64.cache-6
7f41a807b000-7f41a8090000 r--s 00000000 08:06 926404                     /var/cache/fontconfig/04aabc0a78ac019cf9454389977116d2-le64.cache-6
7f41a8090000-7f41a8091000 r--s 00000000 08:06 926423                     /var/cache/fontconfig/1ac9eb803944fde146138c791f5cc56a-le64.cache-6
7f41a8091000-7f41a8095000 r--s 00000000 08:06 926422                     /var/cache/fontconfig/385c0604a188198f04d133e54aba7fe7-le64.cache-6
7f41a8095000-7f41a8096000 r--s 00000000 08:06 926421                     /var/cache/fontconfig/dc05db6664285cc2f12bf69c139ae4c3-le64.cache-6
7f41a8096000-7f41a8099000 r--s 00000000 08:06 926420                     /var/cache/fontconfig/767a8244fc0220cfb567a839d0392e0b-le64.cache-6
7f41a8099000-7f41a809a000 r--s 00000000 08:06 926419                     /var/cache/fontconfig/4794a0821666d79190d59a36cb4f44b5-le64.cache-6
7f41a809a000-7f41a809f000 r--s 00000000 08:06 926418                     /var/cache/fontconfig/8801497958630a81b71ace7c5f9b32a8-le64.cache-6
7f41a809f000-7f41a80a6000 r--s 00000000 08:06 926416                     /var/cache/fontconfig/3047814df9a2f067bd2d96a2b9c36e5a-le64.cache-6
7f41a80a6000-7f41a80ac000 r--s 00000000 08:06 926413                     /var/cache/fontconfig/b47c4e1ecd0709278f4910c18777a504-le64.cache-6
7f41a80ac000-7f41a80bf000 r--s 00000000 08:06 926412                     /var/cache/fontconfig/d52a8644073d54c13679302ca1180695-le64.cache-6
7f41a80bf000-7f41a80ca000 r--s 00000000 08:06 926743                     /var/cache/fontconfig/d589a48862398ed80a3d6066f4f56f4c-le64.cache-6
7f41a80ca000-7f41a81ca000 rw-s 11efa4000 00:06 252                       /dev/dri/card0
7f41a81ca000-7f41a820f000 r-xp 00000000 08:06 2097194                    /tmp/jogamp_0000/file_cache/jln6489691002493770773/jln4953939776752692955/libjogl_mobile.so
7f41a820f000-7f41a840f000 ---p 00045000 08:06 2097194                    /tmp/jogamp_0000/file_cache/jln6489691002493770773/jln4953939776752692955/libjogl_mobile.so
7f41a840f000-7f41a8410000 rw-p 00045000 08:06 2097194                    /tmp/jogamp_0000/file_cache/jln6489691002493770773/jln4953939776752692955/libjogl_mobile.so
7f41a8410000-7f41a8417000 r-xp 00000000 08:06 2238059                    /usr/lib/x86_64-linux-gnu/libffi.so.6.0.4
7f41a8417000-7f41a8616000 ---p 00007000 08:06 2238059                    /usr/lib/x86_64-linux-gnu/libffi.so.6.0.4
7f41a8616000-7f41a8617000 r--p 00006000 08:06 2238059                    /usr/lib/x86_64-linux-gnu/libffi.so.6.0.4
7f41a8617000-7f41a8618000 rw-p 00007000 08:06 2238059                    /usr/lib/x86_64-linux-gnu/libffi.so.6.0.4
7f41a8618000-7f41a8624000 r-xp 00000000 08:06 2228798                    /usr/lib/x86_64-linux-gnu/libgbm.so.1.0.0
7f41a8624000-7f41a8824000 ---p 0000c000 08:06 2228798                    /usr/lib/x86_64-linux-gnu/libgbm.so.1.0.0
7f41a8824000-7f41a8825000 r--p 0000c000 08:06 2228798                    /usr/lib/x86_64-linux-gnu/libgbm.so.1.0.0
7f41a8825000-7f41a8826000 rw-p 0000d000 08:06 2228798                    /usr/lib/x86_64-linux-gnu/libgbm.so.1.0.0
7f41a8826000-7f41a8835000 r-xp 00000000 08:06 2238952                    /usr/lib/x86_64-linux-gnu/libwayland-server.so.0.1.0
7f41a8835000-7f41a8a34000 ---p 0000f000 08:06 2238952                    /usr/lib/x86_64-linux-gnu/libwayland-server.so.0.1.0
7f41a8a34000-7f41a8a36000 r--p 0000e000 08:06 2238952                    /usr/lib/x86_64-linux-gnu/libwayland-server.so.0.1.0
7f41a8a36000-7f41a8a37000 rw-p 00010000 08:06 2238952                    /usr/lib/x86_64-linux-gnu/libwayland-server.so.0.1.0
7f41a8a37000-7f41a8a43000 r-xp 00000000 08:06 2238946                    /usr/lib/x86_64-linux-gnu/libwayland-client.so.0.3.0
7f41a8a43000-7f41a8c42000 ---p 0000c000 08:06 2238946                    /usr/lib/x86_64-linux-gnu/libwayland-client.so.0.3.0
7f41a8c42000-7f41a8c44000 r--p 0000b000 08:06 2238946                    /usr/lib/x86_64-linux-gnu/libwayland-client.so.0.3.0
7f41a8c44000-7f41a8c45000 rw-p 0000d000 08:06 2238946                    /usr/lib/x86_64-linux-gnu/libwayland-client.so.0.3.0
7f41a8c45000-7f41a8c4b000 r-xp 00000000 08:06 2239050                    /usr/lib/x86_64-linux-gnu/libxcb-xfixes.so.0.0.0
7f41a8c4b000-7f41a8e4b000 ---p 00006000 08:06 2239050                    /usr/lib/x86_64-linux-gnu/libxcb-xfixes.so.0.0.0
7f41a8e4b000-7f41a8e4c000 r--p 00006000 08:06 2239050                    /usr/lib/x86_64-linux-gnu/libxcb-xfixes.so.0.0.0
7f41a8e4c000-7f41a8e4d000 rw-p 00007000 08:06 2239050                    /usr/lib/x86_64-linux-gnu/libxcb-xfixes.so.0.0.0
7f41a8e4d000-7f41a8e7d000 r-xp 00000000 08:06 2493233                    /usr/lib/x86_64-linux-gnu/mesa-egl/libEGL.so.1.0.0
7f41a8e7d000-7f41a907d000 ---p 00030000 08:06 2493233                    /usr/lib/x86_64-linux-gnu/mesa-egl/libEGL.so.1.0.0
7f41a907d000-7f41a907e000 r--p 00030000 08:06 2493233                    /usr/lib/x86_64-linux-gnu/mesa-egl/libEGL.so.1.0.0
7f41a907e000-7f41a907f000 rw-p 00031000 08:06 2493233                    /usr/lib/x86_64-linux-gnu/mesa-egl/libEGL.so.1.0.0
7f41a907f000-7f41a9124000 r-xp 00000000 08:06 2097189                    /tmp/jogamp_0000/file_cache/jln6489691002493770773/jln4953939776752692955/libjogl_desktop.so
7f41a9124000-7f41a9324000 ---p 000a5000 08:06 2097189                    /tmp/jogamp_0000/file_cache/jln6489691002493770773/jln4953939776752692955/libjogl_desktop.so
7f41a9324000-7f41a9325000 rw-p 000a5000 08:06 2097189                    /tmp/jogamp_0000/file_cache/jln6489691002493770773/jln4953939776752692955/libjogl_desktop.so
7f41a9325000-7f41a9333000 r-xp 00000000 08:06 2228334                    /usr/lib/x86_64-linux-gnu/libdrm.so.2.4.0
7f41a9333000-7f41a9532000 ---p 0000e000 08:06 2228334                    /usr/lib/x86_64-linux-gnu/libdrm.so.2.4.0
7f41a9532000-7f41a9533000 r--p 0000d000 08:06 2228334                    /usr/lib/x86_64-linux-gnu/libdrm.so.2.4.0
7f41a9533000-7f41a9534000 rw-p 0000e000 08:06 2228334                    /usr/lib/x86_64-linux-gnu/libdrm.so.2.4.0
7f41a9534000-7f41a9538000 r-xp 00000000 08:06 2239022                    /usr/lib/x86_64-linux-gnu/libxcb-dri2.so.0.0.0
7f41a9538000-7f41a9737000 ---p 00004000 08:06 2239022                    /usr/lib/x86_64-linux-gnu/libxcb-dri2.so.0.0.0
7f41a9737000-7f41a9738000 r--p 00003000 08:06 2239022                    /usr/lib/x86_64-linux-gnu/libxcb-dri2.so.0.0.0
7f41a9738000-7f41a9739000 rw-p 00004000 08:06 2239022                    /usr/lib/x86_64-linux-gnu/libxcb-dri2.so.0.0.0
7f41a9739000-7f41a9750000 r-xp 00000000 08:06 2239026                    /usr/lib/x86_64-linux-gnu/libxcb-glx.so.0.0.0
7f41a9750000-7f41a994f000 ---p 00017000 08:06 2239026                    /usr/lib/x86_64-linux-gnu/libxcb-glx.so.0.0.0
7f41a994f000-7f41a9951000 r--p 00016000 08:06 2239026                    /usr/lib/x86_64-linux-gnu/libxcb-glx.so.0.0.0
7f41a9951000-7f41a9952000 rw-p 00018000 08:06 2239026                    /usr/lib/x86_64-linux-gnu/libxcb-glx.so.0.0.0
7f41a9952000-7f41a9953000 r-xp 00000000 08:06 2237670                    /usr/lib/x86_64-linux-gnu/libX11-xcb.so.1.0.0
7f41a9953000-7f41a9b52000 ---p 00001000 08:06 2237670                    /usr/lib/x86_64-linux-gnu/libX11-xcb.so.1.0.0
7f41a9b52000-7f41a9b53000 r--p 00000000 08:06 2237670                    /usr/lib/x86_64-linux-gnu/libX11-xcb.so.1.0.0
7f41a9b53000-7f41a9b54000 rw-p 00001000 08:06 2237670                    /usr/lib/x86_64-linux-gnu/libX11-xcb.so.1.0.0
7f41a9b54000-7f41a9b56000 r-xp 00000000 08:06 2237685                    /usr/lib/x86_64-linux-gnu/libXdamage.so.1.1.0
7f41a9b56000-7f41a9d55000 ---p 00002000 08:06 2237685                    /usr/lib/x86_64-linux-gnu/libXdamage.so.1.1.0
7f41a9d55000-7f41a9d56000 r--p 00001000 08:06 2237685                    /usr/lib/x86_64-linux-gnu/libXdamage.so.1.1.0
7f41a9d56000-7f41a9d57000 rw-p 00002000 08:06 2237685                    /usr/lib/x86_64-linux-gnu/libXdamage.so.1.1.0
7f41a9d57000-7f41a9d80000 r-xp 00000000 08:06 2230410                    /usr/lib/x86_64-linux-gnu/libglapi.so.0.0.0
7f41a9d80000-7f41a9f7f000 ---p 00029000 08:06 2230410                    /usr/lib/x86_64-linux-gnu/libglapi.so.0.0.0
7f41a9f7f000-7f41a9f83000 r--p 00028000 08:06 2230410                    /usr/lib/x86_64-linux-gnu/libglapi.so.0.0.0
7f41a9f83000-7f41a9f84000 rw-p 0002c000 08:06 2230410                    /usr/lib/x86_64-linux-gnu/libglapi.so.0.0.0
7f41a9f84000-7f41a9f85000 rw-p 00000000 00:00 0 
7f41a9f85000-7f41a9f86000 r-xp 00000000 08:06 2239066                    /usr/lib/x86_64-linux-gnu/libxshmfence.so.1.0.0
7f41a9f86000-7f41aa186000 ---p 00001000 08:06 2239066                    /usr/lib/x86_64-linux-gnu/libxshmfence.so.1.0.0
7f41aa186000-7f41aa187000 r--p 00001000 08:06 2239066                    /usr/lib/x86_64-linux-gnu/libxshmfence.so.1.0.0
7f41aa187000-7f41aa188000 rw-p 00002000 08:06 2239066                    /usr/lib/x86_64-linux-gnu/libxshmfence.so.1.0.0
7f41aa188000-7f41aa18d000 r-xp 00000000 08:06 2239046                    /usr/lib/x86_64-linux-gnu/libxcb-sync.so.1.0.0
7f41aa18d000-7f41aa38d000 ---p 00005000 08:06 2239046                    /usr/lib/x86_64-linux-gnu/libxcb-sync.so.1.0.0
7f41aa38d000-7f41aa38e000 r--p 00005000 08:06 2239046                    /usr/lib/x86_64-linux-gnu/libxcb-sync.so.1.0.0
7f41aa38e000-7f41aa38f000 rw-p 00006000 08:06 2239046                    /usr/lib/x86_64-linux-gnu/libxcb-sync.so.1.0.0
7f41aa38f000-7f41aa391000 r-xp 00000000 08:06 2239034                    /usr/lib/x86_64-linux-gnu/libxcb-present.so.0.0.0
7f41aa391000-7f41aa590000 ---p 00002000 08:06 2239034                    /usr/lib/x86_64-linux-gnu/libxcb-present.so.0.0.0
7f41aa590000-7f41aa591000 r--p 00001000 08:06 2239034                    /usr/lib/x86_64-linux-gnu/libxcb-present.so.0.0.0
7f41aa591000-7f41aa592000 rw-p 00002000 08:06 2239034                    /usr/lib/x86_64-linux-gnu/libxcb-present.so.0.0.0
7f41aa592000-7f41aa594000 r-xp 00000000 08:06 2239024                    /usr/lib/x86_64-linux-gnu/libxcb-dri3.so.0.0.0
7f41aa594000-7f41aa793000 ---p 00002000 08:06 2239024                    /usr/lib/x86_64-linux-gnu/libxcb-dri3.so.0.0.0
7f41aa793000-7f41aa794000 r--p 00001000 08:06 2239024                    /usr/lib/x86_64-linux-gnu/libxcb-dri3.so.0.0.0
7f41aa794000-7f41aa795000 rw-p 00002000 08:06 2239024                    /usr/lib/x86_64-linux-gnu/libxcb-dri3.so.0.0.0
7f41aa795000-7f41aa7bb000 r-xp 00000000 08:06 2757682                    /lib/x86_64-linux-gnu/libexpat.so.1.6.0
7f41aa7bb000-7f41aa9bb000 ---p 00026000 08:06 2757682                    /lib/x86_64-linux-gnu/libexpat.so.1.6.0
7f41aa9bb000-7f41aa9bd000 r--p 00026000 08:06 2757682                    /lib/x86_64-linux-gnu/libexpat.so.1.6.0
7f41aa9bd000-7f41aa9be000 rw-p 00028000 08:06 2757682                    /lib/x86_64-linux-gnu/libexpat.so.1.6.0
7f41aa9be000-7f41aaa2b000 r-xp 00000000 08:06 2490943                    /usr/lib/x86_64-linux-gnu/mesa/libGL.so.1.2.0
7f41aaa2b000-7f41aac2a000 ---p 0006d000 08:06 2490943                    /usr/lib/x86_64-linux-gnu/mesa/libGL.so.1.2.0
7f41aac2a000-7f41aac2d000 r--p 0006c000 08:06 2490943                    /usr/lib/x86_64-linux-gnu/mesa/libGL.so.1.2.0
7f41aac2d000-7f41aac2e000 rw-p 0006f000 08:06 2490943                    /usr/lib/x86_64-linux-gnu/mesa/libGL.so.1.2.0
7f41aac2e000-7f41aae2f000 rw-p 00000000 00:00 0 
7f41aae2f000-7f41ab02f000 rw-p 00000000 00:00 0 
7f41ab02f000-7f41ab030000 r--s 00000000 08:06 926417                     /var/cache/fontconfig/bab58bb527bb656aaa9f116d68a48d89-le64.cache-6
7f41ab030000-7f41ab031000 r--s 00000000 08:06 926415                     /var/cache/fontconfig/56cf4f4769d0f4abc89a4895d7bd3ae1-le64.cache-6
7f41ab031000-7f41ab032000 r--s 00000000 08:06 926414                     /var/cache/fontconfig/b9d506c9ac06c20b433354fa67a72993-le64.cache-6
7f41ab032000-7f41ab033000 r--s 00000000 08:06 926411                     /var/cache/fontconfig/551ecf3b0e8b0bca0f25c0944f561853-le64.cache-6
7f41ab033000-7f41ab034000 r--s 00000000 08:06 926409                     /var/cache/fontconfig/30829fa25452a46451e813d634d7f916-le64.cache-6
7f41ab034000-7f41ab037000 r--s 00000000 08:06 926406                     /var/cache/fontconfig/75114ca45c98e8a441da0ff356701271-le64.cache-6
7f41ab037000-7f41ab042000 r--s 00000000 08:06 926405                     /var/cache/fontconfig/83bf95040141907cd45bb53cf7c1c148-le64.cache-6
7f41ab042000-7f41ab054000 r--s 00000000 08:06 923280                     /var/cache/fontconfig/9b89f8e3dae116d678bbf48e5f21f69b-le64.cache-6
7f41ab054000-7f41ab057000 r--s 00000000 08:06 923238                     /var/cache/fontconfig/e13b20fdb08344e0e664864cc2ede53d-le64.cache-6
7f41ab08c000-7f41ab08d000 r--s 00000000 08:06 926408                     /var/cache/fontconfig/0c9eb80ebd1c36541ebe2852d3bb0c49-le64.cache-6
7f41ab08d000-7f41ab091000 r--s 00000000 08:06 923258                     /var/cache/fontconfig/7ef2298fde41cc6eeb7af42e48b7d293-le64.cache-6
7f41ab091000-7f41ab092000 rw-s 124f45000 00:06 252                       /dev/dri/card0
7f41ab092000-7f41ab093000 rw-s 124f40000 00:06 252                       /dev/dri/card0
7f41ab093000-7f41ab094000 rw-s 124f3e000 00:06 252                       /dev/dri/card0
7f41ab094000-7f41ab095000 rw-s 124f3d000 00:06 252                       /dev/dri/card0
7f41ab0b4000-7f41ab0b5000 rw-s 1245cc000 00:06 252                       /dev/dri/card0
7f41ab0b5000-7f41ab0b6000 rw-s 1245cb000 00:06 252                       /dev/dri/card0
7f41ab0b6000-7f41ab0b7000 rw-s 1245ca000 00:06 252                       /dev/dri/card0
7f41ab0b7000-7f41ab0b8000 rw-s 1245c9000 00:06 252                       /dev/dri/card0
7f41ab0b8000-7f41ab0b9000 rw-s 121233000 00:06 252                       /dev/dri/card0
7f41ab0b9000-7f41ab0ba000 rw-s 121231000 00:06 252                       /dev/dri/card0
7f41ab0ba000-7f41ab0bb000 rw-s 121230000 00:06 252                       /dev/dri/card0
7f41ab0bb000-7f41ab0bd000 rw-s 121239000 00:06 252                       /dev/dri/card0
7f41ab0dc000-7f41ab0ec000 rw-s 11f0b3000 00:06 252                       /dev/dri/card0
7f41ab0ec000-7f41ab0f3000 r-xp 00000000 08:06 2097196                    /tmp/jogamp_0000/file_cache/jln6489691002493770773/jln4953939776752692955/libnativewindow_x11.so
7f41ab0f3000-7f41ab2f2000 ---p 00007000 08:06 2097196                    /tmp/jogamp_0000/file_cache/jln6489691002493770773/jln4953939776752692955/libnativewindow_x11.so
7f41ab2f2000-7f41ab2f3000 rw-p 00006000 08:06 2097196                    /tmp/jogamp_0000/file_cache/jln6489691002493770773/jln4953939776752692955/libnativewindow_x11.so
7f41ab2f3000-7f41ab2f8000 r-xp 00000000 08:06 2237725                    /usr/lib/x86_64-linux-gnu/libXxf86vm.so.1.0.0
7f41ab2f8000-7f41ab4f7000 ---p 00005000 08:06 2237725                    /usr/lib/x86_64-linux-gnu/libXxf86vm.so.1.0.0
7f41ab4f7000-7f41ab4f8000 r--p 00004000 08:06 2237725                    /usr/lib/x86_64-linux-gnu/libXxf86vm.so.1.0.0
7f41ab4f8000-7f41ab4f9000 rw-p 00005000 08:06 2237725                    /usr/lib/x86_64-linux-gnu/libXxf86vm.so.1.0.0
7f41ab4f9000-7f41ab4fb000 r-xp 00000000 08:06 2097195                    /tmp/jogamp_0000/file_cache/jln6489691002493770773/jln4953939776752692955/libnativewindow_awt.so
7f41ab4fb000-7f41ab6fa000 ---p 00002000 08:06 2097195                    /tmp/jogamp_0000/file_cache/jln6489691002493770773/jln4953939776752692955/libnativewindow_awt.so
7f41ab6fa000-7f41ab6fb000 rw-p 00001000 08:06 2097195                    /tmp/jogamp_0000/file_cache/jln6489691002493770773/jln4953939776752692955/libnativewindow_awt.so
7f41ab6fb000-7f41ab6fc000 r-xp 00000000 08:06 2245058                    /usr/lib/jvm/java-8-openjdk-amd64/jre/lib/amd64/libjawt.so
7f41ab6fc000-7f41ab8fb000 ---p 00001000 08:06 2245058                    /usr/lib/jvm/java-8-openjdk-amd64/jre/lib/amd64/libjawt.so
7f41ab8fb000-7f41ab8fc000 r--p 00000000 08:06 2245058                    /usr/lib/jvm/java-8-openjdk-amd64/jre/lib/amd64/libjawt.so
7f41ab8fc000-7f41ab8fd000 rw-p 00001000 08:06 2245058                    /usr/lib/jvm/java-8-openjdk-amd64/jre/lib/amd64/libjawt.so
7f41ab8fd000-7f41ab8ff000 r-xp 00000000 08:06 2097183                    /tmp/jogamp_0000/file_cache/jln6489691002493770773/jln4953939776752692955/libgluegen-rt.so
7f41ab8ff000-7f41abafe000 ---p 00002000 08:06 2097183                    /tmp/jogamp_0000/file_cache/jln6489691002493770773/jln4953939776752692955/libgluegen-rt.so
7f41abafe000-7f41abaff000 rw-p 00001000 08:06 2097183                    /tmp/jogamp_0000/file_cache/jln6489691002493770773/jln4953939776752692955/libgluegen-rt.so
7f41abaff000-7f41abb02000 ---p 00000000 00:00 0 
7f41abb02000-7f41abe00000 rw-p 00000000 00:00 0 
7f41abe00000-7f41ac000000 rw-p 00000000 00:00 0 
7f41ac000000-7f41ac5f4000 rw-p 00000000 00:00 0 
7f41ac5f4000-7f41b0000000 ---p 00000000 00:00 0 
7f41b0000000-7f41b0a4d000 rw-p 00000000 00:00 0 
7f41b0a4d000-7f41b4000000 ---p 00000000 00:00 0 
7f41b4000000-7f41b4021000 rw-p 00000000 00:00 0 
7f41b4021000-7f41b8000000 ---p 00000000 00:00 0 
7f41b8000000-7f41b8021000 rw-p 00000000 00:00 0 
7f41b8021000-7f41bc000000 ---p 00000000 00:00 0 
7f41bc000000-7f41bc600000 rw-p 00000000 00:00 0 
7f41bc600000-7f41c0000000 ---p 00000000 00:00 0 
7f41c0000000-7f41c023a000 rw-p 00000000 00:00 0 
7f41c023a000-7f41c4000000 ---p 00000000 00:00 0 
7f41c4000000-7f41c4021000 rw-p 00000000 00:00 0 
7f41c4021000-7f41c8000000 ---p 00000000 00:00 0 
7f41c8000000-7f41c8e83000 rw-p 00000000 00:00 0 
7f41c8e83000-7f41cc000000 ---p 00000000 00:00 0 
7f41cc000000-7f41cc021000 rw-p 00000000 00:00 0 
7f41cc021000-7f41d0000000 ---p 00000000 00:00 0 
7f41d0000000-7f41d0021000 rw-p 00000000 00:00 0 
7f41d0021000-7f41d4000000 ---p 00000000 00:00 0 
7f41d4012000-7f41d4015000 ---p 00000000 00:00 0 
7f41d4015000-7f41d4113000 rw-p 00000000 00:00 0 
7f41d4113000-7f41d4116000 ---p 00000000 00:00 0 
7f41d4116000-7f41d4214000 rw-p 00000000 00:00 0 
7f41d4214000-7f41d4225000 r-xp 00000000 08:06 2245069                    /usr/lib/jvm/java-8-openjdk-amd64/jre/lib/amd64/libnio.so
7f41d4225000-7f41d4425000 ---p 00011000 08:06 2245069                    /usr/lib/jvm/java-8-openjdk-amd64/jre/lib/amd64/libnio.so
7f41d4425000-7f41d4426000 r--p 00011000 08:06 2245069                    /usr/lib/jvm/java-8-openjdk-amd64/jre/lib/amd64/libnio.so
7f41d4426000-7f41d4427000 rw-p 00012000 08:06 2245069                    /usr/lib/jvm/java-8-openjdk-amd64/jre/lib/amd64/libnio.so
7f41d4427000-7f41d4728000 rw-p 00000000 00:00 0 
7f41d4728000-7f41d473f000 r-xp 00000000 08:06 2245045                    /usr/lib/jvm/java-8-openjdk-amd64/jre/lib/amd64/libnet.so
7f41d473f000-7f41d493e000 ---p 00017000 08:06 2245045                    /usr/lib/jvm/java-8-openjdk-amd64/jre/lib/amd64/libnet.so
7f41d493e000-7f41d493f000 r--p 00016000 08:06 2245045                    /usr/lib/jvm/java-8-openjdk-amd64/jre/lib/amd64/libnet.so
7f41d493f000-7f41d4940000 rw-p 00017000 08:06 2245045                    /usr/lib/jvm/java-8-openjdk-amd64/jre/lib/amd64/libnet.so
7f41d4940000-7f41d4943000 ---p 00000000 00:00 0 
7f41d4943000-7f41d4a41000 rw-p 00000000 00:00 0 
7f41d4a41000-7f41d4a44000 ---p 00000000 00:00 0 
7f41d4a44000-7f41d4b42000 rw-p 00000000 00:00 0 
7f41d4b42000-7f41d4b45000 ---p 00000000 00:00 0 
7f41d4b45000-7f41d4c43000 rw-p 00000000 00:00 0 
7f41d4c43000-7f41d4c46000 ---p 00000000 00:00 0 
7f41d4c46000-7f41d4d44000 rw-p 00000000 00:00 0 
7f41d4d44000-7f41d4d49000 r-xp 00000000 08:06 2237691                    /usr/lib/x86_64-linux-gnu/libXfixes.so.3.1.0
7f41d4d49000-7f41d4f48000 ---p 00005000 08:06 2237691                    /usr/lib/x86_64-linux-gnu/libXfixes.so.3.1.0
7f41d4f48000-7f41d4f49000 r--p 00004000 08:06 2237691                    /usr/lib/x86_64-linux-gnu/libXfixes.so.3.1.0
7f41d4f49000-7f41d4f4a000 rw-p 00005000 08:06 2237691                    /usr/lib/x86_64-linux-gnu/libXfixes.so.3.1.0
7f41d4f4a000-7f41d4f53000 r-xp 00000000 08:06 2237683                    /usr/lib/x86_64-linux-gnu/libXcursor.so.1.0.2
7f41d4f53000-7f41d5152000 ---p 00009000 08:06 2237683                    /usr/lib/x86_64-linux-gnu/libXcursor.so.1.0.2
7f41d5152000-7f41d5153000 r--p 00008000 08:06 2237683                    /usr/lib/x86_64-linux-gnu/libXcursor.so.1.0.2
7f41d5153000-7f41d5154000 rw-p 00009000 08:06 2237683                    /usr/lib/x86_64-linux-gnu/libXcursor.so.1.0.2
7f41d5154000-7f41d5157000 ---p 00000000 00:00 0 
7f41d5157000-7f41d5255000 rw-p 00000000 00:00 0 
7f41d5255000-7f41d5279000 r-xp 00000000 08:06 2757792                    /lib/x86_64-linux-gnu/libpng12.so.0.54.0
7f41d5279000-7f41d5478000 ---p 00024000 08:06 2757792                    /lib/x86_64-linux-gnu/libpng12.so.0.54.0
7f41d5478000-7f41d5479000 r--p 00023000 08:06 2757792                    /lib/x86_64-linux-gnu/libpng12.so.0.54.0
7f41d5479000-7f41d547a000 rw-p 00024000 08:06 2757792                    /lib/x86_64-linux-gnu/libpng12.so.0.54.0
7f41d547a000-7f41d551e000 r-xp 00000000 08:06 2238107                    /usr/lib/x86_64-linux-gnu/libfreetype.so.6.12.1
7f41d551e000-7f41d571d000 ---p 000a4000 08:06 2238107                    /usr/lib/x86_64-linux-gnu/libfreetype.so.6.12.1
7f41d571d000-7f41d5723000 r--p 000a3000 08:06 2238107                    /usr/lib/x86_64-linux-gnu/libfreetype.so.6.12.1
7f41d5723000-7f41d5724000 rw-p 000a9000 08:06 2238107                    /usr/lib/x86_64-linux-gnu/libfreetype.so.6.12.1
7f41d5724000-7f41d5776000 r-xp 00000000 08:06 2245043                    /usr/lib/jvm/java-8-openjdk-amd64/jre/lib/amd64/libfontmanager.so
7f41d5776000-7f41d5976000 ---p 00052000 08:06 2245043                    /usr/lib/jvm/java-8-openjdk-amd64/jre/lib/amd64/libfontmanager.so
7f41d5976000-7f41d5978000 r--p 00052000 08:06 2245043                    /usr/lib/jvm/java-8-openjdk-amd64/jre/lib/amd64/libfontmanager.so
7f41d5978000-7f41d5979000 rw-p 00054000 08:06 2245043                    /usr/lib/jvm/java-8-openjdk-amd64/jre/lib/amd64/libfontmanager.so
7f41d5979000-7f41d597e000 r-xp 00000000 08:06 2237687                    /usr/lib/x86_64-linux-gnu/libXdmcp.so.6.0.0
7f41d597e000-7f41d5b7d000 ---p 00005000 08:06 2237687                    /usr/lib/x86_64-linux-gnu/libXdmcp.so.6.0.0
7f41d5b7d000-7f41d5b7e000 r--p 00004000 08:06 2237687                    /usr/lib/x86_64-linux-gnu/libXdmcp.so.6.0.0
7f41d5b7e000-7f41d5b7f000 rw-p 00005000 08:06 2237687                    /usr/lib/x86_64-linux-gnu/libXdmcp.so.6.0.0
7f41d5b7f000-7f41d5b81000 r-xp 00000000 08:06 2237676                    /usr/lib/x86_64-linux-gnu/libXau.so.6.0.0
7f41d5b81000-7f41d5d81000 ---p 00002000 08:06 2237676                    /usr/lib/x86_64-linux-gnu/libXau.so.6.0.0
7f41d5d81000-7f41d5d82000 r--p 00002000 08:06 2237676                    /usr/lib/x86_64-linux-gnu/libXau.so.6.0.0
7f41d5d82000-7f41d5d83000 rw-p 00003000 08:06 2237676                    /usr/lib/x86_64-linux-gnu/libXau.so.6.0.0
7f41d5d83000-7f41d5da4000 r-xp 00000000 08:06 2239054                    /usr/lib/x86_64-linux-gnu/libxcb.so.1.1.0
7f41d5da4000-7f41d5fa3000 ---p 00021000 08:06 2239054                    /usr/lib/x86_64-linux-gnu/libxcb.so.1.1.0
7f41d5fa3000-7f41d5fa4000 r--p 00020000 08:06 2239054                    /usr/lib/x86_64-linux-gnu/libxcb.so.1.1.0
7f41d5fa4000-7f41d5fa5000 rw-p 00021000 08:06 2239054                    /usr/lib/x86_64-linux-gnu/libxcb.so.1.1.0
7f41d5fa5000-7f41d5fb4000 r-xp 00000000 08:06 2237697                    /usr/lib/x86_64-linux-gnu/libXi.so.6.1.0
7f41d5fb4000-7f41d61b3000 ---p 0000f000 08:06 2237697                    /usr/lib/x86_64-linux-gnu/libXi.so.6.1.0
7f41d61b3000-7f41d61b4000 r--p 0000e000 08:06 2237697                    /usr/lib/x86_64-linux-gnu/libXi.so.6.1.0
7f41d61b4000-7f41d61b5000 rw-p 0000f000 08:06 2237697                    /usr/lib/x86_64-linux-gnu/libXi.so.6.1.0
7f41d61b5000-7f41d61ba000 r-xp 00000000 08:06 2237715                    /usr/lib/x86_64-linux-gnu/libXtst.so.6.1.0
7f41d61ba000-7f41d63b9000 ---p 00005000 08:06 2237715                    /usr/lib/x86_64-linux-gnu/libXtst.so.6.1.0
7f41d63b9000-7f41d63ba000 r--p 00004000 08:06 2237715                    /usr/lib/x86_64-linux-gnu/libXtst.so.6.1.0
7f41d63ba000-7f41d63bb000 rw-p 00005000 08:06 2237715                    /usr/lib/x86_64-linux-gnu/libXtst.so.6.1.0
7f41d63bb000-7f41d63c4000 r-xp 00000000 08:06 2237709                    /usr/lib/x86_64-linux-gnu/libXrender.so.1.3.0
7f41d63c4000-7f41d65c3000 ---p 00009000 08:06 2237709                    /usr/lib/x86_64-linux-gnu/libXrender.so.1.3.0
7f41d65c3000-7f41d65c4000 r--p 00008000 08:06 2237709                    /usr/lib/x86_64-linux-gnu/libXrender.so.1.3.0
7f41d65c4000-7f41d65c5000 rw-p 00009000 08:06 2237709                    /usr/lib/x86_64-linux-gnu/libXrender.so.1.3.0
7f41d65c5000-7f41d66fa000 r-xp 00000000 08:06 2237672                    /usr/lib/x86_64-linux-gnu/libX11.so.6.3.0
7f41d66fa000-7f41d68fa000 ---p 00135000 08:06 2237672                    /usr/lib/x86_64-linux-gnu/libX11.so.6.3.0
7f41d68fa000-7f41d68fb000 r--p 00135000 08:06 2237672                    /usr/lib/x86_64-linux-gnu/libX11.so.6.3.0
7f41d68fb000-7f41d68ff000 rw-p 00136000 08:06 2237672                    /usr/lib/x86_64-linux-gnu/libX11.so.6.3.0
7f41d68ff000-7f41d6910000 r-xp 00000000 08:06 2237689                    /usr/lib/x86_64-linux-gnu/libXext.so.6.4.0
7f41d6910000-7f41d6b0f000 ---p 00011000 08:06 2237689                    /usr/lib/x86_64-linux-gnu/libXext.so.6.4.0
7f41d6b0f000-7f41d6b10000 r--p 00010000 08:06 2237689                    /usr/lib/x86_64-linux-gnu/libXext.so.6.4.0
7f41d6b10000-7f41d6b11000 rw-p 00011000 08:06 2237689                    /usr/lib/x86_64-linux-gnu/libXext.so.6.4.0
7f41d6b11000-7f41d6b65000 r-xp 00000000 08:06 2245068                    /usr/lib/jvm/java-8-openjdk-amd64/jre/lib/amd64/libawt_xawt.so
7f41d6b65000-7f41d6d65000 ---p 00054000 08:06 2245068                    /usr/lib/jvm/java-8-openjdk-amd64/jre/lib/amd64/libawt_xawt.so
7f41d6d65000-7f41d6d66000 r--p 00054000 08:06 2245068                    /usr/lib/jvm/java-8-openjdk-amd64/jre/lib/amd64/libawt_xawt.so
7f41d6d66000-7f41d6d69000 rw-p 00055000 08:06 2245068                    /usr/lib/jvm/java-8-openjdk-amd64/jre/lib/amd64/libawt_xawt.so
7f41d6d69000-7f41d6d6a000 rw-p 00000000 00:00 0 
7f41d6d6a000-7f41d6e0a000 r-xp 00000000 08:06 2245042                    /usr/lib/jvm/java-8-openjdk-amd64/jre/lib/amd64/libawt.so
7f41d6e0a000-7f41d700a000 ---p 000a0000 08:06 2245042                    /usr/lib/jvm/java-8-openjdk-amd64/jre/lib/amd64/libawt.so
7f41d700a000-7f41d700b000 r--p 000a0000 08:06 2245042                    /usr/lib/jvm/java-8-openjdk-amd64/jre/lib/amd64/libawt.so
7f41d700b000-7f41d7016000 rw-p 000a1000 08:06 2245042                    /usr/lib/jvm/java-8-openjdk-amd64/jre/lib/amd64/libawt.so
7f41d7016000-7f41d703b000 rw-p 00000000 00:00 0 
7f41d703b000-7f41d703c000 ---p 00000000 00:00 0 
7f41d703c000-7f41d713c000 rw-p 00000000 00:00 0 
7f41d713c000-7f41d713f000 ---p 00000000 00:00 0 
7f41d713f000-7f41d723d000 rw-p 00000000 00:00 0 
7f41d723d000-7f41d7240000 ---p 00000000 00:00 0 
7f41d7240000-7f41d733e000 rw-p 00000000 00:00 0 
7f41d733e000-7f41d7341000 ---p 00000000 00:00 0 
7f41d7341000-7f41d743f000 rw-p 00000000 00:00 0 
7f41d743f000-7f41d7442000 ---p 00000000 00:00 0 
7f41d7442000-7f41d7540000 rw-p 00000000 00:00 0 
7f41d7540000-7f41d7eff000 r--p 00000000 08:06 2236295                    /usr/lib/locale/locale-archive
7f41d7eff000-7f41d7f02000 ---p 00000000 00:00 0 
7f41d7f02000-7f41d8000000 rw-p 00000000 00:00 0 
7f41d8000000-7f41d8063000 rw-p 00000000 00:00 0 
7f41d8063000-7f41dc000000 ---p 00000000 00:00 0 
7f41dc000000-7f41dc049000 rw-p 00000000 00:00 0 
7f41dc049000-7f41e0000000 ---p 00000000 00:00 0 
7f41e0000000-7f41e0049000 rw-p 00000000 00:00 0 
7f41e0049000-7f41e4000000 ---p 00000000 00:00 0 
7f41e4009000-7f41e4027000 r-xp 00000000 08:06 2757251                    /lib/x86_64-linux-gnu/libudev.so.1.6.4
7f41e4027000-7f41e4028000 r--p 0001d000 08:06 2757251                    /lib/x86_64-linux-gnu/libudev.so.1.6.4
7f41e4028000-7f41e4029000 rw-p 0001e000 08:06 2757251                    /lib/x86_64-linux-gnu/libudev.so.1.6.4
7f41e4038000-7f41e4039000 rw-s 12627e000 00:06 252                       /dev/dri/card0
7f41e4039000-7f41e403a000 rw-s 12627d000 00:06 252                       /dev/dri/card0
7f41e403a000-7f41e403b000 rw-s 12627c000 00:06 252                       /dev/dri/card0
7f41e403f000-7f41e4040000 rw-s 10a530000 00:06 252                       /dev/dri/card0
7f41e4040000-7f41e4041000 rw-s 122850000 00:06 252                       /dev/dri/card0
7f41e4041000-7f41e4042000 rwxp 00000000 00:00 0 
7f41e4042000-7f41e4044000 r--s 00000000 08:06 1188783                    /home/ema/workspace/ucsdunfoldingmaps/lib/gluegen-rt-natives-linux-amd64.jar
7f41e4044000-7f41e4047000 ---p 00000000 00:00 0 
7f41e4047000-7f41e407d000 rw-p 00000000 00:00 0 
7f41e407d000-7f41e4081000 r--s 00097000 08:06 2245107                    /usr/lib/jvm/java-8-openjdk-amd64/jre/lib/jsse.jar
7f41e4081000-7f41e4094000 r--s 00345000 08:06 2245072                    /usr/lib/jvm/java-8-openjdk-amd64/jre/lib/resources.jar
7f41e4094000-7f41e409a000 r--s 00033000 08:06 1189873                    /home/ema/workspace/ucsdunfoldingmaps/lib/unfolding.0.9.7-uscd.jar
7f41e409a000-7f41e409f000 r--s 00309000 08:06 1189871                    /home/ema/workspace/ucsdunfoldingmaps/lib/sqlite-jdbc-3.7.2.jar
7f41e409f000-7f41e40c2000 r--s 002ec000 08:06 1189855                    /home/ema/workspace/ucsdunfoldingmaps/lib/jogl-all.jar
7f41e40c2000-7f41e40de000 r--s 00393000 08:06 2245098                    /usr/lib/jvm/java-8-openjdk-amd64/jre/lib/ext/cldrdata.jar
7f41e40de000-7f41e40f9000 r--s 001d7000 08:06 2245096                    /usr/lib/jvm/java-8-openjdk-amd64/jre/lib/ext/nashorn.jar
7f41e40f9000-7f41e40fc000 ---p 00000000 00:00 0 
7f41e40fc000-7f41e41fa000 rw-p 00000000 00:00 0 
7f41e41fa000-7f41e41fb000 ---p 00000000 00:00 0 
7f41e41fb000-7f41e5000000 rw-p 00000000 00:00 0 
7f41e5000000-7f41e5890000 rwxp 00000000 00:00 0 
7f41e5890000-7f41f4000000 ---p 00000000 00:00 0 
7f41f4000000-7f41f4336000 rw-p 00000000 00:00 0 
7f41f4336000-7f41f8000000 ---p 00000000 00:00 0 
7f41f8000000-7f41f8001000 r--s 0002f000 08:06 1188886                    /home/ema/workspace/ucsdunfoldingmaps/lib/jogl-all-natives-linux-amd64.jar
7f41f8001000-7f41f8002000 r--p 00000000 00:00 0 
7f41f8002000-7f41f8003000 r--s 00005000 08:06 1189858                    /home/ema/workspace/ucsdunfoldingmaps/lib/libTUIO.jar
7f41f8003000-7f41f8004000 r--s 00007000 08:06 1189857                    /home/ema/workspace/ucsdunfoldingmaps/lib/json4processing.jar
7f41f8004000-7f41f800b000 r--s 00059000 08:06 1189863                    /home/ema/workspace/ucsdunfoldingmaps/lib/log4j-1.2.15.jar
7f41f800b000-7f41f8011000 r--s 00041000 08:06 1188883                    /home/ema/workspace/ucsdunfoldingmaps/lib/gluegen-rt.jar
7f41f8011000-7f41f8015000 r--s 0009a000 08:06 1188737                    /home/ema/workspace/ucsdunfoldingmaps/lib/core.jar
7f41f8015000-7f41f8018000 r--s 0000f000 08:06 2245103                    /usr/lib/jvm/java-8-openjdk-amd64/jre/lib/ext/icedtea-sound.jar
7f41f8018000-7f41f801a000 r--s 00001000 08:06 2245097                    /usr/lib/jvm/java-8-openjdk-amd64/jre/lib/ext/dnsns.jar
7f41f801a000-7f41f848c000 rw-p 00000000 00:00 0 
7f41f848c000-7f41f865a000 r--s 03beb000 08:06 2245084                    /usr/lib/jvm/java-8-openjdk-amd64/jre/lib/rt.jar
7f41f865a000-7f41fa3e6000 rw-p 00000000 00:00 0 
7f41fa3e6000-7f41fa3e7000 ---p 00000000 00:00 0 
7f41fa3e7000-7f41fa4e7000 rw-p 00000000 00:00 0 
7f41fa4e7000-7f41fa4e8000 ---p 00000000 00:00 0 
7f41fa4e8000-7f41fa5ff000 rw-p 00000000 00:00 0 
7f41fa5ff000-7f41fa70c000 ---p 00000000 00:00 0 
7f41fa70c000-7f41fa723000 rw-p 00000000 00:00 0 
7f41fa723000-7f41fa830000 ---p 00000000 00:00 0 
7f41fa830000-7f41fa858000 rw-p 00000000 00:00 0 
7f41fa858000-7f41fa8c2000 ---p 00000000 00:00 0 
7f41fa8c2000-7f41fa8e6000 rw-p 00000000 00:00 0 
7f41fa8e6000-7f41fac83000 ---p 00000000 00:00 0 
7f41fac83000-7f41fac8b000 r-xp 00000000 08:06 2245052                    /usr/lib/jvm/java-8-openjdk-amd64/jre/lib/amd64/libzip.so
7f41fac8b000-7f41fae8a000 ---p 00008000 08:06 2245052                    /usr/lib/jvm/java-8-openjdk-amd64/jre/lib/amd64/libzip.so
7f41fae8a000-7f41fae8b000 r--p 00007000 08:06 2245052                    /usr/lib/jvm/java-8-openjdk-amd64/jre/lib/amd64/libzip.so
7f41fae8b000-7f41fae8c000 rw-p 00008000 08:06 2245052                    /usr/lib/jvm/java-8-openjdk-amd64/jre/lib/amd64/libzip.so
7f41fae8c000-7f41fae97000 r-xp 00000000 08:06 2757750                    /lib/x86_64-linux-gnu/libnss_files-2.23.so
7f41fae97000-7f41fb096000 ---p 0000b000 08:06 2757750                    /lib/x86_64-linux-gnu/libnss_files-2.23.so
7f41fb096000-7f41fb097000 r--p 0000a000 08:06 2757750                    /lib/x86_64-linux-gnu/libnss_files-2.23.so
7f41fb097000-7f41fb098000 rw-p 0000b000 08:06 2757750                    /lib/x86_64-linux-gnu/libnss_files-2.23.so
7f41fb098000-7f41fb09e000 rw-p 00000000 00:00 0 
7f41fb09e000-7f41fb0a9000 r-xp 00000000 08:06 2757760                    /lib/x86_64-linux-gnu/libnss_nis-2.23.so
7f41fb0a9000-7f41fb2a8000 ---p 0000b000 08:06 2757760                    /lib/x86_64-linux-gnu/libnss_nis-2.23.so
7f41fb2a8000-7f41fb2a9000 r--p 0000a000 08:06 2757760                    /lib/x86_64-linux-gnu/libnss_nis-2.23.so
7f41fb2a9000-7f41fb2aa000 rw-p 0000b000 08:06 2757760                    /lib/x86_64-linux-gnu/libnss_nis-2.23.so
7f41fb2aa000-7f41fb2c0000 r-xp 00000000 08:06 2757744                    /lib/x86_64-linux-gnu/libnsl-2.23.so
7f41fb2c0000-7f41fb4bf000 ---p 00016000 08:06 2757744                    /lib/x86_64-linux-gnu/libnsl-2.23.so
7f41fb4bf000-7f41fb4c0000 r--p 00015000 08:06 2757744                    /lib/x86_64-linux-gnu/libnsl-2.23.so
7f41fb4c0000-7f41fb4c1000 rw-p 00016000 08:06 2757744                    /lib/x86_64-linux-gnu/libnsl-2.23.so
7f41fb4c1000-7f41fb4c3000 rw-p 00000000 00:00 0 
7f41fb4c3000-7f41fb4cb000 r-xp 00000000 08:06 2757746                    /lib/x86_64-linux-gnu/libnss_compat-2.23.so
7f41fb4cb000-7f41fb6ca000 ---p 00008000 08:06 2757746                    /lib/x86_64-linux-gnu/libnss_compat-2.23.so
7f41fb6ca000-7f41fb6cb000 r--p 00007000 08:06 2757746                    /lib/x86_64-linux-gnu/libnss_compat-2.23.so
7f41fb6cb000-7f41fb6cc000 rw-p 00008000 08:06 2757746                    /lib/x86_64-linux-gnu/libnss_compat-2.23.so
7f41fb6cc000-7f41fb6f9000 r-xp 00000000 08:06 2242887                    /usr/lib/jvm/java-8-openjdk-amd64/jre/lib/amd64/libjava.so
7f41fb6f9000-7f41fb8f8000 ---p 0002d000 08:06 2242887                    /usr/lib/jvm/java-8-openjdk-amd64/jre/lib/amd64/libjava.so
7f41fb8f8000-7f41fb8f9000 r--p 0002c000 08:06 2242887                    /usr/lib/jvm/java-8-openjdk-amd64/jre/lib/amd64/libjava.so
7f41fb8f9000-7f41fb8fb000 rw-p 0002d000 08:06 2242887                    /usr/lib/jvm/java-8-openjdk-amd64/jre/lib/amd64/libjava.so
7f41fb8fb000-7f41fb90a000 r-xp 00000000 08:06 2245038                    /usr/lib/jvm/java-8-openjdk-amd64/jre/lib/amd64/libverify.so
7f41fb90a000-7f41fbb09000 ---p 0000f000 08:06 2245038                    /usr/lib/jvm/java-8-openjdk-amd64/jre/lib/amd64/libverify.so
7f41fbb09000-7f41fbb0b000 r--p 0000e000 08:06 2245038                    /usr/lib/jvm/java-8-openjdk-amd64/jre/lib/amd64/libverify.so
7f41fbb0b000-7f41fbb0c000 rw-p 00010000 08:06 2245038                    /usr/lib/jvm/java-8-openjdk-amd64/jre/lib/amd64/libverify.so
7f41fbb0c000-7f41fbb13000 r-xp 00000000 08:06 2757805                    /lib/x86_64-linux-gnu/librt-2.23.so
7f41fbb13000-7f41fbd12000 ---p 00007000 08:06 2757805                    /lib/x86_64-linux-gnu/librt-2.23.so
7f41fbd12000-7f41fbd13000 r--p 00006000 08:06 2757805                    /lib/x86_64-linux-gnu/librt-2.23.so
7f41fbd13000-7f41fbd14000 rw-p 00007000 08:06 2757805                    /lib/x86_64-linux-gnu/librt-2.23.so
7f41fbd14000-7f41fbd2a000 r-xp 00000000 08:06 2757689                    /lib/x86_64-linux-gnu/libgcc_s.so.1
7f41fbd2a000-7f41fbf29000 ---p 00016000 08:06 2757689                    /lib/x86_64-linux-gnu/libgcc_s.so.1
7f41fbf29000-7f41fbf2a000 rw-p 00015000 08:06 2757689                    /lib/x86_64-linux-gnu/libgcc_s.so.1
7f41fbf2a000-7f41fc032000 r-xp 00000000 08:06 2757721                    /lib/x86_64-linux-gnu/libm-2.23.so
7f41fc032000-7f41fc231000 ---p 00108000 08:06 2757721                    /lib/x86_64-linux-gnu/libm-2.23.so
7f41fc231000-7f41fc232000 r--p 00107000 08:06 2757721                    /lib/x86_64-linux-gnu/libm-2.23.so
7f41fc232000-7f41fc233000 rw-p 00108000 08:06 2757721                    /lib/x86_64-linux-gnu/libm-2.23.so
7f41fc233000-7f41fc3a5000 r-xp 00000000 08:06 2230402                    /usr/lib/x86_64-linux-gnu/libstdc++.so.6.0.21
7f41fc3a5000-7f41fc5a5000 ---p 00172000 08:06 2230402                    /usr/lib/x86_64-linux-gnu/libstdc++.so.6.0.21
7f41fc5a5000-7f41fc5af000 r--p 00172000 08:06 2230402                    /usr/lib/x86_64-linux-gnu/libstdc++.so.6.0.21
7f41fc5af000-7f41fc5b1000 rw-p 0017c000 08:06 2230402                    /usr/lib/x86_64-linux-gnu/libstdc++.so.6.0.21
7f41fc5b1000-7f41fc5b5000 rw-p 00000000 00:00 0 
7f41fc5b5000-7f41fd1fb000 r-xp 00000000 08:06 2245050                    /usr/lib/jvm/java-8-openjdk-amd64/jre/lib/amd64/server/libjvm.so
7f41fd1fb000-7f41fd3fb000 ---p 00c46000 08:06 2245050                    /usr/lib/jvm/java-8-openjdk-amd64/jre/lib/amd64/server/libjvm.so
7f41fd3fb000-7f41fd48e000 r--p 00c46000 08:06 2245050                    /usr/lib/jvm/java-8-openjdk-amd64/jre/lib/amd64/server/libjvm.so
7f41fd48e000-7f41fd4b6000 rw-p 00cd9000 08:06 2245050                    /usr/lib/jvm/java-8-openjdk-amd64/jre/lib/amd64/server/libjvm.so
7f41fd4b6000-7f41fd4e6000 rw-p 00000000 00:00 0 
7f41fd4e6000-7f41fd4fe000 r-xp 00000000 08:06 2757797                    /lib/x86_64-linux-gnu/libpthread-2.23.so
7f41fd4fe000-7f41fd6fd000 ---p 00018000 08:06 2757797                    /lib/x86_64-linux-gnu/libpthread-2.23.so
7f41fd6fd000-7f41fd6fe000 r--p 00017000 08:06 2757797                    /lib/x86_64-linux-gnu/libpthread-2.23.so
7f41fd6fe000-7f41fd6ff000 rw-p 00018000 08:06 2757797                    /lib/x86_64-linux-gnu/libpthread-2.23.so
7f41fd6ff000-7f41fd703000 rw-p 00000000 00:00 0 
7f41fd703000-7f41fd706000 r-xp 00000000 08:06 2757675                    /lib/x86_64-linux-gnu/libdl-2.23.so
7f41fd706000-7f41fd905000 ---p 00003000 08:06 2757675                    /lib/x86_64-linux-gnu/libdl-2.23.so
7f41fd905000-7f41fd906000 r--p 00002000 08:06 2757675                    /lib/x86_64-linux-gnu/libdl-2.23.so
7f41fd906000-7f41fd907000 rw-p 00003000 08:06 2757675                    /lib/x86_64-linux-gnu/libdl-2.23.so
7f41fd907000-7f41fd920000 r-xp 00000000 08:06 2757842                    /lib/x86_64-linux-gnu/libz.so.1.2.8
7f41fd920000-7f41fdb1f000 ---p 00019000 08:06 2757842                    /lib/x86_64-linux-gnu/libz.so.1.2.8
7f41fdb1f000-7f41fdb20000 r--p 00018000 08:06 2757842                    /lib/x86_64-linux-gnu/libz.so.1.2.8
7f41fdb20000-7f41fdb21000 rw-p 00019000 08:06 2757842                    /lib/x86_64-linux-gnu/libz.so.1.2.8
7f41fdb21000-7f41fdce1000 r-xp 00000000 08:06 2757651                    /lib/x86_64-linux-gnu/libc-2.23.so
7f41fdce1000-7f41fdee0000 ---p 001c0000 08:06 2757651                    /lib/x86_64-linux-gnu/libc-2.23.so
7f41fdee0000-7f41fdee4000 r--p 001bf000 08:06 2757651                    /lib/x86_64-linux-gnu/libc-2.23.so
7f41fdee4000-7f41fdee6000 rw-p 001c3000 08:06 2757651                    /lib/x86_64-linux-gnu/libc-2.23.so
7f41fdee6000-7f41fdeea000 rw-p 00000000 00:00 0 
7f41fdeea000-7f41fdef7000 r-xp 00000000 08:06 2245066                    /usr/lib/jvm/java-8-openjdk-amd64/jre/lib/amd64/jli/libjli.so
7f41fdef7000-7f41fe0f7000 ---p 0000d000 08:06 2245066                    /usr/lib/jvm/java-8-openjdk-amd64/jre/lib/amd64/jli/libjli.so
7f41fe0f7000-7f41fe0f8000 r--p 0000d000 08:06 2245066                    /usr/lib/jvm/java-8-openjdk-amd64/jre/lib/amd64/jli/libjli.so
7f41fe0f8000-7f41fe0f9000 rw-p 0000e000 08:06 2245066                    /usr/lib/jvm/java-8-openjdk-amd64/jre/lib/amd64/jli/libjli.so
7f41fe0f9000-7f41fe11f000 r-xp 00000000 08:06 2757623                    /lib/x86_64-linux-gnu/ld-2.23.so
7f41fe11f000-7f41fe120000 r--s 00010000 08:06 2245101                    /usr/lib/jvm/java-8-openjdk-amd64/jre/lib/ext/zipfs.jar
7f41fe120000-7f41fe121000 r--s 00008000 08:06 2245099                    /usr/lib/jvm/java-8-openjdk-amd64/jre/lib/ext/sunec.jar
7f41fe121000-7f41fe126000 r--s 0003b000 08:06 2245102                    /usr/lib/jvm/java-8-openjdk-amd64/jre/lib/ext/sunjce_provider.jar
7f41fe126000-7f41fe1fd000 rw-p 00000000 00:00 0 
7f41fe1fd000-7f41fe200000 ---p 00000000 00:00 0 
7f41fe200000-7f41fe303000 rw-p 00000000 00:00 0 
7f41fe303000-7f41fe304000 r--s 0000a000 08:06 2245100                    /usr/lib/jvm/java-8-openjdk-amd64/jre/lib/ext/jaccess.jar
7f41fe304000-7f41fe308000 r--s 00037000 08:06 2245105                    /usr/lib/jvm/java-8-openjdk-amd64/jre/lib/ext/sunpkcs11.jar
7f41fe308000-7f41fe312000 r--s 00116000 08:06 2245104                    /usr/lib/jvm/java-8-openjdk-amd64/jre/lib/ext/localedata.jar
7f41fe312000-7f41fe31a000 rw-s 00000000 08:06 2097177                    /tmp/hsperfdata_ema/10945
7f41fe31a000-7f41fe31b000 rw-p 00000000 00:00 0 
7f41fe31b000-7f41fe31c000 r--p 00000000 00:00 0 
7f41fe31c000-7f41fe31e000 rw-p 00000000 00:00 0 
7f41fe31e000-7f41fe31f000 r--p 00025000 08:06 2757623                    /lib/x86_64-linux-gnu/ld-2.23.so
7f41fe31f000-7f41fe320000 rw-p 00026000 08:06 2757623                    /lib/x86_64-linux-gnu/ld-2.23.so
7f41fe320000-7f41fe321000 rw-p 00000000 00:00 0 
7fff0a96f000-7fff0a990000 rw-p 00000000 00:00 0                          [stack]
7fff0a995000-7fff0a997000 r--p 00000000 00:00 0                          [vvar]
7fff0a997000-7fff0a999000 r-xp 00000000 00:00 0                          [vdso]
ffffffffff600000-ffffffffff601000 r-xp 00000000 00:00 0                  [vsyscall]

VM Arguments:
jvm_args: -Djava.security.policy=java.policy.applet -Dfile.encoding=UTF-8 
java_command: sun.applet.AppletViewer module4.EarthquakeCityMap1476528899397.html
java_class_path (initial): /home/ema/workspace/ucsdunfoldingmaps/build:/home/ema/workspace/ucsdunfoldingmaps/lib/core.jar:/home/ema/workspace/ucsdunfoldingmaps/lib/gluegen-rt.jar:/home/ema/workspace/ucsdunfoldingmaps/lib/jogl-all.jar:/home/ema/workspace/ucsdunfoldingmaps/lib/log4j-1.2.15.jar:/home/ema/workspace/ucsdunfoldingmaps/lib/sqlite-jdbc-3.7.2.jar:/home/ema/workspace/ucsdunfoldingmaps/lib/json4processing.jar:/home/ema/workspace/ucsdunfoldingmaps/lib/libTUIO.jar:/home/ema/workspace/ucsdunfoldingmaps/lib/unfolding.0.9.7-uscd.jar
Launcher Type: SUN_STANDARD

Environment Variables:
PATH=/home/ema/bin:/home/ema/.local/bin:/usr/local/sbin:/usr/local/bin:/usr/sbin:/usr/bin:/sbin:/bin:/usr/games:/usr/local/games:/snap/bin
SHELL=/bin/bash
DISPLAY=:0

Signal Handlers:
SIGSEGV: [libjvm.so+0xa5e970], sa_mask[0]=11111111011111111101111111111110, sa_flags=SA_RESTART|SA_SIGINFO
SIGBUS: [libjvm.so+0xa5e970], sa_mask[0]=11111111011111111101111111111110, sa_flags=SA_RESTART|SA_SIGINFO
SIGFPE: [libjvm.so+0x8a9ff0], sa_mask[0]=11111111011111111101111111111110, sa_flags=SA_RESTART|SA_SIGINFO
SIGPIPE: [libjvm.so+0x8a9ff0], sa_mask[0]=11111111011111111101111111111110, sa_flags=SA_RESTART|SA_SIGINFO
SIGXFSZ: [libjvm.so+0x8a9ff0], sa_mask[0]=11111111011111111101111111111110, sa_flags=SA_RESTART|SA_SIGINFO
SIGILL: [libjvm.so+0x8a9ff0], sa_mask[0]=11111111011111111101111111111110, sa_flags=SA_RESTART|SA_SIGINFO
SIGUSR1: SIG_DFL, sa_mask[0]=00000000000000000000000000000000, sa_flags=none
SIGUSR2: [libjvm.so+0x8a9ea0], sa_mask[0]=00100000000000000000000000000000, sa_flags=SA_RESTART|SA_SIGINFO
SIGHUP: [libjvm.so+0x8aa370], sa_mask[0]=11111111011111111101111111111110, sa_flags=SA_RESTART|SA_SIGINFO
SIGINT: [libjvm.so+0x8aa370], sa_mask[0]=11111111011111111101111111111110, sa_flags=SA_RESTART|SA_SIGINFO
SIGTERM: [libjvm.so+0x8aa370], sa_mask[0]=11111111011111111101111111111110, sa_flags=SA_RESTART|SA_SIGINFO
SIGQUIT: [libjvm.so+0x8aa370], sa_mask[0]=11111111011111111101111111111110, sa_flags=SA_RESTART|SA_SIGINFO


---------------  S Y S T E M  ---------------

OS:DISTRIB_ID=Ubuntu
DISTRIB_RELEASE=16.04
DISTRIB_CODENAME=xenial
DISTRIB_DESCRIPTION="Ubuntu 16.04.1 LTS"

uname:Linux 4.4.0-38-generic #57-Ubuntu SMP Tue Sep 6 15:42:33 UTC 2016 x86_64
libc:glibc 2.23 NPTL 2.23 
rlimit: STACK 8192k, CORE 0k, NPROC 13510, NOFILE 65536, AS infinity
load average:1,14 2,20 1,96

/proc/meminfo:
MemTotal:        3582816 kB
MemFree:          261136 kB
MemAvailable:    1198640 kB
Buffers:           81192 kB
Cached:          1033404 kB
SwapCached:         2536 kB
Active:          2167840 kB
Inactive:         890060 kB
Active(anon):    1484752 kB
Inactive(anon):   498028 kB
Active(file):     683088 kB
Inactive(file):   392032 kB
Unevictable:          48 kB
Mlocked:              48 kB
SwapTotal:       4095996 kB
SwapFree:        4070964 kB
Dirty:              1420 kB
Writeback:             0 kB
AnonPages:       1941164 kB
Mapped:           221296 kB
Shmem:             39476 kB
Slab:             162464 kB
SReclaimable:     124384 kB
SUnreclaim:        38080 kB
KernelStack:        9696 kB
PageTables:        33656 kB
NFS_Unstable:          0 kB
Bounce:                0 kB
WritebackTmp:          0 kB
CommitLimit:     5887404 kB
Committed_AS:    5859340 kB
VmallocTotal:   34359738367 kB
VmallocUsed:           0 kB
VmallocChunk:          0 kB
HardwareCorrupted:     0 kB
AnonHugePages:    839680 kB
CmaTotal:              0 kB
CmaFree:               0 kB
HugePages_Total:       0
HugePages_Free:        0
HugePages_Rsvd:        0
HugePages_Surp:        0
Hugepagesize:       2048 kB
DirectMap4k:      312572 kB
DirectMap2M:     3411968 kB
DirectMap1G:           0 kB


CPU:total 2 (2 cores per cpu, 1 threads per core) family 20 model 2 stepping 0, cmov, cx8, fxsr, mmx, sse, sse2, sse3, ssse3, popcnt, mmxext, lzcnt, sse4a, tsc, tscinvbit, tscinv

/proc/cpuinfo:
processor	: 0
vendor_id	: AuthenticAMD
cpu family	: 20
model		: 2
model name	: AMD E2-1800 APU with Radeon(tm) HD Graphics
stepping	: 0
microcode	: 0x500010d
cpu MHz		: 850.000
cache size	: 512 KB
physical id	: 0
siblings	: 2
core id		: 0
cpu cores	: 2
apicid		: 0
initial apicid	: 0
fpu		: yes
fpu_exception	: yes
cpuid level	: 6
wp		: yes
flags		: fpu vme de pse tsc msr pae mce cx8 apic sep mtrr pge mca cmov pat pse36 clflush mmx fxsr sse sse2 ht syscall nx mmxext fxsr_opt pdpe1gb rdtscp lm constant_tsc rep_good nopl nonstop_tsc extd_apicid aperfmperf pni monitor ssse3 cx16 popcnt lahf_lm cmp_legacy svm extapic cr8_legacy abm sse4a misalignsse 3dnowprefetch ibs skinit wdt hw_pstate vmmcall arat npt lbrv svm_lock nrip_save pausefilter
bugs		: fxsave_leak sysret_ss_attrs
bogomips	: 3393.81
TLB size	: 1024 4K pages
clflush size	: 64
cache_alignment	: 64
address sizes	: 36 bits physical, 48 bits virtual
power management: ts ttp tm stc 100mhzsteps hwpstate

processor	: 1
vendor_id	: AuthenticAMD
cpu family	: 20
model		: 2
model name	: AMD E2-1800 APU with Radeon(tm) HD Graphics
stepping	: 0
microcode	: 0x500010d
cpu MHz		: 1700.000
cache size	: 512 KB
physical id	: 0
siblings	: 2
core id		: 1
cpu cores	: 2
apicid		: 1
initial apicid	: 1
fpu		: yes
fpu_exception	: yes
cpuid level	: 6
wp		: yes
flags		: fpu vme de pse tsc msr pae mce cx8 apic sep mtrr pge mca cmov pat pse36 clflush mmx fxsr sse sse2 ht syscall nx mmxext fxsr_opt pdpe1gb rdtscp lm constant_tsc rep_good nopl nonstop_tsc extd_apicid aperfmperf pni monitor ssse3 cx16 popcnt lahf_lm cmp_legacy svm extapic cr8_legacy abm sse4a misalignsse 3dnowprefetch ibs skinit wdt hw_pstate vmmcall arat npt lbrv svm_lock nrip_save pausefilter
bugs		: fxsave_leak sysret_ss_attrs
bogomips	: 3393.81
TLB size	: 1024 4K pages
clflush size	: 64
cache_alignment	: 64
address sizes	: 36 bits physical, 48 bits virtual
power management: ts ttp tm stc 100mhzsteps hwpstate



Memory: 4k page, physical 3582816k(261136k free), swap 4095996k(4070964k free)

vm_info: OpenJDK 64-Bit Server VM (25.91-b14) for linux-amd64 JRE (1.8.0_91-8u91-b14-3ubuntu1~16.04.1-b14), built on Jul 21 2016 04:13:34 by "buildd" with gcc 5.3.1 20160413

time: Sat Oct 15 12:55:23 2016
elapsed time: 23 seconds (0d 0h 0m 23s)

