#
# A fatal error has been detected by the Java Runtime Environment:
#
#  SIGSEGV (0xb) at pc=0x00007f5ff5b64987, pid=24464, tid=0x00007f60229b3700
#
# JRE version: Java(TM) SE Runtime Environment (8.0_92-b14) (build 1.8.0_92-b14)
# Java VM: Java HotSpot(TM) 64-Bit Server VM (25.92-b14 mixed mode linux-amd64 compressed oops)
# Problematic frame:
# C  [nouveau_dri.so+0x29e987]
#
# Failed to write core dump. Core dumps have been disabled. To enable core dumping, try "ulimit -c unlimited" before starting Java again
#
# If you would like to submit a bug report, please visit:
#   http://bugreport.java.com/bugreport/crash.jsp
# The crash happened outside the Java Virtual Machine in native code.
# See problematic frame for where to report the bug.
#

---------------  T H R E A D  ---------------

Current thread (0x00007f6014008800):  JavaThread "AWT-EventQueue-1" [_thread_in_native, id=24495, stack(0x00007f60228b3000,0x00007f60229b4000)]

siginfo: si_signo: 11 (SIGSEGV), si_code: 1 (SEGV_MAPERR), si_addr: 0x000000000000c030

Registers:
RAX=0x0000000000000000, RBX=0x00007f60000b7d00, RCX=0x0000000000000000, RDX=0x0000000000000001
RSP=0x00007f60229b15b0, RBP=0x000000000000c000, RSI=0x00007f60000b85b0, RDI=0x0000000100000000
R8 =0x0000000000000000, R9 =0x00007f6021203c60, R10=0x00007f60710157e8, R11=0x00007f6085f55cf0
R12=0x0000000000000001, R13=0x00007f6004160160, R14=0x0000000000000000, R15=0x0000000000000001
RIP=0x00007f5ff5b64987, EFLAGS=0x0000000000010202, CSGSFS=0x0000000000000033, ERR=0x0000000000000004
  TRAPNO=0x000000000000000e

Top of Stack: (sp=0x00007f60229b15b0)
0x00007f60229b15b0:   00007f6050a252d0 0000000000000000
0x00007f60229b15c0:   00007f60229b15e8 947a59d91bbe1900
0x00007f60229b15d0:   00007f6071007dd0 00007f60000b7bd0
0x00007f60229b15e0:   0000000000000000 00007f6004160450
0x00007f60229b15f0:   00007f6004160160 00007f6004160600
0x00007f60229b1600:   0000000000000000 00007f6021203d02
0x00007f60229b1610:   00007f60229b1640 00007f6000000000
0x00007f60229b1620:   0000000000000000 0000000000000000
0x00007f60229b1630:   0000000004a0004d 00007f60211d5bf1
0x00007f60229b1640:   00007f60000b7bd0 947a59d91bbe1900
0x00007f60229b1650:   0000000004a0004d 00007f60214d2350
0x00007f60229b1660:   00007f60229b16d0 0000000000000000
0x00007f60229b1670:   00007f60214d2350 00007f60229b17a0
0x00007f60229b1680:   00007f6014008800 00007f5ff77d1849
0x00007f60229b1690:   0000000000000000 00007f60211d5c20
0x00007f60229b16a0:   0000000004a0004d 00007f6004156d50
0x00007f60229b16b0:   00007f60229b1768 00007f60140089f8
0x00007f60229b16c0:   00000000e155ec00 00007f60211d5c20
0x00007f60229b16d0:   00007f60229b1758 00007f6071015814
0x00007f60229b16e0:   00007f60215c88a0 0000000000000000
0x00007f60229b16f0:   00007f60215c8138 0000000000000000
0x00007f60229b1700:   00007f60229b1718 00007f60229b1768
0x00007f60229b1710:   00007f6071007dd0 00007f60229b1718
0x00007f60229b1720:   0000000000000000 00007f60229b17a0
0x00007f60229b1730:   00007f60214d39f0 0000000000000000
0x00007f60229b1740:   00007f60214d2350 0000000000000000
0x00007f60229b1750:   00007f60229b1778 00007f60229b17e8
0x00007f60229b1760:   00007f60710082bd 00000000a31702d8
0x00007f60229b1770:   00007f6071011538 00007f60211d5c20
0x00007f60229b1780:   00007f602252ee08 0000000004a0004d
0x00007f60229b1790:   00007f60214d7ce8 00007f6004156d50
0x00007f60229b17a0:   00000000a3170610 00007f60229b17a8 

Instructions: (pc=0x00007f5ff5b64987)
0x00007f5ff5b64967:   00 41 f6 c4 01 c6 44 24 0f 00 0f 84 c9 00 00 00
0x00007f5ff5b64977:   48 8b b3 30 01 00 00 48 85 f6 0f 84 b9 00 00 00
0x00007f5ff5b64987:   48 8b 55 30 45 85 f6 4c 8b 6a 18 0f 85 40 02 00
0x00007f5ff5b64997:   00 83 7b 38 01 0f 8e 36 02 00 00 48 8b 93 68 01 

Register to memory mapping:

RAX=0x0000000000000000 is an unknown value
RBX=0x00007f60000b7d00 is an unknown value
RCX=0x0000000000000000 is an unknown value
RDX=0x0000000000000001 is an unknown value
RSP=0x00007f60229b15b0 is pointing into the stack for thread: 0x00007f6014008800
RBP=0x000000000000c000 is an unknown value
RSI=0x00007f60000b85b0 is an unknown value
RDI=0x0000000100000000 is pointing into metadata
R8 =0x0000000000000000 is an unknown value
R9 =0x00007f6021203c60: <offset 0x4ac60> in /usr/lib/x86_64-linux-gnu/mesa/libGL.so.1 at 0x00007f60211b9000
R10=0x00007f60710157e8 is at code_begin+808 in an Interpreter codelet
method entry point (kind = native)  [0x00007f60710154c0, 0x00007f6071015dc0]  2304 bytes
R11=0x00007f6085f55cf0: <offset 0x9bccf0> in /home/ema/Scaricati/jdk1.8.0_92/jre/lib/amd64/server/libjvm.so at 0x00007f6085599000
R12=0x0000000000000001 is an unknown value
R13=0x00007f6004160160 is an unknown value
R14=0x0000000000000000 is an unknown value
R15=0x0000000000000001 is an unknown value


Stack: [0x00007f60228b3000,0x00007f60229b4000],  sp=0x00007f60229b15b0,  free space=1017k
Native frames: (J=compiled Java code, j=interpreted, Vv=VM code, C=native code)
C  [nouveau_dri.so+0x29e987]

Java frames: (J=compiled Java code, j=interpreted, Vv=VM code)
j  jogamp.opengl.x11.glx.GLX.dispatch_glXSwapBuffers0(JJJ)V+0
j  jogamp.opengl.x11.glx.GLX.glXSwapBuffers(JJ)V+41
j  jogamp.opengl.x11.glx.X11GLXDrawable.swapBuffersImpl(Z)V+17
j  jogamp.opengl.GLDrawableImpl.swapBuffers()V+67
j  javax.media.opengl.awt.GLCanvas$12.run()V+45
j  java.awt.event.InvocationEvent.dispatch()V+11
j  java.awt.EventQueue.dispatchEventImpl(Ljava/awt/AWTEvent;Ljava/lang/Object;)V+21
j  java.awt.EventQueue.access$500(Ljava/awt/EventQueue;Ljava/awt/AWTEvent;Ljava/lang/Object;)V+3
j  java.awt.EventQueue$3.run()Ljava/lang/Void;+32
j  java.awt.EventQueue$3.run()Ljava/lang/Object;+1
v  ~StubRoutines::call_stub
J 458  java.security.AccessController.doPrivileged(Ljava/security/PrivilegedAction;Ljava/security/AccessControlContext;)Ljava/lang/Object; (0 bytes) @ 0x00007f607120a663 [0x00007f607120a600+0x63]
j  java.security.ProtectionDomain$JavaSecurityAccessImpl.doIntersectionPrivilege(Ljava/security/PrivilegedAction;Ljava/security/AccessControlContext;Ljava/security/AccessControlContext;)Ljava/lang/Object;+18
j  java.awt.EventQueue.dispatchEvent(Ljava/awt/AWTEvent;)V+46
j  java.awt.EventDispatchThread.pumpOneEventForFilters(I)V+245
j  java.awt.EventDispatchThread.pumpEventsForFilter(ILjava/awt/Conditional;Ljava/awt/EventFilter;)V+35
j  java.awt.EventDispatchThread.pumpEventsForHierarchy(ILjava/awt/Conditional;Ljava/awt/Component;)V+11
j  java.awt.EventDispatchThread.pumpEvents(ILjava/awt/Conditional;)V+4
j  java.awt.EventDispatchThread.pumpEvents(Ljava/awt/Conditional;)V+3
j  java.awt.EventDispatchThread.run()V+9
v  ~StubRoutines::call_stub

---------------  P R O C E S S  ---------------

Java Threads: ( => current thread )
  0x00007f60005c2000 JavaThread "Thread-19" [_thread_blocked, id=24524, stack(0x00007f5ff096d000,0x00007f5ff0a6e000)]
  0x00007f6040001000 JavaThread "Keep-Alive-Timer" daemon [_thread_blocked, id=24523, stack(0x00007f5ff0c5f000,0x00007f5ff0d60000)]
  0x00007f6004147000 JavaThread "Animation Thread-SharedResourceRunner" daemon [_thread_blocked, id=24505, stack(0x00007f602228b000,0x00007f602238c000)]
  0x00007f60040b8800 JavaThread "process reaper" daemon [_thread_blocked, id=24500, stack(0x00007f6048003000,0x00007f604803c000)]
  0x00007f601400f000 JavaThread "Animation Thread" [_thread_blocked, id=24496, stack(0x00007f60225b2000,0x00007f60226b3000)]
=>0x00007f6014008800 JavaThread "AWT-EventQueue-1" [_thread_in_native, id=24495, stack(0x00007f60228b3000,0x00007f60229b4000)]
  0x00007f608000a000 JavaThread "DestroyJavaVM" [_thread_blocked, id=24466, stack(0x00007f6087079000,0x00007f608717a000)]
  0x00007f60802be000 JavaThread "AWT-EventQueue-0" [_thread_blocked, id=24493, stack(0x00007f602335d000,0x00007f602345e000)]
  0x00007f60802b9800 JavaThread "AWT-Shutdown" [_thread_blocked, id=24492, stack(0x00007f602345e000,0x00007f602355f000)]
  0x00007f60802a6000 JavaThread "thread applet-module4.EarthquakeCityMap.class" [_thread_blocked, id=24491, stack(0x00007f602355f000,0x00007f6023660000)]
  0x00007f6080299800 JavaThread "AWT-XAWT" daemon [_thread_blocked, id=24489, stack(0x00007f6023660000,0x00007f6023761000)]
  0x00007f6080273800 JavaThread "Java2D Disposer" daemon [_thread_blocked, id=24488, stack(0x00007f604803c000,0x00007f604813d000)]
  0x00007f60800d4000 JavaThread "Service Thread" daemon [_thread_blocked, id=24486, stack(0x00007f60498fd000,0x00007f60499fe000)]
  0x00007f60800c9000 JavaThread "C1 CompilerThread3" daemon [_thread_blocked, id=24485, stack(0x00007f60499fe000,0x00007f6049aff000)]
  0x00007f60800c6800 JavaThread "C2 CompilerThread2" daemon [_thread_blocked, id=24484, stack(0x00007f6049aff000,0x00007f6049c00000)]
  0x00007f60800c5000 JavaThread "C2 CompilerThread1" daemon [_thread_blocked, id=24483, stack(0x00007f6049c00000,0x00007f6049d01000)]
  0x00007f60800c2000 JavaThread "C2 CompilerThread0" daemon [_thread_blocked, id=24482, stack(0x00007f6049d01000,0x00007f6049e02000)]
  0x00007f60800c0800 JavaThread "Signal Dispatcher" daemon [_thread_blocked, id=24481, stack(0x00007f6049e02000,0x00007f6049f03000)]
  0x00007f608008d000 JavaThread "Finalizer" daemon [_thread_blocked, id=24480, stack(0x00007f604a5e6000,0x00007f604a6e7000)]
  0x00007f6080088000 JavaThread "Reference Handler" daemon [_thread_blocked, id=24479, stack(0x00007f604a6e7000,0x00007f604a7e8000)]

Other Threads:
  0x00007f6080080800 VMThread [stack: 0x00007f604a7e8000,0x00007f604a8e9000] [id=24478]
  0x00007f60800d7000 WatcherThread [stack: 0x00007f60497fc000,0x00007f60498fd000] [id=24487]

VM state:not at safepoint (normal execution)

VM Mutex/Monitor currently owned by a thread: None

Heap:
 PSYoungGen      total 28160K, used 6610K [0x00000000e0f80000, 0x00000000e4680000, 0x0000000100000000)
  eden space 24576K, 26% used [0x00000000e0f80000,0x00000000e15f4860,0x00000000e2780000)
  from space 3584K, 0% used [0x00000000e4300000,0x00000000e4300000,0x00000000e4680000)
  to   space 3584K, 0% used [0x00000000e2780000,0x00000000e2780000,0x00000000e2b00000)
 ParOldGen       total 66048K, used 17534K [0x00000000a2e00000, 0x00000000a6e80000, 0x00000000e0f80000)
  object space 66048K, 26% used [0x00000000a2e00000,0x00000000a3f1f928,0x00000000a6e80000)
 Metaspace       used 20860K, capacity 21131K, committed 21552K, reserved 1069056K
  class space    used 1985K, capacity 2059K, committed 2176K, reserved 1048576K

Card table byte_map: [0x00007f6070956000,0x00007f6070c40000] byte_map_base: 0x00007f607043f000

Marking Bits: (ParMarkBitMap*) 0x00007f60865524c0
 Begin Bits: [0x00007f6051170000, 0x00007f60528b8000)
 End Bits:   [0x00007f60528b8000, 0x00007f6054000000)

Polling page: 0x00007f60871a1000

CodeCache: size=245760Kb used=8037Kb max_used=8038Kb free=237722Kb
 bounds [0x00007f6071000000, 0x00007f60717f0000, 0x00007f6080000000]
 total_blobs=3168 nmethods=2206 adapters=877
 compilation: enabled

Compilation events (10 events):
Event: 5,235 Thread 0x00007f60800c9000 nmethod 2210 0x00007f60717d5250 code [0x00007f60717d53c0, 0x00007f60717d55b0]
Event: 5,236 Thread 0x00007f60800c9000 2211       3       java.awt.geom.RectangularShape::<init> (5 bytes)
Event: 5,236 Thread 0x00007f60800c9000 nmethod 2211 0x00007f60717d7110 code [0x00007f60717d7280, 0x00007f60717d7430]
Event: 5,236 Thread 0x00007f60800c9000 2212       3       java.awt.geom.Rectangle2D::<init> (5 bytes)
Event: 5,236 Thread 0x00007f60800c9000 nmethod 2212 0x00007f60717d6c90 code [0x00007f60717d6e00, 0x00007f60717d7010]
Event: 5,236 Thread 0x00007f60800c9000 2213       3       java.awt.Rectangle::<init> (26 bytes)
Event: 5,236 Thread 0x00007f60800c9000 nmethod 2213 0x00007f60717d6750 code [0x00007f60717d68c0, 0x00007f60717d6b30]
Event: 5,236 Thread 0x00007f60800c9000 2214       1       java.awt.Component::isCoalescingEnabled (5 bytes)
Event: 5,237 Thread 0x00007f60800c9000 nmethod 2214 0x00007f60717d6490 code [0x00007f60717d65e0, 0x00007f60717d66f0]
Event: 5,267 Thread 0x00007f60800c9000 2215       3       java.awt.EventDispatchThread$HierarchyEventFilter::acceptEvent (225 bytes)

GC Heap History (10 events):
Event: 0,671 GC heap before
{Heap before GC invocations=1 (full 0):
 PSYoungGen      total 28160K, used 24154K [0x00000000e0f80000, 0x00000000e2e80000, 0x0000000100000000)
  eden space 24576K, 98% used [0x00000000e0f80000,0x00000000e2716818,0x00000000e2780000)
  from space 3584K, 0% used [0x00000000e2b00000,0x00000000e2b00000,0x00000000e2e80000)
  to   space 3584K, 0% used [0x00000000e2780000,0x00000000e2780000,0x00000000e2b00000)
 ParOldGen       total 64512K, used 0K [0x00000000a2e00000, 0x00000000a6d00000, 0x00000000e0f80000)
  object space 64512K, 0% used [0x00000000a2e00000,0x00000000a2e00000,0x00000000a6d00000)
 Metaspace       used 13439K, capacity 13732K, committed 13952K, reserved 1060864K
  class space    used 1462K, capacity 1545K, committed 1664K, reserved 1048576K
Event: 0,677 GC heap after
Heap after GC invocations=1 (full 0):
 PSYoungGen      total 28160K, used 3567K [0x00000000e0f80000, 0x00000000e2e80000, 0x0000000100000000)
  eden space 24576K, 0% used [0x00000000e0f80000,0x00000000e0f80000,0x00000000e2780000)
  from space 3584K, 99% used [0x00000000e2780000,0x00000000e2afbd68,0x00000000e2b00000)
  to   space 3584K, 0% used [0x00000000e2b00000,0x00000000e2b00000,0x00000000e2e80000)
 ParOldGen       total 64512K, used 873K [0x00000000a2e00000, 0x00000000a6d00000, 0x00000000e0f80000)
  object space 64512K, 1% used [0x00000000a2e00000,0x00000000a2eda730,0x00000000a6d00000)
 Metaspace       used 13439K, capacity 13732K, committed 13952K, reserved 1060864K
  class space    used 1462K, capacity 1545K, committed 1664K, reserved 1048576K
}
Event: 1,537 GC heap before
{Heap before GC invocations=2 (full 0):
 PSYoungGen      total 28160K, used 28143K [0x00000000e0f80000, 0x00000000e2e80000, 0x0000000100000000)
  eden space 24576K, 100% used [0x00000000e0f80000,0x00000000e2780000,0x00000000e2780000)
  from space 3584K, 99% used [0x00000000e2780000,0x00000000e2afbd68,0x00000000e2b00000)
  to   space 3584K, 0% used [0x00000000e2b00000,0x00000000e2b00000,0x00000000e2e80000)
 ParOldGen       total 64512K, used 873K [0x00000000a2e00000, 0x00000000a6d00000, 0x00000000e0f80000)
  object space 64512K, 1% used [0x00000000a2e00000,0x00000000a2eda730,0x00000000a6d00000)
 Metaspace       used 18049K, capacity 18301K, committed 18560K, reserved 1067008K
  class space    used 1763K, capacity 1828K, committed 1920K, reserved 1048576K
Event: 1,548 GC heap after
Heap after GC invocations=2 (full 0):
 PSYoungGen      total 28160K, used 3567K [0x00000000e0f80000, 0x00000000e4680000, 0x0000000100000000)
  eden space 24576K, 0% used [0x00000000e0f80000,0x00000000e0f80000,0x00000000e2780000)
  from space 3584K, 99% used [0x00000000e2b00000,0x00000000e2e7bcc8,0x00000000e2e80000)
  to   space 3584K, 0% used [0x00000000e2780000,0x00000000e2780000,0x00000000e2b00000)
 ParOldGen       total 64512K, used 5125K [0x00000000a2e00000, 0x00000000a6d00000, 0x00000000e0f80000)
  object space 64512K, 7% used [0x00000000a2e00000,0x00000000a3301650,0x00000000a6d00000)
 Metaspace       used 18049K, capacity 18301K, committed 18560K, reserved 1067008K
  class space    used 1763K, capacity 1828K, committed 1920K, reserved 1048576K
}
Event: 2,476 GC heap before
{Heap before GC invocations=3 (full 0):
 PSYoungGen      total 28160K, used 27994K [0x00000000e0f80000, 0x00000000e4680000, 0x0000000100000000)
  eden space 24576K, 99% used [0x00000000e0f80000,0x00000000e275af08,0x00000000e2780000)
  from space 3584K, 99% used [0x00000000e2b00000,0x00000000e2e7bcc8,0x00000000e2e80000)
  to   space 3584K, 0% used [0x00000000e2780000,0x00000000e2780000,0x00000000e2b00000)
 ParOldGen       total 64512K, used 5125K [0x00000000a2e00000, 0x00000000a6d00000, 0x00000000e0f80000)
  object space 64512K, 7% used [0x00000000a2e00000,0x00000000a3301650,0x00000000a6d00000)
 Metaspace       used 20375K, capacity 20655K, committed 21120K, reserved 1069056K
  class space    used 1975K, capacity 2055K, committed 2176K, reserved 1048576K
Event: 2,486 GC heap after
Heap after GC invocations=3 (full 0):
 PSYoungGen      total 28160K, used 3567K [0x00000000e0f80000, 0x00000000e4680000, 0x0000000100000000)
  eden space 24576K, 0% used [0x00000000e0f80000,0x00000000e0f80000,0x00000000e2780000)
  from space 3584K, 99% used [0x00000000e2780000,0x00000000e2afbc10,0x00000000e2b00000)
  to   space 3584K, 0% used [0x00000000e4300000,0x00000000e4300000,0x00000000e4680000)
 ParOldGen       total 64512K, used 13332K [0x00000000a2e00000, 0x00000000a6d00000, 0x00000000e0f80000)
  object space 64512K, 20% used [0x00000000a2e00000,0x00000000a3b050c8,0x00000000a6d00000)
 Metaspace       used 20375K, capacity 20655K, committed 21120K, reserved 1069056K
  class space    used 1975K, capacity 2055K, committed 2176K, reserved 1048576K
}
Event: 3,668 GC heap before
{Heap before GC invocations=4 (full 0):
 PSYoungGen      total 28160K, used 18734K [0x00000000e0f80000, 0x00000000e4680000, 0x0000000100000000)
  eden space 24576K, 61% used [0x00000000e0f80000,0x00000000e1e4fc08,0x00000000e2780000)
  from space 3584K, 99% used [0x00000000e2780000,0x00000000e2afbc10,0x00000000e2b00000)
  to   space 3584K, 0% used [0x00000000e4300000,0x00000000e4300000,0x00000000e4680000)
 ParOldGen       total 64512K, used 13332K [0x00000000a2e00000, 0x00000000a6d00000, 0x00000000e0f80000)
  object space 64512K, 20% used [0x00000000a2e00000,0x00000000a3b050c8,0x00000000a6d00000)
 Metaspace       used 20734K, capacity 21003K, committed 21296K, reserved 1069056K
  class space    used 1981K, capacity 2059K, committed 2176K, reserved 1048576K
Event: 3,676 GC heap after
Heap after GC invocations=4 (full 0):
 PSYoungGen      total 28160K, used 3580K [0x00000000e0f80000, 0x00000000e4680000, 0x0000000100000000)
  eden space 24576K, 0% used [0x00000000e0f80000,0x00000000e0f80000,0x00000000e2780000)
  from space 3584K, 99% used [0x00000000e4300000,0x00000000e467f3f0,0x00000000e4680000)
  to   space 3584K, 0% used [0x00000000e2780000,0x00000000e2780000,0x00000000e2b00000)
 ParOldGen       total 64512K, used 16437K [0x00000000a2e00000, 0x00000000a6d00000, 0x00000000e0f80000)
  object space 64512K, 25% used [0x00000000a2e00000,0x00000000a3e0d448,0x00000000a6d00000)
 Metaspace       used 20734K, capacity 21003K, committed 21296K, reserved 1069056K
  class space    used 1981K, capacity 2059K, committed 2176K, reserved 1048576K
}
Event: 3,676 GC heap before
{Heap before GC invocations=5 (full 1):
 PSYoungGen      total 28160K, used 3580K [0x00000000e0f80000, 0x00000000e4680000, 0x0000000100000000)
  eden space 24576K, 0% used [0x00000000e0f80000,0x00000000e0f80000,0x00000000e2780000)
  from space 3584K, 99% used [0x00000000e4300000,0x00000000e467f3f0,0x00000000e4680000)
  to   space 3584K, 0% used [0x00000000e2780000,0x00000000e2780000,0x00000000e2b00000)
 ParOldGen       total 64512K, used 16437K [0x00000000a2e00000, 0x00000000a6d00000, 0x00000000e0f80000)
  object space 64512K, 25% used [0x00000000a2e00000,0x00000000a3e0d448,0x00000000a6d00000)
 Metaspace       used 20734K, capacity 21003K, committed 21296K, reserved 1069056K
  class space    used 1981K, capacity 2059K, committed 2176K, reserved 1048576K
Event: 3,725 GC heap after
Heap after GC invocations=5 (full 1):
 PSYoungGen      total 28160K, used 0K [0x00000000e0f80000, 0x00000000e4680000, 0x0000000100000000)
  eden space 24576K, 0% used [0x00000000e0f80000,0x00000000e0f80000,0x00000000e2780000)
  from space 3584K, 0% used [0x00000000e4300000,0x00000000e4300000,0x00000000e4680000)
  to   space 3584K, 0% used [0x00000000e2780000,0x00000000e2780000,0x00000000e2b00000)
 ParOldGen       total 66048K, used 17534K [0x00000000a2e00000, 0x00000000a6e80000, 0x00000000e0f80000)
  object space 66048K, 26% used [0x00000000a2e00000,0x00000000a3f1f928,0x00000000a6e80000)
 Metaspace       used 20734K, capacity 21003K, committed 21296K, reserved 1069056K
  class space    used 1981K, capacity 2059K, committed 2176K, reserved 1048576K
}

Deoptimization events (10 events):
Event: 2,101 Thread 0x00007f6014008800 Uncommon trap: reason=class_check action=maybe_recompile pc=0x00007f60714a5498 method=com.jogamp.common.nio.Buffers.getDirectBufferByteOffset(Ljava/lang/Object;)I @ 42
Event: 2,106 Thread 0x00007f6014008800 Uncommon trap: reason=unstable_if action=reinterpret pc=0x00007f60713bc570 method=java.lang.String.trim()Ljava/lang/String; @ 15
Event: 2,248 Thread 0x00007f6014008800 Uncommon trap: reason=unstable_if action=reinterpret pc=0x00007f6071567678 method=java.nio.Buffer.nextGetIndex()I @ 8
Event: 2,253 Thread 0x00007f6014008800 Uncommon trap: reason=unstable_if action=reinterpret pc=0x00007f6071566330 method=java.nio.Buffer.nextGetIndex()I @ 8
Event: 2,255 Thread 0x00007f6014008800 Uncommon trap: reason=unstable_if action=reinterpret pc=0x00007f6071557b10 method=java.nio.Buffer.nextGetIndex()I @ 8
Event: 2,273 Thread 0x00007f60005be000 Uncommon trap: reason=unstable_if action=reinterpret pc=0x00007f60713d1f7c method=java.lang.String.regionMatches(ZILjava/lang/String;II)Z @ 123
Event: 2,433 Thread 0x00007f6014008800 Uncommon trap: reason=class_check action=maybe_recompile pc=0x00007f60714a5498 method=com.jogamp.common.nio.Buffers.getDirectBufferByteOffset(Ljava/lang/Object;)I @ 42
Event: 2,444 Thread 0x00007f6014008800 Uncommon trap: reason=class_check action=maybe_recompile pc=0x00007f60714a5498 method=com.jogamp.common.nio.Buffers.getDirectBufferByteOffset(Ljava/lang/Object;)I @ 42
Event: 2,488 Thread 0x00007f6014008800 Uncommon trap: reason=class_check action=maybe_recompile pc=0x00007f60714a5498 method=com.jogamp.common.nio.Buffers.getDirectBufferByteOffset(Ljava/lang/Object;)I @ 42
Event: 5,236 Thread 0x00007f60802a6000 Uncommon trap: reason=unstable_if action=reinterpret pc=0x00007f60717b7544 method=java.awt.font.FontRenderContext.equals(Ljava/awt/font/FontRenderContext;)Z @ 2

Internal exceptions (10 events):
Event: 2,919 Thread 0x00007f6000652000 Exception <a 'java/security/PrivilegedActionException'> (0x00000000e102a4b0) thrown at [/HUDSON/workspace/8-2-build-linux-amd64/jdk8u92/6642/hotspot/src/share/vm/prims/jvm.cpp, line 1386]
Event: 2,969 Thread 0x00007f6000652800 Exception <a 'java/security/PrivilegedActionException'> (0x00000000e10bfc60) thrown at [/HUDSON/workspace/8-2-build-linux-amd64/jdk8u92/6642/hotspot/src/share/vm/prims/jvm.cpp, line 1386]
Event: 3,257 Thread 0x00007f60005d6000 Exception <a 'java/security/PrivilegedActionException'> (0x00000000e15ff978) thrown at [/HUDSON/workspace/8-2-build-linux-amd64/jdk8u92/6642/hotspot/src/share/vm/prims/jvm.cpp, line 1386]
Event: 3,258 Thread 0x00007f600054d800 Exception <a 'java/security/PrivilegedActionException'> (0x00000000e147a7a0) thrown at [/HUDSON/workspace/8-2-build-linux-amd64/jdk8u92/6642/hotspot/src/share/vm/prims/jvm.cpp, line 1386]
Event: 3,301 Thread 0x00007f6000652000 Exception <a 'java/security/PrivilegedActionException'> (0x00000000e16e7070) thrown at [/HUDSON/workspace/8-2-build-linux-amd64/jdk8u92/6642/hotspot/src/share/vm/prims/jvm.cpp, line 1386]
Event: 3,457 Thread 0x00007f6000652800 Exception <a 'java/security/PrivilegedActionException'> (0x00000000e178e758) thrown at [/HUDSON/workspace/8-2-build-linux-amd64/jdk8u92/6642/hotspot/src/share/vm/prims/jvm.cpp, line 1386]
Event: 3,599 Thread 0x00007f600054d800 Exception <a 'java/security/PrivilegedActionException'> (0x00000000e1a68358) thrown at [/HUDSON/workspace/8-2-build-linux-amd64/jdk8u92/6642/hotspot/src/share/vm/prims/jvm.cpp, line 1386]
Event: 3,726 Thread 0x00007f60005d6000 Exception <a 'java/security/PrivilegedActionException'> (0x00000000e0ff2d20) thrown at [/HUDSON/workspace/8-2-build-linux-amd64/jdk8u92/6642/hotspot/src/share/vm/prims/jvm.cpp, line 1386]
Event: 3,767 Thread 0x00007f6000652000 Exception <a 'java/security/PrivilegedActionException'> (0x00000000e10f06e8) thrown at [/HUDSON/workspace/8-2-build-linux-amd64/jdk8u92/6642/hotspot/src/share/vm/prims/jvm.cpp, line 1386]
Event: 3,828 Thread 0x00007f6000652800 Exception <a 'java/security/PrivilegedActionException'> (0x00000000e11547b0) thrown at [/HUDSON/workspace/8-2-build-linux-amd64/jdk8u92/6642/hotspot/src/share/vm/prims/jvm.cpp, line 1386]

Events (10 events):
Event: 5,210 Thread 0x00007f60005c2000 Thread added: 0x00007f60005c2000
Event: 5,210 loading class sun/applet/AppletPanel$4
Event: 5,210 loading class sun/applet/AppletPanel$4 done
Event: 5,235 loading class java/awt/KeyboardFocusManager$2
Event: 5,235 loading class java/awt/KeyboardFocusManager$2 done
Event: 5,235 loading class sun/awt/SunToolkit$1
Event: 5,235 loading class sun/awt/SunToolkit$1 done
Event: 5,236 Thread 0x00007f60802a6000 Uncommon trap: trap_request=0xffffff65 fr.pc=0x00007f60717b7544
Event: 5,236 Thread 0x00007f60802a6000 DEOPT PACKING pc=0x00007f60717b7544 sp=0x00007f602365e320
Event: 5,236 Thread 0x00007f60802a6000 DEOPT UNPACKING pc=0x00007f6071005229 sp=0x00007f602365e278 mode 2


Dynamic libraries:
00400000-00401000 r-xp 00000000 08:01 3450446                            /home/ema/Scaricati/jdk1.8.0_92/jre/bin/java
00600000-00601000 rw-p 00000000 08:01 3450446                            /home/ema/Scaricati/jdk1.8.0_92/jre/bin/java
00b67000-00b88000 rw-p 00000000 00:00 0                                  [heap]
a2e00000-a6e80000 rw-p 00000000 00:00 0 
a6e80000-e0f80000 ---p 00000000 00:00 0 
e0f80000-e4680000 rw-p 00000000 00:00 0 
e4680000-100000000 ---p 00000000 00:00 0 
100000000-100220000 rw-p 00000000 00:00 0 
100220000-140000000 ---p 00000000 00:00 0 
7f5fdc000000-7f5fdc021000 rw-p 00000000 00:00 0 
7f5fdc021000-7f5fe0000000 ---p 00000000 00:00 0 
7f5fe37a6000-7f5fe37aa000 rw-s 1bc409000 00:06 9579                      /dev/dri/card0
7f5fe37aa000-7f5fe37ca000 rw-s 1b7c39000 00:06 9579                      /dev/dri/card0
7f5fe37ca000-7f5fe37ce000 rw-s 1b7c35000 00:06 9579                      /dev/dri/card0
7f5fe37ce000-7f5fe37ee000 rw-s 1b7c15000 00:06 9579                      /dev/dri/card0
7f5fe3ef9000-7f5fe3efa000 r--s 00000000 08:01 19022310                   /var/cache/fontconfig/087e1975ba9a574b140bb1df193bf770-le64.cache-4
7f5fe3efa000-7f5fe3f08000 r--s 00000000 08:01 19005654                   /var/cache/fontconfig/6aa41aa22e18b8fa06a12da28ea9c28b-le64.cache-4
7f5fe3f08000-7f5fe3f09000 r--s 00000000 08:01 19005539                   /var/cache/fontconfig/c05880de57d1f5e948fdfacc138775d9-le64.cache-4
7f5fe3f09000-7f5fe3f14000 r--s 00000000 08:01 19005531                   /var/cache/fontconfig/945677eb7aeaf62f1d50efc3fb3ec7d8-le64.cache-4
7f5fe3f14000-7f5fe3f1a000 r--s 00000000 08:01 19005516                   /var/cache/fontconfig/2cd17615ca594fa2959ae173292e504c-le64.cache-4
7f5fe3f1a000-7f5fe3f1b000 r--s 00000000 08:01 19005513                   /var/cache/fontconfig/0d8c3b2ac0904cb8a57a757ad11a4a08-le64.cache-4
7f5fe3f1b000-7f5fe3f22000 r--s 00000000 08:01 19005535                   /var/cache/fontconfig/a755afe4a08bf5b97852ceb7400b47bc-le64.cache-4
7f5fe3f22000-7f5fe3f26000 r--s 00000000 08:01 19005545                   /var/cache/fontconfig/6d41288fd70b0be22e8c3a91e032eec0-le64.cache-4
7f5fe3f26000-7f5fe3f27000 r--s 00000000 08:01 19005534                   /var/cache/fontconfig/a6354e3ac43af67bd8d7b8e43c34e49f-le64.cache-4
7f5fe3f27000-7f5fe3f3d000 r--s 00000000 08:01 19005511                   /var/cache/fontconfig/04aabc0a78ac019cf9454389977116d2-le64.cache-4
7f5fe3f3d000-7f5fe3f3e000 r--s 00000000 08:01 19005515                   /var/cache/fontconfig/1ac9eb803944fde146138c791f5cc56a-le64.cache-4
7f5fe3f3e000-7f5fe3f42000 r--s 00000000 08:01 19005519                   /var/cache/fontconfig/385c0604a188198f04d133e54aba7fe7-le64.cache-4
7f5fe3f42000-7f5fe3f43000 r--s 00000000 08:01 19022308                   /var/cache/fontconfig/9c956a7723ca69a44b382d9179c9802f-le64.cache-4
7f5fe3f43000-7f5fe3f44000 r--s 00000000 08:01 19005546                   /var/cache/fontconfig/dc05db6664285cc2f12bf69c139ae4c3-le64.cache-4
7f5fe3f44000-7f5fe3f46000 r--s 00000000 08:01 19005528                   /var/cache/fontconfig/767a8244fc0220cfb567a839d0392e0b-le64.cache-4
7f5fe3f46000-7f5fe3f47000 r--s 00000000 08:01 19019501                   /var/cache/fontconfig/4794a0821666d79190d59a36cb4f44b5-le64.cache-4
7f5fe3f47000-7f5fe3f48000 r--s 00000000 08:01 19022306                   /var/cache/fontconfig/9eae20f1ff8cc0a7d125749e875856bd-le64.cache-4
7f5fe3f48000-7f5fe3f4a000 r--s 00000000 08:01 19022305                   /var/cache/fontconfig/bf2c1853a9e9b00bb02fe2e9bcf1e201-le64.cache-4
7f5fe3f4a000-7f5fe3f4f000 r--s 00000000 08:01 19005530                   /var/cache/fontconfig/8801497958630a81b71ace7c5f9b32a8-le64.cache-4
7f5fe3f4f000-7f5fe3f53000 r--s 00000000 08:01 19019549                   /var/cache/fontconfig/c57959a16110560c8d0fcea73374aeeb-le64.cache-4
7f5fe3f53000-7f5fe3f54000 r--s 00000000 08:01 19005538                   /var/cache/fontconfig/bab58bb527bb656aaa9f116d68a48d89-le64.cache-4
7f5fe3f54000-7f5fe3f5b000 r--s 00000000 08:01 19005517                   /var/cache/fontconfig/3047814df9a2f067bd2d96a2b9c36e5a-le64.cache-4
7f5fe3f5b000-7f5fe3f63000 r--s 00000000 08:01 19022303                   /var/cache/fontconfig/bf3b770c553c462765856025a94f1ce6-le64.cache-4
7f5fe3f63000-7f5fe3f64000 r--s 00000000 08:01 19005524                   /var/cache/fontconfig/56cf4f4769d0f4abc89a4895d7bd3ae1-le64.cache-4
7f5fe3f64000-7f5fe3f65000 r--s 00000000 08:01 19005537                   /var/cache/fontconfig/b9d506c9ac06c20b433354fa67a72993-le64.cache-4
7f5fe3f65000-7f5fe3f6b000 r--s 00000000 08:01 19005536                   /var/cache/fontconfig/b47c4e1ecd0709278f4910c18777a504-le64.cache-4
7f5fe3f6b000-7f5fe3f6e000 r--s 00000000 08:01 19022298                   /var/cache/fontconfig/14d493b97896515cad3840ba4896e372-le64.cache-4
7f5fe3f6e000-7f5fe3f6f000 r--s 00000000 08:01 19022295                   /var/cache/fontconfig/89034621ae2a8922916bb6bfa5799546-le64.cache-4
7f5fe3f6f000-7f5fe3f72000 r--s 00000000 08:01 19020951                   /var/cache/fontconfig/e49e89034d371f0f9de17aab02136486-le64.cache-4
7f5fe3f72000-7f5fe3f74000 r--s 00000000 08:01 19020949                   /var/cache/fontconfig/4b14b093aebc79c320de5e86ae1d3314-le64.cache-4
7f5fe3f74000-7f5fe3f87000 r--s 00000000 08:01 19005543                   /var/cache/fontconfig/d52a8644073d54c13679302ca1180695-le64.cache-4
7f5fe3f87000-7f5fe3f88000 r--s 00000000 08:01 19005523                   /var/cache/fontconfig/551ecf3b0e8b0bca0f25c0944f561853-le64.cache-4
7f5fe3f88000-7f5fe3f89000 r--s 00000000 08:01 19022293                   /var/cache/fontconfig/8a687c406b77f27d99abfeeba937fcce-le64.cache-4
7f5fe3f89000-7f5fe3f8e000 r--s 00000000 08:01 19022291                   /var/cache/fontconfig/75ad6aa2358a85f0de2c8ee4837e8227-le64.cache-4
7f5fe3f8e000-7f5fe3f98000 r--s 00000000 08:01 19005520                   /var/cache/fontconfig/3f7329c5293ffd510edef78f73874cfd-le64.cache-4
7f5fe3f98000-7f5fe3f9a000 r--s 00000000 08:01 19022288                   /var/cache/fontconfig/65f976e5259cbe6dc7697b8648396239-le64.cache-4
7f5fe3f9a000-7f5fe3fa5000 r--s 00000000 08:01 19018232                   /var/cache/fontconfig/d589a48862398ed80a3d6066f4f56f4c-le64.cache-4
7f5fe3fa5000-7f5fe3fa9000 r--s 00000000 08:01 19022285                   /var/cache/fontconfig/246184dc75a16901ca37d96895904249-le64.cache-4
7f5fe3fa9000-7f5fe3fab000 r--s 00000000 08:01 19022280                   /var/cache/fontconfig/423767150eb258c59035de29db6fca84-le64.cache-4
7f5fe3fab000-7f5fe3fb8000 r--s 00000000 08:01 19022277                   /var/cache/fontconfig/198d8fcf01c96d0cf813f74fd759bdb7-le64.cache-4
7f5fe3fb8000-7f5fe3fc3000 r--s 00000000 08:01 19022274                   /var/cache/fontconfig/83bf95040141907cd45bb53cf7c1c148-le64.cache-4
7f5fe3fc3000-7f5fe3fcc000 r--s 00000000 08:01 19013761                   /var/cache/fontconfig/d0972c3d32f097851eb916381fc38920-le64.cache-4
7f5fe3fcc000-7f5fe3fdf000 r--s 00000000 08:01 19022270                   /var/cache/fontconfig/4ac51e5cfbc76fc3f983e470323a16d3-le64.cache-4
7f5fe3fdf000-7f5fe4000000 r--s 00000000 08:01 19005633                   /var/cache/fontconfig/e13b20fdb08344e0e664864cc2ede53d-le64.cache-4
7f5fe4000000-7f5fe4021000 rw-p 00000000 00:00 0 
7f5fe4021000-7f5fe8000000 ---p 00000000 00:00 0 
7f5fe8000000-7f5fe8021000 rw-p 00000000 00:00 0 
7f5fe8021000-7f5fec000000 ---p 00000000 00:00 0 
7f5fec000000-7f5fec021000 rw-p 00000000 00:00 0 
7f5fec021000-7f5ff0000000 ---p 00000000 00:00 0 
7f5ff0000000-7f5ff0001000 r--s 00000000 08:01 19022282                   /var/cache/fontconfig/94f7fe9bd33aadfac165873bd010d595-le64.cache-4
7f5ff0001000-7f5ff0002000 r--s 00000000 08:01 19022279                   /var/cache/fontconfig/406a1d2d2bf3ed7664fbadefac0b2f66-le64.cache-4
7f5ff0002000-7f5ff0004000 r--s 00000000 08:01 19022278                   /var/cache/fontconfig/67709b7835c0f764c1135060c9575660-le64.cache-4
7f5ff0004000-7f5ff0007000 r--s 00000000 08:01 19022275                   /var/cache/fontconfig/75114ca45c98e8a441da0ff356701271-le64.cache-4
7f5ff0007000-7f5ff0009000 r--s 00000000 08:01 19022273                   /var/cache/fontconfig/6e6b34ae150a7ad95e82fb4a522f0bda-le64.cache-4
7f5ff0009000-7f5ff0010000 r--s 00000000 08:01 19022271                   /var/cache/fontconfig/53d14c92082a93e67d5078324eb314ca-le64.cache-4
7f5ff0010000-7f5ff0015000 r--s 00000000 08:01 19022268                   /var/cache/fontconfig/3629f2adf904f9a612908891fae71ceb-le64.cache-4
7f5ff0015000-7f5ff0018000 r--s 00000000 08:01 19022266                   /var/cache/fontconfig/de83a0a961185c8bd1f159015d56c039-le64.cache-4
7f5ff0018000-7f5ff0025000 r--s 00000000 08:01 19018230                   /var/cache/fontconfig/8f02d4cb045bd6ce15663e43f347c9f8-le64.cache-4
7f5ff0731000-7f5ff0732000 r--s 00000000 08:01 19005512                   /var/cache/fontconfig/0c9eb80ebd1c36541ebe2852d3bb0c49-le64.cache-4
7f5ff0732000-7f5ff0733000 r--s 00000000 08:01 19022272                   /var/cache/fontconfig/3334a778d104e76d188e9df399bc24d2-le64.cache-4
7f5ff0733000-7f5ff0737000 r--s 00000000 08:01 19020952                   /var/cache/fontconfig/7ef2298fde41cc6eeb7af42e48b7d293-le64.cache-4
7f5ff0737000-7f5ff0755000 r--s 00000000 08:01 19018227                   /var/cache/fontconfig/467c019e582ee353435ea5c21d137ef6-le64.cache-4
7f5ff076d000-7f5ff0859000 rw-p 00000000 00:00 0 
7f5ff0859000-7f5ff096d000 ---p 00000000 00:00 0 
7f5ff096d000-7f5ff0970000 ---p 00000000 00:00 0 
7f5ff0970000-7f5ff0a6e000 rw-p 00000000 00:00 0 
7f5ff0a6e000-7f5ff0a6f000 r--s 00000000 08:01 19022269                   /var/cache/fontconfig/c277e94e32b20404286a1ddafa5a80f0-le64.cache-4
7f5ff0a6f000-7f5ff0a71000 r--s 00000000 08:01 19018231                   /var/cache/fontconfig/16326683038b281783a0ef8c680e3a10-le64.cache-4
7f5ff0a71000-7f5ff0a72000 r--s 00000000 08:01 19018228                   /var/cache/fontconfig/e0aa53bcfa504e64f87823c16bc01eb6-le64.cache-4
7f5ff0a72000-7f5ff0a73000 rw-s 1bc40d000 00:06 9579                      /dev/dri/card0
7f5ff0bdf000-7f5ff0c5f000 rw-s 19687d000 00:06 9579                      /dev/dri/card0
7f5ff0c5f000-7f5ff0c62000 ---p 00000000 00:00 0 
7f5ff0c62000-7f5ff0d60000 rw-p 00000000 00:00 0 
7f5ff0d60000-7f5ff0d63000 ---p 00000000 00:00 0 
7f5ff0d63000-7f5ff0e61000 rw-p 00000000 00:00 0 
7f5ff0e61000-7f5ff0e64000 ---p 00000000 00:00 0 
7f5ff0e64000-7f5ff0f62000 rw-p 00000000 00:00 0 
7f5ff0f62000-7f5ff1962000 rwxp 00000000 00:00 0 
7f5ff1962000-7f5ff1bca000 rw-p 00000000 00:00 0 
7f5ff1bca000-7f5ff1be1000 r-xp 00000000 08:01 27267350                   /lib/x86_64-linux-gnu/libresolv-2.21.so
7f5ff1be1000-7f5ff1de1000 ---p 00017000 08:01 27267350                   /lib/x86_64-linux-gnu/libresolv-2.21.so
7f5ff1de1000-7f5ff1de3000 r--p 00017000 08:01 27267350                   /lib/x86_64-linux-gnu/libresolv-2.21.so
7f5ff1de3000-7f5ff1de4000 rw-p 00019000 08:01 27267350                   /lib/x86_64-linux-gnu/libresolv-2.21.so
7f5ff1de4000-7f5ff1de6000 rw-p 00000000 00:00 0 
7f5ff1de6000-7f5ff1deb000 r-xp 00000000 08:01 27267295                   /lib/x86_64-linux-gnu/libnss_dns-2.21.so
7f5ff1deb000-7f5ff1fea000 ---p 00005000 08:01 27267295                   /lib/x86_64-linux-gnu/libnss_dns-2.21.so
7f5ff1fea000-7f5ff1feb000 r--p 00004000 08:01 27267295                   /lib/x86_64-linux-gnu/libnss_dns-2.21.so
7f5ff1feb000-7f5ff1fec000 rw-p 00005000 08:01 27267295                   /lib/x86_64-linux-gnu/libnss_dns-2.21.so
7f5ff1fec000-7f5ff1fee000 r-xp 00000000 08:01 27267303                   /lib/x86_64-linux-gnu/libnss_mdns4_minimal.so.2
7f5ff1fee000-7f5ff21ed000 ---p 00002000 08:01 27267303                   /lib/x86_64-linux-gnu/libnss_mdns4_minimal.so.2
7f5ff21ed000-7f5ff21ee000 r--p 00001000 08:01 27267303                   /lib/x86_64-linux-gnu/libnss_mdns4_minimal.so.2
7f5ff21ee000-7f5ff21ef000 rw-p 00002000 08:01 27267303                   /lib/x86_64-linux-gnu/libnss_mdns4_minimal.so.2
7f5ff21ef000-7f5ff23ef000 rw-p 00000000 00:00 0 
7f5ff240d000-7f5ff248d000 rw-s 1967fd000 00:06 9579                      /dev/dri/card0
7f5ff248d000-7f5ff26f5000 rw-p 00000000 00:00 0 
7f5ff26f5000-7f5ff272c000 r-xp 00000000 08:01 15344535                   /usr/lib/x86_64-linux-gnu/libtxc_dxtn_s2tc.so.0.0.0
7f5ff272c000-7f5ff292b000 ---p 00037000 08:01 15344535                   /usr/lib/x86_64-linux-gnu/libtxc_dxtn_s2tc.so.0.0.0
7f5ff292b000-7f5ff292c000 r--p 00036000 08:01 15344535                   /usr/lib/x86_64-linux-gnu/libtxc_dxtn_s2tc.so.0.0.0
7f5ff292c000-7f5ff292d000 rw-p 00037000 08:01 15344535                   /usr/lib/x86_64-linux-gnu/libtxc_dxtn_s2tc.so.0.0.0
7f5ff292d000-7f5ff2952000 r-xp 00000000 08:01 27267368                   /lib/x86_64-linux-gnu/libtinfo.so.5.9
7f5ff2952000-7f5ff2b51000 ---p 00025000 08:01 27267368                   /lib/x86_64-linux-gnu/libtinfo.so.5.9
7f5ff2b51000-7f5ff2b55000 r--p 00024000 08:01 27267368                   /lib/x86_64-linux-gnu/libtinfo.so.5.9
7f5ff2b55000-7f5ff2b56000 rw-p 00028000 08:01 27267368                   /lib/x86_64-linux-gnu/libtinfo.so.5.9
7f5ff2b56000-7f5ff2b89000 r-xp 00000000 08:01 15343777                   /usr/lib/x86_64-linux-gnu/libedit.so.2.0.51
7f5ff2b89000-7f5ff2d89000 ---p 00033000 08:01 15343777                   /usr/lib/x86_64-linux-gnu/libedit.so.2.0.51
7f5ff2d89000-7f5ff2d8b000 r--p 00033000 08:01 15343777                   /usr/lib/x86_64-linux-gnu/libedit.so.2.0.51
7f5ff2d8b000-7f5ff2d8c000 rw-p 00035000 08:01 15343777                   /usr/lib/x86_64-linux-gnu/libedit.so.2.0.51
7f5ff2d8c000-7f5ff2d90000 rw-p 00000000 00:00 0 
7f5ff2d90000-7f5ff2da9000 r-xp 00000000 08:01 27267385                   /lib/x86_64-linux-gnu/libz.so.1.2.8
7f5ff2da9000-7f5ff2fa9000 ---p 00019000 08:01 27267385                   /lib/x86_64-linux-gnu/libz.so.1.2.8
7f5ff2fa9000-7f5ff2faa000 r--p 00019000 08:01 27267385                   /lib/x86_64-linux-gnu/libz.so.1.2.8
7f5ff2faa000-7f5ff2fab000 rw-p 0001a000 08:01 27267385                   /lib/x86_64-linux-gnu/libz.so.1.2.8
7f5ff2fab000-7f5ff309b000 r-xp 00000000 08:01 15344490                   /usr/lib/x86_64-linux-gnu/libstdc++.so.6.0.20
7f5ff309b000-7f5ff329b000 ---p 000f0000 08:01 15344490                   /usr/lib/x86_64-linux-gnu/libstdc++.so.6.0.20
7f5ff329b000-7f5ff32a3000 r--p 000f0000 08:01 15344490                   /usr/lib/x86_64-linux-gnu/libstdc++.so.6.0.20
7f5ff32a3000-7f5ff32a5000 rw-p 000f8000 08:01 15344490                   /usr/lib/x86_64-linux-gnu/libstdc++.so.6.0.20
7f5ff32a5000-7f5ff32ba000 rw-p 00000000 00:00 0 
7f5ff32ba000-7f5ff5063000 r-xp 00000000 08:01 15343369                   /usr/lib/x86_64-linux-gnu/libLLVM-3.6.so.1
7f5ff5063000-7f5ff5064000 ---p 01da9000 08:01 15343369                   /usr/lib/x86_64-linux-gnu/libLLVM-3.6.so.1
7f5ff5064000-7f5ff5280000 r--p 01da9000 08:01 15343369                   /usr/lib/x86_64-linux-gnu/libLLVM-3.6.so.1
7f5ff5280000-7f5ff5286000 rw-p 01fc5000 08:01 15343369                   /usr/lib/x86_64-linux-gnu/libLLVM-3.6.so.1
7f5ff5286000-7f5ff529c000 rw-p 00000000 00:00 0 
7f5ff529c000-7f5ff52b1000 r-xp 00000000 08:01 15343778                   /usr/lib/x86_64-linux-gnu/libelf-0.160.so
7f5ff52b1000-7f5ff54b0000 ---p 00015000 08:01 15343778                   /usr/lib/x86_64-linux-gnu/libelf-0.160.so
7f5ff54b0000-7f5ff54b1000 r--p 00014000 08:01 15343778                   /usr/lib/x86_64-linux-gnu/libelf-0.160.so
7f5ff54b1000-7f5ff54b2000 rw-p 00015000 08:01 15343778                   /usr/lib/x86_64-linux-gnu/libelf-0.160.so
7f5ff54b2000-7f5ff54be000 r-xp 00000000 08:01 15343773                   /usr/lib/x86_64-linux-gnu/libdrm_radeon.so.1.0.1
7f5ff54be000-7f5ff56bd000 ---p 0000c000 08:01 15343773                   /usr/lib/x86_64-linux-gnu/libdrm_radeon.so.1.0.1
7f5ff56bd000-7f5ff56be000 r--p 0000b000 08:01 15343773                   /usr/lib/x86_64-linux-gnu/libdrm_radeon.so.1.0.1
7f5ff56be000-7f5ff56bf000 rw-p 0000c000 08:01 15343773                   /usr/lib/x86_64-linux-gnu/libdrm_radeon.so.1.0.1
7f5ff56bf000-7f5ff56c5000 r-xp 00000000 08:01 15343771                   /usr/lib/x86_64-linux-gnu/libdrm_nouveau.so.2.0.0
7f5ff56c5000-7f5ff58c4000 ---p 00006000 08:01 15343771                   /usr/lib/x86_64-linux-gnu/libdrm_nouveau.so.2.0.0
7f5ff58c4000-7f5ff58c5000 r--p 00005000 08:01 15343771                   /usr/lib/x86_64-linux-gnu/libdrm_nouveau.so.2.0.0
7f5ff58c5000-7f5ff58c6000 rw-p 00006000 08:01 15343771                   /usr/lib/x86_64-linux-gnu/libdrm_nouveau.so.2.0.0
7f5ff58c6000-7f5ff6039000 r-xp 00000000 08:01 15603600                   /usr/lib/x86_64-linux-gnu/dri/nouveau_dri.so
7f5ff6039000-7f5ff6238000 ---p 00773000 08:01 15603600                   /usr/lib/x86_64-linux-gnu/dri/nouveau_dri.so
7f5ff6238000-7f5ff628f000 r--p 00772000 08:01 15603600                   /usr/lib/x86_64-linux-gnu/dri/nouveau_dri.so
7f5ff628f000-7f5ff629b000 rw-p 007c9000 08:01 15603600                   /usr/lib/x86_64-linux-gnu/dri/nouveau_dri.so
7f5ff629b000-7f5ff6480000 rw-p 00000000 00:00 0 
7f5ff6480000-7f5ff6492000 r-xp 00000000 08:01 27263385                   /lib/x86_64-linux-gnu/libudev.so.1.6.2
7f5ff6492000-7f5ff6691000 ---p 00012000 08:01 27263385                   /lib/x86_64-linux-gnu/libudev.so.1.6.2
7f5ff6691000-7f5ff6692000 r--p 00011000 08:01 27263385                   /lib/x86_64-linux-gnu/libudev.so.1.6.2
7f5ff6692000-7f5ff6693000 rw-p 00012000 08:01 27263385                   /lib/x86_64-linux-gnu/libudev.so.1.6.2
7f5ff6693000-7f5ff6695000 r-xp 00000000 08:01 15343521                   /usr/lib/x86_64-linux-gnu/libXinerama.so.1.0.0
7f5ff6695000-7f5ff6894000 ---p 00002000 08:01 15343521                   /usr/lib/x86_64-linux-gnu/libXinerama.so.1.0.0
7f5ff6894000-7f5ff6895000 r--p 00001000 08:01 15343521                   /usr/lib/x86_64-linux-gnu/libXinerama.so.1.0.0
7f5ff6895000-7f5ff6896000 rw-p 00002000 08:01 15343521                   /usr/lib/x86_64-linux-gnu/libXinerama.so.1.0.0
7f5ff6896000-7f5ff68db000 r-xp 00000000 08:01 28316365                   /tmp/jogamp_0000/file_cache/jln7502157131798379504/jln3966095223100225056/libjogl_mobile.so
7f5ff68db000-7f5ff6adb000 ---p 00045000 08:01 28316365                   /tmp/jogamp_0000/file_cache/jln7502157131798379504/jln3966095223100225056/libjogl_mobile.so
7f5ff6adb000-7f5ff6adc000 rw-p 00045000 08:01 28316365                   /tmp/jogamp_0000/file_cache/jln7502157131798379504/jln3966095223100225056/libjogl_mobile.so
7f5ff6adc000-7f5ff6ae3000 r-xp 00000000 08:01 15343817                   /usr/lib/x86_64-linux-gnu/libffi.so.6.0.4
7f5ff6ae3000-7f5ff6ce2000 ---p 00007000 08:01 15343817                   /usr/lib/x86_64-linux-gnu/libffi.so.6.0.4
7f5ff6ce2000-7f5ff6ce3000 r--p 00006000 08:01 15343817                   /usr/lib/x86_64-linux-gnu/libffi.so.6.0.4
7f5ff6ce3000-7f5ff6ce4000 rw-p 00007000 08:01 15343817                   /usr/lib/x86_64-linux-gnu/libffi.so.6.0.4
7f5ff6ce4000-7f5ff6cf1000 r-xp 00000000 08:01 15340550                   /usr/lib/x86_64-linux-gnu/libgbm.so.1.0.0
7f5ff6cf1000-7f5ff6ef0000 ---p 0000d000 08:01 15340550                   /usr/lib/x86_64-linux-gnu/libgbm.so.1.0.0
7f5ff6ef0000-7f5ff6ef1000 r--p 0000c000 08:01 15340550                   /usr/lib/x86_64-linux-gnu/libgbm.so.1.0.0
7f5ff6ef1000-7f5ff6ef2000 rw-p 0000d000 08:01 15340550                   /usr/lib/x86_64-linux-gnu/libgbm.so.1.0.0
7f5ff6ef2000-7f5ff6f01000 r-xp 00000000 08:01 15344604                   /usr/lib/x86_64-linux-gnu/libwayland-server.so.0.1.0
7f5ff6f01000-7f5ff7100000 ---p 0000f000 08:01 15344604                   /usr/lib/x86_64-linux-gnu/libwayland-server.so.0.1.0
7f5ff7100000-7f5ff7103000 r--p 0000e000 08:01 15344604                   /usr/lib/x86_64-linux-gnu/libwayland-server.so.0.1.0
7f5ff7103000-7f5ff7104000 rw-p 00011000 08:01 15344604                   /usr/lib/x86_64-linux-gnu/libwayland-server.so.0.1.0
7f5ff7104000-7f5ff7110000 r-xp 00000000 08:01 15344598                   /usr/lib/x86_64-linux-gnu/libwayland-client.so.0.3.0
7f5ff7110000-7f5ff730f000 ---p 0000c000 08:01 15344598                   /usr/lib/x86_64-linux-gnu/libwayland-client.so.0.3.0
7f5ff730f000-7f5ff7311000 r--p 0000b000 08:01 15344598                   /usr/lib/x86_64-linux-gnu/libwayland-client.so.0.3.0
7f5ff7311000-7f5ff7312000 rw-p 0000d000 08:01 15344598                   /usr/lib/x86_64-linux-gnu/libwayland-client.so.0.3.0
7f5ff7312000-7f5ff7317000 r-xp 00000000 08:01 15344692                   /usr/lib/x86_64-linux-gnu/libxcb-xfixes.so.0.0.0
7f5ff7317000-7f5ff7517000 ---p 00005000 08:01 15344692                   /usr/lib/x86_64-linux-gnu/libxcb-xfixes.so.0.0.0
7f5ff7517000-7f5ff7518000 r--p 00005000 08:01 15344692                   /usr/lib/x86_64-linux-gnu/libxcb-xfixes.so.0.0.0
7f5ff7518000-7f5ff7519000 rw-p 00006000 08:01 15344692                   /usr/lib/x86_64-linux-gnu/libxcb-xfixes.so.0.0.0
7f5ff7519000-7f5ff7542000 r-xp 00000000 08:01 15729315                   /usr/lib/x86_64-linux-gnu/mesa-egl/libEGL.so.1.0.0
7f5ff7542000-7f5ff7742000 ---p 00029000 08:01 15729315                   /usr/lib/x86_64-linux-gnu/mesa-egl/libEGL.so.1.0.0
7f5ff7742000-7f5ff7743000 r--p 00029000 08:01 15729315                   /usr/lib/x86_64-linux-gnu/mesa-egl/libEGL.so.1.0.0
7f5ff7743000-7f5ff7744000 rw-p 0002a000 08:01 15729315                   /usr/lib/x86_64-linux-gnu/mesa-egl/libEGL.so.1.0.0
7f5ff7744000-7f5ff7745000 rw-p 00000000 00:00 0 
7f5ff7745000-7f5ff77ea000 r-xp 00000000 08:01 28316364                   /tmp/jogamp_0000/file_cache/jln7502157131798379504/jln3966095223100225056/libjogl_desktop.so
7f5ff77ea000-7f5ff79ea000 ---p 000a5000 08:01 28316364                   /tmp/jogamp_0000/file_cache/jln7502157131798379504/jln3966095223100225056/libjogl_desktop.so
7f5ff79ea000-7f5ff79eb000 rw-p 000a5000 08:01 28316364                   /tmp/jogamp_0000/file_cache/jln7502157131798379504/jln3966095223100225056/libjogl_desktop.so
7f5ff79eb000-7f5ff79f7000 r-xp 00000000 08:01 15343767                   /usr/lib/x86_64-linux-gnu/libdrm.so.2.4.0
7f5ff79f7000-7f5ff7bf6000 ---p 0000c000 08:01 15343767                   /usr/lib/x86_64-linux-gnu/libdrm.so.2.4.0
7f5ff7bf6000-7f5ff7bf7000 r--p 0000b000 08:01 15343767                   /usr/lib/x86_64-linux-gnu/libdrm.so.2.4.0
7f5ff7bf7000-7f5ff7bf8000 rw-p 0000c000 08:01 15343767                   /usr/lib/x86_64-linux-gnu/libdrm.so.2.4.0
7f5ff7bf8000-7f5ff7bf9000 r-xp 00000000 08:01 15344706                   /usr/lib/x86_64-linux-gnu/libxshmfence.so.1.0.0
7f5ff7bf9000-7f5ff7df8000 ---p 00001000 08:01 15344706                   /usr/lib/x86_64-linux-gnu/libxshmfence.so.1.0.0
7f5ff7df8000-7f5ff7df9000 r--p 00000000 08:01 15344706                   /usr/lib/x86_64-linux-gnu/libxshmfence.so.1.0.0
7f5ff7df9000-7f5ff7dfa000 rw-p 00001000 08:01 15344706                   /usr/lib/x86_64-linux-gnu/libxshmfence.so.1.0.0
7f5ff7dfa000-7f5ff7dff000 r-xp 00000000 08:01 15344688                   /usr/lib/x86_64-linux-gnu/libxcb-sync.so.1.0.0
7f5ff7dff000-7f5ff7ffe000 ---p 00005000 08:01 15344688                   /usr/lib/x86_64-linux-gnu/libxcb-sync.so.1.0.0
7f5ff7ffe000-7f5ff7fff000 r--p 00004000 08:01 15344688                   /usr/lib/x86_64-linux-gnu/libxcb-sync.so.1.0.0
7f5ff7fff000-7f5ff8000000 rw-p 00005000 08:01 15344688                   /usr/lib/x86_64-linux-gnu/libxcb-sync.so.1.0.0
7f5ff8000000-7f5ff8021000 rw-p 00000000 00:00 0 
7f5ff8021000-7f5ffc000000 ---p 00000000 00:00 0 
7f5ffc000000-7f5ffc196000 rw-p 00000000 00:00 0 
7f5ffc196000-7f6000000000 ---p 00000000 00:00 0 
7f6000000000-7f6000a24000 rw-p 00000000 00:00 0 
7f6000a24000-7f6004000000 ---p 00000000 00:00 0 
7f6004000000-7f600456e000 rw-p 00000000 00:00 0 
7f600456e000-7f6008000000 ---p 00000000 00:00 0 
7f6008000000-7f6008021000 rw-p 00000000 00:00 0 
7f6008021000-7f600c000000 ---p 00000000 00:00 0 
7f600c000000-7f600c04c000 rw-p 00000000 00:00 0 
7f600c04c000-7f6010000000 ---p 00000000 00:00 0 
7f6010000000-7f6010025000 rw-p 00000000 00:00 0 
7f6010025000-7f6014000000 ---p 00000000 00:00 0 
7f6014000000-7f6014021000 rw-p 00000000 00:00 0 
7f6014021000-7f6018000000 ---p 00000000 00:00 0 
7f6018000000-7f6018021000 rw-p 00000000 00:00 0 
7f6018021000-7f601c000000 ---p 00000000 00:00 0 
7f601c000000-7f601c021000 rw-p 00000000 00:00 0 
7f601c021000-7f6020000000 ---p 00000000 00:00 0 
7f602003f000-7f60200bf000 rw-s 19677d000 00:06 9579                      /dev/dri/card0
7f60200bf000-7f602013f000 rw-s 1966fd000 00:06 9579                      /dev/dri/card0
7f602013f000-7f6020141000 r-xp 00000000 08:01 15344676                   /usr/lib/x86_64-linux-gnu/libxcb-present.so.0.0.0
7f6020141000-7f6020340000 ---p 00002000 08:01 15344676                   /usr/lib/x86_64-linux-gnu/libxcb-present.so.0.0.0
7f6020340000-7f6020341000 r--p 00001000 08:01 15344676                   /usr/lib/x86_64-linux-gnu/libxcb-present.so.0.0.0
7f6020341000-7f6020342000 rw-p 00002000 08:01 15344676                   /usr/lib/x86_64-linux-gnu/libxcb-present.so.0.0.0
7f6020342000-7f6020344000 r-xp 00000000 08:01 15344666                   /usr/lib/x86_64-linux-gnu/libxcb-dri3.so.0.0.0
7f6020344000-7f6020543000 ---p 00002000 08:01 15344666                   /usr/lib/x86_64-linux-gnu/libxcb-dri3.so.0.0.0
7f6020543000-7f6020544000 r--p 00001000 08:01 15344666                   /usr/lib/x86_64-linux-gnu/libxcb-dri3.so.0.0.0
7f6020544000-7f6020545000 rw-p 00002000 08:01 15344666                   /usr/lib/x86_64-linux-gnu/libxcb-dri3.so.0.0.0
7f6020545000-7f6020548000 r-xp 00000000 08:01 15344664                   /usr/lib/x86_64-linux-gnu/libxcb-dri2.so.0.0.0
7f6020548000-7f6020748000 ---p 00003000 08:01 15344664                   /usr/lib/x86_64-linux-gnu/libxcb-dri2.so.0.0.0
7f6020748000-7f6020749000 r--p 00003000 08:01 15344664                   /usr/lib/x86_64-linux-gnu/libxcb-dri2.so.0.0.0
7f6020749000-7f602074a000 rw-p 00004000 08:01 15344664                   /usr/lib/x86_64-linux-gnu/libxcb-dri2.so.0.0.0
7f602074a000-7f602075f000 r-xp 00000000 08:01 15344668                   /usr/lib/x86_64-linux-gnu/libxcb-glx.so.0.0.0
7f602075f000-7f602095e000 ---p 00015000 08:01 15344668                   /usr/lib/x86_64-linux-gnu/libxcb-glx.so.0.0.0
7f602095e000-7f6020960000 r--p 00014000 08:01 15344668                   /usr/lib/x86_64-linux-gnu/libxcb-glx.so.0.0.0
7f6020960000-7f6020961000 rw-p 00016000 08:01 15344668                   /usr/lib/x86_64-linux-gnu/libxcb-glx.so.0.0.0
7f6020961000-7f6020962000 r-xp 00000000 08:01 15343492                   /usr/lib/x86_64-linux-gnu/libX11-xcb.so.1.0.0
7f6020962000-7f6020b61000 ---p 00001000 08:01 15343492                   /usr/lib/x86_64-linux-gnu/libX11-xcb.so.1.0.0
7f6020b61000-7f6020b62000 r--p 00000000 08:01 15343492                   /usr/lib/x86_64-linux-gnu/libX11-xcb.so.1.0.0
7f6020b62000-7f6020b63000 rw-p 00001000 08:01 15343492                   /usr/lib/x86_64-linux-gnu/libX11-xcb.so.1.0.0
7f6020b63000-7f6020b65000 r-xp 00000000 08:01 15343507                   /usr/lib/x86_64-linux-gnu/libXdamage.so.1.1.0
7f6020b65000-7f6020d64000 ---p 00002000 08:01 15343507                   /usr/lib/x86_64-linux-gnu/libXdamage.so.1.1.0
7f6020d64000-7f6020d65000 r--p 00001000 08:01 15343507                   /usr/lib/x86_64-linux-gnu/libXdamage.so.1.1.0
7f6020d65000-7f6020d66000 rw-p 00002000 08:01 15343507                   /usr/lib/x86_64-linux-gnu/libXdamage.so.1.1.0
7f6020d66000-7f6020d8b000 r-xp 00000000 08:01 15343260                   /usr/lib/x86_64-linux-gnu/libglapi.so.0.0.0
7f6020d8b000-7f6020f8b000 ---p 00025000 08:01 15343260                   /usr/lib/x86_64-linux-gnu/libglapi.so.0.0.0
7f6020f8b000-7f6020f8e000 r--p 00025000 08:01 15343260                   /usr/lib/x86_64-linux-gnu/libglapi.so.0.0.0
7f6020f8e000-7f6020f8f000 rw-p 00028000 08:01 15343260                   /usr/lib/x86_64-linux-gnu/libglapi.so.0.0.0
7f6020f8f000-7f6020f90000 rw-p 00000000 00:00 0 
7f6020f90000-7f6020fb6000 r-xp 00000000 08:01 27267358                   /lib/x86_64-linux-gnu/libexpat.so.1.6.0
7f6020fb6000-7f60211b5000 ---p 00026000 08:01 27267358                   /lib/x86_64-linux-gnu/libexpat.so.1.6.0
7f60211b5000-7f60211b8000 r--p 00025000 08:01 27267358                   /lib/x86_64-linux-gnu/libexpat.so.1.6.0
7f60211b8000-7f60211b9000 rw-p 00028000 08:01 27267358                   /lib/x86_64-linux-gnu/libexpat.so.1.6.0
7f60211b9000-7f6021251000 r-xp 00000000 08:01 15732978                   /usr/lib/x86_64-linux-gnu/mesa/libGL.so.1.2.0
7f6021251000-7f6021450000 ---p 00098000 08:01 15732978                   /usr/lib/x86_64-linux-gnu/mesa/libGL.so.1.2.0
7f6021450000-7f6021453000 r--p 00097000 08:01 15732978                   /usr/lib/x86_64-linux-gnu/mesa/libGL.so.1.2.0
7f6021453000-7f6021454000 rw-p 0009a000 08:01 15732978                   /usr/lib/x86_64-linux-gnu/mesa/libGL.so.1.2.0
7f6021454000-7f6021655000 rw-p 00000000 00:00 0 
7f6021655000-7f6021855000 rw-p 00000000 00:00 0 
7f6021855000-7f602185c000 r-xp 00000000 08:01 28316376                   /tmp/jogamp_0000/file_cache/jln7502157131798379504/jln3966095223100225056/libnativewindow_x11.so
7f602185c000-7f6021a5b000 ---p 00007000 08:01 28316376                   /tmp/jogamp_0000/file_cache/jln7502157131798379504/jln3966095223100225056/libnativewindow_x11.so
7f6021a5b000-7f6021a5c000 rw-p 00006000 08:01 28316376                   /tmp/jogamp_0000/file_cache/jln7502157131798379504/jln3966095223100225056/libnativewindow_x11.so
7f6021a5c000-7f6021a60000 r-xp 00000000 08:01 15343549                   /usr/lib/x86_64-linux-gnu/libXxf86vm.so.1.0.0
7f6021a60000-7f6021c60000 ---p 00004000 08:01 15343549                   /usr/lib/x86_64-linux-gnu/libXxf86vm.so.1.0.0
7f6021c60000-7f6021c61000 r--p 00004000 08:01 15343549                   /usr/lib/x86_64-linux-gnu/libXxf86vm.so.1.0.0
7f6021c61000-7f6021c62000 rw-p 00005000 08:01 15343549                   /usr/lib/x86_64-linux-gnu/libXxf86vm.so.1.0.0
7f6021c86000-7f6021c88000 r-xp 00000000 08:01 28316375                   /tmp/jogamp_0000/file_cache/jln7502157131798379504/jln3966095223100225056/libnativewindow_awt.so
7f6021c88000-7f6021e87000 ---p 00002000 08:01 28316375                   /tmp/jogamp_0000/file_cache/jln7502157131798379504/jln3966095223100225056/libnativewindow_awt.so
7f6021e87000-7f6021e88000 rw-p 00001000 08:01 28316375                   /tmp/jogamp_0000/file_cache/jln7502157131798379504/jln3966095223100225056/libnativewindow_awt.so
7f6021e88000-7f6021e89000 r-xp 00000000 08:01 3450810                    /home/ema/Scaricati/jdk1.8.0_92/jre/lib/amd64/libjawt.so
7f6021e89000-7f6022088000 ---p 00001000 08:01 3450810                    /home/ema/Scaricati/jdk1.8.0_92/jre/lib/amd64/libjawt.so
7f6022088000-7f6022089000 rw-p 00000000 08:01 3450810                    /home/ema/Scaricati/jdk1.8.0_92/jre/lib/amd64/libjawt.so
7f6022089000-7f602208b000 r-xp 00000000 08:01 28316358                   /tmp/jogamp_0000/file_cache/jln7502157131798379504/jln3966095223100225056/libgluegen-rt.so
7f602208b000-7f602228a000 ---p 00002000 08:01 28316358                   /tmp/jogamp_0000/file_cache/jln7502157131798379504/jln3966095223100225056/libgluegen-rt.so
7f602228a000-7f602228b000 rw-p 00001000 08:01 28316358                   /tmp/jogamp_0000/file_cache/jln7502157131798379504/jln3966095223100225056/libgluegen-rt.so
7f602228b000-7f602228e000 ---p 00000000 00:00 0 
7f602228e000-7f602238c000 rw-p 00000000 00:00 0 
7f602238c000-7f6022396000 r--s 00116000 08:01 3450653                    /home/ema/Scaricati/jdk1.8.0_92/jre/lib/ext/localedata.jar
7f6022396000-7f60223b2000 r--s 00393000 08:01 3450599                    /home/ema/Scaricati/jdk1.8.0_92/jre/lib/ext/cldrdata.jar
7f60223b2000-7f60225b2000 rw-p 00000000 00:00 0 
7f60225b2000-7f60225b5000 ---p 00000000 00:00 0 
7f60225b5000-7f60228b3000 rw-p 00000000 00:00 0 
7f60228b3000-7f60228b6000 ---p 00000000 00:00 0 
7f60228b6000-7f60229b4000 rw-p 00000000 00:00 0 
7f60229b4000-7f6022a1d000 r-xp 00000000 08:01 3450779                    /home/ema/Scaricati/jdk1.8.0_92/jre/lib/amd64/libt2k.so
7f6022a1d000-7f6022c1d000 ---p 00069000 08:01 3450779                    /home/ema/Scaricati/jdk1.8.0_92/jre/lib/amd64/libt2k.so
7f6022c1d000-7f6022c24000 rw-p 00069000 08:01 3450779                    /home/ema/Scaricati/jdk1.8.0_92/jre/lib/amd64/libt2k.so
7f6022c24000-7f6022c34000 rw-p 00000000 00:00 0 
7f6022c34000-7f6022c45000 r-xp 00000000 08:01 3450822                    /home/ema/Scaricati/jdk1.8.0_92/jre/lib/amd64/libnio.so
7f6022c45000-7f6022e44000 ---p 00011000 08:01 3450822                    /home/ema/Scaricati/jdk1.8.0_92/jre/lib/amd64/libnio.so
7f6022e44000-7f6022e45000 rw-p 00010000 08:01 3450822                    /home/ema/Scaricati/jdk1.8.0_92/jre/lib/amd64/libnio.so
7f6022e45000-7f6023146000 rw-p 00000000 00:00 0 
7f6023146000-7f602315c000 r-xp 00000000 08:01 3450819                    /home/ema/Scaricati/jdk1.8.0_92/jre/lib/amd64/libnet.so
7f602315c000-7f602335c000 ---p 00016000 08:01 3450819                    /home/ema/Scaricati/jdk1.8.0_92/jre/lib/amd64/libnet.so
7f602335c000-7f602335d000 rw-p 00016000 08:01 3450819                    /home/ema/Scaricati/jdk1.8.0_92/jre/lib/amd64/libnet.so
7f602335d000-7f6023360000 ---p 00000000 00:00 0 
7f6023360000-7f602345e000 rw-p 00000000 00:00 0 
7f602345e000-7f6023461000 ---p 00000000 00:00 0 
7f6023461000-7f602355f000 rw-p 00000000 00:00 0 
7f602355f000-7f6023562000 ---p 00000000 00:00 0 
7f6023562000-7f6023660000 rw-p 00000000 00:00 0 
7f6023660000-7f6023663000 ---p 00000000 00:00 0 
7f6023663000-7f6023761000 rw-p 00000000 00:00 0 
7f6023761000-7f6023766000 r-xp 00000000 08:01 15343513                   /usr/lib/x86_64-linux-gnu/libXfixes.so.3.1.0
7f6023766000-7f6023965000 ---p 00005000 08:01 15343513                   /usr/lib/x86_64-linux-gnu/libXfixes.so.3.1.0
7f6023965000-7f6023966000 r--p 00004000 08:01 15343513                   /usr/lib/x86_64-linux-gnu/libXfixes.so.3.1.0
7f6023966000-7f6023967000 rw-p 00005000 08:01 15343513                   /usr/lib/x86_64-linux-gnu/libXfixes.so.3.1.0
7f6023967000-7f6023970000 r-xp 00000000 08:01 15343505                   /usr/lib/x86_64-linux-gnu/libXcursor.so.1.0.2
7f6023970000-7f6023b6f000 ---p 00009000 08:01 15343505                   /usr/lib/x86_64-linux-gnu/libXcursor.so.1.0.2
7f6023b6f000-7f6023b70000 r--p 00008000 08:01 15343505                   /usr/lib/x86_64-linux-gnu/libXcursor.so.1.0.2
7f6023b70000-7f6023b71000 rw-p 00009000 08:01 15343505                   /usr/lib/x86_64-linux-gnu/libXcursor.so.1.0.2
7f6023b71000-7f6023b87000 r-xp 00000000 08:01 27269807                   /lib/x86_64-linux-gnu/libgcc_s.so.1
7f6023b87000-7f6023d86000 ---p 00016000 08:01 27269807                   /lib/x86_64-linux-gnu/libgcc_s.so.1
7f6023d86000-7f6023d87000 rw-p 00015000 08:01 27269807                   /lib/x86_64-linux-gnu/libgcc_s.so.1
7f6023d87000-7f6023dec000 r-xp 00000000 08:01 3450798                    /home/ema/Scaricati/jdk1.8.0_92/jre/lib/amd64/libfontmanager.so
7f6023dec000-7f6023feb000 ---p 00065000 08:01 3450798                    /home/ema/Scaricati/jdk1.8.0_92/jre/lib/amd64/libfontmanager.so
7f6023feb000-7f6023ff0000 rw-p 00064000 08:01 3450798                    /home/ema/Scaricati/jdk1.8.0_92/jre/lib/amd64/libfontmanager.so
7f6023ff0000-7f6024000000 rw-p 00000000 00:00 0 
7f6024000000-7f6024981000 rw-p 00000000 00:00 0 
7f6024981000-7f6028000000 ---p 00000000 00:00 0 
7f6028000000-7f6028021000 rw-p 00000000 00:00 0 
7f6028021000-7f602c000000 ---p 00000000 00:00 0 
7f602c000000-7f602d3cf000 rw-p 00000000 00:00 0 
7f602d3cf000-7f6030000000 ---p 00000000 00:00 0 
7f6030000000-7f6030990000 rw-p 00000000 00:00 0 
7f6030990000-7f6034000000 ---p 00000000 00:00 0 
7f6034000000-7f6034021000 rw-p 00000000 00:00 0 
7f6034021000-7f6038000000 ---p 00000000 00:00 0 
7f6038000000-7f6038beb000 rw-p 00000000 00:00 0 
7f6038beb000-7f603c000000 ---p 00000000 00:00 0 
7f603c000000-7f603c021000 rw-p 00000000 00:00 0 
7f603c021000-7f6040000000 ---p 00000000 00:00 0 
7f6040000000-7f6040021000 rw-p 00000000 00:00 0 
7f6040021000-7f6044000000 ---p 00000000 00:00 0 
7f6044000000-7f6044021000 rw-p 00000000 00:00 0 
7f6044021000-7f6048000000 ---p 00000000 00:00 0 
7f6048003000-7f6048006000 ---p 00000000 00:00 0 
7f6048006000-7f604803c000 rw-p 00000000 00:00 0 
7f604803c000-7f604803f000 ---p 00000000 00:00 0 
7f604803f000-7f604813d000 rw-p 00000000 00:00 0 
7f604813d000-7f6048142000 r-xp 00000000 08:01 15343509                   /usr/lib/x86_64-linux-gnu/libXdmcp.so.6.0.0
7f6048142000-7f6048341000 ---p 00005000 08:01 15343509                   /usr/lib/x86_64-linux-gnu/libXdmcp.so.6.0.0
7f6048341000-7f6048342000 r--p 00004000 08:01 15343509                   /usr/lib/x86_64-linux-gnu/libXdmcp.so.6.0.0
7f6048342000-7f6048343000 rw-p 00005000 08:01 15343509                   /usr/lib/x86_64-linux-gnu/libXdmcp.so.6.0.0
7f6048343000-7f6048345000 r-xp 00000000 08:01 15343498                   /usr/lib/x86_64-linux-gnu/libXau.so.6.0.0
7f6048345000-7f6048545000 ---p 00002000 08:01 15343498                   /usr/lib/x86_64-linux-gnu/libXau.so.6.0.0
7f6048545000-7f6048546000 r--p 00002000 08:01 15343498                   /usr/lib/x86_64-linux-gnu/libXau.so.6.0.0
7f6048546000-7f6048547000 rw-p 00003000 08:01 15343498                   /usr/lib/x86_64-linux-gnu/libXau.so.6.0.0
7f6048547000-7f6048564000 r-xp 00000000 08:01 15344696                   /usr/lib/x86_64-linux-gnu/libxcb.so.1.1.0
7f6048564000-7f6048764000 ---p 0001d000 08:01 15344696                   /usr/lib/x86_64-linux-gnu/libxcb.so.1.1.0
7f6048764000-7f6048765000 r--p 0001d000 08:01 15344696                   /usr/lib/x86_64-linux-gnu/libxcb.so.1.1.0
7f6048765000-7f6048766000 rw-p 0001e000 08:01 15344696                   /usr/lib/x86_64-linux-gnu/libxcb.so.1.1.0
7f6048766000-7f6048775000 r-xp 00000000 08:01 15343519                   /usr/lib/x86_64-linux-gnu/libXi.so.6.1.0
7f6048775000-7f6048974000 ---p 0000f000 08:01 15343519                   /usr/lib/x86_64-linux-gnu/libXi.so.6.1.0
7f6048974000-7f6048975000 r--p 0000e000 08:01 15343519                   /usr/lib/x86_64-linux-gnu/libXi.so.6.1.0
7f6048975000-7f6048976000 rw-p 0000f000 08:01 15343519                   /usr/lib/x86_64-linux-gnu/libXi.so.6.1.0
7f6048976000-7f604897b000 r-xp 00000000 08:01 15343539                   /usr/lib/x86_64-linux-gnu/libXtst.so.6.1.0
7f604897b000-7f6048b7a000 ---p 00005000 08:01 15343539                   /usr/lib/x86_64-linux-gnu/libXtst.so.6.1.0
7f6048b7a000-7f6048b7b000 r--p 00004000 08:01 15343539                   /usr/lib/x86_64-linux-gnu/libXtst.so.6.1.0
7f6048b7b000-7f6048b7c000 rw-p 00005000 08:01 15343539                   /usr/lib/x86_64-linux-gnu/libXtst.so.6.1.0
7f6048b7c000-7f6048b85000 r-xp 00000000 08:01 15343533                   /usr/lib/x86_64-linux-gnu/libXrender.so.1.3.0
7f6048b85000-7f6048d84000 ---p 00009000 08:01 15343533                   /usr/lib/x86_64-linux-gnu/libXrender.so.1.3.0
7f6048d84000-7f6048d85000 r--p 00008000 08:01 15343533                   /usr/lib/x86_64-linux-gnu/libXrender.so.1.3.0
7f6048d85000-7f6048d86000 rw-p 00009000 08:01 15343533                   /usr/lib/x86_64-linux-gnu/libXrender.so.1.3.0
7f6048d86000-7f6048eb9000 r-xp 00000000 08:01 15343494                   /usr/lib/x86_64-linux-gnu/libX11.so.6.3.0
7f6048eb9000-7f60490b9000 ---p 00133000 08:01 15343494                   /usr/lib/x86_64-linux-gnu/libX11.so.6.3.0
7f60490b9000-7f60490ba000 r--p 00133000 08:01 15343494                   /usr/lib/x86_64-linux-gnu/libX11.so.6.3.0
7f60490ba000-7f60490be000 rw-p 00134000 08:01 15343494                   /usr/lib/x86_64-linux-gnu/libX11.so.6.3.0
7f60490be000-7f60490bf000 rw-p 00000000 00:00 0 
7f60490bf000-7f60490d0000 r-xp 00000000 08:01 15343511                   /usr/lib/x86_64-linux-gnu/libXext.so.6.4.0
7f60490d0000-7f60492cf000 ---p 00011000 08:01 15343511                   /usr/lib/x86_64-linux-gnu/libXext.so.6.4.0
7f60492cf000-7f60492d0000 r--p 00010000 08:01 15343511                   /usr/lib/x86_64-linux-gnu/libXext.so.6.4.0
7f60492d0000-7f60492d1000 rw-p 00011000 08:01 15343511                   /usr/lib/x86_64-linux-gnu/libXext.so.6.4.0
7f60492d1000-7f6049325000 r-xp 00000000 08:01 3450826                    /home/ema/Scaricati/jdk1.8.0_92/jre/lib/amd64/libawt_xawt.so
7f6049325000-7f6049525000 ---p 00054000 08:01 3450826                    /home/ema/Scaricati/jdk1.8.0_92/jre/lib/amd64/libawt_xawt.so
7f6049525000-7f6049529000 rw-p 00054000 08:01 3450826                    /home/ema/Scaricati/jdk1.8.0_92/jre/lib/amd64/libawt_xawt.so
7f6049529000-7f604952a000 rw-p 00000000 00:00 0 
7f604952a000-7f60495cc000 r-xp 00000000 08:01 3450809                    /home/ema/Scaricati/jdk1.8.0_92/jre/lib/amd64/libawt.so
7f60495cc000-7f60497cc000 ---p 000a2000 08:01 3450809                    /home/ema/Scaricati/jdk1.8.0_92/jre/lib/amd64/libawt.so
7f60497cc000-7f60497d8000 rw-p 000a2000 08:01 3450809                    /home/ema/Scaricati/jdk1.8.0_92/jre/lib/amd64/libawt.so
7f60497d8000-7f60497fc000 rw-p 00000000 00:00 0 
7f60497fc000-7f60497fd000 ---p 00000000 00:00 0 
7f60497fd000-7f60498fd000 rw-p 00000000 00:00 0 
7f60498fd000-7f6049900000 ---p 00000000 00:00 0 
7f6049900000-7f60499fe000 rw-p 00000000 00:00 0 
7f60499fe000-7f6049a01000 ---p 00000000 00:00 0 
7f6049a01000-7f6049aff000 rw-p 00000000 00:00 0 
7f6049aff000-7f6049b02000 ---p 00000000 00:00 0 
7f6049b02000-7f6049c00000 rw-p 00000000 00:00 0 
7f6049c00000-7f6049c03000 ---p 00000000 00:00 0 
7f6049c03000-7f6049d01000 rw-p 00000000 00:00 0 
7f6049d01000-7f6049d04000 ---p 00000000 00:00 0 
7f6049d04000-7f6049e02000 rw-p 00000000 00:00 0 
7f6049e02000-7f6049e05000 ---p 00000000 00:00 0 
7f6049e05000-7f6049f03000 rw-p 00000000 00:00 0 
7f6049f03000-7f604a5e6000 r--p 00000000 08:01 15342584                   /usr/lib/locale/locale-archive
7f604a5e6000-7f604a5e9000 ---p 00000000 00:00 0 
7f604a5e9000-7f604a6e7000 rw-p 00000000 00:00 0 
7f604a6e7000-7f604a6ea000 ---p 00000000 00:00 0 
7f604a6ea000-7f604a7e8000 rw-p 00000000 00:00 0 
7f604a7e8000-7f604a7e9000 ---p 00000000 00:00 0 
7f604a7e9000-7f604c000000 rw-p 00000000 00:00 0 
7f604c000000-7f604c021000 rw-p 00000000 00:00 0 
7f604c021000-7f6050000000 ---p 00000000 00:00 0 
7f6050003000-7f6050026000 r--s 002ec000 08:01 3540429                    /home/ema/Dropbox/ACCADEMIC/Programmi/Java/ucsdunfoldingmaps/lib/jogl-all.jar
7f6050026000-7f60504ae000 rw-p 00000000 00:00 0 
7f60504ae000-7f6050687000 r--s 03d24000 08:01 3450543                    /home/ema/Scaricati/jdk1.8.0_92/jre/lib/rt.jar
7f6050687000-7f6054000000 rw-p 00000000 00:00 0 
7f6054000000-7f6054021000 rw-p 00000000 00:00 0 
7f6054021000-7f6058000000 ---p 00000000 00:00 0 
7f6058000000-7f6058021000 rw-p 00000000 00:00 0 
7f6058021000-7f605c000000 ---p 00000000 00:00 0 
7f605c000000-7f605c021000 rw-p 00000000 00:00 0 
7f605c021000-7f6060000000 ---p 00000000 00:00 0 
7f6060000000-7f6060021000 rw-p 00000000 00:00 0 
7f6060021000-7f6064000000 ---p 00000000 00:00 0 
7f6064000000-7f6064021000 rw-p 00000000 00:00 0 
7f6064021000-7f6068000000 ---p 00000000 00:00 0 
7f6068000000-7f6068021000 rw-p 00000000 00:00 0 
7f6068021000-7f606c000000 ---p 00000000 00:00 0 
7f606c000000-7f606c021000 rw-p 00000000 00:00 0 
7f606c021000-7f6070000000 ---p 00000000 00:00 0 
7f6070005000-7f607014e000 rw-p 00000000 00:00 0 
7f607014e000-7f607014f000 ---p 00000000 00:00 0 
7f607014f000-7f607024f000 rw-p 00000000 00:00 0 
7f607024f000-7f6070250000 ---p 00000000 00:00 0 
7f6070250000-7f6070350000 rw-p 00000000 00:00 0 
7f6070350000-7f6070351000 ---p 00000000 00:00 0 
7f6070351000-7f6070451000 rw-p 00000000 00:00 0 
7f6070451000-7f6070452000 ---p 00000000 00:00 0 
7f6070452000-7f6070552000 rw-p 00000000 00:00 0 
7f6070552000-7f6070553000 ---p 00000000 00:00 0 
7f6070553000-7f6070653000 rw-p 00000000 00:00 0 
7f6070653000-7f6070654000 ---p 00000000 00:00 0 
7f6070654000-7f6070754000 rw-p 00000000 00:00 0 
7f6070754000-7f6070755000 ---p 00000000 00:00 0 
7f6070755000-7f6070855000 rw-p 00000000 00:00 0 
7f6070855000-7f6070856000 ---p 00000000 00:00 0 
7f6070856000-7f6070977000 rw-p 00000000 00:00 0 
7f6070977000-7f6070b46000 ---p 00000000 00:00 0 
7f6070b46000-7f6070b63000 rw-p 00000000 00:00 0 
7f6070b63000-7f6070c3f000 ---p 00000000 00:00 0 
7f6070c3f000-7f6070c60000 rw-p 00000000 00:00 0 
7f6070c60000-7f6071000000 ---p 00000000 00:00 0 
7f6071000000-7f60717f0000 rwxp 00000000 00:00 0 
7f60717f0000-7f6080000000 ---p 00000000 00:00 0 
7f6080000000-7f60802d7000 rw-p 00000000 00:00 0 
7f60802d7000-7f6084000000 ---p 00000000 00:00 0 
7f6084006000-7f6084027000 rw-p 00000000 00:00 0 
7f6084027000-7f60841f7000 ---p 00000000 00:00 0 
7f60841f7000-7f6084211000 r-xp 00000000 08:01 3450813                    /home/ema/Scaricati/jdk1.8.0_92/jre/lib/amd64/libzip.so
7f6084211000-7f6084411000 ---p 0001a000 08:01 3450813                    /home/ema/Scaricati/jdk1.8.0_92/jre/lib/amd64/libzip.so
7f6084411000-7f6084412000 rw-p 0001a000 08:01 3450813                    /home/ema/Scaricati/jdk1.8.0_92/jre/lib/amd64/libzip.so
7f6084412000-7f608441e000 r-xp 00000000 08:01 27267297                   /lib/x86_64-linux-gnu/libnss_files-2.21.so
7f608441e000-7f608461d000 ---p 0000c000 08:01 27267297                   /lib/x86_64-linux-gnu/libnss_files-2.21.so
7f608461d000-7f608461e000 r--p 0000b000 08:01 27267297                   /lib/x86_64-linux-gnu/libnss_files-2.21.so
7f608461e000-7f608461f000 rw-p 0000c000 08:01 27267297                   /lib/x86_64-linux-gnu/libnss_files-2.21.so
7f608461f000-7f608462a000 r-xp 00000000 08:01 27267307                   /lib/x86_64-linux-gnu/libnss_nis-2.21.so
7f608462a000-7f6084829000 ---p 0000b000 08:01 27267307                   /lib/x86_64-linux-gnu/libnss_nis-2.21.so
7f6084829000-7f608482a000 r--p 0000a000 08:01 27267307                   /lib/x86_64-linux-gnu/libnss_nis-2.21.so
7f608482a000-7f608482b000 rw-p 0000b000 08:01 27267307                   /lib/x86_64-linux-gnu/libnss_nis-2.21.so
7f608482b000-7f6084842000 r-xp 00000000 08:01 27267291                   /lib/x86_64-linux-gnu/libnsl-2.21.so
7f6084842000-7f6084a41000 ---p 00017000 08:01 27267291                   /lib/x86_64-linux-gnu/libnsl-2.21.so
7f6084a41000-7f6084a42000 r--p 00016000 08:01 27267291                   /lib/x86_64-linux-gnu/libnsl-2.21.so
7f6084a42000-7f6084a43000 rw-p 00017000 08:01 27267291                   /lib/x86_64-linux-gnu/libnsl-2.21.so
7f6084a43000-7f6084a45000 rw-p 00000000 00:00 0 
7f6084a45000-7f6084a4d000 r-xp 00000000 08:01 27267293                   /lib/x86_64-linux-gnu/libnss_compat-2.21.so
7f6084a4d000-7f6084c4c000 ---p 00008000 08:01 27267293                   /lib/x86_64-linux-gnu/libnss_compat-2.21.so
7f6084c4c000-7f6084c4d000 r--p 00007000 08:01 27267293                   /lib/x86_64-linux-gnu/libnss_compat-2.21.so
7f6084c4d000-7f6084c4e000 rw-p 00008000 08:01 27267293                   /lib/x86_64-linux-gnu/libnss_compat-2.21.so
7f6084c4e000-7f6084c78000 r-xp 00000000 08:01 3450807                    /home/ema/Scaricati/jdk1.8.0_92/jre/lib/amd64/libjava.so
7f6084c78000-7f6084e78000 ---p 0002a000 08:01 3450807                    /home/ema/Scaricati/jdk1.8.0_92/jre/lib/amd64/libjava.so
7f6084e78000-7f6084e7a000 rw-p 0002a000 08:01 3450807                    /home/ema/Scaricati/jdk1.8.0_92/jre/lib/amd64/libjava.so
7f6084e7a000-7f6084e87000 r-xp 00000000 08:01 3450812                    /home/ema/Scaricati/jdk1.8.0_92/jre/lib/amd64/libverify.so
7f6084e87000-7f6085087000 ---p 0000d000 08:01 3450812                    /home/ema/Scaricati/jdk1.8.0_92/jre/lib/amd64/libverify.so
7f6085087000-7f6085089000 rw-p 0000d000 08:01 3450812                    /home/ema/Scaricati/jdk1.8.0_92/jre/lib/amd64/libverify.so
7f6085089000-7f6085090000 r-xp 00000000 08:01 27267352                   /lib/x86_64-linux-gnu/librt-2.21.so
7f6085090000-7f608528f000 ---p 00007000 08:01 27267352                   /lib/x86_64-linux-gnu/librt-2.21.so
7f608528f000-7f6085290000 r--p 00006000 08:01 27267352                   /lib/x86_64-linux-gnu/librt-2.21.so
7f6085290000-7f6085291000 rw-p 00007000 08:01 27267352                   /lib/x86_64-linux-gnu/librt-2.21.so
7f6085291000-7f6085398000 r-xp 00000000 08:01 27267270                   /lib/x86_64-linux-gnu/libm-2.21.so
7f6085398000-7f6085597000 ---p 00107000 08:01 27267270                   /lib/x86_64-linux-gnu/libm-2.21.so
7f6085597000-7f6085598000 r--p 00106000 08:01 27267270                   /lib/x86_64-linux-gnu/libm-2.21.so
7f6085598000-7f6085599000 rw-p 00107000 08:01 27267270                   /lib/x86_64-linux-gnu/libm-2.21.so
7f6085599000-7f608625c000 r-xp 00000000 08:01 3450788                    /home/ema/Scaricati/jdk1.8.0_92/jre/lib/amd64/server/libjvm.so
7f608625c000-7f608645b000 ---p 00cc3000 08:01 3450788                    /home/ema/Scaricati/jdk1.8.0_92/jre/lib/amd64/server/libjvm.so
7f608645b000-7f6086534000 rw-p 00cc2000 08:01 3450788                    /home/ema/Scaricati/jdk1.8.0_92/jre/lib/amd64/server/libjvm.so
7f6086534000-7f608657f000 rw-p 00000000 00:00 0 
7f608657f000-7f608673f000 r-xp 00000000 08:01 27267211                   /lib/x86_64-linux-gnu/libc-2.21.so
7f608673f000-7f608693f000 ---p 001c0000 08:01 27267211                   /lib/x86_64-linux-gnu/libc-2.21.so
7f608693f000-7f6086943000 r--p 001c0000 08:01 27267211                   /lib/x86_64-linux-gnu/libc-2.21.so
7f6086943000-7f6086945000 rw-p 001c4000 08:01 27267211                   /lib/x86_64-linux-gnu/libc-2.21.so
7f6086945000-7f6086949000 rw-p 00000000 00:00 0 
7f6086949000-7f608694c000 r-xp 00000000 08:01 27267228                   /lib/x86_64-linux-gnu/libdl-2.21.so
7f608694c000-7f6086b4b000 ---p 00003000 08:01 27267228                   /lib/x86_64-linux-gnu/libdl-2.21.so
7f6086b4b000-7f6086b4c000 r--p 00002000 08:01 27267228                   /lib/x86_64-linux-gnu/libdl-2.21.so
7f6086b4c000-7f6086b4d000 rw-p 00003000 08:01 27267228                   /lib/x86_64-linux-gnu/libdl-2.21.so
7f6086b4d000-7f6086b62000 r-xp 00000000 08:01 3450782                    /home/ema/Scaricati/jdk1.8.0_92/jre/lib/amd64/jli/libjli.so
7f6086b62000-7f6086d62000 ---p 00015000 08:01 3450782                    /home/ema/Scaricati/jdk1.8.0_92/jre/lib/amd64/jli/libjli.so
7f6086d62000-7f6086d63000 rw-p 00015000 08:01 3450782                    /home/ema/Scaricati/jdk1.8.0_92/jre/lib/amd64/jli/libjli.so
7f6086d63000-7f6086d7b000 r-xp 00000000 08:01 27267344                   /lib/x86_64-linux-gnu/libpthread-2.21.so
7f6086d7b000-7f6086f7b000 ---p 00018000 08:01 27267344                   /lib/x86_64-linux-gnu/libpthread-2.21.so
7f6086f7b000-7f6086f7c000 r--p 00018000 08:01 27267344                   /lib/x86_64-linux-gnu/libpthread-2.21.so
7f6086f7c000-7f6086f7d000 rw-p 00019000 08:01 27267344                   /lib/x86_64-linux-gnu/libpthread-2.21.so
7f6086f7d000-7f6086f81000 rw-p 00000000 00:00 0 
7f6086f81000-7f6086fa5000 r-xp 00000000 08:01 27267183                   /lib/x86_64-linux-gnu/ld-2.21.so
7f6086fa5000-7f6086fa6000 rw-p 00000000 00:00 0 
7f6086fa6000-7f6086fa8000 rw-s 1b6112000 00:06 9579                      /dev/dri/card0
7f6086fa8000-7f6086fa9000 rw-s 1b6da4000 00:06 9579                      /dev/dri/card0
7f6086fa9000-7f6086faa000 rwxp 00000000 00:00 0 
7f6086faa000-7f6086fab000 rw-s 1968fd000 00:06 9579                      /dev/dri/card0
7f6086fab000-7f6086fad000 r--s 00000000 08:01 3540406                    /home/ema/Dropbox/ACCADEMIC/Programmi/Java/ucsdunfoldingmaps/lib/gluegen-rt-natives-linux-amd64.jar
7f6086fad000-7f6086fb1000 r--s 00097000 08:01 3450594                    /home/ema/Scaricati/jdk1.8.0_92/jre/lib/jsse.jar
7f6086fb1000-7f6086fb7000 r--s 00033000 08:01 3540448                    /home/ema/Dropbox/ACCADEMIC/Programmi/Java/ucsdunfoldingmaps/lib/unfolding.0.9.7-uscd.jar
7f6086fb7000-7f6087079000 rw-p 00000000 00:00 0 
7f6087079000-7f608707c000 ---p 00000000 00:00 0 
7f608707c000-7f608717e000 rw-p 00000000 00:00 0 
7f608717e000-7f608717f000 r--s 0002f000 08:01 3540414                    /home/ema/Dropbox/ACCADEMIC/Programmi/Java/ucsdunfoldingmaps/lib/jogl-all-natives-linux-amd64.jar
7f608717f000-7f6087180000 r--p 00000000 00:00 0 
7f6087180000-7f6087181000 r--s 00005000 08:01 3540435                    /home/ema/Dropbox/ACCADEMIC/Programmi/Java/ucsdunfoldingmaps/lib/libTUIO.jar
7f6087181000-7f6087182000 r--s 00007000 08:01 3540430                    /home/ema/Dropbox/ACCADEMIC/Programmi/Java/ucsdunfoldingmaps/lib/json4processing.jar
7f6087182000-7f6087187000 r--s 00309000 08:01 3540440                    /home/ema/Dropbox/ACCADEMIC/Programmi/Java/ucsdunfoldingmaps/lib/sqlite-jdbc-3.7.2.jar
7f6087187000-7f608718e000 r--s 00059000 08:01 3540436                    /home/ema/Dropbox/ACCADEMIC/Programmi/Java/ucsdunfoldingmaps/lib/log4j-1.2.15.jar
7f608718e000-7f6087194000 r--s 00041000 08:01 3540413                    /home/ema/Dropbox/ACCADEMIC/Programmi/Java/ucsdunfoldingmaps/lib/gluegen-rt.jar
7f6087194000-7f6087198000 r--s 0009a000 08:01 3540405                    /home/ema/Dropbox/ACCADEMIC/Programmi/Java/ucsdunfoldingmaps/lib/core.jar
7f6087198000-7f60871a0000 rw-s 00000000 08:01 28311657                   /tmp/hsperfdata_ema/24464
7f60871a0000-7f60871a1000 rw-p 00000000 00:00 0 
7f60871a1000-7f60871a2000 r--p 00000000 00:00 0 
7f60871a2000-7f60871a4000 rw-p 00000000 00:00 0 
7f60871a4000-7f60871a5000 r--p 00023000 08:01 27267183                   /lib/x86_64-linux-gnu/ld-2.21.so
7f60871a5000-7f60871a6000 rw-p 00024000 08:01 27267183                   /lib/x86_64-linux-gnu/ld-2.21.so
7f60871a6000-7f60871a7000 rw-p 00000000 00:00 0 
7fff5647a000-7fff5649b000 rw-p 00000000 00:00 0                          [stack]
7fff565b2000-7fff565b4000 r--p 00000000 00:00 0                          [vvar]
7fff565b4000-7fff565b6000 r-xp 00000000 00:00 0                          [vdso]
ffffffffff600000-ffffffffff601000 r-xp 00000000 00:00 0                  [vsyscall]

VM Arguments:
jvm_args: -Djava.security.policy=java.policy.applet -Dfile.encoding=UTF-8 
java_command: sun.applet.AppletViewer module4.EarthquakeCityMap1475826465930.html
java_class_path (initial): /home/ema/Dropbox/ACCADEMIC/Programmi/Java/ucsdunfoldingmaps/build:/home/ema/Dropbox/ACCADEMIC/Programmi/Java/ucsdunfoldingmaps/lib/core.jar:/home/ema/Dropbox/ACCADEMIC/Programmi/Java/ucsdunfoldingmaps/lib/gluegen-rt.jar:/home/ema/Dropbox/ACCADEMIC/Programmi/Java/ucsdunfoldingmaps/lib/jogl-all.jar:/home/ema/Dropbox/ACCADEMIC/Programmi/Java/ucsdunfoldingmaps/lib/log4j-1.2.15.jar:/home/ema/Dropbox/ACCADEMIC/Programmi/Java/ucsdunfoldingmaps/lib/sqlite-jdbc-3.7.2.jar:/home/ema/Dropbox/ACCADEMIC/Programmi/Java/ucsdunfoldingmaps/lib/json4processing.jar:/home/ema/Dropbox/ACCADEMIC/Programmi/Java/ucsdunfoldingmaps/lib/libTUIO.jar:/home/ema/Dropbox/ACCADEMIC/Programmi/Java/ucsdunfoldingmaps/lib/unfolding.0.9.7-uscd.jar
Launcher Type: SUN_STANDARD

Environment Variables:
PATH=/usr/local/sbin:/usr/local/bin:/usr/sbin:/usr/bin:/sbin:/bin:/usr/games:/usr/local/games
SHELL=/bin/bash
DISPLAY=:0

Signal Handlers:
SIGSEGV: [libjvm.so+0xabdee0], sa_mask[0]=11111111011111111101111111111110, sa_flags=SA_RESTART|SA_SIGINFO
SIGBUS: [libjvm.so+0xabdee0], sa_mask[0]=11111111011111111101111111111110, sa_flags=SA_RESTART|SA_SIGINFO
SIGFPE: [libjvm.so+0x91a580], sa_mask[0]=11111111011111111101111111111110, sa_flags=SA_RESTART|SA_SIGINFO
SIGPIPE: [libjvm.so+0x91a580], sa_mask[0]=11111111011111111101111111111110, sa_flags=SA_RESTART|SA_SIGINFO
SIGXFSZ: [libjvm.so+0x91a580], sa_mask[0]=11111111011111111101111111111110, sa_flags=SA_RESTART|SA_SIGINFO
SIGILL: [libjvm.so+0x91a580], sa_mask[0]=11111111011111111101111111111110, sa_flags=SA_RESTART|SA_SIGINFO
SIGUSR1: SIG_DFL, sa_mask[0]=00000000000000000000000000000000, sa_flags=none
SIGUSR2: [libjvm.so+0x91bbb0], sa_mask[0]=00100000000000000000000000000000, sa_flags=SA_RESTART|SA_SIGINFO
SIGHUP: [libjvm.so+0x91cfb0], sa_mask[0]=11111111011111111101111111111110, sa_flags=SA_RESTART|SA_SIGINFO
SIGINT: [libjvm.so+0x91cfb0], sa_mask[0]=11111111011111111101111111111110, sa_flags=SA_RESTART|SA_SIGINFO
SIGTERM: [libjvm.so+0x91cfb0], sa_mask[0]=11111111011111111101111111111110, sa_flags=SA_RESTART|SA_SIGINFO
SIGQUIT: [libjvm.so+0x91cfb0], sa_mask[0]=11111111011111111101111111111110, sa_flags=SA_RESTART|SA_SIGINFO


---------------  S Y S T E M  ---------------

OS:DISTRIB_ID=Ubuntu
DISTRIB_RELEASE=15.04
DISTRIB_CODENAME=vivid
DISTRIB_DESCRIPTION="Ubuntu 15.04"

uname:Linux 3.19.0-69-generic #77-Ubuntu SMP Mon Aug 29 19:53:54 UTC 2016 x86_64
libc:glibc 2.21 NPTL 2.21 
rlimit: STACK 8192k, CORE 0k, NPROC 23746, NOFILE 65536, AS infinity
load average:0,70 0,70 0,67

/proc/meminfo:
MemTotal:        6101264 kB
MemFree:          173916 kB
MemAvailable:    2642416 kB
Buffers:          704952 kB
Cached:          1659604 kB
SwapCached:            0 kB
Active:          4519376 kB
Inactive:         798244 kB
Active(anon):    2957460 kB
Inactive(anon):    41092 kB
Active(file):    1561916 kB
Inactive(file):   757152 kB
Unevictable:          60 kB
Mlocked:              60 kB
SwapTotal:             0 kB
SwapFree:              0 kB
Dirty:              1620 kB
Writeback:             0 kB
AnonPages:       2953392 kB
Mapped:           435784 kB
Shmem:             45492 kB
Slab:             453332 kB
SReclaimable:     402848 kB
SUnreclaim:        50484 kB
KernelStack:       13168 kB
PageTables:        40648 kB
NFS_Unstable:          0 kB
Bounce:                0 kB
WritebackTmp:          0 kB
CommitLimit:     3050632 kB
Committed_AS:    7774136 kB
VmallocTotal:   34359738367 kB
VmallocUsed:      319524 kB
VmallocChunk:   34359286904 kB
HardwareCorrupted:     0 kB
AnonHugePages:   1509376 kB
CmaTotal:              0 kB
CmaFree:               0 kB
HugePages_Total:       0
HugePages_Free:        0
HugePages_Rsvd:        0
HugePages_Surp:        0
Hugepagesize:       2048 kB
DirectMap4k:      187904 kB
DirectMap2M:     6094848 kB


CPU:total 8 (4 cores per cpu, 2 threads per core) family 6 model 26 stepping 5, cmov, cx8, fxsr, mmx, sse, sse2, sse3, ssse3, sse4.1, sse4.2, popcnt, ht, tsc, tscinvbit, tscinv

/proc/cpuinfo:
processor	: 0
vendor_id	: GenuineIntel
cpu family	: 6
model		: 26
model name	: Intel(R) Core(TM) i7 CPU         920  @ 2.67GHz
stepping	: 5
microcode	: 0xf
cpu MHz		: 2000.000
cache size	: 8192 KB
physical id	: 0
siblings	: 8
core id		: 0
cpu cores	: 4
apicid		: 0
initial apicid	: 0
fpu		: yes
fpu_exception	: yes
cpuid level	: 11
wp		: yes
flags		: fpu vme de pse tsc msr pae mce cx8 apic sep mtrr pge mca cmov pat pse36 clflush dts acpi mmx fxsr sse sse2 ss ht tm pbe syscall nx rdtscp lm constant_tsc arch_perfmon pebs bts rep_good nopl xtopology nonstop_tsc aperfmperf pni dtes64 monitor ds_cpl vmx est tm2 ssse3 cx16 xtpr pdcm sse4_1 sse4_2 popcnt lahf_lm ida dtherm tpr_shadow vnmi flexpriority ept vpid
bugs		:
bogomips	: 5344.97
clflush size	: 64
cache_alignment	: 64
address sizes	: 36 bits physical, 48 bits virtual
power management:

processor	: 1
vendor_id	: GenuineIntel
cpu family	: 6
model		: 26
model name	: Intel(R) Core(TM) i7 CPU         920  @ 2.67GHz
stepping	: 5
microcode	: 0xf
cpu MHz		: 1733.000
cache size	: 8192 KB
physical id	: 0
siblings	: 8
core id		: 1
cpu cores	: 4
apicid		: 2
initial apicid	: 2
fpu		: yes
fpu_exception	: yes
cpuid level	: 11
wp		: yes
flags		: fpu vme de pse tsc msr pae mce cx8 apic sep mtrr pge mca cmov pat pse36 clflush dts acpi mmx fxsr sse sse2 ss ht tm pbe syscall nx rdtscp lm constant_tsc arch_perfmon pebs bts rep_good nopl xtopology nonstop_tsc aperfmperf pni dtes64 monitor ds_cpl vmx est tm2 ssse3 cx16 xtpr pdcm sse4_1 sse4_2 popcnt lahf_lm ida dtherm tpr_shadow vnmi flexpriority ept vpid
bugs		:
bogomips	: 5344.97
clflush size	: 64
cache_alignment	: 64
address sizes	: 36 bits physical, 48 bits virtual
power management:

processor	: 2
vendor_id	: GenuineIntel
cpu family	: 6
model		: 26
model name	: Intel(R) Core(TM) i7 CPU         920  @ 2.67GHz
stepping	: 5
microcode	: 0xf
cpu MHz		: 1867.000
cache size	: 8192 KB
physical id	: 0
siblings	: 8
core id		: 2
cpu cores	: 4
apicid		: 4
initial apicid	: 4
fpu		: yes
fpu_exception	: yes
cpuid level	: 11
wp		: yes
flags		: fpu vme de pse tsc msr pae mce cx8 apic sep mtrr pge mca cmov pat pse36 clflush dts acpi mmx fxsr sse sse2 ss ht tm pbe syscall nx rdtscp lm constant_tsc arch_perfmon pebs bts rep_good nopl xtopology nonstop_tsc aperfmperf pni dtes64 monitor ds_cpl vmx est tm2 ssse3 cx16 xtpr pdcm sse4_1 sse4_2 popcnt lahf_lm ida dtherm tpr_shadow vnmi flexpriority ept vpid
bugs		:
bogomips	: 5344.97
clflush size	: 64
cache_alignment	: 64
address sizes	: 36 bits physical, 48 bits virtual
power management:

processor	: 3
vendor_id	: GenuineIntel
cpu family	: 6
model		: 26
model name	: Intel(R) Core(TM) i7 CPU         920  @ 2.67GHz
stepping	: 5
microcode	: 0xf
cpu MHz		: 1600.000
cache size	: 8192 KB
physical id	: 0
siblings	: 8
core id		: 3
cpu cores	: 4
apicid		: 6
initial apicid	: 6
fpu		: yes
fpu_exception	: yes
cpuid level	: 11
wp		: yes
flags		: fpu vme de pse tsc msr pae mce cx8 apic sep mtrr pge mca cmov pat pse36 clflush dts acpi mmx fxsr sse sse2 ss ht tm pbe syscall nx rdtscp lm constant_tsc arch_perfmon pebs bts rep_good nopl xtopology nonstop_tsc aperfmperf pni dtes64 monitor ds_cpl vmx est tm2 ssse3 cx16 xtpr pdcm sse4_1 sse4_2 popcnt lahf_lm ida dtherm tpr_shadow vnmi flexpriority ept vpid
bugs		:
bogomips	: 5344.97
clflush size	: 64
cache_alignment	: 64
address sizes	: 36 bits physical, 48 bits virtual
power management:

processor	: 4
vendor_id	: GenuineIntel
cpu family	: 6
model		: 26
model name	: Intel(R) Core(TM) i7 CPU         920  @ 2.67GHz
stepping	: 5
microcode	: 0xf
cpu MHz		: 1733.000
cache size	: 8192 KB
physical id	: 0
siblings	: 8
core id		: 0
cpu cores	: 4
apicid		: 1
initial apicid	: 1
fpu		: yes
fpu_exception	: yes
cpuid level	: 11
wp		: yes
flags		: fpu vme de pse tsc msr pae mce cx8 apic sep mtrr pge mca cmov pat pse36 clflush dts acpi mmx fxsr sse sse2 ss ht tm pbe syscall nx rdtscp lm constant_tsc arch_perfmon pebs bts rep_good nopl xtopology nonstop_tsc aperfmperf pni dtes64 monitor ds_cpl vmx est tm2 ssse3 cx16 xtpr pdcm sse4_1 sse4_2 popcnt lahf_lm ida dtherm tpr_shadow vnmi flexpriority ept vpid
bugs		:
bogomips	: 5344.97
clflush size	: 64
cache_alignment	: 64
address sizes	: 36 bits physical, 48 bits virtual
power management:

processor	: 5
vendor_id	: GenuineIntel
cpu family	: 6
model		: 26
model name	: Intel(R) Core(TM) i7 CPU         920  @ 2.67GHz
stepping	: 5
microcode	: 0xf
cpu MHz		: 2668.000
cache size	: 8192 KB
physical id	: 0
siblings	: 8
core id		: 1
cpu cores	: 4
apicid		: 3
initial apicid	: 3
fpu		: yes
fpu_exception	: yes
cpuid level	: 11
wp		: yes
flags		: fpu vme de pse tsc msr pae mce cx8 apic sep mtrr pge mca cmov pat pse36 clflush dts acpi mmx fxsr sse sse2 ss ht tm pbe syscall nx rdtscp lm constant_tsc arch_perfmon pebs bts rep_good nopl xtopology nonstop_tsc aperfmperf pni dtes64 monitor ds_cpl vmx est tm2 ssse3 cx16 xtpr pdcm sse4_1 sse4_2 popcnt lahf_lm ida dtherm tpr_shadow vnmi flexpriority ept vpid
bugs		:
bogomips	: 5344.97
clflush size	: 64
cache_alignment	: 64
address sizes	: 36 bits physical, 48 bits virtual
power management:

processor	: 6
vendor_id	: GenuineIntel
cpu family	: 6
model		: 26
model name	: Intel(R) Core(TM) i7 CPU         920  @ 2.67GHz
stepping	: 5
microcode	: 0xf
cpu MHz		: 2133.000
cache size	: 8192 KB
physical id	: 0
siblings	: 8
core id		: 2
cpu cores	: 4
apicid		: 5
initial apicid	: 5
fpu		: yes
fpu_exception	: yes
cpuid level	: 11
wp		: yes
flags		: fpu vme de pse tsc msr pae mce cx8 apic sep mtrr pge mca cmov pat pse36 clflush dts acpi mmx fxsr sse sse2 ss ht tm pbe syscall nx rdtscp lm constant_tsc arch_perfmon pebs bts rep_good nopl xtopology nonstop_tsc aperfmperf pni dtes64 monitor ds_cpl vmx est tm2 ssse3 cx16 xtpr pdcm sse4_1 sse4_2 popcnt lahf_lm ida dtherm tpr_shadow vnmi flexpriority ept vpid
bugs		:
bogomips	: 5344.97
clflush size	: 64
cache_alignment	: 64
address sizes	: 36 bits physical, 48 bits virtual
power management:

processor	: 7
vendor_id	: GenuineIntel
cpu family	: 6
model		: 26
model name	: Intel(R) Core(TM) i7 CPU         920  @ 2.67GHz
stepping	: 5
microcode	: 0xf
cpu MHz		: 2668.000
cache size	: 8192 KB
physical id	: 0
siblings	: 8
core id		: 3
cpu cores	: 4
apicid		: 7
initial apicid	: 7
fpu		: yes
fpu_exception	: yes
cpuid level	: 11
wp		: yes
flags		: fpu vme de pse tsc msr pae mce cx8 apic sep mtrr pge mca cmov pat pse36 clflush dts acpi mmx fxsr sse sse2 ss ht tm pbe syscall nx rdtscp lm constant_tsc arch_perfmon pebs bts rep_good nopl xtopology nonstop_tsc aperfmperf pni dtes64 monitor ds_cpl vmx est tm2 ssse3 cx16 xtpr pdcm sse4_1 sse4_2 popcnt lahf_lm ida dtherm tpr_shadow vnmi flexpriority ept vpid
bugs		:
bogomips	: 5344.97
clflush size	: 64
cache_alignment	: 64
address sizes	: 36 bits physical, 48 bits virtual
power management:



Memory: 4k page, physical 6101264k(173916k free), swap 0k(0k free)

vm_info: Java HotSpot(TM) 64-Bit Server VM (25.92-b14) for linux-amd64 JRE (1.8.0_92-b14), built on Mar 31 2016 21:08:29 by "java_re" with gcc 4.3.0 20080428 (Red Hat 4.3.0-8)

time: Fri Oct  7 09:47:51 2016
elapsed time: 5 seconds (0d 0h 0m 5s)

