#
# A fatal error has been detected by the Java Runtime Environment:
#
#  SIGSEGV (0xb) at pc=0x00007fc4776e4987, pid=25770, tid=0x00007fc484a0f700
#
# JRE version: Java(TM) SE Runtime Environment (8.0_92-b14) (build 1.8.0_92-b14)
# Java VM: Java HotSpot(TM) 64-Bit Server VM (25.92-b14 mixed mode linux-amd64 compressed oops)
# Problematic frame:
# C  [nouveau_dri.so+0x29e987]
#
# Failed to write core dump. Core dumps have been disabled. To enable core dumping, try "ulimit -c unlimited" before starting Java again
#
# If you would like to submit a bug report, please visit:
#   http://bugreport.java.com/bugreport/crash.jsp
# The crash happened outside the Java Virtual Machine in native code.
# See problematic frame for where to report the bug.
#

---------------  T H R E A D  ---------------

Current thread (0x00007fc43c008800):  JavaThread "AWT-EventQueue-1" [_thread_in_native, id=25803, stack(0x00007fc48490f000,0x00007fc484a10000)]

siginfo: si_signo: 11 (SIGSEGV), si_code: 1 (SEGV_MAPERR), si_addr: 0x000000000000c030

Registers:
RAX=0x0000000000000000, RBX=0x00007fc4280bc140, RCX=0x0000000000000000, RDX=0x0000000000000001
RSP=0x00007fc484a0d500, RBP=0x000000000000c000, RSI=0x00007fc4280bc9f0, RDI=0x0000000100000000
R8 =0x0000000000000000, R9 =0x00007fc47f19ec60, R10=0x00007fc49d9c5c47, R11=0x00000000a363f188
R12=0x0000000000000001, R13=0x00007fc42c14bdd0, R14=0x0000000000000000, R15=0x0000000000000001
RIP=0x00007fc4776e4987, EFLAGS=0x0000000000010206, CSGSFS=0x0000000000000033, ERR=0x0000000000000004
  TRAPNO=0x000000000000000e

Top of Stack: (sp=0x00007fc484a0d500)
0x00007fc484a0d500:   00000000b4572bb0 00007fc40000000e
0x00007fc484a0d510:   00007fc484a0d3a0 93d275ed87d13e00
0x00007fc484a0d520:   00007fc484a0d690 00007fc4280bc010
0x00007fc484a0d530:   0000000000000000 00007fc42c14c210
0x00007fc484a0d540:   00007fc42c14bdd0 00007fc42c14c3c0
0x00007fc484a0d550:   0000000000000000 00007fc47f19ed02
0x00007fc484a0d560:   00007fc484a0d590 00007fc400000000
0x00007fc484a0d570:   0000000000000000 0000000000000000
0x00007fc484a0d580:   0000000003e0004d 00007fc47f170bf1
0x00007fc484a0d590:   00007fc4280bc010 93d275ed87d13e00
0x00007fc484a0d5a0:   0000000003e0004d 00007fc47f170c20
0x00007fc484a0d5b0:   00007fc484a0d620 0000000000000000
0x00007fc484a0d5c0:   00000000a363f188 00007fc484a0d660
0x00007fc484a0d5d0:   00007fc43c008800 00007fc47d8ab849
0x00007fc484a0d5e0:   0000001800000000 00007fc47f170c20
0x00007fc484a0d5f0:   0000000003e0004d 00007fc42c14f4f0
0x00007fc484a0d600:   00007fc484a0d660 00007fc43c0089f8
0x00007fc484a0d610:   0000000000000000 00007fc47f170c20
0x00007fc484a0d620:   00007fc484a0d670 00007fc49d9c5cbd
0x00007fc484a0d630:   000000000162a07f 00007fc43c0089f8
0x00007fc484a0d640:   00007fc484a0d6e8 00000000a363f188
0x00007fc484a0d650:   00007fc484a0d680 00007fc4b3d00112
0x00007fc484a0d660:   00000000a3f2e410 00000000a363f188
0x00007fc484a0d670:   00007fc484a0d8c8 00007fc49d9cbe14
0x00007fc484a0d680:   00007fc484a0d6d0 00007fc47fbfde40
0x00007fc484a0d690:   00007fc484a0d6d0 00007fc484a0d6e8
0x00007fc484a0d6a0:   00007fc484a0d6e0 00007fc43c0089f8
0x00007fc484a0d6b0:   00007fc484a0d6e0 00007fc4288af8f0
0x00007fc484a0d6c0:   00007fc4288af8f0 00000000a363f188
0x00007fc484a0d6d0:   00007fc484a0d720 00007fc49d9a937c
0x00007fc484a0d6e0:   00000000e130ea28 00000000e130e9e8
0x00007fc484a0d6f0:   00000000e130eb00 00000000e130eaf0 

Instructions: (pc=0x00007fc4776e4987)
0x00007fc4776e4967:   00 41 f6 c4 01 c6 44 24 0f 00 0f 84 c9 00 00 00
0x00007fc4776e4977:   48 8b b3 30 01 00 00 48 85 f6 0f 84 b9 00 00 00
0x00007fc4776e4987:   48 8b 55 30 45 85 f6 4c 8b 6a 18 0f 85 40 02 00
0x00007fc4776e4997:   00 83 7b 38 01 0f 8e 36 02 00 00 48 8b 93 68 01 

Register to memory mapping:

RAX=0x0000000000000000 is an unknown value
RBX=0x00007fc4280bc140 is an unknown value
RCX=0x0000000000000000 is an unknown value
RDX=0x0000000000000001 is an unknown value
RSP=0x00007fc484a0d500 is pointing into the stack for thread: 0x00007fc43c008800
RBP=0x000000000000c000 is an unknown value
RSI=0x00007fc4280bc9f0 is an unknown value
RDI=0x0000000100000000 is pointing into metadata
R8 =0x0000000000000000 is an unknown value
R9 =0x00007fc47f19ec60: <offset 0x4ac60> in /usr/lib/x86_64-linux-gnu/mesa/libGL.so.1 at 0x00007fc47f154000
R10=0x00007fc49d9c5c47 is at entry_point+71 in (nmethod*)0x00007fc49d9c5a90
R11=0x00000000a363f188 is an oop
jogamp.nativewindow.jawt.x11.X11JAWTWindow 
 - klass: 'jogamp/nativewindow/jawt/x11/X11JAWTWindow'
R12=0x0000000000000001 is an unknown value
R13=0x00007fc42c14bdd0 is an unknown value
R14=0x0000000000000000 is an unknown value
R15=0x0000000000000001 is an unknown value


Stack: [0x00007fc48490f000,0x00007fc484a10000],  sp=0x00007fc484a0d500,  free space=1017k
Native frames: (J=compiled Java code, j=interpreted, Vv=VM code, C=native code)
C  [nouveau_dri.so+0x29e987]

Java frames: (J=compiled Java code, j=interpreted, Vv=VM code)
J 2819  jogamp.opengl.x11.glx.GLX.dispatch_glXSwapBuffers0(JJJ)V (0 bytes) @ 0x00007fc49d9c5c47 [0x00007fc49d9c5c00+0x47]
J 2818 C1 jogamp.opengl.x11.glx.GLX.glXSwapBuffers(JJ)V (45 bytes) @ 0x00007fc49d9cbe14 [0x00007fc49d9cb460+0x9b4]
J 2817 C1 jogamp.opengl.x11.glx.X11GLXDrawable.swapBuffersImpl(Z)V (21 bytes) @ 0x00007fc49d9cafc4 [0x00007fc49d9cad20+0x2a4]
J 2816 C1 jogamp.opengl.GLDrawableImpl.swapBuffers()V (138 bytes) @ 0x00007fc49d9c995c [0x00007fc49d9c92a0+0x6bc]
j  javax.media.opengl.awt.GLCanvas$12.run()V+45
j  java.awt.event.InvocationEvent.dispatch()V+11
j  java.awt.EventQueue.dispatchEventImpl(Ljava/awt/AWTEvent;Ljava/lang/Object;)V+21
j  java.awt.EventQueue.access$500(Ljava/awt/EventQueue;Ljava/awt/AWTEvent;Ljava/lang/Object;)V+3
j  java.awt.EventQueue$3.run()Ljava/lang/Void;+32
j  java.awt.EventQueue$3.run()Ljava/lang/Object;+1
v  ~StubRoutines::call_stub
J 483  java.security.AccessController.doPrivileged(Ljava/security/PrivilegedAction;Ljava/security/AccessControlContext;)Ljava/lang/Object; (0 bytes) @ 0x00007fc49d21f663 [0x00007fc49d21f600+0x63]
J 3000 C2 java.awt.EventQueue.dispatchEvent(Ljava/awt/AWTEvent;)V (80 bytes) @ 0x00007fc49d1b3af8 [0x00007fc49d1b38c0+0x238]
j  java.awt.EventDispatchThread.pumpOneEventForFilters(I)V+245
j  java.awt.EventDispatchThread.pumpEventsForFilter(ILjava/awt/Conditional;Ljava/awt/EventFilter;)V+35
j  java.awt.EventDispatchThread.pumpEventsForHierarchy(ILjava/awt/Conditional;Ljava/awt/Component;)V+11
j  java.awt.EventDispatchThread.pumpEvents(ILjava/awt/Conditional;)V+4
j  java.awt.EventDispatchThread.pumpEvents(Ljava/awt/Conditional;)V+3
j  java.awt.EventDispatchThread.run()V+9
v  ~StubRoutines::call_stub

---------------  P R O C E S S  ---------------

Java Threads: ( => current thread )
  0x00007fc428996000 JavaThread "Thread-19" [_thread_blocked, id=25944, stack(0x00007fc41e9c2000,0x00007fc41eac3000)]
  0x00007fc42c136800 JavaThread "Animation Thread-SharedResourceRunner" daemon [_thread_blocked, id=25813, stack(0x00007fc48430d000,0x00007fc48440e000)]
  0x00007fc43c00e800 JavaThread "Animation Thread" [_thread_blocked, id=25804, stack(0x00007fc48460e000,0x00007fc48470f000)]
=>0x00007fc43c008800 JavaThread "AWT-EventQueue-1" [_thread_in_native, id=25803, stack(0x00007fc48490f000,0x00007fc484a10000)]
  0x00007fc4ac00a000 JavaThread "DestroyJavaVM" [_thread_blocked, id=25776, stack(0x00007fc4b50fd000,0x00007fc4b51fe000)]
  0x00007fc4ac2ae000 JavaThread "AWT-EventQueue-0" [_thread_blocked, id=25801, stack(0x00007fc4853b9000,0x00007fc4854ba000)]
  0x00007fc4ac2a9800 JavaThread "AWT-Shutdown" [_thread_blocked, id=25800, stack(0x00007fc4854ba000,0x00007fc4855bb000)]
  0x00007fc4ac296000 JavaThread "thread applet-module3.EarthquakeCityMap.class" [_thread_blocked, id=25799, stack(0x00007fc4855bb000,0x00007fc4856bc000)]
  0x00007fc4ac289800 JavaThread "AWT-XAWT" daemon [_thread_in_native, id=25797, stack(0x00007fc4856bc000,0x00007fc4857bd000)]
  0x00007fc4ac263800 JavaThread "Java2D Disposer" daemon [_thread_blocked, id=25796, stack(0x00007fc485bcd000,0x00007fc485cce000)]
  0x00007fc4ac0d4000 JavaThread "Service Thread" daemon [_thread_blocked, id=25794, stack(0x00007fc49405f000,0x00007fc494160000)]
  0x00007fc4ac0c9000 JavaThread "C1 CompilerThread3" daemon [_thread_blocked, id=25793, stack(0x00007fc494160000,0x00007fc494261000)]
  0x00007fc4ac0c6800 JavaThread "C2 CompilerThread2" daemon [_thread_blocked, id=25792, stack(0x00007fc494261000,0x00007fc494362000)]
  0x00007fc4ac0c5000 JavaThread "C2 CompilerThread1" daemon [_thread_blocked, id=25791, stack(0x00007fc494362000,0x00007fc494463000)]
  0x00007fc4ac0c2000 JavaThread "C2 CompilerThread0" daemon [_thread_blocked, id=25790, stack(0x00007fc494463000,0x00007fc494564000)]
  0x00007fc4ac0c0800 JavaThread "Signal Dispatcher" daemon [_thread_blocked, id=25789, stack(0x00007fc494564000,0x00007fc494665000)]
  0x00007fc4ac08d000 JavaThread "Finalizer" daemon [_thread_blocked, id=25788, stack(0x00007fc494665000,0x00007fc494766000)]
  0x00007fc4ac088000 JavaThread "Reference Handler" daemon [_thread_blocked, id=25787, stack(0x00007fc494766000,0x00007fc494867000)]

Other Threads:
  0x00007fc4ac080800 VMThread [stack: 0x00007fc494867000,0x00007fc494968000] [id=25786]
  0x00007fc4ac0d7000 WatcherThread [stack: 0x00007fc48781c000,0x00007fc48791d000] [id=25795]

VM state:not at safepoint (normal execution)

VM Mutex/Monitor currently owned by a thread: None

Heap:
 PSYoungGen      total 94208K, used 5793K [0x00000000e0f80000, 0x00000000e8600000, 0x0000000100000000)
  eden space 93696K, 5% used [0x00000000e0f80000,0x00000000e14d07a8,0x00000000e6b00000)
  from space 512K, 68% used [0x00000000e6e00000,0x00000000e6e58000,0x00000000e6e80000)
  to   space 12800K, 0% used [0x00000000e7980000,0x00000000e7980000,0x00000000e8600000)
 ParOldGen       total 68096K, used 17934K [0x00000000a2e00000, 0x00000000a7080000, 0x00000000e0f80000)
  object space 68096K, 26% used [0x00000000a2e00000,0x00000000a3f83908,0x00000000a7080000)
 Metaspace       used 21584K, capacity 21857K, committed 22320K, reserved 1069056K
  class space    used 2002K, capacity 2090K, committed 2176K, reserved 1048576K

Card table byte_map: [0x00007fc4b1bd1000,0x00007fc4b1ebb000] byte_map_base: 0x00007fc4b16ba000

Marking Bits: (ParMarkBitMap*) 0x00007fc4b45d64c0
 Begin Bits: [0x00007fc495170000, 0x00007fc4968b8000)
 End Bits:   [0x00007fc4968b8000, 0x00007fc498000000)

Polling page: 0x00007fc4b5225000

CodeCache: size=245760Kb used=11051Kb max_used=11062Kb free=234708Kb
 bounds [0x00007fc49d000000, 0x00007fc49daf0000, 0x00007fc4ac000000]
 total_blobs=3949 nmethods=2983 adapters=880
 compilation: enabled

Compilation events (10 events):
Event: 92,769 Thread 0x00007fc4ac0c2000 3023       4       jogamp.opengl.glu.tessellator.PriorityQHeap::pqInit (28 bytes)
Event: 92,770 Thread 0x00007fc4ac0c2000 nmethod 3023 0x00007fc49d11ab50 code [0x00007fc49d11aca0, 0x00007fc49d11ad38]
Event: 93,033 Thread 0x00007fc4ac0c6800 3024  s    4       java.util.Vector::retainAll (6 bytes)
Event: 93,037 Thread 0x00007fc4ac0c6800 nmethod 3024 0x00007fc49da9cbd0 code [0x00007fc49da9cd20, 0x00007fc49da9cf78]
Event: 93,047 Thread 0x00007fc4ac0c5000 3025       4       java.awt.event.InvocationEvent::<init> (52 bytes)
Event: 93,051 Thread 0x00007fc4ac0c5000 nmethod 3025 0x00007fc49da9fc90 code [0x00007fc49da9fe00, 0x00007fc49daa0078]
Event: 93,436 Thread 0x00007fc4ac0c2000 3026       4       de.fhpotsdam.unfolding.mapdisplay.AbstractMapDisplay::cleanupImageBuffer (145 bytes)
Event: 93,439 Thread 0x00007fc4ac0c2000 nmethod 3026 0x00007fc49d187410 code [0x00007fc49d187580, 0x00007fc49d187848]
Event: 93,574 Thread 0x00007fc4ac0c9000 3027       3       sun.java2d.xr.GrowableEltArray::getCharCnt (13 bytes)
Event: 93,574 Thread 0x00007fc4ac0c9000 nmethod 3027 0x00007fc49d195b50 code [0x00007fc49d195cc0, 0x00007fc49d195f10]

GC Heap History (10 events):
Event: 40,534 GC heap before
{Heap before GC invocations=8 (full 1):
 PSYoungGen      total 102400K, used 86880K [0x00000000e0f80000, 0x00000000e9500000, 0x0000000100000000)
  eden space 86528K, 100% used [0x00000000e0f80000,0x00000000e6400000,0x00000000e6400000)
  from space 15872K, 2% used [0x00000000e7300000,0x00000000e7358000,0x00000000e8280000)
  to   space 15360K, 0% used [0x00000000e6400000,0x00000000e6400000,0x00000000e7300000)
 ParOldGen       total 68096K, used 17910K [0x00000000a2e00000, 0x00000000a7080000, 0x00000000e0f80000)
  object space 68096K, 26% used [0x00000000a2e00000,0x00000000a3f7d908,0x00000000a7080000)
 Metaspace       used 21523K, capacity 21761K, committed 22064K, reserved 1069056K
  class space    used 1999K, capacity 2058K, committed 2176K, reserved 1048576K
Event: 40,537 GC heap after
Heap after GC invocations=8 (full 1):
 PSYoungGen      total 101888K, used 384K [0x00000000e0f80000, 0x00000000e9100000, 0x0000000100000000)
  eden space 86528K, 0% used [0x00000000e0f80000,0x00000000e0f80000,0x00000000e6400000)
  from space 15360K, 2% used [0x00000000e6400000,0x00000000e6460000,0x00000000e7300000)
  to   space 14848K, 0% used [0x00000000e8280000,0x00000000e8280000,0x00000000e9100000)
 ParOldGen       total 68096K, used 17918K [0x00000000a2e00000, 0x00000000a7080000, 0x00000000e0f80000)
  object space 68096K, 26% used [0x00000000a2e00000,0x00000000a3f7f908,0x00000000a7080000)
 Metaspace       used 21523K, capacity 21761K, committed 22064K, reserved 1069056K
  class space    used 1999K, capacity 2058K, committed 2176K, reserved 1048576K
}
Event: 51,716 GC heap before
{Heap before GC invocations=9 (full 1):
 PSYoungGen      total 101888K, used 86912K [0x00000000e0f80000, 0x00000000e9100000, 0x0000000100000000)
  eden space 86528K, 100% used [0x00000000e0f80000,0x00000000e6400000,0x00000000e6400000)
  from space 15360K, 2% used [0x00000000e6400000,0x00000000e6460000,0x00000000e7300000)
  to   space 14848K, 0% used [0x00000000e8280000,0x00000000e8280000,0x00000000e9100000)
 ParOldGen       total 68096K, used 17918K [0x00000000a2e00000, 0x00000000a7080000, 0x00000000e0f80000)
  object space 68096K, 26% used [0x00000000a2e00000,0x00000000a3f7f908,0x00000000a7080000)
 Metaspace       used 21555K, capacity 21825K, committed 22320K, reserved 1069056K
  class space    used 1999K, capacity 2058K, committed 2176K, reserved 1048576K
Event: 51,719 GC heap after
Heap after GC invocations=9 (full 1):
 PSYoungGen      total 110592K, used 384K [0x00000000e0f80000, 0x00000000e8d00000, 0x0000000100000000)
  eden space 99840K, 0% used [0x00000000e0f80000,0x00000000e0f80000,0x00000000e7100000)
  from space 10752K, 3% used [0x00000000e8280000,0x00000000e82e0000,0x00000000e8d00000)
  to   space 14336K, 0% used [0x00000000e7100000,0x00000000e7100000,0x00000000e7f00000)
 ParOldGen       total 68096K, used 17926K [0x00000000a2e00000, 0x00000000a7080000, 0x00000000e0f80000)
  object space 68096K, 26% used [0x00000000a2e00000,0x00000000a3f81908,0x00000000a7080000)
 Metaspace       used 21555K, capacity 21825K, committed 22320K, reserved 1069056K
  class space    used 1999K, capacity 2058K, committed 2176K, reserved 1048576K
}
Event: 64,734 GC heap before
{Heap before GC invocations=10 (full 1):
 PSYoungGen      total 110592K, used 100224K [0x00000000e0f80000, 0x00000000e8d00000, 0x0000000100000000)
  eden space 99840K, 100% used [0x00000000e0f80000,0x00000000e7100000,0x00000000e7100000)
  from space 10752K, 3% used [0x00000000e8280000,0x00000000e82e0000,0x00000000e8d00000)
  to   space 14336K, 0% used [0x00000000e7100000,0x00000000e7100000,0x00000000e7f00000)
 ParOldGen       total 68096K, used 17926K [0x00000000a2e00000, 0x00000000a7080000, 0x00000000e0f80000)
  object space 68096K, 26% used [0x00000000a2e00000,0x00000000a3f81908,0x00000000a7080000)
 Metaspace       used 21555K, capacity 21825K, committed 22320K, reserved 1069056K
  class space    used 1999K, capacity 2058K, committed 2176K, reserved 1048576K
Event: 64,736 GC heap after
Heap after GC invocations=10 (full 1):
 PSYoungGen      total 114176K, used 320K [0x00000000e0f80000, 0x00000000e9300000, 0x0000000100000000)
  eden space 99840K, 0% used [0x00000000e0f80000,0x00000000e0f80000,0x00000000e7100000)
  from space 14336K, 2% used [0x00000000e7100000,0x00000000e7150000,0x00000000e7f00000)
  to   space 13824K, 0% used [0x00000000e8580000,0x00000000e8580000,0x00000000e9300000)
 ParOldGen       total 68096K, used 17926K [0x00000000a2e00000, 0x00000000a7080000, 0x00000000e0f80000)
  object space 68096K, 26% used [0x00000000a2e00000,0x00000000a3f81908,0x00000000a7080000)
 Metaspace       used 21555K, capacity 21825K, committed 22320K, reserved 1069056K
  class space    used 1999K, capacity 2058K, committed 2176K, reserved 1048576K
}
Event: 78,400 GC heap before
{Heap before GC invocations=11 (full 1):
 PSYoungGen      total 114176K, used 100160K [0x00000000e0f80000, 0x00000000e9300000, 0x0000000100000000)
  eden space 99840K, 100% used [0x00000000e0f80000,0x00000000e7100000,0x00000000e7100000)
  from space 14336K, 2% used [0x00000000e7100000,0x00000000e7150000,0x00000000e7f00000)
  to   space 13824K, 0% used [0x00000000e8580000,0x00000000e8580000,0x00000000e9300000)
 ParOldGen       total 68096K, used 17926K [0x00000000a2e00000, 0x00000000a7080000, 0x00000000e0f80000)
  object space 68096K, 26% used [0x00000000a2e00000,0x00000000a3f81908,0x00000000a7080000)
 Metaspace       used 21555K, capacity 21825K, committed 22320K, reserved 1069056K
  class space    used 1999K, capacity 2058K, committed 2176K, reserved 1048576K
Event: 78,403 GC heap after
Heap after GC invocations=11 (full 1):
 PSYoungGen      total 99328K, used 384K [0x00000000e0f80000, 0x00000000e8800000, 0x0000000100000000)
  eden space 96768K, 0% used [0x00000000e0f80000,0x00000000e0f80000,0x00000000e6e00000)
  from space 2560K, 15% used [0x00000000e8580000,0x00000000e85e0000,0x00000000e8800000)
  to   space 13312K, 0% used [0x00000000e6e00000,0x00000000e6e00000,0x00000000e7b00000)
 ParOldGen       total 68096K, used 17926K [0x00000000a2e00000, 0x00000000a7080000, 0x00000000e0f80000)
  object space 68096K, 26% used [0x00000000a2e00000,0x00000000a3f81908,0x00000000a7080000)
 Metaspace       used 21555K, capacity 21825K, committed 22320K, reserved 1069056K
  class space    used 1999K, capacity 2058K, committed 2176K, reserved 1048576K
}
Event: 93,119 GC heap before
{Heap before GC invocations=12 (full 1):
 PSYoungGen      total 99328K, used 97152K [0x00000000e0f80000, 0x00000000e8800000, 0x0000000100000000)
  eden space 96768K, 100% used [0x00000000e0f80000,0x00000000e6e00000,0x00000000e6e00000)
  from space 2560K, 15% used [0x00000000e8580000,0x00000000e85e0000,0x00000000e8800000)
  to   space 13312K, 0% used [0x00000000e6e00000,0x00000000e6e00000,0x00000000e7b00000)
 ParOldGen       total 68096K, used 17926K [0x00000000a2e00000, 0x00000000a7080000, 0x00000000e0f80000)
  object space 68096K, 26% used [0x00000000a2e00000,0x00000000a3f81908,0x00000000a7080000)
 Metaspace       used 21575K, capacity 21825K, committed 22320K, reserved 1069056K
  class space    used 2000K, capacity 2058K, committed 2176K, reserved 1048576K
Event: 93,122 GC heap after
Heap after GC invocations=12 (full 1):
 PSYoungGen      total 94208K, used 352K [0x00000000e0f80000, 0x00000000e8600000, 0x0000000100000000)
  eden space 93696K, 0% used [0x00000000e0f80000,0x00000000e0f80000,0x00000000e6b00000)
  from space 512K, 68% used [0x00000000e6e00000,0x00000000e6e58000,0x00000000e6e80000)
  to   space 12800K, 0% used [0x00000000e7980000,0x00000000e7980000,0x00000000e8600000)
 ParOldGen       total 68096K, used 17934K [0x00000000a2e00000, 0x00000000a7080000, 0x00000000e0f80000)
  object space 68096K, 26% used [0x00000000a2e00000,0x00000000a3f83908,0x00000000a7080000)
 Metaspace       used 21575K, capacity 21825K, committed 22320K, reserved 1069056K
  class space    used 2000K, capacity 2058K, committed 2176K, reserved 1048576K
}

Deoptimization events (10 events):
Event: 93,572 Thread 0x00007fc43c008800 Uncommon trap: reason=class_check action=maybe_recompile pc=0x00007fc49dacea7c method=java.awt.event.InvocationEvent.dispatch()V @ 11
Event: 93,573 Thread 0x00007fc43c008800 Uncommon trap: reason=unstable_if action=reinterpret pc=0x00007fc49da3fe58 method=java.awt.EventQueue.getPriority(Ljava/awt/AWTEvent;)I @ 4
Event: 93,573 Thread 0x00007fc43c008800 Uncommon trap: reason=unstable_if action=reinterpret pc=0x00007fc49daa277c method=java.awt.EventQueue.eventToCacheIndex(Ljava/awt/AWTEvent;)I @ 71
Event: 93,573 Thread 0x00007fc4ac2ae000 Uncommon trap: reason=unstable_if action=reinterpret pc=0x00007fc49dabe354 method=java.awt.EventQueue.getPriority(Ljava/awt/AWTEvent;)I @ 71
Event: 93,573 Thread 0x00007fc43c008800 Uncommon trap: reason=unstable_if action=reinterpret pc=0x00007fc49dac88d8 method=java.awt.EventQueue.eventToCacheIndex(Ljava/awt/AWTEvent;)I @ 71
Event: 93,573 Thread 0x00007fc4ac2ae000 Uncommon trap: reason=class_check action=maybe_recompile pc=0x00007fc49da2b3f0 method=java.awt.EventQueue.uncacheEQItem(Lsun/awt/EventQueueItem;)V @ 20
Event: 93,573 Thread 0x00007fc43c008800 Uncommon trap: reason=class_check action=maybe_recompile pc=0x00007fc49d11132c method=java.awt.EventQueue.setCurrentEventAndMostRecentTimeImpl(Ljava/awt/AWTEvent;)V @ 135
Event: 93,573 Thread 0x00007fc4ac296000 Uncommon trap: reason=unstable_if action=reinterpret pc=0x00007fc49d89e70c method=java.awt.font.FontRenderContext.equals(Ljava/awt/font/FontRenderContext;)Z @ 2
Event: 93,574 Thread 0x00007fc4ac2ae000 Uncommon trap: reason=class_check action=maybe_recompile pc=0x00007fc49da2b3f0 method=java.awt.EventQueue.uncacheEQItem(Lsun/awt/EventQueueItem;)V @ 20
Event: 93,574 Thread 0x00007fc43c008800 Uncommon trap: reason=class_check action=maybe_recompile pc=0x00007fc49dacea7c method=java.awt.event.InvocationEvent.dispatch()V @ 11

Internal exceptions (10 events):
Event: 1,412 Thread 0x00007fc43c008800 Implicit null exception at 0x00007fc49d1c90f3 to 0x00007fc49d1c9465
Event: 1,688 Thread 0x00007fc43c008800 Exception <a 'java/lang/reflect/InvocationTargetException'> (0x00000000e22b9378) thrown at [/HUDSON/workspace/8-2-build-linux-amd64/jdk8u92/6642/hotspot/src/share/vm/runtime/reflection.cpp, line 1092]
Event: 1,689 Thread 0x00007fc43c008800 Exception <a 'java/lang/reflect/InvocationTargetException'> (0x00000000e22b99f0) thrown at [/HUDSON/workspace/8-2-build-linux-amd64/jdk8u92/6642/hotspot/src/share/vm/runtime/reflection.cpp, line 1092]
Event: 2,249 Thread 0x00007fc43c008800 Exception <a 'java/lang/reflect/InvocationTargetException'> (0x00000000e21f74c8) thrown at [/HUDSON/workspace/8-2-build-linux-amd64/jdk8u92/6642/hotspot/src/share/vm/runtime/reflection.cpp, line 1092]
Event: 2,250 Thread 0x00007fc43c008800 Exception <a 'java/lang/reflect/InvocationTargetException'> (0x00000000e21f79b0) thrown at [/HUDSON/workspace/8-2-build-linux-amd64/jdk8u92/6642/hotspot/src/share/vm/runtime/reflection.cpp, line 1092]
Event: 2,349 Thread 0x00007fc43c008800 Exception <a 'java/lang/reflect/InvocationTargetException'> (0x00000000e25171b0) thrown at [/HUDSON/workspace/8-2-build-linux-amd64/jdk8u92/6642/hotspot/src/share/vm/runtime/reflection.cpp, line 1092]
Event: 2,349 Thread 0x00007fc43c008800 Exception <a 'java/lang/reflect/InvocationTargetException'> (0x00000000e2517698) thrown at [/HUDSON/workspace/8-2-build-linux-amd64/jdk8u92/6642/hotspot/src/share/vm/runtime/reflection.cpp, line 1092]
Event: 2,433 Thread 0x00007fc43c008800 Exception <a 'java/lang/reflect/InvocationTargetException'> (0x00000000e2bb0340) thrown at [/HUDSON/workspace/8-2-build-linux-amd64/jdk8u92/6642/hotspot/src/share/vm/runtime/reflection.cpp, line 1092]
Event: 2,433 Thread 0x00007fc43c008800 Exception <a 'java/lang/reflect/InvocationTargetException'> (0x00000000e2bb0828) thrown at [/HUDSON/workspace/8-2-build-linux-amd64/jdk8u92/6642/hotspot/src/share/vm/runtime/reflection.cpp, line 1092]
Event: 2,465 Thread 0x00007fc43c008800 Exception <a 'java/lang/reflect/InvocationTargetException'> (0x00000000e2bf2a70) thrown at [/HUDSON/workspace/8-2-build-linux-amd64/jdk8u92/6642/hotspot/src/share/vm/runtime/reflection.cpp, line 1092]

Events (10 events):
Event: 93,573 Thread 0x00007fc43c008800 DEOPT UNPACKING pc=0x00007fc49d005229 sp=0x00007fc484a0d9b8 mode 2
Event: 93,573 Thread 0x00007fc4ac296000 Uncommon trap: trap_request=0xffffff65 fr.pc=0x00007fc49d89e70c
Event: 93,573 Thread 0x00007fc4ac296000 DEOPT PACKING pc=0x00007fc49d89e70c sp=0x00007fc4856ba220
Event: 93,573 Thread 0x00007fc4ac296000 DEOPT UNPACKING pc=0x00007fc49d005229 sp=0x00007fc4856ba178 mode 2
Event: 93,574 Thread 0x00007fc4ac2ae000 Uncommon trap: trap_request=0xffffffde fr.pc=0x00007fc49da2b3f0
Event: 93,574 Thread 0x00007fc4ac2ae000 DEOPT PACKING pc=0x00007fc49da2b3f0 sp=0x00007fc4854b84a0
Event: 93,574 Thread 0x00007fc43c008800 Uncommon trap: trap_request=0xffffffde fr.pc=0x00007fc49dacea7c
Event: 93,574 Thread 0x00007fc4ac2ae000 DEOPT UNPACKING pc=0x00007fc49d005229 sp=0x00007fc4854b83e0 mode 2
Event: 93,574 Thread 0x00007fc43c008800 DEOPT PACKING pc=0x00007fc49dacea7c sp=0x00007fc484a0da50
Event: 93,574 Thread 0x00007fc43c008800 DEOPT UNPACKING pc=0x00007fc49d005229 sp=0x00007fc484a0d8d8 mode 2


Dynamic libraries:
00400000-00401000 r-xp 00000000 08:01 3450446                            /home/ema/Scaricati/jdk1.8.0_92/jre/bin/java
00600000-00601000 rw-p 00000000 08:01 3450446                            /home/ema/Scaricati/jdk1.8.0_92/jre/bin/java
00a94000-00ab5000 rw-p 00000000 00:00 0                                  [heap]
a2e00000-a7080000 rw-p 00000000 00:00 0 
a7080000-e0f80000 ---p 00000000 00:00 0 
e0f80000-e8600000 rw-p 00000000 00:00 0 
e8600000-100000000 ---p 00000000 00:00 0 
100000000-100220000 rw-p 00000000 00:00 0 
100220000-140000000 ---p 00000000 00:00 0 
7fc3f8000000-7fc3f8047000 rw-p 00000000 00:00 0 
7fc3f8047000-7fc3fc000000 ---p 00000000 00:00 0 
7fc3fc000000-7fc3fc03c000 rw-p 00000000 00:00 0 
7fc3fc03c000-7fc400000000 ---p 00000000 00:00 0 
7fc400000000-7fc40005b000 rw-p 00000000 00:00 0 
7fc40005b000-7fc404000000 ---p 00000000 00:00 0 
7fc404000000-7fc404065000 rw-p 00000000 00:00 0 
7fc404065000-7fc408000000 ---p 00000000 00:00 0 
7fc408000000-7fc408021000 rw-p 00000000 00:00 0 
7fc408021000-7fc40c000000 ---p 00000000 00:00 0 
7fc40c000000-7fc40c021000 rw-p 00000000 00:00 0 
7fc40c021000-7fc410000000 ---p 00000000 00:00 0 
7fc410000000-7fc410021000 rw-p 00000000 00:00 0 
7fc410021000-7fc414000000 ---p 00000000 00:00 0 
7fc414000000-7fc414021000 rw-p 00000000 00:00 0 
7fc414021000-7fc418000000 ---p 00000000 00:00 0 
7fc418000000-7fc418021000 rw-p 00000000 00:00 0 
7fc418021000-7fc41c000000 ---p 00000000 00:00 0 
7fc41d279000-7fc41d2f9000 rw-s 1b3414000 00:06 9579                      /dev/dri/card0
7fc41d2f9000-7fc41d379000 rw-s 1b3394000 00:06 9579                      /dev/dri/card0
7fc41d379000-7fc41d399000 rw-s 1bf65b000 00:06 9579                      /dev/dri/card0
7fc41d399000-7fc41d39d000 rw-s 1b444a000 00:06 9579                      /dev/dri/card0
7fc41d39d000-7fc41d3a1000 rw-s 195742000 00:06 9579                      /dev/dri/card0
7fc41d3a1000-7fc41d3c1000 rw-s 1b442a000 00:06 9579                      /dev/dri/card0
7fc41e16c000-7fc41e318000 rw-p 00000000 00:00 0 
7fc41e318000-7fc41e36c000 ---p 00000000 00:00 0 
7fc41e36c000-7fc41e56c000 rw-s 1bfb35000 00:06 9579                      /dev/dri/card0
7fc41e56c000-7fc41e56f000 ---p 00000000 00:00 0 
7fc41e56f000-7fc41e66d000 rw-p 00000000 00:00 0 
7fc41e66d000-7fc41e670000 ---p 00000000 00:00 0 
7fc41e670000-7fc41e76e000 rw-p 00000000 00:00 0 
7fc41e76e000-7fc41e771000 ---p 00000000 00:00 0 
7fc41e771000-7fc41e86f000 rw-p 00000000 00:00 0 
7fc41e86f000-7fc41e872000 ---p 00000000 00:00 0 
7fc41e872000-7fc41e970000 rw-p 00000000 00:00 0 
7fc41e9c2000-7fc41e9c5000 ---p 00000000 00:00 0 
7fc41e9c5000-7fc41eac3000 rw-p 00000000 00:00 0 
7fc41eac3000-7fc41eac6000 ---p 00000000 00:00 0 
7fc41eac6000-7fc41ebc4000 rw-p 00000000 00:00 0 
7fc41ebc4000-7fc41ebc7000 ---p 00000000 00:00 0 
7fc41ebc7000-7fc41ecc5000 rw-p 00000000 00:00 0 
7fc41ecd7000-7fc41ece5000 r--s 00000000 08:01 19005654                   /var/cache/fontconfig/6aa41aa22e18b8fa06a12da28ea9c28b-le64.cache-4
7fc41ece5000-7fc41ecf0000 r--s 00000000 08:01 19005531                   /var/cache/fontconfig/945677eb7aeaf62f1d50efc3fb3ec7d8-le64.cache-4
7fc41ecf0000-7fc41ecf3000 ---p 00000000 00:00 0 
7fc41ecf3000-7fc41edf1000 rw-p 00000000 00:00 0 
7fc41edf1000-7fc41edf4000 ---p 00000000 00:00 0 
7fc41edf4000-7fc41eef2000 rw-p 00000000 00:00 0 
7fc41eef2000-7fc41eef3000 r--s 00000000 08:01 19022310                   /var/cache/fontconfig/087e1975ba9a574b140bb1df193bf770-le64.cache-4
7fc41eef3000-7fc41eef4000 r--s 00000000 08:01 19005539                   /var/cache/fontconfig/c05880de57d1f5e948fdfacc138775d9-le64.cache-4
7fc41eef4000-7fc41eefa000 r--s 00000000 08:01 19005516                   /var/cache/fontconfig/2cd17615ca594fa2959ae173292e504c-le64.cache-4
7fc41eefa000-7fc41eefb000 r--s 00000000 08:01 19005513                   /var/cache/fontconfig/0d8c3b2ac0904cb8a57a757ad11a4a08-le64.cache-4
7fc41eefb000-7fc41ef02000 r--s 00000000 08:01 19005535                   /var/cache/fontconfig/a755afe4a08bf5b97852ceb7400b47bc-le64.cache-4
7fc41ef02000-7fc41ef06000 r--s 00000000 08:01 19005545                   /var/cache/fontconfig/6d41288fd70b0be22e8c3a91e032eec0-le64.cache-4
7fc41ef06000-7fc41ef07000 r--s 00000000 08:01 19005534                   /var/cache/fontconfig/a6354e3ac43af67bd8d7b8e43c34e49f-le64.cache-4
7fc41ef07000-7fc41ef1d000 r--s 00000000 08:01 19005511                   /var/cache/fontconfig/04aabc0a78ac019cf9454389977116d2-le64.cache-4
7fc41ef1d000-7fc41ef1e000 r--s 00000000 08:01 19005515                   /var/cache/fontconfig/1ac9eb803944fde146138c791f5cc56a-le64.cache-4
7fc41ef1e000-7fc41ef22000 r--s 00000000 08:01 19005519                   /var/cache/fontconfig/385c0604a188198f04d133e54aba7fe7-le64.cache-4
7fc41ef22000-7fc41ef23000 r--s 00000000 08:01 19022308                   /var/cache/fontconfig/9c956a7723ca69a44b382d9179c9802f-le64.cache-4
7fc41ef23000-7fc41ef24000 r--s 00000000 08:01 19005546                   /var/cache/fontconfig/dc05db6664285cc2f12bf69c139ae4c3-le64.cache-4
7fc41ef24000-7fc41ef26000 r--s 00000000 08:01 19005528                   /var/cache/fontconfig/767a8244fc0220cfb567a839d0392e0b-le64.cache-4
7fc41ef26000-7fc41ef27000 r--s 00000000 08:01 19019501                   /var/cache/fontconfig/4794a0821666d79190d59a36cb4f44b5-le64.cache-4
7fc41ef27000-7fc41ef28000 r--s 00000000 08:01 19022306                   /var/cache/fontconfig/9eae20f1ff8cc0a7d125749e875856bd-le64.cache-4
7fc41ef28000-7fc41ef2a000 r--s 00000000 08:01 19022305                   /var/cache/fontconfig/bf2c1853a9e9b00bb02fe2e9bcf1e201-le64.cache-4
7fc41ef2a000-7fc41ef2f000 r--s 00000000 08:01 19005530                   /var/cache/fontconfig/8801497958630a81b71ace7c5f9b32a8-le64.cache-4
7fc41ef2f000-7fc41ef33000 r--s 00000000 08:01 19019549                   /var/cache/fontconfig/c57959a16110560c8d0fcea73374aeeb-le64.cache-4
7fc41ef33000-7fc41ef34000 r--s 00000000 08:01 19005538                   /var/cache/fontconfig/bab58bb527bb656aaa9f116d68a48d89-le64.cache-4
7fc41ef34000-7fc41ef3b000 r--s 00000000 08:01 19005517                   /var/cache/fontconfig/3047814df9a2f067bd2d96a2b9c36e5a-le64.cache-4
7fc41ef3b000-7fc41ef43000 r--s 00000000 08:01 19022303                   /var/cache/fontconfig/bf3b770c553c462765856025a94f1ce6-le64.cache-4
7fc41ef43000-7fc41ef44000 r--s 00000000 08:01 19005524                   /var/cache/fontconfig/56cf4f4769d0f4abc89a4895d7bd3ae1-le64.cache-4
7fc41ef44000-7fc41ef45000 r--s 00000000 08:01 19005537                   /var/cache/fontconfig/b9d506c9ac06c20b433354fa67a72993-le64.cache-4
7fc41ef45000-7fc41ef4b000 r--s 00000000 08:01 19005536                   /var/cache/fontconfig/b47c4e1ecd0709278f4910c18777a504-le64.cache-4
7fc41ef4b000-7fc41ef4e000 r--s 00000000 08:01 19022298                   /var/cache/fontconfig/14d493b97896515cad3840ba4896e372-le64.cache-4
7fc41ef4e000-7fc41ef4f000 r--s 00000000 08:01 19022295                   /var/cache/fontconfig/89034621ae2a8922916bb6bfa5799546-le64.cache-4
7fc41ef4f000-7fc41ef52000 r--s 00000000 08:01 19020951                   /var/cache/fontconfig/e49e89034d371f0f9de17aab02136486-le64.cache-4
7fc41ef52000-7fc41ef54000 r--s 00000000 08:01 19020949                   /var/cache/fontconfig/4b14b093aebc79c320de5e86ae1d3314-le64.cache-4
7fc41ef54000-7fc41ef67000 r--s 00000000 08:01 19005543                   /var/cache/fontconfig/d52a8644073d54c13679302ca1180695-le64.cache-4
7fc41ef67000-7fc41ef68000 r--s 00000000 08:01 19005523                   /var/cache/fontconfig/551ecf3b0e8b0bca0f25c0944f561853-le64.cache-4
7fc41ef68000-7fc41ef6d000 r--s 00000000 08:01 19022291                   /var/cache/fontconfig/75ad6aa2358a85f0de2c8ee4837e8227-le64.cache-4
7fc41ef6d000-7fc41ef77000 r--s 00000000 08:01 19005520                   /var/cache/fontconfig/3f7329c5293ffd510edef78f73874cfd-le64.cache-4
7fc41ef77000-7fc41ef79000 r--s 00000000 08:01 19022288                   /var/cache/fontconfig/65f976e5259cbe6dc7697b8648396239-le64.cache-4
7fc41ef79000-7fc41ef84000 r--s 00000000 08:01 19018232                   /var/cache/fontconfig/d589a48862398ed80a3d6066f4f56f4c-le64.cache-4
7fc41ef84000-7fc41ef88000 r--s 00000000 08:01 19022285                   /var/cache/fontconfig/246184dc75a16901ca37d96895904249-le64.cache-4
7fc41ef88000-7fc41ef8a000 r--s 00000000 08:01 19022280                   /var/cache/fontconfig/423767150eb258c59035de29db6fca84-le64.cache-4
7fc41ef8a000-7fc41f1b7000 rw-p 00000000 00:00 0 
7fc41f1b7000-7fc41fbb7000 rwxp 00000000 00:00 0 
7fc41fbb7000-7fc41fde4000 rw-p 00000000 00:00 0 
7fc41fde4000-7fc41fdfb000 r-xp 00000000 08:01 27267350                   /lib/x86_64-linux-gnu/libresolv-2.21.so
7fc41fdfb000-7fc41fffb000 ---p 00017000 08:01 27267350                   /lib/x86_64-linux-gnu/libresolv-2.21.so
7fc41fffb000-7fc41fffd000 r--p 00017000 08:01 27267350                   /lib/x86_64-linux-gnu/libresolv-2.21.so
7fc41fffd000-7fc41fffe000 rw-p 00019000 08:01 27267350                   /lib/x86_64-linux-gnu/libresolv-2.21.so
7fc41fffe000-7fc420000000 rw-p 00000000 00:00 0 
7fc420000000-7fc420021000 rw-p 00000000 00:00 0 
7fc420021000-7fc424000000 ---p 00000000 00:00 0 
7fc424000000-7fc424196000 rw-p 00000000 00:00 0 
7fc424196000-7fc428000000 ---p 00000000 00:00 0 
7fc428000000-7fc428cdd000 rw-p 00000000 00:00 0 
7fc428cdd000-7fc42c000000 ---p 00000000 00:00 0 
7fc42c000000-7fc42c73b000 rw-p 00000000 00:00 0 
7fc42c73b000-7fc430000000 ---p 00000000 00:00 0 
7fc430000000-7fc430021000 rw-p 00000000 00:00 0 
7fc430021000-7fc434000000 ---p 00000000 00:00 0 
7fc434000000-7fc434054000 rw-p 00000000 00:00 0 
7fc434054000-7fc438000000 ---p 00000000 00:00 0 
7fc438000000-7fc438028000 rw-p 00000000 00:00 0 
7fc438028000-7fc43c000000 ---p 00000000 00:00 0 
7fc43c000000-7fc43c021000 rw-p 00000000 00:00 0 
7fc43c021000-7fc440000000 ---p 00000000 00:00 0 
7fc440000000-7fc440021000 rw-p 00000000 00:00 0 
7fc440021000-7fc444000000 ---p 00000000 00:00 0 
7fc444000000-7fc444021000 rw-p 00000000 00:00 0 
7fc444021000-7fc448000000 ---p 00000000 00:00 0 
7fc448000000-7fc44863b000 rw-p 00000000 00:00 0 
7fc44863b000-7fc44c000000 ---p 00000000 00:00 0 
7fc44c000000-7fc44c021000 rw-p 00000000 00:00 0 
7fc44c021000-7fc450000000 ---p 00000000 00:00 0 
7fc450000000-7fc450a81000 rw-p 00000000 00:00 0 
7fc450a81000-7fc454000000 ---p 00000000 00:00 0 
7fc454000000-7fc4549b6000 rw-p 00000000 00:00 0 
7fc4549b6000-7fc458000000 ---p 00000000 00:00 0 
7fc458000000-7fc458021000 rw-p 00000000 00:00 0 
7fc458021000-7fc45c000000 ---p 00000000 00:00 0 
7fc45c000000-7fc45c9b5000 rw-p 00000000 00:00 0 
7fc45c9b5000-7fc460000000 ---p 00000000 00:00 0 
7fc460000000-7fc460021000 rw-p 00000000 00:00 0 
7fc460021000-7fc464000000 ---p 00000000 00:00 0 
7fc464000000-7fc464021000 rw-p 00000000 00:00 0 
7fc464021000-7fc468000000 ---p 00000000 00:00 0 
7fc468000000-7fc468021000 rw-p 00000000 00:00 0 
7fc468021000-7fc46c000000 ---p 00000000 00:00 0 
7fc46c000000-7fc46c021000 rw-p 00000000 00:00 0 
7fc46c021000-7fc470000000 ---p 00000000 00:00 0 
7fc470000000-7fc470021000 rw-p 00000000 00:00 0 
7fc470021000-7fc474000000 ---p 00000000 00:00 0 
7fc474000000-7fc474001000 r--s 00000000 08:01 19022293                   /var/cache/fontconfig/8a687c406b77f27d99abfeeba937fcce-le64.cache-4
7fc474001000-7fc47400e000 r--s 00000000 08:01 19022277                   /var/cache/fontconfig/198d8fcf01c96d0cf813f74fd759bdb7-le64.cache-4
7fc47400e000-7fc474011000 r--s 00000000 08:01 19022275                   /var/cache/fontconfig/75114ca45c98e8a441da0ff356701271-le64.cache-4
7fc474011000-7fc47401c000 r--s 00000000 08:01 19022274                   /var/cache/fontconfig/83bf95040141907cd45bb53cf7c1c148-le64.cache-4
7fc47401c000-7fc474025000 r--s 00000000 08:01 19013761                   /var/cache/fontconfig/d0972c3d32f097851eb916381fc38920-le64.cache-4
7fc474025000-7fc474046000 r--s 00000000 08:01 19005633                   /var/cache/fontconfig/e13b20fdb08344e0e664864cc2ede53d-le64.cache-4
7fc474046000-7fc47404b000 r-xp 00000000 08:01 27267295                   /lib/x86_64-linux-gnu/libnss_dns-2.21.so
7fc47404b000-7fc47424a000 ---p 00005000 08:01 27267295                   /lib/x86_64-linux-gnu/libnss_dns-2.21.so
7fc47424a000-7fc47424b000 r--p 00004000 08:01 27267295                   /lib/x86_64-linux-gnu/libnss_dns-2.21.so
7fc47424b000-7fc47424c000 rw-p 00005000 08:01 27267295                   /lib/x86_64-linux-gnu/libnss_dns-2.21.so
7fc47424c000-7fc47424e000 r-xp 00000000 08:01 27267303                   /lib/x86_64-linux-gnu/libnss_mdns4_minimal.so.2
7fc47424e000-7fc47444d000 ---p 00002000 08:01 27267303                   /lib/x86_64-linux-gnu/libnss_mdns4_minimal.so.2
7fc47444d000-7fc47444e000 r--p 00001000 08:01 27267303                   /lib/x86_64-linux-gnu/libnss_mdns4_minimal.so.2
7fc47444e000-7fc47444f000 rw-p 00002000 08:01 27267303                   /lib/x86_64-linux-gnu/libnss_mdns4_minimal.so.2
7fc47444f000-7fc474451000 r--s 00000000 08:01 19022278                   /var/cache/fontconfig/67709b7835c0f764c1135060c9575660-le64.cache-4
7fc474451000-7fc474458000 r--s 00000000 08:01 19022271                   /var/cache/fontconfig/53d14c92082a93e67d5078324eb314ca-le64.cache-4
7fc474458000-7fc47446b000 r--s 00000000 08:01 19022270                   /var/cache/fontconfig/4ac51e5cfbc76fc3f983e470323a16d3-le64.cache-4
7fc47446b000-7fc474489000 r--s 00000000 08:01 19018227                   /var/cache/fontconfig/467c019e582ee353435ea5c21d137ef6-le64.cache-4
7fc474489000-7fc474689000 rw-p 00000000 00:00 0 
7fc474689000-7fc4746c0000 r-xp 00000000 08:01 15344535                   /usr/lib/x86_64-linux-gnu/libtxc_dxtn_s2tc.so.0.0.0
7fc4746c0000-7fc4748bf000 ---p 00037000 08:01 15344535                   /usr/lib/x86_64-linux-gnu/libtxc_dxtn_s2tc.so.0.0.0
7fc4748bf000-7fc4748c0000 r--p 00036000 08:01 15344535                   /usr/lib/x86_64-linux-gnu/libtxc_dxtn_s2tc.so.0.0.0
7fc4748c0000-7fc4748c1000 rw-p 00037000 08:01 15344535                   /usr/lib/x86_64-linux-gnu/libtxc_dxtn_s2tc.so.0.0.0
7fc4748c1000-7fc4748e6000 r-xp 00000000 08:01 27267368                   /lib/x86_64-linux-gnu/libtinfo.so.5.9
7fc4748e6000-7fc474ae5000 ---p 00025000 08:01 27267368                   /lib/x86_64-linux-gnu/libtinfo.so.5.9
7fc474ae5000-7fc474ae9000 r--p 00024000 08:01 27267368                   /lib/x86_64-linux-gnu/libtinfo.so.5.9
7fc474ae9000-7fc474aea000 rw-p 00028000 08:01 27267368                   /lib/x86_64-linux-gnu/libtinfo.so.5.9
7fc474aea000-7fc474b1d000 r-xp 00000000 08:01 15343777                   /usr/lib/x86_64-linux-gnu/libedit.so.2.0.51
7fc474b1d000-7fc474d1d000 ---p 00033000 08:01 15343777                   /usr/lib/x86_64-linux-gnu/libedit.so.2.0.51
7fc474d1d000-7fc474d1f000 r--p 00033000 08:01 15343777                   /usr/lib/x86_64-linux-gnu/libedit.so.2.0.51
7fc474d1f000-7fc474d20000 rw-p 00035000 08:01 15343777                   /usr/lib/x86_64-linux-gnu/libedit.so.2.0.51
7fc474d20000-7fc474d24000 rw-p 00000000 00:00 0 
7fc474d24000-7fc474d3d000 r-xp 00000000 08:01 27267385                   /lib/x86_64-linux-gnu/libz.so.1.2.8
7fc474d3d000-7fc474f3d000 ---p 00019000 08:01 27267385                   /lib/x86_64-linux-gnu/libz.so.1.2.8
7fc474f3d000-7fc474f3e000 r--p 00019000 08:01 27267385                   /lib/x86_64-linux-gnu/libz.so.1.2.8
7fc474f3e000-7fc474f3f000 rw-p 0001a000 08:01 27267385                   /lib/x86_64-linux-gnu/libz.so.1.2.8
7fc474f3f000-7fc47502f000 r-xp 00000000 08:01 15344490                   /usr/lib/x86_64-linux-gnu/libstdc++.so.6.0.20
7fc47502f000-7fc47522f000 ---p 000f0000 08:01 15344490                   /usr/lib/x86_64-linux-gnu/libstdc++.so.6.0.20
7fc47522f000-7fc475237000 r--p 000f0000 08:01 15344490                   /usr/lib/x86_64-linux-gnu/libstdc++.so.6.0.20
7fc475237000-7fc475239000 rw-p 000f8000 08:01 15344490                   /usr/lib/x86_64-linux-gnu/libstdc++.so.6.0.20
7fc475239000-7fc47524e000 rw-p 00000000 00:00 0 
7fc47524e000-7fc476ff7000 r-xp 00000000 08:01 15343369                   /usr/lib/x86_64-linux-gnu/libLLVM-3.6.so.1
7fc476ff7000-7fc476ff8000 ---p 01da9000 08:01 15343369                   /usr/lib/x86_64-linux-gnu/libLLVM-3.6.so.1
7fc476ff8000-7fc477214000 r--p 01da9000 08:01 15343369                   /usr/lib/x86_64-linux-gnu/libLLVM-3.6.so.1
7fc477214000-7fc47721a000 rw-p 01fc5000 08:01 15343369                   /usr/lib/x86_64-linux-gnu/libLLVM-3.6.so.1
7fc47721a000-7fc477230000 rw-p 00000000 00:00 0 
7fc477230000-7fc477245000 r-xp 00000000 08:01 15343778                   /usr/lib/x86_64-linux-gnu/libelf-0.160.so
7fc477245000-7fc477444000 ---p 00015000 08:01 15343778                   /usr/lib/x86_64-linux-gnu/libelf-0.160.so
7fc477444000-7fc477445000 r--p 00014000 08:01 15343778                   /usr/lib/x86_64-linux-gnu/libelf-0.160.so
7fc477445000-7fc477446000 rw-p 00015000 08:01 15343778                   /usr/lib/x86_64-linux-gnu/libelf-0.160.so
7fc477446000-7fc477bb9000 r-xp 00000000 08:01 15603600                   /usr/lib/x86_64-linux-gnu/dri/nouveau_dri.so
7fc477bb9000-7fc477db8000 ---p 00773000 08:01 15603600                   /usr/lib/x86_64-linux-gnu/dri/nouveau_dri.so
7fc477db8000-7fc477e0f000 r--p 00772000 08:01 15603600                   /usr/lib/x86_64-linux-gnu/dri/nouveau_dri.so
7fc477e0f000-7fc477e1b000 rw-p 007c9000 08:01 15603600                   /usr/lib/x86_64-linux-gnu/dri/nouveau_dri.so
7fc477e1b000-7fc478000000 rw-p 00000000 00:00 0 
7fc478000000-7fc478021000 rw-p 00000000 00:00 0 
7fc478021000-7fc47c000000 ---p 00000000 00:00 0 
7fc47c000000-7fc47c001000 r--s 00000000 08:01 19022282                   /var/cache/fontconfig/94f7fe9bd33aadfac165873bd010d595-le64.cache-4
7fc47c001000-7fc47c00e000 r--s 00000000 08:01 19018230                   /var/cache/fontconfig/8f02d4cb045bd6ce15663e43f347c9f8-le64.cache-4
7fc47c026000-7fc47c0a6000 rw-s 1b3a59000 00:06 9579                      /dev/dri/card0
7fc47c0a6000-7fc47c0c6000 rw-s 196b89000 00:06 9579                      /dev/dri/card0
7fc47c0c6000-7fc47c146000 rw-s 196ae9000 00:06 9579                      /dev/dri/card0
7fc47c146000-7fc47c152000 r-xp 00000000 08:01 15343773                   /usr/lib/x86_64-linux-gnu/libdrm_radeon.so.1.0.1
7fc47c152000-7fc47c351000 ---p 0000c000 08:01 15343773                   /usr/lib/x86_64-linux-gnu/libdrm_radeon.so.1.0.1
7fc47c351000-7fc47c352000 r--p 0000b000 08:01 15343773                   /usr/lib/x86_64-linux-gnu/libdrm_radeon.so.1.0.1
7fc47c352000-7fc47c353000 rw-p 0000c000 08:01 15343773                   /usr/lib/x86_64-linux-gnu/libdrm_radeon.so.1.0.1
7fc47c353000-7fc47c359000 r-xp 00000000 08:01 15343771                   /usr/lib/x86_64-linux-gnu/libdrm_nouveau.so.2.0.0
7fc47c359000-7fc47c558000 ---p 00006000 08:01 15343771                   /usr/lib/x86_64-linux-gnu/libdrm_nouveau.so.2.0.0
7fc47c558000-7fc47c559000 r--p 00005000 08:01 15343771                   /usr/lib/x86_64-linux-gnu/libdrm_nouveau.so.2.0.0
7fc47c559000-7fc47c55a000 rw-p 00006000 08:01 15343771                   /usr/lib/x86_64-linux-gnu/libdrm_nouveau.so.2.0.0
7fc47c55a000-7fc47c56c000 r-xp 00000000 08:01 27263385                   /lib/x86_64-linux-gnu/libudev.so.1.6.2
7fc47c56c000-7fc47c76b000 ---p 00012000 08:01 27263385                   /lib/x86_64-linux-gnu/libudev.so.1.6.2
7fc47c76b000-7fc47c76c000 r--p 00011000 08:01 27263385                   /lib/x86_64-linux-gnu/libudev.so.1.6.2
7fc47c76c000-7fc47c76d000 rw-p 00012000 08:01 27263385                   /lib/x86_64-linux-gnu/libudev.so.1.6.2
7fc47c76d000-7fc47c76f000 r-xp 00000000 08:01 15343521                   /usr/lib/x86_64-linux-gnu/libXinerama.so.1.0.0
7fc47c76f000-7fc47c96e000 ---p 00002000 08:01 15343521                   /usr/lib/x86_64-linux-gnu/libXinerama.so.1.0.0
7fc47c96e000-7fc47c96f000 r--p 00001000 08:01 15343521                   /usr/lib/x86_64-linux-gnu/libXinerama.so.1.0.0
7fc47c96f000-7fc47c970000 rw-p 00002000 08:01 15343521                   /usr/lib/x86_64-linux-gnu/libXinerama.so.1.0.0
7fc47c970000-7fc47c9b5000 r-xp 00000000 08:01 28312164                   /tmp/jogamp_0000/file_cache/jln2174038647825127043/jln8855574724542347708/libjogl_mobile.so
7fc47c9b5000-7fc47cbb5000 ---p 00045000 08:01 28312164                   /tmp/jogamp_0000/file_cache/jln2174038647825127043/jln8855574724542347708/libjogl_mobile.so
7fc47cbb5000-7fc47cbb6000 rw-p 00045000 08:01 28312164                   /tmp/jogamp_0000/file_cache/jln2174038647825127043/jln8855574724542347708/libjogl_mobile.so
7fc47cbb6000-7fc47cbbd000 r-xp 00000000 08:01 15343817                   /usr/lib/x86_64-linux-gnu/libffi.so.6.0.4
7fc47cbbd000-7fc47cdbc000 ---p 00007000 08:01 15343817                   /usr/lib/x86_64-linux-gnu/libffi.so.6.0.4
7fc47cdbc000-7fc47cdbd000 r--p 00006000 08:01 15343817                   /usr/lib/x86_64-linux-gnu/libffi.so.6.0.4
7fc47cdbd000-7fc47cdbe000 rw-p 00007000 08:01 15343817                   /usr/lib/x86_64-linux-gnu/libffi.so.6.0.4
7fc47cdbe000-7fc47cdcb000 r-xp 00000000 08:01 15340550                   /usr/lib/x86_64-linux-gnu/libgbm.so.1.0.0
7fc47cdcb000-7fc47cfca000 ---p 0000d000 08:01 15340550                   /usr/lib/x86_64-linux-gnu/libgbm.so.1.0.0
7fc47cfca000-7fc47cfcb000 r--p 0000c000 08:01 15340550                   /usr/lib/x86_64-linux-gnu/libgbm.so.1.0.0
7fc47cfcb000-7fc47cfcc000 rw-p 0000d000 08:01 15340550                   /usr/lib/x86_64-linux-gnu/libgbm.so.1.0.0
7fc47cfcc000-7fc47cfdb000 r-xp 00000000 08:01 15344604                   /usr/lib/x86_64-linux-gnu/libwayland-server.so.0.1.0
7fc47cfdb000-7fc47d1da000 ---p 0000f000 08:01 15344604                   /usr/lib/x86_64-linux-gnu/libwayland-server.so.0.1.0
7fc47d1da000-7fc47d1dd000 r--p 0000e000 08:01 15344604                   /usr/lib/x86_64-linux-gnu/libwayland-server.so.0.1.0
7fc47d1dd000-7fc47d1de000 rw-p 00011000 08:01 15344604                   /usr/lib/x86_64-linux-gnu/libwayland-server.so.0.1.0
7fc47d1de000-7fc47d1ea000 r-xp 00000000 08:01 15344598                   /usr/lib/x86_64-linux-gnu/libwayland-client.so.0.3.0
7fc47d1ea000-7fc47d3e9000 ---p 0000c000 08:01 15344598                   /usr/lib/x86_64-linux-gnu/libwayland-client.so.0.3.0
7fc47d3e9000-7fc47d3eb000 r--p 0000b000 08:01 15344598                   /usr/lib/x86_64-linux-gnu/libwayland-client.so.0.3.0
7fc47d3eb000-7fc47d3ec000 rw-p 0000d000 08:01 15344598                   /usr/lib/x86_64-linux-gnu/libwayland-client.so.0.3.0
7fc47d3ec000-7fc47d3f1000 r-xp 00000000 08:01 15344692                   /usr/lib/x86_64-linux-gnu/libxcb-xfixes.so.0.0.0
7fc47d3f1000-7fc47d5f1000 ---p 00005000 08:01 15344692                   /usr/lib/x86_64-linux-gnu/libxcb-xfixes.so.0.0.0
7fc47d5f1000-7fc47d5f2000 r--p 00005000 08:01 15344692                   /usr/lib/x86_64-linux-gnu/libxcb-xfixes.so.0.0.0
7fc47d5f2000-7fc47d5f3000 rw-p 00006000 08:01 15344692                   /usr/lib/x86_64-linux-gnu/libxcb-xfixes.so.0.0.0
7fc47d5f3000-7fc47d61c000 r-xp 00000000 08:01 15729315                   /usr/lib/x86_64-linux-gnu/mesa-egl/libEGL.so.1.0.0
7fc47d61c000-7fc47d81c000 ---p 00029000 08:01 15729315                   /usr/lib/x86_64-linux-gnu/mesa-egl/libEGL.so.1.0.0
7fc47d81c000-7fc47d81d000 r--p 00029000 08:01 15729315                   /usr/lib/x86_64-linux-gnu/mesa-egl/libEGL.so.1.0.0
7fc47d81d000-7fc47d81e000 rw-p 0002a000 08:01 15729315                   /usr/lib/x86_64-linux-gnu/mesa-egl/libEGL.so.1.0.0
7fc47d81e000-7fc47d81f000 rw-p 00000000 00:00 0 
7fc47d81f000-7fc47d8c4000 r-xp 00000000 08:01 28312162                   /tmp/jogamp_0000/file_cache/jln2174038647825127043/jln8855574724542347708/libjogl_desktop.so
7fc47d8c4000-7fc47dac4000 ---p 000a5000 08:01 28312162                   /tmp/jogamp_0000/file_cache/jln2174038647825127043/jln8855574724542347708/libjogl_desktop.so
7fc47dac4000-7fc47dac5000 rw-p 000a5000 08:01 28312162                   /tmp/jogamp_0000/file_cache/jln2174038647825127043/jln8855574724542347708/libjogl_desktop.so
7fc47dac5000-7fc47dad1000 r-xp 00000000 08:01 15343767                   /usr/lib/x86_64-linux-gnu/libdrm.so.2.4.0
7fc47dad1000-7fc47dcd0000 ---p 0000c000 08:01 15343767                   /usr/lib/x86_64-linux-gnu/libdrm.so.2.4.0
7fc47dcd0000-7fc47dcd1000 r--p 0000b000 08:01 15343767                   /usr/lib/x86_64-linux-gnu/libdrm.so.2.4.0
7fc47dcd1000-7fc47dcd2000 rw-p 0000c000 08:01 15343767                   /usr/lib/x86_64-linux-gnu/libdrm.so.2.4.0
7fc47dcd2000-7fc47dcd3000 r-xp 00000000 08:01 15344706                   /usr/lib/x86_64-linux-gnu/libxshmfence.so.1.0.0
7fc47dcd3000-7fc47ded2000 ---p 00001000 08:01 15344706                   /usr/lib/x86_64-linux-gnu/libxshmfence.so.1.0.0
7fc47ded2000-7fc47ded3000 r--p 00000000 08:01 15344706                   /usr/lib/x86_64-linux-gnu/libxshmfence.so.1.0.0
7fc47ded3000-7fc47ded4000 rw-p 00001000 08:01 15344706                   /usr/lib/x86_64-linux-gnu/libxshmfence.so.1.0.0
7fc47ded4000-7fc47ded9000 r-xp 00000000 08:01 15344688                   /usr/lib/x86_64-linux-gnu/libxcb-sync.so.1.0.0
7fc47ded9000-7fc47e0d8000 ---p 00005000 08:01 15344688                   /usr/lib/x86_64-linux-gnu/libxcb-sync.so.1.0.0
7fc47e0d8000-7fc47e0d9000 r--p 00004000 08:01 15344688                   /usr/lib/x86_64-linux-gnu/libxcb-sync.so.1.0.0
7fc47e0d9000-7fc47e0da000 rw-p 00005000 08:01 15344688                   /usr/lib/x86_64-linux-gnu/libxcb-sync.so.1.0.0
7fc47e0da000-7fc47e0dc000 r-xp 00000000 08:01 15344676                   /usr/lib/x86_64-linux-gnu/libxcb-present.so.0.0.0
7fc47e0dc000-7fc47e2db000 ---p 00002000 08:01 15344676                   /usr/lib/x86_64-linux-gnu/libxcb-present.so.0.0.0
7fc47e2db000-7fc47e2dc000 r--p 00001000 08:01 15344676                   /usr/lib/x86_64-linux-gnu/libxcb-present.so.0.0.0
7fc47e2dc000-7fc47e2dd000 rw-p 00002000 08:01 15344676                   /usr/lib/x86_64-linux-gnu/libxcb-present.so.0.0.0
7fc47e2dd000-7fc47e2df000 r-xp 00000000 08:01 15344666                   /usr/lib/x86_64-linux-gnu/libxcb-dri3.so.0.0.0
7fc47e2df000-7fc47e4de000 ---p 00002000 08:01 15344666                   /usr/lib/x86_64-linux-gnu/libxcb-dri3.so.0.0.0
7fc47e4de000-7fc47e4df000 r--p 00001000 08:01 15344666                   /usr/lib/x86_64-linux-gnu/libxcb-dri3.so.0.0.0
7fc47e4df000-7fc47e4e0000 rw-p 00002000 08:01 15344666                   /usr/lib/x86_64-linux-gnu/libxcb-dri3.so.0.0.0
7fc47e4e0000-7fc47e4e3000 r-xp 00000000 08:01 15344664                   /usr/lib/x86_64-linux-gnu/libxcb-dri2.so.0.0.0
7fc47e4e3000-7fc47e6e3000 ---p 00003000 08:01 15344664                   /usr/lib/x86_64-linux-gnu/libxcb-dri2.so.0.0.0
7fc47e6e3000-7fc47e6e4000 r--p 00003000 08:01 15344664                   /usr/lib/x86_64-linux-gnu/libxcb-dri2.so.0.0.0
7fc47e6e4000-7fc47e6e5000 rw-p 00004000 08:01 15344664                   /usr/lib/x86_64-linux-gnu/libxcb-dri2.so.0.0.0
7fc47e6e5000-7fc47e6fa000 r-xp 00000000 08:01 15344668                   /usr/lib/x86_64-linux-gnu/libxcb-glx.so.0.0.0
7fc47e6fa000-7fc47e8f9000 ---p 00015000 08:01 15344668                   /usr/lib/x86_64-linux-gnu/libxcb-glx.so.0.0.0
7fc47e8f9000-7fc47e8fb000 r--p 00014000 08:01 15344668                   /usr/lib/x86_64-linux-gnu/libxcb-glx.so.0.0.0
7fc47e8fb000-7fc47e8fc000 rw-p 00016000 08:01 15344668                   /usr/lib/x86_64-linux-gnu/libxcb-glx.so.0.0.0
7fc47e8fc000-7fc47e8fd000 r-xp 00000000 08:01 15343492                   /usr/lib/x86_64-linux-gnu/libX11-xcb.so.1.0.0
7fc47e8fd000-7fc47eafc000 ---p 00001000 08:01 15343492                   /usr/lib/x86_64-linux-gnu/libX11-xcb.so.1.0.0
7fc47eafc000-7fc47eafd000 r--p 00000000 08:01 15343492                   /usr/lib/x86_64-linux-gnu/libX11-xcb.so.1.0.0
7fc47eafd000-7fc47eafe000 rw-p 00001000 08:01 15343492                   /usr/lib/x86_64-linux-gnu/libX11-xcb.so.1.0.0
7fc47eafe000-7fc47eb00000 r-xp 00000000 08:01 15343507                   /usr/lib/x86_64-linux-gnu/libXdamage.so.1.1.0
7fc47eb00000-7fc47ecff000 ---p 00002000 08:01 15343507                   /usr/lib/x86_64-linux-gnu/libXdamage.so.1.1.0
7fc47ecff000-7fc47ed00000 r--p 00001000 08:01 15343507                   /usr/lib/x86_64-linux-gnu/libXdamage.so.1.1.0
7fc47ed00000-7fc47ed01000 rw-p 00002000 08:01 15343507                   /usr/lib/x86_64-linux-gnu/libXdamage.so.1.1.0
7fc47ed01000-7fc47ed26000 r-xp 00000000 08:01 15343260                   /usr/lib/x86_64-linux-gnu/libglapi.so.0.0.0
7fc47ed26000-7fc47ef26000 ---p 00025000 08:01 15343260                   /usr/lib/x86_64-linux-gnu/libglapi.so.0.0.0
7fc47ef26000-7fc47ef29000 r--p 00025000 08:01 15343260                   /usr/lib/x86_64-linux-gnu/libglapi.so.0.0.0
7fc47ef29000-7fc47ef2a000 rw-p 00028000 08:01 15343260                   /usr/lib/x86_64-linux-gnu/libglapi.so.0.0.0
7fc47ef2a000-7fc47ef2b000 rw-p 00000000 00:00 0 
7fc47ef2b000-7fc47ef51000 r-xp 00000000 08:01 27267358                   /lib/x86_64-linux-gnu/libexpat.so.1.6.0
7fc47ef51000-7fc47f150000 ---p 00026000 08:01 27267358                   /lib/x86_64-linux-gnu/libexpat.so.1.6.0
7fc47f150000-7fc47f153000 r--p 00025000 08:01 27267358                   /lib/x86_64-linux-gnu/libexpat.so.1.6.0
7fc47f153000-7fc47f154000 rw-p 00028000 08:01 27267358                   /lib/x86_64-linux-gnu/libexpat.so.1.6.0
7fc47f154000-7fc47f1ec000 r-xp 00000000 08:01 15732978                   /usr/lib/x86_64-linux-gnu/mesa/libGL.so.1.2.0
7fc47f1ec000-7fc47f3eb000 ---p 00098000 08:01 15732978                   /usr/lib/x86_64-linux-gnu/mesa/libGL.so.1.2.0
7fc47f3eb000-7fc47f3ee000 r--p 00097000 08:01 15732978                   /usr/lib/x86_64-linux-gnu/mesa/libGL.so.1.2.0
7fc47f3ee000-7fc47f3ef000 rw-p 0009a000 08:01 15732978                   /usr/lib/x86_64-linux-gnu/mesa/libGL.so.1.2.0
7fc47f3ef000-7fc47f5f0000 rw-p 00000000 00:00 0 
7fc47f5f0000-7fc47f7f0000 rw-p 00000000 00:00 0 
7fc47f7f0000-7fc47f7f7000 r-xp 00000000 08:01 28312168                   /tmp/jogamp_0000/file_cache/jln2174038647825127043/jln8855574724542347708/libnativewindow_x11.so
7fc47f7f7000-7fc47f9f6000 ---p 00007000 08:01 28312168                   /tmp/jogamp_0000/file_cache/jln2174038647825127043/jln8855574724542347708/libnativewindow_x11.so
7fc47f9f6000-7fc47f9f7000 rw-p 00006000 08:01 28312168                   /tmp/jogamp_0000/file_cache/jln2174038647825127043/jln8855574724542347708/libnativewindow_x11.so
7fc47f9f7000-7fc47f9fb000 r-xp 00000000 08:01 15343549                   /usr/lib/x86_64-linux-gnu/libXxf86vm.so.1.0.0
7fc47f9fb000-7fc47fbfb000 ---p 00004000 08:01 15343549                   /usr/lib/x86_64-linux-gnu/libXxf86vm.so.1.0.0
7fc47fbfb000-7fc47fbfc000 r--p 00004000 08:01 15343549                   /usr/lib/x86_64-linux-gnu/libXxf86vm.so.1.0.0
7fc47fbfc000-7fc47fbfd000 rw-p 00005000 08:01 15343549                   /usr/lib/x86_64-linux-gnu/libXxf86vm.so.1.0.0
7fc47fbfd000-7fc47fbff000 r-xp 00000000 08:01 28312167                   /tmp/jogamp_0000/file_cache/jln2174038647825127043/jln8855574724542347708/libnativewindow_awt.so
7fc47fbff000-7fc47fdfe000 ---p 00002000 08:01 28312167                   /tmp/jogamp_0000/file_cache/jln2174038647825127043/jln8855574724542347708/libnativewindow_awt.so
7fc47fdfe000-7fc47fdff000 rw-p 00001000 08:01 28312167                   /tmp/jogamp_0000/file_cache/jln2174038647825127043/jln8855574724542347708/libnativewindow_awt.so
7fc47fdff000-7fc47fe00000 r-xp 00000000 08:01 3450810                    /home/ema/Scaricati/jdk1.8.0_92/jre/lib/amd64/libjawt.so
7fc47fe00000-7fc47ffff000 ---p 00001000 08:01 3450810                    /home/ema/Scaricati/jdk1.8.0_92/jre/lib/amd64/libjawt.so
7fc47ffff000-7fc480000000 rw-p 00000000 08:01 3450810                    /home/ema/Scaricati/jdk1.8.0_92/jre/lib/amd64/libjawt.so
7fc480000000-7fc480021000 rw-p 00000000 00:00 0 
7fc480021000-7fc484000000 ---p 00000000 00:00 0 
7fc484000000-7fc484001000 r--s 00000000 08:01 19022279                   /var/cache/fontconfig/406a1d2d2bf3ed7664fbadefac0b2f66-le64.cache-4
7fc484001000-7fc484002000 r--s 00000000 08:01 19005512                   /var/cache/fontconfig/0c9eb80ebd1c36541ebe2852d3bb0c49-le64.cache-4
7fc484002000-7fc484004000 r--s 00000000 08:01 19022273                   /var/cache/fontconfig/6e6b34ae150a7ad95e82fb4a522f0bda-le64.cache-4
7fc484004000-7fc484005000 r--s 00000000 08:01 19022272                   /var/cache/fontconfig/3334a778d104e76d188e9df399bc24d2-le64.cache-4
7fc484005000-7fc484006000 r--s 00000000 08:01 19022269                   /var/cache/fontconfig/c277e94e32b20404286a1ddafa5a80f0-le64.cache-4
7fc484006000-7fc48400b000 r--s 00000000 08:01 19022268                   /var/cache/fontconfig/3629f2adf904f9a612908891fae71ceb-le64.cache-4
7fc48400b000-7fc48408b000 rw-s 1b3314000 00:06 9579                      /dev/dri/card0
7fc48408b000-7fc48410b000 rw-s 1b3290000 00:06 9579                      /dev/dri/card0
7fc48410b000-7fc48410d000 r-xp 00000000 08:01 28312158                   /tmp/jogamp_0000/file_cache/jln2174038647825127043/jln8855574724542347708/libgluegen-rt.so
7fc48410d000-7fc48430c000 ---p 00002000 08:01 28312158                   /tmp/jogamp_0000/file_cache/jln2174038647825127043/jln8855574724542347708/libgluegen-rt.so
7fc48430c000-7fc48430d000 rw-p 00001000 08:01 28312158                   /tmp/jogamp_0000/file_cache/jln2174038647825127043/jln8855574724542347708/libgluegen-rt.so
7fc48430d000-7fc484310000 ---p 00000000 00:00 0 
7fc484310000-7fc48460e000 rw-p 00000000 00:00 0 
7fc48460e000-7fc484611000 ---p 00000000 00:00 0 
7fc484611000-7fc48490f000 rw-p 00000000 00:00 0 
7fc48490f000-7fc484912000 ---p 00000000 00:00 0 
7fc484912000-7fc484a10000 rw-p 00000000 00:00 0 
7fc484a10000-7fc484a79000 r-xp 00000000 08:01 3450779                    /home/ema/Scaricati/jdk1.8.0_92/jre/lib/amd64/libt2k.so
7fc484a79000-7fc484c79000 ---p 00069000 08:01 3450779                    /home/ema/Scaricati/jdk1.8.0_92/jre/lib/amd64/libt2k.so
7fc484c79000-7fc484c80000 rw-p 00069000 08:01 3450779                    /home/ema/Scaricati/jdk1.8.0_92/jre/lib/amd64/libt2k.so
7fc484c80000-7fc484c90000 rw-p 00000000 00:00 0 
7fc484c90000-7fc484ca1000 r-xp 00000000 08:01 3450822                    /home/ema/Scaricati/jdk1.8.0_92/jre/lib/amd64/libnio.so
7fc484ca1000-7fc484ea0000 ---p 00011000 08:01 3450822                    /home/ema/Scaricati/jdk1.8.0_92/jre/lib/amd64/libnio.so
7fc484ea0000-7fc484ea1000 rw-p 00010000 08:01 3450822                    /home/ema/Scaricati/jdk1.8.0_92/jre/lib/amd64/libnio.so
7fc484ea1000-7fc4851a2000 rw-p 00000000 00:00 0 
7fc4851a2000-7fc4851b8000 r-xp 00000000 08:01 3450819                    /home/ema/Scaricati/jdk1.8.0_92/jre/lib/amd64/libnet.so
7fc4851b8000-7fc4853b8000 ---p 00016000 08:01 3450819                    /home/ema/Scaricati/jdk1.8.0_92/jre/lib/amd64/libnet.so
7fc4853b8000-7fc4853b9000 rw-p 00016000 08:01 3450819                    /home/ema/Scaricati/jdk1.8.0_92/jre/lib/amd64/libnet.so
7fc4853b9000-7fc4853bc000 ---p 00000000 00:00 0 
7fc4853bc000-7fc4854ba000 rw-p 00000000 00:00 0 
7fc4854ba000-7fc4854bd000 ---p 00000000 00:00 0 
7fc4854bd000-7fc4855bb000 rw-p 00000000 00:00 0 
7fc4855bb000-7fc4855be000 ---p 00000000 00:00 0 
7fc4855be000-7fc4856bc000 rw-p 00000000 00:00 0 
7fc4856bc000-7fc4856bf000 ---p 00000000 00:00 0 
7fc4856bf000-7fc4857bd000 rw-p 00000000 00:00 0 
7fc4857bd000-7fc4857c2000 r-xp 00000000 08:01 15343513                   /usr/lib/x86_64-linux-gnu/libXfixes.so.3.1.0
7fc4857c2000-7fc4859c1000 ---p 00005000 08:01 15343513                   /usr/lib/x86_64-linux-gnu/libXfixes.so.3.1.0
7fc4859c1000-7fc4859c2000 r--p 00004000 08:01 15343513                   /usr/lib/x86_64-linux-gnu/libXfixes.so.3.1.0
7fc4859c2000-7fc4859c3000 rw-p 00005000 08:01 15343513                   /usr/lib/x86_64-linux-gnu/libXfixes.so.3.1.0
7fc4859c3000-7fc4859cc000 r-xp 00000000 08:01 15343505                   /usr/lib/x86_64-linux-gnu/libXcursor.so.1.0.2
7fc4859cc000-7fc485bcb000 ---p 00009000 08:01 15343505                   /usr/lib/x86_64-linux-gnu/libXcursor.so.1.0.2
7fc485bcb000-7fc485bcc000 r--p 00008000 08:01 15343505                   /usr/lib/x86_64-linux-gnu/libXcursor.so.1.0.2
7fc485bcc000-7fc485bcd000 rw-p 00009000 08:01 15343505                   /usr/lib/x86_64-linux-gnu/libXcursor.so.1.0.2
7fc485bcd000-7fc485bd0000 ---p 00000000 00:00 0 
7fc485bd0000-7fc485cce000 rw-p 00000000 00:00 0 
7fc485cce000-7fc485ce4000 r-xp 00000000 08:01 27269807                   /lib/x86_64-linux-gnu/libgcc_s.so.1
7fc485ce4000-7fc485ee3000 ---p 00016000 08:01 27269807                   /lib/x86_64-linux-gnu/libgcc_s.so.1
7fc485ee3000-7fc485ee4000 rw-p 00015000 08:01 27269807                   /lib/x86_64-linux-gnu/libgcc_s.so.1
7fc485ee4000-7fc485f49000 r-xp 00000000 08:01 3450798                    /home/ema/Scaricati/jdk1.8.0_92/jre/lib/amd64/libfontmanager.so
7fc485f49000-7fc486148000 ---p 00065000 08:01 3450798                    /home/ema/Scaricati/jdk1.8.0_92/jre/lib/amd64/libfontmanager.so
7fc486148000-7fc48614d000 rw-p 00064000 08:01 3450798                    /home/ema/Scaricati/jdk1.8.0_92/jre/lib/amd64/libfontmanager.so
7fc48614d000-7fc48615d000 rw-p 00000000 00:00 0 
7fc48615d000-7fc486162000 r-xp 00000000 08:01 15343509                   /usr/lib/x86_64-linux-gnu/libXdmcp.so.6.0.0
7fc486162000-7fc486361000 ---p 00005000 08:01 15343509                   /usr/lib/x86_64-linux-gnu/libXdmcp.so.6.0.0
7fc486361000-7fc486362000 r--p 00004000 08:01 15343509                   /usr/lib/x86_64-linux-gnu/libXdmcp.so.6.0.0
7fc486362000-7fc486363000 rw-p 00005000 08:01 15343509                   /usr/lib/x86_64-linux-gnu/libXdmcp.so.6.0.0
7fc486363000-7fc486365000 r-xp 00000000 08:01 15343498                   /usr/lib/x86_64-linux-gnu/libXau.so.6.0.0
7fc486365000-7fc486565000 ---p 00002000 08:01 15343498                   /usr/lib/x86_64-linux-gnu/libXau.so.6.0.0
7fc486565000-7fc486566000 r--p 00002000 08:01 15343498                   /usr/lib/x86_64-linux-gnu/libXau.so.6.0.0
7fc486566000-7fc486567000 rw-p 00003000 08:01 15343498                   /usr/lib/x86_64-linux-gnu/libXau.so.6.0.0
7fc486567000-7fc486584000 r-xp 00000000 08:01 15344696                   /usr/lib/x86_64-linux-gnu/libxcb.so.1.1.0
7fc486584000-7fc486784000 ---p 0001d000 08:01 15344696                   /usr/lib/x86_64-linux-gnu/libxcb.so.1.1.0
7fc486784000-7fc486785000 r--p 0001d000 08:01 15344696                   /usr/lib/x86_64-linux-gnu/libxcb.so.1.1.0
7fc486785000-7fc486786000 rw-p 0001e000 08:01 15344696                   /usr/lib/x86_64-linux-gnu/libxcb.so.1.1.0
7fc486786000-7fc486795000 r-xp 00000000 08:01 15343519                   /usr/lib/x86_64-linux-gnu/libXi.so.6.1.0
7fc486795000-7fc486994000 ---p 0000f000 08:01 15343519                   /usr/lib/x86_64-linux-gnu/libXi.so.6.1.0
7fc486994000-7fc486995000 r--p 0000e000 08:01 15343519                   /usr/lib/x86_64-linux-gnu/libXi.so.6.1.0
7fc486995000-7fc486996000 rw-p 0000f000 08:01 15343519                   /usr/lib/x86_64-linux-gnu/libXi.so.6.1.0
7fc486996000-7fc48699b000 r-xp 00000000 08:01 15343539                   /usr/lib/x86_64-linux-gnu/libXtst.so.6.1.0
7fc48699b000-7fc486b9a000 ---p 00005000 08:01 15343539                   /usr/lib/x86_64-linux-gnu/libXtst.so.6.1.0
7fc486b9a000-7fc486b9b000 r--p 00004000 08:01 15343539                   /usr/lib/x86_64-linux-gnu/libXtst.so.6.1.0
7fc486b9b000-7fc486b9c000 rw-p 00005000 08:01 15343539                   /usr/lib/x86_64-linux-gnu/libXtst.so.6.1.0
7fc486b9c000-7fc486ba5000 r-xp 00000000 08:01 15343533                   /usr/lib/x86_64-linux-gnu/libXrender.so.1.3.0
7fc486ba5000-7fc486da4000 ---p 00009000 08:01 15343533                   /usr/lib/x86_64-linux-gnu/libXrender.so.1.3.0
7fc486da4000-7fc486da5000 r--p 00008000 08:01 15343533                   /usr/lib/x86_64-linux-gnu/libXrender.so.1.3.0
7fc486da5000-7fc486da6000 rw-p 00009000 08:01 15343533                   /usr/lib/x86_64-linux-gnu/libXrender.so.1.3.0
7fc486da6000-7fc486ed9000 r-xp 00000000 08:01 15343494                   /usr/lib/x86_64-linux-gnu/libX11.so.6.3.0
7fc486ed9000-7fc4870d9000 ---p 00133000 08:01 15343494                   /usr/lib/x86_64-linux-gnu/libX11.so.6.3.0
7fc4870d9000-7fc4870da000 r--p 00133000 08:01 15343494                   /usr/lib/x86_64-linux-gnu/libX11.so.6.3.0
7fc4870da000-7fc4870de000 rw-p 00134000 08:01 15343494                   /usr/lib/x86_64-linux-gnu/libX11.so.6.3.0
7fc4870de000-7fc4870df000 rw-p 00000000 00:00 0 
7fc4870df000-7fc4870f0000 r-xp 00000000 08:01 15343511                   /usr/lib/x86_64-linux-gnu/libXext.so.6.4.0
7fc4870f0000-7fc4872ef000 ---p 00011000 08:01 15343511                   /usr/lib/x86_64-linux-gnu/libXext.so.6.4.0
7fc4872ef000-7fc4872f0000 r--p 00010000 08:01 15343511                   /usr/lib/x86_64-linux-gnu/libXext.so.6.4.0
7fc4872f0000-7fc4872f1000 rw-p 00011000 08:01 15343511                   /usr/lib/x86_64-linux-gnu/libXext.so.6.4.0
7fc4872f1000-7fc487345000 r-xp 00000000 08:01 3450826                    /home/ema/Scaricati/jdk1.8.0_92/jre/lib/amd64/libawt_xawt.so
7fc487345000-7fc487545000 ---p 00054000 08:01 3450826                    /home/ema/Scaricati/jdk1.8.0_92/jre/lib/amd64/libawt_xawt.so
7fc487545000-7fc487549000 rw-p 00054000 08:01 3450826                    /home/ema/Scaricati/jdk1.8.0_92/jre/lib/amd64/libawt_xawt.so
7fc487549000-7fc48754a000 rw-p 00000000 00:00 0 
7fc48754a000-7fc4875ec000 r-xp 00000000 08:01 3450809                    /home/ema/Scaricati/jdk1.8.0_92/jre/lib/amd64/libawt.so
7fc4875ec000-7fc4877ec000 ---p 000a2000 08:01 3450809                    /home/ema/Scaricati/jdk1.8.0_92/jre/lib/amd64/libawt.so
7fc4877ec000-7fc4877f8000 rw-p 000a2000 08:01 3450809                    /home/ema/Scaricati/jdk1.8.0_92/jre/lib/amd64/libawt.so
7fc4877f8000-7fc48781c000 rw-p 00000000 00:00 0 
7fc48781c000-7fc48781d000 ---p 00000000 00:00 0 
7fc48781d000-7fc48791d000 rw-p 00000000 00:00 0 
7fc48791d000-7fc488000000 r--p 00000000 08:01 15342584                   /usr/lib/locale/locale-archive
7fc488000000-7fc488021000 rw-p 00000000 00:00 0 
7fc488021000-7fc48c000000 ---p 00000000 00:00 0 
7fc48c000000-7fc48c021000 rw-p 00000000 00:00 0 
7fc48c021000-7fc490000000 ---p 00000000 00:00 0 
7fc490000000-7fc490021000 rw-p 00000000 00:00 0 
7fc490021000-7fc494000000 ---p 00000000 00:00 0 
7fc494000000-7fc494003000 r--s 00000000 08:01 19022266                   /var/cache/fontconfig/de83a0a961185c8bd1f159015d56c039-le64.cache-4
7fc494003000-7fc494007000 r--s 00000000 08:01 19020952                   /var/cache/fontconfig/7ef2298fde41cc6eeb7af42e48b7d293-le64.cache-4
7fc494007000-7fc494009000 r--s 00000000 08:01 19018231                   /var/cache/fontconfig/16326683038b281783a0ef8c680e3a10-le64.cache-4
7fc494009000-7fc49400a000 r--s 00000000 08:01 19018228                   /var/cache/fontconfig/e0aa53bcfa504e64f87823c16bc01eb6-le64.cache-4
7fc49400a000-7fc494026000 r--s 00393000 08:01 3450599                    /home/ema/Scaricati/jdk1.8.0_92/jre/lib/ext/cldrdata.jar
7fc494026000-7fc494029000 ---p 00000000 00:00 0 
7fc494029000-7fc49405f000 rw-p 00000000 00:00 0 
7fc49405f000-7fc494062000 ---p 00000000 00:00 0 
7fc494062000-7fc494160000 rw-p 00000000 00:00 0 
7fc494160000-7fc494163000 ---p 00000000 00:00 0 
7fc494163000-7fc494261000 rw-p 00000000 00:00 0 
7fc494261000-7fc494264000 ---p 00000000 00:00 0 
7fc494264000-7fc494362000 rw-p 00000000 00:00 0 
7fc494362000-7fc494365000 ---p 00000000 00:00 0 
7fc494365000-7fc494463000 rw-p 00000000 00:00 0 
7fc494463000-7fc494466000 ---p 00000000 00:00 0 
7fc494466000-7fc494564000 rw-p 00000000 00:00 0 
7fc494564000-7fc494567000 ---p 00000000 00:00 0 
7fc494567000-7fc494665000 rw-p 00000000 00:00 0 
7fc494665000-7fc494668000 ---p 00000000 00:00 0 
7fc494668000-7fc494766000 rw-p 00000000 00:00 0 
7fc494766000-7fc494769000 ---p 00000000 00:00 0 
7fc494769000-7fc494867000 rw-p 00000000 00:00 0 
7fc494867000-7fc494868000 ---p 00000000 00:00 0 
7fc494868000-7fc498000000 rw-p 00000000 00:00 0 
7fc498000000-7fc498021000 rw-p 00000000 00:00 0 
7fc498021000-7fc49c000000 ---p 00000000 00:00 0 
7fc49c008000-7fc49c02b000 r--s 002ec000 08:01 3540429                    /home/ema/Dropbox/ACCADEMIC/Programmi/Java/ucsdunfoldingmaps/lib/jogl-all.jar
7fc49c02b000-7fc49d000000 rw-p 00000000 00:00 0 
7fc49d000000-7fc49daf0000 rwxp 00000000 00:00 0 
7fc49daf0000-7fc4ac000000 ---p 00000000 00:00 0 
7fc4ac000000-7fc4ac2bc000 rw-p 00000000 00:00 0 
7fc4ac2bc000-7fc4b0000000 ---p 00000000 00:00 0 
7fc4b0000000-7fc4b0001000 rw-p 00000000 00:00 0 
7fc4b0001000-7fc4b000b000 r--s 00116000 08:01 3450653                    /home/ema/Scaricati/jdk1.8.0_92/jre/lib/ext/localedata.jar
7fc4b000b000-7fc4b04a0000 rw-p 00000000 00:00 0 
7fc4b04a0000-7fc4b0679000 r--s 03d24000 08:01 3450543                    /home/ema/Scaricati/jdk1.8.0_92/jre/lib/rt.jar
7fc4b0679000-7fc4b11d8000 rw-p 00000000 00:00 0 
7fc4b11d8000-7fc4b11d9000 ---p 00000000 00:00 0 
7fc4b11d9000-7fc4b12d9000 rw-p 00000000 00:00 0 
7fc4b12d9000-7fc4b12da000 ---p 00000000 00:00 0 
7fc4b12da000-7fc4b13da000 rw-p 00000000 00:00 0 
7fc4b13da000-7fc4b13db000 ---p 00000000 00:00 0 
7fc4b13db000-7fc4b14db000 rw-p 00000000 00:00 0 
7fc4b14db000-7fc4b14dc000 ---p 00000000 00:00 0 
7fc4b14dc000-7fc4b15dc000 rw-p 00000000 00:00 0 
7fc4b15dc000-7fc4b15dd000 ---p 00000000 00:00 0 
7fc4b15dd000-7fc4b16dd000 rw-p 00000000 00:00 0 
7fc4b16dd000-7fc4b16de000 ---p 00000000 00:00 0 
7fc4b16de000-7fc4b17de000 rw-p 00000000 00:00 0 
7fc4b17de000-7fc4b17df000 ---p 00000000 00:00 0 
7fc4b17df000-7fc4b18df000 rw-p 00000000 00:00 0 
7fc4b18df000-7fc4b18e0000 ---p 00000000 00:00 0 
7fc4b18e0000-7fc4b1a02000 rw-p 00000000 00:00 0 
7fc4b1a02000-7fc4b1bd1000 ---p 00000000 00:00 0 
7fc4b1bd1000-7fc4b1bf3000 rw-p 00000000 00:00 0 
7fc4b1bf3000-7fc4b1dc1000 ---p 00000000 00:00 0 
7fc4b1dc1000-7fc4b1dfd000 rw-p 00000000 00:00 0 
7fc4b1dfd000-7fc4b1eba000 ---p 00000000 00:00 0 
7fc4b1eba000-7fc4b1ee7000 rw-p 00000000 00:00 0 
7fc4b1ee7000-7fc4b227b000 ---p 00000000 00:00 0 
7fc4b227b000-7fc4b2295000 r-xp 00000000 08:01 3450813                    /home/ema/Scaricati/jdk1.8.0_92/jre/lib/amd64/libzip.so
7fc4b2295000-7fc4b2495000 ---p 0001a000 08:01 3450813                    /home/ema/Scaricati/jdk1.8.0_92/jre/lib/amd64/libzip.so
7fc4b2495000-7fc4b2496000 rw-p 0001a000 08:01 3450813                    /home/ema/Scaricati/jdk1.8.0_92/jre/lib/amd64/libzip.so
7fc4b2496000-7fc4b24a2000 r-xp 00000000 08:01 27267297                   /lib/x86_64-linux-gnu/libnss_files-2.21.so
7fc4b24a2000-7fc4b26a1000 ---p 0000c000 08:01 27267297                   /lib/x86_64-linux-gnu/libnss_files-2.21.so
7fc4b26a1000-7fc4b26a2000 r--p 0000b000 08:01 27267297                   /lib/x86_64-linux-gnu/libnss_files-2.21.so
7fc4b26a2000-7fc4b26a3000 rw-p 0000c000 08:01 27267297                   /lib/x86_64-linux-gnu/libnss_files-2.21.so
7fc4b26a3000-7fc4b26ae000 r-xp 00000000 08:01 27267307                   /lib/x86_64-linux-gnu/libnss_nis-2.21.so
7fc4b26ae000-7fc4b28ad000 ---p 0000b000 08:01 27267307                   /lib/x86_64-linux-gnu/libnss_nis-2.21.so
7fc4b28ad000-7fc4b28ae000 r--p 0000a000 08:01 27267307                   /lib/x86_64-linux-gnu/libnss_nis-2.21.so
7fc4b28ae000-7fc4b28af000 rw-p 0000b000 08:01 27267307                   /lib/x86_64-linux-gnu/libnss_nis-2.21.so
7fc4b28af000-7fc4b28c6000 r-xp 00000000 08:01 27267291                   /lib/x86_64-linux-gnu/libnsl-2.21.so
7fc4b28c6000-7fc4b2ac5000 ---p 00017000 08:01 27267291                   /lib/x86_64-linux-gnu/libnsl-2.21.so
7fc4b2ac5000-7fc4b2ac6000 r--p 00016000 08:01 27267291                   /lib/x86_64-linux-gnu/libnsl-2.21.so
7fc4b2ac6000-7fc4b2ac7000 rw-p 00017000 08:01 27267291                   /lib/x86_64-linux-gnu/libnsl-2.21.so
7fc4b2ac7000-7fc4b2ac9000 rw-p 00000000 00:00 0 
7fc4b2ac9000-7fc4b2ad1000 r-xp 00000000 08:01 27267293                   /lib/x86_64-linux-gnu/libnss_compat-2.21.so
7fc4b2ad1000-7fc4b2cd0000 ---p 00008000 08:01 27267293                   /lib/x86_64-linux-gnu/libnss_compat-2.21.so
7fc4b2cd0000-7fc4b2cd1000 r--p 00007000 08:01 27267293                   /lib/x86_64-linux-gnu/libnss_compat-2.21.so
7fc4b2cd1000-7fc4b2cd2000 rw-p 00008000 08:01 27267293                   /lib/x86_64-linux-gnu/libnss_compat-2.21.so
7fc4b2cd2000-7fc4b2cfc000 r-xp 00000000 08:01 3450807                    /home/ema/Scaricati/jdk1.8.0_92/jre/lib/amd64/libjava.so
7fc4b2cfc000-7fc4b2efc000 ---p 0002a000 08:01 3450807                    /home/ema/Scaricati/jdk1.8.0_92/jre/lib/amd64/libjava.so
7fc4b2efc000-7fc4b2efe000 rw-p 0002a000 08:01 3450807                    /home/ema/Scaricati/jdk1.8.0_92/jre/lib/amd64/libjava.so
7fc4b2efe000-7fc4b2f0b000 r-xp 00000000 08:01 3450812                    /home/ema/Scaricati/jdk1.8.0_92/jre/lib/amd64/libverify.so
7fc4b2f0b000-7fc4b310b000 ---p 0000d000 08:01 3450812                    /home/ema/Scaricati/jdk1.8.0_92/jre/lib/amd64/libverify.so
7fc4b310b000-7fc4b310d000 rw-p 0000d000 08:01 3450812                    /home/ema/Scaricati/jdk1.8.0_92/jre/lib/amd64/libverify.so
7fc4b310d000-7fc4b3114000 r-xp 00000000 08:01 27267352                   /lib/x86_64-linux-gnu/librt-2.21.so
7fc4b3114000-7fc4b3313000 ---p 00007000 08:01 27267352                   /lib/x86_64-linux-gnu/librt-2.21.so
7fc4b3313000-7fc4b3314000 r--p 00006000 08:01 27267352                   /lib/x86_64-linux-gnu/librt-2.21.so
7fc4b3314000-7fc4b3315000 rw-p 00007000 08:01 27267352                   /lib/x86_64-linux-gnu/librt-2.21.so
7fc4b3315000-7fc4b341c000 r-xp 00000000 08:01 27267270                   /lib/x86_64-linux-gnu/libm-2.21.so
7fc4b341c000-7fc4b361b000 ---p 00107000 08:01 27267270                   /lib/x86_64-linux-gnu/libm-2.21.so
7fc4b361b000-7fc4b361c000 r--p 00106000 08:01 27267270                   /lib/x86_64-linux-gnu/libm-2.21.so
7fc4b361c000-7fc4b361d000 rw-p 00107000 08:01 27267270                   /lib/x86_64-linux-gnu/libm-2.21.so
7fc4b361d000-7fc4b42e0000 r-xp 00000000 08:01 3450788                    /home/ema/Scaricati/jdk1.8.0_92/jre/lib/amd64/server/libjvm.so
7fc4b42e0000-7fc4b44df000 ---p 00cc3000 08:01 3450788                    /home/ema/Scaricati/jdk1.8.0_92/jre/lib/amd64/server/libjvm.so
7fc4b44df000-7fc4b45b8000 rw-p 00cc2000 08:01 3450788                    /home/ema/Scaricati/jdk1.8.0_92/jre/lib/amd64/server/libjvm.so
7fc4b45b8000-7fc4b4603000 rw-p 00000000 00:00 0 
7fc4b4603000-7fc4b47c3000 r-xp 00000000 08:01 27267211                   /lib/x86_64-linux-gnu/libc-2.21.so
7fc4b47c3000-7fc4b49c3000 ---p 001c0000 08:01 27267211                   /lib/x86_64-linux-gnu/libc-2.21.so
7fc4b49c3000-7fc4b49c7000 r--p 001c0000 08:01 27267211                   /lib/x86_64-linux-gnu/libc-2.21.so
7fc4b49c7000-7fc4b49c9000 rw-p 001c4000 08:01 27267211                   /lib/x86_64-linux-gnu/libc-2.21.so
7fc4b49c9000-7fc4b49cd000 rw-p 00000000 00:00 0 
7fc4b49cd000-7fc4b49d0000 r-xp 00000000 08:01 27267228                   /lib/x86_64-linux-gnu/libdl-2.21.so
7fc4b49d0000-7fc4b4bcf000 ---p 00003000 08:01 27267228                   /lib/x86_64-linux-gnu/libdl-2.21.so
7fc4b4bcf000-7fc4b4bd0000 r--p 00002000 08:01 27267228                   /lib/x86_64-linux-gnu/libdl-2.21.so
7fc4b4bd0000-7fc4b4bd1000 rw-p 00003000 08:01 27267228                   /lib/x86_64-linux-gnu/libdl-2.21.so
7fc4b4bd1000-7fc4b4be6000 r-xp 00000000 08:01 3450782                    /home/ema/Scaricati/jdk1.8.0_92/jre/lib/amd64/jli/libjli.so
7fc4b4be6000-7fc4b4de6000 ---p 00015000 08:01 3450782                    /home/ema/Scaricati/jdk1.8.0_92/jre/lib/amd64/jli/libjli.so
7fc4b4de6000-7fc4b4de7000 rw-p 00015000 08:01 3450782                    /home/ema/Scaricati/jdk1.8.0_92/jre/lib/amd64/jli/libjli.so
7fc4b4de7000-7fc4b4dff000 r-xp 00000000 08:01 27267344                   /lib/x86_64-linux-gnu/libpthread-2.21.so
7fc4b4dff000-7fc4b4fff000 ---p 00018000 08:01 27267344                   /lib/x86_64-linux-gnu/libpthread-2.21.so
7fc4b4fff000-7fc4b5000000 r--p 00018000 08:01 27267344                   /lib/x86_64-linux-gnu/libpthread-2.21.so
7fc4b5000000-7fc4b5001000 rw-p 00019000 08:01 27267344                   /lib/x86_64-linux-gnu/libpthread-2.21.so
7fc4b5001000-7fc4b5005000 rw-p 00000000 00:00 0 
7fc4b5005000-7fc4b5029000 r-xp 00000000 08:01 27267183                   /lib/x86_64-linux-gnu/ld-2.21.so
7fc4b5029000-7fc4b502b000 rw-s 1b3aeb000 00:06 9579                      /dev/dri/card0
7fc4b502b000-7fc4b502c000 rw-s 1b4401000 00:06 9579                      /dev/dri/card0
7fc4b502c000-7fc4b502d000 rw-s 1b4400000 00:06 9579                      /dev/dri/card0
7fc4b502d000-7fc4b502e000 rwxp 00000000 00:00 0 
7fc4b502e000-7fc4b502f000 rw-s 1b3494000 00:06 9579                      /dev/dri/card0
7fc4b502f000-7fc4b5031000 r--s 00000000 08:01 3540406                    /home/ema/Dropbox/ACCADEMIC/Programmi/Java/ucsdunfoldingmaps/lib/gluegen-rt-natives-linux-amd64.jar
7fc4b5031000-7fc4b5035000 r--s 00097000 08:01 3450594                    /home/ema/Scaricati/jdk1.8.0_92/jre/lib/jsse.jar
7fc4b5035000-7fc4b503b000 r--s 00033000 08:01 3540448                    /home/ema/Dropbox/ACCADEMIC/Programmi/Java/ucsdunfoldingmaps/lib/unfolding.0.9.7-uscd.jar
7fc4b503b000-7fc4b50fd000 rw-p 00000000 00:00 0 
7fc4b50fd000-7fc4b5100000 ---p 00000000 00:00 0 
7fc4b5100000-7fc4b5202000 rw-p 00000000 00:00 0 
7fc4b5202000-7fc4b5203000 r--s 0002f000 08:01 3540414                    /home/ema/Dropbox/ACCADEMIC/Programmi/Java/ucsdunfoldingmaps/lib/jogl-all-natives-linux-amd64.jar
7fc4b5203000-7fc4b5204000 r--p 00000000 00:00 0 
7fc4b5204000-7fc4b5205000 r--s 00005000 08:01 3540435                    /home/ema/Dropbox/ACCADEMIC/Programmi/Java/ucsdunfoldingmaps/lib/libTUIO.jar
7fc4b5205000-7fc4b5206000 r--s 00007000 08:01 3540430                    /home/ema/Dropbox/ACCADEMIC/Programmi/Java/ucsdunfoldingmaps/lib/json4processing.jar
7fc4b5206000-7fc4b520b000 r--s 00309000 08:01 3540440                    /home/ema/Dropbox/ACCADEMIC/Programmi/Java/ucsdunfoldingmaps/lib/sqlite-jdbc-3.7.2.jar
7fc4b520b000-7fc4b5212000 r--s 00059000 08:01 3540436                    /home/ema/Dropbox/ACCADEMIC/Programmi/Java/ucsdunfoldingmaps/lib/log4j-1.2.15.jar
7fc4b5212000-7fc4b5218000 r--s 00041000 08:01 3540413                    /home/ema/Dropbox/ACCADEMIC/Programmi/Java/ucsdunfoldingmaps/lib/gluegen-rt.jar
7fc4b5218000-7fc4b521c000 r--s 0009a000 08:01 3540405                    /home/ema/Dropbox/ACCADEMIC/Programmi/Java/ucsdunfoldingmaps/lib/core.jar
7fc4b521c000-7fc4b5224000 rw-s 00000000 08:01 28311657                   /tmp/hsperfdata_ema/25770
7fc4b5224000-7fc4b5225000 rw-p 00000000 00:00 0 
7fc4b5225000-7fc4b5226000 r--p 00000000 00:00 0 
7fc4b5226000-7fc4b5228000 rw-p 00000000 00:00 0 
7fc4b5228000-7fc4b5229000 r--p 00023000 08:01 27267183                   /lib/x86_64-linux-gnu/ld-2.21.so
7fc4b5229000-7fc4b522a000 rw-p 00024000 08:01 27267183                   /lib/x86_64-linux-gnu/ld-2.21.so
7fc4b522a000-7fc4b522b000 rw-p 00000000 00:00 0 
7ffeef070000-7ffeef091000 rw-p 00000000 00:00 0                          [stack]
7ffeef16f000-7ffeef171000 r--p 00000000 00:00 0                          [vvar]
7ffeef171000-7ffeef173000 r-xp 00000000 00:00 0                          [vdso]
ffffffffff600000-ffffffffff601000 r-xp 00000000 00:00 0                  [vsyscall]

VM Arguments:
jvm_args: -Djava.security.policy=java.policy.applet -Dfile.encoding=UTF-8 
java_command: sun.applet.AppletViewer module3.EarthquakeCityMap1475829503011.html
java_class_path (initial): /home/ema/Dropbox/ACCADEMIC/Programmi/Java/ucsdunfoldingmaps/build:/home/ema/Dropbox/ACCADEMIC/Programmi/Java/ucsdunfoldingmaps/lib/core.jar:/home/ema/Dropbox/ACCADEMIC/Programmi/Java/ucsdunfoldingmaps/lib/gluegen-rt.jar:/home/ema/Dropbox/ACCADEMIC/Programmi/Java/ucsdunfoldingmaps/lib/jogl-all.jar:/home/ema/Dropbox/ACCADEMIC/Programmi/Java/ucsdunfoldingmaps/lib/log4j-1.2.15.jar:/home/ema/Dropbox/ACCADEMIC/Programmi/Java/ucsdunfoldingmaps/lib/sqlite-jdbc-3.7.2.jar:/home/ema/Dropbox/ACCADEMIC/Programmi/Java/ucsdunfoldingmaps/lib/json4processing.jar:/home/ema/Dropbox/ACCADEMIC/Programmi/Java/ucsdunfoldingmaps/lib/libTUIO.jar:/home/ema/Dropbox/ACCADEMIC/Programmi/Java/ucsdunfoldingmaps/lib/unfolding.0.9.7-uscd.jar
Launcher Type: SUN_STANDARD

Environment Variables:
PATH=/usr/local/sbin:/usr/local/bin:/usr/sbin:/usr/bin:/sbin:/bin:/usr/games:/usr/local/games
SHELL=/bin/bash
DISPLAY=:0

Signal Handlers:
SIGSEGV: [libjvm.so+0xabdee0], sa_mask[0]=11111111011111111101111111111110, sa_flags=SA_RESTART|SA_SIGINFO
SIGBUS: [libjvm.so+0xabdee0], sa_mask[0]=11111111011111111101111111111110, sa_flags=SA_RESTART|SA_SIGINFO
SIGFPE: [libjvm.so+0x91a580], sa_mask[0]=11111111011111111101111111111110, sa_flags=SA_RESTART|SA_SIGINFO
SIGPIPE: [libjvm.so+0x91a580], sa_mask[0]=11111111011111111101111111111110, sa_flags=SA_RESTART|SA_SIGINFO
SIGXFSZ: [libjvm.so+0x91a580], sa_mask[0]=11111111011111111101111111111110, sa_flags=SA_RESTART|SA_SIGINFO
SIGILL: [libjvm.so+0x91a580], sa_mask[0]=11111111011111111101111111111110, sa_flags=SA_RESTART|SA_SIGINFO
SIGUSR1: SIG_DFL, sa_mask[0]=00000000000000000000000000000000, sa_flags=none
SIGUSR2: [libjvm.so+0x91bbb0], sa_mask[0]=00100000000000000000000000000000, sa_flags=SA_RESTART|SA_SIGINFO
SIGHUP: [libjvm.so+0x91cfb0], sa_mask[0]=11111111011111111101111111111110, sa_flags=SA_RESTART|SA_SIGINFO
SIGINT: [libjvm.so+0x91cfb0], sa_mask[0]=11111111011111111101111111111110, sa_flags=SA_RESTART|SA_SIGINFO
SIGTERM: [libjvm.so+0x91cfb0], sa_mask[0]=11111111011111111101111111111110, sa_flags=SA_RESTART|SA_SIGINFO
SIGQUIT: [libjvm.so+0x91cfb0], sa_mask[0]=11111111011111111101111111111110, sa_flags=SA_RESTART|SA_SIGINFO


---------------  S Y S T E M  ---------------

OS:DISTRIB_ID=Ubuntu
DISTRIB_RELEASE=15.04
DISTRIB_CODENAME=vivid
DISTRIB_DESCRIPTION="Ubuntu 15.04"

uname:Linux 3.19.0-69-generic #77-Ubuntu SMP Mon Aug 29 19:53:54 UTC 2016 x86_64
libc:glibc 2.21 NPTL 2.21 
rlimit: STACK 8192k, CORE 0k, NPROC 23746, NOFILE 65536, AS infinity
load average:0,81 0,56 0,57

/proc/meminfo:
MemTotal:        6101264 kB
MemFree:         1447316 kB
MemAvailable:    2975356 kB
Buffers:          706608 kB
Cached:           996092 kB
SwapCached:            0 kB
Active:          3781180 kB
Inactive:         598040 kB
Active(anon):    2680928 kB
Inactive(anon):    41092 kB
Active(file):    1100252 kB
Inactive(file):   556948 kB
Unevictable:          60 kB
Mlocked:              60 kB
SwapTotal:             0 kB
SwapFree:              0 kB
Dirty:              1884 kB
Writeback:             0 kB
AnonPages:       2676636 kB
Mapped:           434332 kB
Shmem:             45492 kB
Slab:             130112 kB
SReclaimable:      79568 kB
SUnreclaim:        50544 kB
KernelStack:       12128 kB
PageTables:        38560 kB
NFS_Unstable:          0 kB
Bounce:                0 kB
WritebackTmp:          0 kB
CommitLimit:     3050632 kB
Committed_AS:    7351784 kB
VmallocTotal:   34359738367 kB
VmallocUsed:      316012 kB
VmallocChunk:   34359319508 kB
HardwareCorrupted:     0 kB
AnonHugePages:   1243136 kB
CmaTotal:              0 kB
CmaFree:               0 kB
HugePages_Total:       0
HugePages_Free:        0
HugePages_Rsvd:        0
HugePages_Surp:        0
Hugepagesize:       2048 kB
DirectMap4k:      187904 kB
DirectMap2M:     6094848 kB


CPU:total 8 (4 cores per cpu, 2 threads per core) family 6 model 26 stepping 5, cmov, cx8, fxsr, mmx, sse, sse2, sse3, ssse3, sse4.1, sse4.2, popcnt, ht, tsc, tscinvbit, tscinv

/proc/cpuinfo:
processor	: 0
vendor_id	: GenuineIntel
cpu family	: 6
model		: 26
model name	: Intel(R) Core(TM) i7 CPU         920  @ 2.67GHz
stepping	: 5
microcode	: 0xf
cpu MHz		: 1733.000
cache size	: 8192 KB
physical id	: 0
siblings	: 8
core id		: 0
cpu cores	: 4
apicid		: 0
initial apicid	: 0
fpu		: yes
fpu_exception	: yes
cpuid level	: 11
wp		: yes
flags		: fpu vme de pse tsc msr pae mce cx8 apic sep mtrr pge mca cmov pat pse36 clflush dts acpi mmx fxsr sse sse2 ss ht tm pbe syscall nx rdtscp lm constant_tsc arch_perfmon pebs bts rep_good nopl xtopology nonstop_tsc aperfmperf pni dtes64 monitor ds_cpl vmx est tm2 ssse3 cx16 xtpr pdcm sse4_1 sse4_2 popcnt lahf_lm ida dtherm tpr_shadow vnmi flexpriority ept vpid
bugs		:
bogomips	: 5344.97
clflush size	: 64
cache_alignment	: 64
address sizes	: 36 bits physical, 48 bits virtual
power management:

processor	: 1
vendor_id	: GenuineIntel
cpu family	: 6
model		: 26
model name	: Intel(R) Core(TM) i7 CPU         920  @ 2.67GHz
stepping	: 5
microcode	: 0xf
cpu MHz		: 1867.000
cache size	: 8192 KB
physical id	: 0
siblings	: 8
core id		: 1
cpu cores	: 4
apicid		: 2
initial apicid	: 2
fpu		: yes
fpu_exception	: yes
cpuid level	: 11
wp		: yes
flags		: fpu vme de pse tsc msr pae mce cx8 apic sep mtrr pge mca cmov pat pse36 clflush dts acpi mmx fxsr sse sse2 ss ht tm pbe syscall nx rdtscp lm constant_tsc arch_perfmon pebs bts rep_good nopl xtopology nonstop_tsc aperfmperf pni dtes64 monitor ds_cpl vmx est tm2 ssse3 cx16 xtpr pdcm sse4_1 sse4_2 popcnt lahf_lm ida dtherm tpr_shadow vnmi flexpriority ept vpid
bugs		:
bogomips	: 5344.97
clflush size	: 64
cache_alignment	: 64
address sizes	: 36 bits physical, 48 bits virtual
power management:

processor	: 2
vendor_id	: GenuineIntel
cpu family	: 6
model		: 26
model name	: Intel(R) Core(TM) i7 CPU         920  @ 2.67GHz
stepping	: 5
microcode	: 0xf
cpu MHz		: 1600.000
cache size	: 8192 KB
physical id	: 0
siblings	: 8
core id		: 2
cpu cores	: 4
apicid		: 4
initial apicid	: 4
fpu		: yes
fpu_exception	: yes
cpuid level	: 11
wp		: yes
flags		: fpu vme de pse tsc msr pae mce cx8 apic sep mtrr pge mca cmov pat pse36 clflush dts acpi mmx fxsr sse sse2 ss ht tm pbe syscall nx rdtscp lm constant_tsc arch_perfmon pebs bts rep_good nopl xtopology nonstop_tsc aperfmperf pni dtes64 monitor ds_cpl vmx est tm2 ssse3 cx16 xtpr pdcm sse4_1 sse4_2 popcnt lahf_lm ida dtherm tpr_shadow vnmi flexpriority ept vpid
bugs		:
bogomips	: 5344.97
clflush size	: 64
cache_alignment	: 64
address sizes	: 36 bits physical, 48 bits virtual
power management:

processor	: 3
vendor_id	: GenuineIntel
cpu family	: 6
model		: 26
model name	: Intel(R) Core(TM) i7 CPU         920  @ 2.67GHz
stepping	: 5
microcode	: 0xf
cpu MHz		: 2267.000
cache size	: 8192 KB
physical id	: 0
siblings	: 8
core id		: 3
cpu cores	: 4
apicid		: 6
initial apicid	: 6
fpu		: yes
fpu_exception	: yes
cpuid level	: 11
wp		: yes
flags		: fpu vme de pse tsc msr pae mce cx8 apic sep mtrr pge mca cmov pat pse36 clflush dts acpi mmx fxsr sse sse2 ss ht tm pbe syscall nx rdtscp lm constant_tsc arch_perfmon pebs bts rep_good nopl xtopology nonstop_tsc aperfmperf pni dtes64 monitor ds_cpl vmx est tm2 ssse3 cx16 xtpr pdcm sse4_1 sse4_2 popcnt lahf_lm ida dtherm tpr_shadow vnmi flexpriority ept vpid
bugs		:
bogomips	: 5344.97
clflush size	: 64
cache_alignment	: 64
address sizes	: 36 bits physical, 48 bits virtual
power management:

processor	: 4
vendor_id	: GenuineIntel
cpu family	: 6
model		: 26
model name	: Intel(R) Core(TM) i7 CPU         920  @ 2.67GHz
stepping	: 5
microcode	: 0xf
cpu MHz		: 1600.000
cache size	: 8192 KB
physical id	: 0
siblings	: 8
core id		: 0
cpu cores	: 4
apicid		: 1
initial apicid	: 1
fpu		: yes
fpu_exception	: yes
cpuid level	: 11
wp		: yes
flags		: fpu vme de pse tsc msr pae mce cx8 apic sep mtrr pge mca cmov pat pse36 clflush dts acpi mmx fxsr sse sse2 ss ht tm pbe syscall nx rdtscp lm constant_tsc arch_perfmon pebs bts rep_good nopl xtopology nonstop_tsc aperfmperf pni dtes64 monitor ds_cpl vmx est tm2 ssse3 cx16 xtpr pdcm sse4_1 sse4_2 popcnt lahf_lm ida dtherm tpr_shadow vnmi flexpriority ept vpid
bugs		:
bogomips	: 5344.97
clflush size	: 64
cache_alignment	: 64
address sizes	: 36 bits physical, 48 bits virtual
power management:

processor	: 5
vendor_id	: GenuineIntel
cpu family	: 6
model		: 26
model name	: Intel(R) Core(TM) i7 CPU         920  @ 2.67GHz
stepping	: 5
microcode	: 0xf
cpu MHz		: 1600.000
cache size	: 8192 KB
physical id	: 0
siblings	: 8
core id		: 1
cpu cores	: 4
apicid		: 3
initial apicid	: 3
fpu		: yes
fpu_exception	: yes
cpuid level	: 11
wp		: yes
flags		: fpu vme de pse tsc msr pae mce cx8 apic sep mtrr pge mca cmov pat pse36 clflush dts acpi mmx fxsr sse sse2 ss ht tm pbe syscall nx rdtscp lm constant_tsc arch_perfmon pebs bts rep_good nopl xtopology nonstop_tsc aperfmperf pni dtes64 monitor ds_cpl vmx est tm2 ssse3 cx16 xtpr pdcm sse4_1 sse4_2 popcnt lahf_lm ida dtherm tpr_shadow vnmi flexpriority ept vpid
bugs		:
bogomips	: 5344.97
clflush size	: 64
cache_alignment	: 64
address sizes	: 36 bits physical, 48 bits virtual
power management:

processor	: 6
vendor_id	: GenuineIntel
cpu family	: 6
model		: 26
model name	: Intel(R) Core(TM) i7 CPU         920  @ 2.67GHz
stepping	: 5
microcode	: 0xf
cpu MHz		: 2533.000
cache size	: 8192 KB
physical id	: 0
siblings	: 8
core id		: 2
cpu cores	: 4
apicid		: 5
initial apicid	: 5
fpu		: yes
fpu_exception	: yes
cpuid level	: 11
wp		: yes
flags		: fpu vme de pse tsc msr pae mce cx8 apic sep mtrr pge mca cmov pat pse36 clflush dts acpi mmx fxsr sse sse2 ss ht tm pbe syscall nx rdtscp lm constant_tsc arch_perfmon pebs bts rep_good nopl xtopology nonstop_tsc aperfmperf pni dtes64 monitor ds_cpl vmx est tm2 ssse3 cx16 xtpr pdcm sse4_1 sse4_2 popcnt lahf_lm ida dtherm tpr_shadow vnmi flexpriority ept vpid
bugs		:
bogomips	: 5344.97
clflush size	: 64
cache_alignment	: 64
address sizes	: 36 bits physical, 48 bits virtual
power management:

processor	: 7
vendor_id	: GenuineIntel
cpu family	: 6
model		: 26
model name	: Intel(R) Core(TM) i7 CPU         920  @ 2.67GHz
stepping	: 5
microcode	: 0xf
cpu MHz		: 1600.000
cache size	: 8192 KB
physical id	: 0
siblings	: 8
core id		: 3
cpu cores	: 4
apicid		: 7
initial apicid	: 7
fpu		: yes
fpu_exception	: yes
cpuid level	: 11
wp		: yes
flags		: fpu vme de pse tsc msr pae mce cx8 apic sep mtrr pge mca cmov pat pse36 clflush dts acpi mmx fxsr sse sse2 ss ht tm pbe syscall nx rdtscp lm constant_tsc arch_perfmon pebs bts rep_good nopl xtopology nonstop_tsc aperfmperf pni dtes64 monitor ds_cpl vmx est tm2 ssse3 cx16 xtpr pdcm sse4_1 sse4_2 popcnt lahf_lm ida dtherm tpr_shadow vnmi flexpriority ept vpid
bugs		:
bogomips	: 5344.97
clflush size	: 64
cache_alignment	: 64
address sizes	: 36 bits physical, 48 bits virtual
power management:



Memory: 4k page, physical 6101264k(1447316k free), swap 0k(0k free)

vm_info: Java HotSpot(TM) 64-Bit Server VM (25.92-b14) for linux-amd64 JRE (1.8.0_92-b14), built on Mar 31 2016 21:08:29 by "java_re" with gcc 4.3.0 20080428 (Red Hat 4.3.0-8)

time: Fri Oct  7 10:39:56 2016
elapsed time: 93 seconds (0d 0h 1m 33s)

