#
# A fatal error has been detected by the Java Runtime Environment:
#
#  SIGSEGV (0xb) at pc=0x00007f57429634eb, pid=11900, tid=140012967229184
#
# JRE version: OpenJDK Runtime Environment (8.0_91-b14) (build 1.8.0_91-8u91-b14-3ubuntu1~16.04.1-b14)
# Java VM: OpenJDK 64-Bit Server VM (25.91-b14 mixed mode linux-amd64 compressed oops)
# Problematic frame:
# C  [r600_dri.so+0x3254eb]
#
# Failed to write core dump. Core dumps have been disabled. To enable core dumping, try "ulimit -c unlimited" before starting Java again
#
# If you would like to submit a bug report, please visit:
#   http://bugreport.java.com/bugreport/crash.jsp
# The crash happened outside the Java Virtual Machine in native code.
# See problematic frame for where to report the bug.
#

---------------  T H R E A D  ---------------

Current thread (0x00007f5744003000):  JavaThread "AWT-EventQueue-1" [_thread_in_native, id=11925, stack(0x00007f574f1cf000,0x00007f574f2d0000)]

siginfo: si_signo: 11 (SIGSEGV), si_code: 1 (SEGV_MAPERR), si_addr: 0x000000000000c030

Registers:
RAX=0x0000000000000000, RBX=0x00007f57440cca80, RCX=0x0000000000000000, RDX=0x0000000000000001
RSP=0x00007f574f2cd710, RBP=0x000000000000c000, RSI=0x00007f57447f0d10, RDI=0x0000000100000000
R8 =0x0000000000000000, R9 =0x00007f574ddd2d50, R10=0x00007f578182d507, R11=0x00000000c97653a0
R12=0x0000000000000001, R13=0x00007f5748600e60, R14=0x0000000000000001, R15=0x0000000000000000
RIP=0x00007f57429634eb, EFLAGS=0x0000000000010202, CSGSFS=0x0000000000000033, ERR=0x0000000000000004
  TRAPNO=0x000000000000000e

Top of Stack: (sp=0x00007f574f2cd710)
0x00007f574f2cd710:   00007f574f2cd760 00007f57817db63c
0x00007f574f2cd720:   00000000ef34aa10 f0581c0d86589300
0x00007f574f2cd730:   00000000ca45bac0 0000000000000000
0x00007f574f2cd740:   0000000000000000 00007f57440cc950
0x00007f574f2cd750:   00007f5748600e60 00007f57485b6270
0x00007f574f2cd760:   0000000000000000 00007f574ddd2df8
0x00007f574f2cd770:   00007f574f2cd7a0 00007f57485b7460
0x00007f574f2cd780:   00007f5700000000 0000000000000000
0x00007f574f2cd790:   0000000003c00053 00007f574dda7b31
0x00007f574f2cd7a0:   00007f57440cc950 f0581c0d86589300
0x00007f574f2cd7b0:   0000000003c00053 00007f574dda7b60
0x00007f574f2cd7c0:   00007f574f2cd830 0000000000000000
0x00007f574f2cd7d0:   0000000000000001 00007f574f2cd870
0x00007f574f2cd7e0:   00007f5744003000 00007f574c4da849
0x00007f574f2cd7f0:   00007f574f2cdad8 00007f574dda7b60
0x00007f574f2cd800:   0000000003c00053 00007f57485ff840
0x00007f574f2cd810:   00007f574f2cd870 00007f57440031e0
0x00007f574f2cd820:   00007f574f2cd840 00007f574dda7b60
0x00007f574f2cd830:   00007f574f2cd880 00007f578182d57d
0x00007f574f2cd840:   00000000ef34a970 00000000ef34a9c0
0x00007f574f2cd850:   00000000ef34a9b0 0000000000000003
0x00007f574f2cd860:   00000000ef34a9d0 00000000ef34aa20
0x00007f574f2cd870:   00000000c9bf5710 00000000ef34aa30
0x00007f574f2cd880:   00007f574f2cdad8 00007f578182ecd4
0x00007f574f2cd890:   00007f57954d4000 00000000ca470428
0x00007f574f2cd8a0:   00000000ef34ab18 00000000ca4703f0
0x00007f574f2cd8b0:   00007f574f2cd8d0 00007f5744003a00
0x00007f574f2cd8c0:   00007f574f2cdad8 00007f57817208c4
0x00007f574f2cd8d0:   00007f574e025cf8 00000000000000b6
0x00007f574f2cd8e0:   00007f574f2cd940 00007f5797e86039
0x00007f574f2cd8f0:   00007f5781005310 00007f5700000000
0x00007f574f2cd900:   00007f574e025cf8 00007f5744003000 

Instructions: (pc=0x00007f57429634eb)
0x00007f57429634cb:   01 c6 44 24 0f 00 0f 84 d9 00 00 00 48 8b b3 30
0x00007f57429634db:   01 00 00 48 85 f6 0f 84 c9 00 00 00 83 7b 38 01
0x00007f57429634eb:   48 8b 55 30 4c 8b 6a 18 0f 8e 4f 02 00 00 45 85
0x00007f57429634fb:   ff 0f 85 46 02 00 00 48 8b 93 68 01 00 00 48 85 

Register to memory mapping:

RAX=0x0000000000000000 is an unknown value
RBX=0x00007f57440cca80 is an unknown value
RCX=0x0000000000000000 is an unknown value
RDX=0x0000000000000001 is an unknown value
RSP=0x00007f574f2cd710 is pointing into the stack for thread: 0x00007f5744003000
RBP=0x000000000000c000 is an unknown value
RSI=0x00007f57447f0d10 is an unknown value
RDI=0x0000000100000000 is pointing into metadata
R8 =0x0000000000000000 is an unknown value
R9 =0x00007f574ddd2d50: <offset 0x45d50> in /usr/lib/x86_64-linux-gnu/mesa/libGL.so.1 at 0x00007f574dd8d000
R10=0x00007f578182d507 is at entry_point+71 in (nmethod*)0x00007f578182d350
R11=0x00000000c97653a0 is an oop
com.jogamp.common.os.MachineDescription$StaticConfig 
 - klass: 'com/jogamp/common/os/MachineDescription$StaticConfig'
R12=0x0000000000000001 is an unknown value
R13=0x00007f5748600e60 is an unknown value
R14=0x0000000000000001 is an unknown value
R15=0x0000000000000000 is an unknown value


Stack: [0x00007f574f1cf000,0x00007f574f2d0000],  sp=0x00007f574f2cd710,  free space=1017k
Native frames: (J=compiled Java code, j=interpreted, Vv=VM code, C=native code)
C  [r600_dri.so+0x3254eb]

Java frames: (J=compiled Java code, j=interpreted, Vv=VM code)
J 2748  jogamp.opengl.x11.glx.GLX.dispatch_glXSwapBuffers0(JJJ)V (0 bytes) @ 0x00007f578182d507 [0x00007f578182d4c0+0x47]
J 2747 C1 jogamp.opengl.x11.glx.GLX.glXSwapBuffers(JJ)V (45 bytes) @ 0x00007f578182ecd4 [0x00007f578182e320+0x9b4]
J 2746 C1 jogamp.opengl.x11.glx.X11GLXDrawable.swapBuffersImpl(Z)V (21 bytes) @ 0x00007f578182d104 [0x00007f578182ce60+0x2a4]
J 2745 C1 jogamp.opengl.GLDrawableImpl.swapBuffers()V (138 bytes) @ 0x00007f578183039c [0x00007f578182fce0+0x6bc]
j  javax.media.opengl.awt.GLCanvas$12.run()V+45
J 2590 C1 java.awt.event.InvocationEvent.dispatch()V (69 bytes) @ 0x00007f5781794b0c [0x00007f57817949c0+0x14c]
J 2518 C1 java.awt.EventQueue.dispatchEventImpl(Ljava/awt/AWTEvent;Ljava/lang/Object;)V (149 bytes) @ 0x00007f5781761f3c [0x00007f57817603c0+0x1b7c]
J 2516 C1 java.awt.EventQueue$3.run()Ljava/lang/Void; (60 bytes) @ 0x00007f578175c7c4 [0x00007f578175c5c0+0x204]
J 2515 C1 java.awt.EventQueue$3.run()Ljava/lang/Object; (5 bytes) @ 0x00007f578175c24c [0x00007f578175c1c0+0x8c]
v  ~StubRoutines::call_stub
J 568  java.security.AccessController.doPrivileged(Ljava/security/PrivilegedAction;Ljava/security/AccessControlContext;)Ljava/lang/Object; (0 bytes) @ 0x00007f578125b6a3 [0x00007f578125b640+0x63]
J 2317 C1 java.awt.EventQueue.dispatchEvent(Ljava/awt/AWTEvent;)V (80 bytes) @ 0x00007f57816c9bc4 [0x00007f57816c9240+0x984]
J 2335 C1 java.awt.EventDispatchThread.pumpOneEventForFilters(I)V (295 bytes) @ 0x00007f57816db794 [0x00007f57816d9c40+0x1b54]
j  java.awt.EventDispatchThread.pumpEventsForFilter(ILjava/awt/Conditional;Ljava/awt/EventFilter;)V+35
j  java.awt.EventDispatchThread.pumpEventsForHierarchy(ILjava/awt/Conditional;Ljava/awt/Component;)V+11
j  java.awt.EventDispatchThread.pumpEvents(ILjava/awt/Conditional;)V+4
j  java.awt.EventDispatchThread.pumpEvents(Ljava/awt/Conditional;)V+3
j  java.awt.EventDispatchThread.run()V+9
v  ~StubRoutines::call_stub

---------------  P R O C E S S  ---------------

Java Threads: ( => current thread )
  0x00007f57447dd800 JavaThread "Thread-19" [_thread_blocked, id=11971, stack(0x00007f573888c000,0x00007f573898d000)]
  0x00007f57481c8800 JavaThread "Animation Thread-SharedResourceRunner" daemon [_thread_blocked, id=11933, stack(0x00007f574eece000,0x00007f574efcf000)]
  0x00007f574807b000 JavaThread "process reaper" daemon [_thread_blocked, id=11929, stack(0x00007f577c07e000,0x00007f577c0b7000)]
  0x00007f574400e800 JavaThread "Animation Thread" [_thread_blocked, id=11926, stack(0x00007f574f4d0000,0x00007f574f5d1000)]
=>0x00007f5744003000 JavaThread "AWT-EventQueue-1" [_thread_in_native, id=11925, stack(0x00007f574f1cf000,0x00007f574f2d0000)]
  0x00007f579000a000 JavaThread "DestroyJavaVM" [_thread_blocked, id=11903, stack(0x00007f579960f000,0x00007f5799710000)]
  0x00007f57902f6800 JavaThread "AWT-EventQueue-0" [_thread_blocked, id=11922, stack(0x00007f574fcfd000,0x00007f574fdfe000)]
  0x00007f57902f2000 JavaThread "AWT-Shutdown" [_thread_blocked, id=11921, stack(0x00007f574fdfe000,0x00007f574feff000)]
  0x00007f57902de800 JavaThread "thread applet-module4.EarthquakeCityMap.class" [_thread_blocked, id=11920, stack(0x00007f574feff000,0x00007f5750000000)]
  0x00007f57902d1800 JavaThread "AWT-XAWT" daemon [_thread_blocked, id=11918, stack(0x00007f577c0b7000,0x00007f577c1b8000)]
  0x00007f57902ac000 JavaThread "Java2D Disposer" daemon [_thread_blocked, id=11917, stack(0x00007f577c5c8000,0x00007f577c6c9000)]
  0x00007f57900b0000 JavaThread "Service Thread" daemon [_thread_blocked, id=11915, stack(0x00007f577e5dc000,0x00007f577e6dd000)]
  0x00007f57900ad000 JavaThread "C1 CompilerThread1" daemon [_thread_blocked, id=11914, stack(0x00007f577e6dd000,0x00007f577e7de000)]
  0x00007f57900aa000 JavaThread "C2 CompilerThread0" daemon [_thread_blocked, id=11913, stack(0x00007f577e7de000,0x00007f577e8df000)]
  0x00007f57900a8000 JavaThread "Signal Dispatcher" daemon [_thread_blocked, id=11912, stack(0x00007f577e8df000,0x00007f577e9e0000)]
  0x00007f579007f800 JavaThread "Finalizer" daemon [_thread_blocked, id=11911, stack(0x00007f577f39f000,0x00007f577f4a0000)]
  0x00007f579007b000 JavaThread "Reference Handler" daemon [_thread_blocked, id=11910, stack(0x00007f5794085000,0x00007f5794186000)]

Other Threads:
  0x00007f5790073800 VMThread [stack: 0x00007f5794186000,0x00007f5794287000] [id=11909]
  0x00007f57900b6800 WatcherThread [stack: 0x00007f577e4db000,0x00007f577e5dc000] [id=11916]

VM state:not at safepoint (normal execution)

VM Mutex/Monitor currently owned by a thread: None

Heap:
 PSYoungGen      total 70656K, used 25200K [0x00000000edc00000, 0x00000000f4400000, 0x0000000100000000)
  eden space 59392K, 42% used [0x00000000edc00000,0x00000000ef464328,0x00000000f1600000)
  from space 11264K, 1% used [0x00000000f1600000,0x00000000f1638000,0x00000000f2100000)
  to   space 11776K, 0% used [0x00000000f3880000,0x00000000f3880000,0x00000000f4400000)
 ParOldGen       total 49664K, used 18005K [0x00000000c9400000, 0x00000000cc480000, 0x00000000edc00000)
  object space 49664K, 36% used [0x00000000c9400000,0x00000000ca595660,0x00000000cc480000)
 Metaspace       used 21411K, capacity 21603K, committed 22016K, reserved 1069056K
  class space    used 1957K, capacity 2023K, committed 2048K, reserved 1048576K

Card table byte_map: [0x00007f5795b1e000,0x00007f5795cd5000] byte_map_base: 0x00007f57954d4000

Marking Bits: (ParMarkBitMap*) 0x00007f57988dbfc0
 Begin Bits: [0x00007f577f4a0000, 0x00007f5780250000)
 End Bits:   [0x00007f5780250000, 0x00007f5781000000)

Polling page: 0x00007f579972d000

CodeCache: size=245760Kb used=8603Kb max_used=8612Kb free=237156Kb
 bounds [0x00007f5781000000, 0x00007f5781880000, 0x00007f5790000000]
 total_blobs=3525 nmethods=2547 adapters=893
 compilation: enabled

Compilation events (10 events):
Event: 34,495 Thread 0x00007f57900aa000 2776       4       java.lang.reflect.Method::invoke (62 bytes)
Event: 34,504 Thread 0x00007f57900aa000 nmethod 2776 0x00007f57818686d0 code [0x00007f5781868840, 0x00007f57818689a8]
Event: 34,505 Thread 0x00007f57900aa000 2777   !   4       jogamp.common.util.locks.RecursiveLockImpl01Unfairish::unlock (196 bytes)
Event: 34,527 Thread 0x00007f57900aa000 nmethod 2777 0x00007f5781837e90 code [0x00007f5781838000, 0x00007f57818387a8]
Event: 34,693 Thread 0x00007f57900aa000 2778   !   4       jogamp.common.os.MachineDescriptionRuntime::getStatic (106 bytes)
Event: 34,695 Thread 0x00007f57900aa000 nmethod 2778 0x00007f5781868c90 code [0x00007f5781868de0, 0x00007f5781868e78]
Event: 34,867 Thread 0x00007f57900aa000 2779       4       processing.opengl.PJOGL::depthFunc (11 bytes)
Event: 34,873 Thread 0x00007f57900aa000 nmethod 2779 0x00007f5781868210 code [0x00007f5781868380, 0x00007f57818684e8]
Event: 35,146 Thread 0x00007f57900ad000 2780       3       sun.awt.SunToolkit::targetToAppContext (30 bytes)
Event: 35,151 Thread 0x00007f57900ad000 nmethod 2780 0x00007f5781869a50 code [0x00007f5781869c00, 0x00007f578186a1d8]

GC Heap History (10 events):
Event: 7,647 GC heap before
{Heap before GC invocations=4 (full 0):
 PSYoungGen      total 16896K, used 16120K [0x00000000edc00000, 0x00000000efd00000, 0x0000000100000000)
  eden space 14848K, 94% used [0x00000000edc00000,0x00000000ee9c1a58,0x00000000eea80000)
  from space 2048K, 99% used [0x00000000eea80000,0x00000000eec7c880,0x00000000eec80000)
  to   space 2048K, 0% used [0x00000000efb00000,0x00000000efb00000,0x00000000efd00000)
 ParOldGen       total 38400K, used 7142K [0x00000000c9400000, 0x00000000cb980000, 0x00000000edc00000)
  object space 38400K, 18% used [0x00000000c9400000,0x00000000c9af98a8,0x00000000cb980000)
 Metaspace       used 19701K, capacity 19905K, committed 20224K, reserved 1067008K
  class space    used 1879K, capacity 1954K, committed 2048K, reserved 1048576K
Event: 7,677 GC heap after
Heap after GC invocations=4 (full 0):
 PSYoungGen      total 31744K, used 2034K [0x00000000edc00000, 0x00000000efd00000, 0x0000000100000000)
  eden space 29696K, 0% used [0x00000000edc00000,0x00000000edc00000,0x00000000ef900000)
  from space 2048K, 99% used [0x00000000efb00000,0x00000000efcfc840,0x00000000efd00000)
  to   space 2048K, 0% used [0x00000000ef900000,0x00000000ef900000,0x00000000efb00000)
 ParOldGen       total 38400K, used 11530K [0x00000000c9400000, 0x00000000cb980000, 0x00000000edc00000)
  object space 38400K, 30% used [0x00000000c9400000,0x00000000c9f429d0,0x00000000cb980000)
 Metaspace       used 19701K, capacity 19905K, committed 20224K, reserved 1067008K
  class space    used 1879K, capacity 1954K, committed 2048K, reserved 1048576K
}
Event: 9,679 GC heap before
{Heap before GC invocations=5 (full 0):
 PSYoungGen      total 31744K, used 31490K [0x00000000edc00000, 0x00000000efd00000, 0x0000000100000000)
  eden space 29696K, 99% used [0x00000000edc00000,0x00000000ef8c41e8,0x00000000ef900000)
  from space 2048K, 99% used [0x00000000efb00000,0x00000000efcfc840,0x00000000efd00000)
  to   space 2048K, 0% used [0x00000000ef900000,0x00000000ef900000,0x00000000efb00000)
 ParOldGen       total 38400K, used 11530K [0x00000000c9400000, 0x00000000cb980000, 0x00000000edc00000)
  object space 38400K, 30% used [0x00000000c9400000,0x00000000c9f429d0,0x00000000cb980000)
 Metaspace       used 20619K, capacity 20807K, committed 20992K, reserved 1069056K
  class space    used 1947K, capacity 2019K, committed 2048K, reserved 1048576K
Event: 9,720 GC heap after
Heap after GC invocations=5 (full 0):
 PSYoungGen      total 31744K, used 2032K [0x00000000edc00000, 0x00000000f2c00000, 0x0000000100000000)
  eden space 29696K, 0% used [0x00000000edc00000,0x00000000edc00000,0x00000000ef900000)
  from space 2048K, 99% used [0x00000000ef900000,0x00000000efafc040,0x00000000efb00000)
  to   space 11264K, 0% used [0x00000000f2100000,0x00000000f2100000,0x00000000f2c00000)
 ParOldGen       total 38400K, used 19654K [0x00000000c9400000, 0x00000000cb980000, 0x00000000edc00000)
  object space 38400K, 51% used [0x00000000c9400000,0x00000000ca731930,0x00000000cb980000)
 Metaspace       used 20619K, capacity 20807K, committed 20992K, reserved 1069056K
  class space    used 1947K, capacity 2019K, committed 2048K, reserved 1048576K
}
Event: 10,735 GC heap before
{Heap before GC invocations=6 (full 0):
 PSYoungGen      total 31744K, used 9264K [0x00000000edc00000, 0x00000000f2c00000, 0x0000000100000000)
  eden space 29696K, 24% used [0x00000000edc00000,0x00000000ee3101e8,0x00000000ef900000)
  from space 2048K, 99% used [0x00000000ef900000,0x00000000efafc040,0x00000000efb00000)
  to   space 11264K, 0% used [0x00000000f2100000,0x00000000f2100000,0x00000000f2c00000)
 ParOldGen       total 38400K, used 19654K [0x00000000c9400000, 0x00000000cb980000, 0x00000000edc00000)
  object space 38400K, 51% used [0x00000000c9400000,0x00000000ca731930,0x00000000cb980000)
 Metaspace       used 20846K, capacity 21027K, committed 21248K, reserved 1069056K
  class space    used 1950K, capacity 2023K, committed 2048K, reserved 1048576K
Event: 10,780 GC heap after
Heap after GC invocations=6 (full 0):
 PSYoungGen      total 70656K, used 2128K [0x00000000edc00000, 0x00000000f2c00000, 0x0000000100000000)
  eden space 59392K, 0% used [0x00000000edc00000,0x00000000edc00000,0x00000000f1600000)
  from space 11264K, 18% used [0x00000000f2100000,0x00000000f2314040,0x00000000f2c00000)
  to   space 11264K, 0% used [0x00000000f1600000,0x00000000f1600000,0x00000000f2100000)
 ParOldGen       total 38400K, used 19654K [0x00000000c9400000, 0x00000000cb980000, 0x00000000edc00000)
  object space 38400K, 51% used [0x00000000c9400000,0x00000000ca731930,0x00000000cb980000)
 Metaspace       used 20846K, capacity 21027K, committed 21248K, reserved 1069056K
  class space    used 1950K, capacity 2023K, committed 2048K, reserved 1048576K
}
Event: 10,780 GC heap before
{Heap before GC invocations=7 (full 1):
 PSYoungGen      total 70656K, used 2128K [0x00000000edc00000, 0x00000000f2c00000, 0x0000000100000000)
  eden space 59392K, 0% used [0x00000000edc00000,0x00000000edc00000,0x00000000f1600000)
  from space 11264K, 18% used [0x00000000f2100000,0x00000000f2314040,0x00000000f2c00000)
  to   space 11264K, 0% used [0x00000000f1600000,0x00000000f1600000,0x00000000f2100000)
 ParOldGen       total 38400K, used 19654K [0x00000000c9400000, 0x00000000cb980000, 0x00000000edc00000)
  object space 38400K, 51% used [0x00000000c9400000,0x00000000ca731930,0x00000000cb980000)
 Metaspace       used 20846K, capacity 21027K, committed 21248K, reserved 1069056K
  class space    used 1950K, capacity 2023K, committed 2048K, reserved 1048576K
Event: 11,051 GC heap after
Heap after GC invocations=7 (full 1):
 PSYoungGen      total 70656K, used 0K [0x00000000edc00000, 0x00000000f2c00000, 0x0000000100000000)
  eden space 59392K, 0% used [0x00000000edc00000,0x00000000edc00000,0x00000000f1600000)
  from space 11264K, 0% used [0x00000000f2100000,0x00000000f2100000,0x00000000f2c00000)
  to   space 11264K, 0% used [0x00000000f1600000,0x00000000f1600000,0x00000000f2100000)
 ParOldGen       total 49664K, used 17997K [0x00000000c9400000, 0x00000000cc480000, 0x00000000edc00000)
  object space 49664K, 36% used [0x00000000c9400000,0x00000000ca593660,0x00000000cc480000)
 Metaspace       used 20846K, capacity 21027K, committed 21248K, reserved 1069056K
  class space    used 1950K, capacity 2023K, committed 2048K, reserved 1048576K
}
Event: 27,985 GC heap before
{Heap before GC invocations=8 (full 1):
 PSYoungGen      total 70656K, used 59392K [0x00000000edc00000, 0x00000000f2c00000, 0x0000000100000000)
  eden space 59392K, 100% used [0x00000000edc00000,0x00000000f1600000,0x00000000f1600000)
  from space 11264K, 0% used [0x00000000f2100000,0x00000000f2100000,0x00000000f2c00000)
  to   space 11264K, 0% used [0x00000000f1600000,0x00000000f1600000,0x00000000f2100000)
 ParOldGen       total 49664K, used 17997K [0x00000000c9400000, 0x00000000cc480000, 0x00000000edc00000)
  object space 49664K, 36% used [0x00000000c9400000,0x00000000ca593660,0x00000000cc480000)
 Metaspace       used 21369K, capacity 21603K, committed 22016K, reserved 1069056K
  class space    used 1953K, capacity 2023K, committed 2048K, reserved 1048576K
Event: 27,990 GC heap after
Heap after GC invocations=8 (full 1):
 PSYoungGen      total 70656K, used 224K [0x00000000edc00000, 0x00000000f4400000, 0x0000000100000000)
  eden space 59392K, 0% used [0x00000000edc00000,0x00000000edc00000,0x00000000f1600000)
  from space 11264K, 1% used [0x00000000f1600000,0x00000000f1638000,0x00000000f2100000)
  to   space 11776K, 0% used [0x00000000f3880000,0x00000000f3880000,0x00000000f4400000)
 ParOldGen       total 49664K, used 18005K [0x00000000c9400000, 0x00000000cc480000, 0x00000000edc00000)
  object space 49664K, 36% used [0x00000000c9400000,0x00000000ca595660,0x00000000cc480000)
 Metaspace       used 21369K, capacity 21603K, committed 22016K, reserved 1069056K
  class space    used 1953K, capacity 2023K, committed 2048K, reserved 1048576K
}

Deoptimization events (10 events):
Event: 7,928 Thread 0x00007f5744613800 Uncommon trap: reason=class_check action=maybe_recompile pc=0x00007f57814b8aac method=java.io.BufferedOutputStream.flush()V @ 8
Event: 7,936 Thread 0x00007f5744619000 Uncommon trap: reason=class_check action=maybe_recompile pc=0x00007f57814b8b6c method=java.io.BufferedOutputStream.flushBuffer()V @ 20
Event: 7,936 Thread 0x00007f5744619000 Uncommon trap: reason=class_check action=maybe_recompile pc=0x00007f57814b8aac method=java.io.BufferedOutputStream.flush()V @ 8
Event: 7,937 Thread 0x00007f5744619000 Uncommon trap: reason=class_check action=maybe_recompile pc=0x00007f57814b8aac method=java.io.BufferedOutputStream.flush()V @ 8
Event: 8,014 Thread 0x00007f5744003000 Uncommon trap: reason=class_check action=maybe_recompile pc=0x00007f578148d814 method=com.jogamp.common.nio.Buffers.getDirectBufferByteOffset(Ljava/lang/Object;)I @ 42
Event: 8,243 Thread 0x00007f5744003000 Uncommon trap: reason=class_check action=maybe_recompile pc=0x00007f578148d814 method=com.jogamp.common.nio.Buffers.getDirectBufferByteOffset(Ljava/lang/Object;)I @ 42
Event: 8,554 Thread 0x00007f5744003000 Uncommon trap: reason=unstable_if action=reinterpret pc=0x00007f5781244e60 method=java.lang.CharacterData.of(I)Ljava/lang/CharacterData; @ 4
Event: 8,761 Thread 0x00007f5744003000 Uncommon trap: reason=class_check action=maybe_recompile pc=0x00007f578148d814 method=com.jogamp.common.nio.Buffers.getDirectBufferByteOffset(Ljava/lang/Object;)I @ 42
Event: 8,763 Thread 0x00007f5744003000 Uncommon trap: reason=class_check action=maybe_recompile pc=0x00007f578148d814 method=com.jogamp.common.nio.Buffers.getDirectBufferByteOffset(Ljava/lang/Object;)I @ 42
Event: 35,162 Thread 0x00007f57902de800 Uncommon trap: reason=unstable_if action=reinterpret pc=0x00007f57816ac304 method=java.awt.font.FontRenderContext.equals(Ljava/awt/font/FontRenderContext;)Z @ 2

Internal exceptions (10 events):
Event: 4,213 Thread 0x00007f5744003000 Implicit null exception at 0x00007f57811caab5 to 0x00007f57811cadf5
Event: 7,399 Thread 0x00007f5744003000 Exception <a 'java/lang/reflect/InvocationTargetException'> (0x00000000ee718d48) thrown at [/build/openjdk-8-W1Ghxo/openjdk-8-8u91-b14/src/hotspot/src/share/vm/runtime/reflection.cpp, line 1092]
Event: 7,409 Thread 0x00007f5744003000 Exception <a 'java/lang/reflect/InvocationTargetException'> (0x00000000ee719738) thrown at [/build/openjdk-8-W1Ghxo/openjdk-8-8u91-b14/src/hotspot/src/share/vm/runtime/reflection.cpp, line 1092]
Event: 8,767 Thread 0x00007f5744003000 Exception <a 'java/lang/reflect/InvocationTargetException'> (0x00000000eecc7290) thrown at [/build/openjdk-8-W1Ghxo/openjdk-8-8u91-b14/src/hotspot/src/share/vm/runtime/reflection.cpp, line 1092]
Event: 8,775 Thread 0x00007f5744003000 Exception <a 'java/lang/reflect/InvocationTargetException'> (0x00000000eecc85d0) thrown at [/build/openjdk-8-W1Ghxo/openjdk-8-8u91-b14/src/hotspot/src/share/vm/runtime/reflection.cpp, line 1092]
Event: 9,213 Thread 0x00007f5744003000 Exception <a 'java/lang/reflect/InvocationTargetException'> (0x00000000ef17a510) thrown at [/build/openjdk-8-W1Ghxo/openjdk-8-8u91-b14/src/hotspot/src/share/vm/runtime/reflection.cpp, line 1092]
Event: 9,224 Thread 0x00007f5744003000 Exception <a 'java/lang/reflect/InvocationTargetException'> (0x00000000ef17b968) thrown at [/build/openjdk-8-W1Ghxo/openjdk-8-8u91-b14/src/hotspot/src/share/vm/runtime/reflection.cpp, line 1092]
Event: 9,401 Thread 0x00007f5744003000 Exception <a 'java/lang/reflect/InvocationTargetException'> (0x00000000ef1b6918) thrown at [/build/openjdk-8-W1Ghxo/openjdk-8-8u91-b14/src/hotspot/src/share/vm/runtime/reflection.cpp, line 1092]
Event: 9,402 Thread 0x00007f5744003000 Exception <a 'java/lang/reflect/InvocationTargetException'> (0x00000000ef1b7408) thrown at [/build/openjdk-8-W1Ghxo/openjdk-8-8u91-b14/src/hotspot/src/share/vm/runtime/reflection.cpp, line 1092]
Event: 9,810 Thread 0x00007f5744003000 Exception <a 'java/lang/reflect/InvocationTargetException'> (0x00000000eddecf28) thrown at [/build/openjdk-8-W1Ghxo/openjdk-8-8u91-b14/src/hotspot/src/share/vm/runtime/reflection.cpp, line 1092]

Events (10 events):
Event: 35,140 Thread 0x00007f57447dd800 Thread added: 0x00007f57447dd800
Event: 35,141 loading class sun/applet/AppletPanel$4
Event: 35,141 loading class sun/applet/AppletPanel$4 done
Event: 35,145 loading class java/awt/KeyboardFocusManager$2
Event: 35,145 loading class java/awt/KeyboardFocusManager$2 done
Event: 35,145 loading class sun/awt/SunToolkit$1
Event: 35,146 loading class sun/awt/SunToolkit$1 done
Event: 35,161 Thread 0x00007f57902de800 Uncommon trap: trap_request=0xffffff65 fr.pc=0x00007f57816ac304
Event: 35,162 Thread 0x00007f57902de800 DEOPT PACKING pc=0x00007f57816ac304 sp=0x00007f574fffe5a0
Event: 35,162 Thread 0x00007f57902de800 DEOPT UNPACKING pc=0x00007f5781004f69 sp=0x00007f574fffe4f8 mode 2


Dynamic libraries:
00400000-00401000 r-xp 00000000 08:06 2233749                            /usr/lib/jvm/java-8-openjdk-amd64/jre/bin/java
00600000-00601000 r--p 00000000 08:06 2233749                            /usr/lib/jvm/java-8-openjdk-amd64/jre/bin/java
00601000-00602000 rw-p 00001000 08:06 2233749                            /usr/lib/jvm/java-8-openjdk-amd64/jre/bin/java
00e00000-00e3e000 rw-p 00000000 00:00 0                                  [heap]
c9400000-cc480000 rw-p 00000000 00:00 0 
cc480000-edc00000 ---p 00000000 00:00 0 
edc00000-f4400000 rw-p 00000000 00:00 0 
f4400000-100000000 ---p 00000000 00:00 0 
100000000-100200000 rw-p 00000000 00:00 0 
100200000-140000000 ---p 00000000 00:00 0 
7f5738488000-7f573848b000 ---p 00000000 00:00 0 
7f573848b000-7f5738589000 rw-p 00000000 00:00 0 
7f5738589000-7f573858c000 ---p 00000000 00:00 0 
7f573858c000-7f573868a000 rw-p 00000000 00:00 0 
7f573868a000-7f573868d000 ---p 00000000 00:00 0 
7f573868d000-7f573878b000 rw-p 00000000 00:00 0 
7f573878b000-7f573878e000 ---p 00000000 00:00 0 
7f573878e000-7f573888c000 rw-p 00000000 00:00 0 
7f573888c000-7f573888f000 ---p 00000000 00:00 0 
7f573888f000-7f5738b0d000 rw-p 00000000 00:00 0 
7f5738b0d000-7f5738b90000 ---p 00000000 00:00 0 
7f5738b90000-7f5738c8e000 rw-p 00000000 00:00 0 
7f5738f03000-7f5739150000 rw-p 00000000 00:00 0 
7f573919c000-7f57391a7000 r--s 00000000 08:06 926427                     /var/cache/fontconfig/945677eb7aeaf62f1d50efc3fb3ec7d8-le64.cache-6
7f57391a7000-7f57391ad000 r--s 00000000 08:06 926425                     /var/cache/fontconfig/2cd17615ca594fa2959ae173292e504c-le64.cache-6
7f57391ad000-7f57391ae000 r--s 00000000 08:06 926424                     /var/cache/fontconfig/0d8c3b2ac0904cb8a57a757ad11a4a08-le64.cache-6
7f57391ae000-7f57391c3000 r--s 00000000 08:06 926404                     /var/cache/fontconfig/04aabc0a78ac019cf9454389977116d2-le64.cache-6
7f57391c3000-7f57391c6000 ---p 00000000 00:00 0 
7f57391c6000-7f57392c4000 rw-p 00000000 00:00 0 
7f57392c4000-7f57392c7000 ---p 00000000 00:00 0 
7f57392c7000-7f573962d000 rw-p 00000000 00:00 0 
7f573962d000-7f573bb1f000 r-xp 00000000 08:06 2230406                    /usr/lib/x86_64-linux-gnu/libLLVM-3.8.so.1
7f573bb1f000-7f573bd1f000 ---p 024f2000 08:06 2230406                    /usr/lib/x86_64-linux-gnu/libLLVM-3.8.so.1
7f573bd1f000-7f573bfd4000 r--p 024f2000 08:06 2230406                    /usr/lib/x86_64-linux-gnu/libLLVM-3.8.so.1
7f573bfd4000-7f573bfd6000 rw-p 027a7000 08:06 2230406                    /usr/lib/x86_64-linux-gnu/libLLVM-3.8.so.1
7f573bfd6000-7f573c000000 rw-p 00000000 00:00 0 
7f573c000000-7f573c059000 rw-p 00000000 00:00 0 
7f573c059000-7f5740000000 ---p 00000000 00:00 0 
7f5740000000-7f5740001000 r--s 00000000 08:06 926423                     /var/cache/fontconfig/1ac9eb803944fde146138c791f5cc56a-le64.cache-6
7f5740001000-7f5740005000 r--s 00000000 08:06 926422                     /var/cache/fontconfig/385c0604a188198f04d133e54aba7fe7-le64.cache-6
7f5740005000-7f5740008000 r--s 00000000 08:06 926420                     /var/cache/fontconfig/767a8244fc0220cfb567a839d0392e0b-le64.cache-6
7f5740008000-7f574000d000 r--s 00000000 08:06 926418                     /var/cache/fontconfig/8801497958630a81b71ace7c5f9b32a8-le64.cache-6
7f574000d000-7f5740014000 r--s 00000000 08:06 926416                     /var/cache/fontconfig/3047814df9a2f067bd2d96a2b9c36e5a-le64.cache-6
7f5740014000-7f5740027000 r--s 00000000 08:06 926412                     /var/cache/fontconfig/d52a8644073d54c13679302ca1180695-le64.cache-6
7f5740027000-7f5740032000 r--s 00000000 08:06 926743                     /var/cache/fontconfig/d589a48862398ed80a3d6066f4f56f4c-le64.cache-6
7f5740032000-7f5740035000 ---p 00000000 00:00 0 
7f5740035000-7f5740133000 rw-p 00000000 00:00 0 
7f5740133000-7f574014a000 r-xp 00000000 08:06 2757803                    /lib/x86_64-linux-gnu/libresolv-2.23.so
7f574014a000-7f574034a000 ---p 00017000 08:06 2757803                    /lib/x86_64-linux-gnu/libresolv-2.23.so
7f574034a000-7f574034b000 r--p 00017000 08:06 2757803                    /lib/x86_64-linux-gnu/libresolv-2.23.so
7f574034b000-7f574034c000 rw-p 00018000 08:06 2757803                    /lib/x86_64-linux-gnu/libresolv-2.23.so
7f574034c000-7f574034e000 rw-p 00000000 00:00 0 
7f574034e000-7f5740353000 r-xp 00000000 08:06 2757748                    /lib/x86_64-linux-gnu/libnss_dns-2.23.so
7f5740353000-7f5740553000 ---p 00005000 08:06 2757748                    /lib/x86_64-linux-gnu/libnss_dns-2.23.so
7f5740553000-7f5740554000 r--p 00005000 08:06 2757748                    /lib/x86_64-linux-gnu/libnss_dns-2.23.so
7f5740554000-7f5740555000 rw-p 00006000 08:06 2757748                    /lib/x86_64-linux-gnu/libnss_dns-2.23.so
7f5740555000-7f5740557000 r-xp 00000000 08:06 2757756                    /lib/x86_64-linux-gnu/libnss_mdns4_minimal.so.2
7f5740557000-7f5740756000 ---p 00002000 08:06 2757756                    /lib/x86_64-linux-gnu/libnss_mdns4_minimal.so.2
7f5740756000-7f5740757000 r--p 00001000 08:06 2757756                    /lib/x86_64-linux-gnu/libnss_mdns4_minimal.so.2
7f5740757000-7f5740758000 rw-p 00002000 08:06 2757756                    /lib/x86_64-linux-gnu/libnss_mdns4_minimal.so.2
7f5740758000-7f5740958000 rw-p 00000000 00:00 0 
7f5740958000-7f5740a58000 rw-s 12f30c000 00:06 252                       /dev/dri/card0
7f5740a58000-7f5740b58000 rw-s 12f40c000 00:06 252                       /dev/dri/card0
7f5740b58000-7f5740b5a000 r-xp 00000000 08:06 2237699                    /usr/lib/x86_64-linux-gnu/libXinerama.so.1.0.0
7f5740b5a000-7f5740d59000 ---p 00002000 08:06 2237699                    /usr/lib/x86_64-linux-gnu/libXinerama.so.1.0.0
7f5740d59000-7f5740d5a000 r--p 00001000 08:06 2237699                    /usr/lib/x86_64-linux-gnu/libXinerama.so.1.0.0
7f5740d5a000-7f5740d5b000 rw-p 00002000 08:06 2237699                    /usr/lib/x86_64-linux-gnu/libXinerama.so.1.0.0
7f5740d5b000-7f5740d92000 r-xp 00000000 08:06 2238861                    /usr/lib/x86_64-linux-gnu/libtxc_dxtn_s2tc.so.0.0.0
7f5740d92000-7f5740f91000 ---p 00037000 08:06 2238861                    /usr/lib/x86_64-linux-gnu/libtxc_dxtn_s2tc.so.0.0.0
7f5740f91000-7f5740f92000 r--p 00036000 08:06 2238861                    /usr/lib/x86_64-linux-gnu/libtxc_dxtn_s2tc.so.0.0.0
7f5740f92000-7f5740f93000 rw-p 00037000 08:06 2238861                    /usr/lib/x86_64-linux-gnu/libtxc_dxtn_s2tc.so.0.0.0
7f5740f93000-7f5740f94000 ---p 00000000 00:00 0 
7f5740f94000-7f5741794000 rw-p 00000000 00:00 0 
7f5741794000-7f57417a7000 r-xp 00000000 08:06 2757647                    /lib/x86_64-linux-gnu/libbsd.so.0.8.2
7f57417a7000-7f57419a6000 ---p 00013000 08:06 2757647                    /lib/x86_64-linux-gnu/libbsd.so.0.8.2
7f57419a6000-7f57419a7000 r--p 00012000 08:06 2757647                    /lib/x86_64-linux-gnu/libbsd.so.0.8.2
7f57419a7000-7f57419a8000 rw-p 00013000 08:06 2757647                    /lib/x86_64-linux-gnu/libbsd.so.0.8.2
7f57419a8000-7f57419a9000 rw-p 00000000 00:00 0 
7f57419a9000-7f57419ce000 r-xp 00000000 08:06 2757823                    /lib/x86_64-linux-gnu/libtinfo.so.5.9
7f57419ce000-7f5741bcd000 ---p 00025000 08:06 2757823                    /lib/x86_64-linux-gnu/libtinfo.so.5.9
7f5741bcd000-7f5741bd1000 r--p 00024000 08:06 2757823                    /lib/x86_64-linux-gnu/libtinfo.so.5.9
7f5741bd1000-7f5741bd2000 rw-p 00028000 08:06 2757823                    /lib/x86_64-linux-gnu/libtinfo.so.5.9
7f5741bd2000-7f5741c03000 r-xp 00000000 08:06 2238011                    /usr/lib/x86_64-linux-gnu/libedit.so.2.0.53
7f5741c03000-7f5741e03000 ---p 00031000 08:06 2238011                    /usr/lib/x86_64-linux-gnu/libedit.so.2.0.53
7f5741e03000-7f5741e05000 r--p 00031000 08:06 2238011                    /usr/lib/x86_64-linux-gnu/libedit.so.2.0.53
7f5741e05000-7f5741e06000 rw-p 00033000 08:06 2238011                    /usr/lib/x86_64-linux-gnu/libedit.so.2.0.53
7f5741e06000-7f5741e0a000 rw-p 00000000 00:00 0 
7f5741e0a000-7f5741e21000 r-xp 00000000 08:06 2238016                    /usr/lib/x86_64-linux-gnu/libelf-0.165.so
7f5741e21000-7f5742020000 ---p 00017000 08:06 2238016                    /usr/lib/x86_64-linux-gnu/libelf-0.165.so
7f5742020000-7f5742021000 r--p 00016000 08:06 2238016                    /usr/lib/x86_64-linux-gnu/libelf-0.165.so
7f5742021000-7f5742022000 rw-p 00017000 08:06 2238016                    /usr/lib/x86_64-linux-gnu/libelf-0.165.so
7f5742022000-7f5742029000 r-xp 00000000 08:06 2229660                    /usr/lib/x86_64-linux-gnu/libdrm_amdgpu.so.1.0.0
7f5742029000-7f5742228000 ---p 00007000 08:06 2229660                    /usr/lib/x86_64-linux-gnu/libdrm_amdgpu.so.1.0.0
7f5742228000-7f5742229000 r--p 00006000 08:06 2229660                    /usr/lib/x86_64-linux-gnu/libdrm_amdgpu.so.1.0.0
7f5742229000-7f574222a000 rw-p 00007000 08:06 2229660                    /usr/lib/x86_64-linux-gnu/libdrm_amdgpu.so.1.0.0
7f574222a000-7f5742235000 r-xp 00000000 08:06 2229666                    /usr/lib/x86_64-linux-gnu/libdrm_radeon.so.1.0.1
7f5742235000-7f5742434000 ---p 0000b000 08:06 2229666                    /usr/lib/x86_64-linux-gnu/libdrm_radeon.so.1.0.1
7f5742434000-7f5742435000 r--p 0000a000 08:06 2229666                    /usr/lib/x86_64-linux-gnu/libdrm_radeon.so.1.0.1
7f5742435000-7f5742436000 rw-p 0000b000 08:06 2229666                    /usr/lib/x86_64-linux-gnu/libdrm_radeon.so.1.0.1
7f5742436000-7f574243d000 r-xp 00000000 08:06 2229664                    /usr/lib/x86_64-linux-gnu/libdrm_nouveau.so.2.0.0
7f574243d000-7f574263c000 ---p 00007000 08:06 2229664                    /usr/lib/x86_64-linux-gnu/libdrm_nouveau.so.2.0.0
7f574263c000-7f574263d000 r--p 00006000 08:06 2229664                    /usr/lib/x86_64-linux-gnu/libdrm_nouveau.so.2.0.0
7f574263d000-7f574263e000 rw-p 00007000 08:06 2229664                    /usr/lib/x86_64-linux-gnu/libdrm_nouveau.so.2.0.0
7f574263e000-7f5742f05000 r-xp 00000000 08:06 2493203                    /usr/lib/x86_64-linux-gnu/dri/r600_dri.so
7f5742f05000-7f5743104000 ---p 008c7000 08:06 2493203                    /usr/lib/x86_64-linux-gnu/dri/r600_dri.so
7f5743104000-7f5743178000 r--p 008c6000 08:06 2493203                    /usr/lib/x86_64-linux-gnu/dri/r600_dri.so
7f5743178000-7f5743187000 rw-p 0093a000 08:06 2493203                    /usr/lib/x86_64-linux-gnu/dri/r600_dri.so
7f5743187000-7f574337d000 rw-p 00000000 00:00 0 
7f574337d000-7f5743383000 r-xp 00000000 08:06 2491604                    /usr/lib/x86_64-linux-gnu/mesa-egl/libGLESv2.so.2.0.0
7f5743383000-7f5743583000 ---p 00006000 08:06 2491604                    /usr/lib/x86_64-linux-gnu/mesa-egl/libGLESv2.so.2.0.0
7f5743583000-7f5743584000 r--p 00006000 08:06 2491604                    /usr/lib/x86_64-linux-gnu/mesa-egl/libGLESv2.so.2.0.0
7f5743584000-7f5743585000 rw-p 00007000 08:06 2491604                    /usr/lib/x86_64-linux-gnu/mesa-egl/libGLESv2.so.2.0.0
7f5743585000-7f57435ca000 r-xp 00000000 08:06 2097194                    /tmp/jogamp_0000/file_cache/jln4927308441664795768/jln1315379790416413741/libjogl_mobile.so
7f57435ca000-7f57437ca000 ---p 00045000 08:06 2097194                    /tmp/jogamp_0000/file_cache/jln4927308441664795768/jln1315379790416413741/libjogl_mobile.so
7f57437ca000-7f57437cb000 rw-p 00045000 08:06 2097194                    /tmp/jogamp_0000/file_cache/jln4927308441664795768/jln1315379790416413741/libjogl_mobile.so
7f57437cb000-7f57437d2000 r-xp 00000000 08:06 2238059                    /usr/lib/x86_64-linux-gnu/libffi.so.6.0.4
7f57437d2000-7f57439d1000 ---p 00007000 08:06 2238059                    /usr/lib/x86_64-linux-gnu/libffi.so.6.0.4
7f57439d1000-7f57439d2000 r--p 00006000 08:06 2238059                    /usr/lib/x86_64-linux-gnu/libffi.so.6.0.4
7f57439d2000-7f57439d3000 rw-p 00007000 08:06 2238059                    /usr/lib/x86_64-linux-gnu/libffi.so.6.0.4
7f57439d3000-7f57439df000 r-xp 00000000 08:06 2228798                    /usr/lib/x86_64-linux-gnu/libgbm.so.1.0.0
7f57439df000-7f5743bdf000 ---p 0000c000 08:06 2228798                    /usr/lib/x86_64-linux-gnu/libgbm.so.1.0.0
7f5743bdf000-7f5743be0000 r--p 0000c000 08:06 2228798                    /usr/lib/x86_64-linux-gnu/libgbm.so.1.0.0
7f5743be0000-7f5743be1000 rw-p 0000d000 08:06 2228798                    /usr/lib/x86_64-linux-gnu/libgbm.so.1.0.0
7f5743be1000-7f5743bf0000 r-xp 00000000 08:06 2238952                    /usr/lib/x86_64-linux-gnu/libwayland-server.so.0.1.0
7f5743bf0000-7f5743def000 ---p 0000f000 08:06 2238952                    /usr/lib/x86_64-linux-gnu/libwayland-server.so.0.1.0
7f5743def000-7f5743df1000 r--p 0000e000 08:06 2238952                    /usr/lib/x86_64-linux-gnu/libwayland-server.so.0.1.0
7f5743df1000-7f5743df2000 rw-p 00010000 08:06 2238952                    /usr/lib/x86_64-linux-gnu/libwayland-server.so.0.1.0
7f5743df2000-7f5743dfe000 r-xp 00000000 08:06 2238946                    /usr/lib/x86_64-linux-gnu/libwayland-client.so.0.3.0
7f5743dfe000-7f5743ffd000 ---p 0000c000 08:06 2238946                    /usr/lib/x86_64-linux-gnu/libwayland-client.so.0.3.0
7f5743ffd000-7f5743fff000 r--p 0000b000 08:06 2238946                    /usr/lib/x86_64-linux-gnu/libwayland-client.so.0.3.0
7f5743fff000-7f5744000000 rw-p 0000d000 08:06 2238946                    /usr/lib/x86_64-linux-gnu/libwayland-client.so.0.3.0
7f5744000000-7f5744ad4000 rw-p 00000000 00:00 0 
7f5744ad4000-7f5748000000 ---p 00000000 00:00 0 
7f5748000000-7f5748624000 rw-p 00000000 00:00 0 
7f5748624000-7f574c000000 ---p 00000000 00:00 0 
7f574c000000-7f574c001000 r--s 00000000 08:06 926421                     /var/cache/fontconfig/dc05db6664285cc2f12bf69c139ae4c3-le64.cache-6
7f574c001000-7f574c002000 r--s 00000000 08:06 926419                     /var/cache/fontconfig/4794a0821666d79190d59a36cb4f44b5-le64.cache-6
7f574c002000-7f574c003000 r--s 00000000 08:06 926417                     /var/cache/fontconfig/bab58bb527bb656aaa9f116d68a48d89-le64.cache-6
7f574c003000-7f574c009000 r--s 00000000 08:06 926413                     /var/cache/fontconfig/b47c4e1ecd0709278f4910c18777a504-le64.cache-6
7f574c009000-7f574c014000 r--s 00000000 08:06 926405                     /var/cache/fontconfig/83bf95040141907cd45bb53cf7c1c148-le64.cache-6
7f574c014000-7f574c01a000 r-xp 00000000 08:06 2239050                    /usr/lib/x86_64-linux-gnu/libxcb-xfixes.so.0.0.0
7f574c01a000-7f574c21a000 ---p 00006000 08:06 2239050                    /usr/lib/x86_64-linux-gnu/libxcb-xfixes.so.0.0.0
7f574c21a000-7f574c21b000 r--p 00006000 08:06 2239050                    /usr/lib/x86_64-linux-gnu/libxcb-xfixes.so.0.0.0
7f574c21b000-7f574c21c000 rw-p 00007000 08:06 2239050                    /usr/lib/x86_64-linux-gnu/libxcb-xfixes.so.0.0.0
7f574c21c000-7f574c24c000 r-xp 00000000 08:06 2493233                    /usr/lib/x86_64-linux-gnu/mesa-egl/libEGL.so.1.0.0
7f574c24c000-7f574c44c000 ---p 00030000 08:06 2493233                    /usr/lib/x86_64-linux-gnu/mesa-egl/libEGL.so.1.0.0
7f574c44c000-7f574c44d000 r--p 00030000 08:06 2493233                    /usr/lib/x86_64-linux-gnu/mesa-egl/libEGL.so.1.0.0
7f574c44d000-7f574c44e000 rw-p 00031000 08:06 2493233                    /usr/lib/x86_64-linux-gnu/mesa-egl/libEGL.so.1.0.0
7f574c44e000-7f574c4f3000 r-xp 00000000 08:06 2097189                    /tmp/jogamp_0000/file_cache/jln4927308441664795768/jln1315379790416413741/libjogl_desktop.so
7f574c4f3000-7f574c6f3000 ---p 000a5000 08:06 2097189                    /tmp/jogamp_0000/file_cache/jln4927308441664795768/jln1315379790416413741/libjogl_desktop.so
7f574c6f3000-7f574c6f4000 rw-p 000a5000 08:06 2097189                    /tmp/jogamp_0000/file_cache/jln4927308441664795768/jln1315379790416413741/libjogl_desktop.so
7f574c6f4000-7f574c702000 r-xp 00000000 08:06 2228334                    /usr/lib/x86_64-linux-gnu/libdrm.so.2.4.0
7f574c702000-7f574c901000 ---p 0000e000 08:06 2228334                    /usr/lib/x86_64-linux-gnu/libdrm.so.2.4.0
7f574c901000-7f574c902000 r--p 0000d000 08:06 2228334                    /usr/lib/x86_64-linux-gnu/libdrm.so.2.4.0
7f574c902000-7f574c903000 rw-p 0000e000 08:06 2228334                    /usr/lib/x86_64-linux-gnu/libdrm.so.2.4.0
7f574c903000-7f574c907000 r-xp 00000000 08:06 2239022                    /usr/lib/x86_64-linux-gnu/libxcb-dri2.so.0.0.0
7f574c907000-7f574cb06000 ---p 00004000 08:06 2239022                    /usr/lib/x86_64-linux-gnu/libxcb-dri2.so.0.0.0
7f574cb06000-7f574cb07000 r--p 00003000 08:06 2239022                    /usr/lib/x86_64-linux-gnu/libxcb-dri2.so.0.0.0
7f574cb07000-7f574cb08000 rw-p 00004000 08:06 2239022                    /usr/lib/x86_64-linux-gnu/libxcb-dri2.so.0.0.0
7f574cb08000-7f574cb1f000 r-xp 00000000 08:06 2239026                    /usr/lib/x86_64-linux-gnu/libxcb-glx.so.0.0.0
7f574cb1f000-7f574cd1e000 ---p 00017000 08:06 2239026                    /usr/lib/x86_64-linux-gnu/libxcb-glx.so.0.0.0
7f574cd1e000-7f574cd20000 r--p 00016000 08:06 2239026                    /usr/lib/x86_64-linux-gnu/libxcb-glx.so.0.0.0
7f574cd20000-7f574cd21000 rw-p 00018000 08:06 2239026                    /usr/lib/x86_64-linux-gnu/libxcb-glx.so.0.0.0
7f574cd21000-7f574cd22000 r-xp 00000000 08:06 2237670                    /usr/lib/x86_64-linux-gnu/libX11-xcb.so.1.0.0
7f574cd22000-7f574cf21000 ---p 00001000 08:06 2237670                    /usr/lib/x86_64-linux-gnu/libX11-xcb.so.1.0.0
7f574cf21000-7f574cf22000 r--p 00000000 08:06 2237670                    /usr/lib/x86_64-linux-gnu/libX11-xcb.so.1.0.0
7f574cf22000-7f574cf23000 rw-p 00001000 08:06 2237670                    /usr/lib/x86_64-linux-gnu/libX11-xcb.so.1.0.0
7f574cf23000-7f574cf25000 r-xp 00000000 08:06 2237685                    /usr/lib/x86_64-linux-gnu/libXdamage.so.1.1.0
7f574cf25000-7f574d124000 ---p 00002000 08:06 2237685                    /usr/lib/x86_64-linux-gnu/libXdamage.so.1.1.0
7f574d124000-7f574d125000 r--p 00001000 08:06 2237685                    /usr/lib/x86_64-linux-gnu/libXdamage.so.1.1.0
7f574d125000-7f574d126000 rw-p 00002000 08:06 2237685                    /usr/lib/x86_64-linux-gnu/libXdamage.so.1.1.0
7f574d126000-7f574d14f000 r-xp 00000000 08:06 2230410                    /usr/lib/x86_64-linux-gnu/libglapi.so.0.0.0
7f574d14f000-7f574d34e000 ---p 00029000 08:06 2230410                    /usr/lib/x86_64-linux-gnu/libglapi.so.0.0.0
7f574d34e000-7f574d352000 r--p 00028000 08:06 2230410                    /usr/lib/x86_64-linux-gnu/libglapi.so.0.0.0
7f574d352000-7f574d353000 rw-p 0002c000 08:06 2230410                    /usr/lib/x86_64-linux-gnu/libglapi.so.0.0.0
7f574d353000-7f574d354000 rw-p 00000000 00:00 0 
7f574d354000-7f574d355000 r-xp 00000000 08:06 2239066                    /usr/lib/x86_64-linux-gnu/libxshmfence.so.1.0.0
7f574d355000-7f574d555000 ---p 00001000 08:06 2239066                    /usr/lib/x86_64-linux-gnu/libxshmfence.so.1.0.0
7f574d555000-7f574d556000 r--p 00001000 08:06 2239066                    /usr/lib/x86_64-linux-gnu/libxshmfence.so.1.0.0
7f574d556000-7f574d557000 rw-p 00002000 08:06 2239066                    /usr/lib/x86_64-linux-gnu/libxshmfence.so.1.0.0
7f574d557000-7f574d55c000 r-xp 00000000 08:06 2239046                    /usr/lib/x86_64-linux-gnu/libxcb-sync.so.1.0.0
7f574d55c000-7f574d75c000 ---p 00005000 08:06 2239046                    /usr/lib/x86_64-linux-gnu/libxcb-sync.so.1.0.0
7f574d75c000-7f574d75d000 r--p 00005000 08:06 2239046                    /usr/lib/x86_64-linux-gnu/libxcb-sync.so.1.0.0
7f574d75d000-7f574d75e000 rw-p 00006000 08:06 2239046                    /usr/lib/x86_64-linux-gnu/libxcb-sync.so.1.0.0
7f574d75e000-7f574d760000 r-xp 00000000 08:06 2239034                    /usr/lib/x86_64-linux-gnu/libxcb-present.so.0.0.0
7f574d760000-7f574d95f000 ---p 00002000 08:06 2239034                    /usr/lib/x86_64-linux-gnu/libxcb-present.so.0.0.0
7f574d95f000-7f574d960000 r--p 00001000 08:06 2239034                    /usr/lib/x86_64-linux-gnu/libxcb-present.so.0.0.0
7f574d960000-7f574d961000 rw-p 00002000 08:06 2239034                    /usr/lib/x86_64-linux-gnu/libxcb-present.so.0.0.0
7f574d961000-7f574d963000 r-xp 00000000 08:06 2239024                    /usr/lib/x86_64-linux-gnu/libxcb-dri3.so.0.0.0
7f574d963000-7f574db62000 ---p 00002000 08:06 2239024                    /usr/lib/x86_64-linux-gnu/libxcb-dri3.so.0.0.0
7f574db62000-7f574db63000 r--p 00001000 08:06 2239024                    /usr/lib/x86_64-linux-gnu/libxcb-dri3.so.0.0.0
7f574db63000-7f574db64000 rw-p 00002000 08:06 2239024                    /usr/lib/x86_64-linux-gnu/libxcb-dri3.so.0.0.0
7f574db64000-7f574db8a000 r-xp 00000000 08:06 2757682                    /lib/x86_64-linux-gnu/libexpat.so.1.6.0
7f574db8a000-7f574dd8a000 ---p 00026000 08:06 2757682                    /lib/x86_64-linux-gnu/libexpat.so.1.6.0
7f574dd8a000-7f574dd8c000 r--p 00026000 08:06 2757682                    /lib/x86_64-linux-gnu/libexpat.so.1.6.0
7f574dd8c000-7f574dd8d000 rw-p 00028000 08:06 2757682                    /lib/x86_64-linux-gnu/libexpat.so.1.6.0
7f574dd8d000-7f574ddfa000 r-xp 00000000 08:06 2490943                    /usr/lib/x86_64-linux-gnu/mesa/libGL.so.1.2.0
7f574ddfa000-7f574dff9000 ---p 0006d000 08:06 2490943                    /usr/lib/x86_64-linux-gnu/mesa/libGL.so.1.2.0
7f574dff9000-7f574dffc000 r--p 0006c000 08:06 2490943                    /usr/lib/x86_64-linux-gnu/mesa/libGL.so.1.2.0
7f574dffc000-7f574dffd000 rw-p 0006f000 08:06 2490943                    /usr/lib/x86_64-linux-gnu/mesa/libGL.so.1.2.0
7f574dffd000-7f574e1fe000 rw-p 00000000 00:00 0 
7f574e1fe000-7f574e3fe000 rw-p 00000000 00:00 0 
7f574e3fe000-7f574e3ff000 r--s 00000000 08:06 926415                     /var/cache/fontconfig/56cf4f4769d0f4abc89a4895d7bd3ae1-le64.cache-6
7f574e3ff000-7f574e400000 r--s 00000000 08:06 926414                     /var/cache/fontconfig/b9d506c9ac06c20b433354fa67a72993-le64.cache-6
7f574e400000-7f574e401000 r--s 00000000 08:06 926411                     /var/cache/fontconfig/551ecf3b0e8b0bca0f25c0944f561853-le64.cache-6
7f574e401000-7f574e404000 r--s 00000000 08:06 926406                     /var/cache/fontconfig/75114ca45c98e8a441da0ff356701271-le64.cache-6
7f574e404000-7f574e416000 r--s 00000000 08:06 923280                     /var/cache/fontconfig/9b89f8e3dae116d678bbf48e5f21f69b-le64.cache-6
7f574e416000-7f574e419000 r--s 00000000 08:06 923238                     /var/cache/fontconfig/e13b20fdb08344e0e664864cc2ede53d-le64.cache-6
7f574e419000-7f574e41d000 r--s 00000000 08:06 923258                     /var/cache/fontconfig/7ef2298fde41cc6eeb7af42e48b7d293-le64.cache-6
7f574e435000-7f574e43b000 rw-s 122f4c000 00:06 252                       /dev/dri/card0
7f574e43b000-7f574e459000 rw-s 122f2e000 00:06 252                       /dev/dri/card0
7f574e459000-7f574e461000 rw-s 12623e000 00:06 252                       /dev/dri/card0
7f574e461000-7f574e47f000 rw-s 126220000 00:06 252                       /dev/dri/card0
7f574e47f000-7f574e482000 rw-s 126219000 00:06 252                       /dev/dri/card0
7f574e482000-7f574e487000 rw-s 126214000 00:06 252                       /dev/dri/card0
7f574e487000-7f574e48a000 rw-s 126211000 00:06 252                       /dev/dri/card0
7f574e48a000-7f574e493000 rw-s 126208000 00:06 252                       /dev/dri/card0
7f574e499000-7f574e49a000 r--s 00000000 08:06 926409                     /var/cache/fontconfig/30829fa25452a46451e813d634d7f916-le64.cache-6
7f574e49a000-7f574e49b000 r--s 00000000 08:06 926408                     /var/cache/fontconfig/0c9eb80ebd1c36541ebe2852d3bb0c49-le64.cache-6
7f574e4bb000-7f574e4c2000 r-xp 00000000 08:06 2097196                    /tmp/jogamp_0000/file_cache/jln4927308441664795768/jln1315379790416413741/libnativewindow_x11.so
7f574e4c2000-7f574e6c1000 ---p 00007000 08:06 2097196                    /tmp/jogamp_0000/file_cache/jln4927308441664795768/jln1315379790416413741/libnativewindow_x11.so
7f574e6c1000-7f574e6c2000 rw-p 00006000 08:06 2097196                    /tmp/jogamp_0000/file_cache/jln4927308441664795768/jln1315379790416413741/libnativewindow_x11.so
7f574e6c2000-7f574e6c7000 r-xp 00000000 08:06 2237725                    /usr/lib/x86_64-linux-gnu/libXxf86vm.so.1.0.0
7f574e6c7000-7f574e8c6000 ---p 00005000 08:06 2237725                    /usr/lib/x86_64-linux-gnu/libXxf86vm.so.1.0.0
7f574e8c6000-7f574e8c7000 r--p 00004000 08:06 2237725                    /usr/lib/x86_64-linux-gnu/libXxf86vm.so.1.0.0
7f574e8c7000-7f574e8c8000 rw-p 00005000 08:06 2237725                    /usr/lib/x86_64-linux-gnu/libXxf86vm.so.1.0.0
7f574e8c8000-7f574e8ca000 r-xp 00000000 08:06 2097195                    /tmp/jogamp_0000/file_cache/jln4927308441664795768/jln1315379790416413741/libnativewindow_awt.so
7f574e8ca000-7f574eac9000 ---p 00002000 08:06 2097195                    /tmp/jogamp_0000/file_cache/jln4927308441664795768/jln1315379790416413741/libnativewindow_awt.so
7f574eac9000-7f574eaca000 rw-p 00001000 08:06 2097195                    /tmp/jogamp_0000/file_cache/jln4927308441664795768/jln1315379790416413741/libnativewindow_awt.so
7f574eaca000-7f574eacb000 r-xp 00000000 08:06 2245058                    /usr/lib/jvm/java-8-openjdk-amd64/jre/lib/amd64/libjawt.so
7f574eacb000-7f574ecca000 ---p 00001000 08:06 2245058                    /usr/lib/jvm/java-8-openjdk-amd64/jre/lib/amd64/libjawt.so
7f574ecca000-7f574eccb000 r--p 00000000 08:06 2245058                    /usr/lib/jvm/java-8-openjdk-amd64/jre/lib/amd64/libjawt.so
7f574eccb000-7f574eccc000 rw-p 00001000 08:06 2245058                    /usr/lib/jvm/java-8-openjdk-amd64/jre/lib/amd64/libjawt.so
7f574eccc000-7f574ecce000 r-xp 00000000 08:06 2097183                    /tmp/jogamp_0000/file_cache/jln4927308441664795768/jln1315379790416413741/libgluegen-rt.so
7f574ecce000-7f574eecd000 ---p 00002000 08:06 2097183                    /tmp/jogamp_0000/file_cache/jln4927308441664795768/jln1315379790416413741/libgluegen-rt.so
7f574eecd000-7f574eece000 rw-p 00001000 08:06 2097183                    /tmp/jogamp_0000/file_cache/jln4927308441664795768/jln1315379790416413741/libgluegen-rt.so
7f574eece000-7f574eed1000 ---p 00000000 00:00 0 
7f574eed1000-7f574f1cf000 rw-p 00000000 00:00 0 
7f574f1cf000-7f574f1d2000 ---p 00000000 00:00 0 
7f574f1d2000-7f574f4d0000 rw-p 00000000 00:00 0 
7f574f4d0000-7f574f4d3000 ---p 00000000 00:00 0 
7f574f4d3000-7f574f5d1000 rw-p 00000000 00:00 0 
7f574f5d1000-7f574f5e2000 r-xp 00000000 08:06 2245069                    /usr/lib/jvm/java-8-openjdk-amd64/jre/lib/amd64/libnio.so
7f574f5e2000-7f574f7e2000 ---p 00011000 08:06 2245069                    /usr/lib/jvm/java-8-openjdk-amd64/jre/lib/amd64/libnio.so
7f574f7e2000-7f574f7e3000 r--p 00011000 08:06 2245069                    /usr/lib/jvm/java-8-openjdk-amd64/jre/lib/amd64/libnio.so
7f574f7e3000-7f574f7e4000 rw-p 00012000 08:06 2245069                    /usr/lib/jvm/java-8-openjdk-amd64/jre/lib/amd64/libnio.so
7f574f7e4000-7f574fae5000 rw-p 00000000 00:00 0 
7f574fae5000-7f574fafc000 r-xp 00000000 08:06 2245045                    /usr/lib/jvm/java-8-openjdk-amd64/jre/lib/amd64/libnet.so
7f574fafc000-7f574fcfb000 ---p 00017000 08:06 2245045                    /usr/lib/jvm/java-8-openjdk-amd64/jre/lib/amd64/libnet.so
7f574fcfb000-7f574fcfc000 r--p 00016000 08:06 2245045                    /usr/lib/jvm/java-8-openjdk-amd64/jre/lib/amd64/libnet.so
7f574fcfc000-7f574fcfd000 rw-p 00017000 08:06 2245045                    /usr/lib/jvm/java-8-openjdk-amd64/jre/lib/amd64/libnet.so
7f574fcfd000-7f574fd00000 ---p 00000000 00:00 0 
7f574fd00000-7f574fdfe000 rw-p 00000000 00:00 0 
7f574fdfe000-7f574fe01000 ---p 00000000 00:00 0 
7f574fe01000-7f574feff000 rw-p 00000000 00:00 0 
7f574feff000-7f574ff02000 ---p 00000000 00:00 0 
7f574ff02000-7f5750000000 rw-p 00000000 00:00 0 
7f5750000000-7f5750021000 rw-p 00000000 00:00 0 
7f5750021000-7f5754000000 ---p 00000000 00:00 0 
7f5754000000-7f5754021000 rw-p 00000000 00:00 0 
7f5754021000-7f5758000000 ---p 00000000 00:00 0 
7f5758000000-7f5758860000 rw-p 00000000 00:00 0 
7f5758860000-7f575c000000 ---p 00000000 00:00 0 
7f575c000000-7f575c23b000 rw-p 00000000 00:00 0 
7f575c23b000-7f5760000000 ---p 00000000 00:00 0 
7f5760000000-7f5760021000 rw-p 00000000 00:00 0 
7f5760021000-7f5764000000 ---p 00000000 00:00 0 
7f5764000000-7f5764f13000 rw-p 00000000 00:00 0 
7f5764f13000-7f5768000000 ---p 00000000 00:00 0 
7f5768000000-7f5768021000 rw-p 00000000 00:00 0 
7f5768021000-7f576c000000 ---p 00000000 00:00 0 
7f576c000000-7f576c021000 rw-p 00000000 00:00 0 
7f576c021000-7f5770000000 ---p 00000000 00:00 0 
7f5770000000-7f577006a000 rw-p 00000000 00:00 0 
7f577006a000-7f5774000000 ---p 00000000 00:00 0 
7f5774000000-7f577404a000 rw-p 00000000 00:00 0 
7f577404a000-7f5778000000 ---p 00000000 00:00 0 
7f5778000000-7f5778061000 rw-p 00000000 00:00 0 
7f5778061000-7f577c000000 ---p 00000000 00:00 0 
7f577c00e000-7f577c00f000 rw-s 1230aa000 00:06 252                       /dev/dri/card0
7f577c00f000-7f577c010000 rw-s 1230a9000 00:06 252                       /dev/dri/card0
7f577c010000-7f577c011000 rw-s 1230a8000 00:06 252                       /dev/dri/card0
7f577c011000-7f577c012000 rw-s 123478000 00:06 252                       /dev/dri/card0
7f577c012000-7f577c013000 rw-s 123473000 00:06 252                       /dev/dri/card0
7f577c013000-7f577c014000 rw-s 12621f000 00:06 252                       /dev/dri/card0
7f577c014000-7f577c015000 rw-s 12621e000 00:06 252                       /dev/dri/card0
7f577c015000-7f577c017000 rw-s 123479000 00:06 252                       /dev/dri/card0
7f577c03e000-7f577c04e000 rw-s 1239a4000 00:06 252                       /dev/dri/card0
7f577c05e000-7f577c07c000 r-xp 00000000 08:06 2757251                    /lib/x86_64-linux-gnu/libudev.so.1.6.4
7f577c07c000-7f577c07d000 r--p 0001d000 08:06 2757251                    /lib/x86_64-linux-gnu/libudev.so.1.6.4
7f577c07d000-7f577c07e000 rw-p 0001e000 08:06 2757251                    /lib/x86_64-linux-gnu/libudev.so.1.6.4
7f577c07e000-7f577c081000 ---p 00000000 00:00 0 
7f577c081000-7f577c0b7000 rw-p 00000000 00:00 0 
7f577c0b7000-7f577c0ba000 ---p 00000000 00:00 0 
7f577c0ba000-7f577c1b8000 rw-p 00000000 00:00 0 
7f577c1b8000-7f577c1bd000 r-xp 00000000 08:06 2237691                    /usr/lib/x86_64-linux-gnu/libXfixes.so.3.1.0
7f577c1bd000-7f577c3bc000 ---p 00005000 08:06 2237691                    /usr/lib/x86_64-linux-gnu/libXfixes.so.3.1.0
7f577c3bc000-7f577c3bd000 r--p 00004000 08:06 2237691                    /usr/lib/x86_64-linux-gnu/libXfixes.so.3.1.0
7f577c3bd000-7f577c3be000 rw-p 00005000 08:06 2237691                    /usr/lib/x86_64-linux-gnu/libXfixes.so.3.1.0
7f577c3be000-7f577c3c7000 r-xp 00000000 08:06 2237683                    /usr/lib/x86_64-linux-gnu/libXcursor.so.1.0.2
7f577c3c7000-7f577c5c6000 ---p 00009000 08:06 2237683                    /usr/lib/x86_64-linux-gnu/libXcursor.so.1.0.2
7f577c5c6000-7f577c5c7000 r--p 00008000 08:06 2237683                    /usr/lib/x86_64-linux-gnu/libXcursor.so.1.0.2
7f577c5c7000-7f577c5c8000 rw-p 00009000 08:06 2237683                    /usr/lib/x86_64-linux-gnu/libXcursor.so.1.0.2
7f577c5c8000-7f577c5cb000 ---p 00000000 00:00 0 
7f577c5cb000-7f577c6c9000 rw-p 00000000 00:00 0 
7f577c6c9000-7f577c6ed000 r-xp 00000000 08:06 2757792                    /lib/x86_64-linux-gnu/libpng12.so.0.54.0
7f577c6ed000-7f577c8ec000 ---p 00024000 08:06 2757792                    /lib/x86_64-linux-gnu/libpng12.so.0.54.0
7f577c8ec000-7f577c8ed000 r--p 00023000 08:06 2757792                    /lib/x86_64-linux-gnu/libpng12.so.0.54.0
7f577c8ed000-7f577c8ee000 rw-p 00024000 08:06 2757792                    /lib/x86_64-linux-gnu/libpng12.so.0.54.0
7f577c8ee000-7f577c992000 r-xp 00000000 08:06 2238107                    /usr/lib/x86_64-linux-gnu/libfreetype.so.6.12.1
7f577c992000-7f577cb91000 ---p 000a4000 08:06 2238107                    /usr/lib/x86_64-linux-gnu/libfreetype.so.6.12.1
7f577cb91000-7f577cb97000 r--p 000a3000 08:06 2238107                    /usr/lib/x86_64-linux-gnu/libfreetype.so.6.12.1
7f577cb97000-7f577cb98000 rw-p 000a9000 08:06 2238107                    /usr/lib/x86_64-linux-gnu/libfreetype.so.6.12.1
7f577cba7000-7f577cba8000 rw-s 120e0e000 00:06 252                       /dev/dri/card0
7f577cba8000-7f577cba9000 rw-s 12166d000 00:06 252                       /dev/dri/card0
7f577cba9000-7f577cbaa000 rw-s 120e0d000 00:06 252                       /dev/dri/card0
7f577cbaa000-7f577cbab000 rw-s 123db2000 00:06 252                       /dev/dri/card0
7f577cbab000-7f577cbac000 rw-s 123db1000 00:06 252                       /dev/dri/card0
7f577cbac000-7f577cbad000 rw-s 123db0000 00:06 252                       /dev/dri/card0
7f577cbad000-7f577cbae000 rw-s 120e0b000 00:06 252                       /dev/dri/card0
7f577cbae000-7f577cbaf000 rw-s 123daf000 00:06 252                       /dev/dri/card0
7f577cbaf000-7f577cbb0000 rw-s 12df93000 00:06 252                       /dev/dri/card0
7f577cbb0000-7f577cbb1000 rwxp 00000000 00:00 0 
7f577cbb1000-7f577cc03000 r-xp 00000000 08:06 2245043                    /usr/lib/jvm/java-8-openjdk-amd64/jre/lib/amd64/libfontmanager.so
7f577cc03000-7f577ce03000 ---p 00052000 08:06 2245043                    /usr/lib/jvm/java-8-openjdk-amd64/jre/lib/amd64/libfontmanager.so
7f577ce03000-7f577ce05000 r--p 00052000 08:06 2245043                    /usr/lib/jvm/java-8-openjdk-amd64/jre/lib/amd64/libfontmanager.so
7f577ce05000-7f577ce06000 rw-p 00054000 08:06 2245043                    /usr/lib/jvm/java-8-openjdk-amd64/jre/lib/amd64/libfontmanager.so
7f577ce06000-7f577ce19000 r--s 00345000 08:06 2245072                    /usr/lib/jvm/java-8-openjdk-amd64/jre/lib/resources.jar
7f577ce19000-7f577ce1e000 r-xp 00000000 08:06 2237687                    /usr/lib/x86_64-linux-gnu/libXdmcp.so.6.0.0
7f577ce1e000-7f577d01d000 ---p 00005000 08:06 2237687                    /usr/lib/x86_64-linux-gnu/libXdmcp.so.6.0.0
7f577d01d000-7f577d01e000 r--p 00004000 08:06 2237687                    /usr/lib/x86_64-linux-gnu/libXdmcp.so.6.0.0
7f577d01e000-7f577d01f000 rw-p 00005000 08:06 2237687                    /usr/lib/x86_64-linux-gnu/libXdmcp.so.6.0.0
7f577d01f000-7f577d021000 r-xp 00000000 08:06 2237676                    /usr/lib/x86_64-linux-gnu/libXau.so.6.0.0
7f577d021000-7f577d221000 ---p 00002000 08:06 2237676                    /usr/lib/x86_64-linux-gnu/libXau.so.6.0.0
7f577d221000-7f577d222000 r--p 00002000 08:06 2237676                    /usr/lib/x86_64-linux-gnu/libXau.so.6.0.0
7f577d222000-7f577d223000 rw-p 00003000 08:06 2237676                    /usr/lib/x86_64-linux-gnu/libXau.so.6.0.0
7f577d223000-7f577d244000 r-xp 00000000 08:06 2239054                    /usr/lib/x86_64-linux-gnu/libxcb.so.1.1.0
7f577d244000-7f577d443000 ---p 00021000 08:06 2239054                    /usr/lib/x86_64-linux-gnu/libxcb.so.1.1.0
7f577d443000-7f577d444000 r--p 00020000 08:06 2239054                    /usr/lib/x86_64-linux-gnu/libxcb.so.1.1.0
7f577d444000-7f577d445000 rw-p 00021000 08:06 2239054                    /usr/lib/x86_64-linux-gnu/libxcb.so.1.1.0
7f577d445000-7f577d454000 r-xp 00000000 08:06 2237697                    /usr/lib/x86_64-linux-gnu/libXi.so.6.1.0
7f577d454000-7f577d653000 ---p 0000f000 08:06 2237697                    /usr/lib/x86_64-linux-gnu/libXi.so.6.1.0
7f577d653000-7f577d654000 r--p 0000e000 08:06 2237697                    /usr/lib/x86_64-linux-gnu/libXi.so.6.1.0
7f577d654000-7f577d655000 rw-p 0000f000 08:06 2237697                    /usr/lib/x86_64-linux-gnu/libXi.so.6.1.0
7f577d655000-7f577d65a000 r-xp 00000000 08:06 2237715                    /usr/lib/x86_64-linux-gnu/libXtst.so.6.1.0
7f577d65a000-7f577d859000 ---p 00005000 08:06 2237715                    /usr/lib/x86_64-linux-gnu/libXtst.so.6.1.0
7f577d859000-7f577d85a000 r--p 00004000 08:06 2237715                    /usr/lib/x86_64-linux-gnu/libXtst.so.6.1.0
7f577d85a000-7f577d85b000 rw-p 00005000 08:06 2237715                    /usr/lib/x86_64-linux-gnu/libXtst.so.6.1.0
7f577d85b000-7f577d864000 r-xp 00000000 08:06 2237709                    /usr/lib/x86_64-linux-gnu/libXrender.so.1.3.0
7f577d864000-7f577da63000 ---p 00009000 08:06 2237709                    /usr/lib/x86_64-linux-gnu/libXrender.so.1.3.0
7f577da63000-7f577da64000 r--p 00008000 08:06 2237709                    /usr/lib/x86_64-linux-gnu/libXrender.so.1.3.0
7f577da64000-7f577da65000 rw-p 00009000 08:06 2237709                    /usr/lib/x86_64-linux-gnu/libXrender.so.1.3.0
7f577da65000-7f577db9a000 r-xp 00000000 08:06 2237672                    /usr/lib/x86_64-linux-gnu/libX11.so.6.3.0
7f577db9a000-7f577dd9a000 ---p 00135000 08:06 2237672                    /usr/lib/x86_64-linux-gnu/libX11.so.6.3.0
7f577dd9a000-7f577dd9b000 r--p 00135000 08:06 2237672                    /usr/lib/x86_64-linux-gnu/libX11.so.6.3.0
7f577dd9b000-7f577dd9f000 rw-p 00136000 08:06 2237672                    /usr/lib/x86_64-linux-gnu/libX11.so.6.3.0
7f577dd9f000-7f577ddb0000 r-xp 00000000 08:06 2237689                    /usr/lib/x86_64-linux-gnu/libXext.so.6.4.0
7f577ddb0000-7f577dfaf000 ---p 00011000 08:06 2237689                    /usr/lib/x86_64-linux-gnu/libXext.so.6.4.0
7f577dfaf000-7f577dfb0000 r--p 00010000 08:06 2237689                    /usr/lib/x86_64-linux-gnu/libXext.so.6.4.0
7f577dfb0000-7f577dfb1000 rw-p 00011000 08:06 2237689                    /usr/lib/x86_64-linux-gnu/libXext.so.6.4.0
7f577dfb1000-7f577e005000 r-xp 00000000 08:06 2245068                    /usr/lib/jvm/java-8-openjdk-amd64/jre/lib/amd64/libawt_xawt.so
7f577e005000-7f577e205000 ---p 00054000 08:06 2245068                    /usr/lib/jvm/java-8-openjdk-amd64/jre/lib/amd64/libawt_xawt.so
7f577e205000-7f577e206000 r--p 00054000 08:06 2245068                    /usr/lib/jvm/java-8-openjdk-amd64/jre/lib/amd64/libawt_xawt.so
7f577e206000-7f577e209000 rw-p 00055000 08:06 2245068                    /usr/lib/jvm/java-8-openjdk-amd64/jre/lib/amd64/libawt_xawt.so
7f577e209000-7f577e20a000 rw-p 00000000 00:00 0 
7f577e20a000-7f577e2aa000 r-xp 00000000 08:06 2245042                    /usr/lib/jvm/java-8-openjdk-amd64/jre/lib/amd64/libawt.so
7f577e2aa000-7f577e4aa000 ---p 000a0000 08:06 2245042                    /usr/lib/jvm/java-8-openjdk-amd64/jre/lib/amd64/libawt.so
7f577e4aa000-7f577e4ab000 r--p 000a0000 08:06 2245042                    /usr/lib/jvm/java-8-openjdk-amd64/jre/lib/amd64/libawt.so
7f577e4ab000-7f577e4b6000 rw-p 000a1000 08:06 2245042                    /usr/lib/jvm/java-8-openjdk-amd64/jre/lib/amd64/libawt.so
7f577e4b6000-7f577e4db000 rw-p 00000000 00:00 0 
7f577e4db000-7f577e4dc000 ---p 00000000 00:00 0 
7f577e4dc000-7f577e5dc000 rw-p 00000000 00:00 0 
7f577e5dc000-7f577e5df000 ---p 00000000 00:00 0 
7f577e5df000-7f577e6dd000 rw-p 00000000 00:00 0 
7f577e6dd000-7f577e6e0000 ---p 00000000 00:00 0 
7f577e6e0000-7f577e7de000 rw-p 00000000 00:00 0 
7f577e7de000-7f577e7e1000 ---p 00000000 00:00 0 
7f577e7e1000-7f577e8df000 rw-p 00000000 00:00 0 
7f577e8df000-7f577e8e2000 ---p 00000000 00:00 0 
7f577e8e2000-7f577e9e0000 rw-p 00000000 00:00 0 
7f577e9e0000-7f577f39f000 r--p 00000000 08:06 2236295                    /usr/lib/locale/locale-archive
7f577f39f000-7f577f3a2000 ---p 00000000 00:00 0 
7f577f3a2000-7f5781000000 rw-p 00000000 00:00 0 
7f5781000000-7f5781880000 rwxp 00000000 00:00 0 
7f5781880000-7f5790000000 ---p 00000000 00:00 0 
7f5790000000-7f5790377000 rw-p 00000000 00:00 0 
7f5790377000-7f5794000000 ---p 00000000 00:00 0 
7f5794000000-7f5794001000 r--s 0002f000 08:06 1188886                    /home/ema/workspace/ucsdunfoldingmaps/lib/jogl-all-natives-linux-amd64.jar
7f5794001000-7f5794003000 r--s 00000000 08:06 1188783                    /home/ema/workspace/ucsdunfoldingmaps/lib/gluegen-rt-natives-linux-amd64.jar
7f5794003000-7f5794004000 r--p 00000000 00:00 0 
7f5794004000-7f5794008000 r--s 00097000 08:06 2245107                    /usr/lib/jvm/java-8-openjdk-amd64/jre/lib/jsse.jar
7f5794008000-7f579400e000 r--s 00033000 08:06 1189873                    /home/ema/workspace/ucsdunfoldingmaps/lib/unfolding.0.9.7-uscd.jar
7f579400e000-7f579400f000 r--s 00005000 08:06 1189858                    /home/ema/workspace/ucsdunfoldingmaps/lib/libTUIO.jar
7f579400f000-7f5794010000 r--s 00007000 08:06 1189857                    /home/ema/workspace/ucsdunfoldingmaps/lib/json4processing.jar
7f5794010000-7f5794015000 r--s 00309000 08:06 1189871                    /home/ema/workspace/ucsdunfoldingmaps/lib/sqlite-jdbc-3.7.2.jar
7f5794015000-7f579401c000 r--s 00059000 08:06 1189863                    /home/ema/workspace/ucsdunfoldingmaps/lib/log4j-1.2.15.jar
7f579401c000-7f579403f000 r--s 002ec000 08:06 1189855                    /home/ema/workspace/ucsdunfoldingmaps/lib/jogl-all.jar
7f579403f000-7f5794045000 r--s 00041000 08:06 1188883                    /home/ema/workspace/ucsdunfoldingmaps/lib/gluegen-rt.jar
7f5794045000-7f5794049000 r--s 0009a000 08:06 1188737                    /home/ema/workspace/ucsdunfoldingmaps/lib/core.jar
7f5794049000-7f579404c000 r--s 0000f000 08:06 2245103                    /usr/lib/jvm/java-8-openjdk-amd64/jre/lib/ext/icedtea-sound.jar
7f579404c000-7f579404e000 r--s 00001000 08:06 2245097                    /usr/lib/jvm/java-8-openjdk-amd64/jre/lib/ext/dnsns.jar
7f579404e000-7f579406a000 r--s 00393000 08:06 2245098                    /usr/lib/jvm/java-8-openjdk-amd64/jre/lib/ext/cldrdata.jar
7f579406a000-7f5794085000 r--s 001d7000 08:06 2245096                    /usr/lib/jvm/java-8-openjdk-amd64/jre/lib/ext/nashorn.jar
7f5794085000-7f5794088000 ---p 00000000 00:00 0 
7f5794088000-7f5794186000 rw-p 00000000 00:00 0 
7f5794186000-7f5794187000 ---p 00000000 00:00 0 
7f5794187000-7f5794bfe000 rw-p 00000000 00:00 0 
7f5794bfe000-7f5794dcc000 r--s 03beb000 08:06 2245084                    /usr/lib/jvm/java-8-openjdk-amd64/jre/lib/rt.jar
7f5794dcc000-7f57957f8000 rw-p 00000000 00:00 0 
7f57957f8000-7f57957f9000 ---p 00000000 00:00 0 
7f57957f9000-7f57958f9000 rw-p 00000000 00:00 0 
7f57958f9000-7f57958fa000 ---p 00000000 00:00 0 
7f57958fa000-7f5795a13000 rw-p 00000000 00:00 0 
7f5795a13000-7f5795b1e000 ---p 00000000 00:00 0 
7f5795b1e000-7f5795b37000 rw-p 00000000 00:00 0 
7f5795b37000-7f5795c42000 ---p 00000000 00:00 0 
7f5795c42000-7f5795c76000 rw-p 00000000 00:00 0 
7f5795c76000-7f5795cd4000 ---p 00000000 00:00 0 
7f5795cd4000-7f5795cf7000 rw-p 00000000 00:00 0 
7f5795cf7000-7f5796095000 ---p 00000000 00:00 0 
7f5796095000-7f579609d000 r-xp 00000000 08:06 2245052                    /usr/lib/jvm/java-8-openjdk-amd64/jre/lib/amd64/libzip.so
7f579609d000-7f579629c000 ---p 00008000 08:06 2245052                    /usr/lib/jvm/java-8-openjdk-amd64/jre/lib/amd64/libzip.so
7f579629c000-7f579629d000 r--p 00007000 08:06 2245052                    /usr/lib/jvm/java-8-openjdk-amd64/jre/lib/amd64/libzip.so
7f579629d000-7f579629e000 rw-p 00008000 08:06 2245052                    /usr/lib/jvm/java-8-openjdk-amd64/jre/lib/amd64/libzip.so
7f579629e000-7f57962a9000 r-xp 00000000 08:06 2757750                    /lib/x86_64-linux-gnu/libnss_files-2.23.so
7f57962a9000-7f57964a8000 ---p 0000b000 08:06 2757750                    /lib/x86_64-linux-gnu/libnss_files-2.23.so
7f57964a8000-7f57964a9000 r--p 0000a000 08:06 2757750                    /lib/x86_64-linux-gnu/libnss_files-2.23.so
7f57964a9000-7f57964aa000 rw-p 0000b000 08:06 2757750                    /lib/x86_64-linux-gnu/libnss_files-2.23.so
7f57964aa000-7f57964b0000 rw-p 00000000 00:00 0 
7f57964b0000-7f57964bb000 r-xp 00000000 08:06 2757760                    /lib/x86_64-linux-gnu/libnss_nis-2.23.so
7f57964bb000-7f57966ba000 ---p 0000b000 08:06 2757760                    /lib/x86_64-linux-gnu/libnss_nis-2.23.so
7f57966ba000-7f57966bb000 r--p 0000a000 08:06 2757760                    /lib/x86_64-linux-gnu/libnss_nis-2.23.so
7f57966bb000-7f57966bc000 rw-p 0000b000 08:06 2757760                    /lib/x86_64-linux-gnu/libnss_nis-2.23.so
7f57966bc000-7f57966d2000 r-xp 00000000 08:06 2757744                    /lib/x86_64-linux-gnu/libnsl-2.23.so
7f57966d2000-7f57968d1000 ---p 00016000 08:06 2757744                    /lib/x86_64-linux-gnu/libnsl-2.23.so
7f57968d1000-7f57968d2000 r--p 00015000 08:06 2757744                    /lib/x86_64-linux-gnu/libnsl-2.23.so
7f57968d2000-7f57968d3000 rw-p 00016000 08:06 2757744                    /lib/x86_64-linux-gnu/libnsl-2.23.so
7f57968d3000-7f57968d5000 rw-p 00000000 00:00 0 
7f57968d5000-7f57968dd000 r-xp 00000000 08:06 2757746                    /lib/x86_64-linux-gnu/libnss_compat-2.23.so
7f57968dd000-7f5796adc000 ---p 00008000 08:06 2757746                    /lib/x86_64-linux-gnu/libnss_compat-2.23.so
7f5796adc000-7f5796add000 r--p 00007000 08:06 2757746                    /lib/x86_64-linux-gnu/libnss_compat-2.23.so
7f5796add000-7f5796ade000 rw-p 00008000 08:06 2757746                    /lib/x86_64-linux-gnu/libnss_compat-2.23.so
7f5796ade000-7f5796b0b000 r-xp 00000000 08:06 2242887                    /usr/lib/jvm/java-8-openjdk-amd64/jre/lib/amd64/libjava.so
7f5796b0b000-7f5796d0a000 ---p 0002d000 08:06 2242887                    /usr/lib/jvm/java-8-openjdk-amd64/jre/lib/amd64/libjava.so
7f5796d0a000-7f5796d0b000 r--p 0002c000 08:06 2242887                    /usr/lib/jvm/java-8-openjdk-amd64/jre/lib/amd64/libjava.so
7f5796d0b000-7f5796d0d000 rw-p 0002d000 08:06 2242887                    /usr/lib/jvm/java-8-openjdk-amd64/jre/lib/amd64/libjava.so
7f5796d0d000-7f5796d1c000 r-xp 00000000 08:06 2245038                    /usr/lib/jvm/java-8-openjdk-amd64/jre/lib/amd64/libverify.so
7f5796d1c000-7f5796f1b000 ---p 0000f000 08:06 2245038                    /usr/lib/jvm/java-8-openjdk-amd64/jre/lib/amd64/libverify.so
7f5796f1b000-7f5796f1d000 r--p 0000e000 08:06 2245038                    /usr/lib/jvm/java-8-openjdk-amd64/jre/lib/amd64/libverify.so
7f5796f1d000-7f5796f1e000 rw-p 00010000 08:06 2245038                    /usr/lib/jvm/java-8-openjdk-amd64/jre/lib/amd64/libverify.so
7f5796f1e000-7f5796f25000 r-xp 00000000 08:06 2757805                    /lib/x86_64-linux-gnu/librt-2.23.so
7f5796f25000-7f5797124000 ---p 00007000 08:06 2757805                    /lib/x86_64-linux-gnu/librt-2.23.so
7f5797124000-7f5797125000 r--p 00006000 08:06 2757805                    /lib/x86_64-linux-gnu/librt-2.23.so
7f5797125000-7f5797126000 rw-p 00007000 08:06 2757805                    /lib/x86_64-linux-gnu/librt-2.23.so
7f5797126000-7f579713c000 r-xp 00000000 08:06 2757689                    /lib/x86_64-linux-gnu/libgcc_s.so.1
7f579713c000-7f579733b000 ---p 00016000 08:06 2757689                    /lib/x86_64-linux-gnu/libgcc_s.so.1
7f579733b000-7f579733c000 rw-p 00015000 08:06 2757689                    /lib/x86_64-linux-gnu/libgcc_s.so.1
7f579733c000-7f5797444000 r-xp 00000000 08:06 2757721                    /lib/x86_64-linux-gnu/libm-2.23.so
7f5797444000-7f5797643000 ---p 00108000 08:06 2757721                    /lib/x86_64-linux-gnu/libm-2.23.so
7f5797643000-7f5797644000 r--p 00107000 08:06 2757721                    /lib/x86_64-linux-gnu/libm-2.23.so
7f5797644000-7f5797645000 rw-p 00108000 08:06 2757721                    /lib/x86_64-linux-gnu/libm-2.23.so
7f5797645000-7f57977b7000 r-xp 00000000 08:06 2230402                    /usr/lib/x86_64-linux-gnu/libstdc++.so.6.0.21
7f57977b7000-7f57979b7000 ---p 00172000 08:06 2230402                    /usr/lib/x86_64-linux-gnu/libstdc++.so.6.0.21
7f57979b7000-7f57979c1000 r--p 00172000 08:06 2230402                    /usr/lib/x86_64-linux-gnu/libstdc++.so.6.0.21
7f57979c1000-7f57979c3000 rw-p 0017c000 08:06 2230402                    /usr/lib/x86_64-linux-gnu/libstdc++.so.6.0.21
7f57979c3000-7f57979c7000 rw-p 00000000 00:00 0 
7f57979c7000-7f579860d000 r-xp 00000000 08:06 2245050                    /usr/lib/jvm/java-8-openjdk-amd64/jre/lib/amd64/server/libjvm.so
7f579860d000-7f579880d000 ---p 00c46000 08:06 2245050                    /usr/lib/jvm/java-8-openjdk-amd64/jre/lib/amd64/server/libjvm.so
7f579880d000-7f57988a0000 r--p 00c46000 08:06 2245050                    /usr/lib/jvm/java-8-openjdk-amd64/jre/lib/amd64/server/libjvm.so
7f57988a0000-7f57988c8000 rw-p 00cd9000 08:06 2245050                    /usr/lib/jvm/java-8-openjdk-amd64/jre/lib/amd64/server/libjvm.so
7f57988c8000-7f57988f8000 rw-p 00000000 00:00 0 
7f57988f8000-7f5798910000 r-xp 00000000 08:06 2757797                    /lib/x86_64-linux-gnu/libpthread-2.23.so
7f5798910000-7f5798b0f000 ---p 00018000 08:06 2757797                    /lib/x86_64-linux-gnu/libpthread-2.23.so
7f5798b0f000-7f5798b10000 r--p 00017000 08:06 2757797                    /lib/x86_64-linux-gnu/libpthread-2.23.so
7f5798b10000-7f5798b11000 rw-p 00018000 08:06 2757797                    /lib/x86_64-linux-gnu/libpthread-2.23.so
7f5798b11000-7f5798b15000 rw-p 00000000 00:00 0 
7f5798b15000-7f5798b18000 r-xp 00000000 08:06 2757675                    /lib/x86_64-linux-gnu/libdl-2.23.so
7f5798b18000-7f5798d17000 ---p 00003000 08:06 2757675                    /lib/x86_64-linux-gnu/libdl-2.23.so
7f5798d17000-7f5798d18000 r--p 00002000 08:06 2757675                    /lib/x86_64-linux-gnu/libdl-2.23.so
7f5798d18000-7f5798d19000 rw-p 00003000 08:06 2757675                    /lib/x86_64-linux-gnu/libdl-2.23.so
7f5798d19000-7f5798d32000 r-xp 00000000 08:06 2757842                    /lib/x86_64-linux-gnu/libz.so.1.2.8
7f5798d32000-7f5798f31000 ---p 00019000 08:06 2757842                    /lib/x86_64-linux-gnu/libz.so.1.2.8
7f5798f31000-7f5798f32000 r--p 00018000 08:06 2757842                    /lib/x86_64-linux-gnu/libz.so.1.2.8
7f5798f32000-7f5798f33000 rw-p 00019000 08:06 2757842                    /lib/x86_64-linux-gnu/libz.so.1.2.8
7f5798f33000-7f57990f3000 r-xp 00000000 08:06 2757651                    /lib/x86_64-linux-gnu/libc-2.23.so
7f57990f3000-7f57992f2000 ---p 001c0000 08:06 2757651                    /lib/x86_64-linux-gnu/libc-2.23.so
7f57992f2000-7f57992f6000 r--p 001bf000 08:06 2757651                    /lib/x86_64-linux-gnu/libc-2.23.so
7f57992f6000-7f57992f8000 rw-p 001c3000 08:06 2757651                    /lib/x86_64-linux-gnu/libc-2.23.so
7f57992f8000-7f57992fc000 rw-p 00000000 00:00 0 
7f57992fc000-7f5799309000 r-xp 00000000 08:06 2245066                    /usr/lib/jvm/java-8-openjdk-amd64/jre/lib/amd64/jli/libjli.so
7f5799309000-7f5799509000 ---p 0000d000 08:06 2245066                    /usr/lib/jvm/java-8-openjdk-amd64/jre/lib/amd64/jli/libjli.so
7f5799509000-7f579950a000 r--p 0000d000 08:06 2245066                    /usr/lib/jvm/java-8-openjdk-amd64/jre/lib/amd64/jli/libjli.so
7f579950a000-7f579950b000 rw-p 0000e000 08:06 2245066                    /usr/lib/jvm/java-8-openjdk-amd64/jre/lib/amd64/jli/libjli.so
7f579950b000-7f5799531000 r-xp 00000000 08:06 2757623                    /lib/x86_64-linux-gnu/ld-2.23.so
7f5799531000-7f5799532000 r--s 00010000 08:06 2245101                    /usr/lib/jvm/java-8-openjdk-amd64/jre/lib/ext/zipfs.jar
7f5799532000-7f5799533000 r--s 00008000 08:06 2245099                    /usr/lib/jvm/java-8-openjdk-amd64/jre/lib/ext/sunec.jar
7f5799533000-7f5799538000 r--s 0003b000 08:06 2245102                    /usr/lib/jvm/java-8-openjdk-amd64/jre/lib/ext/sunjce_provider.jar
7f5799538000-7f579960f000 rw-p 00000000 00:00 0 
7f579960f000-7f5799612000 ---p 00000000 00:00 0 
7f5799612000-7f5799715000 rw-p 00000000 00:00 0 
7f5799715000-7f5799716000 r--s 0000a000 08:06 2245100                    /usr/lib/jvm/java-8-openjdk-amd64/jre/lib/ext/jaccess.jar
7f5799716000-7f579971a000 r--s 00037000 08:06 2245105                    /usr/lib/jvm/java-8-openjdk-amd64/jre/lib/ext/sunpkcs11.jar
7f579971a000-7f5799724000 r--s 00116000 08:06 2245104                    /usr/lib/jvm/java-8-openjdk-amd64/jre/lib/ext/localedata.jar
7f5799724000-7f579972c000 rw-s 00000000 08:06 2097177                    /tmp/hsperfdata_ema/11900
7f579972c000-7f579972d000 rw-p 00000000 00:00 0 
7f579972d000-7f579972e000 r--p 00000000 00:00 0 
7f579972e000-7f5799730000 rw-p 00000000 00:00 0 
7f5799730000-7f5799731000 r--p 00025000 08:06 2757623                    /lib/x86_64-linux-gnu/ld-2.23.so
7f5799731000-7f5799732000 rw-p 00026000 08:06 2757623                    /lib/x86_64-linux-gnu/ld-2.23.so
7f5799732000-7f5799733000 rw-p 00000000 00:00 0 
7ffcc31ae000-7ffcc31cf000 rw-p 00000000 00:00 0                          [stack]
7ffcc31f5000-7ffcc31f7000 r--p 00000000 00:00 0                          [vvar]
7ffcc31f7000-7ffcc31f9000 r-xp 00000000 00:00 0                          [vdso]
ffffffffff600000-ffffffffff601000 r-xp 00000000 00:00 0                  [vsyscall]

VM Arguments:
jvm_args: -Djava.security.policy=java.policy.applet -Dfile.encoding=UTF-8 
java_command: sun.applet.AppletViewer module4.EarthquakeCityMap1476531864662.html
java_class_path (initial): /home/ema/workspace/ucsdunfoldingmaps/build:/home/ema/workspace/ucsdunfoldingmaps/lib/core.jar:/home/ema/workspace/ucsdunfoldingmaps/lib/gluegen-rt.jar:/home/ema/workspace/ucsdunfoldingmaps/lib/jogl-all.jar:/home/ema/workspace/ucsdunfoldingmaps/lib/log4j-1.2.15.jar:/home/ema/workspace/ucsdunfoldingmaps/lib/sqlite-jdbc-3.7.2.jar:/home/ema/workspace/ucsdunfoldingmaps/lib/json4processing.jar:/home/ema/workspace/ucsdunfoldingmaps/lib/libTUIO.jar:/home/ema/workspace/ucsdunfoldingmaps/lib/unfolding.0.9.7-uscd.jar
Launcher Type: SUN_STANDARD

Environment Variables:
PATH=/home/ema/bin:/home/ema/.local/bin:/usr/local/sbin:/usr/local/bin:/usr/sbin:/usr/bin:/sbin:/bin:/usr/games:/usr/local/games:/snap/bin
SHELL=/bin/bash
DISPLAY=:0

Signal Handlers:
SIGSEGV: [libjvm.so+0xa5e970], sa_mask[0]=11111111011111111101111111111110, sa_flags=SA_RESTART|SA_SIGINFO
SIGBUS: [libjvm.so+0xa5e970], sa_mask[0]=11111111011111111101111111111110, sa_flags=SA_RESTART|SA_SIGINFO
SIGFPE: [libjvm.so+0x8a9ff0], sa_mask[0]=11111111011111111101111111111110, sa_flags=SA_RESTART|SA_SIGINFO
SIGPIPE: [libjvm.so+0x8a9ff0], sa_mask[0]=11111111011111111101111111111110, sa_flags=SA_RESTART|SA_SIGINFO
SIGXFSZ: [libjvm.so+0x8a9ff0], sa_mask[0]=11111111011111111101111111111110, sa_flags=SA_RESTART|SA_SIGINFO
SIGILL: [libjvm.so+0x8a9ff0], sa_mask[0]=11111111011111111101111111111110, sa_flags=SA_RESTART|SA_SIGINFO
SIGUSR1: SIG_DFL, sa_mask[0]=00000000000000000000000000000000, sa_flags=none
SIGUSR2: [libjvm.so+0x8a9ea0], sa_mask[0]=00100000000000000000000000000000, sa_flags=SA_RESTART|SA_SIGINFO
SIGHUP: [libjvm.so+0x8aa370], sa_mask[0]=11111111011111111101111111111110, sa_flags=SA_RESTART|SA_SIGINFO
SIGINT: [libjvm.so+0x8aa370], sa_mask[0]=11111111011111111101111111111110, sa_flags=SA_RESTART|SA_SIGINFO
SIGTERM: [libjvm.so+0x8aa370], sa_mask[0]=11111111011111111101111111111110, sa_flags=SA_RESTART|SA_SIGINFO
SIGQUIT: [libjvm.so+0x8aa370], sa_mask[0]=11111111011111111101111111111110, sa_flags=SA_RESTART|SA_SIGINFO


---------------  S Y S T E M  ---------------

OS:DISTRIB_ID=Ubuntu
DISTRIB_RELEASE=16.04
DISTRIB_CODENAME=xenial
DISTRIB_DESCRIPTION="Ubuntu 16.04.1 LTS"

uname:Linux 4.4.0-38-generic #57-Ubuntu SMP Tue Sep 6 15:42:33 UTC 2016 x86_64
libc:glibc 2.23 NPTL 2.23 
rlimit: STACK 8192k, CORE 0k, NPROC 13510, NOFILE 65536, AS infinity
load average:1,34 0,65 0,50

/proc/meminfo:
MemTotal:        3582816 kB
MemFree:          260552 kB
MemAvailable:    1155708 kB
Buffers:           84384 kB
Cached:           998988 kB
SwapCached:         1284 kB
Active:          2186536 kB
Inactive:         878396 kB
Active(anon):    1534780 kB
Inactive(anon):   486828 kB
Active(file):     651756 kB
Inactive(file):   391568 kB
Unevictable:          48 kB
Mlocked:              48 kB
SwapTotal:       4095996 kB
SwapFree:        4073020 kB
Dirty:                56 kB
Writeback:             0 kB
AnonPages:       1980556 kB
Mapped:           224124 kB
Shmem:             40048 kB
Slab:             140928 kB
SReclaimable:     103280 kB
SUnreclaim:        37648 kB
KernelStack:        9680 kB
PageTables:        33788 kB
NFS_Unstable:          0 kB
Bounce:                0 kB
WritebackTmp:          0 kB
CommitLimit:     5887404 kB
Committed_AS:    5933732 kB
VmallocTotal:   34359738367 kB
VmallocUsed:           0 kB
VmallocChunk:          0 kB
HardwareCorrupted:     0 kB
AnonHugePages:    868352 kB
CmaTotal:              0 kB
CmaFree:               0 kB
HugePages_Total:       0
HugePages_Free:        0
HugePages_Rsvd:        0
HugePages_Surp:        0
Hugepagesize:       2048 kB
DirectMap4k:      314620 kB
DirectMap2M:     3409920 kB
DirectMap1G:           0 kB


CPU:total 2 (2 cores per cpu, 1 threads per core) family 20 model 2 stepping 0, cmov, cx8, fxsr, mmx, sse, sse2, sse3, ssse3, popcnt, mmxext, lzcnt, sse4a, tsc, tscinvbit, tscinv

/proc/cpuinfo:
processor	: 0
vendor_id	: AuthenticAMD
cpu family	: 20
model		: 2
model name	: AMD E2-1800 APU with Radeon(tm) HD Graphics
stepping	: 0
microcode	: 0x500010d
cpu MHz		: 850.000
cache size	: 512 KB
physical id	: 0
siblings	: 2
core id		: 0
cpu cores	: 2
apicid		: 0
initial apicid	: 0
fpu		: yes
fpu_exception	: yes
cpuid level	: 6
wp		: yes
flags		: fpu vme de pse tsc msr pae mce cx8 apic sep mtrr pge mca cmov pat pse36 clflush mmx fxsr sse sse2 ht syscall nx mmxext fxsr_opt pdpe1gb rdtscp lm constant_tsc rep_good nopl nonstop_tsc extd_apicid aperfmperf pni monitor ssse3 cx16 popcnt lahf_lm cmp_legacy svm extapic cr8_legacy abm sse4a misalignsse 3dnowprefetch ibs skinit wdt hw_pstate vmmcall arat npt lbrv svm_lock nrip_save pausefilter
bugs		: fxsave_leak sysret_ss_attrs
bogomips	: 3393.81
TLB size	: 1024 4K pages
clflush size	: 64
cache_alignment	: 64
address sizes	: 36 bits physical, 48 bits virtual
power management: ts ttp tm stc 100mhzsteps hwpstate

processor	: 1
vendor_id	: AuthenticAMD
cpu family	: 20
model		: 2
model name	: AMD E2-1800 APU with Radeon(tm) HD Graphics
stepping	: 0
microcode	: 0x500010d
cpu MHz		: 1700.000
cache size	: 512 KB
physical id	: 0
siblings	: 2
core id		: 1
cpu cores	: 2
apicid		: 1
initial apicid	: 1
fpu		: yes
fpu_exception	: yes
cpuid level	: 6
wp		: yes
flags		: fpu vme de pse tsc msr pae mce cx8 apic sep mtrr pge mca cmov pat pse36 clflush mmx fxsr sse sse2 ht syscall nx mmxext fxsr_opt pdpe1gb rdtscp lm constant_tsc rep_good nopl nonstop_tsc extd_apicid aperfmperf pni monitor ssse3 cx16 popcnt lahf_lm cmp_legacy svm extapic cr8_legacy abm sse4a misalignsse 3dnowprefetch ibs skinit wdt hw_pstate vmmcall arat npt lbrv svm_lock nrip_save pausefilter
bugs		: fxsave_leak sysret_ss_attrs
bogomips	: 3393.81
TLB size	: 1024 4K pages
clflush size	: 64
cache_alignment	: 64
address sizes	: 36 bits physical, 48 bits virtual
power management: ts ttp tm stc 100mhzsteps hwpstate



Memory: 4k page, physical 3582816k(260552k free), swap 4095996k(4073020k free)

vm_info: OpenJDK 64-Bit Server VM (25.91-b14) for linux-amd64 JRE (1.8.0_91-8u91-b14-3ubuntu1~16.04.1-b14), built on Jul 21 2016 04:13:34 by "buildd" with gcc 5.3.1 20160413

time: Sat Oct 15 13:44:59 2016
elapsed time: 35 seconds (0d 0h 0m 35s)

