#
# A fatal error has been detected by the Java Runtime Environment:
#
#  SIGSEGV (0xb) at pc=0x00007eff9a5294eb, pid=12225, tid=139636549351168
#
# JRE version: OpenJDK Runtime Environment (8.0_91-b14) (build 1.8.0_91-8u91-b14-3ubuntu1~16.04.1-b14)
# Java VM: OpenJDK 64-Bit Server VM (25.91-b14 mixed mode linux-amd64 compressed oops)
# Problematic frame:
# C  [r600_dri.so+0x3254eb]
#
# Failed to write core dump. Core dumps have been disabled. To enable core dumping, try "ulimit -c unlimited" before starting Java again
#
# If you would like to submit a bug report, please visit:
#   http://bugreport.java.com/bugreport/crash.jsp
# The crash happened outside the Java Virtual Machine in native code.
# See problematic frame for where to report the bug.
#

---------------  T H R E A D  ---------------

Current thread (0x00007eff9c003000):  JavaThread "AWT-EventQueue-1" [_thread_in_native, id=12251, stack(0x00007effaadbf000,0x00007effaaec0000)]

siginfo: si_signo: 11 (SIGSEGV), si_code: 1 (SEGV_MAPERR), si_addr: 0x000000000000c030

Registers:
RAX=0x0000000000000000, RBX=0x00007eff9c0cc800, RCX=0x0000000000000000, RDX=0x0000000000000001
RSP=0x00007effaaebd710, RBP=0x000000000000c000, RSI=0x00007eff9c0cd1e0, RDI=0x0000000100000000
R8 =0x0000000000000000, R9 =0x00007effa99c2d50, R10=0x00007effdd7f8047, R11=0x00000000ca3cda38
R12=0x0000000000000001, R13=0x00007effa46072e0, R14=0x0000000000000001, R15=0x0000000000000000
RIP=0x00007eff9a5294eb, EFLAGS=0x0000000000010202, CSGSFS=0x0000000000000033, ERR=0x0000000000000004
  TRAPNO=0x000000000000000e

Top of Stack: (sp=0x00007effaaebd710)
0x00007effaaebd710:   00000000f43f2780 00007eff0000000e
0x00007effaaebd720:   00007effaaebd600 62ebbe7b26146f00
0x00007effaaebd730:   00007effaaebd870 0000000000000000
0x00007effaaebd740:   0000000000000000 00007eff9c0cc6d0
0x00007effaaebd750:   00007effa46072e0 00007effa4603530
0x00007effaaebd760:   0000000000000000 00007effa99c2df8
0x00007effaaebd770:   00007effaaebd7a0 00007effa45bca90
0x00007effaaebd780:   00007eff00000000 0000000000000000
0x00007effaaebd790:   0000000003c00051 00007effa9997b31
0x00007effaaebd7a0:   00007eff9c0cc6d0 62ebbe7b26146f00
0x00007effaaebd7b0:   0000000003c00051 00007effa9997b60
0x00007effaaebd7c0:   00007effaaebd830 0000000000000000
0x00007effaaebd7d0:   00000000ca3a1400 00007effaaebd870
0x00007effaaebd7e0:   00007eff9c003000 00007effa80ca849
0x00007effaaebd7f0:   0000001800000000 00007effa9997b60
0x00007effaaebd800:   0000000003c00051 00007effa4600fc0
0x00007effaaebd810:   00007effaaebd870 00007eff9c0031e0
0x00007effaaebd820:   0000000000000000 00007effa9997b60
0x00007effaaebd830:   00007effaaebd880 00007effdd7f80bd
0x00007effaaebd840:   00007effaaebd870 00007efff3c0d7cb
0x00007effaaebd850:   00007eff9c0031e0 00007effaaebd8f8
0x00007effaaebd860:   00007effaaebd890 00007efff3c25df5
0x00007effaaebd870:   00000000ca16dc88 00007eff9c013220
0x00007effaaebd880:   00007effaaebdad8 00007effdd815794
0x00007effaaebd890:   00007effaaebd8e0 00007effaa4b8e40
0x00007effaaebd8a0:   00007effaaebd8e0 00007effaaebd8f8
0x00007effaaebd8b0:   00007effaaebd8f0 00007eff9c0031e0
0x00007effaaebd8c0:   00007effaaebd8f0 00007eff9c013210
0x00007effaaebd8d0:   00007eff9c013210 00007eff9c013220
0x00007effaaebd8e0:   00007effaaebd930 00007effdd10173c
0x00007effaaebd8f0:   00000000f17877c8 00000000f1787788
0x00007effaaebd900:   00000000f17878a0 00000000f1787890 

Instructions: (pc=0x00007eff9a5294eb)
0x00007eff9a5294cb:   01 c6 44 24 0f 00 0f 84 d9 00 00 00 48 8b b3 30
0x00007eff9a5294db:   01 00 00 48 85 f6 0f 84 c9 00 00 00 83 7b 38 01
0x00007eff9a5294eb:   48 8b 55 30 4c 8b 6a 18 0f 8e 4f 02 00 00 45 85
0x00007eff9a5294fb:   ff 0f 85 46 02 00 00 48 8b 93 68 01 00 00 48 85 

Register to memory mapping:

RAX=0x0000000000000000 is an unknown value
RBX=0x00007eff9c0cc800 is an unknown value
RCX=0x0000000000000000 is an unknown value
RDX=0x0000000000000001 is an unknown value
RSP=0x00007effaaebd710 is pointing into the stack for thread: 0x00007eff9c003000
RBP=0x000000000000c000 is an unknown value
RSI=0x00007eff9c0cd1e0 is an unknown value
RDI=0x0000000100000000 is pointing into metadata
R8 =0x0000000000000000 is an unknown value
R9 =0x00007effa99c2d50: <offset 0x45d50> in /usr/lib/x86_64-linux-gnu/mesa/libGL.so.1 at 0x00007effa997d000
R10=0x00007effdd7f8047 is at entry_point+71 in (nmethod*)0x00007effdd7f7e90
R11=0x00000000ca3cda38 is an oop
jogamp.nativewindow.jawt.x11.X11JAWTWindow 
 - klass: 'jogamp/nativewindow/jawt/x11/X11JAWTWindow'
R12=0x0000000000000001 is an unknown value
R13=0x00007effa46072e0 is an unknown value
R14=0x0000000000000001 is an unknown value
R15=0x0000000000000000 is an unknown value


Stack: [0x00007effaadbf000,0x00007effaaec0000],  sp=0x00007effaaebd710,  free space=1017k
Native frames: (J=compiled Java code, j=interpreted, Vv=VM code, C=native code)
C  [r600_dri.so+0x3254eb]

Java frames: (J=compiled Java code, j=interpreted, Vv=VM code)
J 2739  jogamp.opengl.x11.glx.GLX.dispatch_glXSwapBuffers0(JJJ)V (0 bytes) @ 0x00007effdd7f8047 [0x00007effdd7f8000+0x47]
J 2738 C1 jogamp.opengl.x11.glx.GLX.glXSwapBuffers(JJ)V (45 bytes) @ 0x00007effdd815794 [0x00007effdd814de0+0x9b4]
J 2737 C1 jogamp.opengl.x11.glx.X11GLXDrawable.swapBuffersImpl(Z)V (21 bytes) @ 0x00007effdd810784 [0x00007effdd8104e0+0x2a4]
J 2681 C1 jogamp.opengl.GLDrawableImpl.swapBuffers()V (138 bytes) @ 0x00007effdd4f399c [0x00007effdd4f32e0+0x6bc]
j  javax.media.opengl.awt.GLCanvas$12.run()V+45
J 2586 C1 java.awt.event.InvocationEvent.dispatch()V (69 bytes) @ 0x00007effdd795a4c [0x00007effdd795900+0x14c]
J 2608 C1 java.awt.EventQueue.dispatchEventImpl(Ljava/awt/AWTEvent;Ljava/lang/Object;)V (149 bytes) @ 0x00007effdd7a467c [0x00007effdd7a2b00+0x1b7c]
J 2523 C1 java.awt.EventQueue$3.run()Ljava/lang/Void; (60 bytes) @ 0x00007effdd75ea44 [0x00007effdd75e840+0x204]
J 2522 C1 java.awt.EventQueue$3.run()Ljava/lang/Object; (5 bytes) @ 0x00007effdd75e4cc [0x00007effdd75e440+0x8c]
v  ~StubRoutines::call_stub
J 582  java.security.AccessController.doPrivileged(Ljava/security/PrivilegedAction;Ljava/security/AccessControlContext;)Ljava/lang/Object; (0 bytes) @ 0x00007effdd2746a3 [0x00007effdd274640+0x63]
J 2543 C1 java.awt.EventQueue.dispatchEvent(Ljava/awt/AWTEvent;)V (80 bytes) @ 0x00007effdd76f774 [0x00007effdd76ee00+0x974]
J 2341 C1 java.awt.EventDispatchThread.pumpOneEventForFilters(I)V (295 bytes) @ 0x00007effdd6d89d4 [0x00007effdd6d6e80+0x1b54]
j  java.awt.EventDispatchThread.pumpEventsForFilter(ILjava/awt/Conditional;Ljava/awt/EventFilter;)V+35
j  java.awt.EventDispatchThread.pumpEventsForHierarchy(ILjava/awt/Conditional;Ljava/awt/Component;)V+11
j  java.awt.EventDispatchThread.pumpEvents(ILjava/awt/Conditional;)V+4
j  java.awt.EventDispatchThread.pumpEvents(Ljava/awt/Conditional;)V+3
j  java.awt.EventDispatchThread.run()V+9
v  ~StubRoutines::call_stub

---------------  P R O C E S S  ---------------

Java Threads: ( => current thread )
  0x00007eff9c13a000 JavaThread "Thread-19" [_thread_blocked, id=12391, stack(0x00007eff946f7000,0x00007eff947f8000)]
  0x00007effa41cd800 JavaThread "Animation Thread-SharedResourceRunner" daemon [_thread_blocked, id=12259, stack(0x00007effaaabe000,0x00007effaabbf000)]
=>0x00007eff9c003000 JavaThread "AWT-EventQueue-1" [_thread_in_native, id=12251, stack(0x00007effaadbf000,0x00007effaaec0000)]
  0x00007effec00a000 JavaThread "DestroyJavaVM" [_thread_blocked, id=12227, stack(0x00007efff51e8000,0x00007efff52e9000)]
  0x00007effec32c000 JavaThread "AWT-EventQueue-0" [_thread_blocked, id=12247, stack(0x00007effab8ed000,0x00007effab9ee000)]
  0x00007effec326800 JavaThread "AWT-Shutdown" [_thread_blocked, id=12246, stack(0x00007effabaef000,0x00007effabbf0000)]
  0x00007effec316000 JavaThread "thread applet-module4.EarthquakeCityMap.class" [_thread_blocked, id=12245, stack(0x00007effab9ee000,0x00007effabaef000)]
  0x00007effec307800 JavaThread "AWT-XAWT" daemon [_thread_in_native, id=12243, stack(0x00007effd80a0000,0x00007effd81a1000)]
  0x00007effec2e2000 JavaThread "Java2D Disposer" daemon [_thread_blocked, id=12242, stack(0x00007effd81a1000,0x00007effd82a2000)]
  0x00007effec0b0000 JavaThread "Service Thread" daemon [_thread_blocked, id=12240, stack(0x00007effda1d8000,0x00007effda2d9000)]
  0x00007effec0ad000 JavaThread "C1 CompilerThread1" daemon [_thread_blocked, id=12239, stack(0x00007effda2d9000,0x00007effda3da000)]
  0x00007effec0aa000 JavaThread "C2 CompilerThread0" daemon [_thread_blocked, id=12238, stack(0x00007effda3da000,0x00007effda4db000)]
  0x00007effec0a8000 JavaThread "Signal Dispatcher" daemon [_thread_blocked, id=12237, stack(0x00007effda4db000,0x00007effda5dc000)]
  0x00007effec07f800 JavaThread "Finalizer" daemon [_thread_blocked, id=12236, stack(0x00007effdaf9b000,0x00007effdb09c000)]
  0x00007effec07b000 JavaThread "Reference Handler" daemon [_thread_blocked, id=12235, stack(0x00007effdb09c000,0x00007effdb19d000)]

Other Threads:
  0x00007effec073800 VMThread [stack: 0x00007effdb19d000,0x00007effdb29e000] [id=12234]
  0x00007effec0be800 WatcherThread [stack: 0x00007effda0d7000,0x00007effda1d8000] [id=12241]

VM state:not at safepoint (normal execution)

VM Mutex/Monitor currently owned by a thread: None

Heap:
 PSYoungGen      total 120320K, used 63581K [0x00000000edc00000, 0x00000000f6000000, 0x0000000100000000)
  eden space 112640K, 56% used [0x00000000edc00000,0x00000000f19d7630,0x00000000f4a00000)
  from space 7680K, 3% used [0x00000000f5880000,0x00000000f58c0000,0x00000000f6000000)
  to   space 11264K, 0% used [0x00000000f4a00000,0x00000000f4a00000,0x00000000f5500000)
 ParOldGen       total 45056K, used 17345K [0x00000000c9400000, 0x00000000cc000000, 0x00000000edc00000)
  object space 45056K, 38% used [0x00000000c9400000,0x00000000ca4f0540,0x00000000cc000000)
 Metaspace       used 21372K, capacity 21603K, committed 22016K, reserved 1069056K
  class space    used 1958K, capacity 2023K, committed 2048K, reserved 1048576K

Card table byte_map: [0x00007efff16f7000,0x00007efff18ae000] byte_map_base: 0x00007efff10ad000

Marking Bits: (ParMarkBitMap*) 0x00007efff44b4fc0
 Begin Bits: [0x00007effdb4a0000, 0x00007effdc250000)
 End Bits:   [0x00007effdc250000, 0x00007effdd000000)

Polling page: 0x00007efff5306000

CodeCache: size=245760Kb used=8755Kb max_used=8755Kb free=237004Kb
 bounds [0x00007effdd000000, 0x00007effdd8a0000, 0x00007effec000000]
 total_blobs=3564 nmethods=2589 adapters=890
 compilation: enabled

Compilation events (10 events):
Event: 113,063 Thread 0x00007effec0ad000 2857   !   3       sun.awt.PostEventQueue::flush (168 bytes)
Event: 113,066 Thread 0x00007effec0ad000 nmethod 2857 0x00007effdd897610 code [0x00007effdd897860, 0x00007effdd898988]
Event: 113,829 Thread 0x00007effec0ad000 2859       3       sun.font.XRGlyphCacheEntry::getGlyphID (14 bytes)
Event: 113,830 Thread 0x00007effec0ad000 nmethod 2859 0x00007effdd863d50 code [0x00007effdd863ec0, 0x00007effdd8640c8]
Event: 113,830 Thread 0x00007effec0ad000 2860  s    3       java.awt.KeyboardFocusManager::getCurrentKeyboardFocusManager (32 bytes)
Event: 113,832 Thread 0x00007effec0ad000 nmethod 2860 0x00007effdd86e150 code [0x00007effdd86e300, 0x00007effdd86e8e8]
Event: 113,832 Thread 0x00007effec0ad000 2862       3       java.awt.KeyboardFocusManager::getCurrentKeyboardFocusManager (7 bytes)
Event: 113,834 Thread 0x00007effec0ad000 nmethod 2862 0x00007effdd86d650 code [0x00007effdd86d800, 0x00007effdd86de98]
Event: 113,834 Thread 0x00007effec0ad000 2861       3       sun.java2d.xr.GrowableEltArray::getCharCnt (13 bytes)
Event: 113,835 Thread 0x00007effec0ad000 nmethod 2861 0x00007effdd877ed0 code [0x00007effdd878040, 0x00007effdd878290]

GC Heap History (10 events):
Event: 9,635 GC heap before
{Heap before GC invocations=7 (full 1):
 PSYoungGen      total 69120K, used 2048K [0x00000000edc00000, 0x00000000f2b00000, 0x0000000100000000)
  eden space 58880K, 0% used [0x00000000edc00000,0x00000000edc00000,0x00000000f1580000)
  from space 10240K, 20% used [0x00000000f2000000,0x00000000f2200050,0x00000000f2a00000)
  to   space 10752K, 0% used [0x00000000f1580000,0x00000000f1580000,0x00000000f2000000)
 ParOldGen       total 38400K, used 19539K [0x00000000c9400000, 0x00000000cb980000, 0x00000000edc00000)
  object space 38400K, 50% used [0x00000000c9400000,0x00000000ca714ed0,0x00000000cb980000)
 Metaspace       used 20802K, capacity 21027K, committed 21248K, reserved 1069056K
  class space    used 1952K, capacity 2023K, committed 2048K, reserved 1048576K
Event: 9,792 GC heap after
Heap after GC invocations=7 (full 1):
 PSYoungGen      total 69120K, used 0K [0x00000000edc00000, 0x00000000f2b00000, 0x0000000100000000)
  eden space 58880K, 0% used [0x00000000edc00000,0x00000000edc00000,0x00000000f1580000)
  from space 10240K, 0% used [0x00000000f2000000,0x00000000f2000000,0x00000000f2a00000)
  to   space 10752K, 0% used [0x00000000f1580000,0x00000000f1580000,0x00000000f2000000)
 ParOldGen       total 45056K, used 17329K [0x00000000c9400000, 0x00000000cc000000, 0x00000000edc00000)
  object space 45056K, 38% used [0x00000000c9400000,0x00000000ca4ec540,0x00000000cc000000)
 Metaspace       used 20802K, capacity 21027K, committed 21248K, reserved 1069056K
  class space    used 1952K, capacity 2023K, committed 2048K, reserved 1048576K
}
Event: 24,158 GC heap before
{Heap before GC invocations=8 (full 1):
 PSYoungGen      total 69120K, used 58880K [0x00000000edc00000, 0x00000000f2b00000, 0x0000000100000000)
  eden space 58880K, 100% used [0x00000000edc00000,0x00000000f1580000,0x00000000f1580000)
  from space 10240K, 0% used [0x00000000f2000000,0x00000000f2000000,0x00000000f2a00000)
  to   space 10752K, 0% used [0x00000000f1580000,0x00000000f1580000,0x00000000f2000000)
 ParOldGen       total 45056K, used 17329K [0x00000000c9400000, 0x00000000cc000000, 0x00000000edc00000)
  object space 45056K, 38% used [0x00000000c9400000,0x00000000ca4ec540,0x00000000cc000000)
 Metaspace       used 21357K, capacity 21539K, committed 21760K, reserved 1069056K
  class space    used 1955K, capacity 2023K, committed 2048K, reserved 1048576K
Event: 24,164 GC heap after
Heap after GC invocations=8 (full 1):
 PSYoungGen      total 69632K, used 256K [0x00000000edc00000, 0x00000000f4e80000, 0x0000000100000000)
  eden space 58880K, 0% used [0x00000000edc00000,0x00000000edc00000,0x00000000f1580000)
  from space 10752K, 2% used [0x00000000f1580000,0x00000000f15c0000,0x00000000f2000000)
  to   space 11264K, 0% used [0x00000000f4380000,0x00000000f4380000,0x00000000f4e80000)
 ParOldGen       total 45056K, used 17337K [0x00000000c9400000, 0x00000000cc000000, 0x00000000edc00000)
  object space 45056K, 38% used [0x00000000c9400000,0x00000000ca4ee540,0x00000000cc000000)
 Metaspace       used 21357K, capacity 21539K, committed 21760K, reserved 1069056K
  class space    used 1955K, capacity 2023K, committed 2048K, reserved 1048576K
}
Event: 38,229 GC heap before
{Heap before GC invocations=9 (full 1):
 PSYoungGen      total 69632K, used 59136K [0x00000000edc00000, 0x00000000f4e80000, 0x0000000100000000)
  eden space 58880K, 100% used [0x00000000edc00000,0x00000000f1580000,0x00000000f1580000)
  from space 10752K, 2% used [0x00000000f1580000,0x00000000f15c0000,0x00000000f2000000)
  to   space 11264K, 0% used [0x00000000f4380000,0x00000000f4380000,0x00000000f4e80000)
 ParOldGen       total 45056K, used 17337K [0x00000000c9400000, 0x00000000cc000000, 0x00000000edc00000)
  object space 45056K, 38% used [0x00000000c9400000,0x00000000ca4ee540,0x00000000cc000000)
 Metaspace       used 21357K, capacity 21539K, committed 21760K, reserved 1069056K
  class space    used 1955K, capacity 2023K, committed 2048K, reserved 1048576K
Event: 38,249 GC heap after
Heap after GC invocations=9 (full 1):
 PSYoungGen      total 97792K, used 224K [0x00000000edc00000, 0x00000000f4a80000, 0x0000000100000000)
  eden space 90624K, 0% used [0x00000000edc00000,0x00000000edc00000,0x00000000f3480000)
  from space 7168K, 3% used [0x00000000f4380000,0x00000000f43b8000,0x00000000f4a80000)
  to   space 11264K, 0% used [0x00000000f3480000,0x00000000f3480000,0x00000000f3f80000)
 ParOldGen       total 45056K, used 17345K [0x00000000c9400000, 0x00000000cc000000, 0x00000000edc00000)
  object space 45056K, 38% used [0x00000000c9400000,0x00000000ca4f0540,0x00000000cc000000)
 Metaspace       used 21357K, capacity 21539K, committed 21760K, reserved 1069056K
  class space    used 1955K, capacity 2023K, committed 2048K, reserved 1048576K
}
Event: 61,085 GC heap before
{Heap before GC invocations=10 (full 1):
 PSYoungGen      total 97792K, used 90848K [0x00000000edc00000, 0x00000000f4a80000, 0x0000000100000000)
  eden space 90624K, 100% used [0x00000000edc00000,0x00000000f3480000,0x00000000f3480000)
  from space 7168K, 3% used [0x00000000f4380000,0x00000000f43b8000,0x00000000f4a80000)
  to   space 11264K, 0% used [0x00000000f3480000,0x00000000f3480000,0x00000000f3f80000)
 ParOldGen       total 45056K, used 17345K [0x00000000c9400000, 0x00000000cc000000, 0x00000000edc00000)
  object space 45056K, 38% used [0x00000000c9400000,0x00000000ca4f0540,0x00000000cc000000)
 Metaspace       used 21357K, capacity 21539K, committed 21760K, reserved 1069056K
  class space    used 1955K, capacity 2023K, committed 2048K, reserved 1048576K
Event: 61,090 GC heap after
Heap after GC invocations=10 (full 1):
 PSYoungGen      total 101888K, used 224K [0x00000000edc00000, 0x00000000f6380000, 0x0000000100000000)
  eden space 90624K, 0% used [0x00000000edc00000,0x00000000edc00000,0x00000000f3480000)
  from space 11264K, 1% used [0x00000000f3480000,0x00000000f34b8000,0x00000000f3f80000)
  to   space 11264K, 0% used [0x00000000f5880000,0x00000000f5880000,0x00000000f6380000)
 ParOldGen       total 45056K, used 17345K [0x00000000c9400000, 0x00000000cc000000, 0x00000000edc00000)
  object space 45056K, 38% used [0x00000000c9400000,0x00000000ca4f0540,0x00000000cc000000)
 Metaspace       used 21357K, capacity 21539K, committed 21760K, reserved 1069056K
  class space    used 1955K, capacity 2023K, committed 2048K, reserved 1048576K
}
Event: 92,911 GC heap before
{Heap before GC invocations=11 (full 1):
 PSYoungGen      total 101888K, used 90848K [0x00000000edc00000, 0x00000000f6380000, 0x0000000100000000)
  eden space 90624K, 100% used [0x00000000edc00000,0x00000000f3480000,0x00000000f3480000)
  from space 11264K, 1% used [0x00000000f3480000,0x00000000f34b8000,0x00000000f3f80000)
  to   space 11264K, 0% used [0x00000000f5880000,0x00000000f5880000,0x00000000f6380000)
 ParOldGen       total 45056K, used 17345K [0x00000000c9400000, 0x00000000cc000000, 0x00000000edc00000)
  object space 45056K, 38% used [0x00000000c9400000,0x00000000ca4f0540,0x00000000cc000000)
 Metaspace       used 21358K, capacity 21539K, committed 21760K, reserved 1069056K
  class space    used 1956K, capacity 2023K, committed 2048K, reserved 1048576K
Event: 92,925 GC heap after
Heap after GC invocations=11 (full 1):
 PSYoungGen      total 120320K, used 256K [0x00000000edc00000, 0x00000000f6000000, 0x0000000100000000)
  eden space 112640K, 0% used [0x00000000edc00000,0x00000000edc00000,0x00000000f4a00000)
  from space 7680K, 3% used [0x00000000f5880000,0x00000000f58c0000,0x00000000f6000000)
  to   space 11264K, 0% used [0x00000000f4a00000,0x00000000f4a00000,0x00000000f5500000)
 ParOldGen       total 45056K, used 17345K [0x00000000c9400000, 0x00000000cc000000, 0x00000000edc00000)
  object space 45056K, 38% used [0x00000000c9400000,0x00000000ca4f0540,0x00000000cc000000)
 Metaspace       used 21358K, capacity 21539K, committed 21760K, reserved 1069056K
  class space    used 1956K, capacity 2023K, committed 2048K, reserved 1048576K
}

Deoptimization events (10 events):
Event: 7,788 Thread 0x00007eff9c003000 Uncommon trap: reason=unstable_if action=reinterpret pc=0x00007effdd24e9e0 method=java.lang.CharacterData.of(I)Ljava/lang/CharacterData; @ 4
Event: 7,968 Thread 0x00007eff9c003000 Uncommon trap: reason=class_check action=maybe_recompile pc=0x00007effdd4dc694 method=com.jogamp.common.nio.Buffers.getDirectBufferByteOffset(Ljava/lang/Object;)I @ 42
Event: 7,970 Thread 0x00007eff9c003000 Uncommon trap: reason=class_check action=maybe_recompile pc=0x00007effdd4dc694 method=com.jogamp.common.nio.Buffers.getDirectBufferByteOffset(Ljava/lang/Object;)I @ 42
Event: 112,327 Thread 0x00007eff9c003000 Uncommon trap: reason=unstable_if action=reinterpret pc=0x00007effdd36e550 method=sun.awt.PostEventQueue.flush()V @ 37
Event: 112,328 Thread 0x00007eff9c003000 Uncommon trap: reason=unstable_if action=reinterpret pc=0x00007effdd862700 method=java.awt.EventQueue.isDispatchThreadImpl()Z @ 65
Event: 112,332 Thread 0x00007eff9c003000 Uncommon trap: reason=unstable_if action=reinterpret pc=0x00007effdd1de7d8 method=java.awt.EventQueue.getNextEventPrivate()Ljava/awt/AWTEvent; @ 45
Event: 113,828 Thread 0x00007eff9c003000 Uncommon trap: reason=unstable_if action=reinterpret pc=0x00007effdd200bfc method=java.awt.EventQueue.eventToCacheIndex(Ljava/awt/AWTEvent;)I @ 71
Event: 113,828 Thread 0x00007effec316000 Uncommon trap: reason=unstable_if action=reinterpret pc=0x00007effdd6c7940 method=java.awt.font.FontRenderContext.equals(Ljava/awt/font/FontRenderContext;)Z @ 2
Event: 113,829 Thread 0x00007effec316000 Uncommon trap: reason=unstable_if action=reinterpret pc=0x00007effdd6a05f0 method=java.awt.Font.equals(Ljava/lang/Object;)Z @ 2
Event: 113,829 Thread 0x00007effec316000 Uncommon trap: reason=unstable_if action=reinterpret pc=0x00007effdd662638 method=java.awt.font.FontRenderContext.equals(Ljava/awt/font/FontRenderContext;)Z @ 2

Internal exceptions (10 events):
Event: 4,159 Thread 0x00007eff9c003000 Implicit null exception at 0x00007effdd1d3d35 to 0x00007effdd1d4075
Event: 6,389 Thread 0x00007eff9c003000 Exception <a 'java/lang/reflect/InvocationTargetException'> (0x00000000ee563a30) thrown at [/build/openjdk-8-W1Ghxo/openjdk-8-8u91-b14/src/hotspot/src/share/vm/runtime/reflection.cpp, line 1092]
Event: 6,395 Thread 0x00007eff9c003000 Exception <a 'java/lang/reflect/InvocationTargetException'> (0x00000000ee564420) thrown at [/build/openjdk-8-W1Ghxo/openjdk-8-8u91-b14/src/hotspot/src/share/vm/runtime/reflection.cpp, line 1092]
Event: 7,973 Thread 0x00007eff9c003000 Exception <a 'java/lang/reflect/InvocationTargetException'> (0x00000000eea3fb40) thrown at [/build/openjdk-8-W1Ghxo/openjdk-8-8u91-b14/src/hotspot/src/share/vm/runtime/reflection.cpp, line 1092]
Event: 7,979 Thread 0x00007eff9c003000 Exception <a 'java/lang/reflect/InvocationTargetException'> (0x00000000eea41068) thrown at [/build/openjdk-8-W1Ghxo/openjdk-8-8u91-b14/src/hotspot/src/share/vm/runtime/reflection.cpp, line 1092]
Event: 8,456 Thread 0x00007eff9c003000 Exception <a 'java/lang/reflect/InvocationTargetException'> (0x00000000eeef04f8) thrown at [/build/openjdk-8-W1Ghxo/openjdk-8-8u91-b14/src/hotspot/src/share/vm/runtime/reflection.cpp, line 1092]
Event: 8,464 Thread 0x00007eff9c003000 Exception <a 'java/lang/reflect/InvocationTargetException'> (0x00000000eeef1990) thrown at [/build/openjdk-8-W1Ghxo/openjdk-8-8u91-b14/src/hotspot/src/share/vm/runtime/reflection.cpp, line 1092]
Event: 8,636 Thread 0x00007eff9c003000 Exception <a 'java/lang/reflect/InvocationTargetException'> (0x00000000eef2c8e0) thrown at [/build/openjdk-8-W1Ghxo/openjdk-8-8u91-b14/src/hotspot/src/share/vm/runtime/reflection.cpp, line 1092]
Event: 8,638 Thread 0x00007eff9c003000 Exception <a 'java/lang/reflect/InvocationTargetException'> (0x00000000eef2d078) thrown at [/build/openjdk-8-W1Ghxo/openjdk-8-8u91-b14/src/hotspot/src/share/vm/runtime/reflection.cpp, line 1092]
Event: 9,015 Thread 0x00007eff9c003000 Exception <a 'java/lang/reflect/InvocationTargetException'> (0x00000000ef762478) thrown at [/build/openjdk-8-W1Ghxo/openjdk-8-8u91-b14/src/hotspot/src/share/vm/runtime/reflection.cpp, line 1092]

Events (10 events):
Event: 113,828 Thread 0x00007effec316000 Uncommon trap: trap_request=0xffffff65 fr.pc=0x00007effdd6c7940
Event: 113,828 Thread 0x00007effec316000 DEOPT PACKING pc=0x00007effdd6c7940 sp=0x00007effabaed5a0
Event: 113,829 Thread 0x00007effec316000 DEOPT UNPACKING pc=0x00007effdd004f69 sp=0x00007effabaed4f8 mode 2
Event: 113,829 Thread 0x00007effec316000 Uncommon trap: trap_request=0xffffff65 fr.pc=0x00007effdd6a05f0
Event: 113,829 Thread 0x00007effec316000 DEOPT PACKING pc=0x00007effdd6a05f0 sp=0x00007effabaed450
Event: 113,829 Thread 0x00007effec316000 DEOPT UNPACKING pc=0x00007effdd004f69 sp=0x00007effabaed418 mode 2
Event: 113,829 Thread 0x00007effec316000 Uncommon trap: trap_request=0xffffff65 fr.pc=0x00007effdd662638
Event: 113,829 Thread 0x00007effec316000 DEOPT PACKING pc=0x00007effdd662638 sp=0x00007effabaed450
Event: 113,829 Thread 0x00007effec316000 DEOPT UNPACKING pc=0x00007effdd004f69 sp=0x00007effabaed420 mode 2
Event: 113,842 Thread 0x00007eff9c00e000 Thread exited: 0x00007eff9c00e000


Dynamic libraries:
00400000-00401000 r-xp 00000000 08:06 2233749                            /usr/lib/jvm/java-8-openjdk-amd64/jre/bin/java
00600000-00601000 r--p 00000000 08:06 2233749                            /usr/lib/jvm/java-8-openjdk-amd64/jre/bin/java
00601000-00602000 rw-p 00001000 08:06 2233749                            /usr/lib/jvm/java-8-openjdk-amd64/jre/bin/java
01ee3000-01f45000 rw-p 00000000 00:00 0                                  [heap]
c9400000-cc000000 rw-p 00000000 00:00 0 
cc000000-edc00000 ---p 00000000 00:00 0 
edc00000-f6000000 rw-p 00000000 00:00 0 
f6000000-100000000 ---p 00000000 00:00 0 
100000000-100200000 rw-p 00000000 00:00 0 
100200000-140000000 ---p 00000000 00:00 0 
7eff93f1f000-7eff93f22000 ---p 00000000 00:00 0 
7eff93f22000-7eff94020000 rw-p 00000000 00:00 0 
7eff941f4000-7eff941f7000 ---p 00000000 00:00 0 
7eff941f7000-7eff942f5000 rw-p 00000000 00:00 0 
7eff942f5000-7eff942f8000 ---p 00000000 00:00 0 
7eff942f8000-7eff943f6000 rw-p 00000000 00:00 0 
7eff943f6000-7eff943f9000 ---p 00000000 00:00 0 
7eff943f9000-7eff94677000 rw-p 00000000 00:00 0 
7eff94677000-7eff946f7000 ---p 00000000 00:00 0 
7eff946f7000-7eff946fa000 ---p 00000000 00:00 0 
7eff946fa000-7eff947f8000 rw-p 00000000 00:00 0 
7eff947f8000-7eff947fb000 ---p 00000000 00:00 0 
7eff947fb000-7eff948f9000 rw-p 00000000 00:00 0 
7eff948f9000-7eff948fc000 ---p 00000000 00:00 0 
7eff948fc000-7eff949fa000 rw-p 00000000 00:00 0 
7eff949fa000-7eff949fd000 ---p 00000000 00:00 0 
7eff949fd000-7eff94afb000 rw-p 00000000 00:00 0 
7eff94afb000-7eff94afe000 ---p 00000000 00:00 0 
7eff94afe000-7eff94e49000 rw-p 00000000 00:00 0 
7eff94e4a000-7eff94e55000 r--s 00000000 08:06 926427                     /var/cache/fontconfig/945677eb7aeaf62f1d50efc3fb3ec7d8-le64.cache-6
7eff94e55000-7eff94e5b000 r--s 00000000 08:06 926425                     /var/cache/fontconfig/2cd17615ca594fa2959ae173292e504c-le64.cache-6
7eff94e5b000-7eff94e5c000 r--s 00000000 08:06 926424                     /var/cache/fontconfig/0d8c3b2ac0904cb8a57a757ad11a4a08-le64.cache-6
7eff94e5c000-7eff94e71000 r--s 00000000 08:06 926404                     /var/cache/fontconfig/04aabc0a78ac019cf9454389977116d2-le64.cache-6
7eff94e71000-7eff94e72000 r--s 00000000 08:06 926423                     /var/cache/fontconfig/1ac9eb803944fde146138c791f5cc56a-le64.cache-6
7eff94e72000-7eff94e76000 r--s 00000000 08:06 926422                     /var/cache/fontconfig/385c0604a188198f04d133e54aba7fe7-le64.cache-6
7eff94e76000-7eff94e77000 r--s 00000000 08:06 926421                     /var/cache/fontconfig/dc05db6664285cc2f12bf69c139ae4c3-le64.cache-6
7eff94e77000-7eff94e7a000 r--s 00000000 08:06 926420                     /var/cache/fontconfig/767a8244fc0220cfb567a839d0392e0b-le64.cache-6
7eff94e7a000-7eff94e7b000 r--s 00000000 08:06 926419                     /var/cache/fontconfig/4794a0821666d79190d59a36cb4f44b5-le64.cache-6
7eff950b8000-7eff950be000 rw-s 12becb000 00:06 252                       /dev/dri/card0
7eff950be000-7eff95326000 rw-p 00000000 00:00 0 
7eff95326000-7eff9533d000 r-xp 00000000 08:06 2757803                    /lib/x86_64-linux-gnu/libresolv-2.23.so
7eff9533d000-7eff9553d000 ---p 00017000 08:06 2757803                    /lib/x86_64-linux-gnu/libresolv-2.23.so
7eff9553d000-7eff9553e000 r--p 00017000 08:06 2757803                    /lib/x86_64-linux-gnu/libresolv-2.23.so
7eff9553e000-7eff9553f000 rw-p 00018000 08:06 2757803                    /lib/x86_64-linux-gnu/libresolv-2.23.so
7eff9553f000-7eff95541000 rw-p 00000000 00:00 0 
7eff95541000-7eff95546000 r-xp 00000000 08:06 2757748                    /lib/x86_64-linux-gnu/libnss_dns-2.23.so
7eff95546000-7eff95746000 ---p 00005000 08:06 2757748                    /lib/x86_64-linux-gnu/libnss_dns-2.23.so
7eff95746000-7eff95747000 r--p 00005000 08:06 2757748                    /lib/x86_64-linux-gnu/libnss_dns-2.23.so
7eff95747000-7eff95748000 rw-p 00006000 08:06 2757748                    /lib/x86_64-linux-gnu/libnss_dns-2.23.so
7eff95748000-7eff9574a000 r-xp 00000000 08:06 2757756                    /lib/x86_64-linux-gnu/libnss_mdns4_minimal.so.2
7eff9574a000-7eff95949000 ---p 00002000 08:06 2757756                    /lib/x86_64-linux-gnu/libnss_mdns4_minimal.so.2
7eff95949000-7eff9594a000 r--p 00001000 08:06 2757756                    /lib/x86_64-linux-gnu/libnss_mdns4_minimal.so.2
7eff9594a000-7eff9594b000 rw-p 00002000 08:06 2757756                    /lib/x86_64-linux-gnu/libnss_mdns4_minimal.so.2
7eff9594b000-7eff95b4b000 rw-p 00000000 00:00 0 
7eff95c4b000-7eff95d4b000 rw-s 13772f000 00:06 252                       /dev/dri/card0
7eff95d4b000-7eff95d4d000 r-xp 00000000 08:06 2237699                    /usr/lib/x86_64-linux-gnu/libXinerama.so.1.0.0
7eff95d4d000-7eff95f4c000 ---p 00002000 08:06 2237699                    /usr/lib/x86_64-linux-gnu/libXinerama.so.1.0.0
7eff95f4c000-7eff95f4d000 r--p 00001000 08:06 2237699                    /usr/lib/x86_64-linux-gnu/libXinerama.so.1.0.0
7eff95f4d000-7eff95f4e000 rw-p 00002000 08:06 2237699                    /usr/lib/x86_64-linux-gnu/libXinerama.so.1.0.0
7eff95f4e000-7eff95f85000 r-xp 00000000 08:06 2238861                    /usr/lib/x86_64-linux-gnu/libtxc_dxtn_s2tc.so.0.0.0
7eff95f85000-7eff96184000 ---p 00037000 08:06 2238861                    /usr/lib/x86_64-linux-gnu/libtxc_dxtn_s2tc.so.0.0.0
7eff96184000-7eff96185000 r--p 00036000 08:06 2238861                    /usr/lib/x86_64-linux-gnu/libtxc_dxtn_s2tc.so.0.0.0
7eff96185000-7eff96186000 rw-p 00037000 08:06 2238861                    /usr/lib/x86_64-linux-gnu/libtxc_dxtn_s2tc.so.0.0.0
7eff96186000-7eff96187000 ---p 00000000 00:00 0 
7eff96187000-7eff96987000 rw-p 00000000 00:00 0 
7eff96987000-7eff9699a000 r-xp 00000000 08:06 2757647                    /lib/x86_64-linux-gnu/libbsd.so.0.8.2
7eff9699a000-7eff96b99000 ---p 00013000 08:06 2757647                    /lib/x86_64-linux-gnu/libbsd.so.0.8.2
7eff96b99000-7eff96b9a000 r--p 00012000 08:06 2757647                    /lib/x86_64-linux-gnu/libbsd.so.0.8.2
7eff96b9a000-7eff96b9b000 rw-p 00013000 08:06 2757647                    /lib/x86_64-linux-gnu/libbsd.so.0.8.2
7eff96b9b000-7eff96b9c000 rw-p 00000000 00:00 0 
7eff96b9c000-7eff96bc1000 r-xp 00000000 08:06 2757823                    /lib/x86_64-linux-gnu/libtinfo.so.5.9
7eff96bc1000-7eff96dc0000 ---p 00025000 08:06 2757823                    /lib/x86_64-linux-gnu/libtinfo.so.5.9
7eff96dc0000-7eff96dc4000 r--p 00024000 08:06 2757823                    /lib/x86_64-linux-gnu/libtinfo.so.5.9
7eff96dc4000-7eff96dc5000 rw-p 00028000 08:06 2757823                    /lib/x86_64-linux-gnu/libtinfo.so.5.9
7eff96dc5000-7eff96df6000 r-xp 00000000 08:06 2238011                    /usr/lib/x86_64-linux-gnu/libedit.so.2.0.53
7eff96df6000-7eff96ff6000 ---p 00031000 08:06 2238011                    /usr/lib/x86_64-linux-gnu/libedit.so.2.0.53
7eff96ff6000-7eff96ff8000 r--p 00031000 08:06 2238011                    /usr/lib/x86_64-linux-gnu/libedit.so.2.0.53
7eff96ff8000-7eff96ff9000 rw-p 00033000 08:06 2238011                    /usr/lib/x86_64-linux-gnu/libedit.so.2.0.53
7eff96ff9000-7eff96ffd000 rw-p 00000000 00:00 0 
7eff96ffd000-7eff994ef000 r-xp 00000000 08:06 2230406                    /usr/lib/x86_64-linux-gnu/libLLVM-3.8.so.1
7eff994ef000-7eff996ef000 ---p 024f2000 08:06 2230406                    /usr/lib/x86_64-linux-gnu/libLLVM-3.8.so.1
7eff996ef000-7eff999a4000 r--p 024f2000 08:06 2230406                    /usr/lib/x86_64-linux-gnu/libLLVM-3.8.so.1
7eff999a4000-7eff999a6000 rw-p 027a7000 08:06 2230406                    /usr/lib/x86_64-linux-gnu/libLLVM-3.8.so.1
7eff999a6000-7eff999d0000 rw-p 00000000 00:00 0 
7eff999d0000-7eff999e7000 r-xp 00000000 08:06 2238016                    /usr/lib/x86_64-linux-gnu/libelf-0.165.so
7eff999e7000-7eff99be6000 ---p 00017000 08:06 2238016                    /usr/lib/x86_64-linux-gnu/libelf-0.165.so
7eff99be6000-7eff99be7000 r--p 00016000 08:06 2238016                    /usr/lib/x86_64-linux-gnu/libelf-0.165.so
7eff99be7000-7eff99be8000 rw-p 00017000 08:06 2238016                    /usr/lib/x86_64-linux-gnu/libelf-0.165.so
7eff99be8000-7eff99bef000 r-xp 00000000 08:06 2229660                    /usr/lib/x86_64-linux-gnu/libdrm_amdgpu.so.1.0.0
7eff99bef000-7eff99dee000 ---p 00007000 08:06 2229660                    /usr/lib/x86_64-linux-gnu/libdrm_amdgpu.so.1.0.0
7eff99dee000-7eff99def000 r--p 00006000 08:06 2229660                    /usr/lib/x86_64-linux-gnu/libdrm_amdgpu.so.1.0.0
7eff99def000-7eff99df0000 rw-p 00007000 08:06 2229660                    /usr/lib/x86_64-linux-gnu/libdrm_amdgpu.so.1.0.0
7eff99df0000-7eff99dfb000 r-xp 00000000 08:06 2229666                    /usr/lib/x86_64-linux-gnu/libdrm_radeon.so.1.0.1
7eff99dfb000-7eff99ffa000 ---p 0000b000 08:06 2229666                    /usr/lib/x86_64-linux-gnu/libdrm_radeon.so.1.0.1
7eff99ffa000-7eff99ffb000 r--p 0000a000 08:06 2229666                    /usr/lib/x86_64-linux-gnu/libdrm_radeon.so.1.0.1
7eff99ffb000-7eff99ffc000 rw-p 0000b000 08:06 2229666                    /usr/lib/x86_64-linux-gnu/libdrm_radeon.so.1.0.1
7eff99ffc000-7eff9a003000 r-xp 00000000 08:06 2229664                    /usr/lib/x86_64-linux-gnu/libdrm_nouveau.so.2.0.0
7eff9a003000-7eff9a202000 ---p 00007000 08:06 2229664                    /usr/lib/x86_64-linux-gnu/libdrm_nouveau.so.2.0.0
7eff9a202000-7eff9a203000 r--p 00006000 08:06 2229664                    /usr/lib/x86_64-linux-gnu/libdrm_nouveau.so.2.0.0
7eff9a203000-7eff9a204000 rw-p 00007000 08:06 2229664                    /usr/lib/x86_64-linux-gnu/libdrm_nouveau.so.2.0.0
7eff9a204000-7eff9aacb000 r-xp 00000000 08:06 2493203                    /usr/lib/x86_64-linux-gnu/dri/r600_dri.so
7eff9aacb000-7eff9acca000 ---p 008c7000 08:06 2493203                    /usr/lib/x86_64-linux-gnu/dri/r600_dri.so
7eff9acca000-7eff9ad3e000 r--p 008c6000 08:06 2493203                    /usr/lib/x86_64-linux-gnu/dri/r600_dri.so
7eff9ad3e000-7eff9ad4d000 rw-p 0093a000 08:06 2493203                    /usr/lib/x86_64-linux-gnu/dri/r600_dri.so
7eff9ad4d000-7eff9af43000 rw-p 00000000 00:00 0 
7eff9af43000-7eff9af49000 r-xp 00000000 08:06 2491604                    /usr/lib/x86_64-linux-gnu/mesa-egl/libGLESv2.so.2.0.0
7eff9af49000-7eff9b149000 ---p 00006000 08:06 2491604                    /usr/lib/x86_64-linux-gnu/mesa-egl/libGLESv2.so.2.0.0
7eff9b149000-7eff9b14a000 r--p 00006000 08:06 2491604                    /usr/lib/x86_64-linux-gnu/mesa-egl/libGLESv2.so.2.0.0
7eff9b14a000-7eff9b14b000 rw-p 00007000 08:06 2491604                    /usr/lib/x86_64-linux-gnu/mesa-egl/libGLESv2.so.2.0.0
7eff9b14b000-7eff9b190000 r-xp 00000000 08:06 2097194                    /tmp/jogamp_0000/file_cache/jln5739502406017155950/jln5975934769891007870/libjogl_mobile.so
7eff9b190000-7eff9b390000 ---p 00045000 08:06 2097194                    /tmp/jogamp_0000/file_cache/jln5739502406017155950/jln5975934769891007870/libjogl_mobile.so
7eff9b390000-7eff9b391000 rw-p 00045000 08:06 2097194                    /tmp/jogamp_0000/file_cache/jln5739502406017155950/jln5975934769891007870/libjogl_mobile.so
7eff9b391000-7eff9b398000 r-xp 00000000 08:06 2238059                    /usr/lib/x86_64-linux-gnu/libffi.so.6.0.4
7eff9b398000-7eff9b597000 ---p 00007000 08:06 2238059                    /usr/lib/x86_64-linux-gnu/libffi.so.6.0.4
7eff9b597000-7eff9b598000 r--p 00006000 08:06 2238059                    /usr/lib/x86_64-linux-gnu/libffi.so.6.0.4
7eff9b598000-7eff9b599000 rw-p 00007000 08:06 2238059                    /usr/lib/x86_64-linux-gnu/libffi.so.6.0.4
7eff9b599000-7eff9b5a5000 r-xp 00000000 08:06 2228798                    /usr/lib/x86_64-linux-gnu/libgbm.so.1.0.0
7eff9b5a5000-7eff9b7a5000 ---p 0000c000 08:06 2228798                    /usr/lib/x86_64-linux-gnu/libgbm.so.1.0.0
7eff9b7a5000-7eff9b7a6000 r--p 0000c000 08:06 2228798                    /usr/lib/x86_64-linux-gnu/libgbm.so.1.0.0
7eff9b7a6000-7eff9b7a7000 rw-p 0000d000 08:06 2228798                    /usr/lib/x86_64-linux-gnu/libgbm.so.1.0.0
7eff9b7a7000-7eff9b7b6000 r-xp 00000000 08:06 2238952                    /usr/lib/x86_64-linux-gnu/libwayland-server.so.0.1.0
7eff9b7b6000-7eff9b9b5000 ---p 0000f000 08:06 2238952                    /usr/lib/x86_64-linux-gnu/libwayland-server.so.0.1.0
7eff9b9b5000-7eff9b9b7000 r--p 0000e000 08:06 2238952                    /usr/lib/x86_64-linux-gnu/libwayland-server.so.0.1.0
7eff9b9b7000-7eff9b9b8000 rw-p 00010000 08:06 2238952                    /usr/lib/x86_64-linux-gnu/libwayland-server.so.0.1.0
7eff9b9b8000-7eff9b9c4000 r-xp 00000000 08:06 2238946                    /usr/lib/x86_64-linux-gnu/libwayland-client.so.0.3.0
7eff9b9c4000-7eff9bbc3000 ---p 0000c000 08:06 2238946                    /usr/lib/x86_64-linux-gnu/libwayland-client.so.0.3.0
7eff9bbc3000-7eff9bbc5000 r--p 0000b000 08:06 2238946                    /usr/lib/x86_64-linux-gnu/libwayland-client.so.0.3.0
7eff9bbc5000-7eff9bbc6000 rw-p 0000d000 08:06 2238946                    /usr/lib/x86_64-linux-gnu/libwayland-client.so.0.3.0
7eff9bbc6000-7eff9bbcc000 r-xp 00000000 08:06 2239050                    /usr/lib/x86_64-linux-gnu/libxcb-xfixes.so.0.0.0
7eff9bbcc000-7eff9bdcc000 ---p 00006000 08:06 2239050                    /usr/lib/x86_64-linux-gnu/libxcb-xfixes.so.0.0.0
7eff9bdcc000-7eff9bdcd000 r--p 00006000 08:06 2239050                    /usr/lib/x86_64-linux-gnu/libxcb-xfixes.so.0.0.0
7eff9bdcd000-7eff9bdce000 rw-p 00007000 08:06 2239050                    /usr/lib/x86_64-linux-gnu/libxcb-xfixes.so.0.0.0
7eff9bdce000-7eff9bdfe000 r-xp 00000000 08:06 2493233                    /usr/lib/x86_64-linux-gnu/mesa-egl/libEGL.so.1.0.0
7eff9bdfe000-7eff9bffe000 ---p 00030000 08:06 2493233                    /usr/lib/x86_64-linux-gnu/mesa-egl/libEGL.so.1.0.0
7eff9bffe000-7eff9bfff000 r--p 00030000 08:06 2493233                    /usr/lib/x86_64-linux-gnu/mesa-egl/libEGL.so.1.0.0
7eff9bfff000-7eff9c000000 rw-p 00031000 08:06 2493233                    /usr/lib/x86_64-linux-gnu/mesa-egl/libEGL.so.1.0.0
7eff9c000000-7eff9cbfa000 rw-p 00000000 00:00 0 
7eff9cbfa000-7effa0000000 ---p 00000000 00:00 0 
7effa0000000-7effa0058000 rw-p 00000000 00:00 0 
7effa0058000-7effa4000000 ---p 00000000 00:00 0 
7effa4000000-7effa462a000 rw-p 00000000 00:00 0 
7effa462a000-7effa8000000 ---p 00000000 00:00 0 
7effa8000000-7effa8005000 r--s 00000000 08:06 926418                     /var/cache/fontconfig/8801497958630a81b71ace7c5f9b32a8-le64.cache-6
7effa8005000-7effa8006000 r--s 00000000 08:06 926417                     /var/cache/fontconfig/bab58bb527bb656aaa9f116d68a48d89-le64.cache-6
7effa8006000-7effa800d000 r--s 00000000 08:06 926416                     /var/cache/fontconfig/3047814df9a2f067bd2d96a2b9c36e5a-le64.cache-6
7effa800d000-7effa800e000 r--s 00000000 08:06 926415                     /var/cache/fontconfig/56cf4f4769d0f4abc89a4895d7bd3ae1-le64.cache-6
7effa800e000-7effa800f000 r--s 00000000 08:06 926414                     /var/cache/fontconfig/b9d506c9ac06c20b433354fa67a72993-le64.cache-6
7effa800f000-7effa8015000 r--s 00000000 08:06 926413                     /var/cache/fontconfig/b47c4e1ecd0709278f4910c18777a504-le64.cache-6
7effa8015000-7effa8028000 r--s 00000000 08:06 926412                     /var/cache/fontconfig/d52a8644073d54c13679302ca1180695-le64.cache-6
7effa8028000-7effa8033000 r--s 00000000 08:06 926743                     /var/cache/fontconfig/d589a48862398ed80a3d6066f4f56f4c-le64.cache-6
7effa8033000-7effa803e000 r--s 00000000 08:06 926405                     /var/cache/fontconfig/83bf95040141907cd45bb53cf7c1c148-le64.cache-6
7effa803e000-7effa80e3000 r-xp 00000000 08:06 2097189                    /tmp/jogamp_0000/file_cache/jln5739502406017155950/jln5975934769891007870/libjogl_desktop.so
7effa80e3000-7effa82e3000 ---p 000a5000 08:06 2097189                    /tmp/jogamp_0000/file_cache/jln5739502406017155950/jln5975934769891007870/libjogl_desktop.so
7effa82e3000-7effa82e4000 rw-p 000a5000 08:06 2097189                    /tmp/jogamp_0000/file_cache/jln5739502406017155950/jln5975934769891007870/libjogl_desktop.so
7effa82e4000-7effa82f2000 r-xp 00000000 08:06 2228334                    /usr/lib/x86_64-linux-gnu/libdrm.so.2.4.0
7effa82f2000-7effa84f1000 ---p 0000e000 08:06 2228334                    /usr/lib/x86_64-linux-gnu/libdrm.so.2.4.0
7effa84f1000-7effa84f2000 r--p 0000d000 08:06 2228334                    /usr/lib/x86_64-linux-gnu/libdrm.so.2.4.0
7effa84f2000-7effa84f3000 rw-p 0000e000 08:06 2228334                    /usr/lib/x86_64-linux-gnu/libdrm.so.2.4.0
7effa84f3000-7effa84f7000 r-xp 00000000 08:06 2239022                    /usr/lib/x86_64-linux-gnu/libxcb-dri2.so.0.0.0
7effa84f7000-7effa86f6000 ---p 00004000 08:06 2239022                    /usr/lib/x86_64-linux-gnu/libxcb-dri2.so.0.0.0
7effa86f6000-7effa86f7000 r--p 00003000 08:06 2239022                    /usr/lib/x86_64-linux-gnu/libxcb-dri2.so.0.0.0
7effa86f7000-7effa86f8000 rw-p 00004000 08:06 2239022                    /usr/lib/x86_64-linux-gnu/libxcb-dri2.so.0.0.0
7effa86f8000-7effa870f000 r-xp 00000000 08:06 2239026                    /usr/lib/x86_64-linux-gnu/libxcb-glx.so.0.0.0
7effa870f000-7effa890e000 ---p 00017000 08:06 2239026                    /usr/lib/x86_64-linux-gnu/libxcb-glx.so.0.0.0
7effa890e000-7effa8910000 r--p 00016000 08:06 2239026                    /usr/lib/x86_64-linux-gnu/libxcb-glx.so.0.0.0
7effa8910000-7effa8911000 rw-p 00018000 08:06 2239026                    /usr/lib/x86_64-linux-gnu/libxcb-glx.so.0.0.0
7effa8911000-7effa8912000 r-xp 00000000 08:06 2237670                    /usr/lib/x86_64-linux-gnu/libX11-xcb.so.1.0.0
7effa8912000-7effa8b11000 ---p 00001000 08:06 2237670                    /usr/lib/x86_64-linux-gnu/libX11-xcb.so.1.0.0
7effa8b11000-7effa8b12000 r--p 00000000 08:06 2237670                    /usr/lib/x86_64-linux-gnu/libX11-xcb.so.1.0.0
7effa8b12000-7effa8b13000 rw-p 00001000 08:06 2237670                    /usr/lib/x86_64-linux-gnu/libX11-xcb.so.1.0.0
7effa8b13000-7effa8b15000 r-xp 00000000 08:06 2237685                    /usr/lib/x86_64-linux-gnu/libXdamage.so.1.1.0
7effa8b15000-7effa8d14000 ---p 00002000 08:06 2237685                    /usr/lib/x86_64-linux-gnu/libXdamage.so.1.1.0
7effa8d14000-7effa8d15000 r--p 00001000 08:06 2237685                    /usr/lib/x86_64-linux-gnu/libXdamage.so.1.1.0
7effa8d15000-7effa8d16000 rw-p 00002000 08:06 2237685                    /usr/lib/x86_64-linux-gnu/libXdamage.so.1.1.0
7effa8d16000-7effa8d3f000 r-xp 00000000 08:06 2230410                    /usr/lib/x86_64-linux-gnu/libglapi.so.0.0.0
7effa8d3f000-7effa8f3e000 ---p 00029000 08:06 2230410                    /usr/lib/x86_64-linux-gnu/libglapi.so.0.0.0
7effa8f3e000-7effa8f42000 r--p 00028000 08:06 2230410                    /usr/lib/x86_64-linux-gnu/libglapi.so.0.0.0
7effa8f42000-7effa8f43000 rw-p 0002c000 08:06 2230410                    /usr/lib/x86_64-linux-gnu/libglapi.so.0.0.0
7effa8f43000-7effa8f44000 rw-p 00000000 00:00 0 
7effa8f44000-7effa8f45000 r-xp 00000000 08:06 2239066                    /usr/lib/x86_64-linux-gnu/libxshmfence.so.1.0.0
7effa8f45000-7effa9145000 ---p 00001000 08:06 2239066                    /usr/lib/x86_64-linux-gnu/libxshmfence.so.1.0.0
7effa9145000-7effa9146000 r--p 00001000 08:06 2239066                    /usr/lib/x86_64-linux-gnu/libxshmfence.so.1.0.0
7effa9146000-7effa9147000 rw-p 00002000 08:06 2239066                    /usr/lib/x86_64-linux-gnu/libxshmfence.so.1.0.0
7effa9147000-7effa914c000 r-xp 00000000 08:06 2239046                    /usr/lib/x86_64-linux-gnu/libxcb-sync.so.1.0.0
7effa914c000-7effa934c000 ---p 00005000 08:06 2239046                    /usr/lib/x86_64-linux-gnu/libxcb-sync.so.1.0.0
7effa934c000-7effa934d000 r--p 00005000 08:06 2239046                    /usr/lib/x86_64-linux-gnu/libxcb-sync.so.1.0.0
7effa934d000-7effa934e000 rw-p 00006000 08:06 2239046                    /usr/lib/x86_64-linux-gnu/libxcb-sync.so.1.0.0
7effa934e000-7effa9350000 r-xp 00000000 08:06 2239034                    /usr/lib/x86_64-linux-gnu/libxcb-present.so.0.0.0
7effa9350000-7effa954f000 ---p 00002000 08:06 2239034                    /usr/lib/x86_64-linux-gnu/libxcb-present.so.0.0.0
7effa954f000-7effa9550000 r--p 00001000 08:06 2239034                    /usr/lib/x86_64-linux-gnu/libxcb-present.so.0.0.0
7effa9550000-7effa9551000 rw-p 00002000 08:06 2239034                    /usr/lib/x86_64-linux-gnu/libxcb-present.so.0.0.0
7effa9551000-7effa9553000 r-xp 00000000 08:06 2239024                    /usr/lib/x86_64-linux-gnu/libxcb-dri3.so.0.0.0
7effa9553000-7effa9752000 ---p 00002000 08:06 2239024                    /usr/lib/x86_64-linux-gnu/libxcb-dri3.so.0.0.0
7effa9752000-7effa9753000 r--p 00001000 08:06 2239024                    /usr/lib/x86_64-linux-gnu/libxcb-dri3.so.0.0.0
7effa9753000-7effa9754000 rw-p 00002000 08:06 2239024                    /usr/lib/x86_64-linux-gnu/libxcb-dri3.so.0.0.0
7effa9754000-7effa977a000 r-xp 00000000 08:06 2757682                    /lib/x86_64-linux-gnu/libexpat.so.1.6.0
7effa977a000-7effa997a000 ---p 00026000 08:06 2757682                    /lib/x86_64-linux-gnu/libexpat.so.1.6.0
7effa997a000-7effa997c000 r--p 00026000 08:06 2757682                    /lib/x86_64-linux-gnu/libexpat.so.1.6.0
7effa997c000-7effa997d000 rw-p 00028000 08:06 2757682                    /lib/x86_64-linux-gnu/libexpat.so.1.6.0
7effa997d000-7effa99ea000 r-xp 00000000 08:06 2490943                    /usr/lib/x86_64-linux-gnu/mesa/libGL.so.1.2.0
7effa99ea000-7effa9be9000 ---p 0006d000 08:06 2490943                    /usr/lib/x86_64-linux-gnu/mesa/libGL.so.1.2.0
7effa9be9000-7effa9bec000 r--p 0006c000 08:06 2490943                    /usr/lib/x86_64-linux-gnu/mesa/libGL.so.1.2.0
7effa9bec000-7effa9bed000 rw-p 0006f000 08:06 2490943                    /usr/lib/x86_64-linux-gnu/mesa/libGL.so.1.2.0
7effa9bed000-7effa9dee000 rw-p 00000000 00:00 0 
7effa9dee000-7effa9fee000 rw-p 00000000 00:00 0 
7effa9fee000-7effa9fef000 r--s 00000000 08:06 926411                     /var/cache/fontconfig/551ecf3b0e8b0bca0f25c0944f561853-le64.cache-6
7effa9fef000-7effa9ff0000 r--s 00000000 08:06 926409                     /var/cache/fontconfig/30829fa25452a46451e813d634d7f916-le64.cache-6
7effa9ff0000-7effa9ff1000 r--s 00000000 08:06 926408                     /var/cache/fontconfig/0c9eb80ebd1c36541ebe2852d3bb0c49-le64.cache-6
7effa9ff1000-7effa9ff4000 r--s 00000000 08:06 926406                     /var/cache/fontconfig/75114ca45c98e8a441da0ff356701271-le64.cache-6
7effa9ff4000-7effaa006000 r--s 00000000 08:06 923280                     /var/cache/fontconfig/9b89f8e3dae116d678bbf48e5f21f69b-le64.cache-6
7effaa006000-7effaa009000 r--s 00000000 08:06 923238                     /var/cache/fontconfig/e13b20fdb08344e0e664864cc2ede53d-le64.cache-6
7effaa009000-7effaa00d000 r--s 00000000 08:06 923258                     /var/cache/fontconfig/7ef2298fde41cc6eeb7af42e48b7d293-le64.cache-6
7effaa010000-7effaa02e000 rw-s 135de0000 00:06 252                       /dev/dri/card0
7effaa02e000-7effaa03e000 rw-s 13660e000 00:06 252                       /dev/dri/card0
7effaa043000-7effaa04b000 rw-s 12a900000 00:06 252                       /dev/dri/card0
7effaa069000-7effaa06f000 rw-s 12bcf5000 00:06 252                       /dev/dri/card0
7effaa06f000-7effaa08d000 rw-s 12bcd7000 00:06 252                       /dev/dri/card0
7effaa0ab000-7effaa0b2000 r-xp 00000000 08:06 2097196                    /tmp/jogamp_0000/file_cache/jln5739502406017155950/jln5975934769891007870/libnativewindow_x11.so
7effaa0b2000-7effaa2b1000 ---p 00007000 08:06 2097196                    /tmp/jogamp_0000/file_cache/jln5739502406017155950/jln5975934769891007870/libnativewindow_x11.so
7effaa2b1000-7effaa2b2000 rw-p 00006000 08:06 2097196                    /tmp/jogamp_0000/file_cache/jln5739502406017155950/jln5975934769891007870/libnativewindow_x11.so
7effaa2b2000-7effaa2b7000 r-xp 00000000 08:06 2237725                    /usr/lib/x86_64-linux-gnu/libXxf86vm.so.1.0.0
7effaa2b7000-7effaa4b6000 ---p 00005000 08:06 2237725                    /usr/lib/x86_64-linux-gnu/libXxf86vm.so.1.0.0
7effaa4b6000-7effaa4b7000 r--p 00004000 08:06 2237725                    /usr/lib/x86_64-linux-gnu/libXxf86vm.so.1.0.0
7effaa4b7000-7effaa4b8000 rw-p 00005000 08:06 2237725                    /usr/lib/x86_64-linux-gnu/libXxf86vm.so.1.0.0
7effaa4b8000-7effaa4ba000 r-xp 00000000 08:06 2097195                    /tmp/jogamp_0000/file_cache/jln5739502406017155950/jln5975934769891007870/libnativewindow_awt.so
7effaa4ba000-7effaa6b9000 ---p 00002000 08:06 2097195                    /tmp/jogamp_0000/file_cache/jln5739502406017155950/jln5975934769891007870/libnativewindow_awt.so
7effaa6b9000-7effaa6ba000 rw-p 00001000 08:06 2097195                    /tmp/jogamp_0000/file_cache/jln5739502406017155950/jln5975934769891007870/libnativewindow_awt.so
7effaa6ba000-7effaa6bb000 r-xp 00000000 08:06 2245058                    /usr/lib/jvm/java-8-openjdk-amd64/jre/lib/amd64/libjawt.so
7effaa6bb000-7effaa8ba000 ---p 00001000 08:06 2245058                    /usr/lib/jvm/java-8-openjdk-amd64/jre/lib/amd64/libjawt.so
7effaa8ba000-7effaa8bb000 r--p 00000000 08:06 2245058                    /usr/lib/jvm/java-8-openjdk-amd64/jre/lib/amd64/libjawt.so
7effaa8bb000-7effaa8bc000 rw-p 00001000 08:06 2245058                    /usr/lib/jvm/java-8-openjdk-amd64/jre/lib/amd64/libjawt.so
7effaa8bc000-7effaa8be000 r-xp 00000000 08:06 2097183                    /tmp/jogamp_0000/file_cache/jln5739502406017155950/jln5975934769891007870/libgluegen-rt.so
7effaa8be000-7effaaabd000 ---p 00002000 08:06 2097183                    /tmp/jogamp_0000/file_cache/jln5739502406017155950/jln5975934769891007870/libgluegen-rt.so
7effaaabd000-7effaaabe000 rw-p 00001000 08:06 2097183                    /tmp/jogamp_0000/file_cache/jln5739502406017155950/jln5975934769891007870/libgluegen-rt.so
7effaaabe000-7effaaac1000 ---p 00000000 00:00 0 
7effaaac1000-7effaadbf000 rw-p 00000000 00:00 0 
7effaadbf000-7effaadc2000 ---p 00000000 00:00 0 
7effaadc2000-7effab0c0000 rw-p 00000000 00:00 0 
7effab0c0000-7effab0c3000 ---p 00000000 00:00 0 
7effab0c3000-7effab1c1000 rw-p 00000000 00:00 0 
7effab1c1000-7effab1d2000 r-xp 00000000 08:06 2245069                    /usr/lib/jvm/java-8-openjdk-amd64/jre/lib/amd64/libnio.so
7effab1d2000-7effab3d2000 ---p 00011000 08:06 2245069                    /usr/lib/jvm/java-8-openjdk-amd64/jre/lib/amd64/libnio.so
7effab3d2000-7effab3d3000 r--p 00011000 08:06 2245069                    /usr/lib/jvm/java-8-openjdk-amd64/jre/lib/amd64/libnio.so
7effab3d3000-7effab3d4000 rw-p 00012000 08:06 2245069                    /usr/lib/jvm/java-8-openjdk-amd64/jre/lib/amd64/libnio.so
7effab3d4000-7effab6d5000 rw-p 00000000 00:00 0 
7effab6d5000-7effab6ec000 r-xp 00000000 08:06 2245045                    /usr/lib/jvm/java-8-openjdk-amd64/jre/lib/amd64/libnet.so
7effab6ec000-7effab8eb000 ---p 00017000 08:06 2245045                    /usr/lib/jvm/java-8-openjdk-amd64/jre/lib/amd64/libnet.so
7effab8eb000-7effab8ec000 r--p 00016000 08:06 2245045                    /usr/lib/jvm/java-8-openjdk-amd64/jre/lib/amd64/libnet.so
7effab8ec000-7effab8ed000 rw-p 00017000 08:06 2245045                    /usr/lib/jvm/java-8-openjdk-amd64/jre/lib/amd64/libnet.so
7effab8ed000-7effab8f0000 ---p 00000000 00:00 0 
7effab8f0000-7effab9ee000 rw-p 00000000 00:00 0 
7effab9ee000-7effab9f1000 ---p 00000000 00:00 0 
7effab9f1000-7effabaef000 rw-p 00000000 00:00 0 
7effabaef000-7effabaf2000 ---p 00000000 00:00 0 
7effabaf2000-7effabbf0000 rw-p 00000000 00:00 0 
7effabbf0000-7effabbf5000 r-xp 00000000 08:06 2237691                    /usr/lib/x86_64-linux-gnu/libXfixes.so.3.1.0
7effabbf5000-7effabdf4000 ---p 00005000 08:06 2237691                    /usr/lib/x86_64-linux-gnu/libXfixes.so.3.1.0
7effabdf4000-7effabdf5000 r--p 00004000 08:06 2237691                    /usr/lib/x86_64-linux-gnu/libXfixes.so.3.1.0
7effabdf5000-7effabdf6000 rw-p 00005000 08:06 2237691                    /usr/lib/x86_64-linux-gnu/libXfixes.so.3.1.0
7effabdf6000-7effabdff000 r-xp 00000000 08:06 2237683                    /usr/lib/x86_64-linux-gnu/libXcursor.so.1.0.2
7effabdff000-7effabffe000 ---p 00009000 08:06 2237683                    /usr/lib/x86_64-linux-gnu/libXcursor.so.1.0.2
7effabffe000-7effabfff000 r--p 00008000 08:06 2237683                    /usr/lib/x86_64-linux-gnu/libXcursor.so.1.0.2
7effabfff000-7effac000000 rw-p 00009000 08:06 2237683                    /usr/lib/x86_64-linux-gnu/libXcursor.so.1.0.2
7effac000000-7effac021000 rw-p 00000000 00:00 0 
7effac021000-7effb0000000 ---p 00000000 00:00 0 
7effb0000000-7effb0021000 rw-p 00000000 00:00 0 
7effb0021000-7effb4000000 ---p 00000000 00:00 0 
7effb4000000-7effb47dd000 rw-p 00000000 00:00 0 
7effb47dd000-7effb8000000 ---p 00000000 00:00 0 
7effb8000000-7effb823b000 rw-p 00000000 00:00 0 
7effb823b000-7effbc000000 ---p 00000000 00:00 0 
7effbc000000-7effbc021000 rw-p 00000000 00:00 0 
7effbc021000-7effc0000000 ---p 00000000 00:00 0 
7effc0000000-7effc0fa3000 rw-p 00000000 00:00 0 
7effc0fa3000-7effc4000000 ---p 00000000 00:00 0 
7effc4000000-7effc4021000 rw-p 00000000 00:00 0 
7effc4021000-7effc8000000 ---p 00000000 00:00 0 
7effc8000000-7effc8021000 rw-p 00000000 00:00 0 
7effc8021000-7effcc000000 ---p 00000000 00:00 0 
7effcc000000-7effcc076000 rw-p 00000000 00:00 0 
7effcc076000-7effd0000000 ---p 00000000 00:00 0 
7effd0000000-7effd0080000 rw-p 00000000 00:00 0 
7effd0080000-7effd4000000 ---p 00000000 00:00 0 
7effd4000000-7effd405e000 rw-p 00000000 00:00 0 
7effd405e000-7effd8000000 ---p 00000000 00:00 0 
7effd8015000-7effd801d000 rw-s 135e5c000 00:06 252                       /dev/dri/card0
7effd801d000-7effd801e000 rw-s 12ce0d000 00:06 252                       /dev/dri/card0
7effd8026000-7effd8028000 rw-s 135e04000 00:06 252                       /dev/dri/card0
7effd802b000-7effd802e000 rw-s 135e33000 00:06 252                       /dev/dri/card0
7effd802e000-7effd802f000 rw-s 12ce0c000 00:06 252                       /dev/dri/card0
7effd802f000-7effd8030000 rw-s 12ce0b000 00:06 252                       /dev/dri/card0
7effd803e000-7effd8047000 rw-s 135e2a000 00:06 252                       /dev/dri/card0
7effd8047000-7effd8065000 r-xp 00000000 08:06 2757251                    /lib/x86_64-linux-gnu/libudev.so.1.6.4
7effd8065000-7effd8066000 r--p 0001d000 08:06 2757251                    /lib/x86_64-linux-gnu/libudev.so.1.6.4
7effd8066000-7effd8067000 rw-p 0001e000 08:06 2757251                    /lib/x86_64-linux-gnu/libudev.so.1.6.4
7effd8067000-7effd806a000 ---p 00000000 00:00 0 
7effd806a000-7effd80a0000 rw-p 00000000 00:00 0 
7effd80a0000-7effd80a3000 ---p 00000000 00:00 0 
7effd80a3000-7effd81a1000 rw-p 00000000 00:00 0 
7effd81a1000-7effd81a4000 ---p 00000000 00:00 0 
7effd81a4000-7effd82a2000 rw-p 00000000 00:00 0 
7effd82a2000-7effd82c6000 r-xp 00000000 08:06 2757792                    /lib/x86_64-linux-gnu/libpng12.so.0.54.0
7effd82c6000-7effd84c5000 ---p 00024000 08:06 2757792                    /lib/x86_64-linux-gnu/libpng12.so.0.54.0
7effd84c5000-7effd84c6000 r--p 00023000 08:06 2757792                    /lib/x86_64-linux-gnu/libpng12.so.0.54.0
7effd84c6000-7effd84c7000 rw-p 00024000 08:06 2757792                    /lib/x86_64-linux-gnu/libpng12.so.0.54.0
7effd84c7000-7effd856b000 r-xp 00000000 08:06 2238107                    /usr/lib/x86_64-linux-gnu/libfreetype.so.6.12.1
7effd856b000-7effd876a000 ---p 000a4000 08:06 2238107                    /usr/lib/x86_64-linux-gnu/libfreetype.so.6.12.1
7effd876a000-7effd8770000 r--p 000a3000 08:06 2238107                    /usr/lib/x86_64-linux-gnu/libfreetype.so.6.12.1
7effd8770000-7effd8771000 rw-p 000a9000 08:06 2238107                    /usr/lib/x86_64-linux-gnu/libfreetype.so.6.12.1
7effd8771000-7effd8772000 rw-s 135e07000 00:06 252                       /dev/dri/card0
7effd8778000-7effd8779000 rw-s 12ce0a000 00:06 252                       /dev/dri/card0
7effd8779000-7effd877a000 rw-s 12ce09000 00:06 252                       /dev/dri/card0
7effd877a000-7effd877d000 rw-s 137704000 00:06 252                       /dev/dri/card0
7effd877d000-7effd877f000 rw-s 12ce07000 00:06 252                       /dev/dri/card0
7effd877f000-7effd8780000 rw-s 12c561000 00:06 252                       /dev/dri/card0
7effd8780000-7effd8781000 rw-s 12c560000 00:06 252                       /dev/dri/card0
7effd8781000-7effd8782000 rw-s 12c55f000 00:06 252                       /dev/dri/card0
7effd8783000-7effd8784000 rw-s 12c55e000 00:06 252                       /dev/dri/card0
7effd8786000-7effd8787000 rw-s 132aaf000 00:06 252                       /dev/dri/card0
7effd8787000-7effd8788000 rw-s 135f95000 00:06 252                       /dev/dri/card0
7effd8788000-7effd8789000 rw-s 135f94000 00:06 252                       /dev/dri/card0
7effd8789000-7effd878a000 rwxp 00000000 00:00 0 
7effd878a000-7effd87dc000 r-xp 00000000 08:06 2245043                    /usr/lib/jvm/java-8-openjdk-amd64/jre/lib/amd64/libfontmanager.so
7effd87dc000-7effd89dc000 ---p 00052000 08:06 2245043                    /usr/lib/jvm/java-8-openjdk-amd64/jre/lib/amd64/libfontmanager.so
7effd89dc000-7effd89de000 r--p 00052000 08:06 2245043                    /usr/lib/jvm/java-8-openjdk-amd64/jre/lib/amd64/libfontmanager.so
7effd89de000-7effd89df000 rw-p 00054000 08:06 2245043                    /usr/lib/jvm/java-8-openjdk-amd64/jre/lib/amd64/libfontmanager.so
7effd89df000-7effd89f2000 r--s 00345000 08:06 2245072                    /usr/lib/jvm/java-8-openjdk-amd64/jre/lib/resources.jar
7effd89f2000-7effd8a15000 r--s 002ec000 08:06 1189855                    /home/ema/workspace/ucsdunfoldingmaps/lib/jogl-all.jar
7effd8a15000-7effd8a1a000 r-xp 00000000 08:06 2237687                    /usr/lib/x86_64-linux-gnu/libXdmcp.so.6.0.0
7effd8a1a000-7effd8c19000 ---p 00005000 08:06 2237687                    /usr/lib/x86_64-linux-gnu/libXdmcp.so.6.0.0
7effd8c19000-7effd8c1a000 r--p 00004000 08:06 2237687                    /usr/lib/x86_64-linux-gnu/libXdmcp.so.6.0.0
7effd8c1a000-7effd8c1b000 rw-p 00005000 08:06 2237687                    /usr/lib/x86_64-linux-gnu/libXdmcp.so.6.0.0
7effd8c1b000-7effd8c1d000 r-xp 00000000 08:06 2237676                    /usr/lib/x86_64-linux-gnu/libXau.so.6.0.0
7effd8c1d000-7effd8e1d000 ---p 00002000 08:06 2237676                    /usr/lib/x86_64-linux-gnu/libXau.so.6.0.0
7effd8e1d000-7effd8e1e000 r--p 00002000 08:06 2237676                    /usr/lib/x86_64-linux-gnu/libXau.so.6.0.0
7effd8e1e000-7effd8e1f000 rw-p 00003000 08:06 2237676                    /usr/lib/x86_64-linux-gnu/libXau.so.6.0.0
7effd8e1f000-7effd8e40000 r-xp 00000000 08:06 2239054                    /usr/lib/x86_64-linux-gnu/libxcb.so.1.1.0
7effd8e40000-7effd903f000 ---p 00021000 08:06 2239054                    /usr/lib/x86_64-linux-gnu/libxcb.so.1.1.0
7effd903f000-7effd9040000 r--p 00020000 08:06 2239054                    /usr/lib/x86_64-linux-gnu/libxcb.so.1.1.0
7effd9040000-7effd9041000 rw-p 00021000 08:06 2239054                    /usr/lib/x86_64-linux-gnu/libxcb.so.1.1.0
7effd9041000-7effd9050000 r-xp 00000000 08:06 2237697                    /usr/lib/x86_64-linux-gnu/libXi.so.6.1.0
7effd9050000-7effd924f000 ---p 0000f000 08:06 2237697                    /usr/lib/x86_64-linux-gnu/libXi.so.6.1.0
7effd924f000-7effd9250000 r--p 0000e000 08:06 2237697                    /usr/lib/x86_64-linux-gnu/libXi.so.6.1.0
7effd9250000-7effd9251000 rw-p 0000f000 08:06 2237697                    /usr/lib/x86_64-linux-gnu/libXi.so.6.1.0
7effd9251000-7effd9256000 r-xp 00000000 08:06 2237715                    /usr/lib/x86_64-linux-gnu/libXtst.so.6.1.0
7effd9256000-7effd9455000 ---p 00005000 08:06 2237715                    /usr/lib/x86_64-linux-gnu/libXtst.so.6.1.0
7effd9455000-7effd9456000 r--p 00004000 08:06 2237715                    /usr/lib/x86_64-linux-gnu/libXtst.so.6.1.0
7effd9456000-7effd9457000 rw-p 00005000 08:06 2237715                    /usr/lib/x86_64-linux-gnu/libXtst.so.6.1.0
7effd9457000-7effd9460000 r-xp 00000000 08:06 2237709                    /usr/lib/x86_64-linux-gnu/libXrender.so.1.3.0
7effd9460000-7effd965f000 ---p 00009000 08:06 2237709                    /usr/lib/x86_64-linux-gnu/libXrender.so.1.3.0
7effd965f000-7effd9660000 r--p 00008000 08:06 2237709                    /usr/lib/x86_64-linux-gnu/libXrender.so.1.3.0
7effd9660000-7effd9661000 rw-p 00009000 08:06 2237709                    /usr/lib/x86_64-linux-gnu/libXrender.so.1.3.0
7effd9661000-7effd9796000 r-xp 00000000 08:06 2237672                    /usr/lib/x86_64-linux-gnu/libX11.so.6.3.0
7effd9796000-7effd9996000 ---p 00135000 08:06 2237672                    /usr/lib/x86_64-linux-gnu/libX11.so.6.3.0
7effd9996000-7effd9997000 r--p 00135000 08:06 2237672                    /usr/lib/x86_64-linux-gnu/libX11.so.6.3.0
7effd9997000-7effd999b000 rw-p 00136000 08:06 2237672                    /usr/lib/x86_64-linux-gnu/libX11.so.6.3.0
7effd999b000-7effd99ac000 r-xp 00000000 08:06 2237689                    /usr/lib/x86_64-linux-gnu/libXext.so.6.4.0
7effd99ac000-7effd9bab000 ---p 00011000 08:06 2237689                    /usr/lib/x86_64-linux-gnu/libXext.so.6.4.0
7effd9bab000-7effd9bac000 r--p 00010000 08:06 2237689                    /usr/lib/x86_64-linux-gnu/libXext.so.6.4.0
7effd9bac000-7effd9bad000 rw-p 00011000 08:06 2237689                    /usr/lib/x86_64-linux-gnu/libXext.so.6.4.0
7effd9bad000-7effd9c01000 r-xp 00000000 08:06 2245068                    /usr/lib/jvm/java-8-openjdk-amd64/jre/lib/amd64/libawt_xawt.so
7effd9c01000-7effd9e01000 ---p 00054000 08:06 2245068                    /usr/lib/jvm/java-8-openjdk-amd64/jre/lib/amd64/libawt_xawt.so
7effd9e01000-7effd9e02000 r--p 00054000 08:06 2245068                    /usr/lib/jvm/java-8-openjdk-amd64/jre/lib/amd64/libawt_xawt.so
7effd9e02000-7effd9e05000 rw-p 00055000 08:06 2245068                    /usr/lib/jvm/java-8-openjdk-amd64/jre/lib/amd64/libawt_xawt.so
7effd9e05000-7effd9e06000 rw-p 00000000 00:00 0 
7effd9e06000-7effd9ea6000 r-xp 00000000 08:06 2245042                    /usr/lib/jvm/java-8-openjdk-amd64/jre/lib/amd64/libawt.so
7effd9ea6000-7effda0a6000 ---p 000a0000 08:06 2245042                    /usr/lib/jvm/java-8-openjdk-amd64/jre/lib/amd64/libawt.so
7effda0a6000-7effda0a7000 r--p 000a0000 08:06 2245042                    /usr/lib/jvm/java-8-openjdk-amd64/jre/lib/amd64/libawt.so
7effda0a7000-7effda0b2000 rw-p 000a1000 08:06 2245042                    /usr/lib/jvm/java-8-openjdk-amd64/jre/lib/amd64/libawt.so
7effda0b2000-7effda0d7000 rw-p 00000000 00:00 0 
7effda0d7000-7effda0d8000 ---p 00000000 00:00 0 
7effda0d8000-7effda1d8000 rw-p 00000000 00:00 0 
7effda1d8000-7effda1db000 ---p 00000000 00:00 0 
7effda1db000-7effda2d9000 rw-p 00000000 00:00 0 
7effda2d9000-7effda2dc000 ---p 00000000 00:00 0 
7effda2dc000-7effda3da000 rw-p 00000000 00:00 0 
7effda3da000-7effda3dd000 ---p 00000000 00:00 0 
7effda3dd000-7effda4db000 rw-p 00000000 00:00 0 
7effda4db000-7effda4de000 ---p 00000000 00:00 0 
7effda4de000-7effda5dc000 rw-p 00000000 00:00 0 
7effda5dc000-7effdaf9b000 r--p 00000000 08:06 2236295                    /usr/lib/locale/locale-archive
7effdaf9b000-7effdaf9e000 ---p 00000000 00:00 0 
7effdaf9e000-7effdb09c000 rw-p 00000000 00:00 0 
7effdb09c000-7effdb09f000 ---p 00000000 00:00 0 
7effdb09f000-7effdb19d000 rw-p 00000000 00:00 0 
7effdb19d000-7effdb19e000 ---p 00000000 00:00 0 
7effdb19e000-7effdd000000 rw-p 00000000 00:00 0 
7effdd000000-7effdd8a0000 rwxp 00000000 00:00 0 
7effdd8a0000-7effec000000 ---p 00000000 00:00 0 
7effec000000-7effec346000 rw-p 00000000 00:00 0 
7effec346000-7efff0000000 ---p 00000000 00:00 0 
7efff0000000-7efff0001000 r--s 0002f000 08:06 1188886                    /home/ema/workspace/ucsdunfoldingmaps/lib/jogl-all-natives-linux-amd64.jar
7efff0001000-7efff0003000 r--s 00000000 08:06 1188783                    /home/ema/workspace/ucsdunfoldingmaps/lib/gluegen-rt-natives-linux-amd64.jar
7efff0003000-7efff0004000 r--p 00000000 00:00 0 
7efff0004000-7efff0008000 r--s 00097000 08:06 2245107                    /usr/lib/jvm/java-8-openjdk-amd64/jre/lib/jsse.jar
7efff0008000-7efff000e000 r--s 00033000 08:06 1189873                    /home/ema/workspace/ucsdunfoldingmaps/lib/unfolding.0.9.7-uscd.jar
7efff000e000-7efff000f000 r--s 00005000 08:06 1189858                    /home/ema/workspace/ucsdunfoldingmaps/lib/libTUIO.jar
7efff000f000-7efff0010000 r--s 00007000 08:06 1189857                    /home/ema/workspace/ucsdunfoldingmaps/lib/json4processing.jar
7efff0010000-7efff0015000 r--s 00309000 08:06 1189871                    /home/ema/workspace/ucsdunfoldingmaps/lib/sqlite-jdbc-3.7.2.jar
7efff0015000-7efff001c000 r--s 00059000 08:06 1189863                    /home/ema/workspace/ucsdunfoldingmaps/lib/log4j-1.2.15.jar
7efff001c000-7efff0022000 r--s 00041000 08:06 1188883                    /home/ema/workspace/ucsdunfoldingmaps/lib/gluegen-rt.jar
7efff0022000-7efff0026000 r--s 0009a000 08:06 1188737                    /home/ema/workspace/ucsdunfoldingmaps/lib/core.jar
7efff0026000-7efff0029000 r--s 0000f000 08:06 2245103                    /usr/lib/jvm/java-8-openjdk-amd64/jre/lib/ext/icedtea-sound.jar
7efff0029000-7efff002b000 r--s 00001000 08:06 2245097                    /usr/lib/jvm/java-8-openjdk-amd64/jre/lib/ext/dnsns.jar
7efff002b000-7efff0047000 r--s 00393000 08:06 2245098                    /usr/lib/jvm/java-8-openjdk-amd64/jre/lib/ext/cldrdata.jar
7efff0047000-7efff0062000 r--s 001d7000 08:06 2245096                    /usr/lib/jvm/java-8-openjdk-amd64/jre/lib/ext/nashorn.jar
7efff0062000-7efff07d7000 rw-p 00000000 00:00 0 
7efff07d7000-7efff09a5000 r--s 03beb000 08:06 2245084                    /usr/lib/jvm/java-8-openjdk-amd64/jre/lib/rt.jar
7efff09a5000-7efff13d1000 rw-p 00000000 00:00 0 
7efff13d1000-7efff13d2000 ---p 00000000 00:00 0 
7efff13d2000-7efff14d2000 rw-p 00000000 00:00 0 
7efff14d2000-7efff14d3000 ---p 00000000 00:00 0 
7efff14d3000-7efff15e9000 rw-p 00000000 00:00 0 
7efff15e9000-7efff16f7000 ---p 00000000 00:00 0 
7efff16f7000-7efff170d000 rw-p 00000000 00:00 0 
7efff170d000-7efff181b000 ---p 00000000 00:00 0 
7efff181b000-7efff185d000 rw-p 00000000 00:00 0 
7efff185d000-7efff18ad000 ---p 00000000 00:00 0 
7efff18ad000-7efff18d1000 rw-p 00000000 00:00 0 
7efff18d1000-7efff1c6e000 ---p 00000000 00:00 0 
7efff1c6e000-7efff1c76000 r-xp 00000000 08:06 2245052                    /usr/lib/jvm/java-8-openjdk-amd64/jre/lib/amd64/libzip.so
7efff1c76000-7efff1e75000 ---p 00008000 08:06 2245052                    /usr/lib/jvm/java-8-openjdk-amd64/jre/lib/amd64/libzip.so
7efff1e75000-7efff1e76000 r--p 00007000 08:06 2245052                    /usr/lib/jvm/java-8-openjdk-amd64/jre/lib/amd64/libzip.so
7efff1e76000-7efff1e77000 rw-p 00008000 08:06 2245052                    /usr/lib/jvm/java-8-openjdk-amd64/jre/lib/amd64/libzip.so
7efff1e77000-7efff1e82000 r-xp 00000000 08:06 2757750                    /lib/x86_64-linux-gnu/libnss_files-2.23.so
7efff1e82000-7efff2081000 ---p 0000b000 08:06 2757750                    /lib/x86_64-linux-gnu/libnss_files-2.23.so
7efff2081000-7efff2082000 r--p 0000a000 08:06 2757750                    /lib/x86_64-linux-gnu/libnss_files-2.23.so
7efff2082000-7efff2083000 rw-p 0000b000 08:06 2757750                    /lib/x86_64-linux-gnu/libnss_files-2.23.so
7efff2083000-7efff2089000 rw-p 00000000 00:00 0 
7efff2089000-7efff2094000 r-xp 00000000 08:06 2757760                    /lib/x86_64-linux-gnu/libnss_nis-2.23.so
7efff2094000-7efff2293000 ---p 0000b000 08:06 2757760                    /lib/x86_64-linux-gnu/libnss_nis-2.23.so
7efff2293000-7efff2294000 r--p 0000a000 08:06 2757760                    /lib/x86_64-linux-gnu/libnss_nis-2.23.so
7efff2294000-7efff2295000 rw-p 0000b000 08:06 2757760                    /lib/x86_64-linux-gnu/libnss_nis-2.23.so
7efff2295000-7efff22ab000 r-xp 00000000 08:06 2757744                    /lib/x86_64-linux-gnu/libnsl-2.23.so
7efff22ab000-7efff24aa000 ---p 00016000 08:06 2757744                    /lib/x86_64-linux-gnu/libnsl-2.23.so
7efff24aa000-7efff24ab000 r--p 00015000 08:06 2757744                    /lib/x86_64-linux-gnu/libnsl-2.23.so
7efff24ab000-7efff24ac000 rw-p 00016000 08:06 2757744                    /lib/x86_64-linux-gnu/libnsl-2.23.so
7efff24ac000-7efff24ae000 rw-p 00000000 00:00 0 
7efff24ae000-7efff24b6000 r-xp 00000000 08:06 2757746                    /lib/x86_64-linux-gnu/libnss_compat-2.23.so
7efff24b6000-7efff26b5000 ---p 00008000 08:06 2757746                    /lib/x86_64-linux-gnu/libnss_compat-2.23.so
7efff26b5000-7efff26b6000 r--p 00007000 08:06 2757746                    /lib/x86_64-linux-gnu/libnss_compat-2.23.so
7efff26b6000-7efff26b7000 rw-p 00008000 08:06 2757746                    /lib/x86_64-linux-gnu/libnss_compat-2.23.so
7efff26b7000-7efff26e4000 r-xp 00000000 08:06 2242887                    /usr/lib/jvm/java-8-openjdk-amd64/jre/lib/amd64/libjava.so
7efff26e4000-7efff28e3000 ---p 0002d000 08:06 2242887                    /usr/lib/jvm/java-8-openjdk-amd64/jre/lib/amd64/libjava.so
7efff28e3000-7efff28e4000 r--p 0002c000 08:06 2242887                    /usr/lib/jvm/java-8-openjdk-amd64/jre/lib/amd64/libjava.so
7efff28e4000-7efff28e6000 rw-p 0002d000 08:06 2242887                    /usr/lib/jvm/java-8-openjdk-amd64/jre/lib/amd64/libjava.so
7efff28e6000-7efff28f5000 r-xp 00000000 08:06 2245038                    /usr/lib/jvm/java-8-openjdk-amd64/jre/lib/amd64/libverify.so
7efff28f5000-7efff2af4000 ---p 0000f000 08:06 2245038                    /usr/lib/jvm/java-8-openjdk-amd64/jre/lib/amd64/libverify.so
7efff2af4000-7efff2af6000 r--p 0000e000 08:06 2245038                    /usr/lib/jvm/java-8-openjdk-amd64/jre/lib/amd64/libverify.so
7efff2af6000-7efff2af7000 rw-p 00010000 08:06 2245038                    /usr/lib/jvm/java-8-openjdk-amd64/jre/lib/amd64/libverify.so
7efff2af7000-7efff2afe000 r-xp 00000000 08:06 2757805                    /lib/x86_64-linux-gnu/librt-2.23.so
7efff2afe000-7efff2cfd000 ---p 00007000 08:06 2757805                    /lib/x86_64-linux-gnu/librt-2.23.so
7efff2cfd000-7efff2cfe000 r--p 00006000 08:06 2757805                    /lib/x86_64-linux-gnu/librt-2.23.so
7efff2cfe000-7efff2cff000 rw-p 00007000 08:06 2757805                    /lib/x86_64-linux-gnu/librt-2.23.so
7efff2cff000-7efff2d15000 r-xp 00000000 08:06 2757689                    /lib/x86_64-linux-gnu/libgcc_s.so.1
7efff2d15000-7efff2f14000 ---p 00016000 08:06 2757689                    /lib/x86_64-linux-gnu/libgcc_s.so.1
7efff2f14000-7efff2f15000 rw-p 00015000 08:06 2757689                    /lib/x86_64-linux-gnu/libgcc_s.so.1
7efff2f15000-7efff301d000 r-xp 00000000 08:06 2757721                    /lib/x86_64-linux-gnu/libm-2.23.so
7efff301d000-7efff321c000 ---p 00108000 08:06 2757721                    /lib/x86_64-linux-gnu/libm-2.23.so
7efff321c000-7efff321d000 r--p 00107000 08:06 2757721                    /lib/x86_64-linux-gnu/libm-2.23.so
7efff321d000-7efff321e000 rw-p 00108000 08:06 2757721                    /lib/x86_64-linux-gnu/libm-2.23.so
7efff321e000-7efff3390000 r-xp 00000000 08:06 2230402                    /usr/lib/x86_64-linux-gnu/libstdc++.so.6.0.21
7efff3390000-7efff3590000 ---p 00172000 08:06 2230402                    /usr/lib/x86_64-linux-gnu/libstdc++.so.6.0.21
7efff3590000-7efff359a000 r--p 00172000 08:06 2230402                    /usr/lib/x86_64-linux-gnu/libstdc++.so.6.0.21
7efff359a000-7efff359c000 rw-p 0017c000 08:06 2230402                    /usr/lib/x86_64-linux-gnu/libstdc++.so.6.0.21
7efff359c000-7efff35a0000 rw-p 00000000 00:00 0 
7efff35a0000-7efff41e6000 r-xp 00000000 08:06 2245050                    /usr/lib/jvm/java-8-openjdk-amd64/jre/lib/amd64/server/libjvm.so
7efff41e6000-7efff43e6000 ---p 00c46000 08:06 2245050                    /usr/lib/jvm/java-8-openjdk-amd64/jre/lib/amd64/server/libjvm.so
7efff43e6000-7efff4479000 r--p 00c46000 08:06 2245050                    /usr/lib/jvm/java-8-openjdk-amd64/jre/lib/amd64/server/libjvm.so
7efff4479000-7efff44a1000 rw-p 00cd9000 08:06 2245050                    /usr/lib/jvm/java-8-openjdk-amd64/jre/lib/amd64/server/libjvm.so
7efff44a1000-7efff44d1000 rw-p 00000000 00:00 0 
7efff44d1000-7efff44e9000 r-xp 00000000 08:06 2757797                    /lib/x86_64-linux-gnu/libpthread-2.23.so
7efff44e9000-7efff46e8000 ---p 00018000 08:06 2757797                    /lib/x86_64-linux-gnu/libpthread-2.23.so
7efff46e8000-7efff46e9000 r--p 00017000 08:06 2757797                    /lib/x86_64-linux-gnu/libpthread-2.23.so
7efff46e9000-7efff46ea000 rw-p 00018000 08:06 2757797                    /lib/x86_64-linux-gnu/libpthread-2.23.so
7efff46ea000-7efff46ee000 rw-p 00000000 00:00 0 
7efff46ee000-7efff46f1000 r-xp 00000000 08:06 2757675                    /lib/x86_64-linux-gnu/libdl-2.23.so
7efff46f1000-7efff48f0000 ---p 00003000 08:06 2757675                    /lib/x86_64-linux-gnu/libdl-2.23.so
7efff48f0000-7efff48f1000 r--p 00002000 08:06 2757675                    /lib/x86_64-linux-gnu/libdl-2.23.so
7efff48f1000-7efff48f2000 rw-p 00003000 08:06 2757675                    /lib/x86_64-linux-gnu/libdl-2.23.so
7efff48f2000-7efff490b000 r-xp 00000000 08:06 2757842                    /lib/x86_64-linux-gnu/libz.so.1.2.8
7efff490b000-7efff4b0a000 ---p 00019000 08:06 2757842                    /lib/x86_64-linux-gnu/libz.so.1.2.8
7efff4b0a000-7efff4b0b000 r--p 00018000 08:06 2757842                    /lib/x86_64-linux-gnu/libz.so.1.2.8
7efff4b0b000-7efff4b0c000 rw-p 00019000 08:06 2757842                    /lib/x86_64-linux-gnu/libz.so.1.2.8
7efff4b0c000-7efff4ccc000 r-xp 00000000 08:06 2757651                    /lib/x86_64-linux-gnu/libc-2.23.so
7efff4ccc000-7efff4ecb000 ---p 001c0000 08:06 2757651                    /lib/x86_64-linux-gnu/libc-2.23.so
7efff4ecb000-7efff4ecf000 r--p 001bf000 08:06 2757651                    /lib/x86_64-linux-gnu/libc-2.23.so
7efff4ecf000-7efff4ed1000 rw-p 001c3000 08:06 2757651                    /lib/x86_64-linux-gnu/libc-2.23.so
7efff4ed1000-7efff4ed5000 rw-p 00000000 00:00 0 
7efff4ed5000-7efff4ee2000 r-xp 00000000 08:06 2245066                    /usr/lib/jvm/java-8-openjdk-amd64/jre/lib/amd64/jli/libjli.so
7efff4ee2000-7efff50e2000 ---p 0000d000 08:06 2245066                    /usr/lib/jvm/java-8-openjdk-amd64/jre/lib/amd64/jli/libjli.so
7efff50e2000-7efff50e3000 r--p 0000d000 08:06 2245066                    /usr/lib/jvm/java-8-openjdk-amd64/jre/lib/amd64/jli/libjli.so
7efff50e3000-7efff50e4000 rw-p 0000e000 08:06 2245066                    /usr/lib/jvm/java-8-openjdk-amd64/jre/lib/amd64/jli/libjli.so
7efff50e4000-7efff510a000 r-xp 00000000 08:06 2757623                    /lib/x86_64-linux-gnu/ld-2.23.so
7efff510a000-7efff510b000 r--s 00010000 08:06 2245101                    /usr/lib/jvm/java-8-openjdk-amd64/jre/lib/ext/zipfs.jar
7efff510b000-7efff510c000 r--s 00008000 08:06 2245099                    /usr/lib/jvm/java-8-openjdk-amd64/jre/lib/ext/sunec.jar
7efff510c000-7efff5111000 r--s 0003b000 08:06 2245102                    /usr/lib/jvm/java-8-openjdk-amd64/jre/lib/ext/sunjce_provider.jar
7efff5111000-7efff51e8000 rw-p 00000000 00:00 0 
7efff51e8000-7efff51eb000 ---p 00000000 00:00 0 
7efff51eb000-7efff52ee000 rw-p 00000000 00:00 0 
7efff52ee000-7efff52ef000 r--s 0000a000 08:06 2245100                    /usr/lib/jvm/java-8-openjdk-amd64/jre/lib/ext/jaccess.jar
7efff52ef000-7efff52f3000 r--s 00037000 08:06 2245105                    /usr/lib/jvm/java-8-openjdk-amd64/jre/lib/ext/sunpkcs11.jar
7efff52f3000-7efff52fd000 r--s 00116000 08:06 2245104                    /usr/lib/jvm/java-8-openjdk-amd64/jre/lib/ext/localedata.jar
7efff52fd000-7efff5305000 rw-s 00000000 08:06 2097177                    /tmp/hsperfdata_ema/12225
7efff5305000-7efff5306000 rw-p 00000000 00:00 0 
7efff5306000-7efff5307000 r--p 00000000 00:00 0 
7efff5307000-7efff5309000 rw-p 00000000 00:00 0 
7efff5309000-7efff530a000 r--p 00025000 08:06 2757623                    /lib/x86_64-linux-gnu/ld-2.23.so
7efff530a000-7efff530b000 rw-p 00026000 08:06 2757623                    /lib/x86_64-linux-gnu/ld-2.23.so
7efff530b000-7efff530c000 rw-p 00000000 00:00 0 
7ffd61ee7000-7ffd61f08000 rw-p 00000000 00:00 0                          [stack]
7ffd61f55000-7ffd61f57000 r--p 00000000 00:00 0                          [vvar]
7ffd61f57000-7ffd61f59000 r-xp 00000000 00:00 0                          [vdso]
ffffffffff600000-ffffffffff601000 r-xp 00000000 00:00 0                  [vsyscall]

VM Arguments:
jvm_args: -Djava.security.policy=java.policy.applet -Dfile.encoding=UTF-8 
java_command: sun.applet.AppletViewer module4.EarthquakeCityMap1476532336920.html
java_class_path (initial): /home/ema/workspace/ucsdunfoldingmaps/build:/home/ema/workspace/ucsdunfoldingmaps/lib/core.jar:/home/ema/workspace/ucsdunfoldingmaps/lib/gluegen-rt.jar:/home/ema/workspace/ucsdunfoldingmaps/lib/jogl-all.jar:/home/ema/workspace/ucsdunfoldingmaps/lib/log4j-1.2.15.jar:/home/ema/workspace/ucsdunfoldingmaps/lib/sqlite-jdbc-3.7.2.jar:/home/ema/workspace/ucsdunfoldingmaps/lib/json4processing.jar:/home/ema/workspace/ucsdunfoldingmaps/lib/libTUIO.jar:/home/ema/workspace/ucsdunfoldingmaps/lib/unfolding.0.9.7-uscd.jar
Launcher Type: SUN_STANDARD

Environment Variables:
PATH=/home/ema/bin:/home/ema/.local/bin:/usr/local/sbin:/usr/local/bin:/usr/sbin:/usr/bin:/sbin:/bin:/usr/games:/usr/local/games:/snap/bin
SHELL=/bin/bash
DISPLAY=:0

Signal Handlers:
SIGSEGV: [libjvm.so+0xa5e970], sa_mask[0]=11111111011111111101111111111110, sa_flags=SA_RESTART|SA_SIGINFO
SIGBUS: [libjvm.so+0xa5e970], sa_mask[0]=11111111011111111101111111111110, sa_flags=SA_RESTART|SA_SIGINFO
SIGFPE: [libjvm.so+0x8a9ff0], sa_mask[0]=11111111011111111101111111111110, sa_flags=SA_RESTART|SA_SIGINFO
SIGPIPE: [libjvm.so+0x8a9ff0], sa_mask[0]=11111111011111111101111111111110, sa_flags=SA_RESTART|SA_SIGINFO
SIGXFSZ: [libjvm.so+0x8a9ff0], sa_mask[0]=11111111011111111101111111111110, sa_flags=SA_RESTART|SA_SIGINFO
SIGILL: [libjvm.so+0x8a9ff0], sa_mask[0]=11111111011111111101111111111110, sa_flags=SA_RESTART|SA_SIGINFO
SIGUSR1: SIG_DFL, sa_mask[0]=00000000000000000000000000000000, sa_flags=none
SIGUSR2: [libjvm.so+0x8a9ea0], sa_mask[0]=00100000000000000000000000000000, sa_flags=SA_RESTART|SA_SIGINFO
SIGHUP: [libjvm.so+0x8aa370], sa_mask[0]=11111111011111111101111111111110, sa_flags=SA_RESTART|SA_SIGINFO
SIGINT: [libjvm.so+0x8aa370], sa_mask[0]=11111111011111111101111111111110, sa_flags=SA_RESTART|SA_SIGINFO
SIGTERM: [libjvm.so+0x8aa370], sa_mask[0]=11111111011111111101111111111110, sa_flags=SA_RESTART|SA_SIGINFO
SIGQUIT: [libjvm.so+0x8aa370], sa_mask[0]=11111111011111111101111111111110, sa_flags=SA_RESTART|SA_SIGINFO


---------------  S Y S T E M  ---------------

OS:DISTRIB_ID=Ubuntu
DISTRIB_RELEASE=16.04
DISTRIB_CODENAME=xenial
DISTRIB_DESCRIPTION="Ubuntu 16.04.1 LTS"

uname:Linux 4.4.0-38-generic #57-Ubuntu SMP Tue Sep 6 15:42:33 UTC 2016 x86_64
libc:glibc 2.23 NPTL 2.23 
rlimit: STACK 8192k, CORE 0k, NPROC 13510, NOFILE 65536, AS infinity
load average:2,64 1,35 0,87

/proc/meminfo:
MemTotal:        3582816 kB
MemFree:          328416 kB
MemAvailable:     994436 kB
Buffers:           49024 kB
Cached:           809656 kB
SwapCached:         1112 kB
Active:          1992624 kB
Inactive:         888740 kB
Active(anon):    1582400 kB
Inactive(anon):   480216 kB
Active(file):     410224 kB
Inactive(file):   408524 kB
Unevictable:          48 kB
Mlocked:              48 kB
SwapTotal:       4095996 kB
SwapFree:        4067696 kB
Dirty:               424 kB
Writeback:             0 kB
AnonPages:       2021940 kB
Mapped:           195524 kB
Shmem:             39932 kB
Slab:             134480 kB
SReclaimable:      94156 kB
SUnreclaim:        40324 kB
KernelStack:        9744 kB
PageTables:        33884 kB
NFS_Unstable:          0 kB
Bounce:                0 kB
WritebackTmp:          0 kB
CommitLimit:     5887404 kB
Committed_AS:    5969080 kB
VmallocTotal:   34359738367 kB
VmallocUsed:           0 kB
VmallocChunk:          0 kB
HardwareCorrupted:     0 kB
AnonHugePages:    952320 kB
CmaTotal:              0 kB
CmaFree:               0 kB
HugePages_Total:       0
HugePages_Free:        0
HugePages_Rsvd:        0
HugePages_Surp:        0
Hugepagesize:       2048 kB
DirectMap4k:      402684 kB
DirectMap2M:     3321856 kB
DirectMap1G:           0 kB


CPU:total 2 (2 cores per cpu, 1 threads per core) family 20 model 2 stepping 0, cmov, cx8, fxsr, mmx, sse, sse2, sse3, ssse3, popcnt, mmxext, lzcnt, sse4a, tsc, tscinvbit, tscinv

/proc/cpuinfo:
processor	: 0
vendor_id	: AuthenticAMD
cpu family	: 20
model		: 2
model name	: AMD E2-1800 APU with Radeon(tm) HD Graphics
stepping	: 0
microcode	: 0x500010d
cpu MHz		: 1360.000
cache size	: 512 KB
physical id	: 0
siblings	: 2
core id		: 0
cpu cores	: 2
apicid		: 0
initial apicid	: 0
fpu		: yes
fpu_exception	: yes
cpuid level	: 6
wp		: yes
flags		: fpu vme de pse tsc msr pae mce cx8 apic sep mtrr pge mca cmov pat pse36 clflush mmx fxsr sse sse2 ht syscall nx mmxext fxsr_opt pdpe1gb rdtscp lm constant_tsc rep_good nopl nonstop_tsc extd_apicid aperfmperf pni monitor ssse3 cx16 popcnt lahf_lm cmp_legacy svm extapic cr8_legacy abm sse4a misalignsse 3dnowprefetch ibs skinit wdt hw_pstate vmmcall arat npt lbrv svm_lock nrip_save pausefilter
bugs		: fxsave_leak sysret_ss_attrs
bogomips	: 3393.81
TLB size	: 1024 4K pages
clflush size	: 64
cache_alignment	: 64
address sizes	: 36 bits physical, 48 bits virtual
power management: ts ttp tm stc 100mhzsteps hwpstate

processor	: 1
vendor_id	: AuthenticAMD
cpu family	: 20
model		: 2
model name	: AMD E2-1800 APU with Radeon(tm) HD Graphics
stepping	: 0
microcode	: 0x500010d
cpu MHz		: 1700.000
cache size	: 512 KB
physical id	: 0
siblings	: 2
core id		: 1
cpu cores	: 2
apicid		: 1
initial apicid	: 1
fpu		: yes
fpu_exception	: yes
cpuid level	: 6
wp		: yes
flags		: fpu vme de pse tsc msr pae mce cx8 apic sep mtrr pge mca cmov pat pse36 clflush mmx fxsr sse sse2 ht syscall nx mmxext fxsr_opt pdpe1gb rdtscp lm constant_tsc rep_good nopl nonstop_tsc extd_apicid aperfmperf pni monitor ssse3 cx16 popcnt lahf_lm cmp_legacy svm extapic cr8_legacy abm sse4a misalignsse 3dnowprefetch ibs skinit wdt hw_pstate vmmcall arat npt lbrv svm_lock nrip_save pausefilter
bugs		: fxsave_leak sysret_ss_attrs
bogomips	: 3393.81
TLB size	: 1024 4K pages
clflush size	: 64
cache_alignment	: 64
address sizes	: 36 bits physical, 48 bits virtual
power management: ts ttp tm stc 100mhzsteps hwpstate



Memory: 4k page, physical 3582816k(328416k free), swap 4095996k(4067696k free)

vm_info: OpenJDK 64-Bit Server VM (25.91-b14) for linux-amd64 JRE (1.8.0_91-8u91-b14-3ubuntu1~16.04.1-b14), built on Jul 21 2016 04:13:34 by "buildd" with gcc 5.3.1 20160413

time: Sat Oct 15 13:54:10 2016
elapsed time: 113 seconds (0d 0h 1m 53s)

