#
# A fatal error has been detected by the Java Runtime Environment:
#
#  SIGSEGV (0xb) at pc=0x00007f26c7e3f987, pid=18504, tid=0x00007f2720cee700
#
# JRE version: Java(TM) SE Runtime Environment (8.0_92-b14) (build 1.8.0_92-b14)
# Java VM: Java HotSpot(TM) 64-Bit Server VM (25.92-b14 mixed mode linux-amd64 compressed oops)
# Problematic frame:
# C  [nouveau_dri.so+0x29e987]
#
# Failed to write core dump. Core dumps have been disabled. To enable core dumping, try "ulimit -c unlimited" before starting Java again
#
# If you would like to submit a bug report, please visit:
#   http://bugreport.java.com/bugreport/crash.jsp
# The crash happened outside the Java Virtual Machine in native code.
# See problematic frame for where to report the bug.
#

---------------  T H R E A D  ---------------

Current thread (0x00007f26e8008800):  JavaThread "AWT-EventQueue-1" [_thread_in_native, id=18537, stack(0x00007f2720bee000,0x00007f2720cef000)]

siginfo: si_signo: 11 (SIGSEGV), si_code: 1 (SEGV_MAPERR), si_addr: 0x000000000000c030

Registers:
RAX=0x0000000000000000, RBX=0x00007f26d40b5ec0, RCX=0x0000000000000000, RDX=0x0000000000000001
RSP=0x00007f2720cec620, RBP=0x000000000000c000, RSI=0x00007f26d40b6770, RDI=0x0000000100000000
R8 =0x0000000000000000, R9 =0x00007f26cb39fc60, R10=0x00007f26c9aac811, R11=0x00000000a3551c68
R12=0x0000000000000001, R13=0x00007f26d8139e00, R14=0x0000000000000000, R15=0x0000000000000001
RIP=0x00007f26c7e3f987, EFLAGS=0x0000000000010202, CSGSFS=0x0000000000000033, ERR=0x0000000000000004
  TRAPNO=0x000000000000000e

Top of Stack: (sp=0x00007f2720cec620)
0x00007f2720cec620:   00000000588dcbb0 00007f270000000e
0x00007f2720cec630:   00007f2720cec4c0 8cfc8d30cacfbd00
0x00007f2720cec640:   00007f2720cec7b0 00007f26d40b5d90
0x00007f2720cec650:   0000000000000000 00007f26d813a2b0
0x00007f2720cec660:   00007f26d8139e00 00007f26d813a460
0x00007f2720cec670:   0000000000000000 00007f26cb39fd02
0x00007f2720cec680:   00007f2720cec6b0 00007f2600000000
0x00007f2720cec690:   0000000000000000 0000000000000000
0x00007f2720cec6a0:   0000000003e0004d 00007f26cb371bf1
0x00007f2720cec6b0:   00007f26d40b5d90 8cfc8d30cacfbd00
0x00007f2720cec6c0:   0000000003e0004d 00007f26cb371c20
0x00007f2720cec6d0:   00007f2720cec740 0000000000000000
0x00007f2720cec6e0:   00000000a39f6580 00007f2720cec780
0x00007f2720cec6f0:   00007f26e8008800 00007f26c9aac849
0x00007f2720cec700:   0000001800000000 00007f26cb371c20
0x00007f2720cec710:   0000000003e0004d 00007f26d813d200
0x00007f2720cec720:   00007f2720cec780 00007f26e80089f8
0x00007f2720cec730:   0000000000000000 00007f26cb371c20
0x00007f2720cec740:   00007f2720cec790 00007f27418315c5
0x00007f2720cec750:   000000000162a07f 00007f26e80089f8
0x00007f2720cec760:   00007f2720cec808 00000000a39f6580
0x00007f2720cec770:   00007f2720cec7a0 00007f275806a112
0x00007f2720cec780:   00000000a2e388d0 00000000a3551c68
0x00007f2720cec790:   00007f2720cec9e8 00007f274183b414
0x00007f2720cec7a0:   00007f2720cec7f0 00007f26cbdfee40
0x00007f2720cec7b0:   00007f2720cec7f0 00007f2720cec808
0x00007f2720cec7c0:   00007f2720cec800 00007f26e80089f8
0x00007f2720cec7d0:   00007f2720cec800 00007f26d480af20
0x00007f2720cec7e0:   00007f26d480af20 00000000a3551c68
0x00007f2720cec7f0:   00007f2720cec840 00007f2741808444
0x00007f2720cec800:   00000000e16192c0 00000000e1619280
0x00007f2720cec810:   00000000e1619398 00000000e1619388 

Instructions: (pc=0x00007f26c7e3f987)
0x00007f26c7e3f967:   00 41 f6 c4 01 c6 44 24 0f 00 0f 84 c9 00 00 00
0x00007f26c7e3f977:   48 8b b3 30 01 00 00 48 85 f6 0f 84 b9 00 00 00
0x00007f26c7e3f987:   48 8b 55 30 45 85 f6 4c 8b 6a 18 0f 85 40 02 00
0x00007f26c7e3f997:   00 83 7b 38 01 0f 8e 36 02 00 00 48 8b 93 68 01 

Register to memory mapping:

RAX=0x0000000000000000 is an unknown value
RBX=0x00007f26d40b5ec0 is an unknown value
RCX=0x0000000000000000 is an unknown value
RDX=0x0000000000000001 is an unknown value
RSP=0x00007f2720cec620 is pointing into the stack for thread: 0x00007f26e8008800
RBP=0x000000000000c000 is an unknown value
RSI=0x00007f26d40b6770 is an unknown value
RDI=0x0000000100000000 is pointing into metadata
R8 =0x0000000000000000 is an unknown value
R9 =0x00007f26cb39fc60: <offset 0x4ac60> in /usr/lib/x86_64-linux-gnu/mesa/libGL.so.1 at 0x00007f26cb355000
R10=0x00007f26c9aac811: Java_jogamp_opengl_x11_glx_GLX_dispatch_1glXSwapBuffers0__JJJ+0 in /tmp/jogamp_0000/file_cache/jln5884371844674874773/jln6699736529884867080/libjogl_desktop.so at 0x00007f26c9a20000
R11=0x00000000a3551c68 is an oop
jogamp.nativewindow.jawt.x11.X11JAWTWindow 
 - klass: 'jogamp/nativewindow/jawt/x11/X11JAWTWindow'
R12=0x0000000000000001 is an unknown value
R13=0x00007f26d8139e00 is an unknown value
R14=0x0000000000000000 is an unknown value
R15=0x0000000000000001 is an unknown value


Stack: [0x00007f2720bee000,0x00007f2720cef000],  sp=0x00007f2720cec620,  free space=1017k
Native frames: (J=compiled Java code, j=interpreted, Vv=VM code, C=native code)
C  [nouveau_dri.so+0x29e987]

Java frames: (J=compiled Java code, j=interpreted, Vv=VM code)
J 2292  jogamp.opengl.x11.glx.GLX.dispatch_glXSwapBuffers0(JJJ)V (0 bytes) @ 0x00007f2741831547 [0x00007f2741831500+0x47]
J 2291 C1 jogamp.opengl.x11.glx.GLX.glXSwapBuffers(JJ)V (45 bytes) @ 0x00007f274183b414 [0x00007f274183aa60+0x9b4]
J 2290 C1 jogamp.opengl.x11.glx.X11GLXDrawable.swapBuffersImpl(Z)V (21 bytes) @ 0x00007f274183a5c4 [0x00007f274183a320+0x2a4]
J 2289 C1 jogamp.opengl.GLDrawableImpl.swapBuffers()V (138 bytes) @ 0x00007f2741838f5c [0x00007f27418388a0+0x6bc]
j  javax.media.opengl.awt.GLCanvas$12.run()V+45
J 1989 C1 java.awt.event.InvocationEvent.dispatch()V (69 bytes) @ 0x00007f274173c60c [0x00007f274173c4c0+0x14c]
J 2118 C1 java.awt.EventQueue.dispatchEventImpl(Ljava/awt/AWTEvent;Ljava/lang/Object;)V (149 bytes) @ 0x00007f27417a95bc [0x00007f27417a7a40+0x1b7c]
J 2116 C1 java.awt.EventQueue$3.run()Ljava/lang/Void; (60 bytes) @ 0x00007f27417972c4 [0x00007f27417970c0+0x204]
j  java.awt.EventQueue$3.run()Ljava/lang/Object;+1
v  ~StubRoutines::call_stub
J 470  java.security.AccessController.doPrivileged(Ljava/security/PrivilegedAction;Ljava/security/AccessControlContext;)Ljava/lang/Object; (0 bytes) @ 0x00007f2741215363 [0x00007f2741215300+0x63]
J 2828 C2 java.awt.EventQueue.dispatchEvent(Ljava/awt/AWTEvent;)V (80 bytes) @ 0x00007f274131e7b4 [0x00007f274131e440+0x374]
j  java.awt.EventDispatchThread.pumpOneEventForFilters(I)V+245
j  java.awt.EventDispatchThread.pumpEventsForFilter(ILjava/awt/Conditional;Ljava/awt/EventFilter;)V+35
j  java.awt.EventDispatchThread.pumpEventsForHierarchy(ILjava/awt/Conditional;Ljava/awt/Component;)V+11
j  java.awt.EventDispatchThread.pumpEvents(ILjava/awt/Conditional;)V+4
j  java.awt.EventDispatchThread.pumpEvents(Ljava/awt/Conditional;)V+3
j  java.awt.EventDispatchThread.run()V+9
v  ~StubRoutines::call_stub

---------------  P R O C E S S  ---------------

Java Threads: ( => current thread )
  0x00007f26d4478800 JavaThread "Thread-119" [_thread_blocked, id=18687, stack(0x00007f2720068000,0x00007f2720169000)]
  0x00007f26d8125000 JavaThread "Animation Thread-SharedResourceRunner" daemon [_thread_blocked, id=18550, stack(0x00007f27205ec000,0x00007f27206ed000)]
=>0x00007f26e8008800 JavaThread "AWT-EventQueue-1" [_thread_in_native, id=18537, stack(0x00007f2720bee000,0x00007f2720cef000)]
  0x00007f275000a000 JavaThread "DestroyJavaVM" [_thread_blocked, id=18510, stack(0x00007f2759467000,0x00007f2759568000)]
  0x00007f275028e000 JavaThread "AWT-EventQueue-0" [_thread_blocked, id=18535, stack(0x00007f2721698000,0x00007f2721799000)]
  0x00007f2750289800 JavaThread "AWT-Shutdown" [_thread_blocked, id=18534, stack(0x00007f2721799000,0x00007f272189a000)]
  0x00007f2750276000 JavaThread "thread applet-module3.EarthquakeCityMap.class" [_thread_blocked, id=18533, stack(0x00007f272189a000,0x00007f272199b000)]
  0x00007f2750269000 JavaThread "AWT-XAWT" daemon [_thread_in_native, id=18531, stack(0x00007f272199b000,0x00007f2721a9c000)]
  0x00007f2750243800 JavaThread "Java2D Disposer" daemon [_thread_blocked, id=18530, stack(0x00007f2721eac000,0x00007f2721fad000)]
  0x00007f27500cc000 JavaThread "Service Thread" daemon [_thread_blocked, id=18527, stack(0x00007f2723bfc000,0x00007f2723cfd000)]
  0x00007f27500c9000 JavaThread "C1 CompilerThread3" daemon [_thread_blocked, id=18526, stack(0x00007f2723cfd000,0x00007f2723dfe000)]
  0x00007f27500c6800 JavaThread "C2 CompilerThread2" daemon [_thread_blocked, id=18525, stack(0x00007f2723dfe000,0x00007f2723eff000)]
  0x00007f27500c5000 JavaThread "C2 CompilerThread1" daemon [_thread_blocked, id=18524, stack(0x00007f2723eff000,0x00007f2724000000)]
  0x00007f27500c2000 JavaThread "C2 CompilerThread0" daemon [_thread_blocked, id=18523, stack(0x00007f2728083000,0x00007f2728184000)]
  0x00007f27500c0800 JavaThread "Signal Dispatcher" daemon [_thread_blocked, id=18522, stack(0x00007f2728184000,0x00007f2728285000)]
  0x00007f275008d000 JavaThread "Finalizer" daemon [_thread_blocked, id=18521, stack(0x00007f2728968000,0x00007f2728a69000)]
  0x00007f2750088000 JavaThread "Reference Handler" daemon [_thread_blocked, id=18520, stack(0x00007f2728a69000,0x00007f2728b6a000)]

Other Threads:
  0x00007f2750080800 VMThread [stack: 0x00007f2728b6a000,0x00007f2728c6b000] [id=18519]
  0x00007f27500cf000 WatcherThread [stack: 0x00007f2723afb000,0x00007f2723bfc000] [id=18528]

VM state:not at safepoint (normal execution)

VM Mutex/Monitor currently owned by a thread: None

Heap:
 PSYoungGen      total 19456K, used 7412K [0x00000000e0f80000, 0x00000000e5300000, 0x0000000100000000)
  eden space 18944K, 38% used [0x00000000e0f80000,0x00000000e1695068,0x00000000e2200000)
  from space 512K, 31% used [0x00000000e2200000,0x00000000e2228000,0x00000000e2280000)
  to   space 25088K, 0% used [0x00000000e3a80000,0x00000000e3a80000,0x00000000e5300000)
 ParOldGen       total 74240K, used 41089K [0x00000000a2e00000, 0x00000000a7680000, 0x00000000e0f80000)
  object space 74240K, 55% used [0x00000000a2e00000,0x00000000a5620550,0x00000000a7680000)
 Metaspace       used 21220K, capacity 21503K, committed 21888K, reserved 1069056K
  class space    used 1962K, capacity 2057K, committed 2176K, reserved 1048576K

Card table byte_map: [0x00007f2755f3b000,0x00007f2756225000] byte_map_base: 0x00007f2755a24000

Marking Bits: (ParMarkBitMap*) 0x00007f27589404c0
 Begin Bits: [0x00007f2729170000, 0x00007f272a8b8000)
 End Bits:   [0x00007f272a8b8000, 0x00007f272c000000)

Polling page: 0x00007f275958f000

CodeCache: size=245760Kb used=8652Kb max_used=8971Kb free=237107Kb
 bounds [0x00007f2741000000, 0x00007f27418e0000, 0x00007f2750000000]
 total_blobs=3373 nmethods=2408 adapters=879
 compilation: enabled

Compilation events (10 events):
Event: 74,490 Thread 0x00007f27500c2000 2836   !   4       java.awt.EventDispatchThread::pumpOneEventForFilters (295 bytes)
Event: 74,490 Thread 0x00007f27500c5000 2837   !   4       java.awt.EventQueue::getNextEvent (84 bytes)
Event: 74,543 Thread 0x00007f27500c5000 nmethod 2837 0x00007f274140f710 code [0x00007f274140fae0, 0x00007f27414116c0]
Event: 74,589 Thread 0x00007f27500c2000 nmethod 2836 0x00007f2741421010 code [0x00007f2741421540, 0x00007f27414242b8]
Event: 74,890 Thread 0x00007f27500c6800 2838   !   4       sun.awt.X11.XToolkit::windowToXWindow (27 bytes)
Event: 74,896 Thread 0x00007f27500c6800 nmethod 2838 0x00007f27416567d0 code [0x00007f2741656960, 0x00007f2741656eb8]
Event: 75,549 Thread 0x00007f27500c9000 2839       3       sun.java2d.xr.GrowableEltArray::getCharCnt (13 bytes)
Event: 75,549 Thread 0x00007f27500c9000 nmethod 2839 0x00007f2741577b50 code [0x00007f2741577cc0, 0x00007f2741577f10]
Event: 75,550 Thread 0x00007f27500c9000 2840       3       sun.font.XRGlyphCacheEntry::getXAdvance (16 bytes)
Event: 75,550 Thread 0x00007f27500c9000 nmethod 2840 0x00007f27411debd0 code [0x00007f27411ded40, 0x00007f27411deeb0]

GC Heap History (10 events):
Event: 49,823 GC heap before
{Heap before GC invocations=19 (full 1):
 PSYoungGen      total 27136K, used 26656K [0x00000000e0f80000, 0x00000000e5400000, 0x0000000100000000)
  eden space 18944K, 100% used [0x00000000e0f80000,0x00000000e2200000,0x00000000e2200000)
  from space 8192K, 94% used [0x00000000e2200000,0x00000000e29881d0,0x00000000e2a00000)
  to   space 25600K, 0% used [0x00000000e3b00000,0x00000000e3b00000,0x00000000e5400000)
 ParOldGen       total 49664K, used 35037K [0x00000000a2e00000, 0x00000000a5e80000, 0x00000000e0f80000)
  object space 49664K, 70% used [0x00000000a2e00000,0x00000000a5037720,0x00000000a5e80000)
 Metaspace       used 21202K, capacity 21503K, committed 21888K, reserved 1069056K
  class space    used 1960K, capacity 2057K, committed 2176K, reserved 1048576K
Event: 49,828 GC heap after
Heap after GC invocations=19 (full 1):
 PSYoungGen      total 44544K, used 1216K [0x00000000e0f80000, 0x00000000e5400000, 0x0000000100000000)
  eden space 18944K, 0% used [0x00000000e0f80000,0x00000000e0f80000,0x00000000e2200000)
  from space 25600K, 4% used [0x00000000e3b00000,0x00000000e3c30040,0x00000000e5400000)
  to   space 25600K, 0% used [0x00000000e2200000,0x00000000e2200000,0x00000000e3b00000)
 ParOldGen       total 49664K, used 41486K [0x00000000a2e00000, 0x00000000a5e80000, 0x00000000e0f80000)
  object space 49664K, 83% used [0x00000000a2e00000,0x00000000a56838b0,0x00000000a5e80000)
 Metaspace       used 21202K, capacity 21503K, committed 21888K, reserved 1069056K
  class space    used 1960K, capacity 2057K, committed 2176K, reserved 1048576K
}
Event: 49,828 GC heap before
{Heap before GC invocations=20 (full 2):
 PSYoungGen      total 44544K, used 1216K [0x00000000e0f80000, 0x00000000e5400000, 0x0000000100000000)
  eden space 18944K, 0% used [0x00000000e0f80000,0x00000000e0f80000,0x00000000e2200000)
  from space 25600K, 4% used [0x00000000e3b00000,0x00000000e3c30040,0x00000000e5400000)
  to   space 25600K, 0% used [0x00000000e2200000,0x00000000e2200000,0x00000000e3b00000)
 ParOldGen       total 49664K, used 41486K [0x00000000a2e00000, 0x00000000a5e80000, 0x00000000e0f80000)
  object space 49664K, 83% used [0x00000000a2e00000,0x00000000a56838b0,0x00000000a5e80000)
 Metaspace       used 21202K, capacity 21503K, committed 21888K, reserved 1069056K
  class space    used 1960K, capacity 2057K, committed 2176K, reserved 1048576K
Event: 49,870 GC heap after
Heap after GC invocations=20 (full 2):
 PSYoungGen      total 44544K, used 0K [0x00000000e0f80000, 0x00000000e5400000, 0x0000000100000000)
  eden space 18944K, 0% used [0x00000000e0f80000,0x00000000e0f80000,0x00000000e2200000)
  from space 25600K, 0% used [0x00000000e3b00000,0x00000000e3b00000,0x00000000e5400000)
  to   space 25600K, 0% used [0x00000000e2200000,0x00000000e2200000,0x00000000e3b00000)
 ParOldGen       total 74240K, used 40753K [0x00000000a2e00000, 0x00000000a7680000, 0x00000000e0f80000)
  object space 74240K, 54% used [0x00000000a2e00000,0x00000000a55cc540,0x00000000a7680000)
 Metaspace       used 21202K, capacity 21503K, committed 21888K, reserved 1069056K
  class space    used 1960K, capacity 2057K, committed 2176K, reserved 1048576K
}
Event: 56,978 GC heap before
{Heap before GC invocations=21 (full 2):
 PSYoungGen      total 44544K, used 18944K [0x00000000e0f80000, 0x00000000e5400000, 0x0000000100000000)
  eden space 18944K, 100% used [0x00000000e0f80000,0x00000000e2200000,0x00000000e2200000)
  from space 25600K, 0% used [0x00000000e3b00000,0x00000000e3b00000,0x00000000e5400000)
  to   space 25600K, 0% used [0x00000000e2200000,0x00000000e2200000,0x00000000e3b00000)
 ParOldGen       total 74240K, used 40753K [0x00000000a2e00000, 0x00000000a7680000, 0x00000000e0f80000)
  object space 74240K, 54% used [0x00000000a2e00000,0x00000000a55cc540,0x00000000a7680000)
 Metaspace       used 21208K, capacity 21503K, committed 21888K, reserved 1069056K
  class space    used 1960K, capacity 2057K, committed 2176K, reserved 1048576K
Event: 56,980 GC heap after
Heap after GC invocations=21 (full 2):
 PSYoungGen      total 44544K, used 480K [0x00000000e0f80000, 0x00000000e5400000, 0x0000000100000000)
  eden space 18944K, 0% used [0x00000000e0f80000,0x00000000e0f80000,0x00000000e2200000)
  from space 25600K, 1% used [0x00000000e2200000,0x00000000e2278010,0x00000000e3b00000)
  to   space 25600K, 0% used [0x00000000e3b00000,0x00000000e3b00000,0x00000000e5400000)
 ParOldGen       total 74240K, used 40753K [0x00000000a2e00000, 0x00000000a7680000, 0x00000000e0f80000)
  object space 74240K, 54% used [0x00000000a2e00000,0x00000000a55cc540,0x00000000a7680000)
 Metaspace       used 21208K, capacity 21503K, committed 21888K, reserved 1069056K
  class space    used 1960K, capacity 2057K, committed 2176K, reserved 1048576K
}
Event: 64,546 GC heap before
{Heap before GC invocations=22 (full 2):
 PSYoungGen      total 44544K, used 19424K [0x00000000e0f80000, 0x00000000e5400000, 0x0000000100000000)
  eden space 18944K, 100% used [0x00000000e0f80000,0x00000000e2200000,0x00000000e2200000)
  from space 25600K, 1% used [0x00000000e2200000,0x00000000e2278010,0x00000000e3b00000)
  to   space 25600K, 0% used [0x00000000e3b00000,0x00000000e3b00000,0x00000000e5400000)
 ParOldGen       total 74240K, used 40753K [0x00000000a2e00000, 0x00000000a7680000, 0x00000000e0f80000)
  object space 74240K, 54% used [0x00000000a2e00000,0x00000000a55cc540,0x00000000a7680000)
 Metaspace       used 21208K, capacity 21503K, committed 21888K, reserved 1069056K
  class space    used 1960K, capacity 2057K, committed 2176K, reserved 1048576K
Event: 64,548 GC heap after
Heap after GC invocations=22 (full 2):
 PSYoungGen      total 44544K, used 192K [0x00000000e0f80000, 0x00000000e5400000, 0x0000000100000000)
  eden space 18944K, 0% used [0x00000000e0f80000,0x00000000e0f80000,0x00000000e2200000)
  from space 25600K, 0% used [0x00000000e3b00000,0x00000000e3b30000,0x00000000e5400000)
  to   space 25600K, 0% used [0x00000000e2200000,0x00000000e2200000,0x00000000e3b00000)
 ParOldGen       total 74240K, used 41065K [0x00000000a2e00000, 0x00000000a7680000, 0x00000000e0f80000)
  object space 74240K, 55% used [0x00000000a2e00000,0x00000000a561a550,0x00000000a7680000)
 Metaspace       used 21208K, capacity 21503K, committed 21888K, reserved 1069056K
  class space    used 1960K, capacity 2057K, committed 2176K, reserved 1048576K
}
Event: 72,321 GC heap before
{Heap before GC invocations=23 (full 2):
 PSYoungGen      total 44544K, used 19136K [0x00000000e0f80000, 0x00000000e5400000, 0x0000000100000000)
  eden space 18944K, 100% used [0x00000000e0f80000,0x00000000e2200000,0x00000000e2200000)
  from space 25600K, 0% used [0x00000000e3b00000,0x00000000e3b30000,0x00000000e5400000)
  to   space 25600K, 0% used [0x00000000e2200000,0x00000000e2200000,0x00000000e3b00000)
 ParOldGen       total 74240K, used 41065K [0x00000000a2e00000, 0x00000000a7680000, 0x00000000e0f80000)
  object space 74240K, 55% used [0x00000000a2e00000,0x00000000a561a550,0x00000000a7680000)
 Metaspace       used 21208K, capacity 21503K, committed 21888K, reserved 1069056K
  class space    used 1960K, capacity 2057K, committed 2176K, reserved 1048576K
Event: 72,323 GC heap after
Heap after GC invocations=23 (full 2):
 PSYoungGen      total 19456K, used 160K [0x00000000e0f80000, 0x00000000e5300000, 0x0000000100000000)
  eden space 18944K, 0% used [0x00000000e0f80000,0x00000000e0f80000,0x00000000e2200000)
  from space 512K, 31% used [0x00000000e2200000,0x00000000e2228000,0x00000000e2280000)
  to   space 25088K, 0% used [0x00000000e3a80000,0x00000000e3a80000,0x00000000e5300000)
 ParOldGen       total 74240K, used 41089K [0x00000000a2e00000, 0x00000000a7680000, 0x00000000e0f80000)
  object space 74240K, 55% used [0x00000000a2e00000,0x00000000a5620550,0x00000000a7680000)
 Metaspace       used 21208K, capacity 21503K, committed 21888K, reserved 1069056K
  class space    used 1960K, capacity 2057K, committed 2176K, reserved 1048576K
}

Deoptimization events (10 events):
Event: 75,548 Thread 0x00007f26e8008800 Uncommon trap: reason=unstable_if action=reinterpret pc=0x00007f274140261c method=java.awt.EventQueue.getPriority(Ljava/awt/AWTEvent;)I @ 4
Event: 75,548 Thread 0x00007f26e8008800 Uncommon trap: reason=unstable_if action=reinterpret pc=0x00007f27413c51e0 method=java.awt.EventQueue.eventToCacheIndex(Ljava/awt/AWTEvent;)I @ 71
Event: 75,548 Thread 0x00007f26e8008800 Uncommon trap: reason=unstable_if action=reinterpret pc=0x00007f2741423908 method=java.awt.EventQueue.eventToCacheIndex(Ljava/awt/AWTEvent;)I @ 71
Event: 75,548 Thread 0x00007f26e8008800 Uncommon trap: reason=class_check action=maybe_recompile pc=0x00007f274168a248 method=java.awt.EventQueue.setCurrentEventAndMostRecentTimeImpl(Ljava/awt/AWTEvent;)V @ 128
Event: 75,548 Thread 0x00007f26e8008800 Uncommon trap: reason=class_check action=maybe_recompile pc=0x00007f27411e1990 method=java.awt.EventQueue.dispatchEventImpl(Ljava/awt/AWTEvent;Ljava/lang/Object;)V @ 18
Event: 75,549 Thread 0x00007f26e8008800 Uncommon trap: reason=class_check action=maybe_recompile pc=0x00007f274168a248 method=java.awt.EventQueue.setCurrentEventAndMostRecentTimeImpl(Ljava/awt/AWTEvent;)V @ 128
Event: 75,549 Thread 0x00007f275028e000 Uncommon trap: reason=class_check action=maybe_recompile pc=0x00007f274148fe08 method=java.awt.EventQueue.uncacheEQItem(Lsun/awt/EventQueueItem;)V @ 20
Event: 75,549 Thread 0x00007f275028e000 Uncommon trap: reason=class_check action=maybe_recompile pc=0x00007f27411e19ac method=java.awt.EventQueue.dispatchEventImpl(Ljava/awt/AWTEvent;Ljava/lang/Object;)V @ 30
Event: 75,549 Thread 0x00007f26e8008800 Uncommon trap: reason=class_check action=maybe_recompile pc=0x00007f27411e19ac method=java.awt.EventQueue.dispatchEventImpl(Ljava/awt/AWTEvent;Ljava/lang/Object;)V @ 30
Event: 75,549 Thread 0x00007f275028e000 Uncommon trap: reason=class_check action=maybe_recompile pc=0x00007f2741411330 method=java.awt.EventQueue.uncacheEQItem(Lsun/awt/EventQueueItem;)V @ 20

Internal exceptions (10 events):
Event: 1,382 Thread 0x00007f26e8008800 Implicit null exception at 0x00007f27411cddf5 to 0x00007f27411ce141
Event: 1,817 Thread 0x00007f26e8008800 Exception <a 'java/lang/reflect/InvocationTargetException'> (0x00000000e220c0d0) thrown at [/HUDSON/workspace/8-2-build-linux-amd64/jdk8u92/6642/hotspot/src/share/vm/runtime/reflection.cpp, line 1092]
Event: 1,818 Thread 0x00007f26e8008800 Exception <a 'java/lang/reflect/InvocationTargetException'> (0x00000000e220c768) thrown at [/HUDSON/workspace/8-2-build-linux-amd64/jdk8u92/6642/hotspot/src/share/vm/runtime/reflection.cpp, line 1092]
Event: 2,087 Thread 0x00007f26e8008800 Exception <a 'java/lang/reflect/InvocationTargetException'> (0x00000000e18d2008) thrown at [/HUDSON/workspace/8-2-build-linux-amd64/jdk8u92/6642/hotspot/src/share/vm/runtime/reflection.cpp, line 1092]
Event: 2,087 Thread 0x00007f26e8008800 Exception <a 'java/lang/reflect/InvocationTargetException'> (0x00000000e18d24f0) thrown at [/HUDSON/workspace/8-2-build-linux-amd64/jdk8u92/6642/hotspot/src/share/vm/runtime/reflection.cpp, line 1092]
Event: 2,182 Thread 0x00007f26e8008800 Exception <a 'java/lang/reflect/InvocationTargetException'> (0x00000000e1d30968) thrown at [/HUDSON/workspace/8-2-build-linux-amd64/jdk8u92/6642/hotspot/src/share/vm/runtime/reflection.cpp, line 1092]
Event: 2,182 Thread 0x00007f26e8008800 Exception <a 'java/lang/reflect/InvocationTargetException'> (0x00000000e1d30e50) thrown at [/HUDSON/workspace/8-2-build-linux-amd64/jdk8u92/6642/hotspot/src/share/vm/runtime/reflection.cpp, line 1092]
Event: 2,258 Thread 0x00007f26e8008800 Exception <a 'java/lang/reflect/InvocationTargetException'> (0x00000000e1d62e00) thrown at [/HUDSON/workspace/8-2-build-linux-amd64/jdk8u92/6642/hotspot/src/share/vm/runtime/reflection.cpp, line 1092]
Event: 2,259 Thread 0x00007f26e8008800 Exception <a 'java/lang/reflect/InvocationTargetException'> (0x00000000e1d632e8) thrown at [/HUDSON/workspace/8-2-build-linux-amd64/jdk8u92/6642/hotspot/src/share/vm/runtime/reflection.cpp, line 1092]
Event: 2,333 Thread 0x00007f26e8008800 Exception <a 'java/lang/reflect/InvocationTargetException'> (0x00000000e2151af0) thrown at [/HUDSON/workspace/8-2-build-linux-amd64/jdk8u92/6642/hotspot/src/share/vm/runtime/reflection.cpp, line 1092]

Events (10 events):
Event: 75,549 Thread 0x00007f275028e000 DEOPT UNPACKING pc=0x00007f2741005229 sp=0x00007f27217972d8 mode 2
Event: 75,549 Thread 0x00007f275028e000 Uncommon trap: trap_request=0xffffffde fr.pc=0x00007f27411e19ac
Event: 75,549 Thread 0x00007f275028e000 DEOPT PACKING pc=0x00007f27411e19ac sp=0x00007f2721795cb0
Event: 75,549 Thread 0x00007f275028e000 DEOPT UNPACKING pc=0x00007f2741005229 sp=0x00007f2721795ba0 mode 2
Event: 75,549 Thread 0x00007f26e8008800 Uncommon trap: trap_request=0xffffffde fr.pc=0x00007f27411e19ac
Event: 75,549 Thread 0x00007f26e8008800 DEOPT PACKING pc=0x00007f27411e19ac sp=0x00007f2720cebfb0
Event: 75,549 Thread 0x00007f26e8008800 DEOPT UNPACKING pc=0x00007f2741005229 sp=0x00007f2720cebea0 mode 2
Event: 75,549 Thread 0x00007f275028e000 Uncommon trap: trap_request=0xffffffde fr.pc=0x00007f2741411330
Event: 75,549 Thread 0x00007f275028e000 DEOPT PACKING pc=0x00007f2741411330 sp=0x00007f27217973b0
Event: 75,549 Thread 0x00007f275028e000 DEOPT UNPACKING pc=0x00007f2741005229 sp=0x00007f27217972d8 mode 2


Dynamic libraries:
00400000-00401000 r-xp 00000000 08:01 3450446                            /home/ema/Scaricati/jdk1.8.0_92/jre/bin/java
00600000-00601000 rw-p 00000000 08:01 3450446                            /home/ema/Scaricati/jdk1.8.0_92/jre/bin/java
01c8b000-01cac000 rw-p 00000000 00:00 0                                  [heap]
a2e00000-a7680000 rw-p 00000000 00:00 0 
a7680000-e0f80000 ---p 00000000 00:00 0 
e0f80000-e5300000 rw-p 00000000 00:00 0 
e5300000-100000000 ---p 00000000 00:00 0 
100000000-100220000 rw-p 00000000 00:00 0 
100220000-140000000 ---p 00000000 00:00 0 
7f269c000000-7f269c021000 rw-p 00000000 00:00 0 
7f269c021000-7f26a0000000 ---p 00000000 00:00 0 
7f26a4000000-7f26a40b1000 rw-p 00000000 00:00 0 
7f26a40b1000-7f26a8000000 ---p 00000000 00:00 0 
7f26a8000000-7f26a80a1000 rw-p 00000000 00:00 0 
7f26a80a1000-7f26ac000000 ---p 00000000 00:00 0 
7f26ac000000-7f26ac06d000 rw-p 00000000 00:00 0 
7f26ac06d000-7f26b0000000 ---p 00000000 00:00 0 
7f26b0000000-7f26b0021000 rw-p 00000000 00:00 0 
7f26b0021000-7f26b4000000 ---p 00000000 00:00 0 
7f26b4000000-7f26b40bc000 rw-p 00000000 00:00 0 
7f26b40bc000-7f26b8000000 ---p 00000000 00:00 0 
7f26b8000000-7f26b80f4000 rw-p 00000000 00:00 0 
7f26b80f4000-7f26bc000000 ---p 00000000 00:00 0 
7f26bc000000-7f26bc021000 rw-p 00000000 00:00 0 
7f26bc021000-7f26c0000000 ---p 00000000 00:00 0 
7f26c2557000-7f26c25d7000 rw-s 1e6724000 00:06 9579                      /dev/dri/card0
7f26c25d7000-7f26c25da000 ---p 00000000 00:00 0 
7f26c25da000-7f26c26d8000 rw-p 00000000 00:00 0 
7f26c26d8000-7f26c28d8000 rw-s 1999ad000 00:06 9579                      /dev/dri/card0
7f26c28d8000-7f26c2a18000 rw-p 00000000 00:00 0 
7f26c2a18000-7f26c2ad8000 ---p 00000000 00:00 0 
7f26c2ae0000-7f26c2b60000 rw-s 1e66a4000 00:06 9579                      /dev/dri/card0
7f26c2b60000-7f26c2be0000 rw-s 1e6d69000 00:06 9579                      /dev/dri/card0
7f26c2be0000-7f26c2be3000 ---p 00000000 00:00 0 
7f26c2be3000-7f26c2ce1000 rw-p 00000000 00:00 0 
7f26c2d5a000-7f26c2d5d000 ---p 00000000 00:00 0 
7f26c2d5d000-7f26c2e5b000 rw-p 00000000 00:00 0 
7f26c2e5b000-7f26c2e5e000 ---p 00000000 00:00 0 
7f26c2e5e000-7f26c2f5c000 rw-p 00000000 00:00 0 
7f26c2f5c000-7f26c2f5f000 ---p 00000000 00:00 0 
7f26c2f5f000-7f26c305d000 rw-p 00000000 00:00 0 
7f26c305d000-7f26c3060000 ---p 00000000 00:00 0 
7f26c3060000-7f26c338b000 rw-p 00000000 00:00 0 
7f26c338b000-7f26c3d8b000 rwxp 00000000 00:00 0 
7f26c3d8b000-7f26c3fb8000 rw-p 00000000 00:00 0 
7f26c3fb8000-7f26c3fcf000 r-xp 00000000 08:01 27267350                   /lib/x86_64-linux-gnu/libresolv-2.21.so
7f26c3fcf000-7f26c41cf000 ---p 00017000 08:01 27267350                   /lib/x86_64-linux-gnu/libresolv-2.21.so
7f26c41cf000-7f26c41d1000 r--p 00017000 08:01 27267350                   /lib/x86_64-linux-gnu/libresolv-2.21.so
7f26c41d1000-7f26c41d2000 rw-p 00019000 08:01 27267350                   /lib/x86_64-linux-gnu/libresolv-2.21.so
7f26c41d2000-7f26c41d4000 rw-p 00000000 00:00 0 
7f26c41d4000-7f26c41d9000 r-xp 00000000 08:01 27267295                   /lib/x86_64-linux-gnu/libnss_dns-2.21.so
7f26c41d9000-7f26c43d8000 ---p 00005000 08:01 27267295                   /lib/x86_64-linux-gnu/libnss_dns-2.21.so
7f26c43d8000-7f26c43d9000 r--p 00004000 08:01 27267295                   /lib/x86_64-linux-gnu/libnss_dns-2.21.so
7f26c43d9000-7f26c43da000 rw-p 00005000 08:01 27267295                   /lib/x86_64-linux-gnu/libnss_dns-2.21.so
7f26c43da000-7f26c43dc000 r-xp 00000000 08:01 27267303                   /lib/x86_64-linux-gnu/libnss_mdns4_minimal.so.2
7f26c43dc000-7f26c45db000 ---p 00002000 08:01 27267303                   /lib/x86_64-linux-gnu/libnss_mdns4_minimal.so.2
7f26c45db000-7f26c45dc000 r--p 00001000 08:01 27267303                   /lib/x86_64-linux-gnu/libnss_mdns4_minimal.so.2
7f26c45dc000-7f26c45dd000 rw-p 00002000 08:01 27267303                   /lib/x86_64-linux-gnu/libnss_mdns4_minimal.so.2
7f26c45dd000-7f26c47dd000 rw-p 00000000 00:00 0 
7f26c484e000-7f26c4851000 ---p 00000000 00:00 0 
7f26c4851000-7f26c494f000 rw-p 00000000 00:00 0 
7f26c4950000-7f26c49d0000 rw-s 1a35ba000 00:06 9579                      /dev/dri/card0
7f26c49d0000-7f26c4a07000 r-xp 00000000 08:01 15344535                   /usr/lib/x86_64-linux-gnu/libtxc_dxtn_s2tc.so.0.0.0
7f26c4a07000-7f26c4c06000 ---p 00037000 08:01 15344535                   /usr/lib/x86_64-linux-gnu/libtxc_dxtn_s2tc.so.0.0.0
7f26c4c06000-7f26c4c07000 r--p 00036000 08:01 15344535                   /usr/lib/x86_64-linux-gnu/libtxc_dxtn_s2tc.so.0.0.0
7f26c4c07000-7f26c4c08000 rw-p 00037000 08:01 15344535                   /usr/lib/x86_64-linux-gnu/libtxc_dxtn_s2tc.so.0.0.0
7f26c4c08000-7f26c4c2d000 r-xp 00000000 08:01 27267368                   /lib/x86_64-linux-gnu/libtinfo.so.5.9
7f26c4c2d000-7f26c4e2c000 ---p 00025000 08:01 27267368                   /lib/x86_64-linux-gnu/libtinfo.so.5.9
7f26c4e2c000-7f26c4e30000 r--p 00024000 08:01 27267368                   /lib/x86_64-linux-gnu/libtinfo.so.5.9
7f26c4e30000-7f26c4e31000 rw-p 00028000 08:01 27267368                   /lib/x86_64-linux-gnu/libtinfo.so.5.9
7f26c4e31000-7f26c4e64000 r-xp 00000000 08:01 15343777                   /usr/lib/x86_64-linux-gnu/libedit.so.2.0.51
7f26c4e64000-7f26c5064000 ---p 00033000 08:01 15343777                   /usr/lib/x86_64-linux-gnu/libedit.so.2.0.51
7f26c5064000-7f26c5066000 r--p 00033000 08:01 15343777                   /usr/lib/x86_64-linux-gnu/libedit.so.2.0.51
7f26c5066000-7f26c5067000 rw-p 00035000 08:01 15343777                   /usr/lib/x86_64-linux-gnu/libedit.so.2.0.51
7f26c5067000-7f26c506b000 rw-p 00000000 00:00 0 
7f26c506b000-7f26c5084000 r-xp 00000000 08:01 27267385                   /lib/x86_64-linux-gnu/libz.so.1.2.8
7f26c5084000-7f26c5284000 ---p 00019000 08:01 27267385                   /lib/x86_64-linux-gnu/libz.so.1.2.8
7f26c5284000-7f26c5285000 r--p 00019000 08:01 27267385                   /lib/x86_64-linux-gnu/libz.so.1.2.8
7f26c5285000-7f26c5286000 rw-p 0001a000 08:01 27267385                   /lib/x86_64-linux-gnu/libz.so.1.2.8
7f26c5286000-7f26c5376000 r-xp 00000000 08:01 15344490                   /usr/lib/x86_64-linux-gnu/libstdc++.so.6.0.20
7f26c5376000-7f26c5576000 ---p 000f0000 08:01 15344490                   /usr/lib/x86_64-linux-gnu/libstdc++.so.6.0.20
7f26c5576000-7f26c557e000 r--p 000f0000 08:01 15344490                   /usr/lib/x86_64-linux-gnu/libstdc++.so.6.0.20
7f26c557e000-7f26c5580000 rw-p 000f8000 08:01 15344490                   /usr/lib/x86_64-linux-gnu/libstdc++.so.6.0.20
7f26c5580000-7f26c5595000 rw-p 00000000 00:00 0 
7f26c5595000-7f26c733e000 r-xp 00000000 08:01 15343369                   /usr/lib/x86_64-linux-gnu/libLLVM-3.6.so.1
7f26c733e000-7f26c733f000 ---p 01da9000 08:01 15343369                   /usr/lib/x86_64-linux-gnu/libLLVM-3.6.so.1
7f26c733f000-7f26c755b000 r--p 01da9000 08:01 15343369                   /usr/lib/x86_64-linux-gnu/libLLVM-3.6.so.1
7f26c755b000-7f26c7561000 rw-p 01fc5000 08:01 15343369                   /usr/lib/x86_64-linux-gnu/libLLVM-3.6.so.1
7f26c7561000-7f26c7577000 rw-p 00000000 00:00 0 
7f26c7577000-7f26c758c000 r-xp 00000000 08:01 15343778                   /usr/lib/x86_64-linux-gnu/libelf-0.160.so
7f26c758c000-7f26c778b000 ---p 00015000 08:01 15343778                   /usr/lib/x86_64-linux-gnu/libelf-0.160.so
7f26c778b000-7f26c778c000 r--p 00014000 08:01 15343778                   /usr/lib/x86_64-linux-gnu/libelf-0.160.so
7f26c778c000-7f26c778d000 rw-p 00015000 08:01 15343778                   /usr/lib/x86_64-linux-gnu/libelf-0.160.so
7f26c778d000-7f26c7799000 r-xp 00000000 08:01 15343773                   /usr/lib/x86_64-linux-gnu/libdrm_radeon.so.1.0.1
7f26c7799000-7f26c7998000 ---p 0000c000 08:01 15343773                   /usr/lib/x86_64-linux-gnu/libdrm_radeon.so.1.0.1
7f26c7998000-7f26c7999000 r--p 0000b000 08:01 15343773                   /usr/lib/x86_64-linux-gnu/libdrm_radeon.so.1.0.1
7f26c7999000-7f26c799a000 rw-p 0000c000 08:01 15343773                   /usr/lib/x86_64-linux-gnu/libdrm_radeon.so.1.0.1
7f26c799a000-7f26c79a0000 r-xp 00000000 08:01 15343771                   /usr/lib/x86_64-linux-gnu/libdrm_nouveau.so.2.0.0
7f26c79a0000-7f26c7b9f000 ---p 00006000 08:01 15343771                   /usr/lib/x86_64-linux-gnu/libdrm_nouveau.so.2.0.0
7f26c7b9f000-7f26c7ba0000 r--p 00005000 08:01 15343771                   /usr/lib/x86_64-linux-gnu/libdrm_nouveau.so.2.0.0
7f26c7ba0000-7f26c7ba1000 rw-p 00006000 08:01 15343771                   /usr/lib/x86_64-linux-gnu/libdrm_nouveau.so.2.0.0
7f26c7ba1000-7f26c8314000 r-xp 00000000 08:01 15603600                   /usr/lib/x86_64-linux-gnu/dri/nouveau_dri.so
7f26c8314000-7f26c8513000 ---p 00773000 08:01 15603600                   /usr/lib/x86_64-linux-gnu/dri/nouveau_dri.so
7f26c8513000-7f26c856a000 r--p 00772000 08:01 15603600                   /usr/lib/x86_64-linux-gnu/dri/nouveau_dri.so
7f26c856a000-7f26c8576000 rw-p 007c9000 08:01 15603600                   /usr/lib/x86_64-linux-gnu/dri/nouveau_dri.so
7f26c8576000-7f26c875b000 rw-p 00000000 00:00 0 
7f26c875b000-7f26c876d000 r-xp 00000000 08:01 27263385                   /lib/x86_64-linux-gnu/libudev.so.1.6.2
7f26c876d000-7f26c896c000 ---p 00012000 08:01 27263385                   /lib/x86_64-linux-gnu/libudev.so.1.6.2
7f26c896c000-7f26c896d000 r--p 00011000 08:01 27263385                   /lib/x86_64-linux-gnu/libudev.so.1.6.2
7f26c896d000-7f26c896e000 rw-p 00012000 08:01 27263385                   /lib/x86_64-linux-gnu/libudev.so.1.6.2
7f26c896e000-7f26c8970000 r-xp 00000000 08:01 15343521                   /usr/lib/x86_64-linux-gnu/libXinerama.so.1.0.0
7f26c8970000-7f26c8b6f000 ---p 00002000 08:01 15343521                   /usr/lib/x86_64-linux-gnu/libXinerama.so.1.0.0
7f26c8b6f000-7f26c8b70000 r--p 00001000 08:01 15343521                   /usr/lib/x86_64-linux-gnu/libXinerama.so.1.0.0
7f26c8b70000-7f26c8b71000 rw-p 00002000 08:01 15343521                   /usr/lib/x86_64-linux-gnu/libXinerama.so.1.0.0
7f26c8b71000-7f26c8bb6000 r-xp 00000000 08:01 28312167                   /tmp/jogamp_0000/file_cache/jln5884371844674874773/jln6699736529884867080/libjogl_mobile.so
7f26c8bb6000-7f26c8db6000 ---p 00045000 08:01 28312167                   /tmp/jogamp_0000/file_cache/jln5884371844674874773/jln6699736529884867080/libjogl_mobile.so
7f26c8db6000-7f26c8db7000 rw-p 00045000 08:01 28312167                   /tmp/jogamp_0000/file_cache/jln5884371844674874773/jln6699736529884867080/libjogl_mobile.so
7f26c8db7000-7f26c8dbe000 r-xp 00000000 08:01 15343817                   /usr/lib/x86_64-linux-gnu/libffi.so.6.0.4
7f26c8dbe000-7f26c8fbd000 ---p 00007000 08:01 15343817                   /usr/lib/x86_64-linux-gnu/libffi.so.6.0.4
7f26c8fbd000-7f26c8fbe000 r--p 00006000 08:01 15343817                   /usr/lib/x86_64-linux-gnu/libffi.so.6.0.4
7f26c8fbe000-7f26c8fbf000 rw-p 00007000 08:01 15343817                   /usr/lib/x86_64-linux-gnu/libffi.so.6.0.4
7f26c8fbf000-7f26c8fcc000 r-xp 00000000 08:01 15340550                   /usr/lib/x86_64-linux-gnu/libgbm.so.1.0.0
7f26c8fcc000-7f26c91cb000 ---p 0000d000 08:01 15340550                   /usr/lib/x86_64-linux-gnu/libgbm.so.1.0.0
7f26c91cb000-7f26c91cc000 r--p 0000c000 08:01 15340550                   /usr/lib/x86_64-linux-gnu/libgbm.so.1.0.0
7f26c91cc000-7f26c91cd000 rw-p 0000d000 08:01 15340550                   /usr/lib/x86_64-linux-gnu/libgbm.so.1.0.0
7f26c91cd000-7f26c91dc000 r-xp 00000000 08:01 15344604                   /usr/lib/x86_64-linux-gnu/libwayland-server.so.0.1.0
7f26c91dc000-7f26c93db000 ---p 0000f000 08:01 15344604                   /usr/lib/x86_64-linux-gnu/libwayland-server.so.0.1.0
7f26c93db000-7f26c93de000 r--p 0000e000 08:01 15344604                   /usr/lib/x86_64-linux-gnu/libwayland-server.so.0.1.0
7f26c93de000-7f26c93df000 rw-p 00011000 08:01 15344604                   /usr/lib/x86_64-linux-gnu/libwayland-server.so.0.1.0
7f26c93df000-7f26c93eb000 r-xp 00000000 08:01 15344598                   /usr/lib/x86_64-linux-gnu/libwayland-client.so.0.3.0
7f26c93eb000-7f26c95ea000 ---p 0000c000 08:01 15344598                   /usr/lib/x86_64-linux-gnu/libwayland-client.so.0.3.0
7f26c95ea000-7f26c95ec000 r--p 0000b000 08:01 15344598                   /usr/lib/x86_64-linux-gnu/libwayland-client.so.0.3.0
7f26c95ec000-7f26c95ed000 rw-p 0000d000 08:01 15344598                   /usr/lib/x86_64-linux-gnu/libwayland-client.so.0.3.0
7f26c95ed000-7f26c95f2000 r-xp 00000000 08:01 15344692                   /usr/lib/x86_64-linux-gnu/libxcb-xfixes.so.0.0.0
7f26c95f2000-7f26c97f2000 ---p 00005000 08:01 15344692                   /usr/lib/x86_64-linux-gnu/libxcb-xfixes.so.0.0.0
7f26c97f2000-7f26c97f3000 r--p 00005000 08:01 15344692                   /usr/lib/x86_64-linux-gnu/libxcb-xfixes.so.0.0.0
7f26c97f3000-7f26c97f4000 rw-p 00006000 08:01 15344692                   /usr/lib/x86_64-linux-gnu/libxcb-xfixes.so.0.0.0
7f26c97f4000-7f26c981d000 r-xp 00000000 08:01 15729315                   /usr/lib/x86_64-linux-gnu/mesa-egl/libEGL.so.1.0.0
7f26c981d000-7f26c9a1d000 ---p 00029000 08:01 15729315                   /usr/lib/x86_64-linux-gnu/mesa-egl/libEGL.so.1.0.0
7f26c9a1d000-7f26c9a1e000 r--p 00029000 08:01 15729315                   /usr/lib/x86_64-linux-gnu/mesa-egl/libEGL.so.1.0.0
7f26c9a1e000-7f26c9a1f000 rw-p 0002a000 08:01 15729315                   /usr/lib/x86_64-linux-gnu/mesa-egl/libEGL.so.1.0.0
7f26c9a1f000-7f26c9a20000 rw-p 00000000 00:00 0 
7f26c9a20000-7f26c9ac5000 r-xp 00000000 08:01 28312164                   /tmp/jogamp_0000/file_cache/jln5884371844674874773/jln6699736529884867080/libjogl_desktop.so
7f26c9ac5000-7f26c9cc5000 ---p 000a5000 08:01 28312164                   /tmp/jogamp_0000/file_cache/jln5884371844674874773/jln6699736529884867080/libjogl_desktop.so
7f26c9cc5000-7f26c9cc6000 rw-p 000a5000 08:01 28312164                   /tmp/jogamp_0000/file_cache/jln5884371844674874773/jln6699736529884867080/libjogl_desktop.so
7f26c9cc6000-7f26c9cd2000 r-xp 00000000 08:01 15343767                   /usr/lib/x86_64-linux-gnu/libdrm.so.2.4.0
7f26c9cd2000-7f26c9ed1000 ---p 0000c000 08:01 15343767                   /usr/lib/x86_64-linux-gnu/libdrm.so.2.4.0
7f26c9ed1000-7f26c9ed2000 r--p 0000b000 08:01 15343767                   /usr/lib/x86_64-linux-gnu/libdrm.so.2.4.0
7f26c9ed2000-7f26c9ed3000 rw-p 0000c000 08:01 15343767                   /usr/lib/x86_64-linux-gnu/libdrm.so.2.4.0
7f26c9ed3000-7f26c9ed4000 r-xp 00000000 08:01 15344706                   /usr/lib/x86_64-linux-gnu/libxshmfence.so.1.0.0
7f26c9ed4000-7f26ca0d3000 ---p 00001000 08:01 15344706                   /usr/lib/x86_64-linux-gnu/libxshmfence.so.1.0.0
7f26ca0d3000-7f26ca0d4000 r--p 00000000 08:01 15344706                   /usr/lib/x86_64-linux-gnu/libxshmfence.so.1.0.0
7f26ca0d4000-7f26ca0d5000 rw-p 00001000 08:01 15344706                   /usr/lib/x86_64-linux-gnu/libxshmfence.so.1.0.0
7f26ca0d5000-7f26ca0da000 r-xp 00000000 08:01 15344688                   /usr/lib/x86_64-linux-gnu/libxcb-sync.so.1.0.0
7f26ca0da000-7f26ca2d9000 ---p 00005000 08:01 15344688                   /usr/lib/x86_64-linux-gnu/libxcb-sync.so.1.0.0
7f26ca2d9000-7f26ca2da000 r--p 00004000 08:01 15344688                   /usr/lib/x86_64-linux-gnu/libxcb-sync.so.1.0.0
7f26ca2da000-7f26ca2db000 rw-p 00005000 08:01 15344688                   /usr/lib/x86_64-linux-gnu/libxcb-sync.so.1.0.0
7f26ca2db000-7f26ca2dd000 r-xp 00000000 08:01 15344676                   /usr/lib/x86_64-linux-gnu/libxcb-present.so.0.0.0
7f26ca2dd000-7f26ca4dc000 ---p 00002000 08:01 15344676                   /usr/lib/x86_64-linux-gnu/libxcb-present.so.0.0.0
7f26ca4dc000-7f26ca4dd000 r--p 00001000 08:01 15344676                   /usr/lib/x86_64-linux-gnu/libxcb-present.so.0.0.0
7f26ca4dd000-7f26ca4de000 rw-p 00002000 08:01 15344676                   /usr/lib/x86_64-linux-gnu/libxcb-present.so.0.0.0
7f26ca4de000-7f26ca4e0000 r-xp 00000000 08:01 15344666                   /usr/lib/x86_64-linux-gnu/libxcb-dri3.so.0.0.0
7f26ca4e0000-7f26ca6df000 ---p 00002000 08:01 15344666                   /usr/lib/x86_64-linux-gnu/libxcb-dri3.so.0.0.0
7f26ca6df000-7f26ca6e0000 r--p 00001000 08:01 15344666                   /usr/lib/x86_64-linux-gnu/libxcb-dri3.so.0.0.0
7f26ca6e0000-7f26ca6e1000 rw-p 00002000 08:01 15344666                   /usr/lib/x86_64-linux-gnu/libxcb-dri3.so.0.0.0
7f26ca6e1000-7f26ca6e4000 r-xp 00000000 08:01 15344664                   /usr/lib/x86_64-linux-gnu/libxcb-dri2.so.0.0.0
7f26ca6e4000-7f26ca8e4000 ---p 00003000 08:01 15344664                   /usr/lib/x86_64-linux-gnu/libxcb-dri2.so.0.0.0
7f26ca8e4000-7f26ca8e5000 r--p 00003000 08:01 15344664                   /usr/lib/x86_64-linux-gnu/libxcb-dri2.so.0.0.0
7f26ca8e5000-7f26ca8e6000 rw-p 00004000 08:01 15344664                   /usr/lib/x86_64-linux-gnu/libxcb-dri2.so.0.0.0
7f26ca8e6000-7f26ca8fb000 r-xp 00000000 08:01 15344668                   /usr/lib/x86_64-linux-gnu/libxcb-glx.so.0.0.0
7f26ca8fb000-7f26caafa000 ---p 00015000 08:01 15344668                   /usr/lib/x86_64-linux-gnu/libxcb-glx.so.0.0.0
7f26caafa000-7f26caafc000 r--p 00014000 08:01 15344668                   /usr/lib/x86_64-linux-gnu/libxcb-glx.so.0.0.0
7f26caafc000-7f26caafd000 rw-p 00016000 08:01 15344668                   /usr/lib/x86_64-linux-gnu/libxcb-glx.so.0.0.0
7f26caafd000-7f26caafe000 r-xp 00000000 08:01 15343492                   /usr/lib/x86_64-linux-gnu/libX11-xcb.so.1.0.0
7f26caafe000-7f26cacfd000 ---p 00001000 08:01 15343492                   /usr/lib/x86_64-linux-gnu/libX11-xcb.so.1.0.0
7f26cacfd000-7f26cacfe000 r--p 00000000 08:01 15343492                   /usr/lib/x86_64-linux-gnu/libX11-xcb.so.1.0.0
7f26cacfe000-7f26cacff000 rw-p 00001000 08:01 15343492                   /usr/lib/x86_64-linux-gnu/libX11-xcb.so.1.0.0
7f26cacff000-7f26cad01000 r-xp 00000000 08:01 15343507                   /usr/lib/x86_64-linux-gnu/libXdamage.so.1.1.0
7f26cad01000-7f26caf00000 ---p 00002000 08:01 15343507                   /usr/lib/x86_64-linux-gnu/libXdamage.so.1.1.0
7f26caf00000-7f26caf01000 r--p 00001000 08:01 15343507                   /usr/lib/x86_64-linux-gnu/libXdamage.so.1.1.0
7f26caf01000-7f26caf02000 rw-p 00002000 08:01 15343507                   /usr/lib/x86_64-linux-gnu/libXdamage.so.1.1.0
7f26caf02000-7f26caf27000 r-xp 00000000 08:01 15343260                   /usr/lib/x86_64-linux-gnu/libglapi.so.0.0.0
7f26caf27000-7f26cb127000 ---p 00025000 08:01 15343260                   /usr/lib/x86_64-linux-gnu/libglapi.so.0.0.0
7f26cb127000-7f26cb12a000 r--p 00025000 08:01 15343260                   /usr/lib/x86_64-linux-gnu/libglapi.so.0.0.0
7f26cb12a000-7f26cb12b000 rw-p 00028000 08:01 15343260                   /usr/lib/x86_64-linux-gnu/libglapi.so.0.0.0
7f26cb12b000-7f26cb12c000 rw-p 00000000 00:00 0 
7f26cb12c000-7f26cb152000 r-xp 00000000 08:01 27267358                   /lib/x86_64-linux-gnu/libexpat.so.1.6.0
7f26cb152000-7f26cb351000 ---p 00026000 08:01 27267358                   /lib/x86_64-linux-gnu/libexpat.so.1.6.0
7f26cb351000-7f26cb354000 r--p 00025000 08:01 27267358                   /lib/x86_64-linux-gnu/libexpat.so.1.6.0
7f26cb354000-7f26cb355000 rw-p 00028000 08:01 27267358                   /lib/x86_64-linux-gnu/libexpat.so.1.6.0
7f26cb355000-7f26cb3ed000 r-xp 00000000 08:01 15732978                   /usr/lib/x86_64-linux-gnu/mesa/libGL.so.1.2.0
7f26cb3ed000-7f26cb5ec000 ---p 00098000 08:01 15732978                   /usr/lib/x86_64-linux-gnu/mesa/libGL.so.1.2.0
7f26cb5ec000-7f26cb5ef000 r--p 00097000 08:01 15732978                   /usr/lib/x86_64-linux-gnu/mesa/libGL.so.1.2.0
7f26cb5ef000-7f26cb5f0000 rw-p 0009a000 08:01 15732978                   /usr/lib/x86_64-linux-gnu/mesa/libGL.so.1.2.0
7f26cb5f0000-7f26cb7f1000 rw-p 00000000 00:00 0 
7f26cb7f1000-7f26cb9f1000 rw-p 00000000 00:00 0 
7f26cb9f1000-7f26cb9f8000 r-xp 00000000 08:01 28312169                   /tmp/jogamp_0000/file_cache/jln5884371844674874773/jln6699736529884867080/libnativewindow_x11.so
7f26cb9f8000-7f26cbbf7000 ---p 00007000 08:01 28312169                   /tmp/jogamp_0000/file_cache/jln5884371844674874773/jln6699736529884867080/libnativewindow_x11.so
7f26cbbf7000-7f26cbbf8000 rw-p 00006000 08:01 28312169                   /tmp/jogamp_0000/file_cache/jln5884371844674874773/jln6699736529884867080/libnativewindow_x11.so
7f26cbbf8000-7f26cbbfc000 r-xp 00000000 08:01 15343549                   /usr/lib/x86_64-linux-gnu/libXxf86vm.so.1.0.0
7f26cbbfc000-7f26cbdfc000 ---p 00004000 08:01 15343549                   /usr/lib/x86_64-linux-gnu/libXxf86vm.so.1.0.0
7f26cbdfc000-7f26cbdfd000 r--p 00004000 08:01 15343549                   /usr/lib/x86_64-linux-gnu/libXxf86vm.so.1.0.0
7f26cbdfd000-7f26cbdfe000 rw-p 00005000 08:01 15343549                   /usr/lib/x86_64-linux-gnu/libXxf86vm.so.1.0.0
7f26cbdfe000-7f26cbe00000 r-xp 00000000 08:01 28312168                   /tmp/jogamp_0000/file_cache/jln5884371844674874773/jln6699736529884867080/libnativewindow_awt.so
7f26cbe00000-7f26cbfff000 ---p 00002000 08:01 28312168                   /tmp/jogamp_0000/file_cache/jln5884371844674874773/jln6699736529884867080/libnativewindow_awt.so
7f26cbfff000-7f26cc000000 rw-p 00001000 08:01 28312168                   /tmp/jogamp_0000/file_cache/jln5884371844674874773/jln6699736529884867080/libnativewindow_awt.so
7f26cc000000-7f26cc021000 rw-p 00000000 00:00 0 
7f26cc021000-7f26d0000000 ---p 00000000 00:00 0 
7f26d0000000-7f26d018c000 rw-p 00000000 00:00 0 
7f26d018c000-7f26d4000000 ---p 00000000 00:00 0 
7f26d4000000-7f26d4c7f000 rw-p 00000000 00:00 0 
7f26d4c7f000-7f26d8000000 ---p 00000000 00:00 0 
7f26d8000000-7f26d8799000 rw-p 00000000 00:00 0 
7f26d8799000-7f26dc000000 ---p 00000000 00:00 0 
7f26dc000000-7f26dc021000 rw-p 00000000 00:00 0 
7f26dc021000-7f26e0000000 ---p 00000000 00:00 0 
7f26e0000000-7f26e004d000 rw-p 00000000 00:00 0 
7f26e004d000-7f26e4000000 ---p 00000000 00:00 0 
7f26e4000000-7f26e4027000 rw-p 00000000 00:00 0 
7f26e4027000-7f26e8000000 ---p 00000000 00:00 0 
7f26e8000000-7f26e8025000 rw-p 00000000 00:00 0 
7f26e8025000-7f26ec000000 ---p 00000000 00:00 0 
7f26ec000000-7f26ec021000 rw-p 00000000 00:00 0 
7f26ec021000-7f26f0000000 ---p 00000000 00:00 0 
7f26f0000000-7f26f0021000 rw-p 00000000 00:00 0 
7f26f0021000-7f26f4000000 ---p 00000000 00:00 0 
7f26f4000000-7f26f4588000 rw-p 00000000 00:00 0 
7f26f4588000-7f26f8000000 ---p 00000000 00:00 0 
7f26f8000000-7f26f8021000 rw-p 00000000 00:00 0 
7f26f8021000-7f26fc000000 ---p 00000000 00:00 0 
7f26fc000000-7f26fc8bf000 rw-p 00000000 00:00 0 
7f26fc8bf000-7f2700000000 ---p 00000000 00:00 0 
7f2700000000-7f2700995000 rw-p 00000000 00:00 0 
7f2700995000-7f2704000000 ---p 00000000 00:00 0 
7f2704000000-7f2704021000 rw-p 00000000 00:00 0 
7f2704021000-7f2708000000 ---p 00000000 00:00 0 
7f2708000000-7f2708e1c000 rw-p 00000000 00:00 0 
7f2708e1c000-7f270c000000 ---p 00000000 00:00 0 
7f270c000000-7f270c021000 rw-p 00000000 00:00 0 
7f270c021000-7f2710000000 ---p 00000000 00:00 0 
7f2710000000-7f2710021000 rw-p 00000000 00:00 0 
7f2710021000-7f2714000000 ---p 00000000 00:00 0 
7f2714000000-7f2714021000 rw-p 00000000 00:00 0 
7f2714021000-7f2718000000 ---p 00000000 00:00 0 
7f2718000000-7f2718021000 rw-p 00000000 00:00 0 
7f2718021000-7f271c000000 ---p 00000000 00:00 0 
7f271c000000-7f271c021000 rw-p 00000000 00:00 0 
7f271c021000-7f2720000000 ---p 00000000 00:00 0 
7f2720028000-7f2720048000 rw-s 19337f000 00:06 9579                      /dev/dri/card0
7f2720048000-7f2720068000 rw-s 1a365a000 00:06 9579                      /dev/dri/card0
7f2720068000-7f272006b000 ---p 00000000 00:00 0 
7f272006b000-7f2720169000 rw-p 00000000 00:00 0 
7f2720169000-7f27201e9000 rw-s 1e6624000 00:06 9579                      /dev/dri/card0
7f27201e9000-7f27201ea000 r-xp 00000000 08:01 3450810                    /home/ema/Scaricati/jdk1.8.0_92/jre/lib/amd64/libjawt.so
7f27201ea000-7f27203e9000 ---p 00001000 08:01 3450810                    /home/ema/Scaricati/jdk1.8.0_92/jre/lib/amd64/libjawt.so
7f27203e9000-7f27203ea000 rw-p 00000000 08:01 3450810                    /home/ema/Scaricati/jdk1.8.0_92/jre/lib/amd64/libjawt.so
7f27203ea000-7f27203ec000 r-xp 00000000 08:01 28312162                   /tmp/jogamp_0000/file_cache/jln5884371844674874773/jln6699736529884867080/libgluegen-rt.so
7f27203ec000-7f27205eb000 ---p 00002000 08:01 28312162                   /tmp/jogamp_0000/file_cache/jln5884371844674874773/jln6699736529884867080/libgluegen-rt.so
7f27205eb000-7f27205ec000 rw-p 00001000 08:01 28312162                   /tmp/jogamp_0000/file_cache/jln5884371844674874773/jln6699736529884867080/libgluegen-rt.so
7f27205ec000-7f27205ef000 ---p 00000000 00:00 0 
7f27205ef000-7f27208ed000 rw-p 00000000 00:00 0 
7f27208ed000-7f27208f0000 ---p 00000000 00:00 0 
7f27208f0000-7f2720bee000 rw-p 00000000 00:00 0 
7f2720bee000-7f2720bf1000 ---p 00000000 00:00 0 
7f2720bf1000-7f2720cef000 rw-p 00000000 00:00 0 
7f2720cef000-7f2720d58000 r-xp 00000000 08:01 3450779                    /home/ema/Scaricati/jdk1.8.0_92/jre/lib/amd64/libt2k.so
7f2720d58000-7f2720f58000 ---p 00069000 08:01 3450779                    /home/ema/Scaricati/jdk1.8.0_92/jre/lib/amd64/libt2k.so
7f2720f58000-7f2720f5f000 rw-p 00069000 08:01 3450779                    /home/ema/Scaricati/jdk1.8.0_92/jre/lib/amd64/libt2k.so
7f2720f5f000-7f2720f6f000 rw-p 00000000 00:00 0 
7f2720f6f000-7f2720f80000 r-xp 00000000 08:01 3450822                    /home/ema/Scaricati/jdk1.8.0_92/jre/lib/amd64/libnio.so
7f2720f80000-7f272117f000 ---p 00011000 08:01 3450822                    /home/ema/Scaricati/jdk1.8.0_92/jre/lib/amd64/libnio.so
7f272117f000-7f2721180000 rw-p 00010000 08:01 3450822                    /home/ema/Scaricati/jdk1.8.0_92/jre/lib/amd64/libnio.so
7f2721180000-7f2721481000 rw-p 00000000 00:00 0 
7f2721481000-7f2721497000 r-xp 00000000 08:01 3450819                    /home/ema/Scaricati/jdk1.8.0_92/jre/lib/amd64/libnet.so
7f2721497000-7f2721697000 ---p 00016000 08:01 3450819                    /home/ema/Scaricati/jdk1.8.0_92/jre/lib/amd64/libnet.so
7f2721697000-7f2721698000 rw-p 00016000 08:01 3450819                    /home/ema/Scaricati/jdk1.8.0_92/jre/lib/amd64/libnet.so
7f2721698000-7f272169b000 ---p 00000000 00:00 0 
7f272169b000-7f2721799000 rw-p 00000000 00:00 0 
7f2721799000-7f272179c000 ---p 00000000 00:00 0 
7f272179c000-7f272189a000 rw-p 00000000 00:00 0 
7f272189a000-7f272189d000 ---p 00000000 00:00 0 
7f272189d000-7f272199b000 rw-p 00000000 00:00 0 
7f272199b000-7f272199e000 ---p 00000000 00:00 0 
7f272199e000-7f2721a9c000 rw-p 00000000 00:00 0 
7f2721a9c000-7f2721aa1000 r-xp 00000000 08:01 15343513                   /usr/lib/x86_64-linux-gnu/libXfixes.so.3.1.0
7f2721aa1000-7f2721ca0000 ---p 00005000 08:01 15343513                   /usr/lib/x86_64-linux-gnu/libXfixes.so.3.1.0
7f2721ca0000-7f2721ca1000 r--p 00004000 08:01 15343513                   /usr/lib/x86_64-linux-gnu/libXfixes.so.3.1.0
7f2721ca1000-7f2721ca2000 rw-p 00005000 08:01 15343513                   /usr/lib/x86_64-linux-gnu/libXfixes.so.3.1.0
7f2721ca2000-7f2721cab000 r-xp 00000000 08:01 15343505                   /usr/lib/x86_64-linux-gnu/libXcursor.so.1.0.2
7f2721cab000-7f2721eaa000 ---p 00009000 08:01 15343505                   /usr/lib/x86_64-linux-gnu/libXcursor.so.1.0.2
7f2721eaa000-7f2721eab000 r--p 00008000 08:01 15343505                   /usr/lib/x86_64-linux-gnu/libXcursor.so.1.0.2
7f2721eab000-7f2721eac000 rw-p 00009000 08:01 15343505                   /usr/lib/x86_64-linux-gnu/libXcursor.so.1.0.2
7f2721eac000-7f2721eaf000 ---p 00000000 00:00 0 
7f2721eaf000-7f2721fad000 rw-p 00000000 00:00 0 
7f2721fad000-7f2721fc3000 r-xp 00000000 08:01 27269807                   /lib/x86_64-linux-gnu/libgcc_s.so.1
7f2721fc3000-7f27221c2000 ---p 00016000 08:01 27269807                   /lib/x86_64-linux-gnu/libgcc_s.so.1
7f27221c2000-7f27221c3000 rw-p 00015000 08:01 27269807                   /lib/x86_64-linux-gnu/libgcc_s.so.1
7f27221c3000-7f2722228000 r-xp 00000000 08:01 3450798                    /home/ema/Scaricati/jdk1.8.0_92/jre/lib/amd64/libfontmanager.so
7f2722228000-7f2722427000 ---p 00065000 08:01 3450798                    /home/ema/Scaricati/jdk1.8.0_92/jre/lib/amd64/libfontmanager.so
7f2722427000-7f272242c000 rw-p 00064000 08:01 3450798                    /home/ema/Scaricati/jdk1.8.0_92/jre/lib/amd64/libfontmanager.so
7f272242c000-7f272243c000 rw-p 00000000 00:00 0 
7f272243c000-7f2722441000 r-xp 00000000 08:01 15343509                   /usr/lib/x86_64-linux-gnu/libXdmcp.so.6.0.0
7f2722441000-7f2722640000 ---p 00005000 08:01 15343509                   /usr/lib/x86_64-linux-gnu/libXdmcp.so.6.0.0
7f2722640000-7f2722641000 r--p 00004000 08:01 15343509                   /usr/lib/x86_64-linux-gnu/libXdmcp.so.6.0.0
7f2722641000-7f2722642000 rw-p 00005000 08:01 15343509                   /usr/lib/x86_64-linux-gnu/libXdmcp.so.6.0.0
7f2722642000-7f2722644000 r-xp 00000000 08:01 15343498                   /usr/lib/x86_64-linux-gnu/libXau.so.6.0.0
7f2722644000-7f2722844000 ---p 00002000 08:01 15343498                   /usr/lib/x86_64-linux-gnu/libXau.so.6.0.0
7f2722844000-7f2722845000 r--p 00002000 08:01 15343498                   /usr/lib/x86_64-linux-gnu/libXau.so.6.0.0
7f2722845000-7f2722846000 rw-p 00003000 08:01 15343498                   /usr/lib/x86_64-linux-gnu/libXau.so.6.0.0
7f2722846000-7f2722863000 r-xp 00000000 08:01 15344696                   /usr/lib/x86_64-linux-gnu/libxcb.so.1.1.0
7f2722863000-7f2722a63000 ---p 0001d000 08:01 15344696                   /usr/lib/x86_64-linux-gnu/libxcb.so.1.1.0
7f2722a63000-7f2722a64000 r--p 0001d000 08:01 15344696                   /usr/lib/x86_64-linux-gnu/libxcb.so.1.1.0
7f2722a64000-7f2722a65000 rw-p 0001e000 08:01 15344696                   /usr/lib/x86_64-linux-gnu/libxcb.so.1.1.0
7f2722a65000-7f2722a74000 r-xp 00000000 08:01 15343519                   /usr/lib/x86_64-linux-gnu/libXi.so.6.1.0
7f2722a74000-7f2722c73000 ---p 0000f000 08:01 15343519                   /usr/lib/x86_64-linux-gnu/libXi.so.6.1.0
7f2722c73000-7f2722c74000 r--p 0000e000 08:01 15343519                   /usr/lib/x86_64-linux-gnu/libXi.so.6.1.0
7f2722c74000-7f2722c75000 rw-p 0000f000 08:01 15343519                   /usr/lib/x86_64-linux-gnu/libXi.so.6.1.0
7f2722c75000-7f2722c7a000 r-xp 00000000 08:01 15343539                   /usr/lib/x86_64-linux-gnu/libXtst.so.6.1.0
7f2722c7a000-7f2722e79000 ---p 00005000 08:01 15343539                   /usr/lib/x86_64-linux-gnu/libXtst.so.6.1.0
7f2722e79000-7f2722e7a000 r--p 00004000 08:01 15343539                   /usr/lib/x86_64-linux-gnu/libXtst.so.6.1.0
7f2722e7a000-7f2722e7b000 rw-p 00005000 08:01 15343539                   /usr/lib/x86_64-linux-gnu/libXtst.so.6.1.0
7f2722e7b000-7f2722e84000 r-xp 00000000 08:01 15343533                   /usr/lib/x86_64-linux-gnu/libXrender.so.1.3.0
7f2722e84000-7f2723083000 ---p 00009000 08:01 15343533                   /usr/lib/x86_64-linux-gnu/libXrender.so.1.3.0
7f2723083000-7f2723084000 r--p 00008000 08:01 15343533                   /usr/lib/x86_64-linux-gnu/libXrender.so.1.3.0
7f2723084000-7f2723085000 rw-p 00009000 08:01 15343533                   /usr/lib/x86_64-linux-gnu/libXrender.so.1.3.0
7f2723085000-7f27231b8000 r-xp 00000000 08:01 15343494                   /usr/lib/x86_64-linux-gnu/libX11.so.6.3.0
7f27231b8000-7f27233b8000 ---p 00133000 08:01 15343494                   /usr/lib/x86_64-linux-gnu/libX11.so.6.3.0
7f27233b8000-7f27233b9000 r--p 00133000 08:01 15343494                   /usr/lib/x86_64-linux-gnu/libX11.so.6.3.0
7f27233b9000-7f27233bd000 rw-p 00134000 08:01 15343494                   /usr/lib/x86_64-linux-gnu/libX11.so.6.3.0
7f27233bd000-7f27233be000 rw-p 00000000 00:00 0 
7f27233be000-7f27233cf000 r-xp 00000000 08:01 15343511                   /usr/lib/x86_64-linux-gnu/libXext.so.6.4.0
7f27233cf000-7f27235ce000 ---p 00011000 08:01 15343511                   /usr/lib/x86_64-linux-gnu/libXext.so.6.4.0
7f27235ce000-7f27235cf000 r--p 00010000 08:01 15343511                   /usr/lib/x86_64-linux-gnu/libXext.so.6.4.0
7f27235cf000-7f27235d0000 rw-p 00011000 08:01 15343511                   /usr/lib/x86_64-linux-gnu/libXext.so.6.4.0
7f27235d0000-7f2723624000 r-xp 00000000 08:01 3450826                    /home/ema/Scaricati/jdk1.8.0_92/jre/lib/amd64/libawt_xawt.so
7f2723624000-7f2723824000 ---p 00054000 08:01 3450826                    /home/ema/Scaricati/jdk1.8.0_92/jre/lib/amd64/libawt_xawt.so
7f2723824000-7f2723828000 rw-p 00054000 08:01 3450826                    /home/ema/Scaricati/jdk1.8.0_92/jre/lib/amd64/libawt_xawt.so
7f2723828000-7f2723829000 rw-p 00000000 00:00 0 
7f2723829000-7f27238cb000 r-xp 00000000 08:01 3450809                    /home/ema/Scaricati/jdk1.8.0_92/jre/lib/amd64/libawt.so
7f27238cb000-7f2723acb000 ---p 000a2000 08:01 3450809                    /home/ema/Scaricati/jdk1.8.0_92/jre/lib/amd64/libawt.so
7f2723acb000-7f2723ad7000 rw-p 000a2000 08:01 3450809                    /home/ema/Scaricati/jdk1.8.0_92/jre/lib/amd64/libawt.so
7f2723ad7000-7f2723afb000 rw-p 00000000 00:00 0 
7f2723afb000-7f2723afc000 ---p 00000000 00:00 0 
7f2723afc000-7f2723bfc000 rw-p 00000000 00:00 0 
7f2723bfc000-7f2723bff000 ---p 00000000 00:00 0 
7f2723bff000-7f2723cfd000 rw-p 00000000 00:00 0 
7f2723cfd000-7f2723d00000 ---p 00000000 00:00 0 
7f2723d00000-7f2723dfe000 rw-p 00000000 00:00 0 
7f2723dfe000-7f2723e01000 ---p 00000000 00:00 0 
7f2723e01000-7f2723eff000 rw-p 00000000 00:00 0 
7f2723eff000-7f2723f02000 ---p 00000000 00:00 0 
7f2723f02000-7f2724000000 rw-p 00000000 00:00 0 
7f2724000000-7f2724021000 rw-p 00000000 00:00 0 
7f2724021000-7f2728000000 ---p 00000000 00:00 0 
7f2728003000-7f2728083000 rw-s 1e65a4000 00:06 9579                      /dev/dri/card0
7f2728083000-7f2728086000 ---p 00000000 00:00 0 
7f2728086000-7f2728184000 rw-p 00000000 00:00 0 
7f2728184000-7f2728187000 ---p 00000000 00:00 0 
7f2728187000-7f2728285000 rw-p 00000000 00:00 0 
7f2728285000-7f2728968000 r--p 00000000 08:01 15342584                   /usr/lib/locale/locale-archive
7f2728968000-7f272896b000 ---p 00000000 00:00 0 
7f272896b000-7f2728a69000 rw-p 00000000 00:00 0 
7f2728a69000-7f2728a6c000 ---p 00000000 00:00 0 
7f2728a6c000-7f2728b6a000 rw-p 00000000 00:00 0 
7f2728b6a000-7f2728b6b000 ---p 00000000 00:00 0 
7f2728b6b000-7f272c000000 rw-p 00000000 00:00 0 
7f272c000000-7f272c021000 rw-p 00000000 00:00 0 
7f272c021000-7f2730000000 ---p 00000000 00:00 0 
7f2730000000-7f2730021000 rw-p 00000000 00:00 0 
7f2730021000-7f2734000000 ---p 00000000 00:00 0 
7f2734000000-7f2734021000 rw-p 00000000 00:00 0 
7f2734021000-7f2738000000 ---p 00000000 00:00 0 
7f2738000000-7f2738021000 rw-p 00000000 00:00 0 
7f2738021000-7f273c000000 ---p 00000000 00:00 0 
7f273c000000-7f273c021000 rw-p 00000000 00:00 0 
7f273c021000-7f2740000000 ---p 00000000 00:00 0 
7f2740011000-7f2740012000 rw-s 199bad000 00:06 9579                      /dev/dri/card0
7f2740012000-7f2740016000 rw-s 1a1bcb000 00:06 9579                      /dev/dri/card0
7f2740016000-7f2740032000 r--s 00393000 08:01 3450599                    /home/ema/Scaricati/jdk1.8.0_92/jre/lib/ext/cldrdata.jar
7f2740032000-7f2740035000 ---p 00000000 00:00 0 
7f2740035000-7f274006b000 rw-p 00000000 00:00 0 
7f274006b000-7f274008e000 r--s 002ec000 08:01 3540429                    /home/ema/Dropbox/ACCADEMIC/Programmi/Java/ucsdunfoldingmaps/lib/jogl-all.jar
7f274008e000-7f2741000000 rw-p 00000000 00:00 0 
7f2741000000-7f27418e0000 rwxp 00000000 00:00 0 
7f27418e0000-7f2750000000 ---p 00000000 00:00 0 
7f2750000000-7f275029c000 rw-p 00000000 00:00 0 
7f275029c000-7f2754000000 ---p 00000000 00:00 0 
7f2754001000-7f2754005000 rw-s 1a3536000 00:06 9579                      /dev/dri/card0
7f2754005000-7f275400f000 r--s 00116000 08:01 3450653                    /home/ema/Scaricati/jdk1.8.0_92/jre/lib/ext/localedata.jar
7f275400f000-7f275480a000 rw-p 00000000 00:00 0 
7f275480a000-7f27549e3000 r--s 03d24000 08:01 3450543                    /home/ema/Scaricati/jdk1.8.0_92/jre/lib/rt.jar
7f27549e3000-7f2755542000 rw-p 00000000 00:00 0 
7f2755542000-7f2755543000 ---p 00000000 00:00 0 
7f2755543000-7f2755643000 rw-p 00000000 00:00 0 
7f2755643000-7f2755644000 ---p 00000000 00:00 0 
7f2755644000-7f2755744000 rw-p 00000000 00:00 0 
7f2755744000-7f2755745000 ---p 00000000 00:00 0 
7f2755745000-7f2755845000 rw-p 00000000 00:00 0 
7f2755845000-7f2755846000 ---p 00000000 00:00 0 
7f2755846000-7f2755946000 rw-p 00000000 00:00 0 
7f2755946000-7f2755947000 ---p 00000000 00:00 0 
7f2755947000-7f2755a47000 rw-p 00000000 00:00 0 
7f2755a47000-7f2755a48000 ---p 00000000 00:00 0 
7f2755a48000-7f2755b48000 rw-p 00000000 00:00 0 
7f2755b48000-7f2755b49000 ---p 00000000 00:00 0 
7f2755b49000-7f2755c49000 rw-p 00000000 00:00 0 
7f2755c49000-7f2755c4a000 ---p 00000000 00:00 0 
7f2755c4a000-7f2755d6f000 rw-p 00000000 00:00 0 
7f2755d6f000-7f2755f3b000 ---p 00000000 00:00 0 
7f2755f3b000-7f2755f60000 rw-p 00000000 00:00 0 
7f2755f60000-7f275612b000 ---p 00000000 00:00 0 
7f275612b000-7f275614e000 rw-p 00000000 00:00 0 
7f275614e000-7f2756224000 ---p 00000000 00:00 0 
7f2756224000-7f2756249000 rw-p 00000000 00:00 0 
7f2756249000-7f27565e5000 ---p 00000000 00:00 0 
7f27565e5000-7f27565ff000 r-xp 00000000 08:01 3450813                    /home/ema/Scaricati/jdk1.8.0_92/jre/lib/amd64/libzip.so
7f27565ff000-7f27567ff000 ---p 0001a000 08:01 3450813                    /home/ema/Scaricati/jdk1.8.0_92/jre/lib/amd64/libzip.so
7f27567ff000-7f2756800000 rw-p 0001a000 08:01 3450813                    /home/ema/Scaricati/jdk1.8.0_92/jre/lib/amd64/libzip.so
7f2756800000-7f275680c000 r-xp 00000000 08:01 27267297                   /lib/x86_64-linux-gnu/libnss_files-2.21.so
7f275680c000-7f2756a0b000 ---p 0000c000 08:01 27267297                   /lib/x86_64-linux-gnu/libnss_files-2.21.so
7f2756a0b000-7f2756a0c000 r--p 0000b000 08:01 27267297                   /lib/x86_64-linux-gnu/libnss_files-2.21.so
7f2756a0c000-7f2756a0d000 rw-p 0000c000 08:01 27267297                   /lib/x86_64-linux-gnu/libnss_files-2.21.so
7f2756a0d000-7f2756a18000 r-xp 00000000 08:01 27267307                   /lib/x86_64-linux-gnu/libnss_nis-2.21.so
7f2756a18000-7f2756c17000 ---p 0000b000 08:01 27267307                   /lib/x86_64-linux-gnu/libnss_nis-2.21.so
7f2756c17000-7f2756c18000 r--p 0000a000 08:01 27267307                   /lib/x86_64-linux-gnu/libnss_nis-2.21.so
7f2756c18000-7f2756c19000 rw-p 0000b000 08:01 27267307                   /lib/x86_64-linux-gnu/libnss_nis-2.21.so
7f2756c19000-7f2756c30000 r-xp 00000000 08:01 27267291                   /lib/x86_64-linux-gnu/libnsl-2.21.so
7f2756c30000-7f2756e2f000 ---p 00017000 08:01 27267291                   /lib/x86_64-linux-gnu/libnsl-2.21.so
7f2756e2f000-7f2756e30000 r--p 00016000 08:01 27267291                   /lib/x86_64-linux-gnu/libnsl-2.21.so
7f2756e30000-7f2756e31000 rw-p 00017000 08:01 27267291                   /lib/x86_64-linux-gnu/libnsl-2.21.so
7f2756e31000-7f2756e33000 rw-p 00000000 00:00 0 
7f2756e33000-7f2756e3b000 r-xp 00000000 08:01 27267293                   /lib/x86_64-linux-gnu/libnss_compat-2.21.so
7f2756e3b000-7f275703a000 ---p 00008000 08:01 27267293                   /lib/x86_64-linux-gnu/libnss_compat-2.21.so
7f275703a000-7f275703b000 r--p 00007000 08:01 27267293                   /lib/x86_64-linux-gnu/libnss_compat-2.21.so
7f275703b000-7f275703c000 rw-p 00008000 08:01 27267293                   /lib/x86_64-linux-gnu/libnss_compat-2.21.so
7f275703c000-7f2757066000 r-xp 00000000 08:01 3450807                    /home/ema/Scaricati/jdk1.8.0_92/jre/lib/amd64/libjava.so
7f2757066000-7f2757266000 ---p 0002a000 08:01 3450807                    /home/ema/Scaricati/jdk1.8.0_92/jre/lib/amd64/libjava.so
7f2757266000-7f2757268000 rw-p 0002a000 08:01 3450807                    /home/ema/Scaricati/jdk1.8.0_92/jre/lib/amd64/libjava.so
7f2757268000-7f2757275000 r-xp 00000000 08:01 3450812                    /home/ema/Scaricati/jdk1.8.0_92/jre/lib/amd64/libverify.so
7f2757275000-7f2757475000 ---p 0000d000 08:01 3450812                    /home/ema/Scaricati/jdk1.8.0_92/jre/lib/amd64/libverify.so
7f2757475000-7f2757477000 rw-p 0000d000 08:01 3450812                    /home/ema/Scaricati/jdk1.8.0_92/jre/lib/amd64/libverify.so
7f2757477000-7f275747e000 r-xp 00000000 08:01 27267352                   /lib/x86_64-linux-gnu/librt-2.21.so
7f275747e000-7f275767d000 ---p 00007000 08:01 27267352                   /lib/x86_64-linux-gnu/librt-2.21.so
7f275767d000-7f275767e000 r--p 00006000 08:01 27267352                   /lib/x86_64-linux-gnu/librt-2.21.so
7f275767e000-7f275767f000 rw-p 00007000 08:01 27267352                   /lib/x86_64-linux-gnu/librt-2.21.so
7f275767f000-7f2757786000 r-xp 00000000 08:01 27267270                   /lib/x86_64-linux-gnu/libm-2.21.so
7f2757786000-7f2757985000 ---p 00107000 08:01 27267270                   /lib/x86_64-linux-gnu/libm-2.21.so
7f2757985000-7f2757986000 r--p 00106000 08:01 27267270                   /lib/x86_64-linux-gnu/libm-2.21.so
7f2757986000-7f2757987000 rw-p 00107000 08:01 27267270                   /lib/x86_64-linux-gnu/libm-2.21.so
7f2757987000-7f275864a000 r-xp 00000000 08:01 3450788                    /home/ema/Scaricati/jdk1.8.0_92/jre/lib/amd64/server/libjvm.so
7f275864a000-7f2758849000 ---p 00cc3000 08:01 3450788                    /home/ema/Scaricati/jdk1.8.0_92/jre/lib/amd64/server/libjvm.so
7f2758849000-7f2758922000 rw-p 00cc2000 08:01 3450788                    /home/ema/Scaricati/jdk1.8.0_92/jre/lib/amd64/server/libjvm.so
7f2758922000-7f275896d000 rw-p 00000000 00:00 0 
7f275896d000-7f2758b2d000 r-xp 00000000 08:01 27267211                   /lib/x86_64-linux-gnu/libc-2.21.so
7f2758b2d000-7f2758d2d000 ---p 001c0000 08:01 27267211                   /lib/x86_64-linux-gnu/libc-2.21.so
7f2758d2d000-7f2758d31000 r--p 001c0000 08:01 27267211                   /lib/x86_64-linux-gnu/libc-2.21.so
7f2758d31000-7f2758d33000 rw-p 001c4000 08:01 27267211                   /lib/x86_64-linux-gnu/libc-2.21.so
7f2758d33000-7f2758d37000 rw-p 00000000 00:00 0 
7f2758d37000-7f2758d3a000 r-xp 00000000 08:01 27267228                   /lib/x86_64-linux-gnu/libdl-2.21.so
7f2758d3a000-7f2758f39000 ---p 00003000 08:01 27267228                   /lib/x86_64-linux-gnu/libdl-2.21.so
7f2758f39000-7f2758f3a000 r--p 00002000 08:01 27267228                   /lib/x86_64-linux-gnu/libdl-2.21.so
7f2758f3a000-7f2758f3b000 rw-p 00003000 08:01 27267228                   /lib/x86_64-linux-gnu/libdl-2.21.so
7f2758f3b000-7f2758f50000 r-xp 00000000 08:01 3450782                    /home/ema/Scaricati/jdk1.8.0_92/jre/lib/amd64/jli/libjli.so
7f2758f50000-7f2759150000 ---p 00015000 08:01 3450782                    /home/ema/Scaricati/jdk1.8.0_92/jre/lib/amd64/jli/libjli.so
7f2759150000-7f2759151000 rw-p 00015000 08:01 3450782                    /home/ema/Scaricati/jdk1.8.0_92/jre/lib/amd64/jli/libjli.so
7f2759151000-7f2759169000 r-xp 00000000 08:01 27267344                   /lib/x86_64-linux-gnu/libpthread-2.21.so
7f2759169000-7f2759369000 ---p 00018000 08:01 27267344                   /lib/x86_64-linux-gnu/libpthread-2.21.so
7f2759369000-7f275936a000 r--p 00018000 08:01 27267344                   /lib/x86_64-linux-gnu/libpthread-2.21.so
7f275936a000-7f275936b000 rw-p 00019000 08:01 27267344                   /lib/x86_64-linux-gnu/libpthread-2.21.so
7f275936b000-7f275936f000 rw-p 00000000 00:00 0 
7f275936f000-7f2759393000 r-xp 00000000 08:01 27267183                   /lib/x86_64-linux-gnu/ld-2.21.so
7f2759393000-7f2759394000 rw-p 00000000 00:00 0 
7f2759394000-7f2759396000 rw-s 1e7507000 00:06 9579                      /dev/dri/card0
7f2759396000-7f2759397000 rw-s 119157000 00:06 9579                      /dev/dri/card0
7f2759397000-7f2759398000 rwxp 00000000 00:00 0 
7f2759398000-7f2759399000 rw-s 1e67a4000 00:06 9579                      /dev/dri/card0
7f2759399000-7f275939b000 r--s 00000000 08:01 3540406                    /home/ema/Dropbox/ACCADEMIC/Programmi/Java/ucsdunfoldingmaps/lib/gluegen-rt-natives-linux-amd64.jar
7f275939b000-7f275939f000 r--s 00097000 08:01 3450594                    /home/ema/Scaricati/jdk1.8.0_92/jre/lib/jsse.jar
7f275939f000-7f27593a5000 r--s 00033000 08:01 3540448                    /home/ema/Dropbox/ACCADEMIC/Programmi/Java/ucsdunfoldingmaps/lib/unfolding.0.9.7-uscd.jar
7f27593a5000-7f2759467000 rw-p 00000000 00:00 0 
7f2759467000-7f275946a000 ---p 00000000 00:00 0 
7f275946a000-7f275956c000 rw-p 00000000 00:00 0 
7f275956c000-7f275956d000 r--s 0002f000 08:01 3540414                    /home/ema/Dropbox/ACCADEMIC/Programmi/Java/ucsdunfoldingmaps/lib/jogl-all-natives-linux-amd64.jar
7f275956d000-7f275956e000 r--p 00000000 00:00 0 
7f275956e000-7f275956f000 r--s 00005000 08:01 3540435                    /home/ema/Dropbox/ACCADEMIC/Programmi/Java/ucsdunfoldingmaps/lib/libTUIO.jar
7f275956f000-7f2759570000 r--s 00007000 08:01 3540430                    /home/ema/Dropbox/ACCADEMIC/Programmi/Java/ucsdunfoldingmaps/lib/json4processing.jar
7f2759570000-7f2759575000 r--s 00309000 08:01 3540440                    /home/ema/Dropbox/ACCADEMIC/Programmi/Java/ucsdunfoldingmaps/lib/sqlite-jdbc-3.7.2.jar
7f2759575000-7f275957c000 r--s 00059000 08:01 3540436                    /home/ema/Dropbox/ACCADEMIC/Programmi/Java/ucsdunfoldingmaps/lib/log4j-1.2.15.jar
7f275957c000-7f2759582000 r--s 00041000 08:01 3540413                    /home/ema/Dropbox/ACCADEMIC/Programmi/Java/ucsdunfoldingmaps/lib/gluegen-rt.jar
7f2759582000-7f2759586000 r--s 0009a000 08:01 3540405                    /home/ema/Dropbox/ACCADEMIC/Programmi/Java/ucsdunfoldingmaps/lib/core.jar
7f2759586000-7f275958e000 rw-s 00000000 08:01 28312146                   /tmp/hsperfdata_ema/18504
7f275958e000-7f275958f000 rw-p 00000000 00:00 0 
7f275958f000-7f2759590000 r--p 00000000 00:00 0 
7f2759590000-7f2759592000 rw-p 00000000 00:00 0 
7f2759592000-7f2759593000 r--p 00023000 08:01 27267183                   /lib/x86_64-linux-gnu/ld-2.21.so
7f2759593000-7f2759594000 rw-p 00024000 08:01 27267183                   /lib/x86_64-linux-gnu/ld-2.21.so
7f2759594000-7f2759595000 rw-p 00000000 00:00 0 
7fff763f7000-7fff76418000 rw-p 00000000 00:00 0                          [stack]
7fff76573000-7fff76575000 r--p 00000000 00:00 0                          [vvar]
7fff76575000-7fff76577000 r-xp 00000000 00:00 0                          [vdso]
ffffffffff600000-ffffffffff601000 r-xp 00000000 00:00 0                  [vsyscall]

VM Arguments:
jvm_args: -Djava.security.policy=java.policy.applet -Dfile.encoding=UTF-8 
java_command: sun.applet.AppletViewer module3.EarthquakeCityMap1475764610567.html
java_class_path (initial): /home/ema/Dropbox/ACCADEMIC/Programmi/Java/ucsdunfoldingmaps/build:/home/ema/Dropbox/ACCADEMIC/Programmi/Java/ucsdunfoldingmaps/lib/core.jar:/home/ema/Dropbox/ACCADEMIC/Programmi/Java/ucsdunfoldingmaps/lib/gluegen-rt.jar:/home/ema/Dropbox/ACCADEMIC/Programmi/Java/ucsdunfoldingmaps/lib/jogl-all.jar:/home/ema/Dropbox/ACCADEMIC/Programmi/Java/ucsdunfoldingmaps/lib/log4j-1.2.15.jar:/home/ema/Dropbox/ACCADEMIC/Programmi/Java/ucsdunfoldingmaps/lib/sqlite-jdbc-3.7.2.jar:/home/ema/Dropbox/ACCADEMIC/Programmi/Java/ucsdunfoldingmaps/lib/json4processing.jar:/home/ema/Dropbox/ACCADEMIC/Programmi/Java/ucsdunfoldingmaps/lib/libTUIO.jar:/home/ema/Dropbox/ACCADEMIC/Programmi/Java/ucsdunfoldingmaps/lib/unfolding.0.9.7-uscd.jar
Launcher Type: SUN_STANDARD

Environment Variables:
PATH=/usr/local/sbin:/usr/local/bin:/usr/sbin:/usr/bin:/sbin:/bin:/usr/games:/usr/local/games
SHELL=/bin/bash
DISPLAY=:0

Signal Handlers:
SIGSEGV: [libjvm.so+0xabdee0], sa_mask[0]=11111111011111111101111111111110, sa_flags=SA_RESTART|SA_SIGINFO
SIGBUS: [libjvm.so+0xabdee0], sa_mask[0]=11111111011111111101111111111110, sa_flags=SA_RESTART|SA_SIGINFO
SIGFPE: [libjvm.so+0x91a580], sa_mask[0]=11111111011111111101111111111110, sa_flags=SA_RESTART|SA_SIGINFO
SIGPIPE: [libjvm.so+0x91a580], sa_mask[0]=11111111011111111101111111111110, sa_flags=SA_RESTART|SA_SIGINFO
SIGXFSZ: [libjvm.so+0x91a580], sa_mask[0]=11111111011111111101111111111110, sa_flags=SA_RESTART|SA_SIGINFO
SIGILL: [libjvm.so+0x91a580], sa_mask[0]=11111111011111111101111111111110, sa_flags=SA_RESTART|SA_SIGINFO
SIGUSR1: SIG_DFL, sa_mask[0]=00000000000000000000000000000000, sa_flags=none
SIGUSR2: [libjvm.so+0x91bbb0], sa_mask[0]=00100000000000000000000000000000, sa_flags=SA_RESTART|SA_SIGINFO
SIGHUP: [libjvm.so+0x91cfb0], sa_mask[0]=11111111011111111101111111111110, sa_flags=SA_RESTART|SA_SIGINFO
SIGINT: [libjvm.so+0x91cfb0], sa_mask[0]=11111111011111111101111111111110, sa_flags=SA_RESTART|SA_SIGINFO
SIGTERM: [libjvm.so+0x91cfb0], sa_mask[0]=11111111011111111101111111111110, sa_flags=SA_RESTART|SA_SIGINFO
SIGQUIT: [libjvm.so+0x91cfb0], sa_mask[0]=11111111011111111101111111111110, sa_flags=SA_RESTART|SA_SIGINFO


---------------  S Y S T E M  ---------------

OS:DISTRIB_ID=Ubuntu
DISTRIB_RELEASE=15.04
DISTRIB_CODENAME=vivid
DISTRIB_DESCRIPTION="Ubuntu 15.04"

uname:Linux 3.19.0-69-generic #77-Ubuntu SMP Mon Aug 29 19:53:54 UTC 2016 x86_64
libc:glibc 2.21 NPTL 2.21 
rlimit: STACK 8192k, CORE 0k, NPROC 23746, NOFILE 65536, AS infinity
load average:0,36 0,25 0,27

/proc/meminfo:
MemTotal:        6101264 kB
MemFree:         1357912 kB
MemAvailable:    2846140 kB
Buffers:          699400 kB
Cached:           965636 kB
SwapCached:            0 kB
Active:          3995112 kB
Inactive:         484764 kB
Active(anon):    2818852 kB
Inactive(anon):    41280 kB
Active(file):    1176260 kB
Inactive(file):   443484 kB
Unevictable:          60 kB
Mlocked:              60 kB
SwapTotal:             0 kB
SwapFree:              0 kB
Dirty:                40 kB
Writeback:             0 kB
AnonPages:       2814968 kB
Mapped:           433144 kB
Shmem:             45296 kB
Slab:             124672 kB
SReclaimable:      74852 kB
SUnreclaim:        49820 kB
KernelStack:       12032 kB
PageTables:        38236 kB
NFS_Unstable:          0 kB
Bounce:                0 kB
WritebackTmp:          0 kB
CommitLimit:     3050632 kB
Committed_AS:    7260924 kB
VmallocTotal:   34359738367 kB
VmallocUsed:      316008 kB
VmallocChunk:   34359319508 kB
HardwareCorrupted:     0 kB
AnonHugePages:   1169408 kB
CmaTotal:              0 kB
CmaFree:               0 kB
HugePages_Total:       0
HugePages_Free:        0
HugePages_Rsvd:        0
HugePages_Surp:        0
Hugepagesize:       2048 kB
DirectMap4k:      171520 kB
DirectMap2M:     6111232 kB


CPU:total 8 (4 cores per cpu, 2 threads per core) family 6 model 26 stepping 5, cmov, cx8, fxsr, mmx, sse, sse2, sse3, ssse3, sse4.1, sse4.2, popcnt, ht, tsc, tscinvbit, tscinv

/proc/cpuinfo:
processor	: 0
vendor_id	: GenuineIntel
cpu family	: 6
model		: 26
model name	: Intel(R) Core(TM) i7 CPU         920  @ 2.67GHz
stepping	: 5
microcode	: 0xf
cpu MHz		: 1733.000
cache size	: 8192 KB
physical id	: 0
siblings	: 8
core id		: 0
cpu cores	: 4
apicid		: 0
initial apicid	: 0
fpu		: yes
fpu_exception	: yes
cpuid level	: 11
wp		: yes
flags		: fpu vme de pse tsc msr pae mce cx8 apic sep mtrr pge mca cmov pat pse36 clflush dts acpi mmx fxsr sse sse2 ss ht tm pbe syscall nx rdtscp lm constant_tsc arch_perfmon pebs bts rep_good nopl xtopology nonstop_tsc aperfmperf pni dtes64 monitor ds_cpl vmx est tm2 ssse3 cx16 xtpr pdcm sse4_1 sse4_2 popcnt lahf_lm ida dtherm tpr_shadow vnmi flexpriority ept vpid
bugs		:
bogomips	: 5344.97
clflush size	: 64
cache_alignment	: 64
address sizes	: 36 bits physical, 48 bits virtual
power management:

processor	: 1
vendor_id	: GenuineIntel
cpu family	: 6
model		: 26
model name	: Intel(R) Core(TM) i7 CPU         920  @ 2.67GHz
stepping	: 5
microcode	: 0xf
cpu MHz		: 1867.000
cache size	: 8192 KB
physical id	: 0
siblings	: 8
core id		: 1
cpu cores	: 4
apicid		: 2
initial apicid	: 2
fpu		: yes
fpu_exception	: yes
cpuid level	: 11
wp		: yes
flags		: fpu vme de pse tsc msr pae mce cx8 apic sep mtrr pge mca cmov pat pse36 clflush dts acpi mmx fxsr sse sse2 ss ht tm pbe syscall nx rdtscp lm constant_tsc arch_perfmon pebs bts rep_good nopl xtopology nonstop_tsc aperfmperf pni dtes64 monitor ds_cpl vmx est tm2 ssse3 cx16 xtpr pdcm sse4_1 sse4_2 popcnt lahf_lm ida dtherm tpr_shadow vnmi flexpriority ept vpid
bugs		:
bogomips	: 5344.97
clflush size	: 64
cache_alignment	: 64
address sizes	: 36 bits physical, 48 bits virtual
power management:

processor	: 2
vendor_id	: GenuineIntel
cpu family	: 6
model		: 26
model name	: Intel(R) Core(TM) i7 CPU         920  @ 2.67GHz
stepping	: 5
microcode	: 0xf
cpu MHz		: 1600.000
cache size	: 8192 KB
physical id	: 0
siblings	: 8
core id		: 2
cpu cores	: 4
apicid		: 4
initial apicid	: 4
fpu		: yes
fpu_exception	: yes
cpuid level	: 11
wp		: yes
flags		: fpu vme de pse tsc msr pae mce cx8 apic sep mtrr pge mca cmov pat pse36 clflush dts acpi mmx fxsr sse sse2 ss ht tm pbe syscall nx rdtscp lm constant_tsc arch_perfmon pebs bts rep_good nopl xtopology nonstop_tsc aperfmperf pni dtes64 monitor ds_cpl vmx est tm2 ssse3 cx16 xtpr pdcm sse4_1 sse4_2 popcnt lahf_lm ida dtherm tpr_shadow vnmi flexpriority ept vpid
bugs		:
bogomips	: 5344.97
clflush size	: 64
cache_alignment	: 64
address sizes	: 36 bits physical, 48 bits virtual
power management:

processor	: 3
vendor_id	: GenuineIntel
cpu family	: 6
model		: 26
model name	: Intel(R) Core(TM) i7 CPU         920  @ 2.67GHz
stepping	: 5
microcode	: 0xf
cpu MHz		: 2533.000
cache size	: 8192 KB
physical id	: 0
siblings	: 8
core id		: 3
cpu cores	: 4
apicid		: 6
initial apicid	: 6
fpu		: yes
fpu_exception	: yes
cpuid level	: 11
wp		: yes
flags		: fpu vme de pse tsc msr pae mce cx8 apic sep mtrr pge mca cmov pat pse36 clflush dts acpi mmx fxsr sse sse2 ss ht tm pbe syscall nx rdtscp lm constant_tsc arch_perfmon pebs bts rep_good nopl xtopology nonstop_tsc aperfmperf pni dtes64 monitor ds_cpl vmx est tm2 ssse3 cx16 xtpr pdcm sse4_1 sse4_2 popcnt lahf_lm ida dtherm tpr_shadow vnmi flexpriority ept vpid
bugs		:
bogomips	: 5344.97
clflush size	: 64
cache_alignment	: 64
address sizes	: 36 bits physical, 48 bits virtual
power management:

processor	: 4
vendor_id	: GenuineIntel
cpu family	: 6
model		: 26
model name	: Intel(R) Core(TM) i7 CPU         920  @ 2.67GHz
stepping	: 5
microcode	: 0xf
cpu MHz		: 1600.000
cache size	: 8192 KB
physical id	: 0
siblings	: 8
core id		: 0
cpu cores	: 4
apicid		: 1
initial apicid	: 1
fpu		: yes
fpu_exception	: yes
cpuid level	: 11
wp		: yes
flags		: fpu vme de pse tsc msr pae mce cx8 apic sep mtrr pge mca cmov pat pse36 clflush dts acpi mmx fxsr sse sse2 ss ht tm pbe syscall nx rdtscp lm constant_tsc arch_perfmon pebs bts rep_good nopl xtopology nonstop_tsc aperfmperf pni dtes64 monitor ds_cpl vmx est tm2 ssse3 cx16 xtpr pdcm sse4_1 sse4_2 popcnt lahf_lm ida dtherm tpr_shadow vnmi flexpriority ept vpid
bugs		:
bogomips	: 5344.97
clflush size	: 64
cache_alignment	: 64
address sizes	: 36 bits physical, 48 bits virtual
power management:

processor	: 5
vendor_id	: GenuineIntel
cpu family	: 6
model		: 26
model name	: Intel(R) Core(TM) i7 CPU         920  @ 2.67GHz
stepping	: 5
microcode	: 0xf
cpu MHz		: 2400.000
cache size	: 8192 KB
physical id	: 0
siblings	: 8
core id		: 1
cpu cores	: 4
apicid		: 3
initial apicid	: 3
fpu		: yes
fpu_exception	: yes
cpuid level	: 11
wp		: yes
flags		: fpu vme de pse tsc msr pae mce cx8 apic sep mtrr pge mca cmov pat pse36 clflush dts acpi mmx fxsr sse sse2 ss ht tm pbe syscall nx rdtscp lm constant_tsc arch_perfmon pebs bts rep_good nopl xtopology nonstop_tsc aperfmperf pni dtes64 monitor ds_cpl vmx est tm2 ssse3 cx16 xtpr pdcm sse4_1 sse4_2 popcnt lahf_lm ida dtherm tpr_shadow vnmi flexpriority ept vpid
bugs		:
bogomips	: 5344.97
clflush size	: 64
cache_alignment	: 64
address sizes	: 36 bits physical, 48 bits virtual
power management:

processor	: 6
vendor_id	: GenuineIntel
cpu family	: 6
model		: 26
model name	: Intel(R) Core(TM) i7 CPU         920  @ 2.67GHz
stepping	: 5
microcode	: 0xf
cpu MHz		: 1600.000
cache size	: 8192 KB
physical id	: 0
siblings	: 8
core id		: 2
cpu cores	: 4
apicid		: 5
initial apicid	: 5
fpu		: yes
fpu_exception	: yes
cpuid level	: 11
wp		: yes
flags		: fpu vme de pse tsc msr pae mce cx8 apic sep mtrr pge mca cmov pat pse36 clflush dts acpi mmx fxsr sse sse2 ss ht tm pbe syscall nx rdtscp lm constant_tsc arch_perfmon pebs bts rep_good nopl xtopology nonstop_tsc aperfmperf pni dtes64 monitor ds_cpl vmx est tm2 ssse3 cx16 xtpr pdcm sse4_1 sse4_2 popcnt lahf_lm ida dtherm tpr_shadow vnmi flexpriority ept vpid
bugs		:
bogomips	: 5344.97
clflush size	: 64
cache_alignment	: 64
address sizes	: 36 bits physical, 48 bits virtual
power management:

processor	: 7
vendor_id	: GenuineIntel
cpu family	: 6
model		: 26
model name	: Intel(R) Core(TM) i7 CPU         920  @ 2.67GHz
stepping	: 5
microcode	: 0xf
cpu MHz		: 2668.000
cache size	: 8192 KB
physical id	: 0
siblings	: 8
core id		: 3
cpu cores	: 4
apicid		: 7
initial apicid	: 7
fpu		: yes
fpu_exception	: yes
cpuid level	: 11
wp		: yes
flags		: fpu vme de pse tsc msr pae mce cx8 apic sep mtrr pge mca cmov pat pse36 clflush dts acpi mmx fxsr sse sse2 ss ht tm pbe syscall nx rdtscp lm constant_tsc arch_perfmon pebs bts rep_good nopl xtopology nonstop_tsc aperfmperf pni dtes64 monitor ds_cpl vmx est tm2 ssse3 cx16 xtpr pdcm sse4_1 sse4_2 popcnt lahf_lm ida dtherm tpr_shadow vnmi flexpriority ept vpid
bugs		:
bogomips	: 5344.97
clflush size	: 64
cache_alignment	: 64
address sizes	: 36 bits physical, 48 bits virtual
power management:



Memory: 4k page, physical 6101264k(1357912k free), swap 0k(0k free)

vm_info: Java HotSpot(TM) 64-Bit Server VM (25.92-b14) for linux-amd64 JRE (1.8.0_92-b14), built on Mar 31 2016 21:08:29 by "java_re" with gcc 4.3.0 20080428 (Red Hat 4.3.0-8)

time: Thu Oct  6 16:38:06 2016
elapsed time: 75 seconds (0d 0h 1m 15s)

