#
# A fatal error has been detected by the Java Runtime Environment:
#
#  SIGSEGV (0xb) at pc=0x00007f8b9f6e4987, pid=19657, tid=0x00007f8bb4cee700
#
# JRE version: Java(TM) SE Runtime Environment (8.0_92-b14) (build 1.8.0_92-b14)
# Java VM: Java HotSpot(TM) 64-Bit Server VM (25.92-b14 mixed mode linux-amd64 compressed oops)
# Problematic frame:
# C  [nouveau_dri.so+0x29e987]
#
# Failed to write core dump. Core dumps have been disabled. To enable core dumping, try "ulimit -c unlimited" before starting Java again
#
# If you would like to submit a bug report, please visit:
#   http://bugreport.java.com/bugreport/crash.jsp
# The crash happened outside the Java Virtual Machine in native code.
# See problematic frame for where to report the bug.
#

---------------  T H R E A D  ---------------

Current thread (0x00007f8b58008800):  JavaThread "AWT-EventQueue-1" [_thread_in_native, id=19688, stack(0x00007f8bb4bee000,0x00007f8bb4cef000)]

siginfo: si_signo: 11 (SIGSEGV), si_code: 1 (SEGV_MAPERR), si_addr: 0x000000000000c030

Registers:
RAX=0x0000000000000000, RBX=0x00007f8b540b1d00, RCX=0x0000000000000000, RDX=0x0000000000000001
RSP=0x00007f8bb4cec5e0, RBP=0x000000000000c000, RSI=0x00007f8b540b25b0, RDI=0x0000000100000000
R8 =0x0000000000000000, R9 =0x00007f8baf39fc60, R10=0x00007f8bc541ca47, R11=0x00000000a3543a80
R12=0x0000000000000001, R13=0x00007f8b4812b250, R14=0x0000000000000000, R15=0x0000000000000001
RIP=0x00007f8b9f6e4987, EFLAGS=0x0000000000010202, CSGSFS=0x0000000000000033, ERR=0x0000000000000004
  TRAPNO=0x000000000000000e

Top of Stack: (sp=0x00007f8bb4cec5e0)
0x00007f8bb4cec5e0:   00007f8bb4cec630 00007f8bc52676fc
0x00007f8bb4cec5f0:   00000000e55ce4f8 4f429c44b135cf00
0x00007f8bb4cec600:   00000000a3f84300 00007f8b540b1bd0
0x00007f8bb4cec610:   0000000000000000 00007f8b4812b700
0x00007f8bb4cec620:   00007f8b4812b250 00007f8b4812b8b0
0x00007f8bb4cec630:   0000000000000000 00007f8baf39fd02
0x00007f8bb4cec640:   00007f8bb4cec670 00007f8b00000000
0x00007f8bb4cec650:   0000000000000000 0000000000000000
0x00007f8bb4cec660:   000000000440004d 00007f8baf371bf1
0x00007f8bb4cec670:   00007f8b540b1bd0 4f429c44b135cf00
0x00007f8bb4cec680:   000000000440004d 00007f8baf371c20
0x00007f8bb4cec690:   00007f8bb4cec700 0000000000000000
0x00007f8bb4cec6a0:   0000000000000001 00007f8bb4cec740
0x00007f8bb4cec6b0:   00007f8b58008800 00007f8badaac849
0x00007f8bb4cec6c0:   00007f8bb4cec9a8 00007f8baf371c20
0x00007f8bb4cec6d0:   000000000440004d 00007f8b48124610
0x00007f8bb4cec6e0:   00007f8bb4cec740 00007f8b580089f8
0x00007f8bb4cec6f0:   00007f8bb4cec750 00007f8baf371c20
0x00007f8bb4cec700:   00007f8bb4cec750 00007f8bc541cabd
0x00007f8bb4cec710:   00000000e55ce458 00000000e55ce4a8
0x00007f8bb4cec720:   00000000e55ce498 0000000000000003
0x00007f8bb4cec730:   00000000e55ce4b8 00000000e55ce508
0x00007f8bb4cec740:   00000000a39af7e8 00000000e55ce518
0x00007f8bb4cec750:   00007f8bb4cec9a8 00007f8bc57c0cd4
0x00007f8bb4cec760:   00007f8bd9a02000 00000000a3f86fb0
0x00007f8bb4cec770:   00000000e55ce600 00007f8bb4cec960
0x00007f8bb4cec780:   0000000000000029 00007f8bc5021043
0x00007f8bb4cec790:   00007f8bb4cec9a8 00007f8bc5718bc4
0x00007f8bb4cec7a0:   00007f8bb4cec9a8 00007f8bb4cec960
0x00007f8bb4cec7b0:   00007f8bb4cec960 00007f8bc5021043
0x00007f8bb4cec7c0:   00007f8bc50055d0 00007f8b00000000
0x00007f8bb4cec7d0:   00007f8bb4cec9a8 00007f8bb4cec960 

Instructions: (pc=0x00007f8b9f6e4987)
0x00007f8b9f6e4967:   00 41 f6 c4 01 c6 44 24 0f 00 0f 84 c9 00 00 00
0x00007f8b9f6e4977:   48 8b b3 30 01 00 00 48 85 f6 0f 84 b9 00 00 00
0x00007f8b9f6e4987:   48 8b 55 30 45 85 f6 4c 8b 6a 18 0f 85 40 02 00
0x00007f8b9f6e4997:   00 83 7b 38 01 0f 8e 36 02 00 00 48 8b 93 68 01 

Register to memory mapping:

RAX=0x0000000000000000 is an unknown value
RBX=0x00007f8b540b1d00 is an unknown value
RCX=0x0000000000000000 is an unknown value
RDX=0x0000000000000001 is an unknown value
RSP=0x00007f8bb4cec5e0 is pointing into the stack for thread: 0x00007f8b58008800
RBP=0x000000000000c000 is an unknown value
RSI=0x00007f8b540b25b0 is an unknown value
RDI=0x0000000100000000 is pointing into metadata
R8 =0x0000000000000000 is an unknown value
R9 =0x00007f8baf39fc60: <offset 0x4ac60> in /usr/lib/x86_64-linux-gnu/mesa/libGL.so.1 at 0x00007f8baf355000
R10=0x00007f8bc541ca47 is at entry_point+71 in (nmethod*)0x00007f8bc541c890
R11=0x00000000a3543a80 is an oop
com.jogamp.common.os.MachineDescription$StaticConfig 
 - klass: 'com/jogamp/common/os/MachineDescription$StaticConfig'
R12=0x0000000000000001 is an unknown value
R13=0x00007f8b4812b250 is an unknown value
R14=0x0000000000000000 is an unknown value
R15=0x0000000000000001 is an unknown value


Stack: [0x00007f8bb4bee000,0x00007f8bb4cef000],  sp=0x00007f8bb4cec5e0,  free space=1017k
Native frames: (J=compiled Java code, j=interpreted, Vv=VM code, C=native code)
C  [nouveau_dri.so+0x29e987]

Java frames: (J=compiled Java code, j=interpreted, Vv=VM code)
J 2464  jogamp.opengl.x11.glx.GLX.dispatch_glXSwapBuffers0(JJJ)V (0 bytes) @ 0x00007f8bc541ca47 [0x00007f8bc541ca00+0x47]
J 2267 C1 jogamp.opengl.x11.glx.GLX.glXSwapBuffers(JJ)V (45 bytes) @ 0x00007f8bc57c0cd4 [0x00007f8bc57c0320+0x9b4]
J 2463 C1 jogamp.opengl.x11.glx.X11GLXDrawable.swapBuffersImpl(Z)V (21 bytes) @ 0x00007f8bc54bd784 [0x00007f8bc54bd4e0+0x2a4]
J 2393 C1 jogamp.opengl.GLDrawableImpl.swapBuffers()V (138 bytes) @ 0x00007f8bc583719c [0x00007f8bc5836ae0+0x6bc]
j  javax.media.opengl.awt.GLCanvas$12.run()V+45
J 2133 C1 java.awt.event.InvocationEvent.dispatch()V (69 bytes) @ 0x00007f8bc512938c [0x00007f8bc5129240+0x14c]
J 2202 C1 java.awt.EventQueue.dispatchEventImpl(Ljava/awt/AWTEvent;Ljava/lang/Object;)V (149 bytes) @ 0x00007f8bc577e6fc [0x00007f8bc577cb80+0x1b7c]
J 2200 C1 java.awt.EventQueue$3.run()Ljava/lang/Void; (60 bytes) @ 0x00007f8bc5777d84 [0x00007f8bc5777b80+0x204]
J 2199 C1 java.awt.EventQueue$3.run()Ljava/lang/Object; (5 bytes) @ 0x00007f8bc577844c [0x00007f8bc57783c0+0x8c]
v  ~StubRoutines::call_stub
J 479  java.security.AccessController.doPrivileged(Ljava/security/PrivilegedAction;Ljava/security/AccessControlContext;)Ljava/lang/Object; (0 bytes) @ 0x00007f8bc5214263 [0x00007f8bc5214200+0x63]
J 1994 C1 java.awt.EventQueue.dispatchEvent(Ljava/awt/AWTEvent;)V (80 bytes) @ 0x00007f8bc5711984 [0x00007f8bc5711000+0x984]
J 2204 C1 java.awt.EventDispatchThread.pumpOneEventForFilters(I)V (295 bytes) @ 0x00007f8bc5787314 [0x00007f8bc57857c0+0x1b54]
j  java.awt.EventDispatchThread.pumpEventsForFilter(ILjava/awt/Conditional;Ljava/awt/EventFilter;)V+35
j  java.awt.EventDispatchThread.pumpEventsForHierarchy(ILjava/awt/Conditional;Ljava/awt/Component;)V+11
j  java.awt.EventDispatchThread.pumpEvents(ILjava/awt/Conditional;)V+4
j  java.awt.EventDispatchThread.pumpEvents(Ljava/awt/Conditional;)V+3
j  java.awt.EventDispatchThread.run()V+9
v  ~StubRoutines::call_stub

---------------  P R O C E S S  ---------------

Java Threads: ( => current thread )
  0x00007f8b54886800 JavaThread "Thread-54" [_thread_blocked, id=19753, stack(0x00007f8b974ff000,0x00007f8b97600000)]
  0x00007f8b48110800 JavaThread "Animation Thread-SharedResourceRunner" daemon [_thread_blocked, id=19700, stack(0x00007f8bb45ec000,0x00007f8bb46ed000)]
  0x00007f8b48078000 JavaThread "process reaper" daemon [_thread_blocked, id=19693, stack(0x00007f8bc4011000,0x00007f8bc404a000)]
  0x00007f8b58018000 JavaThread "Animation Thread" [_thread_blocked, id=19689, stack(0x00007f8bb48ed000,0x00007f8bb49ee000)]
=>0x00007f8b58008800 JavaThread "AWT-EventQueue-1" [_thread_in_native, id=19688, stack(0x00007f8bb4bee000,0x00007f8bb4cef000)]
  0x00007f8bd400a000 JavaThread "DestroyJavaVM" [_thread_blocked, id=19659, stack(0x00007f8bdd445000,0x00007f8bdd546000)]
  0x00007f8bd42a6000 JavaThread "AWT-EventQueue-0" [_thread_blocked, id=19686, stack(0x00007f8bb5698000,0x00007f8bb5799000)]
  0x00007f8bd42a1800 JavaThread "AWT-Shutdown" [_thread_blocked, id=19685, stack(0x00007f8bb5799000,0x00007f8bb589a000)]
  0x00007f8bd428e000 JavaThread "thread applet-module3.EarthquakeCityMap.class" [_thread_blocked, id=19684, stack(0x00007f8bb589a000,0x00007f8bb599b000)]
  0x00007f8bd4281000 JavaThread "AWT-XAWT" daemon [_thread_blocked, id=19682, stack(0x00007f8bb599b000,0x00007f8bb5a9c000)]
  0x00007f8bd425b000 JavaThread "Java2D Disposer" daemon [_thread_blocked, id=19681, stack(0x00007f8bb5eac000,0x00007f8bb5fad000)]
  0x00007f8bd40d4000 JavaThread "Service Thread" daemon [_thread_blocked, id=19679, stack(0x00007f8bb7bfc000,0x00007f8bb7cfd000)]
  0x00007f8bd40c9000 JavaThread "C1 CompilerThread3" daemon [_thread_blocked, id=19678, stack(0x00007f8bb7cfd000,0x00007f8bb7dfe000)]
  0x00007f8bd40c6800 JavaThread "C2 CompilerThread2" daemon [_thread_blocked, id=19677, stack(0x00007f8bb7dfe000,0x00007f8bb7eff000)]
  0x00007f8bd40c5000 JavaThread "C2 CompilerThread1" daemon [_thread_blocked, id=19676, stack(0x00007f8bb7eff000,0x00007f8bb8000000)]
  0x00007f8bd40c2000 JavaThread "C2 CompilerThread0" daemon [_thread_blocked, id=19675, stack(0x00007f8bbc083000,0x00007f8bbc184000)]
  0x00007f8bd40c0800 JavaThread "Signal Dispatcher" daemon [_thread_blocked, id=19674, stack(0x00007f8bbc184000,0x00007f8bbc285000)]
  0x00007f8bd408d000 JavaThread "Finalizer" daemon [_thread_blocked, id=19673, stack(0x00007f8bbc968000,0x00007f8bbca69000)]
  0x00007f8bd4088000 JavaThread "Reference Handler" daemon [_thread_blocked, id=19672, stack(0x00007f8bbca69000,0x00007f8bbcb6a000)]

Other Threads:
  0x00007f8bd4080800 VMThread [stack: 0x00007f8bbcb6a000,0x00007f8bbcc6b000] [id=19671]
  0x00007f8bd40d7000 WatcherThread [stack: 0x00007f8bb7afb000,0x00007f8bb7bfc000] [id=19680]

VM state:not at safepoint (normal execution)

VM Mutex/Monitor currently owned by a thread: None

Heap:
 PSYoungGen      total 111104K, used 74266K [0x00000000e0f80000, 0x00000000e8880000, 0x0000000100000000)
  eden space 98304K, 75% used [0x00000000e0f80000,0x00000000e5806ba8,0x00000000e6f80000)
  from space 12800K, 0% used [0x00000000e7c00000,0x00000000e7c00000,0x00000000e8880000)
  to   space 12800K, 0% used [0x00000000e6f80000,0x00000000e6f80000,0x00000000e7c00000)
 ParOldGen       total 62464K, used 24162K [0x00000000a2e00000, 0x00000000a6b00000, 0x00000000e0f80000)
  object space 62464K, 38% used [0x00000000a2e00000,0x00000000a4598948,0x00000000a6b00000)
 Metaspace       used 21464K, capacity 21723K, committed 22140K, reserved 1069056K
  class space    used 2021K, capacity 2089K, committed 2176K, reserved 1048576K

Card table byte_map: [0x00007f8bd9f19000,0x00007f8bda203000] byte_map_base: 0x00007f8bd9a02000

Marking Bits: (ParMarkBitMap*) 0x00007f8bdc91e4c0
 Begin Bits: [0x00007f8bbd170000, 0x00007f8bbe8b8000)
 End Bits:   [0x00007f8bbe8b8000, 0x00007f8bc0000000)

Polling page: 0x00007f8bdd56d000

CodeCache: size=245760Kb used=7795Kb max_used=8433Kb free=237964Kb
 bounds [0x00007f8bc5000000, 0x00007f8bc5850000, 0x00007f8bd4000000]
 total_blobs=3215 nmethods=2242 adapters=887
 compilation: enabled

Compilation events (10 events):
Event: 23,879 Thread 0x00007f8bd40c2000 2547   !   4       jogamp.common.os.MachineDescriptionRuntime::getStatic (106 bytes)
Event: 23,880 Thread 0x00007f8bd40c2000 nmethod 2547 0x00007f8bc5368050 code [0x00007f8bc53681a0, 0x00007f8bc5368238]
Event: 23,885 Thread 0x00007f8bd40c6800 nmethod 2546 0x00007f8bc5514a10 code [0x00007f8bc5514b80, 0x00007f8bc5515308]
Event: 24,043 Thread 0x00007f8bd40c5000 2548       4       processing.opengl.PJOGL::depthFunc (11 bytes)
Event: 24,046 Thread 0x00007f8bd40c5000 nmethod 2548 0x00007f8bc54e2090 code [0x00007f8bc54e2200, 0x00007f8bc54e2368]
Event: 24,559 Thread 0x00007f8bd40c2000 2549       4       processing.opengl.PJOGL::frontFace (11 bytes)
Event: 24,561 Thread 0x00007f8bd40c2000 nmethod 2549 0x00007f8bc5561590 code [0x00007f8bc5561700, 0x00007f8bc5561868]
Event: 24,856 Thread 0x00007f8bd40c6800 2550       4       java.lang.AbstractStringBuilder::expandCapacity (50 bytes)
Event: 24,859 Thread 0x00007f8bd40c6800 nmethod 2550 0x00007f8bc5561090 code [0x00007f8bc55611e0, 0x00007f8bc5561458]
Event: 24,988 Thread 0x00007f8bd40c9000 2551       3       sun.font.XRGlyphCacheEntry::getXAdvance (16 bytes)

GC Heap History (10 events):
Event: 2,480 GC heap before
{Heap before GC invocations=3 (full 0):
 PSYoungGen      total 28160K, used 27941K [0x00000000e0f80000, 0x00000000e4680000, 0x0000000100000000)
  eden space 24576K, 99% used [0x00000000e0f80000,0x00000000e2751750,0x00000000e2780000)
  from space 3584K, 99% used [0x00000000e2b00000,0x00000000e2e78090,0x00000000e2e80000)
  to   space 3584K, 0% used [0x00000000e2780000,0x00000000e2780000,0x00000000e2b00000)
 ParOldGen       total 64512K, used 6021K [0x00000000a2e00000, 0x00000000a6d00000, 0x00000000e0f80000)
  object space 64512K, 9% used [0x00000000a2e00000,0x00000000a33e16f8,0x00000000a6d00000)
 Metaspace       used 20772K, capacity 21009K, committed 21296K, reserved 1069056K
  class space    used 2013K, capacity 2088K, committed 2176K, reserved 1048576K
Event: 2,490 GC heap after
Heap after GC invocations=3 (full 0):
 PSYoungGen      total 28160K, used 3554K [0x00000000e0f80000, 0x00000000e4680000, 0x0000000100000000)
  eden space 24576K, 0% used [0x00000000e0f80000,0x00000000e0f80000,0x00000000e2780000)
  from space 3584K, 99% used [0x00000000e2780000,0x00000000e2af8910,0x00000000e2b00000)
  to   space 3584K, 0% used [0x00000000e4300000,0x00000000e4300000,0x00000000e4680000)
 ParOldGen       total 64512K, used 13481K [0x00000000a2e00000, 0x00000000a6d00000, 0x00000000e0f80000)
  object space 64512K, 20% used [0x00000000a2e00000,0x00000000a3b2a5f0,0x00000000a6d00000)
 Metaspace       used 20772K, capacity 21009K, committed 21296K, reserved 1069056K
  class space    used 2013K, capacity 2088K, committed 2176K, reserved 1048576K
}
Event: 2,628 GC heap before
{Heap before GC invocations=4 (full 0):
 PSYoungGen      total 28160K, used 17552K [0x00000000e0f80000, 0x00000000e4680000, 0x0000000100000000)
  eden space 24576K, 56% used [0x00000000e0f80000,0x00000000e1d2b7a8,0x00000000e2780000)
  from space 3584K, 99% used [0x00000000e2780000,0x00000000e2af8910,0x00000000e2b00000)
  to   space 3584K, 0% used [0x00000000e4300000,0x00000000e4300000,0x00000000e4680000)
 ParOldGen       total 64512K, used 13481K [0x00000000a2e00000, 0x00000000a6d00000, 0x00000000e0f80000)
  object space 64512K, 20% used [0x00000000a2e00000,0x00000000a3b2a5f0,0x00000000a6d00000)
 Metaspace       used 20787K, capacity 21073K, committed 21552K, reserved 1069056K
  class space    used 2013K, capacity 2088K, committed 2176K, reserved 1048576K
Event: 2,638 GC heap after
Heap after GC invocations=4 (full 0):
 PSYoungGen      total 52736K, used 3552K [0x00000000e0f80000, 0x00000000e4680000, 0x0000000100000000)
  eden space 49152K, 0% used [0x00000000e0f80000,0x00000000e0f80000,0x00000000e3f80000)
  from space 3584K, 99% used [0x00000000e4300000,0x00000000e46780e0,0x00000000e4680000)
  to   space 3584K, 0% used [0x00000000e3f80000,0x00000000e3f80000,0x00000000e4300000)
 ParOldGen       total 64512K, used 17707K [0x00000000a2e00000, 0x00000000a6d00000, 0x00000000e0f80000)
  object space 64512K, 27% used [0x00000000a2e00000,0x00000000a3f4acf0,0x00000000a6d00000)
 Metaspace       used 20787K, capacity 21073K, committed 21552K, reserved 1069056K
  class space    used 2013K, capacity 2088K, committed 2176K, reserved 1048576K
}
Event: 5,661 GC heap before
{Heap before GC invocations=5 (full 0):
 PSYoungGen      total 52736K, used 52704K [0x00000000e0f80000, 0x00000000e4680000, 0x0000000100000000)
  eden space 49152K, 100% used [0x00000000e0f80000,0x00000000e3f80000,0x00000000e3f80000)
  from space 3584K, 99% used [0x00000000e4300000,0x00000000e46780e0,0x00000000e4680000)
  to   space 3584K, 0% used [0x00000000e3f80000,0x00000000e3f80000,0x00000000e4300000)
 ParOldGen       total 64512K, used 19037K [0x00000000a2e00000, 0x00000000a6d00000, 0x00000000e0f80000)
  object space 64512K, 29% used [0x00000000a2e00000,0x00000000a40976a0,0x00000000a6d00000)
 Metaspace       used 21125K, capacity 21335K, committed 21628K, reserved 1069056K
  class space    used 2019K, capacity 2089K, committed 2176K, reserved 1048576K
Event: 5,675 GC heap after
Heap after GC invocations=5 (full 0):
 PSYoungGen      total 52736K, used 3552K [0x00000000e0f80000, 0x00000000e8880000, 0x0000000100000000)
  eden space 49152K, 0% used [0x00000000e0f80000,0x00000000e0f80000,0x00000000e3f80000)
  from space 3584K, 99% used [0x00000000e3f80000,0x00000000e42f8110,0x00000000e4300000)
  to   space 12800K, 0% used [0x00000000e7c00000,0x00000000e7c00000,0x00000000e8880000)
 ParOldGen       total 64512K, used 25886K [0x00000000a2e00000, 0x00000000a6d00000, 0x00000000e0f80000)
  object space 64512K, 40% used [0x00000000a2e00000,0x00000000a4747a98,0x00000000a6d00000)
 Metaspace       used 21125K, capacity 21335K, committed 21628K, reserved 1069056K
  class space    used 2019K, capacity 2089K, committed 2176K, reserved 1048576K
}
Event: 5,743 GC heap before
{Heap before GC invocations=6 (full 0):
 PSYoungGen      total 52736K, used 11228K [0x00000000e0f80000, 0x00000000e8880000, 0x0000000100000000)
  eden space 49152K, 15% used [0x00000000e0f80000,0x00000000e16ff010,0x00000000e3f80000)
  from space 3584K, 99% used [0x00000000e3f80000,0x00000000e42f8110,0x00000000e4300000)
  to   space 12800K, 0% used [0x00000000e7c00000,0x00000000e7c00000,0x00000000e8880000)
 ParOldGen       total 64512K, used 25886K [0x00000000a2e00000, 0x00000000a6d00000, 0x00000000e0f80000)
  object space 64512K, 40% used [0x00000000a2e00000,0x00000000a4747a98,0x00000000a6d00000)
 Metaspace       used 21129K, capacity 21335K, committed 21628K, reserved 1069056K
  class space    used 2019K, capacity 2089K, committed 2176K, reserved 1048576K
Event: 5,754 GC heap after
Heap after GC invocations=6 (full 0):
 PSYoungGen      total 111104K, used 6882K [0x00000000e0f80000, 0x00000000e8880000, 0x0000000100000000)
  eden space 98304K, 0% used [0x00000000e0f80000,0x00000000e0f80000,0x00000000e6f80000)
  from space 12800K, 53% used [0x00000000e7c00000,0x00000000e82b89e0,0x00000000e8880000)
  to   space 12800K, 0% used [0x00000000e6f80000,0x00000000e6f80000,0x00000000e7c00000)
 ParOldGen       total 64512K, used 25886K [0x00000000a2e00000, 0x00000000a6d00000, 0x00000000e0f80000)
  object space 64512K, 40% used [0x00000000a2e00000,0x00000000a4747a98,0x00000000a6d00000)
 Metaspace       used 21129K, capacity 21335K, committed 21628K, reserved 1069056K
  class space    used 2019K, capacity 2089K, committed 2176K, reserved 1048576K
}
Event: 5,754 GC heap before
{Heap before GC invocations=7 (full 1):
 PSYoungGen      total 111104K, used 6882K [0x00000000e0f80000, 0x00000000e8880000, 0x0000000100000000)
  eden space 98304K, 0% used [0x00000000e0f80000,0x00000000e0f80000,0x00000000e6f80000)
  from space 12800K, 53% used [0x00000000e7c00000,0x00000000e82b89e0,0x00000000e8880000)
  to   space 12800K, 0% used [0x00000000e6f80000,0x00000000e6f80000,0x00000000e7c00000)
 ParOldGen       total 64512K, used 25886K [0x00000000a2e00000, 0x00000000a6d00000, 0x00000000e0f80000)
  object space 64512K, 40% used [0x00000000a2e00000,0x00000000a4747a98,0x00000000a6d00000)
 Metaspace       used 21129K, capacity 21335K, committed 21628K, reserved 1069056K
  class space    used 2019K, capacity 2089K, committed 2176K, reserved 1048576K
Event: 5,799 GC heap after
Heap after GC invocations=7 (full 1):
 PSYoungGen      total 111104K, used 0K [0x00000000e0f80000, 0x00000000e8880000, 0x0000000100000000)
  eden space 98304K, 0% used [0x00000000e0f80000,0x00000000e0f80000,0x00000000e6f80000)
  from space 12800K, 0% used [0x00000000e7c00000,0x00000000e7c00000,0x00000000e8880000)
  to   space 12800K, 0% used [0x00000000e6f80000,0x00000000e6f80000,0x00000000e7c00000)
 ParOldGen       total 62464K, used 24162K [0x00000000a2e00000, 0x00000000a6b00000, 0x00000000e0f80000)
  object space 62464K, 38% used [0x00000000a2e00000,0x00000000a4598948,0x00000000a6b00000)
 Metaspace       used 21129K, capacity 21335K, committed 21628K, reserved 1069056K
  class space    used 2019K, capacity 2089K, committed 2176K, reserved 1048576K
}

Deoptimization events (10 events):
Event: 2,223 Thread 0x00007f8b5449b800 Uncommon trap: reason=unstable_if action=reinterpret pc=0x00007f8bc556d2b4 method=org.sqlite.SQLiteJDBCLoader.md5sum(Ljava/io/InputStream;)Ljava/lang/String; @ 29
Event: 2,235 Thread 0x00007f8b5449f000 Uncommon trap: reason=unstable_if action=reinterpret pc=0x00007f8bc556d2b4 method=org.sqlite.SQLiteJDBCLoader.md5sum(Ljava/io/InputStream;)Ljava/lang/String; @ 29
Event: 2,495 Thread 0x00007f8b544a0800 Uncommon trap: reason=unstable_if action=reinterpret pc=0x00007f8bc561a764 method=java.awt.image.BufferedImage.getRGB(IIII[III)[I @ 163
Event: 2,498 Thread 0x00007f8b5483a000 Uncommon trap: reason=unstable_if action=reinterpret pc=0x00007f8bc561a764 method=java.awt.image.BufferedImage.getRGB(IIII[III)[I @ 163
Event: 2,499 Thread 0x00007f8b5449d000 Uncommon trap: reason=unstable_if action=reinterpret pc=0x00007f8bc561a764 method=java.awt.image.BufferedImage.getRGB(IIII[III)[I @ 163
Event: 5,373 Thread 0x00007f8b58008800 Uncommon trap: reason=unstable_if action=reinterpret pc=0x00007f8bc56ff128 method=de.fhpotsdam.unfolding.core.Coordinate.equals(Ljava/lang/Object;)Z @ 38
Event: 5,373 Thread 0x00007f8b58008800 Uncommon trap: reason=unstable_if action=reinterpret pc=0x00007f8bc55fff40 method=de.fhpotsdam.unfolding.core.Coordinate.equals(Ljava/lang/Object;)Z @ 38
Event: 5,805 Thread 0x00007f8bd408d000 Uncommon trap: reason=unstable_if action=reinterpret pc=0x00007f8bc56ec9bc method=java.lang.ref.ReferenceQueue.poll()Ljava/lang/ref/Reference; @ 4
Event: 5,805 Thread 0x00007f8bd408d000 Uncommon trap: reason=unstable_if action=reinterpret pc=0x00007f8bc5701474 method=java.lang.ref.ReferenceQueue.poll()Ljava/lang/ref/Reference; @ 4
Event: 24,988 Thread 0x00007f8bd428e000 Uncommon trap: reason=unstable_if action=reinterpret pc=0x00007f8bc5286d24 method=java.security.AccessControlContext.combine([Ljava/security/ProtectionDomain;[Ljava/security/ProtectionDomain;)[Ljava/security/ProtectionDomain; @ 151

Internal exceptions (10 events):
Event: 1,677 Thread 0x00007f8b58008800 Exception <a 'java/lang/reflect/InvocationTargetException'> (0x00000000e234c5f0) thrown at [/HUDSON/workspace/8-2-build-linux-amd64/jdk8u92/6642/hotspot/src/share/vm/runtime/reflection.cpp, line 1092]
Event: 1,971 Thread 0x00007f8b5449b800 Implicit null exception at 0x00007f8bc51cb4b3 to 0x00007f8bc51cb825
Event: 2,030 Thread 0x00007f8b58008800 Exception <a 'java/lang/reflect/InvocationTargetException'> (0x00000000e1a90e70) thrown at [/HUDSON/workspace/8-2-build-linux-amd64/jdk8u92/6642/hotspot/src/share/vm/runtime/reflection.cpp, line 1092]
Event: 2,030 Thread 0x00007f8b58008800 Exception <a 'java/lang/reflect/InvocationTargetException'> (0x00000000e1a91358) thrown at [/HUDSON/workspace/8-2-build-linux-amd64/jdk8u92/6642/hotspot/src/share/vm/runtime/reflection.cpp, line 1092]
Event: 2,061 Thread 0x00007f8b58008800 Exception <a 'java/lang/reflect/InvocationTargetException'> (0x00000000e1b49fb0) thrown at [/HUDSON/workspace/8-2-build-linux-amd64/jdk8u92/6642/hotspot/src/share/vm/runtime/reflection.cpp, line 1092]
Event: 2,061 Thread 0x00007f8b58008800 Exception <a 'java/lang/reflect/InvocationTargetException'> (0x00000000e1b4a498) thrown at [/HUDSON/workspace/8-2-build-linux-amd64/jdk8u92/6642/hotspot/src/share/vm/runtime/reflection.cpp, line 1092]
Event: 2,090 Thread 0x00007f8b58008800 Exception <a 'java/lang/reflect/InvocationTargetException'> (0x00000000e1b8bd88) thrown at [/HUDSON/workspace/8-2-build-linux-amd64/jdk8u92/6642/hotspot/src/share/vm/runtime/reflection.cpp, line 1092]
Event: 2,090 Thread 0x00007f8b58008800 Exception <a 'java/lang/reflect/InvocationTargetException'> (0x00000000e1b8c270) thrown at [/HUDSON/workspace/8-2-build-linux-amd64/jdk8u92/6642/hotspot/src/share/vm/runtime/reflection.cpp, line 1092]
Event: 2,119 Thread 0x00007f8b58008800 Exception <a 'java/lang/reflect/InvocationTargetException'> (0x00000000e1be2b98) thrown at [/HUDSON/workspace/8-2-build-linux-amd64/jdk8u92/6642/hotspot/src/share/vm/runtime/reflection.cpp, line 1092]
Event: 2,157 Thread 0x00007f8b5449d000 Implicit null exception at 0x00007f8bc556c00a to 0x00007f8bc556c2e9

Events (10 events):
Event: 24,947 Thread 0x00007f8b54886800 Thread added: 0x00007f8b54886800
Event: 24,947 loading class sun/applet/AppletPanel$4
Event: 24,948 loading class sun/applet/AppletPanel$4 done
Event: 24,967 loading class java/awt/KeyboardFocusManager$2
Event: 24,967 loading class java/awt/KeyboardFocusManager$2 done
Event: 24,967 loading class sun/awt/SunToolkit$1
Event: 24,967 loading class sun/awt/SunToolkit$1 done
Event: 24,988 Thread 0x00007f8bd428e000 Uncommon trap: trap_request=0xffffff65 fr.pc=0x00007f8bc5286d24
Event: 24,988 Thread 0x00007f8bd428e000 DEOPT PACKING pc=0x00007f8bc5286d24 sp=0x00007f8bb59990a0
Event: 24,988 Thread 0x00007f8bd428e000 DEOPT UNPACKING pc=0x00007f8bc5005229 sp=0x00007f8bb5998fc0 mode 2


Dynamic libraries:
00400000-00401000 r-xp 00000000 08:01 3450446                            /home/ema/Scaricati/jdk1.8.0_92/jre/bin/java
00600000-00601000 rw-p 00000000 08:01 3450446                            /home/ema/Scaricati/jdk1.8.0_92/jre/bin/java
00723000-00744000 rw-p 00000000 00:00 0                                  [heap]
a2e00000-a6b00000 rw-p 00000000 00:00 0 
a6b00000-e0f80000 ---p 00000000 00:00 0 
e0f80000-e8880000 rw-p 00000000 00:00 0 
e8880000-100000000 ---p 00000000 00:00 0 
100000000-100220000 rw-p 00000000 00:00 0 
100220000-140000000 ---p 00000000 00:00 0 
7f8b30000000-7f8b30089000 rw-p 00000000 00:00 0 
7f8b30089000-7f8b34000000 ---p 00000000 00:00 0 
7f8b38000000-7f8b3806f000 rw-p 00000000 00:00 0 
7f8b3806f000-7f8b3c000000 ---p 00000000 00:00 0 
7f8b3c000000-7f8b3c065000 rw-p 00000000 00:00 0 
7f8b3c065000-7f8b40000000 ---p 00000000 00:00 0 
7f8b40000000-7f8b4018c000 rw-p 00000000 00:00 0 
7f8b4018c000-7f8b44000000 ---p 00000000 00:00 0 
7f8b44000000-7f8b44074000 rw-p 00000000 00:00 0 
7f8b44074000-7f8b48000000 ---p 00000000 00:00 0 
7f8b48000000-7f8b48528000 rw-p 00000000 00:00 0 
7f8b48528000-7f8b4c000000 ---p 00000000 00:00 0 
7f8b4c000000-7f8b4c021000 rw-p 00000000 00:00 0 
7f8b4c021000-7f8b50000000 ---p 00000000 00:00 0 
7f8b50000000-7f8b50048000 rw-p 00000000 00:00 0 
7f8b50048000-7f8b54000000 ---p 00000000 00:00 0 
7f8b54000000-7f8b5532e000 rw-p 00000000 00:00 0 
7f8b5532e000-7f8b58000000 ---p 00000000 00:00 0 
7f8b58000000-7f8b58021000 rw-p 00000000 00:00 0 
7f8b58021000-7f8b5c000000 ---p 00000000 00:00 0 
7f8b5c000000-7f8b5c021000 rw-p 00000000 00:00 0 
7f8b5c021000-7f8b60000000 ---p 00000000 00:00 0 
7f8b60000000-7f8b60021000 rw-p 00000000 00:00 0 
7f8b60021000-7f8b64000000 ---p 00000000 00:00 0 
7f8b64000000-7f8b64028000 rw-p 00000000 00:00 0 
7f8b64028000-7f8b68000000 ---p 00000000 00:00 0 
7f8b68000000-7f8b68021000 rw-p 00000000 00:00 0 
7f8b68021000-7f8b6c000000 ---p 00000000 00:00 0 
7f8b6c000000-7f8b6c021000 rw-p 00000000 00:00 0 
7f8b6c021000-7f8b70000000 ---p 00000000 00:00 0 
7f8b70000000-7f8b705eb000 rw-p 00000000 00:00 0 
7f8b705eb000-7f8b74000000 ---p 00000000 00:00 0 
7f8b74000000-7f8b74583000 rw-p 00000000 00:00 0 
7f8b74583000-7f8b78000000 ---p 00000000 00:00 0 
7f8b78000000-7f8b78687000 rw-p 00000000 00:00 0 
7f8b78687000-7f8b7c000000 ---p 00000000 00:00 0 
7f8b7c000000-7f8b7c740000 rw-p 00000000 00:00 0 
7f8b7c740000-7f8b80000000 ---p 00000000 00:00 0 
7f8b80000000-7f8b80021000 rw-p 00000000 00:00 0 
7f8b80021000-7f8b84000000 ---p 00000000 00:00 0 
7f8b84000000-7f8b84021000 rw-p 00000000 00:00 0 
7f8b84021000-7f8b88000000 ---p 00000000 00:00 0 
7f8b88000000-7f8b88021000 rw-p 00000000 00:00 0 
7f8b88021000-7f8b8c000000 ---p 00000000 00:00 0 
7f8b8c000000-7f8b8c021000 rw-p 00000000 00:00 0 
7f8b8c021000-7f8b90000000 ---p 00000000 00:00 0 
7f8b90000000-7f8b90021000 rw-p 00000000 00:00 0 
7f8b90021000-7f8b94000000 ---p 00000000 00:00 0 
7f8b96bd5000-7f8b96c55000 rw-s 199e2a000 00:06 9579                      /dev/dri/card0
7f8b96c55000-7f8b96dd4000 rw-p 00000000 00:00 0 
7f8b96dd4000-7f8b96e55000 ---p 00000000 00:00 0 
7f8b96e55000-7f8b96ed9000 r-xp 00000000 08:01 28316366                   /tmp/sqlite-3.7.2-libsqlitejdbc.so
7f8b96ed9000-7f8b970d9000 ---p 00084000 08:01 28316366                   /tmp/sqlite-3.7.2-libsqlitejdbc.so
7f8b970d9000-7f8b970da000 r--p 00084000 08:01 28316366                   /tmp/sqlite-3.7.2-libsqlitejdbc.so
7f8b970da000-7f8b970dd000 rw-p 00085000 08:01 28316366                   /tmp/sqlite-3.7.2-libsqlitejdbc.so
7f8b970dd000-7f8b972dd000 rw-s 19a769000 00:06 9579                      /dev/dri/card0
7f8b972fd000-7f8b97300000 ---p 00000000 00:00 0 
7f8b97300000-7f8b973fe000 rw-p 00000000 00:00 0 
7f8b973fe000-7f8b97401000 ---p 00000000 00:00 0 
7f8b97401000-7f8b974ff000 rw-p 00000000 00:00 0 
7f8b974ff000-7f8b97502000 ---p 00000000 00:00 0 
7f8b97502000-7f8b97600000 rw-p 00000000 00:00 0 
7f8b97600000-7f8b98000000 rwxp 00000000 00:00 0 
7f8b98000000-7f8b98021000 rw-p 00000000 00:00 0 
7f8b98021000-7f8b9c000000 ---p 00000000 00:00 0 
7f8b9c060000-7f8b9c063000 ---p 00000000 00:00 0 
7f8b9c063000-7f8b9c7bb000 rw-p 00000000 00:00 0 
7f8b9c81f000-7f8b9c89f000 rw-s 199daa000 00:06 9579                      /dev/dri/card0
7f8b9c89f000-7f8b9c8d6000 r-xp 00000000 08:01 15344535                   /usr/lib/x86_64-linux-gnu/libtxc_dxtn_s2tc.so.0.0.0
7f8b9c8d6000-7f8b9cad5000 ---p 00037000 08:01 15344535                   /usr/lib/x86_64-linux-gnu/libtxc_dxtn_s2tc.so.0.0.0
7f8b9cad5000-7f8b9cad6000 r--p 00036000 08:01 15344535                   /usr/lib/x86_64-linux-gnu/libtxc_dxtn_s2tc.so.0.0.0
7f8b9cad6000-7f8b9cad7000 rw-p 00037000 08:01 15344535                   /usr/lib/x86_64-linux-gnu/libtxc_dxtn_s2tc.so.0.0.0
7f8b9cad7000-7f8b9cafc000 r-xp 00000000 08:01 27267368                   /lib/x86_64-linux-gnu/libtinfo.so.5.9
7f8b9cafc000-7f8b9ccfb000 ---p 00025000 08:01 27267368                   /lib/x86_64-linux-gnu/libtinfo.so.5.9
7f8b9ccfb000-7f8b9ccff000 r--p 00024000 08:01 27267368                   /lib/x86_64-linux-gnu/libtinfo.so.5.9
7f8b9ccff000-7f8b9cd00000 rw-p 00028000 08:01 27267368                   /lib/x86_64-linux-gnu/libtinfo.so.5.9
7f8b9cd00000-7f8b9cd33000 r-xp 00000000 08:01 15343777                   /usr/lib/x86_64-linux-gnu/libedit.so.2.0.51
7f8b9cd33000-7f8b9cf33000 ---p 00033000 08:01 15343777                   /usr/lib/x86_64-linux-gnu/libedit.so.2.0.51
7f8b9cf33000-7f8b9cf35000 r--p 00033000 08:01 15343777                   /usr/lib/x86_64-linux-gnu/libedit.so.2.0.51
7f8b9cf35000-7f8b9cf36000 rw-p 00035000 08:01 15343777                   /usr/lib/x86_64-linux-gnu/libedit.so.2.0.51
7f8b9cf36000-7f8b9cf3a000 rw-p 00000000 00:00 0 
7f8b9cf3a000-7f8b9cf53000 r-xp 00000000 08:01 27267385                   /lib/x86_64-linux-gnu/libz.so.1.2.8
7f8b9cf53000-7f8b9d153000 ---p 00019000 08:01 27267385                   /lib/x86_64-linux-gnu/libz.so.1.2.8
7f8b9d153000-7f8b9d154000 r--p 00019000 08:01 27267385                   /lib/x86_64-linux-gnu/libz.so.1.2.8
7f8b9d154000-7f8b9d155000 rw-p 0001a000 08:01 27267385                   /lib/x86_64-linux-gnu/libz.so.1.2.8
7f8b9d155000-7f8b9d245000 r-xp 00000000 08:01 15344490                   /usr/lib/x86_64-linux-gnu/libstdc++.so.6.0.20
7f8b9d245000-7f8b9d445000 ---p 000f0000 08:01 15344490                   /usr/lib/x86_64-linux-gnu/libstdc++.so.6.0.20
7f8b9d445000-7f8b9d44d000 r--p 000f0000 08:01 15344490                   /usr/lib/x86_64-linux-gnu/libstdc++.so.6.0.20
7f8b9d44d000-7f8b9d44f000 rw-p 000f8000 08:01 15344490                   /usr/lib/x86_64-linux-gnu/libstdc++.so.6.0.20
7f8b9d44f000-7f8b9d464000 rw-p 00000000 00:00 0 
7f8b9d464000-7f8b9f20d000 r-xp 00000000 08:01 15343369                   /usr/lib/x86_64-linux-gnu/libLLVM-3.6.so.1
7f8b9f20d000-7f8b9f20e000 ---p 01da9000 08:01 15343369                   /usr/lib/x86_64-linux-gnu/libLLVM-3.6.so.1
7f8b9f20e000-7f8b9f42a000 r--p 01da9000 08:01 15343369                   /usr/lib/x86_64-linux-gnu/libLLVM-3.6.so.1
7f8b9f42a000-7f8b9f430000 rw-p 01fc5000 08:01 15343369                   /usr/lib/x86_64-linux-gnu/libLLVM-3.6.so.1
7f8b9f430000-7f8b9f446000 rw-p 00000000 00:00 0 
7f8b9f446000-7f8b9fbb9000 r-xp 00000000 08:01 15603600                   /usr/lib/x86_64-linux-gnu/dri/nouveau_dri.so
7f8b9fbb9000-7f8b9fdb8000 ---p 00773000 08:01 15603600                   /usr/lib/x86_64-linux-gnu/dri/nouveau_dri.so
7f8b9fdb8000-7f8b9fe0f000 r--p 00772000 08:01 15603600                   /usr/lib/x86_64-linux-gnu/dri/nouveau_dri.so
7f8b9fe0f000-7f8b9fe1b000 rw-p 007c9000 08:01 15603600                   /usr/lib/x86_64-linux-gnu/dri/nouveau_dri.so
7f8b9fe1b000-7f8ba0000000 rw-p 00000000 00:00 0 
7f8ba0000000-7f8ba0021000 rw-p 00000000 00:00 0 
7f8ba0021000-7f8ba4000000 ---p 00000000 00:00 0 
7f8ba4000000-7f8ba4027000 rw-p 00000000 00:00 0 
7f8ba4027000-7f8ba8000000 ---p 00000000 00:00 0 
7f8ba8000000-7f8ba8021000 rw-p 00000000 00:00 0 
7f8ba8021000-7f8bac000000 ---p 00000000 00:00 0 
7f8bac031000-7f8bac0b1000 rw-s 19a96a000 00:06 9579                      /dev/dri/card0
7f8bac0b1000-7f8bac131000 rw-s 19a46f000 00:06 9579                      /dev/dri/card0
7f8bac131000-7f8bac146000 r-xp 00000000 08:01 15343778                   /usr/lib/x86_64-linux-gnu/libelf-0.160.so
7f8bac146000-7f8bac345000 ---p 00015000 08:01 15343778                   /usr/lib/x86_64-linux-gnu/libelf-0.160.so
7f8bac345000-7f8bac346000 r--p 00014000 08:01 15343778                   /usr/lib/x86_64-linux-gnu/libelf-0.160.so
7f8bac346000-7f8bac347000 rw-p 00015000 08:01 15343778                   /usr/lib/x86_64-linux-gnu/libelf-0.160.so
7f8bac347000-7f8bac353000 r-xp 00000000 08:01 15343773                   /usr/lib/x86_64-linux-gnu/libdrm_radeon.so.1.0.1
7f8bac353000-7f8bac552000 ---p 0000c000 08:01 15343773                   /usr/lib/x86_64-linux-gnu/libdrm_radeon.so.1.0.1
7f8bac552000-7f8bac553000 r--p 0000b000 08:01 15343773                   /usr/lib/x86_64-linux-gnu/libdrm_radeon.so.1.0.1
7f8bac553000-7f8bac554000 rw-p 0000c000 08:01 15343773                   /usr/lib/x86_64-linux-gnu/libdrm_radeon.so.1.0.1
7f8bac554000-7f8bac55a000 r-xp 00000000 08:01 15343771                   /usr/lib/x86_64-linux-gnu/libdrm_nouveau.so.2.0.0
7f8bac55a000-7f8bac759000 ---p 00006000 08:01 15343771                   /usr/lib/x86_64-linux-gnu/libdrm_nouveau.so.2.0.0
7f8bac759000-7f8bac75a000 r--p 00005000 08:01 15343771                   /usr/lib/x86_64-linux-gnu/libdrm_nouveau.so.2.0.0
7f8bac75a000-7f8bac75b000 rw-p 00006000 08:01 15343771                   /usr/lib/x86_64-linux-gnu/libdrm_nouveau.so.2.0.0
7f8bac75b000-7f8bac76d000 r-xp 00000000 08:01 27263385                   /lib/x86_64-linux-gnu/libudev.so.1.6.2
7f8bac76d000-7f8bac96c000 ---p 00012000 08:01 27263385                   /lib/x86_64-linux-gnu/libudev.so.1.6.2
7f8bac96c000-7f8bac96d000 r--p 00011000 08:01 27263385                   /lib/x86_64-linux-gnu/libudev.so.1.6.2
7f8bac96d000-7f8bac96e000 rw-p 00012000 08:01 27263385                   /lib/x86_64-linux-gnu/libudev.so.1.6.2
7f8bac96e000-7f8bac970000 r-xp 00000000 08:01 15343521                   /usr/lib/x86_64-linux-gnu/libXinerama.so.1.0.0
7f8bac970000-7f8bacb6f000 ---p 00002000 08:01 15343521                   /usr/lib/x86_64-linux-gnu/libXinerama.so.1.0.0
7f8bacb6f000-7f8bacb70000 r--p 00001000 08:01 15343521                   /usr/lib/x86_64-linux-gnu/libXinerama.so.1.0.0
7f8bacb70000-7f8bacb71000 rw-p 00002000 08:01 15343521                   /usr/lib/x86_64-linux-gnu/libXinerama.so.1.0.0
7f8bacb71000-7f8bacbb6000 r-xp 00000000 08:01 28315792                   /tmp/jogamp_0000/file_cache/jln4837559224711184204/jln4397732040771715626/libjogl_mobile.so
7f8bacbb6000-7f8bacdb6000 ---p 00045000 08:01 28315792                   /tmp/jogamp_0000/file_cache/jln4837559224711184204/jln4397732040771715626/libjogl_mobile.so
7f8bacdb6000-7f8bacdb7000 rw-p 00045000 08:01 28315792                   /tmp/jogamp_0000/file_cache/jln4837559224711184204/jln4397732040771715626/libjogl_mobile.so
7f8bacdb7000-7f8bacdbe000 r-xp 00000000 08:01 15343817                   /usr/lib/x86_64-linux-gnu/libffi.so.6.0.4
7f8bacdbe000-7f8bacfbd000 ---p 00007000 08:01 15343817                   /usr/lib/x86_64-linux-gnu/libffi.so.6.0.4
7f8bacfbd000-7f8bacfbe000 r--p 00006000 08:01 15343817                   /usr/lib/x86_64-linux-gnu/libffi.so.6.0.4
7f8bacfbe000-7f8bacfbf000 rw-p 00007000 08:01 15343817                   /usr/lib/x86_64-linux-gnu/libffi.so.6.0.4
7f8bacfbf000-7f8bacfcc000 r-xp 00000000 08:01 15340550                   /usr/lib/x86_64-linux-gnu/libgbm.so.1.0.0
7f8bacfcc000-7f8bad1cb000 ---p 0000d000 08:01 15340550                   /usr/lib/x86_64-linux-gnu/libgbm.so.1.0.0
7f8bad1cb000-7f8bad1cc000 r--p 0000c000 08:01 15340550                   /usr/lib/x86_64-linux-gnu/libgbm.so.1.0.0
7f8bad1cc000-7f8bad1cd000 rw-p 0000d000 08:01 15340550                   /usr/lib/x86_64-linux-gnu/libgbm.so.1.0.0
7f8bad1cd000-7f8bad1dc000 r-xp 00000000 08:01 15344604                   /usr/lib/x86_64-linux-gnu/libwayland-server.so.0.1.0
7f8bad1dc000-7f8bad3db000 ---p 0000f000 08:01 15344604                   /usr/lib/x86_64-linux-gnu/libwayland-server.so.0.1.0
7f8bad3db000-7f8bad3de000 r--p 0000e000 08:01 15344604                   /usr/lib/x86_64-linux-gnu/libwayland-server.so.0.1.0
7f8bad3de000-7f8bad3df000 rw-p 00011000 08:01 15344604                   /usr/lib/x86_64-linux-gnu/libwayland-server.so.0.1.0
7f8bad3df000-7f8bad3eb000 r-xp 00000000 08:01 15344598                   /usr/lib/x86_64-linux-gnu/libwayland-client.so.0.3.0
7f8bad3eb000-7f8bad5ea000 ---p 0000c000 08:01 15344598                   /usr/lib/x86_64-linux-gnu/libwayland-client.so.0.3.0
7f8bad5ea000-7f8bad5ec000 r--p 0000b000 08:01 15344598                   /usr/lib/x86_64-linux-gnu/libwayland-client.so.0.3.0
7f8bad5ec000-7f8bad5ed000 rw-p 0000d000 08:01 15344598                   /usr/lib/x86_64-linux-gnu/libwayland-client.so.0.3.0
7f8bad5ed000-7f8bad5f2000 r-xp 00000000 08:01 15344692                   /usr/lib/x86_64-linux-gnu/libxcb-xfixes.so.0.0.0
7f8bad5f2000-7f8bad7f2000 ---p 00005000 08:01 15344692                   /usr/lib/x86_64-linux-gnu/libxcb-xfixes.so.0.0.0
7f8bad7f2000-7f8bad7f3000 r--p 00005000 08:01 15344692                   /usr/lib/x86_64-linux-gnu/libxcb-xfixes.so.0.0.0
7f8bad7f3000-7f8bad7f4000 rw-p 00006000 08:01 15344692                   /usr/lib/x86_64-linux-gnu/libxcb-xfixes.so.0.0.0
7f8bad7f4000-7f8bad81d000 r-xp 00000000 08:01 15729315                   /usr/lib/x86_64-linux-gnu/mesa-egl/libEGL.so.1.0.0
7f8bad81d000-7f8bada1d000 ---p 00029000 08:01 15729315                   /usr/lib/x86_64-linux-gnu/mesa-egl/libEGL.so.1.0.0
7f8bada1d000-7f8bada1e000 r--p 00029000 08:01 15729315                   /usr/lib/x86_64-linux-gnu/mesa-egl/libEGL.so.1.0.0
7f8bada1e000-7f8bada1f000 rw-p 0002a000 08:01 15729315                   /usr/lib/x86_64-linux-gnu/mesa-egl/libEGL.so.1.0.0
7f8bada1f000-7f8bada20000 rw-p 00000000 00:00 0 
7f8bada20000-7f8badac5000 r-xp 00000000 08:01 28312178                   /tmp/jogamp_0000/file_cache/jln4837559224711184204/jln4397732040771715626/libjogl_desktop.so
7f8badac5000-7f8badcc5000 ---p 000a5000 08:01 28312178                   /tmp/jogamp_0000/file_cache/jln4837559224711184204/jln4397732040771715626/libjogl_desktop.so
7f8badcc5000-7f8badcc6000 rw-p 000a5000 08:01 28312178                   /tmp/jogamp_0000/file_cache/jln4837559224711184204/jln4397732040771715626/libjogl_desktop.so
7f8badcc6000-7f8badcd2000 r-xp 00000000 08:01 15343767                   /usr/lib/x86_64-linux-gnu/libdrm.so.2.4.0
7f8badcd2000-7f8baded1000 ---p 0000c000 08:01 15343767                   /usr/lib/x86_64-linux-gnu/libdrm.so.2.4.0
7f8baded1000-7f8baded2000 r--p 0000b000 08:01 15343767                   /usr/lib/x86_64-linux-gnu/libdrm.so.2.4.0
7f8baded2000-7f8baded3000 rw-p 0000c000 08:01 15343767                   /usr/lib/x86_64-linux-gnu/libdrm.so.2.4.0
7f8baded3000-7f8baded4000 r-xp 00000000 08:01 15344706                   /usr/lib/x86_64-linux-gnu/libxshmfence.so.1.0.0
7f8baded4000-7f8bae0d3000 ---p 00001000 08:01 15344706                   /usr/lib/x86_64-linux-gnu/libxshmfence.so.1.0.0
7f8bae0d3000-7f8bae0d4000 r--p 00000000 08:01 15344706                   /usr/lib/x86_64-linux-gnu/libxshmfence.so.1.0.0
7f8bae0d4000-7f8bae0d5000 rw-p 00001000 08:01 15344706                   /usr/lib/x86_64-linux-gnu/libxshmfence.so.1.0.0
7f8bae0d5000-7f8bae0da000 r-xp 00000000 08:01 15344688                   /usr/lib/x86_64-linux-gnu/libxcb-sync.so.1.0.0
7f8bae0da000-7f8bae2d9000 ---p 00005000 08:01 15344688                   /usr/lib/x86_64-linux-gnu/libxcb-sync.so.1.0.0
7f8bae2d9000-7f8bae2da000 r--p 00004000 08:01 15344688                   /usr/lib/x86_64-linux-gnu/libxcb-sync.so.1.0.0
7f8bae2da000-7f8bae2db000 rw-p 00005000 08:01 15344688                   /usr/lib/x86_64-linux-gnu/libxcb-sync.so.1.0.0
7f8bae2db000-7f8bae2dd000 r-xp 00000000 08:01 15344676                   /usr/lib/x86_64-linux-gnu/libxcb-present.so.0.0.0
7f8bae2dd000-7f8bae4dc000 ---p 00002000 08:01 15344676                   /usr/lib/x86_64-linux-gnu/libxcb-present.so.0.0.0
7f8bae4dc000-7f8bae4dd000 r--p 00001000 08:01 15344676                   /usr/lib/x86_64-linux-gnu/libxcb-present.so.0.0.0
7f8bae4dd000-7f8bae4de000 rw-p 00002000 08:01 15344676                   /usr/lib/x86_64-linux-gnu/libxcb-present.so.0.0.0
7f8bae4de000-7f8bae4e0000 r-xp 00000000 08:01 15344666                   /usr/lib/x86_64-linux-gnu/libxcb-dri3.so.0.0.0
7f8bae4e0000-7f8bae6df000 ---p 00002000 08:01 15344666                   /usr/lib/x86_64-linux-gnu/libxcb-dri3.so.0.0.0
7f8bae6df000-7f8bae6e0000 r--p 00001000 08:01 15344666                   /usr/lib/x86_64-linux-gnu/libxcb-dri3.so.0.0.0
7f8bae6e0000-7f8bae6e1000 rw-p 00002000 08:01 15344666                   /usr/lib/x86_64-linux-gnu/libxcb-dri3.so.0.0.0
7f8bae6e1000-7f8bae6e4000 r-xp 00000000 08:01 15344664                   /usr/lib/x86_64-linux-gnu/libxcb-dri2.so.0.0.0
7f8bae6e4000-7f8bae8e4000 ---p 00003000 08:01 15344664                   /usr/lib/x86_64-linux-gnu/libxcb-dri2.so.0.0.0
7f8bae8e4000-7f8bae8e5000 r--p 00003000 08:01 15344664                   /usr/lib/x86_64-linux-gnu/libxcb-dri2.so.0.0.0
7f8bae8e5000-7f8bae8e6000 rw-p 00004000 08:01 15344664                   /usr/lib/x86_64-linux-gnu/libxcb-dri2.so.0.0.0
7f8bae8e6000-7f8bae8fb000 r-xp 00000000 08:01 15344668                   /usr/lib/x86_64-linux-gnu/libxcb-glx.so.0.0.0
7f8bae8fb000-7f8baeafa000 ---p 00015000 08:01 15344668                   /usr/lib/x86_64-linux-gnu/libxcb-glx.so.0.0.0
7f8baeafa000-7f8baeafc000 r--p 00014000 08:01 15344668                   /usr/lib/x86_64-linux-gnu/libxcb-glx.so.0.0.0
7f8baeafc000-7f8baeafd000 rw-p 00016000 08:01 15344668                   /usr/lib/x86_64-linux-gnu/libxcb-glx.so.0.0.0
7f8baeafd000-7f8baeafe000 r-xp 00000000 08:01 15343492                   /usr/lib/x86_64-linux-gnu/libX11-xcb.so.1.0.0
7f8baeafe000-7f8baecfd000 ---p 00001000 08:01 15343492                   /usr/lib/x86_64-linux-gnu/libX11-xcb.so.1.0.0
7f8baecfd000-7f8baecfe000 r--p 00000000 08:01 15343492                   /usr/lib/x86_64-linux-gnu/libX11-xcb.so.1.0.0
7f8baecfe000-7f8baecff000 rw-p 00001000 08:01 15343492                   /usr/lib/x86_64-linux-gnu/libX11-xcb.so.1.0.0
7f8baecff000-7f8baed01000 r-xp 00000000 08:01 15343507                   /usr/lib/x86_64-linux-gnu/libXdamage.so.1.1.0
7f8baed01000-7f8baef00000 ---p 00002000 08:01 15343507                   /usr/lib/x86_64-linux-gnu/libXdamage.so.1.1.0
7f8baef00000-7f8baef01000 r--p 00001000 08:01 15343507                   /usr/lib/x86_64-linux-gnu/libXdamage.so.1.1.0
7f8baef01000-7f8baef02000 rw-p 00002000 08:01 15343507                   /usr/lib/x86_64-linux-gnu/libXdamage.so.1.1.0
7f8baef02000-7f8baef27000 r-xp 00000000 08:01 15343260                   /usr/lib/x86_64-linux-gnu/libglapi.so.0.0.0
7f8baef27000-7f8baf127000 ---p 00025000 08:01 15343260                   /usr/lib/x86_64-linux-gnu/libglapi.so.0.0.0
7f8baf127000-7f8baf12a000 r--p 00025000 08:01 15343260                   /usr/lib/x86_64-linux-gnu/libglapi.so.0.0.0
7f8baf12a000-7f8baf12b000 rw-p 00028000 08:01 15343260                   /usr/lib/x86_64-linux-gnu/libglapi.so.0.0.0
7f8baf12b000-7f8baf12c000 rw-p 00000000 00:00 0 
7f8baf12c000-7f8baf152000 r-xp 00000000 08:01 27267358                   /lib/x86_64-linux-gnu/libexpat.so.1.6.0
7f8baf152000-7f8baf351000 ---p 00026000 08:01 27267358                   /lib/x86_64-linux-gnu/libexpat.so.1.6.0
7f8baf351000-7f8baf354000 r--p 00025000 08:01 27267358                   /lib/x86_64-linux-gnu/libexpat.so.1.6.0
7f8baf354000-7f8baf355000 rw-p 00028000 08:01 27267358                   /lib/x86_64-linux-gnu/libexpat.so.1.6.0
7f8baf355000-7f8baf3ed000 r-xp 00000000 08:01 15732978                   /usr/lib/x86_64-linux-gnu/mesa/libGL.so.1.2.0
7f8baf3ed000-7f8baf5ec000 ---p 00098000 08:01 15732978                   /usr/lib/x86_64-linux-gnu/mesa/libGL.so.1.2.0
7f8baf5ec000-7f8baf5ef000 r--p 00097000 08:01 15732978                   /usr/lib/x86_64-linux-gnu/mesa/libGL.so.1.2.0
7f8baf5ef000-7f8baf5f0000 rw-p 0009a000 08:01 15732978                   /usr/lib/x86_64-linux-gnu/mesa/libGL.so.1.2.0
7f8baf5f0000-7f8baf7f1000 rw-p 00000000 00:00 0 
7f8baf7f1000-7f8baf9f1000 rw-p 00000000 00:00 0 
7f8baf9f1000-7f8baf9f8000 r-xp 00000000 08:01 28316235                   /tmp/jogamp_0000/file_cache/jln4837559224711184204/jln4397732040771715626/libnativewindow_x11.so
7f8baf9f8000-7f8bafbf7000 ---p 00007000 08:01 28316235                   /tmp/jogamp_0000/file_cache/jln4837559224711184204/jln4397732040771715626/libnativewindow_x11.so
7f8bafbf7000-7f8bafbf8000 rw-p 00006000 08:01 28316235                   /tmp/jogamp_0000/file_cache/jln4837559224711184204/jln4397732040771715626/libnativewindow_x11.so
7f8bafbf8000-7f8bafbfc000 r-xp 00000000 08:01 15343549                   /usr/lib/x86_64-linux-gnu/libXxf86vm.so.1.0.0
7f8bafbfc000-7f8bafdfc000 ---p 00004000 08:01 15343549                   /usr/lib/x86_64-linux-gnu/libXxf86vm.so.1.0.0
7f8bafdfc000-7f8bafdfd000 r--p 00004000 08:01 15343549                   /usr/lib/x86_64-linux-gnu/libXxf86vm.so.1.0.0
7f8bafdfd000-7f8bafdfe000 rw-p 00005000 08:01 15343549                   /usr/lib/x86_64-linux-gnu/libXxf86vm.so.1.0.0
7f8bafdfe000-7f8bafe00000 r-xp 00000000 08:01 28316227                   /tmp/jogamp_0000/file_cache/jln4837559224711184204/jln4397732040771715626/libnativewindow_awt.so
7f8bafe00000-7f8baffff000 ---p 00002000 08:01 28316227                   /tmp/jogamp_0000/file_cache/jln4837559224711184204/jln4397732040771715626/libnativewindow_awt.so
7f8baffff000-7f8bb0000000 rw-p 00001000 08:01 28316227                   /tmp/jogamp_0000/file_cache/jln4837559224711184204/jln4397732040771715626/libnativewindow_awt.so
7f8bb0000000-7f8bb0021000 rw-p 00000000 00:00 0 
7f8bb0021000-7f8bb4000000 ---p 00000000 00:00 0 
7f8bb4069000-7f8bb40e9000 rw-s 1c1c8d000 00:06 9579                      /dev/dri/card0
7f8bb40e9000-7f8bb4169000 rw-s 199d2a000 00:06 9579                      /dev/dri/card0
7f8bb4169000-7f8bb41e9000 rw-s 199caa000 00:06 9579                      /dev/dri/card0
7f8bb41e9000-7f8bb41ea000 r-xp 00000000 08:01 3450810                    /home/ema/Scaricati/jdk1.8.0_92/jre/lib/amd64/libjawt.so
7f8bb41ea000-7f8bb43e9000 ---p 00001000 08:01 3450810                    /home/ema/Scaricati/jdk1.8.0_92/jre/lib/amd64/libjawt.so
7f8bb43e9000-7f8bb43ea000 rw-p 00000000 08:01 3450810                    /home/ema/Scaricati/jdk1.8.0_92/jre/lib/amd64/libjawt.so
7f8bb43ea000-7f8bb43ec000 r-xp 00000000 08:01 28312175                   /tmp/jogamp_0000/file_cache/jln4837559224711184204/jln4397732040771715626/libgluegen-rt.so
7f8bb43ec000-7f8bb45eb000 ---p 00002000 08:01 28312175                   /tmp/jogamp_0000/file_cache/jln4837559224711184204/jln4397732040771715626/libgluegen-rt.so
7f8bb45eb000-7f8bb45ec000 rw-p 00001000 08:01 28312175                   /tmp/jogamp_0000/file_cache/jln4837559224711184204/jln4397732040771715626/libgluegen-rt.so
7f8bb45ec000-7f8bb45ef000 ---p 00000000 00:00 0 
7f8bb45ef000-7f8bb48ed000 rw-p 00000000 00:00 0 
7f8bb48ed000-7f8bb48f0000 ---p 00000000 00:00 0 
7f8bb48f0000-7f8bb4bee000 rw-p 00000000 00:00 0 
7f8bb4bee000-7f8bb4bf1000 ---p 00000000 00:00 0 
7f8bb4bf1000-7f8bb4cef000 rw-p 00000000 00:00 0 
7f8bb4cef000-7f8bb4d58000 r-xp 00000000 08:01 3450779                    /home/ema/Scaricati/jdk1.8.0_92/jre/lib/amd64/libt2k.so
7f8bb4d58000-7f8bb4f58000 ---p 00069000 08:01 3450779                    /home/ema/Scaricati/jdk1.8.0_92/jre/lib/amd64/libt2k.so
7f8bb4f58000-7f8bb4f5f000 rw-p 00069000 08:01 3450779                    /home/ema/Scaricati/jdk1.8.0_92/jre/lib/amd64/libt2k.so
7f8bb4f5f000-7f8bb4f6f000 rw-p 00000000 00:00 0 
7f8bb4f6f000-7f8bb4f80000 r-xp 00000000 08:01 3450822                    /home/ema/Scaricati/jdk1.8.0_92/jre/lib/amd64/libnio.so
7f8bb4f80000-7f8bb517f000 ---p 00011000 08:01 3450822                    /home/ema/Scaricati/jdk1.8.0_92/jre/lib/amd64/libnio.so
7f8bb517f000-7f8bb5180000 rw-p 00010000 08:01 3450822                    /home/ema/Scaricati/jdk1.8.0_92/jre/lib/amd64/libnio.so
7f8bb5180000-7f8bb5481000 rw-p 00000000 00:00 0 
7f8bb5481000-7f8bb5497000 r-xp 00000000 08:01 3450819                    /home/ema/Scaricati/jdk1.8.0_92/jre/lib/amd64/libnet.so
7f8bb5497000-7f8bb5697000 ---p 00016000 08:01 3450819                    /home/ema/Scaricati/jdk1.8.0_92/jre/lib/amd64/libnet.so
7f8bb5697000-7f8bb5698000 rw-p 00016000 08:01 3450819                    /home/ema/Scaricati/jdk1.8.0_92/jre/lib/amd64/libnet.so
7f8bb5698000-7f8bb569b000 ---p 00000000 00:00 0 
7f8bb569b000-7f8bb5799000 rw-p 00000000 00:00 0 
7f8bb5799000-7f8bb579c000 ---p 00000000 00:00 0 
7f8bb579c000-7f8bb589a000 rw-p 00000000 00:00 0 
7f8bb589a000-7f8bb589d000 ---p 00000000 00:00 0 
7f8bb589d000-7f8bb599b000 rw-p 00000000 00:00 0 
7f8bb599b000-7f8bb599e000 ---p 00000000 00:00 0 
7f8bb599e000-7f8bb5a9c000 rw-p 00000000 00:00 0 
7f8bb5a9c000-7f8bb5aa1000 r-xp 00000000 08:01 15343513                   /usr/lib/x86_64-linux-gnu/libXfixes.so.3.1.0
7f8bb5aa1000-7f8bb5ca0000 ---p 00005000 08:01 15343513                   /usr/lib/x86_64-linux-gnu/libXfixes.so.3.1.0
7f8bb5ca0000-7f8bb5ca1000 r--p 00004000 08:01 15343513                   /usr/lib/x86_64-linux-gnu/libXfixes.so.3.1.0
7f8bb5ca1000-7f8bb5ca2000 rw-p 00005000 08:01 15343513                   /usr/lib/x86_64-linux-gnu/libXfixes.so.3.1.0
7f8bb5ca2000-7f8bb5cab000 r-xp 00000000 08:01 15343505                   /usr/lib/x86_64-linux-gnu/libXcursor.so.1.0.2
7f8bb5cab000-7f8bb5eaa000 ---p 00009000 08:01 15343505                   /usr/lib/x86_64-linux-gnu/libXcursor.so.1.0.2
7f8bb5eaa000-7f8bb5eab000 r--p 00008000 08:01 15343505                   /usr/lib/x86_64-linux-gnu/libXcursor.so.1.0.2
7f8bb5eab000-7f8bb5eac000 rw-p 00009000 08:01 15343505                   /usr/lib/x86_64-linux-gnu/libXcursor.so.1.0.2
7f8bb5eac000-7f8bb5eaf000 ---p 00000000 00:00 0 
7f8bb5eaf000-7f8bb5fad000 rw-p 00000000 00:00 0 
7f8bb5fad000-7f8bb5fc3000 r-xp 00000000 08:01 27269807                   /lib/x86_64-linux-gnu/libgcc_s.so.1
7f8bb5fc3000-7f8bb61c2000 ---p 00016000 08:01 27269807                   /lib/x86_64-linux-gnu/libgcc_s.so.1
7f8bb61c2000-7f8bb61c3000 rw-p 00015000 08:01 27269807                   /lib/x86_64-linux-gnu/libgcc_s.so.1
7f8bb61c3000-7f8bb6228000 r-xp 00000000 08:01 3450798                    /home/ema/Scaricati/jdk1.8.0_92/jre/lib/amd64/libfontmanager.so
7f8bb6228000-7f8bb6427000 ---p 00065000 08:01 3450798                    /home/ema/Scaricati/jdk1.8.0_92/jre/lib/amd64/libfontmanager.so
7f8bb6427000-7f8bb642c000 rw-p 00064000 08:01 3450798                    /home/ema/Scaricati/jdk1.8.0_92/jre/lib/amd64/libfontmanager.so
7f8bb642c000-7f8bb643c000 rw-p 00000000 00:00 0 
7f8bb643c000-7f8bb6441000 r-xp 00000000 08:01 15343509                   /usr/lib/x86_64-linux-gnu/libXdmcp.so.6.0.0
7f8bb6441000-7f8bb6640000 ---p 00005000 08:01 15343509                   /usr/lib/x86_64-linux-gnu/libXdmcp.so.6.0.0
7f8bb6640000-7f8bb6641000 r--p 00004000 08:01 15343509                   /usr/lib/x86_64-linux-gnu/libXdmcp.so.6.0.0
7f8bb6641000-7f8bb6642000 rw-p 00005000 08:01 15343509                   /usr/lib/x86_64-linux-gnu/libXdmcp.so.6.0.0
7f8bb6642000-7f8bb6644000 r-xp 00000000 08:01 15343498                   /usr/lib/x86_64-linux-gnu/libXau.so.6.0.0
7f8bb6644000-7f8bb6844000 ---p 00002000 08:01 15343498                   /usr/lib/x86_64-linux-gnu/libXau.so.6.0.0
7f8bb6844000-7f8bb6845000 r--p 00002000 08:01 15343498                   /usr/lib/x86_64-linux-gnu/libXau.so.6.0.0
7f8bb6845000-7f8bb6846000 rw-p 00003000 08:01 15343498                   /usr/lib/x86_64-linux-gnu/libXau.so.6.0.0
7f8bb6846000-7f8bb6863000 r-xp 00000000 08:01 15344696                   /usr/lib/x86_64-linux-gnu/libxcb.so.1.1.0
7f8bb6863000-7f8bb6a63000 ---p 0001d000 08:01 15344696                   /usr/lib/x86_64-linux-gnu/libxcb.so.1.1.0
7f8bb6a63000-7f8bb6a64000 r--p 0001d000 08:01 15344696                   /usr/lib/x86_64-linux-gnu/libxcb.so.1.1.0
7f8bb6a64000-7f8bb6a65000 rw-p 0001e000 08:01 15344696                   /usr/lib/x86_64-linux-gnu/libxcb.so.1.1.0
7f8bb6a65000-7f8bb6a74000 r-xp 00000000 08:01 15343519                   /usr/lib/x86_64-linux-gnu/libXi.so.6.1.0
7f8bb6a74000-7f8bb6c73000 ---p 0000f000 08:01 15343519                   /usr/lib/x86_64-linux-gnu/libXi.so.6.1.0
7f8bb6c73000-7f8bb6c74000 r--p 0000e000 08:01 15343519                   /usr/lib/x86_64-linux-gnu/libXi.so.6.1.0
7f8bb6c74000-7f8bb6c75000 rw-p 0000f000 08:01 15343519                   /usr/lib/x86_64-linux-gnu/libXi.so.6.1.0
7f8bb6c75000-7f8bb6c7a000 r-xp 00000000 08:01 15343539                   /usr/lib/x86_64-linux-gnu/libXtst.so.6.1.0
7f8bb6c7a000-7f8bb6e79000 ---p 00005000 08:01 15343539                   /usr/lib/x86_64-linux-gnu/libXtst.so.6.1.0
7f8bb6e79000-7f8bb6e7a000 r--p 00004000 08:01 15343539                   /usr/lib/x86_64-linux-gnu/libXtst.so.6.1.0
7f8bb6e7a000-7f8bb6e7b000 rw-p 00005000 08:01 15343539                   /usr/lib/x86_64-linux-gnu/libXtst.so.6.1.0
7f8bb6e7b000-7f8bb6e84000 r-xp 00000000 08:01 15343533                   /usr/lib/x86_64-linux-gnu/libXrender.so.1.3.0
7f8bb6e84000-7f8bb7083000 ---p 00009000 08:01 15343533                   /usr/lib/x86_64-linux-gnu/libXrender.so.1.3.0
7f8bb7083000-7f8bb7084000 r--p 00008000 08:01 15343533                   /usr/lib/x86_64-linux-gnu/libXrender.so.1.3.0
7f8bb7084000-7f8bb7085000 rw-p 00009000 08:01 15343533                   /usr/lib/x86_64-linux-gnu/libXrender.so.1.3.0
7f8bb7085000-7f8bb71b8000 r-xp 00000000 08:01 15343494                   /usr/lib/x86_64-linux-gnu/libX11.so.6.3.0
7f8bb71b8000-7f8bb73b8000 ---p 00133000 08:01 15343494                   /usr/lib/x86_64-linux-gnu/libX11.so.6.3.0
7f8bb73b8000-7f8bb73b9000 r--p 00133000 08:01 15343494                   /usr/lib/x86_64-linux-gnu/libX11.so.6.3.0
7f8bb73b9000-7f8bb73bd000 rw-p 00134000 08:01 15343494                   /usr/lib/x86_64-linux-gnu/libX11.so.6.3.0
7f8bb73bd000-7f8bb73be000 rw-p 00000000 00:00 0 
7f8bb73be000-7f8bb73cf000 r-xp 00000000 08:01 15343511                   /usr/lib/x86_64-linux-gnu/libXext.so.6.4.0
7f8bb73cf000-7f8bb75ce000 ---p 00011000 08:01 15343511                   /usr/lib/x86_64-linux-gnu/libXext.so.6.4.0
7f8bb75ce000-7f8bb75cf000 r--p 00010000 08:01 15343511                   /usr/lib/x86_64-linux-gnu/libXext.so.6.4.0
7f8bb75cf000-7f8bb75d0000 rw-p 00011000 08:01 15343511                   /usr/lib/x86_64-linux-gnu/libXext.so.6.4.0
7f8bb75d0000-7f8bb7624000 r-xp 00000000 08:01 3450826                    /home/ema/Scaricati/jdk1.8.0_92/jre/lib/amd64/libawt_xawt.so
7f8bb7624000-7f8bb7824000 ---p 00054000 08:01 3450826                    /home/ema/Scaricati/jdk1.8.0_92/jre/lib/amd64/libawt_xawt.so
7f8bb7824000-7f8bb7828000 rw-p 00054000 08:01 3450826                    /home/ema/Scaricati/jdk1.8.0_92/jre/lib/amd64/libawt_xawt.so
7f8bb7828000-7f8bb7829000 rw-p 00000000 00:00 0 
7f8bb7829000-7f8bb78cb000 r-xp 00000000 08:01 3450809                    /home/ema/Scaricati/jdk1.8.0_92/jre/lib/amd64/libawt.so
7f8bb78cb000-7f8bb7acb000 ---p 000a2000 08:01 3450809                    /home/ema/Scaricati/jdk1.8.0_92/jre/lib/amd64/libawt.so
7f8bb7acb000-7f8bb7ad7000 rw-p 000a2000 08:01 3450809                    /home/ema/Scaricati/jdk1.8.0_92/jre/lib/amd64/libawt.so
7f8bb7ad7000-7f8bb7afb000 rw-p 00000000 00:00 0 
7f8bb7afb000-7f8bb7afc000 ---p 00000000 00:00 0 
7f8bb7afc000-7f8bb7bfc000 rw-p 00000000 00:00 0 
7f8bb7bfc000-7f8bb7bff000 ---p 00000000 00:00 0 
7f8bb7bff000-7f8bb7cfd000 rw-p 00000000 00:00 0 
7f8bb7cfd000-7f8bb7d00000 ---p 00000000 00:00 0 
7f8bb7d00000-7f8bb7dfe000 rw-p 00000000 00:00 0 
7f8bb7dfe000-7f8bb7e01000 ---p 00000000 00:00 0 
7f8bb7e01000-7f8bb7eff000 rw-p 00000000 00:00 0 
7f8bb7eff000-7f8bb7f02000 ---p 00000000 00:00 0 
7f8bb7f02000-7f8bb8000000 rw-p 00000000 00:00 0 
7f8bb8000000-7f8bb8021000 rw-p 00000000 00:00 0 
7f8bb8021000-7f8bbc000000 ---p 00000000 00:00 0 
7f8bbc027000-7f8bbc047000 rw-s 1c202d000 00:06 9579                      /dev/dri/card0
7f8bbc047000-7f8bbc067000 rw-s 1c1d2d000 00:06 9579                      /dev/dri/card0
7f8bbc067000-7f8bbc083000 r--s 00393000 08:01 3450599                    /home/ema/Scaricati/jdk1.8.0_92/jre/lib/ext/cldrdata.jar
7f8bbc083000-7f8bbc086000 ---p 00000000 00:00 0 
7f8bbc086000-7f8bbc184000 rw-p 00000000 00:00 0 
7f8bbc184000-7f8bbc187000 ---p 00000000 00:00 0 
7f8bbc187000-7f8bbc285000 rw-p 00000000 00:00 0 
7f8bbc285000-7f8bbc968000 r--p 00000000 08:01 15342584                   /usr/lib/locale/locale-archive
7f8bbc968000-7f8bbc96b000 ---p 00000000 00:00 0 
7f8bbc96b000-7f8bbca69000 rw-p 00000000 00:00 0 
7f8bbca69000-7f8bbca6c000 ---p 00000000 00:00 0 
7f8bbca6c000-7f8bbcb6a000 rw-p 00000000 00:00 0 
7f8bbcb6a000-7f8bbcb6b000 ---p 00000000 00:00 0 
7f8bbcb6b000-7f8bc0000000 rw-p 00000000 00:00 0 
7f8bc0000000-7f8bc0021000 rw-p 00000000 00:00 0 
7f8bc0021000-7f8bc4000000 ---p 00000000 00:00 0 
7f8bc400b000-7f8bc400c000 rw-s 19a969000 00:06 9579                      /dev/dri/card0
7f8bc400d000-7f8bc4011000 rw-s 11d0d6000 00:06 9579                      /dev/dri/card0
7f8bc4011000-7f8bc4014000 ---p 00000000 00:00 0 
7f8bc4014000-7f8bc404a000 rw-p 00000000 00:00 0 
7f8bc404a000-7f8bc406d000 r--s 002ec000 08:01 3540429                    /home/ema/Dropbox/ACCADEMIC/Programmi/Java/ucsdunfoldingmaps/lib/jogl-all.jar
7f8bc406d000-7f8bc5000000 rw-p 00000000 00:00 0 
7f8bc5000000-7f8bc5850000 rwxp 00000000 00:00 0 
7f8bc5850000-7f8bd4000000 ---p 00000000 00:00 0 
7f8bd4000000-7f8bd42b4000 rw-p 00000000 00:00 0 
7f8bd42b4000-7f8bd8000000 ---p 00000000 00:00 0 
7f8bd8000000-7f8bd8004000 rw-s 1c1c09000 00:06 9579                      /dev/dri/card0
7f8bd8004000-7f8bd800e000 r--s 00116000 08:01 3450653                    /home/ema/Scaricati/jdk1.8.0_92/jre/lib/ext/localedata.jar
7f8bd800e000-7f8bd87e8000 rw-p 00000000 00:00 0 
7f8bd87e8000-7f8bd89c1000 r--s 03d24000 08:01 3450543                    /home/ema/Scaricati/jdk1.8.0_92/jre/lib/rt.jar
7f8bd89c1000-7f8bd9520000 rw-p 00000000 00:00 0 
7f8bd9520000-7f8bd9521000 ---p 00000000 00:00 0 
7f8bd9521000-7f8bd9621000 rw-p 00000000 00:00 0 
7f8bd9621000-7f8bd9622000 ---p 00000000 00:00 0 
7f8bd9622000-7f8bd9722000 rw-p 00000000 00:00 0 
7f8bd9722000-7f8bd9723000 ---p 00000000 00:00 0 
7f8bd9723000-7f8bd9823000 rw-p 00000000 00:00 0 
7f8bd9823000-7f8bd9824000 ---p 00000000 00:00 0 
7f8bd9824000-7f8bd9924000 rw-p 00000000 00:00 0 
7f8bd9924000-7f8bd9925000 ---p 00000000 00:00 0 
7f8bd9925000-7f8bd9a25000 rw-p 00000000 00:00 0 
7f8bd9a25000-7f8bd9a26000 ---p 00000000 00:00 0 
7f8bd9a26000-7f8bd9b26000 rw-p 00000000 00:00 0 
7f8bd9b26000-7f8bd9b27000 ---p 00000000 00:00 0 
7f8bd9b27000-7f8bd9c27000 rw-p 00000000 00:00 0 
7f8bd9c27000-7f8bd9c28000 ---p 00000000 00:00 0 
7f8bd9c28000-7f8bd9d47000 rw-p 00000000 00:00 0 
7f8bd9d47000-7f8bd9f19000 ---p 00000000 00:00 0 
7f8bd9f19000-7f8bd9f38000 rw-p 00000000 00:00 0 
7f8bd9f38000-7f8bda109000 ---p 00000000 00:00 0 
7f8bda109000-7f8bda147000 rw-p 00000000 00:00 0 
7f8bda147000-7f8bda202000 ---p 00000000 00:00 0 
7f8bda202000-7f8bda225000 rw-p 00000000 00:00 0 
7f8bda225000-7f8bda5c3000 ---p 00000000 00:00 0 
7f8bda5c3000-7f8bda5dd000 r-xp 00000000 08:01 3450813                    /home/ema/Scaricati/jdk1.8.0_92/jre/lib/amd64/libzip.so
7f8bda5dd000-7f8bda7dd000 ---p 0001a000 08:01 3450813                    /home/ema/Scaricati/jdk1.8.0_92/jre/lib/amd64/libzip.so
7f8bda7dd000-7f8bda7de000 rw-p 0001a000 08:01 3450813                    /home/ema/Scaricati/jdk1.8.0_92/jre/lib/amd64/libzip.so
7f8bda7de000-7f8bda7ea000 r-xp 00000000 08:01 27267297                   /lib/x86_64-linux-gnu/libnss_files-2.21.so
7f8bda7ea000-7f8bda9e9000 ---p 0000c000 08:01 27267297                   /lib/x86_64-linux-gnu/libnss_files-2.21.so
7f8bda9e9000-7f8bda9ea000 r--p 0000b000 08:01 27267297                   /lib/x86_64-linux-gnu/libnss_files-2.21.so
7f8bda9ea000-7f8bda9eb000 rw-p 0000c000 08:01 27267297                   /lib/x86_64-linux-gnu/libnss_files-2.21.so
7f8bda9eb000-7f8bda9f6000 r-xp 00000000 08:01 27267307                   /lib/x86_64-linux-gnu/libnss_nis-2.21.so
7f8bda9f6000-7f8bdabf5000 ---p 0000b000 08:01 27267307                   /lib/x86_64-linux-gnu/libnss_nis-2.21.so
7f8bdabf5000-7f8bdabf6000 r--p 0000a000 08:01 27267307                   /lib/x86_64-linux-gnu/libnss_nis-2.21.so
7f8bdabf6000-7f8bdabf7000 rw-p 0000b000 08:01 27267307                   /lib/x86_64-linux-gnu/libnss_nis-2.21.so
7f8bdabf7000-7f8bdac0e000 r-xp 00000000 08:01 27267291                   /lib/x86_64-linux-gnu/libnsl-2.21.so
7f8bdac0e000-7f8bdae0d000 ---p 00017000 08:01 27267291                   /lib/x86_64-linux-gnu/libnsl-2.21.so
7f8bdae0d000-7f8bdae0e000 r--p 00016000 08:01 27267291                   /lib/x86_64-linux-gnu/libnsl-2.21.so
7f8bdae0e000-7f8bdae0f000 rw-p 00017000 08:01 27267291                   /lib/x86_64-linux-gnu/libnsl-2.21.so
7f8bdae0f000-7f8bdae11000 rw-p 00000000 00:00 0 
7f8bdae11000-7f8bdae19000 r-xp 00000000 08:01 27267293                   /lib/x86_64-linux-gnu/libnss_compat-2.21.so
7f8bdae19000-7f8bdb018000 ---p 00008000 08:01 27267293                   /lib/x86_64-linux-gnu/libnss_compat-2.21.so
7f8bdb018000-7f8bdb019000 r--p 00007000 08:01 27267293                   /lib/x86_64-linux-gnu/libnss_compat-2.21.so
7f8bdb019000-7f8bdb01a000 rw-p 00008000 08:01 27267293                   /lib/x86_64-linux-gnu/libnss_compat-2.21.so
7f8bdb01a000-7f8bdb044000 r-xp 00000000 08:01 3450807                    /home/ema/Scaricati/jdk1.8.0_92/jre/lib/amd64/libjava.so
7f8bdb044000-7f8bdb244000 ---p 0002a000 08:01 3450807                    /home/ema/Scaricati/jdk1.8.0_92/jre/lib/amd64/libjava.so
7f8bdb244000-7f8bdb246000 rw-p 0002a000 08:01 3450807                    /home/ema/Scaricati/jdk1.8.0_92/jre/lib/amd64/libjava.so
7f8bdb246000-7f8bdb253000 r-xp 00000000 08:01 3450812                    /home/ema/Scaricati/jdk1.8.0_92/jre/lib/amd64/libverify.so
7f8bdb253000-7f8bdb453000 ---p 0000d000 08:01 3450812                    /home/ema/Scaricati/jdk1.8.0_92/jre/lib/amd64/libverify.so
7f8bdb453000-7f8bdb455000 rw-p 0000d000 08:01 3450812                    /home/ema/Scaricati/jdk1.8.0_92/jre/lib/amd64/libverify.so
7f8bdb455000-7f8bdb45c000 r-xp 00000000 08:01 27267352                   /lib/x86_64-linux-gnu/librt-2.21.so
7f8bdb45c000-7f8bdb65b000 ---p 00007000 08:01 27267352                   /lib/x86_64-linux-gnu/librt-2.21.so
7f8bdb65b000-7f8bdb65c000 r--p 00006000 08:01 27267352                   /lib/x86_64-linux-gnu/librt-2.21.so
7f8bdb65c000-7f8bdb65d000 rw-p 00007000 08:01 27267352                   /lib/x86_64-linux-gnu/librt-2.21.so
7f8bdb65d000-7f8bdb764000 r-xp 00000000 08:01 27267270                   /lib/x86_64-linux-gnu/libm-2.21.so
7f8bdb764000-7f8bdb963000 ---p 00107000 08:01 27267270                   /lib/x86_64-linux-gnu/libm-2.21.so
7f8bdb963000-7f8bdb964000 r--p 00106000 08:01 27267270                   /lib/x86_64-linux-gnu/libm-2.21.so
7f8bdb964000-7f8bdb965000 rw-p 00107000 08:01 27267270                   /lib/x86_64-linux-gnu/libm-2.21.so
7f8bdb965000-7f8bdc628000 r-xp 00000000 08:01 3450788                    /home/ema/Scaricati/jdk1.8.0_92/jre/lib/amd64/server/libjvm.so
7f8bdc628000-7f8bdc827000 ---p 00cc3000 08:01 3450788                    /home/ema/Scaricati/jdk1.8.0_92/jre/lib/amd64/server/libjvm.so
7f8bdc827000-7f8bdc900000 rw-p 00cc2000 08:01 3450788                    /home/ema/Scaricati/jdk1.8.0_92/jre/lib/amd64/server/libjvm.so
7f8bdc900000-7f8bdc94b000 rw-p 00000000 00:00 0 
7f8bdc94b000-7f8bdcb0b000 r-xp 00000000 08:01 27267211                   /lib/x86_64-linux-gnu/libc-2.21.so
7f8bdcb0b000-7f8bdcd0b000 ---p 001c0000 08:01 27267211                   /lib/x86_64-linux-gnu/libc-2.21.so
7f8bdcd0b000-7f8bdcd0f000 r--p 001c0000 08:01 27267211                   /lib/x86_64-linux-gnu/libc-2.21.so
7f8bdcd0f000-7f8bdcd11000 rw-p 001c4000 08:01 27267211                   /lib/x86_64-linux-gnu/libc-2.21.so
7f8bdcd11000-7f8bdcd15000 rw-p 00000000 00:00 0 
7f8bdcd15000-7f8bdcd18000 r-xp 00000000 08:01 27267228                   /lib/x86_64-linux-gnu/libdl-2.21.so
7f8bdcd18000-7f8bdcf17000 ---p 00003000 08:01 27267228                   /lib/x86_64-linux-gnu/libdl-2.21.so
7f8bdcf17000-7f8bdcf18000 r--p 00002000 08:01 27267228                   /lib/x86_64-linux-gnu/libdl-2.21.so
7f8bdcf18000-7f8bdcf19000 rw-p 00003000 08:01 27267228                   /lib/x86_64-linux-gnu/libdl-2.21.so
7f8bdcf19000-7f8bdcf2e000 r-xp 00000000 08:01 3450782                    /home/ema/Scaricati/jdk1.8.0_92/jre/lib/amd64/jli/libjli.so
7f8bdcf2e000-7f8bdd12e000 ---p 00015000 08:01 3450782                    /home/ema/Scaricati/jdk1.8.0_92/jre/lib/amd64/jli/libjli.so
7f8bdd12e000-7f8bdd12f000 rw-p 00015000 08:01 3450782                    /home/ema/Scaricati/jdk1.8.0_92/jre/lib/amd64/jli/libjli.so
7f8bdd12f000-7f8bdd147000 r-xp 00000000 08:01 27267344                   /lib/x86_64-linux-gnu/libpthread-2.21.so
7f8bdd147000-7f8bdd347000 ---p 00018000 08:01 27267344                   /lib/x86_64-linux-gnu/libpthread-2.21.so
7f8bdd347000-7f8bdd348000 r--p 00018000 08:01 27267344                   /lib/x86_64-linux-gnu/libpthread-2.21.so
7f8bdd348000-7f8bdd349000 rw-p 00019000 08:01 27267344                   /lib/x86_64-linux-gnu/libpthread-2.21.so
7f8bdd349000-7f8bdd34d000 rw-p 00000000 00:00 0 
7f8bdd34d000-7f8bdd371000 r-xp 00000000 08:01 27267183                   /lib/x86_64-linux-gnu/ld-2.21.so
7f8bdd371000-7f8bdd372000 rw-p 00000000 00:00 0 
7f8bdd372000-7f8bdd374000 rw-s 1a0fef000 00:06 9579                      /dev/dri/card0
7f8bdd374000-7f8bdd375000 rw-s 19a9eb000 00:06 9579                      /dev/dri/card0
7f8bdd375000-7f8bdd376000 rwxp 00000000 00:00 0 
7f8bdd376000-7f8bdd377000 rw-s 199eaa000 00:06 9579                      /dev/dri/card0
7f8bdd377000-7f8bdd379000 r--s 00000000 08:01 3540406                    /home/ema/Dropbox/ACCADEMIC/Programmi/Java/ucsdunfoldingmaps/lib/gluegen-rt-natives-linux-amd64.jar
7f8bdd379000-7f8bdd37d000 r--s 00097000 08:01 3450594                    /home/ema/Scaricati/jdk1.8.0_92/jre/lib/jsse.jar
7f8bdd37d000-7f8bdd383000 r--s 00033000 08:01 3540448                    /home/ema/Dropbox/ACCADEMIC/Programmi/Java/ucsdunfoldingmaps/lib/unfolding.0.9.7-uscd.jar
7f8bdd383000-7f8bdd445000 rw-p 00000000 00:00 0 
7f8bdd445000-7f8bdd448000 ---p 00000000 00:00 0 
7f8bdd448000-7f8bdd54a000 rw-p 00000000 00:00 0 
7f8bdd54a000-7f8bdd54b000 r--s 0002f000 08:01 3540414                    /home/ema/Dropbox/ACCADEMIC/Programmi/Java/ucsdunfoldingmaps/lib/jogl-all-natives-linux-amd64.jar
7f8bdd54b000-7f8bdd54c000 r--p 00000000 00:00 0 
7f8bdd54c000-7f8bdd54d000 r--s 00005000 08:01 3540435                    /home/ema/Dropbox/ACCADEMIC/Programmi/Java/ucsdunfoldingmaps/lib/libTUIO.jar
7f8bdd54d000-7f8bdd54e000 r--s 00007000 08:01 3540430                    /home/ema/Dropbox/ACCADEMIC/Programmi/Java/ucsdunfoldingmaps/lib/json4processing.jar
7f8bdd54e000-7f8bdd553000 r--s 00309000 08:01 3540440                    /home/ema/Dropbox/ACCADEMIC/Programmi/Java/ucsdunfoldingmaps/lib/sqlite-jdbc-3.7.2.jar
7f8bdd553000-7f8bdd55a000 r--s 00059000 08:01 3540436                    /home/ema/Dropbox/ACCADEMIC/Programmi/Java/ucsdunfoldingmaps/lib/log4j-1.2.15.jar
7f8bdd55a000-7f8bdd560000 r--s 00041000 08:01 3540413                    /home/ema/Dropbox/ACCADEMIC/Programmi/Java/ucsdunfoldingmaps/lib/gluegen-rt.jar
7f8bdd560000-7f8bdd564000 r--s 0009a000 08:01 3540405                    /home/ema/Dropbox/ACCADEMIC/Programmi/Java/ucsdunfoldingmaps/lib/core.jar
7f8bdd564000-7f8bdd56c000 rw-s 00000000 08:01 28312173                   /tmp/hsperfdata_ema/19657
7f8bdd56c000-7f8bdd56d000 rw-p 00000000 00:00 0 
7f8bdd56d000-7f8bdd56e000 r--p 00000000 00:00 0 
7f8bdd56e000-7f8bdd570000 rw-p 00000000 00:00 0 
7f8bdd570000-7f8bdd571000 r--p 00023000 08:01 27267183                   /lib/x86_64-linux-gnu/ld-2.21.so
7f8bdd571000-7f8bdd572000 rw-p 00024000 08:01 27267183                   /lib/x86_64-linux-gnu/ld-2.21.so
7f8bdd572000-7f8bdd573000 rw-p 00000000 00:00 0 
7ffe6a8ff000-7ffe6a920000 rw-p 00000000 00:00 0                          [stack]
7ffe6a95a000-7ffe6a95c000 r--p 00000000 00:00 0                          [vvar]
7ffe6a95c000-7ffe6a95e000 r-xp 00000000 00:00 0                          [vdso]
ffffffffff600000-ffffffffff601000 r-xp 00000000 00:00 0                  [vsyscall]

VM Arguments:
jvm_args: -Djava.security.policy=java.policy.applet -Dfile.encoding=UTF-8 
java_command: sun.applet.AppletViewer module3.EarthquakeCityMap1475765679346.html
java_class_path (initial): /home/ema/Dropbox/ACCADEMIC/Programmi/Java/ucsdunfoldingmaps/build:/home/ema/Dropbox/ACCADEMIC/Programmi/Java/ucsdunfoldingmaps/lib/core.jar:/home/ema/Dropbox/ACCADEMIC/Programmi/Java/ucsdunfoldingmaps/lib/gluegen-rt.jar:/home/ema/Dropbox/ACCADEMIC/Programmi/Java/ucsdunfoldingmaps/lib/jogl-all.jar:/home/ema/Dropbox/ACCADEMIC/Programmi/Java/ucsdunfoldingmaps/lib/log4j-1.2.15.jar:/home/ema/Dropbox/ACCADEMIC/Programmi/Java/ucsdunfoldingmaps/lib/sqlite-jdbc-3.7.2.jar:/home/ema/Dropbox/ACCADEMIC/Programmi/Java/ucsdunfoldingmaps/lib/json4processing.jar:/home/ema/Dropbox/ACCADEMIC/Programmi/Java/ucsdunfoldingmaps/lib/libTUIO.jar:/home/ema/Dropbox/ACCADEMIC/Programmi/Java/ucsdunfoldingmaps/lib/unfolding.0.9.7-uscd.jar
Launcher Type: SUN_STANDARD

Environment Variables:
PATH=/usr/local/sbin:/usr/local/bin:/usr/sbin:/usr/bin:/sbin:/bin:/usr/games:/usr/local/games
SHELL=/bin/bash
DISPLAY=:0

Signal Handlers:
SIGSEGV: [libjvm.so+0xabdee0], sa_mask[0]=11111111011111111101111111111110, sa_flags=SA_RESTART|SA_SIGINFO
SIGBUS: [libjvm.so+0xabdee0], sa_mask[0]=11111111011111111101111111111110, sa_flags=SA_RESTART|SA_SIGINFO
SIGFPE: [libjvm.so+0x91a580], sa_mask[0]=11111111011111111101111111111110, sa_flags=SA_RESTART|SA_SIGINFO
SIGPIPE: [libjvm.so+0x91a580], sa_mask[0]=11111111011111111101111111111110, sa_flags=SA_RESTART|SA_SIGINFO
SIGXFSZ: [libjvm.so+0x91a580], sa_mask[0]=11111111011111111101111111111110, sa_flags=SA_RESTART|SA_SIGINFO
SIGILL: [libjvm.so+0x91a580], sa_mask[0]=11111111011111111101111111111110, sa_flags=SA_RESTART|SA_SIGINFO
SIGUSR1: SIG_DFL, sa_mask[0]=00000000000000000000000000000000, sa_flags=none
SIGUSR2: [libjvm.so+0x91bbb0], sa_mask[0]=00100000000000000000000000000000, sa_flags=SA_RESTART|SA_SIGINFO
SIGHUP: [libjvm.so+0x91cfb0], sa_mask[0]=11111111011111111101111111111110, sa_flags=SA_RESTART|SA_SIGINFO
SIGINT: [libjvm.so+0x91cfb0], sa_mask[0]=11111111011111111101111111111110, sa_flags=SA_RESTART|SA_SIGINFO
SIGTERM: [libjvm.so+0x91cfb0], sa_mask[0]=11111111011111111101111111111110, sa_flags=SA_RESTART|SA_SIGINFO
SIGQUIT: [libjvm.so+0x91cfb0], sa_mask[0]=11111111011111111101111111111110, sa_flags=SA_RESTART|SA_SIGINFO


---------------  S Y S T E M  ---------------

OS:DISTRIB_ID=Ubuntu
DISTRIB_RELEASE=15.04
DISTRIB_CODENAME=vivid
DISTRIB_DESCRIPTION="Ubuntu 15.04"

uname:Linux 3.19.0-69-generic #77-Ubuntu SMP Mon Aug 29 19:53:54 UTC 2016 x86_64
libc:glibc 2.21 NPTL 2.21 
rlimit: STACK 8192k, CORE 0k, NPROC 23746, NOFILE 65536, AS infinity
load average:1,55 0,87 0,52

/proc/meminfo:
MemTotal:        6101264 kB
MemFree:         1242828 kB
MemAvailable:    2743204 kB
Buffers:          700804 kB
Cached:           976328 kB
SwapCached:            0 kB
Active:          4092280 kB
Inactive:         491312 kB
Active(anon):    2910480 kB
Inactive(anon):    41280 kB
Active(file):    1181800 kB
Inactive(file):   450032 kB
Unevictable:          60 kB
Mlocked:              60 kB
SwapTotal:             0 kB
SwapFree:              0 kB
Dirty:               152 kB
Writeback:             0 kB
AnonPages:       2910752 kB
Mapped:           434840 kB
Shmem:             45296 kB
Slab:             124696 kB
SReclaimable:      74976 kB
SUnreclaim:        49720 kB
KernelStack:       12528 kB
PageTables:        39460 kB
NFS_Unstable:          0 kB
Bounce:                0 kB
WritebackTmp:          0 kB
CommitLimit:     3050632 kB
Committed_AS:    7613252 kB
VmallocTotal:   34359738367 kB
VmallocUsed:      317784 kB
VmallocChunk:   34359299192 kB
HardwareCorrupted:     0 kB
AnonHugePages:   1345536 kB
CmaTotal:              0 kB
CmaFree:               0 kB
HugePages_Total:       0
HugePages_Free:        0
HugePages_Rsvd:        0
HugePages_Surp:        0
Hugepagesize:       2048 kB
DirectMap4k:      171520 kB
DirectMap2M:     6111232 kB


CPU:total 8 (4 cores per cpu, 2 threads per core) family 6 model 26 stepping 5, cmov, cx8, fxsr, mmx, sse, sse2, sse3, ssse3, sse4.1, sse4.2, popcnt, ht, tsc, tscinvbit, tscinv

/proc/cpuinfo:
processor	: 0
vendor_id	: GenuineIntel
cpu family	: 6
model		: 26
model name	: Intel(R) Core(TM) i7 CPU         920  @ 2.67GHz
stepping	: 5
microcode	: 0xf
cpu MHz		: 1733.000
cache size	: 8192 KB
physical id	: 0
siblings	: 8
core id		: 0
cpu cores	: 4
apicid		: 0
initial apicid	: 0
fpu		: yes
fpu_exception	: yes
cpuid level	: 11
wp		: yes
flags		: fpu vme de pse tsc msr pae mce cx8 apic sep mtrr pge mca cmov pat pse36 clflush dts acpi mmx fxsr sse sse2 ss ht tm pbe syscall nx rdtscp lm constant_tsc arch_perfmon pebs bts rep_good nopl xtopology nonstop_tsc aperfmperf pni dtes64 monitor ds_cpl vmx est tm2 ssse3 cx16 xtpr pdcm sse4_1 sse4_2 popcnt lahf_lm ida dtherm tpr_shadow vnmi flexpriority ept vpid
bugs		:
bogomips	: 5344.97
clflush size	: 64
cache_alignment	: 64
address sizes	: 36 bits physical, 48 bits virtual
power management:

processor	: 1
vendor_id	: GenuineIntel
cpu family	: 6
model		: 26
model name	: Intel(R) Core(TM) i7 CPU         920  @ 2.67GHz
stepping	: 5
microcode	: 0xf
cpu MHz		: 1600.000
cache size	: 8192 KB
physical id	: 0
siblings	: 8
core id		: 1
cpu cores	: 4
apicid		: 2
initial apicid	: 2
fpu		: yes
fpu_exception	: yes
cpuid level	: 11
wp		: yes
flags		: fpu vme de pse tsc msr pae mce cx8 apic sep mtrr pge mca cmov pat pse36 clflush dts acpi mmx fxsr sse sse2 ss ht tm pbe syscall nx rdtscp lm constant_tsc arch_perfmon pebs bts rep_good nopl xtopology nonstop_tsc aperfmperf pni dtes64 monitor ds_cpl vmx est tm2 ssse3 cx16 xtpr pdcm sse4_1 sse4_2 popcnt lahf_lm ida dtherm tpr_shadow vnmi flexpriority ept vpid
bugs		:
bogomips	: 5344.97
clflush size	: 64
cache_alignment	: 64
address sizes	: 36 bits physical, 48 bits virtual
power management:

processor	: 2
vendor_id	: GenuineIntel
cpu family	: 6
model		: 26
model name	: Intel(R) Core(TM) i7 CPU         920  @ 2.67GHz
stepping	: 5
microcode	: 0xf
cpu MHz		: 1733.000
cache size	: 8192 KB
physical id	: 0
siblings	: 8
core id		: 2
cpu cores	: 4
apicid		: 4
initial apicid	: 4
fpu		: yes
fpu_exception	: yes
cpuid level	: 11
wp		: yes
flags		: fpu vme de pse tsc msr pae mce cx8 apic sep mtrr pge mca cmov pat pse36 clflush dts acpi mmx fxsr sse sse2 ss ht tm pbe syscall nx rdtscp lm constant_tsc arch_perfmon pebs bts rep_good nopl xtopology nonstop_tsc aperfmperf pni dtes64 monitor ds_cpl vmx est tm2 ssse3 cx16 xtpr pdcm sse4_1 sse4_2 popcnt lahf_lm ida dtherm tpr_shadow vnmi flexpriority ept vpid
bugs		:
bogomips	: 5344.97
clflush size	: 64
cache_alignment	: 64
address sizes	: 36 bits physical, 48 bits virtual
power management:

processor	: 3
vendor_id	: GenuineIntel
cpu family	: 6
model		: 26
model name	: Intel(R) Core(TM) i7 CPU         920  @ 2.67GHz
stepping	: 5
microcode	: 0xf
cpu MHz		: 1600.000
cache size	: 8192 KB
physical id	: 0
siblings	: 8
core id		: 3
cpu cores	: 4
apicid		: 6
initial apicid	: 6
fpu		: yes
fpu_exception	: yes
cpuid level	: 11
wp		: yes
flags		: fpu vme de pse tsc msr pae mce cx8 apic sep mtrr pge mca cmov pat pse36 clflush dts acpi mmx fxsr sse sse2 ss ht tm pbe syscall nx rdtscp lm constant_tsc arch_perfmon pebs bts rep_good nopl xtopology nonstop_tsc aperfmperf pni dtes64 monitor ds_cpl vmx est tm2 ssse3 cx16 xtpr pdcm sse4_1 sse4_2 popcnt lahf_lm ida dtherm tpr_shadow vnmi flexpriority ept vpid
bugs		:
bogomips	: 5344.97
clflush size	: 64
cache_alignment	: 64
address sizes	: 36 bits physical, 48 bits virtual
power management:

processor	: 4
vendor_id	: GenuineIntel
cpu family	: 6
model		: 26
model name	: Intel(R) Core(TM) i7 CPU         920  @ 2.67GHz
stepping	: 5
microcode	: 0xf
cpu MHz		: 1600.000
cache size	: 8192 KB
physical id	: 0
siblings	: 8
core id		: 0
cpu cores	: 4
apicid		: 1
initial apicid	: 1
fpu		: yes
fpu_exception	: yes
cpuid level	: 11
wp		: yes
flags		: fpu vme de pse tsc msr pae mce cx8 apic sep mtrr pge mca cmov pat pse36 clflush dts acpi mmx fxsr sse sse2 ss ht tm pbe syscall nx rdtscp lm constant_tsc arch_perfmon pebs bts rep_good nopl xtopology nonstop_tsc aperfmperf pni dtes64 monitor ds_cpl vmx est tm2 ssse3 cx16 xtpr pdcm sse4_1 sse4_2 popcnt lahf_lm ida dtherm tpr_shadow vnmi flexpriority ept vpid
bugs		:
bogomips	: 5344.97
clflush size	: 64
cache_alignment	: 64
address sizes	: 36 bits physical, 48 bits virtual
power management:

processor	: 5
vendor_id	: GenuineIntel
cpu family	: 6
model		: 26
model name	: Intel(R) Core(TM) i7 CPU         920  @ 2.67GHz
stepping	: 5
microcode	: 0xf
cpu MHz		: 1600.000
cache size	: 8192 KB
physical id	: 0
siblings	: 8
core id		: 1
cpu cores	: 4
apicid		: 3
initial apicid	: 3
fpu		: yes
fpu_exception	: yes
cpuid level	: 11
wp		: yes
flags		: fpu vme de pse tsc msr pae mce cx8 apic sep mtrr pge mca cmov pat pse36 clflush dts acpi mmx fxsr sse sse2 ss ht tm pbe syscall nx rdtscp lm constant_tsc arch_perfmon pebs bts rep_good nopl xtopology nonstop_tsc aperfmperf pni dtes64 monitor ds_cpl vmx est tm2 ssse3 cx16 xtpr pdcm sse4_1 sse4_2 popcnt lahf_lm ida dtherm tpr_shadow vnmi flexpriority ept vpid
bugs		:
bogomips	: 5344.97
clflush size	: 64
cache_alignment	: 64
address sizes	: 36 bits physical, 48 bits virtual
power management:

processor	: 6
vendor_id	: GenuineIntel
cpu family	: 6
model		: 26
model name	: Intel(R) Core(TM) i7 CPU         920  @ 2.67GHz
stepping	: 5
microcode	: 0xf
cpu MHz		: 2533.000
cache size	: 8192 KB
physical id	: 0
siblings	: 8
core id		: 2
cpu cores	: 4
apicid		: 5
initial apicid	: 5
fpu		: yes
fpu_exception	: yes
cpuid level	: 11
wp		: yes
flags		: fpu vme de pse tsc msr pae mce cx8 apic sep mtrr pge mca cmov pat pse36 clflush dts acpi mmx fxsr sse sse2 ss ht tm pbe syscall nx rdtscp lm constant_tsc arch_perfmon pebs bts rep_good nopl xtopology nonstop_tsc aperfmperf pni dtes64 monitor ds_cpl vmx est tm2 ssse3 cx16 xtpr pdcm sse4_1 sse4_2 popcnt lahf_lm ida dtherm tpr_shadow vnmi flexpriority ept vpid
bugs		:
bogomips	: 5344.97
clflush size	: 64
cache_alignment	: 64
address sizes	: 36 bits physical, 48 bits virtual
power management:

processor	: 7
vendor_id	: GenuineIntel
cpu family	: 6
model		: 26
model name	: Intel(R) Core(TM) i7 CPU         920  @ 2.67GHz
stepping	: 5
microcode	: 0xf
cpu MHz		: 1600.000
cache size	: 8192 KB
physical id	: 0
siblings	: 8
core id		: 3
cpu cores	: 4
apicid		: 7
initial apicid	: 7
fpu		: yes
fpu_exception	: yes
cpuid level	: 11
wp		: yes
flags		: fpu vme de pse tsc msr pae mce cx8 apic sep mtrr pge mca cmov pat pse36 clflush dts acpi mmx fxsr sse sse2 ss ht tm pbe syscall nx rdtscp lm constant_tsc arch_perfmon pebs bts rep_good nopl xtopology nonstop_tsc aperfmperf pni dtes64 monitor ds_cpl vmx est tm2 ssse3 cx16 xtpr pdcm sse4_1 sse4_2 popcnt lahf_lm ida dtherm tpr_shadow vnmi flexpriority ept vpid
bugs		:
bogomips	: 5344.97
clflush size	: 64
cache_alignment	: 64
address sizes	: 36 bits physical, 48 bits virtual
power management:



Memory: 4k page, physical 6101264k(1242828k free), swap 0k(0k free)

vm_info: Java HotSpot(TM) 64-Bit Server VM (25.92-b14) for linux-amd64 JRE (1.8.0_92-b14), built on Mar 31 2016 21:08:29 by "java_re" with gcc 4.3.0 20080428 (Red Hat 4.3.0-8)

time: Thu Oct  6 16:55:04 2016
elapsed time: 24 seconds (0d 0h 0m 24s)

