#
# A fatal error has been detected by the Java Runtime Environment:
#
#  SIGSEGV (0xb) at pc=0x00007f6c1db64987, pid=19763, tid=0x00007f6c4a8b2700
#
# JRE version: Java(TM) SE Runtime Environment (8.0_92-b14) (build 1.8.0_92-b14)
# Java VM: Java HotSpot(TM) 64-Bit Server VM (25.92-b14 mixed mode linux-amd64 compressed oops)
# Problematic frame:
# C  [nouveau_dri.so+0x29e987]
#
# Failed to write core dump. Core dumps have been disabled. To enable core dumping, try "ulimit -c unlimited" before starting Java again
#
# If you would like to submit a bug report, please visit:
#   http://bugreport.java.com/bugreport/crash.jsp
# The crash happened outside the Java Virtual Machine in native code.
# See problematic frame for where to report the bug.
#

---------------  T H R E A D  ---------------

Current thread (0x00007f6c3c008800):  JavaThread "AWT-EventQueue-1" [_thread_in_native, id=19795, stack(0x00007f6c4a7b2000,0x00007f6c4a8b3000)]

siginfo: si_signo: 11 (SIGSEGV), si_code: 1 (SEGV_MAPERR), si_addr: 0x000000000000c030

Registers:
RAX=0x0000000000000000, RBX=0x00007f6c280afe80, RCX=0x0000000000000000, RDX=0x0000000000000001
RSP=0x00007f6c4a8b0520, RBP=0x000000000000c000, RSI=0x00007f6c280b0730, RDI=0x0000000100000000
R8 =0x0000000000000000, R9 =0x00007f6c490efc60, R10=0x00007f6c990157e8, R11=0x00007f6cade70cf0
R12=0x0000000000000001, R13=0x00007f6c2c129d90, R14=0x0000000000000000, R15=0x0000000000000001
RIP=0x00007f6c1db64987, EFLAGS=0x0000000000010206, CSGSFS=0x0000000000000033, ERR=0x0000000000000004
  TRAPNO=0x000000000000000e

Top of Stack: (sp=0x00007f6c4a8b0520)
0x00007f6c4a8b0520:   00007f6c4a8b0520 00007f6c88a2573c
0x00007f6c4a8b0530:   00007f6c4a8b0578 9224c55ab31e8100
0x00007f6c4a8b0540:   0000000000000000 00007f6c280afd50
0x00007f6c4a8b0550:   0000000000000000 00007f6c2c12a1d0
0x00007f6c4a8b0560:   00007f6c2c129d90 00007f6c2c12a380
0x00007f6c4a8b0570:   0000000000000000 00007f6c490efd02
0x00007f6c4a8b0580:   00007f6c4a8b05b0 00007f6c00000000
0x00007f6c4a8b0590:   0000000000000000 0000000000000000
0x00007f6c4a8b05a0:   000000000440004d 00007f6c490c1bf1
0x00007f6c4a8b05b0:   00007f6c280afd50 9224c55ab31e8100
0x00007f6c4a8b05c0:   000000000440004d 00007f6c493d15b0
0x00007f6c4a8b05d0:   00007f6c4a8b0640 0000000000000000
0x00007f6c4a8b05e0:   00007f6c493d15b0 00007f6c4a8b0708
0x00007f6c4a8b05f0:   00007f6c3c008800 00007f6c1f7d1849
0x00007f6c4a8b0600:   00007f6c494b6fc0 00007f6c490c1c20
0x00007f6c4a8b0610:   000000000440004d 00007f6c2c12d4b0
0x00007f6c4a8b0620:   00007f6c4a8b06d0 00007f6c3c0089f8
0x00007f6c4a8b0630:   00007f6c99007dd0 00007f6c490c1c20
0x00007f6c4a8b0640:   00007f6c4a8b06c0 00007f6c99015814
0x00007f6c4a8b0650:   00007f6c49486a54 00007f6c4a8b06a8
0x00007f6c4a8b0660:   00007f6c49488f88 0000000000000000
0x00007f6c4a8b0670:   00007f6c49486a90 0000000000000000
0x00007f6c4a8b0680:   00007f6c4a8b0680 0000000000000000
0x00007f6c4a8b0690:   00007f6c4a8b0708 00007f6c493d2c50
0x00007f6c4a8b06a0:   0000000000000000 00007f6c493d15b0
0x00007f6c4a8b06b0:   0000000000000000 00007f6c4a8b06e0
0x00007f6c4a8b06c0:   00007f6c4a8b0750 00007f6c990082bd
0x00007f6c4a8b06d0:   00000000e2a8f010 00007f6c99011538
0x00007f6c4a8b06e0:   00007f6c490c1c20 00007f6c99021043
0x00007f6c4a8b06f0:   000000000440004d 0000000000000000
0x00007f6c4a8b0700:   00007f6c2c12d4b0 00000000a3386068
0x00007f6c4a8b0710:   00007f6c4a8b0710 00007f6c493d1501 

Instructions: (pc=0x00007f6c1db64987)
0x00007f6c1db64967:   00 41 f6 c4 01 c6 44 24 0f 00 0f 84 c9 00 00 00
0x00007f6c1db64977:   48 8b b3 30 01 00 00 48 85 f6 0f 84 b9 00 00 00
0x00007f6c1db64987:   48 8b 55 30 45 85 f6 4c 8b 6a 18 0f 85 40 02 00
0x00007f6c1db64997:   00 83 7b 38 01 0f 8e 36 02 00 00 48 8b 93 68 01 

Register to memory mapping:

RAX=0x0000000000000000 is an unknown value
RBX=0x00007f6c280afe80 is an unknown value
RCX=0x0000000000000000 is an unknown value
RDX=0x0000000000000001 is an unknown value
RSP=0x00007f6c4a8b0520 is pointing into the stack for thread: 0x00007f6c3c008800
RBP=0x000000000000c000 is an unknown value
RSI=0x00007f6c280b0730 is an unknown value
RDI=0x0000000100000000 is pointing into metadata
R8 =0x0000000000000000 is an unknown value
R9 =0x00007f6c490efc60: <offset 0x4ac60> in /usr/lib/x86_64-linux-gnu/mesa/libGL.so.1 at 0x00007f6c490a5000
R10=0x00007f6c990157e8 is at code_begin+808 in an Interpreter codelet
method entry point (kind = native)  [0x00007f6c990154c0, 0x00007f6c99015dc0]  2304 bytes
R11=0x00007f6cade70cf0: <offset 0x9bccf0> in /home/ema/Scaricati/jdk1.8.0_92/jre/lib/amd64/server/libjvm.so at 0x00007f6cad4b4000
R12=0x0000000000000001 is an unknown value
R13=0x00007f6c2c129d90 is an unknown value
R14=0x0000000000000000 is an unknown value
R15=0x0000000000000001 is an unknown value


Stack: [0x00007f6c4a7b2000,0x00007f6c4a8b3000],  sp=0x00007f6c4a8b0520,  free space=1017k
Native frames: (J=compiled Java code, j=interpreted, Vv=VM code, C=native code)
C  [nouveau_dri.so+0x29e987]

Java frames: (J=compiled Java code, j=interpreted, Vv=VM code)
j  jogamp.opengl.x11.glx.GLX.dispatch_glXSwapBuffers0(JJJ)V+0
j  jogamp.opengl.x11.glx.GLX.glXSwapBuffers(JJ)V+41
j  jogamp.opengl.x11.glx.X11GLXDrawable.swapBuffersImpl(Z)V+17
j  jogamp.opengl.GLDrawableImpl.swapBuffers()V+67
j  javax.media.opengl.awt.GLCanvas$12.run()V+45
J 1975 C1 java.awt.event.InvocationEvent.dispatch()V (69 bytes) @ 0x00007f6c996f948c [0x00007f6c996f9340+0x14c]
j  java.awt.EventQueue.dispatchEventImpl(Ljava/awt/AWTEvent;Ljava/lang/Object;)V+21
j  java.awt.EventQueue.access$500(Ljava/awt/EventQueue;Ljava/awt/AWTEvent;Ljava/lang/Object;)V+3
j  java.awt.EventQueue$3.run()Ljava/lang/Void;+32
j  java.awt.EventQueue$3.run()Ljava/lang/Object;+1
v  ~StubRoutines::call_stub
J 473  java.security.AccessController.doPrivileged(Ljava/security/PrivilegedAction;Ljava/security/AccessControlContext;)Ljava/lang/Object; (0 bytes) @ 0x00007f6c99217fe3 [0x00007f6c99217f80+0x63]
J 1962 C1 java.awt.EventQueue.dispatchEvent(Ljava/awt/AWTEvent;)V (80 bytes) @ 0x00007f6c996e6bc4 [0x00007f6c996e6240+0x984]
j  java.awt.EventDispatchThread.pumpOneEventForFilters(I)V+245
j  java.awt.EventDispatchThread.pumpEventsForFilter(ILjava/awt/Conditional;Ljava/awt/EventFilter;)V+35
j  java.awt.EventDispatchThread.pumpEventsForHierarchy(ILjava/awt/Conditional;Ljava/awt/Component;)V+11
j  java.awt.EventDispatchThread.pumpEvents(ILjava/awt/Conditional;)V+4
j  java.awt.EventDispatchThread.pumpEvents(Ljava/awt/Conditional;)V+3
j  java.awt.EventDispatchThread.run()V+9
v  ~StubRoutines::call_stub

---------------  P R O C E S S  ---------------

Java Threads: ( => current thread )
  0x00007f6c2846a000 JavaThread "Thread-19" [_thread_blocked, id=19823, stack(0x00007f6c18b87000,0x00007f6c18c88000)]
  0x00007f6c68001000 JavaThread "Keep-Alive-Timer" daemon [_thread_blocked, id=19822, stack(0x00007f6c18a5b000,0x00007f6c18b5c000)]
  0x00007f6c2c114800 JavaThread "Animation Thread-SharedResourceRunner" daemon [_thread_blocked, id=19805, stack(0x00007f6c4a177000,0x00007f6c4a278000)]
  0x00007f6c2c086800 JavaThread "process reaper" daemon [_thread_blocked, id=19800, stack(0x00007f6c4a278000,0x00007f6c4a2b1000)]
  0x00007f6c3c018800 JavaThread "Animation Thread" [_thread_blocked, id=19796, stack(0x00007f6c4a4b1000,0x00007f6c4a5b2000)]
=>0x00007f6c3c008800 JavaThread "AWT-EventQueue-1" [_thread_in_native, id=19795, stack(0x00007f6c4a7b2000,0x00007f6c4a8b3000)]
  0x00007f6ca800a000 JavaThread "DestroyJavaVM" [_thread_blocked, id=19768, stack(0x00007f6caef94000,0x00007f6caf095000)]
  0x00007f6ca829e000 JavaThread "AWT-EventQueue-0" [_thread_blocked, id=19793, stack(0x00007f6c4b25c000,0x00007f6c4b35d000)]
  0x00007f6ca8299800 JavaThread "AWT-Shutdown" [_thread_blocked, id=19792, stack(0x00007f6c4b35d000,0x00007f6c4b45e000)]
  0x00007f6ca8286000 JavaThread "thread applet-module3.EarthquakeCityMap.class" [_thread_blocked, id=19791, stack(0x00007f6c4b45e000,0x00007f6c4b55f000)]
  0x00007f6ca8279800 JavaThread "AWT-XAWT" daemon [_thread_blocked, id=19789, stack(0x00007f6c4b55f000,0x00007f6c4b660000)]
  0x00007f6ca8253800 JavaThread "Java2D Disposer" daemon [_thread_blocked, id=19788, stack(0x00007f6c4ba70000,0x00007f6c4bb71000)]
  0x00007f6ca80d4000 JavaThread "Service Thread" daemon [_thread_blocked, id=19785, stack(0x00007f6c71816000,0x00007f6c71917000)]
  0x00007f6ca80c9000 JavaThread "C1 CompilerThread3" daemon [_thread_blocked, id=19784, stack(0x00007f6c71917000,0x00007f6c71a18000)]
  0x00007f6ca80c6800 JavaThread "C2 CompilerThread2" daemon [_thread_blocked, id=19783, stack(0x00007f6c71a18000,0x00007f6c71b19000)]
  0x00007f6ca80c5000 JavaThread "C2 CompilerThread1" daemon [_thread_blocked, id=19782, stack(0x00007f6c71b19000,0x00007f6c71c1a000)]
  0x00007f6ca80c2000 JavaThread "C2 CompilerThread0" daemon [_thread_blocked, id=19781, stack(0x00007f6c71c1a000,0x00007f6c71d1b000)]
  0x00007f6ca80c0800 JavaThread "Signal Dispatcher" daemon [_thread_blocked, id=19780, stack(0x00007f6c71d1b000,0x00007f6c71e1c000)]
  0x00007f6ca808d000 JavaThread "Finalizer" daemon [_thread_blocked, id=19779, stack(0x00007f6c724ff000,0x00007f6c72600000)]
  0x00007f6ca8088000 JavaThread "Reference Handler" daemon [_thread_blocked, id=19778, stack(0x00007f6c72600000,0x00007f6c72701000)]

Other Threads:
  0x00007f6ca8080800 VMThread [stack: 0x00007f6c72701000,0x00007f6c72802000] [id=19777]
  0x00007f6ca80d7000 WatcherThread [stack: 0x00007f6c71715000,0x00007f6c71816000] [id=19786]

VM state:not at safepoint (normal execution)

VM Mutex/Monitor currently owned by a thread: None

Heap:
 PSYoungGen      total 28160K, used 15272K [0x00000000e0f80000, 0x00000000e2e80000, 0x0000000100000000)
  eden space 24576K, 47% used [0x00000000e0f80000,0x00000000e1af15d0,0x00000000e2780000)
  from space 3584K, 99% used [0x00000000e2780000,0x00000000e2af8a70,0x00000000e2b00000)
  to   space 3584K, 0% used [0x00000000e2b00000,0x00000000e2b00000,0x00000000e2e80000)
 ParOldGen       total 64512K, used 14451K [0x00000000a2e00000, 0x00000000a6d00000, 0x00000000e0f80000)
  object space 64512K, 22% used [0x00000000a2e00000,0x00000000a3c1ccb8,0x00000000a6d00000)
 Metaspace       used 20460K, capacity 20689K, committed 20992K, reserved 1069056K
  class space    used 1951K, capacity 2024K, committed 2048K, reserved 1048576K

Card table byte_map: [0x00007f6c98956000,0x00007f6c98c40000] byte_map_base: 0x00007f6c9843f000

Marking Bits: (ParMarkBitMap*) 0x00007f6cae46d4c0
 Begin Bits: [0x00007f6c89170000, 0x00007f6c8a8b8000)
 End Bits:   [0x00007f6c8a8b8000, 0x00007f6c8c000000)

Polling page: 0x00007f6caf0bc000

CodeCache: size=245760Kb used=7241Kb max_used=7241Kb free=238518Kb
 bounds [0x00007f6c99000000, 0x00007f6c99720000, 0x00007f6ca8000000]
 total_blobs=2988 nmethods=2032 adapters=871
 compilation: enabled

Compilation events (10 events):
Event: 7,473 Thread 0x00007f6ca80c9000 nmethod 2026 0x00007f6c99716150 code [0x00007f6c997162c0, 0x00007f6c99716548]
Event: 7,473 Thread 0x00007f6ca80c9000 2027       1       sun.java2d.SurfaceData::isValid (5 bytes)
Event: 7,473 Thread 0x00007f6ca80c9000 nmethod 2027 0x00007f6c99716650 code [0x00007f6c997167a0, 0x00007f6c997168b0]
Event: 7,473 Thread 0x00007f6ca80c9000 2028       3       sun.font.CompositeGlyphMapper::getCachedGlyphCode (32 bytes)
Event: 7,473 Thread 0x00007f6ca80c9000 nmethod 2028 0x00007f6c99716910 code [0x00007f6c99716a80, 0x00007f6c99716cd0]
Event: 7,473 Thread 0x00007f6ca80c9000 2029   !   3       sun.font.FileFontStrike::getCachedGlyphPtr (27 bytes)
Event: 7,474 Thread 0x00007f6ca80c9000 nmethod 2029 0x00007f6c99716e10 code [0x00007f6c99716fe0, 0x00007f6c997176b8]
Event: 7,491 Thread 0x00007f6ca80c9000 2031       3       sun.font.XRGlyphCacheEntry::getXAdvance (16 bytes)
Event: 7,492 Thread 0x00007f6ca80c9000 nmethod 2031 0x00007f6c997179d0 code [0x00007f6c99717b40, 0x00007f6c99717cb0]
Event: 7,492 Thread 0x00007f6ca80c9000 2030  s    3       java.awt.KeyboardFocusManager::getCurrentKeyboardFocusManager (32 bytes)

GC Heap History (6 events):
Event: 0,595 GC heap before
{Heap before GC invocations=1 (full 0):
 PSYoungGen      total 28160K, used 24386K [0x00000000e0f80000, 0x00000000e2e80000, 0x0000000100000000)
  eden space 24576K, 99% used [0x00000000e0f80000,0x00000000e27509e8,0x00000000e2780000)
  from space 3584K, 0% used [0x00000000e2b00000,0x00000000e2b00000,0x00000000e2e80000)
  to   space 3584K, 0% used [0x00000000e2780000,0x00000000e2780000,0x00000000e2b00000)
 ParOldGen       total 64512K, used 0K [0x00000000a2e00000, 0x00000000a6d00000, 0x00000000e0f80000)
  object space 64512K, 0% used [0x00000000a2e00000,0x00000000a2e00000,0x00000000a6d00000)
 Metaspace       used 13452K, capacity 13728K, committed 13952K, reserved 1060864K
  class space    used 1465K, capacity 1545K, committed 1664K, reserved 1048576K
Event: 0,601 GC heap after
Heap after GC invocations=1 (full 0):
 PSYoungGen      total 28160K, used 3555K [0x00000000e0f80000, 0x00000000e2e80000, 0x0000000100000000)
  eden space 24576K, 0% used [0x00000000e0f80000,0x00000000e0f80000,0x00000000e2780000)
  from space 3584K, 99% used [0x00000000e2780000,0x00000000e2af8d80,0x00000000e2b00000)
  to   space 3584K, 0% used [0x00000000e2b00000,0x00000000e2b00000,0x00000000e2e80000)
 ParOldGen       total 64512K, used 667K [0x00000000a2e00000, 0x00000000a6d00000, 0x00000000e0f80000)
  object space 64512K, 1% used [0x00000000a2e00000,0x00000000a2ea6e58,0x00000000a6d00000)
 Metaspace       used 13452K, capacity 13728K, committed 13952K, reserved 1060864K
  class space    used 1465K, capacity 1545K, committed 1664K, reserved 1048576K
}
Event: 3,344 GC heap before
{Heap before GC invocations=2 (full 0):
 PSYoungGen      total 28160K, used 28112K [0x00000000e0f80000, 0x00000000e2e80000, 0x0000000100000000)
  eden space 24576K, 99% used [0x00000000e0f80000,0x00000000e277b570,0x00000000e2780000)
  from space 3584K, 99% used [0x00000000e2780000,0x00000000e2af8d80,0x00000000e2b00000)
  to   space 3584K, 0% used [0x00000000e2b00000,0x00000000e2b00000,0x00000000e2e80000)
 ParOldGen       total 64512K, used 667K [0x00000000a2e00000, 0x00000000a6d00000, 0x00000000e0f80000)
  object space 64512K, 1% used [0x00000000a2e00000,0x00000000a2ea6e58,0x00000000a6d00000)
 Metaspace       used 19784K, capacity 19993K, committed 20224K, reserved 1067008K
  class space    used 1933K, capacity 1988K, committed 2048K, reserved 1048576K
Event: 3,355 GC heap after
Heap after GC invocations=2 (full 0):
 PSYoungGen      total 28160K, used 3554K [0x00000000e0f80000, 0x00000000e2e80000, 0x0000000100000000)
  eden space 24576K, 0% used [0x00000000e0f80000,0x00000000e0f80000,0x00000000e2780000)
  from space 3584K, 99% used [0x00000000e2b00000,0x00000000e2e78a60,0x00000000e2e80000)
  to   space 3584K, 0% used [0x00000000e2780000,0x00000000e2780000,0x00000000e2b00000)
 ParOldGen       total 64512K, used 8090K [0x00000000a2e00000, 0x00000000a6d00000, 0x00000000e0f80000)
  object space 64512K, 12% used [0x00000000a2e00000,0x00000000a35e68f8,0x00000000a6d00000)
 Metaspace       used 19784K, capacity 19993K, committed 20224K, reserved 1067008K
  class space    used 1933K, capacity 1988K, committed 2048K, reserved 1048576K
}
Event: 4,763 GC heap before
{Heap before GC invocations=3 (full 0):
 PSYoungGen      total 28160K, used 28125K [0x00000000e0f80000, 0x00000000e2e80000, 0x0000000100000000)
  eden space 24576K, 99% used [0x00000000e0f80000,0x00000000e277eb70,0x00000000e2780000)
  from space 3584K, 99% used [0x00000000e2b00000,0x00000000e2e78a60,0x00000000e2e80000)
  to   space 3584K, 0% used [0x00000000e2780000,0x00000000e2780000,0x00000000e2b00000)
 ParOldGen       total 64512K, used 8090K [0x00000000a2e00000, 0x00000000a6d00000, 0x00000000e0f80000)
  object space 64512K, 12% used [0x00000000a2e00000,0x00000000a35e68f8,0x00000000a6d00000)
 Metaspace       used 20235K, capacity 20465K, committed 20736K, reserved 1069056K
  class space    used 1943K, capacity 1992K, committed 2048K, reserved 1048576K
Event: 4,772 GC heap after
Heap after GC invocations=3 (full 0):
 PSYoungGen      total 28160K, used 3554K [0x00000000e0f80000, 0x00000000e2e80000, 0x0000000100000000)
  eden space 24576K, 0% used [0x00000000e0f80000,0x00000000e0f80000,0x00000000e2780000)
  from space 3584K, 99% used [0x00000000e2780000,0x00000000e2af8a70,0x00000000e2b00000)
  to   space 3584K, 0% used [0x00000000e2b00000,0x00000000e2b00000,0x00000000e2e80000)
 ParOldGen       total 64512K, used 14451K [0x00000000a2e00000, 0x00000000a6d00000, 0x00000000e0f80000)
  object space 64512K, 22% used [0x00000000a2e00000,0x00000000a3c1ccb8,0x00000000a6d00000)
 Metaspace       used 20235K, capacity 20465K, committed 20736K, reserved 1069056K
  class space    used 1943K, capacity 1992K, committed 2048K, reserved 1048576K
}

Deoptimization events (10 events):
Event: 2,978 Thread 0x00007f6c3c008800 Uncommon trap: reason=class_check action=maybe_recompile pc=0x00007f6c991b9f24 method=java.util.Properties$LineReader.readLine()I @ 62
Event: 2,978 Thread 0x00007f6c3c008800 Uncommon trap: reason=unstable_if action=reinterpret pc=0x00007f6c991b9c60 method=java.util.Properties$LineReader.readLine()I @ 206
Event: 3,125 Thread 0x00007f6c3c008800 Uncommon trap: reason=unstable_if action=reinterpret pc=0x00007f6c993ef680 method=com.sun.org.apache.xerces.internal.impl.XMLEntityScanner.skipSpaces()Z @ 266
Event: 3,166 Thread 0x00007f6c3c008800 Uncommon trap: reason=class_check action=maybe_recompile pc=0x00007f6c99423984 method=com.sun.org.apache.xerces.internal.impl.XMLDocumentScannerImpl.next()I @ 4
Event: 3,442 Thread 0x00007f6c3c008800 Uncommon trap: reason=class_check action=maybe_recompile pc=0x00007f6c99476d18 method=com.jogamp.common.nio.Buffers.getDirectBufferByteOffset(Ljava/lang/Object;)I @ 42
Event: 3,470 Thread 0x00007f6c3c008800 Uncommon trap: reason=class_check action=maybe_recompile pc=0x00007f6c99476d18 method=com.jogamp.common.nio.Buffers.getDirectBufferByteOffset(Ljava/lang/Object;)I @ 42
Event: 3,481 Thread 0x00007f6c3c008800 Uncommon trap: reason=class_check action=maybe_recompile pc=0x00007f6c99476d18 method=com.jogamp.common.nio.Buffers.getDirectBufferByteOffset(Ljava/lang/Object;)I @ 42
Event: 3,497 Thread 0x00007f6c3c008800 Uncommon trap: reason=class_check action=maybe_recompile pc=0x00007f6c99476d18 method=com.jogamp.common.nio.Buffers.getDirectBufferByteOffset(Ljava/lang/Object;)I @ 42
Event: 4,419 Thread 0x00007f6c3c008800 Uncommon trap: reason=unstable_if action=reinterpret pc=0x00007f6c9956c818 method=processing.opengl.PGraphicsOpenGL$TessGeometry.polyIndexCheck(I)V @ 13
Event: 4,419 Thread 0x00007f6c3c008800 Uncommon trap: reason=unstable_if action=reinterpret pc=0x00007f6c994b55f0 method=processing.core.PApplet.max(III)I @ 20

Internal exceptions (10 events):
Event: 4,122 Thread 0x00007f6c28466000 Exception <a 'java/security/PrivilegedActionException'> (0x00000000e1b2a5d0) thrown at [/HUDSON/workspace/8-2-build-linux-amd64/jdk8u92/6642/hotspot/src/share/vm/prims/jvm.cpp, line 1386]
Event: 4,288 Thread 0x00007f6c28467800 Exception <a 'java/security/PrivilegedActionException'> (0x00000000e1da52b8) thrown at [/HUDSON/workspace/8-2-build-linux-amd64/jdk8u92/6642/hotspot/src/share/vm/prims/jvm.cpp, line 1386]
Event: 4,351 Thread 0x00007f6c28468800 Exception <a 'java/security/PrivilegedActionException'> (0x00000000e1f560d0) thrown at [/HUDSON/workspace/8-2-build-linux-amd64/jdk8u92/6642/hotspot/src/share/vm/prims/jvm.cpp, line 1386]
Event: 4,359 Thread 0x00007f6c28466000 Exception <a 'java/security/PrivilegedActionException'> (0x00000000e212fc40) thrown at [/HUDSON/workspace/8-2-build-linux-amd64/jdk8u92/6642/hotspot/src/share/vm/prims/jvm.cpp, line 1386]
Event: 4,404 Thread 0x00007f6c2846a000 Exception <a 'java/security/PrivilegedActionException'> (0x00000000e205efa8) thrown at [/HUDSON/workspace/8-2-build-linux-amd64/jdk8u92/6642/hotspot/src/share/vm/prims/jvm.cpp, line 1386]
Event: 4,743 Thread 0x00007f6c28467800 Exception <a 'java/security/PrivilegedActionException'> (0x00000000e22e12b8) thrown at [/HUDSON/workspace/8-2-build-linux-amd64/jdk8u92/6642/hotspot/src/share/vm/prims/jvm.cpp, line 1386]
Event: 4,751 Thread 0x00007f6c28468800 Exception <a 'java/security/PrivilegedActionException'> (0x00000000e240a930) thrown at [/HUDSON/workspace/8-2-build-linux-amd64/jdk8u92/6642/hotspot/src/share/vm/prims/jvm.cpp, line 1386]
Event: 4,890 Thread 0x00007f6c28466000 Exception <a 'java/security/PrivilegedActionException'> (0x00000000e1142a58) thrown at [/HUDSON/workspace/8-2-build-linux-amd64/jdk8u92/6642/hotspot/src/share/vm/prims/jvm.cpp, line 1386]
Event: 4,912 Thread 0x00007f6c2846a000 Exception <a 'java/security/PrivilegedActionException'> (0x00000000e114ef38) thrown at [/HUDSON/workspace/8-2-build-linux-amd64/jdk8u92/6642/hotspot/src/share/vm/prims/jvm.cpp, line 1386]
Event: 5,219 Thread 0x00007f6c28467800 Exception <a 'java/security/PrivilegedActionException'> (0x00000000e13302f0) thrown at [/HUDSON/workspace/8-2-build-linux-amd64/jdk8u92/6642/hotspot/src/share/vm/prims/jvm.cpp, line 1386]

Events (10 events):
Event: 6,203 loading class sun/awt/X11/XConstants done
Event: 7,452 loading class sun/applet/AppletViewer$3
Event: 7,453 loading class sun/applet/AppletViewer$3 done
Event: 7,453 Thread 0x00007f6c2846a000 Thread added: 0x00007f6c2846a000
Event: 7,453 loading class sun/applet/AppletPanel$4
Event: 7,453 loading class sun/applet/AppletPanel$4 done
Event: 7,472 loading class java/awt/KeyboardFocusManager$2
Event: 7,472 loading class java/awt/KeyboardFocusManager$2 done
Event: 7,472 loading class sun/awt/SunToolkit$1
Event: 7,472 loading class sun/awt/SunToolkit$1 done


Dynamic libraries:
00400000-00401000 r-xp 00000000 08:01 3450446                            /home/ema/Scaricati/jdk1.8.0_92/jre/bin/java
00600000-00601000 rw-p 00000000 08:01 3450446                            /home/ema/Scaricati/jdk1.8.0_92/jre/bin/java
020e8000-02109000 rw-p 00000000 00:00 0                                  [heap]
a2e00000-a6d00000 rw-p 00000000 00:00 0 
a6d00000-e0f80000 ---p 00000000 00:00 0 
e0f80000-e2e80000 rw-p 00000000 00:00 0 
e2e80000-100000000 ---p 00000000 00:00 0 
100000000-100200000 rw-p 00000000 00:00 0 
100200000-140000000 ---p 00000000 00:00 0 
7f6c04000000-7f6c04021000 rw-p 00000000 00:00 0 
7f6c04021000-7f6c08000000 ---p 00000000 00:00 0 
7f6c0c000000-7f6c0c021000 rw-p 00000000 00:00 0 
7f6c0c021000-7f6c10000000 ---p 00000000 00:00 0 
7f6c10000000-7f6c10021000 rw-p 00000000 00:00 0 
7f6c10021000-7f6c14000000 ---p 00000000 00:00 0 
7f6c14000000-7f6c14021000 rw-p 00000000 00:00 0 
7f6c14021000-7f6c18000000 ---p 00000000 00:00 0 
7f6c18407000-7f6c18487000 rw-p 00000000 00:00 0 
7f6c18487000-7f6c18607000 ---p 00000000 00:00 0 
7f6c18607000-7f6c18807000 rw-s 19f5e3000 00:06 9579                      /dev/dri/card0
7f6c1885a000-7f6c188da000 rw-s 19a2ab000 00:06 9579                      /dev/dri/card0
7f6c188da000-7f6c1895a000 rw-s 19a22b000 00:06 9579                      /dev/dri/card0
7f6c1895a000-7f6c1895d000 ---p 00000000 00:00 0 
7f6c1895d000-7f6c18a5b000 rw-p 00000000 00:00 0 
7f6c18a5b000-7f6c18a5e000 ---p 00000000 00:00 0 
7f6c18a5e000-7f6c18b5c000 rw-p 00000000 00:00 0 
7f6c18b87000-7f6c18b8a000 ---p 00000000 00:00 0 
7f6c18b8a000-7f6c18c88000 rw-p 00000000 00:00 0 
7f6c18c88000-7f6c18c8b000 ---p 00000000 00:00 0 
7f6c18c8b000-7f6c18d89000 rw-p 00000000 00:00 0 
7f6c18de7000-7f6c18e67000 rw-s 19afe7000 00:06 9579                      /dev/dri/card0
7f6c18e67000-7f6c19094000 rw-p 00000000 00:00 0 
7f6c19094000-7f6c19a94000 rwxp 00000000 00:00 0 
7f6c19a94000-7f6c19cc1000 rw-p 00000000 00:00 0 
7f6c19cc1000-7f6c19cd8000 r-xp 00000000 08:01 27267350                   /lib/x86_64-linux-gnu/libresolv-2.21.so
7f6c19cd8000-7f6c19ed8000 ---p 00017000 08:01 27267350                   /lib/x86_64-linux-gnu/libresolv-2.21.so
7f6c19ed8000-7f6c19eda000 r--p 00017000 08:01 27267350                   /lib/x86_64-linux-gnu/libresolv-2.21.so
7f6c19eda000-7f6c19edb000 rw-p 00019000 08:01 27267350                   /lib/x86_64-linux-gnu/libresolv-2.21.so
7f6c19edb000-7f6c19edd000 rw-p 00000000 00:00 0 
7f6c19edd000-7f6c19ee2000 r-xp 00000000 08:01 27267295                   /lib/x86_64-linux-gnu/libnss_dns-2.21.so
7f6c19ee2000-7f6c1a0e1000 ---p 00005000 08:01 27267295                   /lib/x86_64-linux-gnu/libnss_dns-2.21.so
7f6c1a0e1000-7f6c1a0e2000 r--p 00004000 08:01 27267295                   /lib/x86_64-linux-gnu/libnss_dns-2.21.so
7f6c1a0e2000-7f6c1a0e3000 rw-p 00005000 08:01 27267295                   /lib/x86_64-linux-gnu/libnss_dns-2.21.so
7f6c1a0e3000-7f6c1a0e5000 r-xp 00000000 08:01 27267303                   /lib/x86_64-linux-gnu/libnss_mdns4_minimal.so.2
7f6c1a0e5000-7f6c1a2e4000 ---p 00002000 08:01 27267303                   /lib/x86_64-linux-gnu/libnss_mdns4_minimal.so.2
7f6c1a2e4000-7f6c1a2e5000 r--p 00001000 08:01 27267303                   /lib/x86_64-linux-gnu/libnss_mdns4_minimal.so.2
7f6c1a2e5000-7f6c1a2e6000 rw-p 00002000 08:01 27267303                   /lib/x86_64-linux-gnu/libnss_mdns4_minimal.so.2
7f6c1a326000-7f6c1a526000 rw-p 00000000 00:00 0 
7f6c1a575000-7f6c1a5f5000 rw-s 19f2a3000 00:06 9579                      /dev/dri/card0
7f6c1a5f5000-7f6c1a675000 rw-s 19a1ab000 00:06 9579                      /dev/dri/card0
7f6c1a675000-7f6c1a6f5000 rw-s 19a12b000 00:06 9579                      /dev/dri/card0
7f6c1a6f5000-7f6c1a72c000 r-xp 00000000 08:01 15344535                   /usr/lib/x86_64-linux-gnu/libtxc_dxtn_s2tc.so.0.0.0
7f6c1a72c000-7f6c1a92b000 ---p 00037000 08:01 15344535                   /usr/lib/x86_64-linux-gnu/libtxc_dxtn_s2tc.so.0.0.0
7f6c1a92b000-7f6c1a92c000 r--p 00036000 08:01 15344535                   /usr/lib/x86_64-linux-gnu/libtxc_dxtn_s2tc.so.0.0.0
7f6c1a92c000-7f6c1a92d000 rw-p 00037000 08:01 15344535                   /usr/lib/x86_64-linux-gnu/libtxc_dxtn_s2tc.so.0.0.0
7f6c1a92d000-7f6c1a952000 r-xp 00000000 08:01 27267368                   /lib/x86_64-linux-gnu/libtinfo.so.5.9
7f6c1a952000-7f6c1ab51000 ---p 00025000 08:01 27267368                   /lib/x86_64-linux-gnu/libtinfo.so.5.9
7f6c1ab51000-7f6c1ab55000 r--p 00024000 08:01 27267368                   /lib/x86_64-linux-gnu/libtinfo.so.5.9
7f6c1ab55000-7f6c1ab56000 rw-p 00028000 08:01 27267368                   /lib/x86_64-linux-gnu/libtinfo.so.5.9
7f6c1ab56000-7f6c1ab89000 r-xp 00000000 08:01 15343777                   /usr/lib/x86_64-linux-gnu/libedit.so.2.0.51
7f6c1ab89000-7f6c1ad89000 ---p 00033000 08:01 15343777                   /usr/lib/x86_64-linux-gnu/libedit.so.2.0.51
7f6c1ad89000-7f6c1ad8b000 r--p 00033000 08:01 15343777                   /usr/lib/x86_64-linux-gnu/libedit.so.2.0.51
7f6c1ad8b000-7f6c1ad8c000 rw-p 00035000 08:01 15343777                   /usr/lib/x86_64-linux-gnu/libedit.so.2.0.51
7f6c1ad8c000-7f6c1ad90000 rw-p 00000000 00:00 0 
7f6c1ad90000-7f6c1ada9000 r-xp 00000000 08:01 27267385                   /lib/x86_64-linux-gnu/libz.so.1.2.8
7f6c1ada9000-7f6c1afa9000 ---p 00019000 08:01 27267385                   /lib/x86_64-linux-gnu/libz.so.1.2.8
7f6c1afa9000-7f6c1afaa000 r--p 00019000 08:01 27267385                   /lib/x86_64-linux-gnu/libz.so.1.2.8
7f6c1afaa000-7f6c1afab000 rw-p 0001a000 08:01 27267385                   /lib/x86_64-linux-gnu/libz.so.1.2.8
7f6c1afab000-7f6c1b09b000 r-xp 00000000 08:01 15344490                   /usr/lib/x86_64-linux-gnu/libstdc++.so.6.0.20
7f6c1b09b000-7f6c1b29b000 ---p 000f0000 08:01 15344490                   /usr/lib/x86_64-linux-gnu/libstdc++.so.6.0.20
7f6c1b29b000-7f6c1b2a3000 r--p 000f0000 08:01 15344490                   /usr/lib/x86_64-linux-gnu/libstdc++.so.6.0.20
7f6c1b2a3000-7f6c1b2a5000 rw-p 000f8000 08:01 15344490                   /usr/lib/x86_64-linux-gnu/libstdc++.so.6.0.20
7f6c1b2a5000-7f6c1b2ba000 rw-p 00000000 00:00 0 
7f6c1b2ba000-7f6c1d063000 r-xp 00000000 08:01 15343369                   /usr/lib/x86_64-linux-gnu/libLLVM-3.6.so.1
7f6c1d063000-7f6c1d064000 ---p 01da9000 08:01 15343369                   /usr/lib/x86_64-linux-gnu/libLLVM-3.6.so.1
7f6c1d064000-7f6c1d280000 r--p 01da9000 08:01 15343369                   /usr/lib/x86_64-linux-gnu/libLLVM-3.6.so.1
7f6c1d280000-7f6c1d286000 rw-p 01fc5000 08:01 15343369                   /usr/lib/x86_64-linux-gnu/libLLVM-3.6.so.1
7f6c1d286000-7f6c1d29c000 rw-p 00000000 00:00 0 
7f6c1d29c000-7f6c1d2b1000 r-xp 00000000 08:01 15343778                   /usr/lib/x86_64-linux-gnu/libelf-0.160.so
7f6c1d2b1000-7f6c1d4b0000 ---p 00015000 08:01 15343778                   /usr/lib/x86_64-linux-gnu/libelf-0.160.so
7f6c1d4b0000-7f6c1d4b1000 r--p 00014000 08:01 15343778                   /usr/lib/x86_64-linux-gnu/libelf-0.160.so
7f6c1d4b1000-7f6c1d4b2000 rw-p 00015000 08:01 15343778                   /usr/lib/x86_64-linux-gnu/libelf-0.160.so
7f6c1d4b2000-7f6c1d4be000 r-xp 00000000 08:01 15343773                   /usr/lib/x86_64-linux-gnu/libdrm_radeon.so.1.0.1
7f6c1d4be000-7f6c1d6bd000 ---p 0000c000 08:01 15343773                   /usr/lib/x86_64-linux-gnu/libdrm_radeon.so.1.0.1
7f6c1d6bd000-7f6c1d6be000 r--p 0000b000 08:01 15343773                   /usr/lib/x86_64-linux-gnu/libdrm_radeon.so.1.0.1
7f6c1d6be000-7f6c1d6bf000 rw-p 0000c000 08:01 15343773                   /usr/lib/x86_64-linux-gnu/libdrm_radeon.so.1.0.1
7f6c1d6bf000-7f6c1d6c5000 r-xp 00000000 08:01 15343771                   /usr/lib/x86_64-linux-gnu/libdrm_nouveau.so.2.0.0
7f6c1d6c5000-7f6c1d8c4000 ---p 00006000 08:01 15343771                   /usr/lib/x86_64-linux-gnu/libdrm_nouveau.so.2.0.0
7f6c1d8c4000-7f6c1d8c5000 r--p 00005000 08:01 15343771                   /usr/lib/x86_64-linux-gnu/libdrm_nouveau.so.2.0.0
7f6c1d8c5000-7f6c1d8c6000 rw-p 00006000 08:01 15343771                   /usr/lib/x86_64-linux-gnu/libdrm_nouveau.so.2.0.0
7f6c1d8c6000-7f6c1e039000 r-xp 00000000 08:01 15603600                   /usr/lib/x86_64-linux-gnu/dri/nouveau_dri.so
7f6c1e039000-7f6c1e238000 ---p 00773000 08:01 15603600                   /usr/lib/x86_64-linux-gnu/dri/nouveau_dri.so
7f6c1e238000-7f6c1e28f000 r--p 00772000 08:01 15603600                   /usr/lib/x86_64-linux-gnu/dri/nouveau_dri.so
7f6c1e28f000-7f6c1e29b000 rw-p 007c9000 08:01 15603600                   /usr/lib/x86_64-linux-gnu/dri/nouveau_dri.so
7f6c1e29b000-7f6c1e480000 rw-p 00000000 00:00 0 
7f6c1e480000-7f6c1e492000 r-xp 00000000 08:01 27263385                   /lib/x86_64-linux-gnu/libudev.so.1.6.2
7f6c1e492000-7f6c1e691000 ---p 00012000 08:01 27263385                   /lib/x86_64-linux-gnu/libudev.so.1.6.2
7f6c1e691000-7f6c1e692000 r--p 00011000 08:01 27263385                   /lib/x86_64-linux-gnu/libudev.so.1.6.2
7f6c1e692000-7f6c1e693000 rw-p 00012000 08:01 27263385                   /lib/x86_64-linux-gnu/libudev.so.1.6.2
7f6c1e693000-7f6c1e695000 r-xp 00000000 08:01 15343521                   /usr/lib/x86_64-linux-gnu/libXinerama.so.1.0.0
7f6c1e695000-7f6c1e894000 ---p 00002000 08:01 15343521                   /usr/lib/x86_64-linux-gnu/libXinerama.so.1.0.0
7f6c1e894000-7f6c1e895000 r--p 00001000 08:01 15343521                   /usr/lib/x86_64-linux-gnu/libXinerama.so.1.0.0
7f6c1e895000-7f6c1e896000 rw-p 00002000 08:01 15343521                   /usr/lib/x86_64-linux-gnu/libXinerama.so.1.0.0
7f6c1e896000-7f6c1e8db000 r-xp 00000000 08:01 28315792                   /tmp/jogamp_0000/file_cache/jln2740619834296715394/jln7424208535599332618/libjogl_mobile.so
7f6c1e8db000-7f6c1eadb000 ---p 00045000 08:01 28315792                   /tmp/jogamp_0000/file_cache/jln2740619834296715394/jln7424208535599332618/libjogl_mobile.so
7f6c1eadb000-7f6c1eadc000 rw-p 00045000 08:01 28315792                   /tmp/jogamp_0000/file_cache/jln2740619834296715394/jln7424208535599332618/libjogl_mobile.so
7f6c1eadc000-7f6c1eae3000 r-xp 00000000 08:01 15343817                   /usr/lib/x86_64-linux-gnu/libffi.so.6.0.4
7f6c1eae3000-7f6c1ece2000 ---p 00007000 08:01 15343817                   /usr/lib/x86_64-linux-gnu/libffi.so.6.0.4
7f6c1ece2000-7f6c1ece3000 r--p 00006000 08:01 15343817                   /usr/lib/x86_64-linux-gnu/libffi.so.6.0.4
7f6c1ece3000-7f6c1ece4000 rw-p 00007000 08:01 15343817                   /usr/lib/x86_64-linux-gnu/libffi.so.6.0.4
7f6c1ece4000-7f6c1ecf1000 r-xp 00000000 08:01 15340550                   /usr/lib/x86_64-linux-gnu/libgbm.so.1.0.0
7f6c1ecf1000-7f6c1eef0000 ---p 0000d000 08:01 15340550                   /usr/lib/x86_64-linux-gnu/libgbm.so.1.0.0
7f6c1eef0000-7f6c1eef1000 r--p 0000c000 08:01 15340550                   /usr/lib/x86_64-linux-gnu/libgbm.so.1.0.0
7f6c1eef1000-7f6c1eef2000 rw-p 0000d000 08:01 15340550                   /usr/lib/x86_64-linux-gnu/libgbm.so.1.0.0
7f6c1eef2000-7f6c1ef01000 r-xp 00000000 08:01 15344604                   /usr/lib/x86_64-linux-gnu/libwayland-server.so.0.1.0
7f6c1ef01000-7f6c1f100000 ---p 0000f000 08:01 15344604                   /usr/lib/x86_64-linux-gnu/libwayland-server.so.0.1.0
7f6c1f100000-7f6c1f103000 r--p 0000e000 08:01 15344604                   /usr/lib/x86_64-linux-gnu/libwayland-server.so.0.1.0
7f6c1f103000-7f6c1f104000 rw-p 00011000 08:01 15344604                   /usr/lib/x86_64-linux-gnu/libwayland-server.so.0.1.0
7f6c1f104000-7f6c1f110000 r-xp 00000000 08:01 15344598                   /usr/lib/x86_64-linux-gnu/libwayland-client.so.0.3.0
7f6c1f110000-7f6c1f30f000 ---p 0000c000 08:01 15344598                   /usr/lib/x86_64-linux-gnu/libwayland-client.so.0.3.0
7f6c1f30f000-7f6c1f311000 r--p 0000b000 08:01 15344598                   /usr/lib/x86_64-linux-gnu/libwayland-client.so.0.3.0
7f6c1f311000-7f6c1f312000 rw-p 0000d000 08:01 15344598                   /usr/lib/x86_64-linux-gnu/libwayland-client.so.0.3.0
7f6c1f312000-7f6c1f317000 r-xp 00000000 08:01 15344692                   /usr/lib/x86_64-linux-gnu/libxcb-xfixes.so.0.0.0
7f6c1f317000-7f6c1f517000 ---p 00005000 08:01 15344692                   /usr/lib/x86_64-linux-gnu/libxcb-xfixes.so.0.0.0
7f6c1f517000-7f6c1f518000 r--p 00005000 08:01 15344692                   /usr/lib/x86_64-linux-gnu/libxcb-xfixes.so.0.0.0
7f6c1f518000-7f6c1f519000 rw-p 00006000 08:01 15344692                   /usr/lib/x86_64-linux-gnu/libxcb-xfixes.so.0.0.0
7f6c1f519000-7f6c1f542000 r-xp 00000000 08:01 15729315                   /usr/lib/x86_64-linux-gnu/mesa-egl/libEGL.so.1.0.0
7f6c1f542000-7f6c1f742000 ---p 00029000 08:01 15729315                   /usr/lib/x86_64-linux-gnu/mesa-egl/libEGL.so.1.0.0
7f6c1f742000-7f6c1f743000 r--p 00029000 08:01 15729315                   /usr/lib/x86_64-linux-gnu/mesa-egl/libEGL.so.1.0.0
7f6c1f743000-7f6c1f744000 rw-p 0002a000 08:01 15729315                   /usr/lib/x86_64-linux-gnu/mesa-egl/libEGL.so.1.0.0
7f6c1f744000-7f6c1f745000 rw-p 00000000 00:00 0 
7f6c1f745000-7f6c1f7ea000 r-xp 00000000 08:01 28312178                   /tmp/jogamp_0000/file_cache/jln2740619834296715394/jln7424208535599332618/libjogl_desktop.so
7f6c1f7ea000-7f6c1f9ea000 ---p 000a5000 08:01 28312178                   /tmp/jogamp_0000/file_cache/jln2740619834296715394/jln7424208535599332618/libjogl_desktop.so
7f6c1f9ea000-7f6c1f9eb000 rw-p 000a5000 08:01 28312178                   /tmp/jogamp_0000/file_cache/jln2740619834296715394/jln7424208535599332618/libjogl_desktop.so
7f6c1f9eb000-7f6c1f9f7000 r-xp 00000000 08:01 15343767                   /usr/lib/x86_64-linux-gnu/libdrm.so.2.4.0
7f6c1f9f7000-7f6c1fbf6000 ---p 0000c000 08:01 15343767                   /usr/lib/x86_64-linux-gnu/libdrm.so.2.4.0
7f6c1fbf6000-7f6c1fbf7000 r--p 0000b000 08:01 15343767                   /usr/lib/x86_64-linux-gnu/libdrm.so.2.4.0
7f6c1fbf7000-7f6c1fbf8000 rw-p 0000c000 08:01 15343767                   /usr/lib/x86_64-linux-gnu/libdrm.so.2.4.0
7f6c1fbf8000-7f6c1fbf9000 r-xp 00000000 08:01 15344706                   /usr/lib/x86_64-linux-gnu/libxshmfence.so.1.0.0
7f6c1fbf9000-7f6c1fdf8000 ---p 00001000 08:01 15344706                   /usr/lib/x86_64-linux-gnu/libxshmfence.so.1.0.0
7f6c1fdf8000-7f6c1fdf9000 r--p 00000000 08:01 15344706                   /usr/lib/x86_64-linux-gnu/libxshmfence.so.1.0.0
7f6c1fdf9000-7f6c1fdfa000 rw-p 00001000 08:01 15344706                   /usr/lib/x86_64-linux-gnu/libxshmfence.so.1.0.0
7f6c1fdfa000-7f6c1fdff000 r-xp 00000000 08:01 15344688                   /usr/lib/x86_64-linux-gnu/libxcb-sync.so.1.0.0
7f6c1fdff000-7f6c1fffe000 ---p 00005000 08:01 15344688                   /usr/lib/x86_64-linux-gnu/libxcb-sync.so.1.0.0
7f6c1fffe000-7f6c1ffff000 r--p 00004000 08:01 15344688                   /usr/lib/x86_64-linux-gnu/libxcb-sync.so.1.0.0
7f6c1ffff000-7f6c20000000 rw-p 00005000 08:01 15344688                   /usr/lib/x86_64-linux-gnu/libxcb-sync.so.1.0.0
7f6c20000000-7f6c20021000 rw-p 00000000 00:00 0 
7f6c20021000-7f6c24000000 ---p 00000000 00:00 0 
7f6c24000000-7f6c2418c000 rw-p 00000000 00:00 0 
7f6c2418c000-7f6c28000000 ---p 00000000 00:00 0 
7f6c28000000-7f6c28b35000 rw-p 00000000 00:00 0 
7f6c28b35000-7f6c2c000000 ---p 00000000 00:00 0 
7f6c2c000000-7f6c2c544000 rw-p 00000000 00:00 0 
7f6c2c544000-7f6c30000000 ---p 00000000 00:00 0 
7f6c30000000-7f6c30021000 rw-p 00000000 00:00 0 
7f6c30021000-7f6c34000000 ---p 00000000 00:00 0 
7f6c34000000-7f6c34299000 rw-p 00000000 00:00 0 
7f6c34299000-7f6c38000000 ---p 00000000 00:00 0 
7f6c38000000-7f6c38029000 rw-p 00000000 00:00 0 
7f6c38029000-7f6c3c000000 ---p 00000000 00:00 0 
7f6c3c000000-7f6c3c021000 rw-p 00000000 00:00 0 
7f6c3c021000-7f6c40000000 ---p 00000000 00:00 0 
7f6c40000000-7f6c40021000 rw-p 00000000 00:00 0 
7f6c40021000-7f6c44000000 ---p 00000000 00:00 0 
7f6c44000000-7f6c44021000 rw-p 00000000 00:00 0 
7f6c44021000-7f6c48000000 ---p 00000000 00:00 0 
7f6c4802b000-7f6c4802d000 r-xp 00000000 08:01 15344676                   /usr/lib/x86_64-linux-gnu/libxcb-present.so.0.0.0
7f6c4802d000-7f6c4822c000 ---p 00002000 08:01 15344676                   /usr/lib/x86_64-linux-gnu/libxcb-present.so.0.0.0
7f6c4822c000-7f6c4822d000 r--p 00001000 08:01 15344676                   /usr/lib/x86_64-linux-gnu/libxcb-present.so.0.0.0
7f6c4822d000-7f6c4822e000 rw-p 00002000 08:01 15344676                   /usr/lib/x86_64-linux-gnu/libxcb-present.so.0.0.0
7f6c4822e000-7f6c48230000 r-xp 00000000 08:01 15344666                   /usr/lib/x86_64-linux-gnu/libxcb-dri3.so.0.0.0
7f6c48230000-7f6c4842f000 ---p 00002000 08:01 15344666                   /usr/lib/x86_64-linux-gnu/libxcb-dri3.so.0.0.0
7f6c4842f000-7f6c48430000 r--p 00001000 08:01 15344666                   /usr/lib/x86_64-linux-gnu/libxcb-dri3.so.0.0.0
7f6c48430000-7f6c48431000 rw-p 00002000 08:01 15344666                   /usr/lib/x86_64-linux-gnu/libxcb-dri3.so.0.0.0
7f6c48431000-7f6c48434000 r-xp 00000000 08:01 15344664                   /usr/lib/x86_64-linux-gnu/libxcb-dri2.so.0.0.0
7f6c48434000-7f6c48634000 ---p 00003000 08:01 15344664                   /usr/lib/x86_64-linux-gnu/libxcb-dri2.so.0.0.0
7f6c48634000-7f6c48635000 r--p 00003000 08:01 15344664                   /usr/lib/x86_64-linux-gnu/libxcb-dri2.so.0.0.0
7f6c48635000-7f6c48636000 rw-p 00004000 08:01 15344664                   /usr/lib/x86_64-linux-gnu/libxcb-dri2.so.0.0.0
7f6c48636000-7f6c4864b000 r-xp 00000000 08:01 15344668                   /usr/lib/x86_64-linux-gnu/libxcb-glx.so.0.0.0
7f6c4864b000-7f6c4884a000 ---p 00015000 08:01 15344668                   /usr/lib/x86_64-linux-gnu/libxcb-glx.so.0.0.0
7f6c4884a000-7f6c4884c000 r--p 00014000 08:01 15344668                   /usr/lib/x86_64-linux-gnu/libxcb-glx.so.0.0.0
7f6c4884c000-7f6c4884d000 rw-p 00016000 08:01 15344668                   /usr/lib/x86_64-linux-gnu/libxcb-glx.so.0.0.0
7f6c4884d000-7f6c4884e000 r-xp 00000000 08:01 15343492                   /usr/lib/x86_64-linux-gnu/libX11-xcb.so.1.0.0
7f6c4884e000-7f6c48a4d000 ---p 00001000 08:01 15343492                   /usr/lib/x86_64-linux-gnu/libX11-xcb.so.1.0.0
7f6c48a4d000-7f6c48a4e000 r--p 00000000 08:01 15343492                   /usr/lib/x86_64-linux-gnu/libX11-xcb.so.1.0.0
7f6c48a4e000-7f6c48a4f000 rw-p 00001000 08:01 15343492                   /usr/lib/x86_64-linux-gnu/libX11-xcb.so.1.0.0
7f6c48a4f000-7f6c48a51000 r-xp 00000000 08:01 15343507                   /usr/lib/x86_64-linux-gnu/libXdamage.so.1.1.0
7f6c48a51000-7f6c48c50000 ---p 00002000 08:01 15343507                   /usr/lib/x86_64-linux-gnu/libXdamage.so.1.1.0
7f6c48c50000-7f6c48c51000 r--p 00001000 08:01 15343507                   /usr/lib/x86_64-linux-gnu/libXdamage.so.1.1.0
7f6c48c51000-7f6c48c52000 rw-p 00002000 08:01 15343507                   /usr/lib/x86_64-linux-gnu/libXdamage.so.1.1.0
7f6c48c52000-7f6c48c77000 r-xp 00000000 08:01 15343260                   /usr/lib/x86_64-linux-gnu/libglapi.so.0.0.0
7f6c48c77000-7f6c48e77000 ---p 00025000 08:01 15343260                   /usr/lib/x86_64-linux-gnu/libglapi.so.0.0.0
7f6c48e77000-7f6c48e7a000 r--p 00025000 08:01 15343260                   /usr/lib/x86_64-linux-gnu/libglapi.so.0.0.0
7f6c48e7a000-7f6c48e7b000 rw-p 00028000 08:01 15343260                   /usr/lib/x86_64-linux-gnu/libglapi.so.0.0.0
7f6c48e7b000-7f6c48e7c000 rw-p 00000000 00:00 0 
7f6c48e7c000-7f6c48ea2000 r-xp 00000000 08:01 27267358                   /lib/x86_64-linux-gnu/libexpat.so.1.6.0
7f6c48ea2000-7f6c490a1000 ---p 00026000 08:01 27267358                   /lib/x86_64-linux-gnu/libexpat.so.1.6.0
7f6c490a1000-7f6c490a4000 r--p 00025000 08:01 27267358                   /lib/x86_64-linux-gnu/libexpat.so.1.6.0
7f6c490a4000-7f6c490a5000 rw-p 00028000 08:01 27267358                   /lib/x86_64-linux-gnu/libexpat.so.1.6.0
7f6c490a5000-7f6c4913d000 r-xp 00000000 08:01 15732978                   /usr/lib/x86_64-linux-gnu/mesa/libGL.so.1.2.0
7f6c4913d000-7f6c4933c000 ---p 00098000 08:01 15732978                   /usr/lib/x86_64-linux-gnu/mesa/libGL.so.1.2.0
7f6c4933c000-7f6c4933f000 r--p 00097000 08:01 15732978                   /usr/lib/x86_64-linux-gnu/mesa/libGL.so.1.2.0
7f6c4933f000-7f6c49340000 rw-p 0009a000 08:01 15732978                   /usr/lib/x86_64-linux-gnu/mesa/libGL.so.1.2.0
7f6c49340000-7f6c49541000 rw-p 00000000 00:00 0 
7f6c49541000-7f6c49741000 rw-p 00000000 00:00 0 
7f6c49741000-7f6c49748000 r-xp 00000000 08:01 28316235                   /tmp/jogamp_0000/file_cache/jln2740619834296715394/jln7424208535599332618/libnativewindow_x11.so
7f6c49748000-7f6c49947000 ---p 00007000 08:01 28316235                   /tmp/jogamp_0000/file_cache/jln2740619834296715394/jln7424208535599332618/libnativewindow_x11.so
7f6c49947000-7f6c49948000 rw-p 00006000 08:01 28316235                   /tmp/jogamp_0000/file_cache/jln2740619834296715394/jln7424208535599332618/libnativewindow_x11.so
7f6c49948000-7f6c4994c000 r-xp 00000000 08:01 15343549                   /usr/lib/x86_64-linux-gnu/libXxf86vm.so.1.0.0
7f6c4994c000-7f6c49b4c000 ---p 00004000 08:01 15343549                   /usr/lib/x86_64-linux-gnu/libXxf86vm.so.1.0.0
7f6c49b4c000-7f6c49b4d000 r--p 00004000 08:01 15343549                   /usr/lib/x86_64-linux-gnu/libXxf86vm.so.1.0.0
7f6c49b4d000-7f6c49b4e000 rw-p 00005000 08:01 15343549                   /usr/lib/x86_64-linux-gnu/libXxf86vm.so.1.0.0
7f6c49b52000-7f6c49b72000 rw-s 19f343000 00:06 9579                      /dev/dri/card0
7f6c49b72000-7f6c49b74000 r-xp 00000000 08:01 28316227                   /tmp/jogamp_0000/file_cache/jln2740619834296715394/jln7424208535599332618/libnativewindow_awt.so
7f6c49b74000-7f6c49d73000 ---p 00002000 08:01 28316227                   /tmp/jogamp_0000/file_cache/jln2740619834296715394/jln7424208535599332618/libnativewindow_awt.so
7f6c49d73000-7f6c49d74000 rw-p 00001000 08:01 28316227                   /tmp/jogamp_0000/file_cache/jln2740619834296715394/jln7424208535599332618/libnativewindow_awt.so
7f6c49d74000-7f6c49d75000 r-xp 00000000 08:01 3450810                    /home/ema/Scaricati/jdk1.8.0_92/jre/lib/amd64/libjawt.so
7f6c49d75000-7f6c49f74000 ---p 00001000 08:01 3450810                    /home/ema/Scaricati/jdk1.8.0_92/jre/lib/amd64/libjawt.so
7f6c49f74000-7f6c49f75000 rw-p 00000000 08:01 3450810                    /home/ema/Scaricati/jdk1.8.0_92/jre/lib/amd64/libjawt.so
7f6c49f75000-7f6c49f77000 r-xp 00000000 08:01 28312175                   /tmp/jogamp_0000/file_cache/jln2740619834296715394/jln7424208535599332618/libgluegen-rt.so
7f6c49f77000-7f6c4a176000 ---p 00002000 08:01 28312175                   /tmp/jogamp_0000/file_cache/jln2740619834296715394/jln7424208535599332618/libgluegen-rt.so
7f6c4a176000-7f6c4a177000 rw-p 00001000 08:01 28312175                   /tmp/jogamp_0000/file_cache/jln2740619834296715394/jln7424208535599332618/libgluegen-rt.so
7f6c4a177000-7f6c4a17a000 ---p 00000000 00:00 0 
7f6c4a17a000-7f6c4a278000 rw-p 00000000 00:00 0 
7f6c4a278000-7f6c4a27b000 ---p 00000000 00:00 0 
7f6c4a27b000-7f6c4a4b1000 rw-p 00000000 00:00 0 
7f6c4a4b1000-7f6c4a4b4000 ---p 00000000 00:00 0 
7f6c4a4b4000-7f6c4a7b2000 rw-p 00000000 00:00 0 
7f6c4a7b2000-7f6c4a7b5000 ---p 00000000 00:00 0 
7f6c4a7b5000-7f6c4a8b3000 rw-p 00000000 00:00 0 
7f6c4a8b3000-7f6c4a91c000 r-xp 00000000 08:01 3450779                    /home/ema/Scaricati/jdk1.8.0_92/jre/lib/amd64/libt2k.so
7f6c4a91c000-7f6c4ab1c000 ---p 00069000 08:01 3450779                    /home/ema/Scaricati/jdk1.8.0_92/jre/lib/amd64/libt2k.so
7f6c4ab1c000-7f6c4ab23000 rw-p 00069000 08:01 3450779                    /home/ema/Scaricati/jdk1.8.0_92/jre/lib/amd64/libt2k.so
7f6c4ab23000-7f6c4ab33000 rw-p 00000000 00:00 0 
7f6c4ab33000-7f6c4ab44000 r-xp 00000000 08:01 3450822                    /home/ema/Scaricati/jdk1.8.0_92/jre/lib/amd64/libnio.so
7f6c4ab44000-7f6c4ad43000 ---p 00011000 08:01 3450822                    /home/ema/Scaricati/jdk1.8.0_92/jre/lib/amd64/libnio.so
7f6c4ad43000-7f6c4ad44000 rw-p 00010000 08:01 3450822                    /home/ema/Scaricati/jdk1.8.0_92/jre/lib/amd64/libnio.so
7f6c4ad44000-7f6c4b045000 rw-p 00000000 00:00 0 
7f6c4b045000-7f6c4b05b000 r-xp 00000000 08:01 3450819                    /home/ema/Scaricati/jdk1.8.0_92/jre/lib/amd64/libnet.so
7f6c4b05b000-7f6c4b25b000 ---p 00016000 08:01 3450819                    /home/ema/Scaricati/jdk1.8.0_92/jre/lib/amd64/libnet.so
7f6c4b25b000-7f6c4b25c000 rw-p 00016000 08:01 3450819                    /home/ema/Scaricati/jdk1.8.0_92/jre/lib/amd64/libnet.so
7f6c4b25c000-7f6c4b25f000 ---p 00000000 00:00 0 
7f6c4b25f000-7f6c4b35d000 rw-p 00000000 00:00 0 
7f6c4b35d000-7f6c4b360000 ---p 00000000 00:00 0 
7f6c4b360000-7f6c4b45e000 rw-p 00000000 00:00 0 
7f6c4b45e000-7f6c4b461000 ---p 00000000 00:00 0 
7f6c4b461000-7f6c4b55f000 rw-p 00000000 00:00 0 
7f6c4b55f000-7f6c4b562000 ---p 00000000 00:00 0 
7f6c4b562000-7f6c4b660000 rw-p 00000000 00:00 0 
7f6c4b660000-7f6c4b665000 r-xp 00000000 08:01 15343513                   /usr/lib/x86_64-linux-gnu/libXfixes.so.3.1.0
7f6c4b665000-7f6c4b864000 ---p 00005000 08:01 15343513                   /usr/lib/x86_64-linux-gnu/libXfixes.so.3.1.0
7f6c4b864000-7f6c4b865000 r--p 00004000 08:01 15343513                   /usr/lib/x86_64-linux-gnu/libXfixes.so.3.1.0
7f6c4b865000-7f6c4b866000 rw-p 00005000 08:01 15343513                   /usr/lib/x86_64-linux-gnu/libXfixes.so.3.1.0
7f6c4b866000-7f6c4b86f000 r-xp 00000000 08:01 15343505                   /usr/lib/x86_64-linux-gnu/libXcursor.so.1.0.2
7f6c4b86f000-7f6c4ba6e000 ---p 00009000 08:01 15343505                   /usr/lib/x86_64-linux-gnu/libXcursor.so.1.0.2
7f6c4ba6e000-7f6c4ba6f000 r--p 00008000 08:01 15343505                   /usr/lib/x86_64-linux-gnu/libXcursor.so.1.0.2
7f6c4ba6f000-7f6c4ba70000 rw-p 00009000 08:01 15343505                   /usr/lib/x86_64-linux-gnu/libXcursor.so.1.0.2
7f6c4ba70000-7f6c4ba73000 ---p 00000000 00:00 0 
7f6c4ba73000-7f6c4bb71000 rw-p 00000000 00:00 0 
7f6c4bb71000-7f6c4bb87000 r-xp 00000000 08:01 27269807                   /lib/x86_64-linux-gnu/libgcc_s.so.1
7f6c4bb87000-7f6c4bd86000 ---p 00016000 08:01 27269807                   /lib/x86_64-linux-gnu/libgcc_s.so.1
7f6c4bd86000-7f6c4bd87000 rw-p 00015000 08:01 27269807                   /lib/x86_64-linux-gnu/libgcc_s.so.1
7f6c4bd87000-7f6c4bdec000 r-xp 00000000 08:01 3450798                    /home/ema/Scaricati/jdk1.8.0_92/jre/lib/amd64/libfontmanager.so
7f6c4bdec000-7f6c4bfeb000 ---p 00065000 08:01 3450798                    /home/ema/Scaricati/jdk1.8.0_92/jre/lib/amd64/libfontmanager.so
7f6c4bfeb000-7f6c4bff0000 rw-p 00064000 08:01 3450798                    /home/ema/Scaricati/jdk1.8.0_92/jre/lib/amd64/libfontmanager.so
7f6c4bff0000-7f6c4c000000 rw-p 00000000 00:00 0 
7f6c4c000000-7f6c4c3a6000 rw-p 00000000 00:00 0 
7f6c4c3a6000-7f6c50000000 ---p 00000000 00:00 0 
7f6c50000000-7f6c50021000 rw-p 00000000 00:00 0 
7f6c50021000-7f6c54000000 ---p 00000000 00:00 0 
7f6c54000000-7f6c542c9000 rw-p 00000000 00:00 0 
7f6c542c9000-7f6c58000000 ---p 00000000 00:00 0 
7f6c58000000-7f6c58359000 rw-p 00000000 00:00 0 
7f6c58359000-7f6c5c000000 ---p 00000000 00:00 0 
7f6c5c000000-7f6c5c021000 rw-p 00000000 00:00 0 
7f6c5c021000-7f6c60000000 ---p 00000000 00:00 0 
7f6c60000000-7f6c60386000 rw-p 00000000 00:00 0 
7f6c60386000-7f6c64000000 ---p 00000000 00:00 0 
7f6c64000000-7f6c64021000 rw-p 00000000 00:00 0 
7f6c64021000-7f6c68000000 ---p 00000000 00:00 0 
7f6c68000000-7f6c68021000 rw-p 00000000 00:00 0 
7f6c68021000-7f6c6c000000 ---p 00000000 00:00 0 
7f6c6c000000-7f6c6c021000 rw-p 00000000 00:00 0 
7f6c6c021000-7f6c70000000 ---p 00000000 00:00 0 
7f6c70016000-7f6c70032000 r--s 00393000 08:01 3450599                    /home/ema/Scaricati/jdk1.8.0_92/jre/lib/ext/cldrdata.jar
7f6c70032000-7f6c70037000 r-xp 00000000 08:01 15343509                   /usr/lib/x86_64-linux-gnu/libXdmcp.so.6.0.0
7f6c70037000-7f6c70236000 ---p 00005000 08:01 15343509                   /usr/lib/x86_64-linux-gnu/libXdmcp.so.6.0.0
7f6c70236000-7f6c70237000 r--p 00004000 08:01 15343509                   /usr/lib/x86_64-linux-gnu/libXdmcp.so.6.0.0
7f6c70237000-7f6c70238000 rw-p 00005000 08:01 15343509                   /usr/lib/x86_64-linux-gnu/libXdmcp.so.6.0.0
7f6c70238000-7f6c7023a000 r-xp 00000000 08:01 15343498                   /usr/lib/x86_64-linux-gnu/libXau.so.6.0.0
7f6c7023a000-7f6c7043a000 ---p 00002000 08:01 15343498                   /usr/lib/x86_64-linux-gnu/libXau.so.6.0.0
7f6c7043a000-7f6c7043b000 r--p 00002000 08:01 15343498                   /usr/lib/x86_64-linux-gnu/libXau.so.6.0.0
7f6c7043b000-7f6c7043c000 rw-p 00003000 08:01 15343498                   /usr/lib/x86_64-linux-gnu/libXau.so.6.0.0
7f6c7043c000-7f6c70459000 r-xp 00000000 08:01 15344696                   /usr/lib/x86_64-linux-gnu/libxcb.so.1.1.0
7f6c70459000-7f6c70659000 ---p 0001d000 08:01 15344696                   /usr/lib/x86_64-linux-gnu/libxcb.so.1.1.0
7f6c70659000-7f6c7065a000 r--p 0001d000 08:01 15344696                   /usr/lib/x86_64-linux-gnu/libxcb.so.1.1.0
7f6c7065a000-7f6c7065b000 rw-p 0001e000 08:01 15344696                   /usr/lib/x86_64-linux-gnu/libxcb.so.1.1.0
7f6c7065b000-7f6c7066a000 r-xp 00000000 08:01 15343519                   /usr/lib/x86_64-linux-gnu/libXi.so.6.1.0
7f6c7066a000-7f6c70869000 ---p 0000f000 08:01 15343519                   /usr/lib/x86_64-linux-gnu/libXi.so.6.1.0
7f6c70869000-7f6c7086a000 r--p 0000e000 08:01 15343519                   /usr/lib/x86_64-linux-gnu/libXi.so.6.1.0
7f6c7086a000-7f6c7086b000 rw-p 0000f000 08:01 15343519                   /usr/lib/x86_64-linux-gnu/libXi.so.6.1.0
7f6c7086b000-7f6c70870000 r-xp 00000000 08:01 15343539                   /usr/lib/x86_64-linux-gnu/libXtst.so.6.1.0
7f6c70870000-7f6c70a6f000 ---p 00005000 08:01 15343539                   /usr/lib/x86_64-linux-gnu/libXtst.so.6.1.0
7f6c70a6f000-7f6c70a70000 r--p 00004000 08:01 15343539                   /usr/lib/x86_64-linux-gnu/libXtst.so.6.1.0
7f6c70a70000-7f6c70a71000 rw-p 00005000 08:01 15343539                   /usr/lib/x86_64-linux-gnu/libXtst.so.6.1.0
7f6c70a71000-7f6c70a7a000 r-xp 00000000 08:01 15343533                   /usr/lib/x86_64-linux-gnu/libXrender.so.1.3.0
7f6c70a7a000-7f6c70c79000 ---p 00009000 08:01 15343533                   /usr/lib/x86_64-linux-gnu/libXrender.so.1.3.0
7f6c70c79000-7f6c70c7a000 r--p 00008000 08:01 15343533                   /usr/lib/x86_64-linux-gnu/libXrender.so.1.3.0
7f6c70c7a000-7f6c70c7b000 rw-p 00009000 08:01 15343533                   /usr/lib/x86_64-linux-gnu/libXrender.so.1.3.0
7f6c70c7b000-7f6c70dae000 r-xp 00000000 08:01 15343494                   /usr/lib/x86_64-linux-gnu/libX11.so.6.3.0
7f6c70dae000-7f6c70fae000 ---p 00133000 08:01 15343494                   /usr/lib/x86_64-linux-gnu/libX11.so.6.3.0
7f6c70fae000-7f6c70faf000 r--p 00133000 08:01 15343494                   /usr/lib/x86_64-linux-gnu/libX11.so.6.3.0
7f6c70faf000-7f6c70fb3000 rw-p 00134000 08:01 15343494                   /usr/lib/x86_64-linux-gnu/libX11.so.6.3.0
7f6c70fb3000-7f6c70fb4000 rw-p 00000000 00:00 0 
7f6c70fb4000-7f6c70fc5000 r-xp 00000000 08:01 15343511                   /usr/lib/x86_64-linux-gnu/libXext.so.6.4.0
7f6c70fc5000-7f6c711c4000 ---p 00011000 08:01 15343511                   /usr/lib/x86_64-linux-gnu/libXext.so.6.4.0
7f6c711c4000-7f6c711c5000 r--p 00010000 08:01 15343511                   /usr/lib/x86_64-linux-gnu/libXext.so.6.4.0
7f6c711c5000-7f6c711c6000 rw-p 00011000 08:01 15343511                   /usr/lib/x86_64-linux-gnu/libXext.so.6.4.0
7f6c711c7000-7f6c711ea000 r--s 002ec000 08:01 3540429                    /home/ema/Dropbox/ACCADEMIC/Programmi/Java/ucsdunfoldingmaps/lib/jogl-all.jar
7f6c711ea000-7f6c7123e000 r-xp 00000000 08:01 3450826                    /home/ema/Scaricati/jdk1.8.0_92/jre/lib/amd64/libawt_xawt.so
7f6c7123e000-7f6c7143e000 ---p 00054000 08:01 3450826                    /home/ema/Scaricati/jdk1.8.0_92/jre/lib/amd64/libawt_xawt.so
7f6c7143e000-7f6c71442000 rw-p 00054000 08:01 3450826                    /home/ema/Scaricati/jdk1.8.0_92/jre/lib/amd64/libawt_xawt.so
7f6c71442000-7f6c71443000 rw-p 00000000 00:00 0 
7f6c71443000-7f6c714e5000 r-xp 00000000 08:01 3450809                    /home/ema/Scaricati/jdk1.8.0_92/jre/lib/amd64/libawt.so
7f6c714e5000-7f6c716e5000 ---p 000a2000 08:01 3450809                    /home/ema/Scaricati/jdk1.8.0_92/jre/lib/amd64/libawt.so
7f6c716e5000-7f6c716f1000 rw-p 000a2000 08:01 3450809                    /home/ema/Scaricati/jdk1.8.0_92/jre/lib/amd64/libawt.so
7f6c716f1000-7f6c71715000 rw-p 00000000 00:00 0 
7f6c71715000-7f6c71716000 ---p 00000000 00:00 0 
7f6c71716000-7f6c71816000 rw-p 00000000 00:00 0 
7f6c71816000-7f6c71819000 ---p 00000000 00:00 0 
7f6c71819000-7f6c71917000 rw-p 00000000 00:00 0 
7f6c71917000-7f6c7191a000 ---p 00000000 00:00 0 
7f6c7191a000-7f6c71a18000 rw-p 00000000 00:00 0 
7f6c71a18000-7f6c71a1b000 ---p 00000000 00:00 0 
7f6c71a1b000-7f6c71b19000 rw-p 00000000 00:00 0 
7f6c71b19000-7f6c71b1c000 ---p 00000000 00:00 0 
7f6c71b1c000-7f6c71c1a000 rw-p 00000000 00:00 0 
7f6c71c1a000-7f6c71c1d000 ---p 00000000 00:00 0 
7f6c71c1d000-7f6c71d1b000 rw-p 00000000 00:00 0 
7f6c71d1b000-7f6c71d1e000 ---p 00000000 00:00 0 
7f6c71d1e000-7f6c71e1c000 rw-p 00000000 00:00 0 
7f6c71e1c000-7f6c724ff000 r--p 00000000 08:01 15342584                   /usr/lib/locale/locale-archive
7f6c724ff000-7f6c72502000 ---p 00000000 00:00 0 
7f6c72502000-7f6c72600000 rw-p 00000000 00:00 0 
7f6c72600000-7f6c72603000 ---p 00000000 00:00 0 
7f6c72603000-7f6c72701000 rw-p 00000000 00:00 0 
7f6c72701000-7f6c72702000 ---p 00000000 00:00 0 
7f6c72702000-7f6c74000000 rw-p 00000000 00:00 0 
7f6c74000000-7f6c74021000 rw-p 00000000 00:00 0 
7f6c74021000-7f6c78000000 ---p 00000000 00:00 0 
7f6c78000000-7f6c78021000 rw-p 00000000 00:00 0 
7f6c78021000-7f6c7c000000 ---p 00000000 00:00 0 
7f6c7c000000-7f6c7c021000 rw-p 00000000 00:00 0 
7f6c7c021000-7f6c80000000 ---p 00000000 00:00 0 
7f6c80000000-7f6c80021000 rw-p 00000000 00:00 0 
7f6c80021000-7f6c84000000 ---p 00000000 00:00 0 
7f6c84000000-7f6c84021000 rw-p 00000000 00:00 0 
7f6c84021000-7f6c88000000 ---p 00000000 00:00 0 
7f6c88013000-7f6c88438000 rw-p 00000000 00:00 0 
7f6c88438000-7f6c88611000 r--s 03d24000 08:01 3450543                    /home/ema/Scaricati/jdk1.8.0_92/jre/lib/rt.jar
7f6c88611000-7f6c8c000000 rw-p 00000000 00:00 0 
7f6c8c000000-7f6c8c021000 rw-p 00000000 00:00 0 
7f6c8c021000-7f6c90000000 ---p 00000000 00:00 0 
7f6c90000000-7f6c90021000 rw-p 00000000 00:00 0 
7f6c90021000-7f6c94000000 ---p 00000000 00:00 0 
7f6c94000000-7f6c94021000 rw-p 00000000 00:00 0 
7f6c94021000-7f6c98000000 ---p 00000000 00:00 0 
7f6c98008000-7f6c9800c000 rw-s 19fe1a000 00:06 9579                      /dev/dri/card0
7f6c9800c000-7f6c9800d000 rw-s 19f7e3000 00:06 9579                      /dev/dri/card0
7f6c9800f000-7f6c9805e000 rw-p 00000000 00:00 0 
7f6c9805e000-7f6c9805f000 ---p 00000000 00:00 0 
7f6c9805f000-7f6c9815f000 rw-p 00000000 00:00 0 
7f6c9815f000-7f6c98160000 ---p 00000000 00:00 0 
7f6c98160000-7f6c98260000 rw-p 00000000 00:00 0 
7f6c98260000-7f6c98261000 ---p 00000000 00:00 0 
7f6c98261000-7f6c98361000 rw-p 00000000 00:00 0 
7f6c98361000-7f6c98362000 ---p 00000000 00:00 0 
7f6c98362000-7f6c98462000 rw-p 00000000 00:00 0 
7f6c98462000-7f6c98463000 ---p 00000000 00:00 0 
7f6c98463000-7f6c98563000 rw-p 00000000 00:00 0 
7f6c98563000-7f6c98564000 ---p 00000000 00:00 0 
7f6c98564000-7f6c98664000 rw-p 00000000 00:00 0 
7f6c98664000-7f6c98665000 ---p 00000000 00:00 0 
7f6c98665000-7f6c98785000 rw-p 00000000 00:00 0 
7f6c98785000-7f6c98956000 ---p 00000000 00:00 0 
7f6c98956000-7f6c98976000 rw-p 00000000 00:00 0 
7f6c98976000-7f6c98b46000 ---p 00000000 00:00 0 
7f6c98b46000-7f6c98b57000 rw-p 00000000 00:00 0 
7f6c98b57000-7f6c98c3f000 ---p 00000000 00:00 0 
7f6c98c3f000-7f6c98c5d000 rw-p 00000000 00:00 0 
7f6c98c5d000-7f6c99000000 ---p 00000000 00:00 0 
7f6c99000000-7f6c99720000 rwxp 00000000 00:00 0 
7f6c99720000-7f6ca8000000 ---p 00000000 00:00 0 
7f6ca8000000-7f6ca82d2000 rw-p 00000000 00:00 0 
7f6ca82d2000-7f6cac000000 ---p 00000000 00:00 0 
7f6cac003000-7f6cac007000 rw-s 19f21f000 00:06 9579                      /dev/dri/card0
7f6cac007000-7f6cac011000 r--s 00116000 08:01 3450653                    /home/ema/Scaricati/jdk1.8.0_92/jre/lib/ext/localedata.jar
7f6cac011000-7f6cac012000 ---p 00000000 00:00 0 
7f6cac012000-7f6cac112000 rw-p 00000000 00:00 0 
7f6cac112000-7f6cac12c000 r-xp 00000000 08:01 3450813                    /home/ema/Scaricati/jdk1.8.0_92/jre/lib/amd64/libzip.so
7f6cac12c000-7f6cac32c000 ---p 0001a000 08:01 3450813                    /home/ema/Scaricati/jdk1.8.0_92/jre/lib/amd64/libzip.so
7f6cac32c000-7f6cac32d000 rw-p 0001a000 08:01 3450813                    /home/ema/Scaricati/jdk1.8.0_92/jre/lib/amd64/libzip.so
7f6cac32d000-7f6cac339000 r-xp 00000000 08:01 27267297                   /lib/x86_64-linux-gnu/libnss_files-2.21.so
7f6cac339000-7f6cac538000 ---p 0000c000 08:01 27267297                   /lib/x86_64-linux-gnu/libnss_files-2.21.so
7f6cac538000-7f6cac539000 r--p 0000b000 08:01 27267297                   /lib/x86_64-linux-gnu/libnss_files-2.21.so
7f6cac539000-7f6cac53a000 rw-p 0000c000 08:01 27267297                   /lib/x86_64-linux-gnu/libnss_files-2.21.so
7f6cac53a000-7f6cac545000 r-xp 00000000 08:01 27267307                   /lib/x86_64-linux-gnu/libnss_nis-2.21.so
7f6cac545000-7f6cac744000 ---p 0000b000 08:01 27267307                   /lib/x86_64-linux-gnu/libnss_nis-2.21.so
7f6cac744000-7f6cac745000 r--p 0000a000 08:01 27267307                   /lib/x86_64-linux-gnu/libnss_nis-2.21.so
7f6cac745000-7f6cac746000 rw-p 0000b000 08:01 27267307                   /lib/x86_64-linux-gnu/libnss_nis-2.21.so
7f6cac746000-7f6cac75d000 r-xp 00000000 08:01 27267291                   /lib/x86_64-linux-gnu/libnsl-2.21.so
7f6cac75d000-7f6cac95c000 ---p 00017000 08:01 27267291                   /lib/x86_64-linux-gnu/libnsl-2.21.so
7f6cac95c000-7f6cac95d000 r--p 00016000 08:01 27267291                   /lib/x86_64-linux-gnu/libnsl-2.21.so
7f6cac95d000-7f6cac95e000 rw-p 00017000 08:01 27267291                   /lib/x86_64-linux-gnu/libnsl-2.21.so
7f6cac95e000-7f6cac960000 rw-p 00000000 00:00 0 
7f6cac960000-7f6cac968000 r-xp 00000000 08:01 27267293                   /lib/x86_64-linux-gnu/libnss_compat-2.21.so
7f6cac968000-7f6cacb67000 ---p 00008000 08:01 27267293                   /lib/x86_64-linux-gnu/libnss_compat-2.21.so
7f6cacb67000-7f6cacb68000 r--p 00007000 08:01 27267293                   /lib/x86_64-linux-gnu/libnss_compat-2.21.so
7f6cacb68000-7f6cacb69000 rw-p 00008000 08:01 27267293                   /lib/x86_64-linux-gnu/libnss_compat-2.21.so
7f6cacb69000-7f6cacb93000 r-xp 00000000 08:01 3450807                    /home/ema/Scaricati/jdk1.8.0_92/jre/lib/amd64/libjava.so
7f6cacb93000-7f6cacd93000 ---p 0002a000 08:01 3450807                    /home/ema/Scaricati/jdk1.8.0_92/jre/lib/amd64/libjava.so
7f6cacd93000-7f6cacd95000 rw-p 0002a000 08:01 3450807                    /home/ema/Scaricati/jdk1.8.0_92/jre/lib/amd64/libjava.so
7f6cacd95000-7f6cacda2000 r-xp 00000000 08:01 3450812                    /home/ema/Scaricati/jdk1.8.0_92/jre/lib/amd64/libverify.so
7f6cacda2000-7f6cacfa2000 ---p 0000d000 08:01 3450812                    /home/ema/Scaricati/jdk1.8.0_92/jre/lib/amd64/libverify.so
7f6cacfa2000-7f6cacfa4000 rw-p 0000d000 08:01 3450812                    /home/ema/Scaricati/jdk1.8.0_92/jre/lib/amd64/libverify.so
7f6cacfa4000-7f6cacfab000 r-xp 00000000 08:01 27267352                   /lib/x86_64-linux-gnu/librt-2.21.so
7f6cacfab000-7f6cad1aa000 ---p 00007000 08:01 27267352                   /lib/x86_64-linux-gnu/librt-2.21.so
7f6cad1aa000-7f6cad1ab000 r--p 00006000 08:01 27267352                   /lib/x86_64-linux-gnu/librt-2.21.so
7f6cad1ab000-7f6cad1ac000 rw-p 00007000 08:01 27267352                   /lib/x86_64-linux-gnu/librt-2.21.so
7f6cad1ac000-7f6cad2b3000 r-xp 00000000 08:01 27267270                   /lib/x86_64-linux-gnu/libm-2.21.so
7f6cad2b3000-7f6cad4b2000 ---p 00107000 08:01 27267270                   /lib/x86_64-linux-gnu/libm-2.21.so
7f6cad4b2000-7f6cad4b3000 r--p 00106000 08:01 27267270                   /lib/x86_64-linux-gnu/libm-2.21.so
7f6cad4b3000-7f6cad4b4000 rw-p 00107000 08:01 27267270                   /lib/x86_64-linux-gnu/libm-2.21.so
7f6cad4b4000-7f6cae177000 r-xp 00000000 08:01 3450788                    /home/ema/Scaricati/jdk1.8.0_92/jre/lib/amd64/server/libjvm.so
7f6cae177000-7f6cae376000 ---p 00cc3000 08:01 3450788                    /home/ema/Scaricati/jdk1.8.0_92/jre/lib/amd64/server/libjvm.so
7f6cae376000-7f6cae44f000 rw-p 00cc2000 08:01 3450788                    /home/ema/Scaricati/jdk1.8.0_92/jre/lib/amd64/server/libjvm.so
7f6cae44f000-7f6cae49a000 rw-p 00000000 00:00 0 
7f6cae49a000-7f6cae65a000 r-xp 00000000 08:01 27267211                   /lib/x86_64-linux-gnu/libc-2.21.so
7f6cae65a000-7f6cae85a000 ---p 001c0000 08:01 27267211                   /lib/x86_64-linux-gnu/libc-2.21.so
7f6cae85a000-7f6cae85e000 r--p 001c0000 08:01 27267211                   /lib/x86_64-linux-gnu/libc-2.21.so
7f6cae85e000-7f6cae860000 rw-p 001c4000 08:01 27267211                   /lib/x86_64-linux-gnu/libc-2.21.so
7f6cae860000-7f6cae864000 rw-p 00000000 00:00 0 
7f6cae864000-7f6cae867000 r-xp 00000000 08:01 27267228                   /lib/x86_64-linux-gnu/libdl-2.21.so
7f6cae867000-7f6caea66000 ---p 00003000 08:01 27267228                   /lib/x86_64-linux-gnu/libdl-2.21.so
7f6caea66000-7f6caea67000 r--p 00002000 08:01 27267228                   /lib/x86_64-linux-gnu/libdl-2.21.so
7f6caea67000-7f6caea68000 rw-p 00003000 08:01 27267228                   /lib/x86_64-linux-gnu/libdl-2.21.so
7f6caea68000-7f6caea7d000 r-xp 00000000 08:01 3450782                    /home/ema/Scaricati/jdk1.8.0_92/jre/lib/amd64/jli/libjli.so
7f6caea7d000-7f6caec7d000 ---p 00015000 08:01 3450782                    /home/ema/Scaricati/jdk1.8.0_92/jre/lib/amd64/jli/libjli.so
7f6caec7d000-7f6caec7e000 rw-p 00015000 08:01 3450782                    /home/ema/Scaricati/jdk1.8.0_92/jre/lib/amd64/jli/libjli.so
7f6caec7e000-7f6caec96000 r-xp 00000000 08:01 27267344                   /lib/x86_64-linux-gnu/libpthread-2.21.so
7f6caec96000-7f6caee96000 ---p 00018000 08:01 27267344                   /lib/x86_64-linux-gnu/libpthread-2.21.so
7f6caee96000-7f6caee97000 r--p 00018000 08:01 27267344                   /lib/x86_64-linux-gnu/libpthread-2.21.so
7f6caee97000-7f6caee98000 rw-p 00019000 08:01 27267344                   /lib/x86_64-linux-gnu/libpthread-2.21.so
7f6caee98000-7f6caee9c000 rw-p 00000000 00:00 0 
7f6caee9c000-7f6caeec0000 r-xp 00000000 08:01 27267183                   /lib/x86_64-linux-gnu/ld-2.21.so
7f6caeec0000-7f6caeec1000 rw-p 00000000 00:00 0 
7f6caeec1000-7f6caeec3000 rw-s 19f848000 00:06 9579                      /dev/dri/card0
7f6caeec3000-7f6caeec4000 rw-s 19f7e4000 00:06 9579                      /dev/dri/card0
7f6caeec4000-7f6caeec5000 rwxp 00000000 00:00 0 
7f6caeec5000-7f6caeec6000 rw-s 19a32b000 00:06 9579                      /dev/dri/card0
7f6caeec6000-7f6caeec8000 r--s 00000000 08:01 3540406                    /home/ema/Dropbox/ACCADEMIC/Programmi/Java/ucsdunfoldingmaps/lib/gluegen-rt-natives-linux-amd64.jar
7f6caeec8000-7f6caeecc000 r--s 00097000 08:01 3450594                    /home/ema/Scaricati/jdk1.8.0_92/jre/lib/jsse.jar
7f6caeecc000-7f6caeed2000 r--s 00033000 08:01 3540448                    /home/ema/Dropbox/ACCADEMIC/Programmi/Java/ucsdunfoldingmaps/lib/unfolding.0.9.7-uscd.jar
7f6caeed2000-7f6caef94000 rw-p 00000000 00:00 0 
7f6caef94000-7f6caef97000 ---p 00000000 00:00 0 
7f6caef97000-7f6caf099000 rw-p 00000000 00:00 0 
7f6caf099000-7f6caf09a000 r--s 0002f000 08:01 3540414                    /home/ema/Dropbox/ACCADEMIC/Programmi/Java/ucsdunfoldingmaps/lib/jogl-all-natives-linux-amd64.jar
7f6caf09a000-7f6caf09b000 r--p 00000000 00:00 0 
7f6caf09b000-7f6caf09c000 r--s 00005000 08:01 3540435                    /home/ema/Dropbox/ACCADEMIC/Programmi/Java/ucsdunfoldingmaps/lib/libTUIO.jar
7f6caf09c000-7f6caf09d000 r--s 00007000 08:01 3540430                    /home/ema/Dropbox/ACCADEMIC/Programmi/Java/ucsdunfoldingmaps/lib/json4processing.jar
7f6caf09d000-7f6caf0a2000 r--s 00309000 08:01 3540440                    /home/ema/Dropbox/ACCADEMIC/Programmi/Java/ucsdunfoldingmaps/lib/sqlite-jdbc-3.7.2.jar
7f6caf0a2000-7f6caf0a9000 r--s 00059000 08:01 3540436                    /home/ema/Dropbox/ACCADEMIC/Programmi/Java/ucsdunfoldingmaps/lib/log4j-1.2.15.jar
7f6caf0a9000-7f6caf0af000 r--s 00041000 08:01 3540413                    /home/ema/Dropbox/ACCADEMIC/Programmi/Java/ucsdunfoldingmaps/lib/gluegen-rt.jar
7f6caf0af000-7f6caf0b3000 r--s 0009a000 08:01 3540405                    /home/ema/Dropbox/ACCADEMIC/Programmi/Java/ucsdunfoldingmaps/lib/core.jar
7f6caf0b3000-7f6caf0bb000 rw-s 00000000 08:01 28312173                   /tmp/hsperfdata_ema/19763
7f6caf0bb000-7f6caf0bc000 rw-p 00000000 00:00 0 
7f6caf0bc000-7f6caf0bd000 r--p 00000000 00:00 0 
7f6caf0bd000-7f6caf0bf000 rw-p 00000000 00:00 0 
7f6caf0bf000-7f6caf0c0000 r--p 00023000 08:01 27267183                   /lib/x86_64-linux-gnu/ld-2.21.so
7f6caf0c0000-7f6caf0c1000 rw-p 00024000 08:01 27267183                   /lib/x86_64-linux-gnu/ld-2.21.so
7f6caf0c1000-7f6caf0c2000 rw-p 00000000 00:00 0 
7ffd77207000-7ffd77228000 rw-p 00000000 00:00 0                          [stack]
7ffd77239000-7ffd7723b000 r--p 00000000 00:00 0                          [vvar]
7ffd7723b000-7ffd7723d000 r-xp 00000000 00:00 0                          [vdso]
ffffffffff600000-ffffffffff601000 r-xp 00000000 00:00 0                  [vsyscall]

VM Arguments:
jvm_args: -Djava.security.policy=java.policy.applet -Dfile.encoding=UTF-8 
java_command: sun.applet.AppletViewer module3.EarthquakeCityMap1475765711252.html
java_class_path (initial): /home/ema/Dropbox/ACCADEMIC/Programmi/Java/ucsdunfoldingmaps/build:/home/ema/Dropbox/ACCADEMIC/Programmi/Java/ucsdunfoldingmaps/lib/core.jar:/home/ema/Dropbox/ACCADEMIC/Programmi/Java/ucsdunfoldingmaps/lib/gluegen-rt.jar:/home/ema/Dropbox/ACCADEMIC/Programmi/Java/ucsdunfoldingmaps/lib/jogl-all.jar:/home/ema/Dropbox/ACCADEMIC/Programmi/Java/ucsdunfoldingmaps/lib/log4j-1.2.15.jar:/home/ema/Dropbox/ACCADEMIC/Programmi/Java/ucsdunfoldingmaps/lib/sqlite-jdbc-3.7.2.jar:/home/ema/Dropbox/ACCADEMIC/Programmi/Java/ucsdunfoldingmaps/lib/json4processing.jar:/home/ema/Dropbox/ACCADEMIC/Programmi/Java/ucsdunfoldingmaps/lib/libTUIO.jar:/home/ema/Dropbox/ACCADEMIC/Programmi/Java/ucsdunfoldingmaps/lib/unfolding.0.9.7-uscd.jar
Launcher Type: SUN_STANDARD

Environment Variables:
PATH=/usr/local/sbin:/usr/local/bin:/usr/sbin:/usr/bin:/sbin:/bin:/usr/games:/usr/local/games
SHELL=/bin/bash
DISPLAY=:0

Signal Handlers:
SIGSEGV: [libjvm.so+0xabdee0], sa_mask[0]=11111111011111111101111111111110, sa_flags=SA_RESTART|SA_SIGINFO
SIGBUS: [libjvm.so+0xabdee0], sa_mask[0]=11111111011111111101111111111110, sa_flags=SA_RESTART|SA_SIGINFO
SIGFPE: [libjvm.so+0x91a580], sa_mask[0]=11111111011111111101111111111110, sa_flags=SA_RESTART|SA_SIGINFO
SIGPIPE: [libjvm.so+0x91a580], sa_mask[0]=11111111011111111101111111111110, sa_flags=SA_RESTART|SA_SIGINFO
SIGXFSZ: [libjvm.so+0x91a580], sa_mask[0]=11111111011111111101111111111110, sa_flags=SA_RESTART|SA_SIGINFO
SIGILL: [libjvm.so+0x91a580], sa_mask[0]=11111111011111111101111111111110, sa_flags=SA_RESTART|SA_SIGINFO
SIGUSR1: SIG_DFL, sa_mask[0]=00000000000000000000000000000000, sa_flags=none
SIGUSR2: [libjvm.so+0x91bbb0], sa_mask[0]=00100000000000000000000000000000, sa_flags=SA_RESTART|SA_SIGINFO
SIGHUP: [libjvm.so+0x91cfb0], sa_mask[0]=11111111011111111101111111111110, sa_flags=SA_RESTART|SA_SIGINFO
SIGINT: [libjvm.so+0x91cfb0], sa_mask[0]=11111111011111111101111111111110, sa_flags=SA_RESTART|SA_SIGINFO
SIGTERM: [libjvm.so+0x91cfb0], sa_mask[0]=11111111011111111101111111111110, sa_flags=SA_RESTART|SA_SIGINFO
SIGQUIT: [libjvm.so+0x91cfb0], sa_mask[0]=11111111011111111101111111111110, sa_flags=SA_RESTART|SA_SIGINFO


---------------  S Y S T E M  ---------------

OS:DISTRIB_ID=Ubuntu
DISTRIB_RELEASE=15.04
DISTRIB_CODENAME=vivid
DISTRIB_DESCRIPTION="Ubuntu 15.04"

uname:Linux 3.19.0-69-generic #77-Ubuntu SMP Mon Aug 29 19:53:54 UTC 2016 x86_64
libc:glibc 2.21 NPTL 2.21 
rlimit: STACK 8192k, CORE 0k, NPROC 23746, NOFILE 65536, AS infinity
load average:1,50 0,89 0,53

/proc/meminfo:
MemTotal:        6101264 kB
MemFree:         1324732 kB
MemAvailable:    2825460 kB
Buffers:          700944 kB
Cached:           976564 kB
SwapCached:            0 kB
Active:          4010936 kB
Inactive:         491176 kB
Active(anon):    2828616 kB
Inactive(anon):    41280 kB
Active(file):    1182320 kB
Inactive(file):   449896 kB
Unevictable:          60 kB
Mlocked:              60 kB
SwapTotal:             0 kB
SwapFree:              0 kB
Dirty:              1724 kB
Writeback:             0 kB
AnonPages:       2824852 kB
Mapped:           434420 kB
Shmem:             45296 kB
Slab:             124116 kB
SReclaimable:      74912 kB
SUnreclaim:        49204 kB
KernelStack:       12560 kB
PageTables:        39288 kB
NFS_Unstable:          0 kB
Bounce:                0 kB
WritebackTmp:          0 kB
CommitLimit:     3050632 kB
Committed_AS:    7518172 kB
VmallocTotal:   34359738367 kB
VmallocUsed:      317784 kB
VmallocChunk:   34359297144 kB
HardwareCorrupted:     0 kB
AnonHugePages:   1286144 kB
CmaTotal:              0 kB
CmaFree:               0 kB
HugePages_Total:       0
HugePages_Free:        0
HugePages_Rsvd:        0
HugePages_Surp:        0
Hugepagesize:       2048 kB
DirectMap4k:      171520 kB
DirectMap2M:     6111232 kB


CPU:total 8 (4 cores per cpu, 2 threads per core) family 6 model 26 stepping 5, cmov, cx8, fxsr, mmx, sse, sse2, sse3, ssse3, sse4.1, sse4.2, popcnt, ht, tsc, tscinvbit, tscinv

/proc/cpuinfo:
processor	: 0
vendor_id	: GenuineIntel
cpu family	: 6
model		: 26
model name	: Intel(R) Core(TM) i7 CPU         920  @ 2.67GHz
stepping	: 5
microcode	: 0xf
cpu MHz		: 1733.000
cache size	: 8192 KB
physical id	: 0
siblings	: 8
core id		: 0
cpu cores	: 4
apicid		: 0
initial apicid	: 0
fpu		: yes
fpu_exception	: yes
cpuid level	: 11
wp		: yes
flags		: fpu vme de pse tsc msr pae mce cx8 apic sep mtrr pge mca cmov pat pse36 clflush dts acpi mmx fxsr sse sse2 ss ht tm pbe syscall nx rdtscp lm constant_tsc arch_perfmon pebs bts rep_good nopl xtopology nonstop_tsc aperfmperf pni dtes64 monitor ds_cpl vmx est tm2 ssse3 cx16 xtpr pdcm sse4_1 sse4_2 popcnt lahf_lm ida dtherm tpr_shadow vnmi flexpriority ept vpid
bugs		:
bogomips	: 5344.97
clflush size	: 64
cache_alignment	: 64
address sizes	: 36 bits physical, 48 bits virtual
power management:

processor	: 1
vendor_id	: GenuineIntel
cpu family	: 6
model		: 26
model name	: Intel(R) Core(TM) i7 CPU         920  @ 2.67GHz
stepping	: 5
microcode	: 0xf
cpu MHz		: 1600.000
cache size	: 8192 KB
physical id	: 0
siblings	: 8
core id		: 1
cpu cores	: 4
apicid		: 2
initial apicid	: 2
fpu		: yes
fpu_exception	: yes
cpuid level	: 11
wp		: yes
flags		: fpu vme de pse tsc msr pae mce cx8 apic sep mtrr pge mca cmov pat pse36 clflush dts acpi mmx fxsr sse sse2 ss ht tm pbe syscall nx rdtscp lm constant_tsc arch_perfmon pebs bts rep_good nopl xtopology nonstop_tsc aperfmperf pni dtes64 monitor ds_cpl vmx est tm2 ssse3 cx16 xtpr pdcm sse4_1 sse4_2 popcnt lahf_lm ida dtherm tpr_shadow vnmi flexpriority ept vpid
bugs		:
bogomips	: 5344.97
clflush size	: 64
cache_alignment	: 64
address sizes	: 36 bits physical, 48 bits virtual
power management:

processor	: 2
vendor_id	: GenuineIntel
cpu family	: 6
model		: 26
model name	: Intel(R) Core(TM) i7 CPU         920  @ 2.67GHz
stepping	: 5
microcode	: 0xf
cpu MHz		: 1733.000
cache size	: 8192 KB
physical id	: 0
siblings	: 8
core id		: 2
cpu cores	: 4
apicid		: 4
initial apicid	: 4
fpu		: yes
fpu_exception	: yes
cpuid level	: 11
wp		: yes
flags		: fpu vme de pse tsc msr pae mce cx8 apic sep mtrr pge mca cmov pat pse36 clflush dts acpi mmx fxsr sse sse2 ss ht tm pbe syscall nx rdtscp lm constant_tsc arch_perfmon pebs bts rep_good nopl xtopology nonstop_tsc aperfmperf pni dtes64 monitor ds_cpl vmx est tm2 ssse3 cx16 xtpr pdcm sse4_1 sse4_2 popcnt lahf_lm ida dtherm tpr_shadow vnmi flexpriority ept vpid
bugs		:
bogomips	: 5344.97
clflush size	: 64
cache_alignment	: 64
address sizes	: 36 bits physical, 48 bits virtual
power management:

processor	: 3
vendor_id	: GenuineIntel
cpu family	: 6
model		: 26
model name	: Intel(R) Core(TM) i7 CPU         920  @ 2.67GHz
stepping	: 5
microcode	: 0xf
cpu MHz		: 1733.000
cache size	: 8192 KB
physical id	: 0
siblings	: 8
core id		: 3
cpu cores	: 4
apicid		: 6
initial apicid	: 6
fpu		: yes
fpu_exception	: yes
cpuid level	: 11
wp		: yes
flags		: fpu vme de pse tsc msr pae mce cx8 apic sep mtrr pge mca cmov pat pse36 clflush dts acpi mmx fxsr sse sse2 ss ht tm pbe syscall nx rdtscp lm constant_tsc arch_perfmon pebs bts rep_good nopl xtopology nonstop_tsc aperfmperf pni dtes64 monitor ds_cpl vmx est tm2 ssse3 cx16 xtpr pdcm sse4_1 sse4_2 popcnt lahf_lm ida dtherm tpr_shadow vnmi flexpriority ept vpid
bugs		:
bogomips	: 5344.97
clflush size	: 64
cache_alignment	: 64
address sizes	: 36 bits physical, 48 bits virtual
power management:

processor	: 4
vendor_id	: GenuineIntel
cpu family	: 6
model		: 26
model name	: Intel(R) Core(TM) i7 CPU         920  @ 2.67GHz
stepping	: 5
microcode	: 0xf
cpu MHz		: 1600.000
cache size	: 8192 KB
physical id	: 0
siblings	: 8
core id		: 0
cpu cores	: 4
apicid		: 1
initial apicid	: 1
fpu		: yes
fpu_exception	: yes
cpuid level	: 11
wp		: yes
flags		: fpu vme de pse tsc msr pae mce cx8 apic sep mtrr pge mca cmov pat pse36 clflush dts acpi mmx fxsr sse sse2 ss ht tm pbe syscall nx rdtscp lm constant_tsc arch_perfmon pebs bts rep_good nopl xtopology nonstop_tsc aperfmperf pni dtes64 monitor ds_cpl vmx est tm2 ssse3 cx16 xtpr pdcm sse4_1 sse4_2 popcnt lahf_lm ida dtherm tpr_shadow vnmi flexpriority ept vpid
bugs		:
bogomips	: 5344.97
clflush size	: 64
cache_alignment	: 64
address sizes	: 36 bits physical, 48 bits virtual
power management:

processor	: 5
vendor_id	: GenuineIntel
cpu family	: 6
model		: 26
model name	: Intel(R) Core(TM) i7 CPU         920  @ 2.67GHz
stepping	: 5
microcode	: 0xf
cpu MHz		: 1600.000
cache size	: 8192 KB
physical id	: 0
siblings	: 8
core id		: 1
cpu cores	: 4
apicid		: 3
initial apicid	: 3
fpu		: yes
fpu_exception	: yes
cpuid level	: 11
wp		: yes
flags		: fpu vme de pse tsc msr pae mce cx8 apic sep mtrr pge mca cmov pat pse36 clflush dts acpi mmx fxsr sse sse2 ss ht tm pbe syscall nx rdtscp lm constant_tsc arch_perfmon pebs bts rep_good nopl xtopology nonstop_tsc aperfmperf pni dtes64 monitor ds_cpl vmx est tm2 ssse3 cx16 xtpr pdcm sse4_1 sse4_2 popcnt lahf_lm ida dtherm tpr_shadow vnmi flexpriority ept vpid
bugs		:
bogomips	: 5344.97
clflush size	: 64
cache_alignment	: 64
address sizes	: 36 bits physical, 48 bits virtual
power management:

processor	: 6
vendor_id	: GenuineIntel
cpu family	: 6
model		: 26
model name	: Intel(R) Core(TM) i7 CPU         920  @ 2.67GHz
stepping	: 5
microcode	: 0xf
cpu MHz		: 1733.000
cache size	: 8192 KB
physical id	: 0
siblings	: 8
core id		: 2
cpu cores	: 4
apicid		: 5
initial apicid	: 5
fpu		: yes
fpu_exception	: yes
cpuid level	: 11
wp		: yes
flags		: fpu vme de pse tsc msr pae mce cx8 apic sep mtrr pge mca cmov pat pse36 clflush dts acpi mmx fxsr sse sse2 ss ht tm pbe syscall nx rdtscp lm constant_tsc arch_perfmon pebs bts rep_good nopl xtopology nonstop_tsc aperfmperf pni dtes64 monitor ds_cpl vmx est tm2 ssse3 cx16 xtpr pdcm sse4_1 sse4_2 popcnt lahf_lm ida dtherm tpr_shadow vnmi flexpriority ept vpid
bugs		:
bogomips	: 5344.97
clflush size	: 64
cache_alignment	: 64
address sizes	: 36 bits physical, 48 bits virtual
power management:

processor	: 7
vendor_id	: GenuineIntel
cpu family	: 6
model		: 26
model name	: Intel(R) Core(TM) i7 CPU         920  @ 2.67GHz
stepping	: 5
microcode	: 0xf
cpu MHz		: 2133.000
cache size	: 8192 KB
physical id	: 0
siblings	: 8
core id		: 3
cpu cores	: 4
apicid		: 7
initial apicid	: 7
fpu		: yes
fpu_exception	: yes
cpuid level	: 11
wp		: yes
flags		: fpu vme de pse tsc msr pae mce cx8 apic sep mtrr pge mca cmov pat pse36 clflush dts acpi mmx fxsr sse sse2 ss ht tm pbe syscall nx rdtscp lm constant_tsc arch_perfmon pebs bts rep_good nopl xtopology nonstop_tsc aperfmperf pni dtes64 monitor ds_cpl vmx est tm2 ssse3 cx16 xtpr pdcm sse4_1 sse4_2 popcnt lahf_lm ida dtherm tpr_shadow vnmi flexpriority ept vpid
bugs		:
bogomips	: 5344.97
clflush size	: 64
cache_alignment	: 64
address sizes	: 36 bits physical, 48 bits virtual
power management:



Memory: 4k page, physical 6101264k(1324732k free), swap 0k(0k free)

vm_info: Java HotSpot(TM) 64-Bit Server VM (25.92-b14) for linux-amd64 JRE (1.8.0_92-b14), built on Mar 31 2016 21:08:29 by "java_re" with gcc 4.3.0 20080428 (Red Hat 4.3.0-8)

time: Thu Oct  6 16:55:18 2016
elapsed time: 7 seconds (0d 0h 0m 7s)

