#
# A fatal error has been detected by the Java Runtime Environment:
#
#  SIGSEGV (0xb) at pc=0x00007f3582e80987, pid=18858, tid=0x00007f3593b6e700
#
# JRE version: Java(TM) SE Runtime Environment (8.0_92-b14) (build 1.8.0_92-b14)
# Java VM: Java HotSpot(TM) 64-Bit Server VM (25.92-b14 mixed mode linux-amd64 compressed oops)
# Problematic frame:
# C  [nouveau_dri.so+0x29e987]
#
# Failed to write core dump. Core dumps have been disabled. To enable core dumping, try "ulimit -c unlimited" before starting Java again
#
# If you would like to submit a bug report, please visit:
#   http://bugreport.java.com/bugreport/crash.jsp
# The crash happened outside the Java Virtual Machine in native code.
# See problematic frame for where to report the bug.
#

---------------  T H R E A D  ---------------

Current thread (0x00007f35a0008800):  JavaThread "AWT-EventQueue-1" [_thread_in_native, id=18890, stack(0x00007f3593a6e000,0x00007f3593b6f000)]

siginfo: si_signo: 11 (SIGSEGV), si_code: 1 (SEGV_MAPERR), si_addr: 0x000000000000c030

Registers:
RAX=0x0000000000000000, RBX=0x00007f358c0b7f80, RCX=0x0000000000000000, RDX=0x0000000000000001
RSP=0x00007f3593b6c460, RBP=0x000000000000c000, RSI=0x00007f358c0b8830, RDI=0x0000000100000000
R8 =0x0000000000000000, R9 =0x00007f3592408c60, R10=0x00007f35f90157e8, R11=0x00007f360f22fcf0
R12=0x0000000000000001, R13=0x00007f35841436c0, R14=0x0000000000000000, R15=0x0000000000000001
RIP=0x00007f3582e80987, EFLAGS=0x0000000000010206, CSGSFS=0x0000000000000033, ERR=0x0000000000000004
  TRAPNO=0x000000000000000e

Top of Stack: (sp=0x00007f3593b6c460)
0x00007f3593b6c460:   00007f35f8b9e738 0000000000000000
0x00007f3593b6c470:   00007f3593b6c498 9af260a2d6756200
0x00007f3593b6c480:   00007f35f9007dd0 00007f358c0b7e50
0x00007f3593b6c490:   0000000000000000 00007f3584143b70
0x00007f3593b6c4a0:   00007f35841436c0 00007f3584143d20
0x00007f3593b6c4b0:   0000000000000000 00007f3592408d02
0x00007f3593b6c4c0:   00007f3593b6c4f0 00007f3500000000
0x00007f3593b6c4d0:   0000000000000000 0000000000000000
0x00007f3593b6c4e0:   0000000003e0004d 00007f35923dabf1
0x00007f3593b6c4f0:   00007f358c0b7e50 9af260a2d6756200
0x00007f3593b6c500:   0000000003e0004d 00007f35926ea648
0x00007f3593b6c510:   00007f3593b6c580 0000000000000000
0x00007f3593b6c520:   00007f35926ea648 00007f3593b6c650
0x00007f3593b6c530:   00007f35a0008800 00007f3590b15849
0x00007f3593b6c540:   0000000000000000 00007f35923dac20
0x00007f3593b6c550:   0000000003e0004d 00007f3584146e00
0x00007f3593b6c560:   00007f3593b6c618 00007f35a00089f8
0x00007f3593b6c570:   00000000e222c690 00007f35923dac20
0x00007f3593b6c580:   00007f3593b6c608 00007f35f9015814
0x00007f3593b6c590:   00007f35927dffc0 0000000000000000
0x00007f3593b6c5a0:   00007f35927df858 0000000000000000
0x00007f3593b6c5b0:   00007f3593b6c5c8 00007f3593b6c618
0x00007f3593b6c5c0:   00007f3593b6c5c0 00007f3593b6c5c8
0x00007f3593b6c5d0:   0000000000000000 00007f3593b6c650
0x00007f3593b6c5e0:   00007f35926ebce8 0000000000000000
0x00007f3593b6c5f0:   00007f35926ea648 0000000000000000
0x00007f3593b6c600:   00007f3593b6c628 00007f3593b6c698
0x00007f3593b6c610:   00007f35f90082bd 00000000e155af20
0x00007f3593b6c620:   00007f35f9011538 00007f35923dac20
0x00007f3593b6c630:   00007f35926f85e0 0000000003e0004d
0x00007f3593b6c640:   00007f35926d5530 00007f3584146e00
0x00007f3593b6c650:   00000000e156b4b8 00007f3593b6c658 

Instructions: (pc=0x00007f3582e80987)
0x00007f3582e80967:   00 41 f6 c4 01 c6 44 24 0f 00 0f 84 c9 00 00 00
0x00007f3582e80977:   48 8b b3 30 01 00 00 48 85 f6 0f 84 b9 00 00 00
0x00007f3582e80987:   48 8b 55 30 45 85 f6 4c 8b 6a 18 0f 85 40 02 00
0x00007f3582e80997:   00 83 7b 38 01 0f 8e 36 02 00 00 48 8b 93 68 01 

Register to memory mapping:

RAX=0x0000000000000000 is an unknown value
RBX=0x00007f358c0b7f80 is an unknown value
RCX=0x0000000000000000 is an unknown value
RDX=0x0000000000000001 is an unknown value
RSP=0x00007f3593b6c460 is pointing into the stack for thread: 0x00007f35a0008800
RBP=0x000000000000c000 is an unknown value
RSI=0x00007f358c0b8830 is an unknown value
RDI=0x0000000100000000 is pointing into metadata
R8 =0x0000000000000000 is an unknown value
R9 =0x00007f3592408c60: <offset 0x4ac60> in /usr/lib/x86_64-linux-gnu/mesa/libGL.so.1 at 0x00007f35923be000
R10=0x00007f35f90157e8 is at code_begin+808 in an Interpreter codelet
method entry point (kind = native)  [0x00007f35f90154c0, 0x00007f35f9015dc0]  2304 bytes
R11=0x00007f360f22fcf0: <offset 0x9bccf0> in /home/ema/Scaricati/jdk1.8.0_92/jre/lib/amd64/server/libjvm.so at 0x00007f360e873000
R12=0x0000000000000001 is an unknown value
R13=0x00007f35841436c0 is an unknown value
R14=0x0000000000000000 is an unknown value
R15=0x0000000000000001 is an unknown value


Stack: [0x00007f3593a6e000,0x00007f3593b6f000],  sp=0x00007f3593b6c460,  free space=1017k
Native frames: (J=compiled Java code, j=interpreted, Vv=VM code, C=native code)
C  [nouveau_dri.so+0x29e987]

Java frames: (J=compiled Java code, j=interpreted, Vv=VM code)
j  jogamp.opengl.x11.glx.GLX.dispatch_glXSwapBuffers0(JJJ)V+0
j  jogamp.opengl.x11.glx.GLX.glXSwapBuffers(JJ)V+41
j  jogamp.opengl.x11.glx.X11GLXDrawable.swapBuffersImpl(Z)V+17
j  jogamp.opengl.GLDrawableImpl.swapBuffers()V+67
j  javax.media.opengl.awt.GLCanvas$12.run()V+45
j  java.awt.event.InvocationEvent.dispatch()V+11
j  java.awt.EventQueue.dispatchEventImpl(Ljava/awt/AWTEvent;Ljava/lang/Object;)V+21
j  java.awt.EventQueue.access$500(Ljava/awt/EventQueue;Ljava/awt/AWTEvent;Ljava/lang/Object;)V+3
j  java.awt.EventQueue$3.run()Ljava/lang/Void;+32
j  java.awt.EventQueue$3.run()Ljava/lang/Object;+1
v  ~StubRoutines::call_stub
J 465  java.security.AccessController.doPrivileged(Ljava/security/PrivilegedAction;Ljava/security/AccessControlContext;)Ljava/lang/Object; (0 bytes) @ 0x00007f35f9211863 [0x00007f35f9211800+0x63]
J 1124 C1 java.security.ProtectionDomain$JavaSecurityAccessImpl.doIntersectionPrivilege(Ljava/security/PrivilegedAction;Ljava/security/AccessControlContext;Ljava/security/AccessControlContext;)Ljava/lang/Object; (22 bytes) @ 0x00007f35f94619c4 [0x00007f35f9461560+0x464]
j  java.awt.EventQueue.dispatchEvent(Ljava/awt/AWTEvent;)V+46
j  java.awt.EventDispatchThread.pumpOneEventForFilters(I)V+245
j  java.awt.EventDispatchThread.pumpEventsForFilter(ILjava/awt/Conditional;Ljava/awt/EventFilter;)V+35
j  java.awt.EventDispatchThread.pumpEventsForHierarchy(ILjava/awt/Conditional;Ljava/awt/Component;)V+11
j  java.awt.EventDispatchThread.pumpEvents(ILjava/awt/Conditional;)V+4
j  java.awt.EventDispatchThread.pumpEvents(Ljava/awt/Conditional;)V+3
j  java.awt.EventDispatchThread.run()V+9
v  ~StubRoutines::call_stub

---------------  P R O C E S S  ---------------

Java Threads: ( => current thread )
  0x00007f358c0f3800 JavaThread "Thread-3" [_thread_blocked, id=18902, stack(0x00007f359376d000,0x00007f359386e000)]
  0x00007f358412e800 JavaThread "Animation Thread-SharedResourceRunner" daemon [_thread_blocked, id=18900, stack(0x00007f359346c000,0x00007f359356d000)]
  0x00007f3584096000 JavaThread "process reaper" daemon [_thread_blocked, id=18895, stack(0x00007f35f0080000,0x00007f35f00b9000)]
=>0x00007f35a0008800 JavaThread "AWT-EventQueue-1" [_thread_in_native, id=18890, stack(0x00007f3593a6e000,0x00007f3593b6f000)]
  0x00007f360800a000 JavaThread "DestroyJavaVM" [_thread_blocked, id=18863, stack(0x00007f3610353000,0x00007f3610454000)]
  0x00007f36082ae000 JavaThread "AWT-EventQueue-0" [_thread_blocked, id=18887, stack(0x00007f35d45ab000,0x00007f35d46ac000)]
  0x00007f36082a9800 JavaThread "AWT-Shutdown" [_thread_blocked, id=18886, stack(0x00007f35d46ac000,0x00007f35d47ad000)]
  0x00007f3608296000 JavaThread "thread applet-module3.EarthquakeCityMap.class" [_thread_blocked, id=18885, stack(0x00007f35d47ad000,0x00007f35d48ae000)]
  0x00007f3608289800 JavaThread "AWT-XAWT" daemon [_thread_blocked, id=18883, stack(0x00007f35d48ae000,0x00007f35d49af000)]
  0x00007f3608263800 JavaThread "Java2D Disposer" daemon [_thread_blocked, id=18882, stack(0x00007f35d4dbf000,0x00007f35d4ec0000)]
  0x00007f36080d4000 JavaThread "Service Thread" daemon [_thread_blocked, id=18880, stack(0x00007f35d6b0f000,0x00007f35d6c10000)]
  0x00007f36080c9000 JavaThread "C1 CompilerThread3" daemon [_thread_blocked, id=18879, stack(0x00007f35d6c10000,0x00007f35d6d11000)]
  0x00007f36080c6800 JavaThread "C2 CompilerThread2" daemon [_thread_blocked, id=18878, stack(0x00007f35d6d11000,0x00007f35d6e12000)]
  0x00007f36080c5000 JavaThread "C2 CompilerThread1" daemon [_thread_blocked, id=18877, stack(0x00007f35d6e12000,0x00007f35d6f13000)]
  0x00007f36080c2000 JavaThread "C2 CompilerThread0" daemon [_thread_in_native, id=18876, stack(0x00007f35d6f13000,0x00007f35d7014000)]
  0x00007f36080c0800 JavaThread "Signal Dispatcher" daemon [_thread_blocked, id=18875, stack(0x00007f35d7014000,0x00007f35d7115000)]
  0x00007f360808d000 JavaThread "Finalizer" daemon [_thread_blocked, id=18874, stack(0x00007f35d77f8000,0x00007f35d78f9000)]
  0x00007f3608088000 JavaThread "Reference Handler" daemon [_thread_blocked, id=18873, stack(0x00007f35d78f9000,0x00007f35d79fa000)]

Other Threads:
  0x00007f3608080800 VMThread [stack: 0x00007f35d79fa000,0x00007f35d7afb000] [id=18872]
  0x00007f36080d7000 WatcherThread [stack: 0x00007f35d6a0e000,0x00007f35d6b0f000] [id=18881]

VM state:not at safepoint (normal execution)

VM Mutex/Monitor currently owned by a thread: None

Heap:
 PSYoungGen      total 28160K, used 23695K [0x00000000e0f80000, 0x00000000e4680000, 0x0000000100000000)
  eden space 24576K, 81% used [0x00000000e0f80000,0x00000000e232abc8,0x00000000e2780000)
  from space 3584K, 99% used [0x00000000e2780000,0x00000000e2af9180,0x00000000e2b00000)
  to   space 3584K, 0% used [0x00000000e4300000,0x00000000e4300000,0x00000000e4680000)
 ParOldGen       total 64512K, used 669K [0x00000000a2e00000, 0x00000000a6d00000, 0x00000000e0f80000)
  object space 64512K, 1% used [0x00000000a2e00000,0x00000000a2ea74a0,0x00000000a6d00000)
 Metaspace       used 19720K, capacity 19993K, committed 20224K, reserved 1067008K
  class space    used 1931K, capacity 1988K, committed 2048K, reserved 1048576K

Card table byte_map: [0x00007f360ce27000,0x00007f360d111000] byte_map_base: 0x00007f360c910000

Marking Bits: (ParMarkBitMap*) 0x00007f360f82c4c0
 Begin Bits: [0x00007f35f1170000, 0x00007f35f28b8000)
 End Bits:   [0x00007f35f28b8000, 0x00007f35f4000000)

Polling page: 0x00007f361047b000

CodeCache: size=245760Kb used=4502Kb max_used=4513Kb free=241257Kb
 bounds [0x00007f35f9000000, 0x00007f35f9470000, 0x00007f3608000000]
 total_blobs=2089 nmethods=1134 adapters=870
 compilation: enabled

Compilation events (10 events):
Event: 5,441 Thread 0x00007f36080c9000 nmethod 1127 0x00007f35f9462b90 code [0x00007f35f9462d20, 0x00007f35f9463068]
Event: 5,441 Thread 0x00007f36080c9000 1128       3       java.util.concurrent.locks.AbstractQueuedSynchronizer$ConditionObject::signalAll (33 bytes)
Event: 5,441 Thread 0x00007f36080c9000 nmethod 1128 0x00007f35f9463210 code [0x00007f35f94633a0, 0x00007f35f9463708]
Event: 5,456 Thread 0x00007f36080c9000 1129   !   3       sun.awt.X11.XToolkit::callTimeoutTasks (220 bytes)
Event: 5,458 Thread 0x00007f36080c9000 nmethod 1129 0x00007f35f9463850 code [0x00007f35f9463be0, 0x00007f35f9465a18]
Event: 6,331 Thread 0x00007f36080c6800 1130       4       sun.util.logging.PlatformLogger$DefaultLoggerProxy::doLog (22 bytes)
Event: 6,331 Thread 0x00007f36080c9000 1131  s    3       java.awt.KeyboardFocusManager::getCurrentKeyboardFocusManager (32 bytes)
Event: 6,331 Thread 0x00007f36080c2000 1134       4       java.util.HashMap::get (23 bytes)
Event: 6,332 Thread 0x00007f36080c9000 nmethod 1131 0x00007f35f9466510 code [0x00007f35f94666c0, 0x00007f35f9466ca8]
Event: 6,332 Thread 0x00007f36080c9000 1132       3       java.awt.KeyboardFocusManager::getCurrentKeyboardFocusManager (7 bytes)

GC Heap History (2 events):
Event: 0,592 GC heap before
{Heap before GC invocations=1 (full 0):
 PSYoungGen      total 28160K, used 24396K [0x00000000e0f80000, 0x00000000e2e80000, 0x0000000100000000)
  eden space 24576K, 99% used [0x00000000e0f80000,0x00000000e2753228,0x00000000e2780000)
  from space 3584K, 0% used [0x00000000e2b00000,0x00000000e2b00000,0x00000000e2e80000)
  to   space 3584K, 0% used [0x00000000e2780000,0x00000000e2780000,0x00000000e2b00000)
 ParOldGen       total 64512K, used 0K [0x00000000a2e00000, 0x00000000a6d00000, 0x00000000e0f80000)
  object space 64512K, 0% used [0x00000000a2e00000,0x00000000a2e00000,0x00000000a6d00000)
 Metaspace       used 13456K, capacity 13728K, committed 13952K, reserved 1060864K
  class space    used 1466K, capacity 1545K, committed 1664K, reserved 1048576K
Event: 0,599 GC heap after
Heap after GC invocations=1 (full 0):
 PSYoungGen      total 28160K, used 3556K [0x00000000e0f80000, 0x00000000e4680000, 0x0000000100000000)
  eden space 24576K, 0% used [0x00000000e0f80000,0x00000000e0f80000,0x00000000e2780000)
  from space 3584K, 99% used [0x00000000e2780000,0x00000000e2af9180,0x00000000e2b00000)
  to   space 3584K, 0% used [0x00000000e4300000,0x00000000e4300000,0x00000000e4680000)
 ParOldGen       total 64512K, used 669K [0x00000000a2e00000, 0x00000000a6d00000, 0x00000000e0f80000)
  object space 64512K, 1% used [0x00000000a2e00000,0x00000000a2ea74a0,0x00000000a6d00000)
 Metaspace       used 13456K, capacity 13728K, committed 13952K, reserved 1060864K
  class space    used 1466K, capacity 1545K, committed 1664K, reserved 1048576K
}

Deoptimization events (9 events):
Event: 0,144 Thread 0x00007f360800a000 Uncommon trap: reason=null_check action=make_not_entrant pc=0x00007f35f915fa44 method=java.lang.String.equals(Ljava/lang/Object;)Z @ 8
Event: 0,483 Thread 0x00007f35a000e800 Uncommon trap: reason=unstable_if action=reinterpret pc=0x00007f35f9205218 method=java.lang.String.indexOf([CII[CIII)I @ 3
Event: 1,338 Thread 0x00007f35a0008800 Uncommon trap: reason=unstable_if action=reinterpret pc=0x00007f35f9386224 method=com.jogamp.common.util.IntIntHashMap.get(I)I @ 19
Event: 1,352 Thread 0x00007f35a0008800 Uncommon trap: reason=unstable_if action=reinterpret pc=0x00007f35f91ce278 method=java.lang.AbstractStringBuilder.append(Ljava/lang/String;)Ljava/lang/AbstractStringBuilder; @ 1
Event: 1,406 Thread 0x00007f35a0008800 Uncommon trap: reason=class_check action=maybe_recompile pc=0x00007f35f91bd1a4 method=java.util.Properties$LineReader.readLine()I @ 62
Event: 1,406 Thread 0x00007f35a0008800 Uncommon trap: reason=unstable_if action=reinterpret pc=0x00007f35f91bcee0 method=java.util.Properties$LineReader.readLine()I @ 206
Event: 1,511 Thread 0x00007f35a0008800 Uncommon trap: reason=unstable_if action=reinterpret pc=0x00007f35f93d6004 method=com.sun.org.apache.xerces.internal.impl.XMLEntityScanner.skipSpaces()Z @ 14
Event: 1,513 Thread 0x00007f35a0008800 Uncommon trap: reason=unstable_if action=reinterpret pc=0x00007f35f93efbdc method=com.sun.org.apache.xerces.internal.impl.XMLEntityScanner.skipChar(I)Z @ 14
Event: 1,516 Thread 0x00007f35a0008800 Uncommon trap: reason=unstable_if action=reinterpret pc=0x00007f35f93c8834 method=com.sun.org.apache.xerces.internal.impl.XMLEntityScanner.peekChar()I @ 14

Internal exceptions (10 events):
Event: 1,090 Thread 0x00007f35a0008800 Exception <a 'java/lang/reflect/InvocationTargetException'> (0x00000000e1d1b690) thrown at [/HUDSON/workspace/8-2-build-linux-amd64/jdk8u92/6642/hotspot/src/share/vm/runtime/reflection.cpp, line 1092]
Event: 1,090 Thread 0x00007f35a0008800 Exception <a 'java/lang/reflect/InvocationTargetException'> (0x00000000e1d1bc60) thrown at [/HUDSON/workspace/8-2-build-linux-amd64/jdk8u92/6642/hotspot/src/share/vm/runtime/reflection.cpp, line 1092]
Event: 1,093 Thread 0x00007f35a0008800 Exception <a 'java/lang/reflect/InvocationTargetException'> (0x00000000e1d1c168) thrown at [/HUDSON/workspace/8-2-build-linux-amd64/jdk8u92/6642/hotspot/src/share/vm/runtime/reflection.cpp, line 1092]
Event: 1,338 Thread 0x00007f35a0008800 Implicit null exception at 0x00007f35f93861a5 to 0x00007f35f938620d
Event: 1,352 Thread 0x00007f35a0008800 Exception <a 'java/io/FileNotFoundException'> (0x00000000e1ec3dc8) thrown at [/HUDSON/workspace/8-2-build-linux-amd64/jdk8u92/6642/hotspot/src/share/vm/prims/jni.cpp, line 709]
Event: 1,352 Thread 0x00007f35a0008800 Exception <a 'java/io/FileNotFoundException'> (0x00000000e1eca248) thrown at [/HUDSON/workspace/8-2-build-linux-amd64/jdk8u92/6642/hotspot/src/share/vm/prims/jni.cpp, line 709]
Event: 1,352 Thread 0x00007f35a0008800 Implicit null exception at 0x00007f35f91cdef3 to 0x00007f35f91ce265
Event: 1,563 Thread 0x00007f35a0008800 Exception <a 'java/lang/ClassCastException': java.lang.Float cannot be cast to java.lang.Integer> (0x00000000e2224130) thrown at [/HUDSON/workspace/8-2-build-linux-amd64/jdk8u92/6642/hotspot/src/share/vm/interpreter/interpreterRuntime.cpp, line 381]
Event: 1,573 Thread 0x00007f35a0008800 Exception <a 'java/lang/reflect/InvocationTargetException'> (0x00000000e2224680) thrown at [/HUDSON/workspace/8-2-build-linux-amd64/jdk8u92/6642/hotspot/src/share/vm/runtime/reflection.cpp, line 1092]
Event: 6,332 Thread 0x00007f35a0008800 Exception <a 'java/lang/reflect/InvocationTargetException'> (0x00000000e222c2b8) thrown at [/HUDSON/workspace/8-2-build-linux-amd64/jdk8u92/6642/hotspot/src/share/vm/runtime/reflection.cpp, line 1092]

Events (10 events):
Event: 5,034 loading class sun/awt/X11/XConstants done
Event: 6,329 loading class sun/applet/AppletViewer$3
Event: 6,329 loading class sun/applet/AppletViewer$3 done
Event: 6,329 Thread 0x00007f358c0f3800 Thread added: 0x00007f358c0f3800
Event: 6,329 loading class sun/applet/AppletPanel$4
Event: 6,329 loading class sun/applet/AppletPanel$4 done
Event: 6,330 loading class java/awt/KeyboardFocusManager$2
Event: 6,330 loading class java/awt/KeyboardFocusManager$2 done
Event: 6,330 loading class sun/awt/SunToolkit$1
Event: 6,330 loading class sun/awt/SunToolkit$1 done


Dynamic libraries:
00400000-00401000 r-xp 00000000 08:01 3450446                            /home/ema/Scaricati/jdk1.8.0_92/jre/bin/java
00600000-00601000 rw-p 00000000 08:01 3450446                            /home/ema/Scaricati/jdk1.8.0_92/jre/bin/java
021e0000-02201000 rw-p 00000000 00:00 0                                  [heap]
a2e00000-a6d00000 rw-p 00000000 00:00 0 
a6d00000-e0f80000 ---p 00000000 00:00 0 
e0f80000-e4680000 rw-p 00000000 00:00 0 
e4680000-100000000 ---p 00000000 00:00 0 
100000000-100200000 rw-p 00000000 00:00 0 
100200000-140000000 ---p 00000000 00:00 0 
7f357b080000-7f357b097000 r-xp 00000000 08:01 27267350                   /lib/x86_64-linux-gnu/libresolv-2.21.so
7f357b097000-7f357b297000 ---p 00017000 08:01 27267350                   /lib/x86_64-linux-gnu/libresolv-2.21.so
7f357b297000-7f357b299000 r--p 00017000 08:01 27267350                   /lib/x86_64-linux-gnu/libresolv-2.21.so
7f357b299000-7f357b29a000 rw-p 00019000 08:01 27267350                   /lib/x86_64-linux-gnu/libresolv-2.21.so
7f357b29a000-7f357b29c000 rw-p 00000000 00:00 0 
7f357b29c000-7f357b2a1000 r-xp 00000000 08:01 27267295                   /lib/x86_64-linux-gnu/libnss_dns-2.21.so
7f357b2a1000-7f357b4a0000 ---p 00005000 08:01 27267295                   /lib/x86_64-linux-gnu/libnss_dns-2.21.so
7f357b4a0000-7f357b4a1000 r--p 00004000 08:01 27267295                   /lib/x86_64-linux-gnu/libnss_dns-2.21.so
7f357b4a1000-7f357b4a2000 rw-p 00005000 08:01 27267295                   /lib/x86_64-linux-gnu/libnss_dns-2.21.so
7f357b4a2000-7f357b4a4000 r-xp 00000000 08:01 27267303                   /lib/x86_64-linux-gnu/libnss_mdns4_minimal.so.2
7f357b4a4000-7f357b6a3000 ---p 00002000 08:01 27267303                   /lib/x86_64-linux-gnu/libnss_mdns4_minimal.so.2
7f357b6a3000-7f357b6a4000 r--p 00001000 08:01 27267303                   /lib/x86_64-linux-gnu/libnss_mdns4_minimal.so.2
7f357b6a4000-7f357b6a5000 rw-p 00002000 08:01 27267303                   /lib/x86_64-linux-gnu/libnss_mdns4_minimal.so.2
7f357b6e5000-7f357b8a5000 rw-p 00000000 00:00 0 
7f357b8a5000-7f357b8e5000 ---p 00000000 00:00 0 
7f357b965000-7f357b99c000 r-xp 00000000 08:01 15344535                   /usr/lib/x86_64-linux-gnu/libtxc_dxtn_s2tc.so.0.0.0
7f357b99c000-7f357bb9b000 ---p 00037000 08:01 15344535                   /usr/lib/x86_64-linux-gnu/libtxc_dxtn_s2tc.so.0.0.0
7f357bb9b000-7f357bb9c000 r--p 00036000 08:01 15344535                   /usr/lib/x86_64-linux-gnu/libtxc_dxtn_s2tc.so.0.0.0
7f357bb9c000-7f357bb9d000 rw-p 00037000 08:01 15344535                   /usr/lib/x86_64-linux-gnu/libtxc_dxtn_s2tc.so.0.0.0
7f357bb9d000-7f357bbc2000 r-xp 00000000 08:01 27267368                   /lib/x86_64-linux-gnu/libtinfo.so.5.9
7f357bbc2000-7f357bdc1000 ---p 00025000 08:01 27267368                   /lib/x86_64-linux-gnu/libtinfo.so.5.9
7f357bdc1000-7f357bdc5000 r--p 00024000 08:01 27267368                   /lib/x86_64-linux-gnu/libtinfo.so.5.9
7f357bdc5000-7f357bdc6000 rw-p 00028000 08:01 27267368                   /lib/x86_64-linux-gnu/libtinfo.so.5.9
7f357bdc6000-7f357bdf9000 r-xp 00000000 08:01 15343777                   /usr/lib/x86_64-linux-gnu/libedit.so.2.0.51
7f357bdf9000-7f357bff9000 ---p 00033000 08:01 15343777                   /usr/lib/x86_64-linux-gnu/libedit.so.2.0.51
7f357bff9000-7f357bffb000 r--p 00033000 08:01 15343777                   /usr/lib/x86_64-linux-gnu/libedit.so.2.0.51
7f357bffb000-7f357bffc000 rw-p 00035000 08:01 15343777                   /usr/lib/x86_64-linux-gnu/libedit.so.2.0.51
7f357bffc000-7f357c000000 rw-p 00000000 00:00 0 
7f357c000000-7f357c18c000 rw-p 00000000 00:00 0 
7f357c18c000-7f3580000000 ---p 00000000 00:00 0 
7f35800ac000-7f35800c5000 r-xp 00000000 08:01 27267385                   /lib/x86_64-linux-gnu/libz.so.1.2.8
7f35800c5000-7f35802c5000 ---p 00019000 08:01 27267385                   /lib/x86_64-linux-gnu/libz.so.1.2.8
7f35802c5000-7f35802c6000 r--p 00019000 08:01 27267385                   /lib/x86_64-linux-gnu/libz.so.1.2.8
7f35802c6000-7f35802c7000 rw-p 0001a000 08:01 27267385                   /lib/x86_64-linux-gnu/libz.so.1.2.8
7f35802c7000-7f35803b7000 r-xp 00000000 08:01 15344490                   /usr/lib/x86_64-linux-gnu/libstdc++.so.6.0.20
7f35803b7000-7f35805b7000 ---p 000f0000 08:01 15344490                   /usr/lib/x86_64-linux-gnu/libstdc++.so.6.0.20
7f35805b7000-7f35805bf000 r--p 000f0000 08:01 15344490                   /usr/lib/x86_64-linux-gnu/libstdc++.so.6.0.20
7f35805bf000-7f35805c1000 rw-p 000f8000 08:01 15344490                   /usr/lib/x86_64-linux-gnu/libstdc++.so.6.0.20
7f35805c1000-7f35805d6000 rw-p 00000000 00:00 0 
7f35805d6000-7f358237f000 r-xp 00000000 08:01 15343369                   /usr/lib/x86_64-linux-gnu/libLLVM-3.6.so.1
7f358237f000-7f3582380000 ---p 01da9000 08:01 15343369                   /usr/lib/x86_64-linux-gnu/libLLVM-3.6.so.1
7f3582380000-7f358259c000 r--p 01da9000 08:01 15343369                   /usr/lib/x86_64-linux-gnu/libLLVM-3.6.so.1
7f358259c000-7f35825a2000 rw-p 01fc5000 08:01 15343369                   /usr/lib/x86_64-linux-gnu/libLLVM-3.6.so.1
7f35825a2000-7f35825b8000 rw-p 00000000 00:00 0 
7f35825b8000-7f35825cd000 r-xp 00000000 08:01 15343778                   /usr/lib/x86_64-linux-gnu/libelf-0.160.so
7f35825cd000-7f35827cc000 ---p 00015000 08:01 15343778                   /usr/lib/x86_64-linux-gnu/libelf-0.160.so
7f35827cc000-7f35827cd000 r--p 00014000 08:01 15343778                   /usr/lib/x86_64-linux-gnu/libelf-0.160.so
7f35827cd000-7f35827ce000 rw-p 00015000 08:01 15343778                   /usr/lib/x86_64-linux-gnu/libelf-0.160.so
7f35827ce000-7f35827da000 r-xp 00000000 08:01 15343773                   /usr/lib/x86_64-linux-gnu/libdrm_radeon.so.1.0.1
7f35827da000-7f35829d9000 ---p 0000c000 08:01 15343773                   /usr/lib/x86_64-linux-gnu/libdrm_radeon.so.1.0.1
7f35829d9000-7f35829da000 r--p 0000b000 08:01 15343773                   /usr/lib/x86_64-linux-gnu/libdrm_radeon.so.1.0.1
7f35829da000-7f35829db000 rw-p 0000c000 08:01 15343773                   /usr/lib/x86_64-linux-gnu/libdrm_radeon.so.1.0.1
7f35829db000-7f35829e1000 r-xp 00000000 08:01 15343771                   /usr/lib/x86_64-linux-gnu/libdrm_nouveau.so.2.0.0
7f35829e1000-7f3582be0000 ---p 00006000 08:01 15343771                   /usr/lib/x86_64-linux-gnu/libdrm_nouveau.so.2.0.0
7f3582be0000-7f3582be1000 r--p 00005000 08:01 15343771                   /usr/lib/x86_64-linux-gnu/libdrm_nouveau.so.2.0.0
7f3582be1000-7f3582be2000 rw-p 00006000 08:01 15343771                   /usr/lib/x86_64-linux-gnu/libdrm_nouveau.so.2.0.0
7f3582be2000-7f3583355000 r-xp 00000000 08:01 15603600                   /usr/lib/x86_64-linux-gnu/dri/nouveau_dri.so
7f3583355000-7f3583554000 ---p 00773000 08:01 15603600                   /usr/lib/x86_64-linux-gnu/dri/nouveau_dri.so
7f3583554000-7f35835ab000 r--p 00772000 08:01 15603600                   /usr/lib/x86_64-linux-gnu/dri/nouveau_dri.so
7f35835ab000-7f35835b7000 rw-p 007c9000 08:01 15603600                   /usr/lib/x86_64-linux-gnu/dri/nouveau_dri.so
7f35835b7000-7f358379c000 rw-p 00000000 00:00 0 
7f358379c000-7f35837ae000 r-xp 00000000 08:01 27263385                   /lib/x86_64-linux-gnu/libudev.so.1.6.2
7f35837ae000-7f35839ad000 ---p 00012000 08:01 27263385                   /lib/x86_64-linux-gnu/libudev.so.1.6.2
7f35839ad000-7f35839ae000 r--p 00011000 08:01 27263385                   /lib/x86_64-linux-gnu/libudev.so.1.6.2
7f35839ae000-7f35839af000 rw-p 00012000 08:01 27263385                   /lib/x86_64-linux-gnu/libudev.so.1.6.2
7f35839af000-7f35839b1000 r-xp 00000000 08:01 15343521                   /usr/lib/x86_64-linux-gnu/libXinerama.so.1.0.0
7f35839b1000-7f3583bb0000 ---p 00002000 08:01 15343521                   /usr/lib/x86_64-linux-gnu/libXinerama.so.1.0.0
7f3583bb0000-7f3583bb1000 r--p 00001000 08:01 15343521                   /usr/lib/x86_64-linux-gnu/libXinerama.so.1.0.0
7f3583bb1000-7f3583bb2000 rw-p 00002000 08:01 15343521                   /usr/lib/x86_64-linux-gnu/libXinerama.so.1.0.0
7f3583bb2000-7f3583bf7000 r-xp 00000000 08:01 28312167                   /tmp/jogamp_0000/file_cache/jln3793135329323839182/jln312076040064724930/libjogl_mobile.so
7f3583bf7000-7f3583df7000 ---p 00045000 08:01 28312167                   /tmp/jogamp_0000/file_cache/jln3793135329323839182/jln312076040064724930/libjogl_mobile.so
7f3583df7000-7f3583df8000 rw-p 00045000 08:01 28312167                   /tmp/jogamp_0000/file_cache/jln3793135329323839182/jln312076040064724930/libjogl_mobile.so
7f3583df8000-7f3583dff000 r-xp 00000000 08:01 15343817                   /usr/lib/x86_64-linux-gnu/libffi.so.6.0.4
7f3583dff000-7f3583ffe000 ---p 00007000 08:01 15343817                   /usr/lib/x86_64-linux-gnu/libffi.so.6.0.4
7f3583ffe000-7f3583fff000 r--p 00006000 08:01 15343817                   /usr/lib/x86_64-linux-gnu/libffi.so.6.0.4
7f3583fff000-7f3584000000 rw-p 00007000 08:01 15343817                   /usr/lib/x86_64-linux-gnu/libffi.so.6.0.4
7f3584000000-7f3584556000 rw-p 00000000 00:00 0 
7f3584556000-7f3588000000 ---p 00000000 00:00 0 
7f3588000000-7f3588021000 rw-p 00000000 00:00 0 
7f3588021000-7f358c000000 ---p 00000000 00:00 0 
7f358c000000-7f358c2dc000 rw-p 00000000 00:00 0 
7f358c2dc000-7f3590000000 ---p 00000000 00:00 0 
7f3590028000-7f3590035000 r-xp 00000000 08:01 15340550                   /usr/lib/x86_64-linux-gnu/libgbm.so.1.0.0
7f3590035000-7f3590234000 ---p 0000d000 08:01 15340550                   /usr/lib/x86_64-linux-gnu/libgbm.so.1.0.0
7f3590234000-7f3590235000 r--p 0000c000 08:01 15340550                   /usr/lib/x86_64-linux-gnu/libgbm.so.1.0.0
7f3590235000-7f3590236000 rw-p 0000d000 08:01 15340550                   /usr/lib/x86_64-linux-gnu/libgbm.so.1.0.0
7f3590236000-7f3590245000 r-xp 00000000 08:01 15344604                   /usr/lib/x86_64-linux-gnu/libwayland-server.so.0.1.0
7f3590245000-7f3590444000 ---p 0000f000 08:01 15344604                   /usr/lib/x86_64-linux-gnu/libwayland-server.so.0.1.0
7f3590444000-7f3590447000 r--p 0000e000 08:01 15344604                   /usr/lib/x86_64-linux-gnu/libwayland-server.so.0.1.0
7f3590447000-7f3590448000 rw-p 00011000 08:01 15344604                   /usr/lib/x86_64-linux-gnu/libwayland-server.so.0.1.0
7f3590448000-7f3590454000 r-xp 00000000 08:01 15344598                   /usr/lib/x86_64-linux-gnu/libwayland-client.so.0.3.0
7f3590454000-7f3590653000 ---p 0000c000 08:01 15344598                   /usr/lib/x86_64-linux-gnu/libwayland-client.so.0.3.0
7f3590653000-7f3590655000 r--p 0000b000 08:01 15344598                   /usr/lib/x86_64-linux-gnu/libwayland-client.so.0.3.0
7f3590655000-7f3590656000 rw-p 0000d000 08:01 15344598                   /usr/lib/x86_64-linux-gnu/libwayland-client.so.0.3.0
7f3590656000-7f359065b000 r-xp 00000000 08:01 15344692                   /usr/lib/x86_64-linux-gnu/libxcb-xfixes.so.0.0.0
7f359065b000-7f359085b000 ---p 00005000 08:01 15344692                   /usr/lib/x86_64-linux-gnu/libxcb-xfixes.so.0.0.0
7f359085b000-7f359085c000 r--p 00005000 08:01 15344692                   /usr/lib/x86_64-linux-gnu/libxcb-xfixes.so.0.0.0
7f359085c000-7f359085d000 rw-p 00006000 08:01 15344692                   /usr/lib/x86_64-linux-gnu/libxcb-xfixes.so.0.0.0
7f359085d000-7f3590886000 r-xp 00000000 08:01 15729315                   /usr/lib/x86_64-linux-gnu/mesa-egl/libEGL.so.1.0.0
7f3590886000-7f3590a86000 ---p 00029000 08:01 15729315                   /usr/lib/x86_64-linux-gnu/mesa-egl/libEGL.so.1.0.0
7f3590a86000-7f3590a87000 r--p 00029000 08:01 15729315                   /usr/lib/x86_64-linux-gnu/mesa-egl/libEGL.so.1.0.0
7f3590a87000-7f3590a88000 rw-p 0002a000 08:01 15729315                   /usr/lib/x86_64-linux-gnu/mesa-egl/libEGL.so.1.0.0
7f3590a88000-7f3590a89000 rw-p 00000000 00:00 0 
7f3590a89000-7f3590b2e000 r-xp 00000000 08:01 28312164                   /tmp/jogamp_0000/file_cache/jln3793135329323839182/jln312076040064724930/libjogl_desktop.so
7f3590b2e000-7f3590d2e000 ---p 000a5000 08:01 28312164                   /tmp/jogamp_0000/file_cache/jln3793135329323839182/jln312076040064724930/libjogl_desktop.so
7f3590d2e000-7f3590d2f000 rw-p 000a5000 08:01 28312164                   /tmp/jogamp_0000/file_cache/jln3793135329323839182/jln312076040064724930/libjogl_desktop.so
7f3590d2f000-7f3590d3b000 r-xp 00000000 08:01 15343767                   /usr/lib/x86_64-linux-gnu/libdrm.so.2.4.0
7f3590d3b000-7f3590f3a000 ---p 0000c000 08:01 15343767                   /usr/lib/x86_64-linux-gnu/libdrm.so.2.4.0
7f3590f3a000-7f3590f3b000 r--p 0000b000 08:01 15343767                   /usr/lib/x86_64-linux-gnu/libdrm.so.2.4.0
7f3590f3b000-7f3590f3c000 rw-p 0000c000 08:01 15343767                   /usr/lib/x86_64-linux-gnu/libdrm.so.2.4.0
7f3590f3c000-7f3590f3d000 r-xp 00000000 08:01 15344706                   /usr/lib/x86_64-linux-gnu/libxshmfence.so.1.0.0
7f3590f3d000-7f359113c000 ---p 00001000 08:01 15344706                   /usr/lib/x86_64-linux-gnu/libxshmfence.so.1.0.0
7f359113c000-7f359113d000 r--p 00000000 08:01 15344706                   /usr/lib/x86_64-linux-gnu/libxshmfence.so.1.0.0
7f359113d000-7f359113e000 rw-p 00001000 08:01 15344706                   /usr/lib/x86_64-linux-gnu/libxshmfence.so.1.0.0
7f359113e000-7f3591143000 r-xp 00000000 08:01 15344688                   /usr/lib/x86_64-linux-gnu/libxcb-sync.so.1.0.0
7f3591143000-7f3591342000 ---p 00005000 08:01 15344688                   /usr/lib/x86_64-linux-gnu/libxcb-sync.so.1.0.0
7f3591342000-7f3591343000 r--p 00004000 08:01 15344688                   /usr/lib/x86_64-linux-gnu/libxcb-sync.so.1.0.0
7f3591343000-7f3591344000 rw-p 00005000 08:01 15344688                   /usr/lib/x86_64-linux-gnu/libxcb-sync.so.1.0.0
7f3591344000-7f3591346000 r-xp 00000000 08:01 15344676                   /usr/lib/x86_64-linux-gnu/libxcb-present.so.0.0.0
7f3591346000-7f3591545000 ---p 00002000 08:01 15344676                   /usr/lib/x86_64-linux-gnu/libxcb-present.so.0.0.0
7f3591545000-7f3591546000 r--p 00001000 08:01 15344676                   /usr/lib/x86_64-linux-gnu/libxcb-present.so.0.0.0
7f3591546000-7f3591547000 rw-p 00002000 08:01 15344676                   /usr/lib/x86_64-linux-gnu/libxcb-present.so.0.0.0
7f3591547000-7f3591549000 r-xp 00000000 08:01 15344666                   /usr/lib/x86_64-linux-gnu/libxcb-dri3.so.0.0.0
7f3591549000-7f3591748000 ---p 00002000 08:01 15344666                   /usr/lib/x86_64-linux-gnu/libxcb-dri3.so.0.0.0
7f3591748000-7f3591749000 r--p 00001000 08:01 15344666                   /usr/lib/x86_64-linux-gnu/libxcb-dri3.so.0.0.0
7f3591749000-7f359174a000 rw-p 00002000 08:01 15344666                   /usr/lib/x86_64-linux-gnu/libxcb-dri3.so.0.0.0
7f359174a000-7f359174d000 r-xp 00000000 08:01 15344664                   /usr/lib/x86_64-linux-gnu/libxcb-dri2.so.0.0.0
7f359174d000-7f359194d000 ---p 00003000 08:01 15344664                   /usr/lib/x86_64-linux-gnu/libxcb-dri2.so.0.0.0
7f359194d000-7f359194e000 r--p 00003000 08:01 15344664                   /usr/lib/x86_64-linux-gnu/libxcb-dri2.so.0.0.0
7f359194e000-7f359194f000 rw-p 00004000 08:01 15344664                   /usr/lib/x86_64-linux-gnu/libxcb-dri2.so.0.0.0
7f359194f000-7f3591964000 r-xp 00000000 08:01 15344668                   /usr/lib/x86_64-linux-gnu/libxcb-glx.so.0.0.0
7f3591964000-7f3591b63000 ---p 00015000 08:01 15344668                   /usr/lib/x86_64-linux-gnu/libxcb-glx.so.0.0.0
7f3591b63000-7f3591b65000 r--p 00014000 08:01 15344668                   /usr/lib/x86_64-linux-gnu/libxcb-glx.so.0.0.0
7f3591b65000-7f3591b66000 rw-p 00016000 08:01 15344668                   /usr/lib/x86_64-linux-gnu/libxcb-glx.so.0.0.0
7f3591b66000-7f3591b67000 r-xp 00000000 08:01 15343492                   /usr/lib/x86_64-linux-gnu/libX11-xcb.so.1.0.0
7f3591b67000-7f3591d66000 ---p 00001000 08:01 15343492                   /usr/lib/x86_64-linux-gnu/libX11-xcb.so.1.0.0
7f3591d66000-7f3591d67000 r--p 00000000 08:01 15343492                   /usr/lib/x86_64-linux-gnu/libX11-xcb.so.1.0.0
7f3591d67000-7f3591d68000 rw-p 00001000 08:01 15343492                   /usr/lib/x86_64-linux-gnu/libX11-xcb.so.1.0.0
7f3591d68000-7f3591d6a000 r-xp 00000000 08:01 15343507                   /usr/lib/x86_64-linux-gnu/libXdamage.so.1.1.0
7f3591d6a000-7f3591f69000 ---p 00002000 08:01 15343507                   /usr/lib/x86_64-linux-gnu/libXdamage.so.1.1.0
7f3591f69000-7f3591f6a000 r--p 00001000 08:01 15343507                   /usr/lib/x86_64-linux-gnu/libXdamage.so.1.1.0
7f3591f6a000-7f3591f6b000 rw-p 00002000 08:01 15343507                   /usr/lib/x86_64-linux-gnu/libXdamage.so.1.1.0
7f3591f6b000-7f3591f90000 r-xp 00000000 08:01 15343260                   /usr/lib/x86_64-linux-gnu/libglapi.so.0.0.0
7f3591f90000-7f3592190000 ---p 00025000 08:01 15343260                   /usr/lib/x86_64-linux-gnu/libglapi.so.0.0.0
7f3592190000-7f3592193000 r--p 00025000 08:01 15343260                   /usr/lib/x86_64-linux-gnu/libglapi.so.0.0.0
7f3592193000-7f3592194000 rw-p 00028000 08:01 15343260                   /usr/lib/x86_64-linux-gnu/libglapi.so.0.0.0
7f3592194000-7f3592195000 rw-p 00000000 00:00 0 
7f3592195000-7f35921bb000 r-xp 00000000 08:01 27267358                   /lib/x86_64-linux-gnu/libexpat.so.1.6.0
7f35921bb000-7f35923ba000 ---p 00026000 08:01 27267358                   /lib/x86_64-linux-gnu/libexpat.so.1.6.0
7f35923ba000-7f35923bd000 r--p 00025000 08:01 27267358                   /lib/x86_64-linux-gnu/libexpat.so.1.6.0
7f35923bd000-7f35923be000 rw-p 00028000 08:01 27267358                   /lib/x86_64-linux-gnu/libexpat.so.1.6.0
7f35923be000-7f3592456000 r-xp 00000000 08:01 15732978                   /usr/lib/x86_64-linux-gnu/mesa/libGL.so.1.2.0
7f3592456000-7f3592655000 ---p 00098000 08:01 15732978                   /usr/lib/x86_64-linux-gnu/mesa/libGL.so.1.2.0
7f3592655000-7f3592658000 r--p 00097000 08:01 15732978                   /usr/lib/x86_64-linux-gnu/mesa/libGL.so.1.2.0
7f3592658000-7f3592659000 rw-p 0009a000 08:01 15732978                   /usr/lib/x86_64-linux-gnu/mesa/libGL.so.1.2.0
7f3592659000-7f359285a000 rw-p 00000000 00:00 0 
7f359285a000-7f3592a5a000 rw-p 00000000 00:00 0 
7f3592a5a000-7f3592a61000 r-xp 00000000 08:01 28312169                   /tmp/jogamp_0000/file_cache/jln3793135329323839182/jln312076040064724930/libnativewindow_x11.so
7f3592a61000-7f3592c60000 ---p 00007000 08:01 28312169                   /tmp/jogamp_0000/file_cache/jln3793135329323839182/jln312076040064724930/libnativewindow_x11.so
7f3592c60000-7f3592c61000 rw-p 00006000 08:01 28312169                   /tmp/jogamp_0000/file_cache/jln3793135329323839182/jln312076040064724930/libnativewindow_x11.so
7f3592c61000-7f3592c65000 r-xp 00000000 08:01 15343549                   /usr/lib/x86_64-linux-gnu/libXxf86vm.so.1.0.0
7f3592c65000-7f3592e65000 ---p 00004000 08:01 15343549                   /usr/lib/x86_64-linux-gnu/libXxf86vm.so.1.0.0
7f3592e65000-7f3592e66000 r--p 00004000 08:01 15343549                   /usr/lib/x86_64-linux-gnu/libXxf86vm.so.1.0.0
7f3592e66000-7f3592e67000 rw-p 00005000 08:01 15343549                   /usr/lib/x86_64-linux-gnu/libXxf86vm.so.1.0.0
7f3592e67000-7f3592e69000 r-xp 00000000 08:01 28312168                   /tmp/jogamp_0000/file_cache/jln3793135329323839182/jln312076040064724930/libnativewindow_awt.so
7f3592e69000-7f3593068000 ---p 00002000 08:01 28312168                   /tmp/jogamp_0000/file_cache/jln3793135329323839182/jln312076040064724930/libnativewindow_awt.so
7f3593068000-7f3593069000 rw-p 00001000 08:01 28312168                   /tmp/jogamp_0000/file_cache/jln3793135329323839182/jln312076040064724930/libnativewindow_awt.so
7f3593069000-7f359306a000 r-xp 00000000 08:01 3450810                    /home/ema/Scaricati/jdk1.8.0_92/jre/lib/amd64/libjawt.so
7f359306a000-7f3593269000 ---p 00001000 08:01 3450810                    /home/ema/Scaricati/jdk1.8.0_92/jre/lib/amd64/libjawt.so
7f3593269000-7f359326a000 rw-p 00000000 08:01 3450810                    /home/ema/Scaricati/jdk1.8.0_92/jre/lib/amd64/libjawt.so
7f359326a000-7f359326c000 r-xp 00000000 08:01 28312162                   /tmp/jogamp_0000/file_cache/jln3793135329323839182/jln312076040064724930/libgluegen-rt.so
7f359326c000-7f359346b000 ---p 00002000 08:01 28312162                   /tmp/jogamp_0000/file_cache/jln3793135329323839182/jln312076040064724930/libgluegen-rt.so
7f359346b000-7f359346c000 rw-p 00001000 08:01 28312162                   /tmp/jogamp_0000/file_cache/jln3793135329323839182/jln312076040064724930/libgluegen-rt.so
7f359346c000-7f359346f000 ---p 00000000 00:00 0 
7f359346f000-7f359376d000 rw-p 00000000 00:00 0 
7f359376d000-7f3593770000 ---p 00000000 00:00 0 
7f3593770000-7f3593a6e000 rw-p 00000000 00:00 0 
7f3593a6e000-7f3593a71000 ---p 00000000 00:00 0 
7f3593a71000-7f3593b6f000 rw-p 00000000 00:00 0 
7f3593b6f000-7f3593bd8000 r-xp 00000000 08:01 3450779                    /home/ema/Scaricati/jdk1.8.0_92/jre/lib/amd64/libt2k.so
7f3593bd8000-7f3593dd8000 ---p 00069000 08:01 3450779                    /home/ema/Scaricati/jdk1.8.0_92/jre/lib/amd64/libt2k.so
7f3593dd8000-7f3593ddf000 rw-p 00069000 08:01 3450779                    /home/ema/Scaricati/jdk1.8.0_92/jre/lib/amd64/libt2k.so
7f3593ddf000-7f3593def000 rw-p 00000000 00:00 0 
7f3593def000-7f3593e00000 r-xp 00000000 08:01 3450822                    /home/ema/Scaricati/jdk1.8.0_92/jre/lib/amd64/libnio.so
7f3593e00000-7f3593fff000 ---p 00011000 08:01 3450822                    /home/ema/Scaricati/jdk1.8.0_92/jre/lib/amd64/libnio.so
7f3593fff000-7f3594000000 rw-p 00010000 08:01 3450822                    /home/ema/Scaricati/jdk1.8.0_92/jre/lib/amd64/libnio.so
7f3594000000-7f3594021000 rw-p 00000000 00:00 0 
7f3594021000-7f3598000000 ---p 00000000 00:00 0 
7f3598000000-7f3598042000 rw-p 00000000 00:00 0 
7f3598042000-7f359c000000 ---p 00000000 00:00 0 
7f359c000000-7f359c025000 rw-p 00000000 00:00 0 
7f359c025000-7f35a0000000 ---p 00000000 00:00 0 
7f35a0000000-7f35a0021000 rw-p 00000000 00:00 0 
7f35a0021000-7f35a4000000 ---p 00000000 00:00 0 
7f35a4000000-7f35a4021000 rw-p 00000000 00:00 0 
7f35a4021000-7f35a8000000 ---p 00000000 00:00 0 
7f35a8000000-7f35a8021000 rw-p 00000000 00:00 0 
7f35a8021000-7f35ac000000 ---p 00000000 00:00 0 
7f35ac000000-7f35ac2ec000 rw-p 00000000 00:00 0 
7f35ac2ec000-7f35b0000000 ---p 00000000 00:00 0 
7f35b0000000-7f35b0021000 rw-p 00000000 00:00 0 
7f35b0021000-7f35b4000000 ---p 00000000 00:00 0 
7f35b4000000-7f35b405f000 rw-p 00000000 00:00 0 
7f35b405f000-7f35b8000000 ---p 00000000 00:00 0 
7f35b8000000-7f35b8168000 rw-p 00000000 00:00 0 
7f35b8168000-7f35bc000000 ---p 00000000 00:00 0 
7f35bc000000-7f35bc021000 rw-p 00000000 00:00 0 
7f35bc021000-7f35c0000000 ---p 00000000 00:00 0 
7f35c0000000-7f35c0187000 rw-p 00000000 00:00 0 
7f35c0187000-7f35c4000000 ---p 00000000 00:00 0 
7f35c4000000-7f35c4021000 rw-p 00000000 00:00 0 
7f35c4021000-7f35c8000000 ---p 00000000 00:00 0 
7f35c8000000-7f35c8021000 rw-p 00000000 00:00 0 
7f35c8021000-7f35cc000000 ---p 00000000 00:00 0 
7f35cc000000-7f35cc021000 rw-p 00000000 00:00 0 
7f35cc021000-7f35d0000000 ---p 00000000 00:00 0 
7f35d0000000-7f35d0021000 rw-p 00000000 00:00 0 
7f35d0021000-7f35d4000000 ---p 00000000 00:00 0 
7f35d4013000-7f35d4093000 rw-s 1e69d6000 00:06 9579                      /dev/dri/card0
7f35d4093000-7f35d4394000 rw-p 00000000 00:00 0 
7f35d4394000-7f35d43aa000 r-xp 00000000 08:01 3450819                    /home/ema/Scaricati/jdk1.8.0_92/jre/lib/amd64/libnet.so
7f35d43aa000-7f35d45aa000 ---p 00016000 08:01 3450819                    /home/ema/Scaricati/jdk1.8.0_92/jre/lib/amd64/libnet.so
7f35d45aa000-7f35d45ab000 rw-p 00016000 08:01 3450819                    /home/ema/Scaricati/jdk1.8.0_92/jre/lib/amd64/libnet.so
7f35d45ab000-7f35d45ae000 ---p 00000000 00:00 0 
7f35d45ae000-7f35d46ac000 rw-p 00000000 00:00 0 
7f35d46ac000-7f35d46af000 ---p 00000000 00:00 0 
7f35d46af000-7f35d47ad000 rw-p 00000000 00:00 0 
7f35d47ad000-7f35d47b0000 ---p 00000000 00:00 0 
7f35d47b0000-7f35d48ae000 rw-p 00000000 00:00 0 
7f35d48ae000-7f35d48b1000 ---p 00000000 00:00 0 
7f35d48b1000-7f35d49af000 rw-p 00000000 00:00 0 
7f35d49af000-7f35d49b4000 r-xp 00000000 08:01 15343513                   /usr/lib/x86_64-linux-gnu/libXfixes.so.3.1.0
7f35d49b4000-7f35d4bb3000 ---p 00005000 08:01 15343513                   /usr/lib/x86_64-linux-gnu/libXfixes.so.3.1.0
7f35d4bb3000-7f35d4bb4000 r--p 00004000 08:01 15343513                   /usr/lib/x86_64-linux-gnu/libXfixes.so.3.1.0
7f35d4bb4000-7f35d4bb5000 rw-p 00005000 08:01 15343513                   /usr/lib/x86_64-linux-gnu/libXfixes.so.3.1.0
7f35d4bb5000-7f35d4bbe000 r-xp 00000000 08:01 15343505                   /usr/lib/x86_64-linux-gnu/libXcursor.so.1.0.2
7f35d4bbe000-7f35d4dbd000 ---p 00009000 08:01 15343505                   /usr/lib/x86_64-linux-gnu/libXcursor.so.1.0.2
7f35d4dbd000-7f35d4dbe000 r--p 00008000 08:01 15343505                   /usr/lib/x86_64-linux-gnu/libXcursor.so.1.0.2
7f35d4dbe000-7f35d4dbf000 rw-p 00009000 08:01 15343505                   /usr/lib/x86_64-linux-gnu/libXcursor.so.1.0.2
7f35d4dbf000-7f35d4dc2000 ---p 00000000 00:00 0 
7f35d4dc2000-7f35d4ec0000 rw-p 00000000 00:00 0 
7f35d4ec0000-7f35d4ed6000 r-xp 00000000 08:01 27269807                   /lib/x86_64-linux-gnu/libgcc_s.so.1
7f35d4ed6000-7f35d50d5000 ---p 00016000 08:01 27269807                   /lib/x86_64-linux-gnu/libgcc_s.so.1
7f35d50d5000-7f35d50d6000 rw-p 00015000 08:01 27269807                   /lib/x86_64-linux-gnu/libgcc_s.so.1
7f35d50d6000-7f35d513b000 r-xp 00000000 08:01 3450798                    /home/ema/Scaricati/jdk1.8.0_92/jre/lib/amd64/libfontmanager.so
7f35d513b000-7f35d533a000 ---p 00065000 08:01 3450798                    /home/ema/Scaricati/jdk1.8.0_92/jre/lib/amd64/libfontmanager.so
7f35d533a000-7f35d533f000 rw-p 00064000 08:01 3450798                    /home/ema/Scaricati/jdk1.8.0_92/jre/lib/amd64/libfontmanager.so
7f35d533f000-7f35d534f000 rw-p 00000000 00:00 0 
7f35d534f000-7f35d5354000 r-xp 00000000 08:01 15343509                   /usr/lib/x86_64-linux-gnu/libXdmcp.so.6.0.0
7f35d5354000-7f35d5553000 ---p 00005000 08:01 15343509                   /usr/lib/x86_64-linux-gnu/libXdmcp.so.6.0.0
7f35d5553000-7f35d5554000 r--p 00004000 08:01 15343509                   /usr/lib/x86_64-linux-gnu/libXdmcp.so.6.0.0
7f35d5554000-7f35d5555000 rw-p 00005000 08:01 15343509                   /usr/lib/x86_64-linux-gnu/libXdmcp.so.6.0.0
7f35d5555000-7f35d5557000 r-xp 00000000 08:01 15343498                   /usr/lib/x86_64-linux-gnu/libXau.so.6.0.0
7f35d5557000-7f35d5757000 ---p 00002000 08:01 15343498                   /usr/lib/x86_64-linux-gnu/libXau.so.6.0.0
7f35d5757000-7f35d5758000 r--p 00002000 08:01 15343498                   /usr/lib/x86_64-linux-gnu/libXau.so.6.0.0
7f35d5758000-7f35d5759000 rw-p 00003000 08:01 15343498                   /usr/lib/x86_64-linux-gnu/libXau.so.6.0.0
7f35d5759000-7f35d5776000 r-xp 00000000 08:01 15344696                   /usr/lib/x86_64-linux-gnu/libxcb.so.1.1.0
7f35d5776000-7f35d5976000 ---p 0001d000 08:01 15344696                   /usr/lib/x86_64-linux-gnu/libxcb.so.1.1.0
7f35d5976000-7f35d5977000 r--p 0001d000 08:01 15344696                   /usr/lib/x86_64-linux-gnu/libxcb.so.1.1.0
7f35d5977000-7f35d5978000 rw-p 0001e000 08:01 15344696                   /usr/lib/x86_64-linux-gnu/libxcb.so.1.1.0
7f35d5978000-7f35d5987000 r-xp 00000000 08:01 15343519                   /usr/lib/x86_64-linux-gnu/libXi.so.6.1.0
7f35d5987000-7f35d5b86000 ---p 0000f000 08:01 15343519                   /usr/lib/x86_64-linux-gnu/libXi.so.6.1.0
7f35d5b86000-7f35d5b87000 r--p 0000e000 08:01 15343519                   /usr/lib/x86_64-linux-gnu/libXi.so.6.1.0
7f35d5b87000-7f35d5b88000 rw-p 0000f000 08:01 15343519                   /usr/lib/x86_64-linux-gnu/libXi.so.6.1.0
7f35d5b88000-7f35d5b8d000 r-xp 00000000 08:01 15343539                   /usr/lib/x86_64-linux-gnu/libXtst.so.6.1.0
7f35d5b8d000-7f35d5d8c000 ---p 00005000 08:01 15343539                   /usr/lib/x86_64-linux-gnu/libXtst.so.6.1.0
7f35d5d8c000-7f35d5d8d000 r--p 00004000 08:01 15343539                   /usr/lib/x86_64-linux-gnu/libXtst.so.6.1.0
7f35d5d8d000-7f35d5d8e000 rw-p 00005000 08:01 15343539                   /usr/lib/x86_64-linux-gnu/libXtst.so.6.1.0
7f35d5d8e000-7f35d5d97000 r-xp 00000000 08:01 15343533                   /usr/lib/x86_64-linux-gnu/libXrender.so.1.3.0
7f35d5d97000-7f35d5f96000 ---p 00009000 08:01 15343533                   /usr/lib/x86_64-linux-gnu/libXrender.so.1.3.0
7f35d5f96000-7f35d5f97000 r--p 00008000 08:01 15343533                   /usr/lib/x86_64-linux-gnu/libXrender.so.1.3.0
7f35d5f97000-7f35d5f98000 rw-p 00009000 08:01 15343533                   /usr/lib/x86_64-linux-gnu/libXrender.so.1.3.0
7f35d5f98000-7f35d60cb000 r-xp 00000000 08:01 15343494                   /usr/lib/x86_64-linux-gnu/libX11.so.6.3.0
7f35d60cb000-7f35d62cb000 ---p 00133000 08:01 15343494                   /usr/lib/x86_64-linux-gnu/libX11.so.6.3.0
7f35d62cb000-7f35d62cc000 r--p 00133000 08:01 15343494                   /usr/lib/x86_64-linux-gnu/libX11.so.6.3.0
7f35d62cc000-7f35d62d0000 rw-p 00134000 08:01 15343494                   /usr/lib/x86_64-linux-gnu/libX11.so.6.3.0
7f35d62d0000-7f35d62d1000 rw-p 00000000 00:00 0 
7f35d62d1000-7f35d62e2000 r-xp 00000000 08:01 15343511                   /usr/lib/x86_64-linux-gnu/libXext.so.6.4.0
7f35d62e2000-7f35d64e1000 ---p 00011000 08:01 15343511                   /usr/lib/x86_64-linux-gnu/libXext.so.6.4.0
7f35d64e1000-7f35d64e2000 r--p 00010000 08:01 15343511                   /usr/lib/x86_64-linux-gnu/libXext.so.6.4.0
7f35d64e2000-7f35d64e3000 rw-p 00011000 08:01 15343511                   /usr/lib/x86_64-linux-gnu/libXext.so.6.4.0
7f35d64e3000-7f35d6537000 r-xp 00000000 08:01 3450826                    /home/ema/Scaricati/jdk1.8.0_92/jre/lib/amd64/libawt_xawt.so
7f35d6537000-7f35d6737000 ---p 00054000 08:01 3450826                    /home/ema/Scaricati/jdk1.8.0_92/jre/lib/amd64/libawt_xawt.so
7f35d6737000-7f35d673b000 rw-p 00054000 08:01 3450826                    /home/ema/Scaricati/jdk1.8.0_92/jre/lib/amd64/libawt_xawt.so
7f35d673b000-7f35d673c000 rw-p 00000000 00:00 0 
7f35d673c000-7f35d67de000 r-xp 00000000 08:01 3450809                    /home/ema/Scaricati/jdk1.8.0_92/jre/lib/amd64/libawt.so
7f35d67de000-7f35d69de000 ---p 000a2000 08:01 3450809                    /home/ema/Scaricati/jdk1.8.0_92/jre/lib/amd64/libawt.so
7f35d69de000-7f35d69ea000 rw-p 000a2000 08:01 3450809                    /home/ema/Scaricati/jdk1.8.0_92/jre/lib/amd64/libawt.so
7f35d69ea000-7f35d6a0e000 rw-p 00000000 00:00 0 
7f35d6a0e000-7f35d6a0f000 ---p 00000000 00:00 0 
7f35d6a0f000-7f35d6b0f000 rw-p 00000000 00:00 0 
7f35d6b0f000-7f35d6b12000 ---p 00000000 00:00 0 
7f35d6b12000-7f35d6c10000 rw-p 00000000 00:00 0 
7f35d6c10000-7f35d6c13000 ---p 00000000 00:00 0 
7f35d6c13000-7f35d6d11000 rw-p 00000000 00:00 0 
7f35d6d11000-7f35d6d14000 ---p 00000000 00:00 0 
7f35d6d14000-7f35d6e12000 rw-p 00000000 00:00 0 
7f35d6e12000-7f35d6e15000 ---p 00000000 00:00 0 
7f35d6e15000-7f35d6f13000 rw-p 00000000 00:00 0 
7f35d6f13000-7f35d6f16000 ---p 00000000 00:00 0 
7f35d6f16000-7f35d7014000 rw-p 00000000 00:00 0 
7f35d7014000-7f35d7017000 ---p 00000000 00:00 0 
7f35d7017000-7f35d7115000 rw-p 00000000 00:00 0 
7f35d7115000-7f35d77f8000 r--p 00000000 08:01 15342584                   /usr/lib/locale/locale-archive
7f35d77f8000-7f35d77fb000 ---p 00000000 00:00 0 
7f35d77fb000-7f35d78f9000 rw-p 00000000 00:00 0 
7f35d78f9000-7f35d78fc000 ---p 00000000 00:00 0 
7f35d78fc000-7f35d79fa000 rw-p 00000000 00:00 0 
7f35d79fa000-7f35d79fb000 ---p 00000000 00:00 0 
7f35d79fb000-7f35d8000000 rw-p 00000000 00:00 0 
7f35d8000000-7f35d8021000 rw-p 00000000 00:00 0 
7f35d8021000-7f35dc000000 ---p 00000000 00:00 0 
7f35dc000000-7f35dc021000 rw-p 00000000 00:00 0 
7f35dc021000-7f35e0000000 ---p 00000000 00:00 0 
7f35e0000000-7f35e0021000 rw-p 00000000 00:00 0 
7f35e0021000-7f35e4000000 ---p 00000000 00:00 0 
7f35e4000000-7f35e4021000 rw-p 00000000 00:00 0 
7f35e4021000-7f35e8000000 ---p 00000000 00:00 0 
7f35e8000000-7f35e8021000 rw-p 00000000 00:00 0 
7f35e8021000-7f35ec000000 ---p 00000000 00:00 0 
7f35ec000000-7f35ec021000 rw-p 00000000 00:00 0 
7f35ec021000-7f35f0000000 ---p 00000000 00:00 0 
7f35f0076000-7f35f0080000 r--s 00116000 08:01 3450653                    /home/ema/Scaricati/jdk1.8.0_92/jre/lib/ext/localedata.jar
7f35f0080000-7f35f0083000 ---p 00000000 00:00 0 
7f35f0083000-7f35f00b9000 rw-p 00000000 00:00 0 
7f35f00b9000-7f35f00dc000 r--s 002ec000 08:01 3540429                    /home/ema/Dropbox/ACCADEMIC/Programmi/Java/ucsdunfoldingmaps/lib/jogl-all.jar
7f35f00dc000-7f35f4000000 rw-p 00000000 00:00 0 
7f35f4000000-7f35f4021000 rw-p 00000000 00:00 0 
7f35f4021000-7f35f8000000 ---p 00000000 00:00 0 
7f35f8000000-7f35f8627000 rw-p 00000000 00:00 0 
7f35f8627000-7f35f8800000 r--s 03d24000 08:01 3450543                    /home/ema/Scaricati/jdk1.8.0_92/jre/lib/rt.jar
7f35f8800000-7f35f9000000 rw-p 00000000 00:00 0 
7f35f9000000-7f35f9470000 rwxp 00000000 00:00 0 
7f35f9470000-7f3608000000 ---p 00000000 00:00 0 
7f3608000000-7f36082d3000 rw-p 00000000 00:00 0 
7f36082d3000-7f360c000000 ---p 00000000 00:00 0 
7f360c001000-7f360c01d000 r--s 00393000 08:01 3450599                    /home/ema/Scaricati/jdk1.8.0_92/jre/lib/ext/cldrdata.jar
7f360c01d000-7f360c42e000 rw-p 00000000 00:00 0 
7f360c42e000-7f360c42f000 ---p 00000000 00:00 0 
7f360c42f000-7f360c52f000 rw-p 00000000 00:00 0 
7f360c52f000-7f360c530000 ---p 00000000 00:00 0 
7f360c530000-7f360c630000 rw-p 00000000 00:00 0 
7f360c630000-7f360c631000 ---p 00000000 00:00 0 
7f360c631000-7f360c731000 rw-p 00000000 00:00 0 
7f360c731000-7f360c732000 ---p 00000000 00:00 0 
7f360c732000-7f360c832000 rw-p 00000000 00:00 0 
7f360c832000-7f360c833000 ---p 00000000 00:00 0 
7f360c833000-7f360c933000 rw-p 00000000 00:00 0 
7f360c933000-7f360c934000 ---p 00000000 00:00 0 
7f360c934000-7f360ca34000 rw-p 00000000 00:00 0 
7f360ca34000-7f360ca35000 ---p 00000000 00:00 0 
7f360ca35000-7f360cb35000 rw-p 00000000 00:00 0 
7f360cb35000-7f360cb36000 ---p 00000000 00:00 0 
7f360cb36000-7f360cc56000 rw-p 00000000 00:00 0 
7f360cc56000-7f360ce27000 ---p 00000000 00:00 0 
7f360ce27000-7f360ce47000 rw-p 00000000 00:00 0 
7f360ce47000-7f360d017000 ---p 00000000 00:00 0 
7f360d017000-7f360d034000 rw-p 00000000 00:00 0 
7f360d034000-7f360d110000 ---p 00000000 00:00 0 
7f360d110000-7f360d123000 rw-p 00000000 00:00 0 
7f360d123000-7f360d4d1000 ---p 00000000 00:00 0 
7f360d4d1000-7f360d4eb000 r-xp 00000000 08:01 3450813                    /home/ema/Scaricati/jdk1.8.0_92/jre/lib/amd64/libzip.so
7f360d4eb000-7f360d6eb000 ---p 0001a000 08:01 3450813                    /home/ema/Scaricati/jdk1.8.0_92/jre/lib/amd64/libzip.so
7f360d6eb000-7f360d6ec000 rw-p 0001a000 08:01 3450813                    /home/ema/Scaricati/jdk1.8.0_92/jre/lib/amd64/libzip.so
7f360d6ec000-7f360d6f8000 r-xp 00000000 08:01 27267297                   /lib/x86_64-linux-gnu/libnss_files-2.21.so
7f360d6f8000-7f360d8f7000 ---p 0000c000 08:01 27267297                   /lib/x86_64-linux-gnu/libnss_files-2.21.so
7f360d8f7000-7f360d8f8000 r--p 0000b000 08:01 27267297                   /lib/x86_64-linux-gnu/libnss_files-2.21.so
7f360d8f8000-7f360d8f9000 rw-p 0000c000 08:01 27267297                   /lib/x86_64-linux-gnu/libnss_files-2.21.so
7f360d8f9000-7f360d904000 r-xp 00000000 08:01 27267307                   /lib/x86_64-linux-gnu/libnss_nis-2.21.so
7f360d904000-7f360db03000 ---p 0000b000 08:01 27267307                   /lib/x86_64-linux-gnu/libnss_nis-2.21.so
7f360db03000-7f360db04000 r--p 0000a000 08:01 27267307                   /lib/x86_64-linux-gnu/libnss_nis-2.21.so
7f360db04000-7f360db05000 rw-p 0000b000 08:01 27267307                   /lib/x86_64-linux-gnu/libnss_nis-2.21.so
7f360db05000-7f360db1c000 r-xp 00000000 08:01 27267291                   /lib/x86_64-linux-gnu/libnsl-2.21.so
7f360db1c000-7f360dd1b000 ---p 00017000 08:01 27267291                   /lib/x86_64-linux-gnu/libnsl-2.21.so
7f360dd1b000-7f360dd1c000 r--p 00016000 08:01 27267291                   /lib/x86_64-linux-gnu/libnsl-2.21.so
7f360dd1c000-7f360dd1d000 rw-p 00017000 08:01 27267291                   /lib/x86_64-linux-gnu/libnsl-2.21.so
7f360dd1d000-7f360dd1f000 rw-p 00000000 00:00 0 
7f360dd1f000-7f360dd27000 r-xp 00000000 08:01 27267293                   /lib/x86_64-linux-gnu/libnss_compat-2.21.so
7f360dd27000-7f360df26000 ---p 00008000 08:01 27267293                   /lib/x86_64-linux-gnu/libnss_compat-2.21.so
7f360df26000-7f360df27000 r--p 00007000 08:01 27267293                   /lib/x86_64-linux-gnu/libnss_compat-2.21.so
7f360df27000-7f360df28000 rw-p 00008000 08:01 27267293                   /lib/x86_64-linux-gnu/libnss_compat-2.21.so
7f360df28000-7f360df52000 r-xp 00000000 08:01 3450807                    /home/ema/Scaricati/jdk1.8.0_92/jre/lib/amd64/libjava.so
7f360df52000-7f360e152000 ---p 0002a000 08:01 3450807                    /home/ema/Scaricati/jdk1.8.0_92/jre/lib/amd64/libjava.so
7f360e152000-7f360e154000 rw-p 0002a000 08:01 3450807                    /home/ema/Scaricati/jdk1.8.0_92/jre/lib/amd64/libjava.so
7f360e154000-7f360e161000 r-xp 00000000 08:01 3450812                    /home/ema/Scaricati/jdk1.8.0_92/jre/lib/amd64/libverify.so
7f360e161000-7f360e361000 ---p 0000d000 08:01 3450812                    /home/ema/Scaricati/jdk1.8.0_92/jre/lib/amd64/libverify.so
7f360e361000-7f360e363000 rw-p 0000d000 08:01 3450812                    /home/ema/Scaricati/jdk1.8.0_92/jre/lib/amd64/libverify.so
7f360e363000-7f360e36a000 r-xp 00000000 08:01 27267352                   /lib/x86_64-linux-gnu/librt-2.21.so
7f360e36a000-7f360e569000 ---p 00007000 08:01 27267352                   /lib/x86_64-linux-gnu/librt-2.21.so
7f360e569000-7f360e56a000 r--p 00006000 08:01 27267352                   /lib/x86_64-linux-gnu/librt-2.21.so
7f360e56a000-7f360e56b000 rw-p 00007000 08:01 27267352                   /lib/x86_64-linux-gnu/librt-2.21.so
7f360e56b000-7f360e672000 r-xp 00000000 08:01 27267270                   /lib/x86_64-linux-gnu/libm-2.21.so
7f360e672000-7f360e871000 ---p 00107000 08:01 27267270                   /lib/x86_64-linux-gnu/libm-2.21.so
7f360e871000-7f360e872000 r--p 00106000 08:01 27267270                   /lib/x86_64-linux-gnu/libm-2.21.so
7f360e872000-7f360e873000 rw-p 00107000 08:01 27267270                   /lib/x86_64-linux-gnu/libm-2.21.so
7f360e873000-7f360f536000 r-xp 00000000 08:01 3450788                    /home/ema/Scaricati/jdk1.8.0_92/jre/lib/amd64/server/libjvm.so
7f360f536000-7f360f735000 ---p 00cc3000 08:01 3450788                    /home/ema/Scaricati/jdk1.8.0_92/jre/lib/amd64/server/libjvm.so
7f360f735000-7f360f80e000 rw-p 00cc2000 08:01 3450788                    /home/ema/Scaricati/jdk1.8.0_92/jre/lib/amd64/server/libjvm.so
7f360f80e000-7f360f859000 rw-p 00000000 00:00 0 
7f360f859000-7f360fa19000 r-xp 00000000 08:01 27267211                   /lib/x86_64-linux-gnu/libc-2.21.so
7f360fa19000-7f360fc19000 ---p 001c0000 08:01 27267211                   /lib/x86_64-linux-gnu/libc-2.21.so
7f360fc19000-7f360fc1d000 r--p 001c0000 08:01 27267211                   /lib/x86_64-linux-gnu/libc-2.21.so
7f360fc1d000-7f360fc1f000 rw-p 001c4000 08:01 27267211                   /lib/x86_64-linux-gnu/libc-2.21.so
7f360fc1f000-7f360fc23000 rw-p 00000000 00:00 0 
7f360fc23000-7f360fc26000 r-xp 00000000 08:01 27267228                   /lib/x86_64-linux-gnu/libdl-2.21.so
7f360fc26000-7f360fe25000 ---p 00003000 08:01 27267228                   /lib/x86_64-linux-gnu/libdl-2.21.so
7f360fe25000-7f360fe26000 r--p 00002000 08:01 27267228                   /lib/x86_64-linux-gnu/libdl-2.21.so
7f360fe26000-7f360fe27000 rw-p 00003000 08:01 27267228                   /lib/x86_64-linux-gnu/libdl-2.21.so
7f360fe27000-7f360fe3c000 r-xp 00000000 08:01 3450782                    /home/ema/Scaricati/jdk1.8.0_92/jre/lib/amd64/jli/libjli.so
7f360fe3c000-7f361003c000 ---p 00015000 08:01 3450782                    /home/ema/Scaricati/jdk1.8.0_92/jre/lib/amd64/jli/libjli.so
7f361003c000-7f361003d000 rw-p 00015000 08:01 3450782                    /home/ema/Scaricati/jdk1.8.0_92/jre/lib/amd64/jli/libjli.so
7f361003d000-7f3610055000 r-xp 00000000 08:01 27267344                   /lib/x86_64-linux-gnu/libpthread-2.21.so
7f3610055000-7f3610255000 ---p 00018000 08:01 27267344                   /lib/x86_64-linux-gnu/libpthread-2.21.so
7f3610255000-7f3610256000 r--p 00018000 08:01 27267344                   /lib/x86_64-linux-gnu/libpthread-2.21.so
7f3610256000-7f3610257000 rw-p 00019000 08:01 27267344                   /lib/x86_64-linux-gnu/libpthread-2.21.so
7f3610257000-7f361025b000 rw-p 00000000 00:00 0 
7f361025b000-7f361027f000 r-xp 00000000 08:01 27267183                   /lib/x86_64-linux-gnu/ld-2.21.so
7f3610282000-7f3610283000 rw-p 00000000 00:00 0 
7f3610283000-7f3610284000 rwxp 00000000 00:00 0 
7f3610284000-7f3610285000 rw-s 1e6bd6000 00:06 9579                      /dev/dri/card0
7f3610285000-7f3610287000 r--s 00000000 08:01 3540406                    /home/ema/Dropbox/ACCADEMIC/Programmi/Java/ucsdunfoldingmaps/lib/gluegen-rt-natives-linux-amd64.jar
7f3610287000-7f361028b000 r--s 00097000 08:01 3450594                    /home/ema/Scaricati/jdk1.8.0_92/jre/lib/jsse.jar
7f361028b000-7f3610291000 r--s 00033000 08:01 3540448                    /home/ema/Dropbox/ACCADEMIC/Programmi/Java/ucsdunfoldingmaps/lib/unfolding.0.9.7-uscd.jar
7f3610291000-7f3610353000 rw-p 00000000 00:00 0 
7f3610353000-7f3610356000 ---p 00000000 00:00 0 
7f3610356000-7f3610458000 rw-p 00000000 00:00 0 
7f3610458000-7f3610459000 r--s 0002f000 08:01 3540414                    /home/ema/Dropbox/ACCADEMIC/Programmi/Java/ucsdunfoldingmaps/lib/jogl-all-natives-linux-amd64.jar
7f3610459000-7f361045a000 r--p 00000000 00:00 0 
7f361045a000-7f361045b000 r--s 00005000 08:01 3540435                    /home/ema/Dropbox/ACCADEMIC/Programmi/Java/ucsdunfoldingmaps/lib/libTUIO.jar
7f361045b000-7f361045c000 r--s 00007000 08:01 3540430                    /home/ema/Dropbox/ACCADEMIC/Programmi/Java/ucsdunfoldingmaps/lib/json4processing.jar
7f361045c000-7f3610461000 r--s 00309000 08:01 3540440                    /home/ema/Dropbox/ACCADEMIC/Programmi/Java/ucsdunfoldingmaps/lib/sqlite-jdbc-3.7.2.jar
7f3610461000-7f3610468000 r--s 00059000 08:01 3540436                    /home/ema/Dropbox/ACCADEMIC/Programmi/Java/ucsdunfoldingmaps/lib/log4j-1.2.15.jar
7f3610468000-7f361046e000 r--s 00041000 08:01 3540413                    /home/ema/Dropbox/ACCADEMIC/Programmi/Java/ucsdunfoldingmaps/lib/gluegen-rt.jar
7f361046e000-7f3610472000 r--s 0009a000 08:01 3540405                    /home/ema/Dropbox/ACCADEMIC/Programmi/Java/ucsdunfoldingmaps/lib/core.jar
7f3610472000-7f361047a000 rw-s 00000000 08:01 28312146                   /tmp/hsperfdata_ema/18858
7f361047a000-7f361047b000 rw-p 00000000 00:00 0 
7f361047b000-7f361047c000 r--p 00000000 00:00 0 
7f361047c000-7f361047e000 rw-p 00000000 00:00 0 
7f361047e000-7f361047f000 r--p 00023000 08:01 27267183                   /lib/x86_64-linux-gnu/ld-2.21.so
7f361047f000-7f3610480000 rw-p 00024000 08:01 27267183                   /lib/x86_64-linux-gnu/ld-2.21.so
7f3610480000-7f3610481000 rw-p 00000000 00:00 0 
7fff89aa0000-7fff89ac1000 rw-p 00000000 00:00 0                          [stack]
7fff89b3f000-7fff89b41000 r--p 00000000 00:00 0                          [vvar]
7fff89b41000-7fff89b43000 r-xp 00000000 00:00 0                          [vdso]
ffffffffff600000-ffffffffff601000 r-xp 00000000 00:00 0                  [vsyscall]

VM Arguments:
jvm_args: -Djava.security.policy=java.policy.applet -Dfile.encoding=UTF-8 
java_command: sun.applet.AppletViewer module3.EarthquakeCityMap1475765168011.html
java_class_path (initial): /home/ema/Dropbox/ACCADEMIC/Programmi/Java/ucsdunfoldingmaps/build:/home/ema/Dropbox/ACCADEMIC/Programmi/Java/ucsdunfoldingmaps/lib/core.jar:/home/ema/Dropbox/ACCADEMIC/Programmi/Java/ucsdunfoldingmaps/lib/gluegen-rt.jar:/home/ema/Dropbox/ACCADEMIC/Programmi/Java/ucsdunfoldingmaps/lib/jogl-all.jar:/home/ema/Dropbox/ACCADEMIC/Programmi/Java/ucsdunfoldingmaps/lib/log4j-1.2.15.jar:/home/ema/Dropbox/ACCADEMIC/Programmi/Java/ucsdunfoldingmaps/lib/sqlite-jdbc-3.7.2.jar:/home/ema/Dropbox/ACCADEMIC/Programmi/Java/ucsdunfoldingmaps/lib/json4processing.jar:/home/ema/Dropbox/ACCADEMIC/Programmi/Java/ucsdunfoldingmaps/lib/libTUIO.jar:/home/ema/Dropbox/ACCADEMIC/Programmi/Java/ucsdunfoldingmaps/lib/unfolding.0.9.7-uscd.jar
Launcher Type: SUN_STANDARD

Environment Variables:
PATH=/usr/local/sbin:/usr/local/bin:/usr/sbin:/usr/bin:/sbin:/bin:/usr/games:/usr/local/games
SHELL=/bin/bash
DISPLAY=:0

Signal Handlers:
SIGSEGV: [libjvm.so+0xabdee0], sa_mask[0]=11111111011111111101111111111110, sa_flags=SA_RESTART|SA_SIGINFO
SIGBUS: [libjvm.so+0xabdee0], sa_mask[0]=11111111011111111101111111111110, sa_flags=SA_RESTART|SA_SIGINFO
SIGFPE: [libjvm.so+0x91a580], sa_mask[0]=11111111011111111101111111111110, sa_flags=SA_RESTART|SA_SIGINFO
SIGPIPE: [libjvm.so+0x91a580], sa_mask[0]=11111111011111111101111111111110, sa_flags=SA_RESTART|SA_SIGINFO
SIGXFSZ: [libjvm.so+0x91a580], sa_mask[0]=11111111011111111101111111111110, sa_flags=SA_RESTART|SA_SIGINFO
SIGILL: [libjvm.so+0x91a580], sa_mask[0]=11111111011111111101111111111110, sa_flags=SA_RESTART|SA_SIGINFO
SIGUSR1: SIG_DFL, sa_mask[0]=00000000000000000000000000000000, sa_flags=none
SIGUSR2: [libjvm.so+0x91bbb0], sa_mask[0]=00100000000000000000000000000000, sa_flags=SA_RESTART|SA_SIGINFO
SIGHUP: [libjvm.so+0x91cfb0], sa_mask[0]=11111111011111111101111111111110, sa_flags=SA_RESTART|SA_SIGINFO
SIGINT: [libjvm.so+0x91cfb0], sa_mask[0]=11111111011111111101111111111110, sa_flags=SA_RESTART|SA_SIGINFO
SIGTERM: [libjvm.so+0x91cfb0], sa_mask[0]=11111111011111111101111111111110, sa_flags=SA_RESTART|SA_SIGINFO
SIGQUIT: [libjvm.so+0x91cfb0], sa_mask[0]=11111111011111111101111111111110, sa_flags=SA_RESTART|SA_SIGINFO


---------------  S Y S T E M  ---------------

OS:DISTRIB_ID=Ubuntu
DISTRIB_RELEASE=15.04
DISTRIB_CODENAME=vivid
DISTRIB_DESCRIPTION="Ubuntu 15.04"

uname:Linux 3.19.0-69-generic #77-Ubuntu SMP Mon Aug 29 19:53:54 UTC 2016 x86_64
libc:glibc 2.21 NPTL 2.21 
rlimit: STACK 8192k, CORE 0k, NPROC 23746, NOFILE 65536, AS infinity
load average:0,35 0,27 0,26

/proc/meminfo:
MemTotal:        6101264 kB
MemFree:         1472324 kB
MemAvailable:    2961628 kB
Buffers:          699756 kB
Cached:           966400 kB
SwapCached:            0 kB
Active:          3885756 kB
Inactive:         483668 kB
Active(anon):    2707280 kB
Inactive(anon):    41280 kB
Active(file):    1178476 kB
Inactive(file):   442388 kB
Unevictable:          60 kB
Mlocked:              60 kB
SwapTotal:             0 kB
SwapFree:              0 kB
Dirty:              1664 kB
Writeback:             0 kB
AnonPages:       2703456 kB
Mapped:           433120 kB
Shmem:             45296 kB
Slab:             123508 kB
SReclaimable:      74764 kB
SUnreclaim:        48744 kB
KernelStack:       11936 kB
PageTables:        37948 kB
NFS_Unstable:          0 kB
Bounce:                0 kB
WritebackTmp:          0 kB
CommitLimit:     3050632 kB
Committed_AS:    7208708 kB
VmallocTotal:   34359738367 kB
VmallocUsed:      315980 kB
VmallocChunk:   34359319508 kB
HardwareCorrupted:     0 kB
AnonHugePages:   1163264 kB
CmaTotal:              0 kB
CmaFree:               0 kB
HugePages_Total:       0
HugePages_Free:        0
HugePages_Rsvd:        0
HugePages_Surp:        0
Hugepagesize:       2048 kB
DirectMap4k:      171520 kB
DirectMap2M:     6111232 kB


CPU:total 8 (4 cores per cpu, 2 threads per core) family 6 model 26 stepping 5, cmov, cx8, fxsr, mmx, sse, sse2, sse3, ssse3, sse4.1, sse4.2, popcnt, ht, tsc, tscinvbit, tscinv

/proc/cpuinfo:
processor	: 0
vendor_id	: GenuineIntel
cpu family	: 6
model		: 26
model name	: Intel(R) Core(TM) i7 CPU         920  @ 2.67GHz
stepping	: 5
microcode	: 0xf
cpu MHz		: 1600.000
cache size	: 8192 KB
physical id	: 0
siblings	: 8
core id		: 0
cpu cores	: 4
apicid		: 0
initial apicid	: 0
fpu		: yes
fpu_exception	: yes
cpuid level	: 11
wp		: yes
flags		: fpu vme de pse tsc msr pae mce cx8 apic sep mtrr pge mca cmov pat pse36 clflush dts acpi mmx fxsr sse sse2 ss ht tm pbe syscall nx rdtscp lm constant_tsc arch_perfmon pebs bts rep_good nopl xtopology nonstop_tsc aperfmperf pni dtes64 monitor ds_cpl vmx est tm2 ssse3 cx16 xtpr pdcm sse4_1 sse4_2 popcnt lahf_lm ida dtherm tpr_shadow vnmi flexpriority ept vpid
bugs		:
bogomips	: 5344.97
clflush size	: 64
cache_alignment	: 64
address sizes	: 36 bits physical, 48 bits virtual
power management:

processor	: 1
vendor_id	: GenuineIntel
cpu family	: 6
model		: 26
model name	: Intel(R) Core(TM) i7 CPU         920  @ 2.67GHz
stepping	: 5
microcode	: 0xf
cpu MHz		: 1733.000
cache size	: 8192 KB
physical id	: 0
siblings	: 8
core id		: 1
cpu cores	: 4
apicid		: 2
initial apicid	: 2
fpu		: yes
fpu_exception	: yes
cpuid level	: 11
wp		: yes
flags		: fpu vme de pse tsc msr pae mce cx8 apic sep mtrr pge mca cmov pat pse36 clflush dts acpi mmx fxsr sse sse2 ss ht tm pbe syscall nx rdtscp lm constant_tsc arch_perfmon pebs bts rep_good nopl xtopology nonstop_tsc aperfmperf pni dtes64 monitor ds_cpl vmx est tm2 ssse3 cx16 xtpr pdcm sse4_1 sse4_2 popcnt lahf_lm ida dtherm tpr_shadow vnmi flexpriority ept vpid
bugs		:
bogomips	: 5344.97
clflush size	: 64
cache_alignment	: 64
address sizes	: 36 bits physical, 48 bits virtual
power management:

processor	: 2
vendor_id	: GenuineIntel
cpu family	: 6
model		: 26
model name	: Intel(R) Core(TM) i7 CPU         920  @ 2.67GHz
stepping	: 5
microcode	: 0xf
cpu MHz		: 1600.000
cache size	: 8192 KB
physical id	: 0
siblings	: 8
core id		: 2
cpu cores	: 4
apicid		: 4
initial apicid	: 4
fpu		: yes
fpu_exception	: yes
cpuid level	: 11
wp		: yes
flags		: fpu vme de pse tsc msr pae mce cx8 apic sep mtrr pge mca cmov pat pse36 clflush dts acpi mmx fxsr sse sse2 ss ht tm pbe syscall nx rdtscp lm constant_tsc arch_perfmon pebs bts rep_good nopl xtopology nonstop_tsc aperfmperf pni dtes64 monitor ds_cpl vmx est tm2 ssse3 cx16 xtpr pdcm sse4_1 sse4_2 popcnt lahf_lm ida dtherm tpr_shadow vnmi flexpriority ept vpid
bugs		:
bogomips	: 5344.97
clflush size	: 64
cache_alignment	: 64
address sizes	: 36 bits physical, 48 bits virtual
power management:

processor	: 3
vendor_id	: GenuineIntel
cpu family	: 6
model		: 26
model name	: Intel(R) Core(TM) i7 CPU         920  @ 2.67GHz
stepping	: 5
microcode	: 0xf
cpu MHz		: 2133.000
cache size	: 8192 KB
physical id	: 0
siblings	: 8
core id		: 3
cpu cores	: 4
apicid		: 6
initial apicid	: 6
fpu		: yes
fpu_exception	: yes
cpuid level	: 11
wp		: yes
flags		: fpu vme de pse tsc msr pae mce cx8 apic sep mtrr pge mca cmov pat pse36 clflush dts acpi mmx fxsr sse sse2 ss ht tm pbe syscall nx rdtscp lm constant_tsc arch_perfmon pebs bts rep_good nopl xtopology nonstop_tsc aperfmperf pni dtes64 monitor ds_cpl vmx est tm2 ssse3 cx16 xtpr pdcm sse4_1 sse4_2 popcnt lahf_lm ida dtherm tpr_shadow vnmi flexpriority ept vpid
bugs		:
bogomips	: 5344.97
clflush size	: 64
cache_alignment	: 64
address sizes	: 36 bits physical, 48 bits virtual
power management:

processor	: 4
vendor_id	: GenuineIntel
cpu family	: 6
model		: 26
model name	: Intel(R) Core(TM) i7 CPU         920  @ 2.67GHz
stepping	: 5
microcode	: 0xf
cpu MHz		: 2668.000
cache size	: 8192 KB
physical id	: 0
siblings	: 8
core id		: 0
cpu cores	: 4
apicid		: 1
initial apicid	: 1
fpu		: yes
fpu_exception	: yes
cpuid level	: 11
wp		: yes
flags		: fpu vme de pse tsc msr pae mce cx8 apic sep mtrr pge mca cmov pat pse36 clflush dts acpi mmx fxsr sse sse2 ss ht tm pbe syscall nx rdtscp lm constant_tsc arch_perfmon pebs bts rep_good nopl xtopology nonstop_tsc aperfmperf pni dtes64 monitor ds_cpl vmx est tm2 ssse3 cx16 xtpr pdcm sse4_1 sse4_2 popcnt lahf_lm ida dtherm tpr_shadow vnmi flexpriority ept vpid
bugs		:
bogomips	: 5344.97
clflush size	: 64
cache_alignment	: 64
address sizes	: 36 bits physical, 48 bits virtual
power management:

processor	: 5
vendor_id	: GenuineIntel
cpu family	: 6
model		: 26
model name	: Intel(R) Core(TM) i7 CPU         920  @ 2.67GHz
stepping	: 5
microcode	: 0xf
cpu MHz		: 2533.000
cache size	: 8192 KB
physical id	: 0
siblings	: 8
core id		: 1
cpu cores	: 4
apicid		: 3
initial apicid	: 3
fpu		: yes
fpu_exception	: yes
cpuid level	: 11
wp		: yes
flags		: fpu vme de pse tsc msr pae mce cx8 apic sep mtrr pge mca cmov pat pse36 clflush dts acpi mmx fxsr sse sse2 ss ht tm pbe syscall nx rdtscp lm constant_tsc arch_perfmon pebs bts rep_good nopl xtopology nonstop_tsc aperfmperf pni dtes64 monitor ds_cpl vmx est tm2 ssse3 cx16 xtpr pdcm sse4_1 sse4_2 popcnt lahf_lm ida dtherm tpr_shadow vnmi flexpriority ept vpid
bugs		:
bogomips	: 5344.97
clflush size	: 64
cache_alignment	: 64
address sizes	: 36 bits physical, 48 bits virtual
power management:

processor	: 6
vendor_id	: GenuineIntel
cpu family	: 6
model		: 26
model name	: Intel(R) Core(TM) i7 CPU         920  @ 2.67GHz
stepping	: 5
microcode	: 0xf
cpu MHz		: 1600.000
cache size	: 8192 KB
physical id	: 0
siblings	: 8
core id		: 2
cpu cores	: 4
apicid		: 5
initial apicid	: 5
fpu		: yes
fpu_exception	: yes
cpuid level	: 11
wp		: yes
flags		: fpu vme de pse tsc msr pae mce cx8 apic sep mtrr pge mca cmov pat pse36 clflush dts acpi mmx fxsr sse sse2 ss ht tm pbe syscall nx rdtscp lm constant_tsc arch_perfmon pebs bts rep_good nopl xtopology nonstop_tsc aperfmperf pni dtes64 monitor ds_cpl vmx est tm2 ssse3 cx16 xtpr pdcm sse4_1 sse4_2 popcnt lahf_lm ida dtherm tpr_shadow vnmi flexpriority ept vpid
bugs		:
bogomips	: 5344.97
clflush size	: 64
cache_alignment	: 64
address sizes	: 36 bits physical, 48 bits virtual
power management:

processor	: 7
vendor_id	: GenuineIntel
cpu family	: 6
model		: 26
model name	: Intel(R) Core(TM) i7 CPU         920  @ 2.67GHz
stepping	: 5
microcode	: 0xf
cpu MHz		: 1600.000
cache size	: 8192 KB
physical id	: 0
siblings	: 8
core id		: 3
cpu cores	: 4
apicid		: 7
initial apicid	: 7
fpu		: yes
fpu_exception	: yes
cpuid level	: 11
wp		: yes
flags		: fpu vme de pse tsc msr pae mce cx8 apic sep mtrr pge mca cmov pat pse36 clflush dts acpi mmx fxsr sse sse2 ss ht tm pbe syscall nx rdtscp lm constant_tsc arch_perfmon pebs bts rep_good nopl xtopology nonstop_tsc aperfmperf pni dtes64 monitor ds_cpl vmx est tm2 ssse3 cx16 xtpr pdcm sse4_1 sse4_2 popcnt lahf_lm ida dtherm tpr_shadow vnmi flexpriority ept vpid
bugs		:
bogomips	: 5344.97
clflush size	: 64
cache_alignment	: 64
address sizes	: 36 bits physical, 48 bits virtual
power management:



Memory: 4k page, physical 6101264k(1472324k free), swap 0k(0k free)

vm_info: Java HotSpot(TM) 64-Bit Server VM (25.92-b14) for linux-amd64 JRE (1.8.0_92-b14), built on Mar 31 2016 21:08:29 by "java_re" with gcc 4.3.0 20080428 (Red Hat 4.3.0-8)

time: Thu Oct  6 16:46:14 2016
elapsed time: 6 seconds (0d 0h 0m 6s)

