#
# A fatal error has been detected by the Java Runtime Environment:
#
#  SIGSEGV (0xb) at pc=0x00007f42176e4987, pid=19145, tid=0x00007f4274def700
#
# JRE version: Java(TM) SE Runtime Environment (8.0_92-b14) (build 1.8.0_92-b14)
# Java VM: Java HotSpot(TM) 64-Bit Server VM (25.92-b14 mixed mode linux-amd64 compressed oops)
# Problematic frame:
# C  [nouveau_dri.so+0x29e987]
#
# Failed to write core dump. Core dumps have been disabled. To enable core dumping, try "ulimit -c unlimited" before starting Java again
#
# If you would like to submit a bug report, please visit:
#   http://bugreport.java.com/bugreport/crash.jsp
# The crash happened outside the Java Virtual Machine in native code.
# See problematic frame for where to report the bug.
#

---------------  T H R E A D  ---------------

Current thread (0x00007f4228008800):  JavaThread "AWT-EventQueue-1" [_thread_in_native, id=19176, stack(0x00007f4274cef000,0x00007f4274df0000)]

siginfo: si_signo: 11 (SIGSEGV), si_code: 1 (SEGV_MAPERR), si_addr: 0x000000000000c030

Registers:
RAX=0x0000000000000000, RBX=0x00007f42240b80c0, RCX=0x0000000000000000, RDX=0x0000000000000001
RSP=0x00007f4274ded690, RBP=0x000000000000c000, RSI=0x00007f42240b8970, RDI=0x0000000100000000
R8 =0x0000000000000000, R9 =0x00007f426f5a1c60, R10=0x00007f428d834907, R11=0x00000000a3da57d0
R12=0x0000000000000001, R13=0x00007f4218149c80, R14=0x0000000000000000, R15=0x0000000000000001
RIP=0x00007f42176e4987, EFLAGS=0x0000000000010202, CSGSFS=0x0000000000000033, ERR=0x0000000000000004
  TRAPNO=0x000000000000000e

Top of Stack: (sp=0x00007f4274ded690)
0x00007f4274ded690:   00000000a49c1bb0 00007f420000000e
0x00007f4274ded6a0:   00007f4274ded530 605cea2884300b00
0x00007f4274ded6b0:   00007f4274ded820 00007f42240b7f90
0x00007f4274ded6c0:   0000000000000000 00007f421814a130
0x00007f4274ded6d0:   00007f4218149c80 00007f421814a2e0
0x00007f4274ded6e0:   0000000000000000 00007f426f5a1d02
0x00007f4274ded6f0:   00007f4274ded720 00007f4200000000
0x00007f4274ded700:   0000000000000000 0000000000000000
0x00007f4274ded710:   0000000003e0004d 00007f426f573bf1
0x00007f4274ded720:   00007f42240b7f90 605cea2884300b00
0x00007f4274ded730:   0000000003e0004d 00007f426f573c20
0x00007f4274ded740:   00007f4274ded7b0 0000000000000000
0x00007f4274ded750:   00000000a3da57d0 00007f4274ded7f0
0x00007f4274ded760:   00007f4228008800 00007f426dcae849
0x00007f4274ded770:   0000001800000000 00007f426f573c20
0x00007f4274ded780:   0000000003e0004d 00007f421814d3d0
0x00007f4274ded790:   00007f4274ded7f0 00007f42280089f8
0x00007f4274ded7a0:   0000000000000000 00007f426f573c20
0x00007f4274ded7b0:   00007f4274ded800 00007f428d83497d
0x00007f4274ded7c0:   000000000162a07f 00007f42280089f8
0x00007f4274ded7d0:   00007f4274ded878 00000000a3da57d0
0x00007f4274ded7e0:   00007f4274ded810 00007f42a414f112
0x00007f4274ded7f0:   00000000a3e461f0 00000000a3da57d0
0x00007f4274ded800:   00007f4274deda50 00007f428d847c94
0x00007f4274ded810:   00007f4274ded860 00007f42740e8e40
0x00007f4274ded820:   00007f4274ded860 00007f4274ded878
0x00007f4274ded830:   00007f4274ded870 00007f42280089f8
0x00007f4274ded840:   00007f4274ded870 00007f422481e760
0x00007f4274ded850:   00007f422481e760 00000000a3da57d0
0x00007f4274ded860:   00007f4274ded8b0 00007f428d83397c
0x00007f4274ded870:   00000000e1be8248 00000000e1be8208
0x00007f4274ded880:   00000000a3da5840 0000000000000000 

Instructions: (pc=0x00007f42176e4987)
0x00007f42176e4967:   00 41 f6 c4 01 c6 44 24 0f 00 0f 84 c9 00 00 00
0x00007f42176e4977:   48 8b b3 30 01 00 00 48 85 f6 0f 84 b9 00 00 00
0x00007f42176e4987:   48 8b 55 30 45 85 f6 4c 8b 6a 18 0f 85 40 02 00
0x00007f42176e4997:   00 83 7b 38 01 0f 8e 36 02 00 00 48 8b 93 68 01 

Register to memory mapping:

RAX=0x0000000000000000 is an unknown value
RBX=0x00007f42240b80c0 is an unknown value
RCX=0x0000000000000000 is an unknown value
RDX=0x0000000000000001 is an unknown value
RSP=0x00007f4274ded690 is pointing into the stack for thread: 0x00007f4228008800
RBP=0x000000000000c000 is an unknown value
RSI=0x00007f42240b8970 is an unknown value
RDI=0x0000000100000000 is pointing into metadata
R8 =0x0000000000000000 is an unknown value
R9 =0x00007f426f5a1c60: <offset 0x4ac60> in /usr/lib/x86_64-linux-gnu/mesa/libGL.so.1 at 0x00007f426f557000
R10=0x00007f428d834907 is at entry_point+71 in (nmethod*)0x00007f428d834750
R11=0x00000000a3da57d0 is an oop
jogamp.nativewindow.jawt.x11.X11JAWTWindow 
 - klass: 'jogamp/nativewindow/jawt/x11/X11JAWTWindow'
R12=0x0000000000000001 is an unknown value
R13=0x00007f4218149c80 is an unknown value
R14=0x0000000000000000 is an unknown value
R15=0x0000000000000001 is an unknown value


Stack: [0x00007f4274cef000,0x00007f4274df0000],  sp=0x00007f4274ded690,  free space=1017k
Native frames: (J=compiled Java code, j=interpreted, Vv=VM code, C=native code)
C  [nouveau_dri.so+0x29e987]

Java frames: (J=compiled Java code, j=interpreted, Vv=VM code)
J 2319  jogamp.opengl.x11.glx.GLX.dispatch_glXSwapBuffers0(JJJ)V (0 bytes) @ 0x00007f428d834907 [0x00007f428d8348c0+0x47]
J 2318 C1 jogamp.opengl.x11.glx.GLX.glXSwapBuffers(JJ)V (45 bytes) @ 0x00007f428d847c94 [0x00007f428d8472e0+0x9b4]
J 2317 C1 jogamp.opengl.x11.glx.X11GLXDrawable.swapBuffersImpl(Z)V (21 bytes) @ 0x00007f428d846e44 [0x00007f428d846ba0+0x2a4]
J 2316 C1 jogamp.opengl.GLDrawableImpl.swapBuffers()V (138 bytes) @ 0x00007f428d8457dc [0x00007f428d845120+0x6bc]
j  javax.media.opengl.awt.GLCanvas$12.run()V+45
j  java.awt.event.InvocationEvent.dispatch()V+11
J 2015 C1 java.awt.EventQueue.dispatchEventImpl(Ljava/awt/AWTEvent;Ljava/lang/Object;)V (149 bytes) @ 0x00007f428d73b5bc [0x00007f428d739a40+0x1b7c]
J 2013 C1 java.awt.EventQueue$3.run()Ljava/lang/Void; (60 bytes) @ 0x00007f428d738e44 [0x00007f428d738c40+0x204]
j  java.awt.EventQueue$3.run()Ljava/lang/Object;+1
v  ~StubRoutines::call_stub
J 605  java.security.AccessController.doPrivileged(Ljava/security/PrivilegedAction;Ljava/security/AccessControlContext;)Ljava/lang/Object; (0 bytes) @ 0x00007f428d296de3 [0x00007f428d296d80+0x63]
J 2435 C2 java.awt.EventQueue.dispatchEvent(Ljava/awt/AWTEvent;)V (80 bytes) @ 0x00007f428d1ad620 [0x00007f428d1ad3e0+0x240]
j  java.awt.EventDispatchThread.pumpOneEventForFilters(I)V+245
J 2511% C2 java.awt.EventDispatchThread.pumpEventsForFilter(ILjava/awt/Conditional;Ljava/awt/EventFilter;)V (47 bytes) @ 0x00007f428d534ebc [0x00007f428d534dc0+0xfc]
j  java.awt.EventDispatchThread.pumpEventsForHierarchy(ILjava/awt/Conditional;Ljava/awt/Component;)V+11
j  java.awt.EventDispatchThread.pumpEvents(ILjava/awt/Conditional;)V+4
j  java.awt.EventDispatchThread.pumpEvents(Ljava/awt/Conditional;)V+3
j  java.awt.EventDispatchThread.run()V+9
v  ~StubRoutines::call_stub

---------------  P R O C E S S  ---------------

Java Threads: ( => current thread )
  0x00007f4224827000 JavaThread "Thread-19" [_thread_blocked, id=24748, stack(0x00007f420ee11000,0x00007f420ef12000)]
  0x00007f4218134800 JavaThread "Animation Thread-SharedResourceRunner" daemon [_thread_blocked, id=19186, stack(0x00007f42746ed000,0x00007f42747ee000)]
=>0x00007f4228008800 JavaThread "AWT-EventQueue-1" [_thread_in_native, id=19176, stack(0x00007f4274cef000,0x00007f4274df0000)]
  0x00007f429c00a000 JavaThread "DestroyJavaVM" [_thread_blocked, id=19150, stack(0x00007f42a554c000,0x00007f42a564d000)]
  0x00007f429c2be000 JavaThread "AWT-EventQueue-0" [_thread_blocked, id=19174, stack(0x00007f4275799000,0x00007f427589a000)]
  0x00007f429c2b9800 JavaThread "AWT-Shutdown" [_thread_blocked, id=19173, stack(0x00007f427589a000,0x00007f427599b000)]
  0x00007f429c2a6000 JavaThread "thread applet-module3.EarthquakeCityMap.class" [_thread_blocked, id=19172, stack(0x00007f427599b000,0x00007f4275a9c000)]
  0x00007f429c299000 JavaThread "AWT-XAWT" daemon [_thread_in_native, id=19170, stack(0x00007f4275a9c000,0x00007f4275b9d000)]
  0x00007f429c273000 JavaThread "Java2D Disposer" daemon [_thread_blocked, id=19169, stack(0x00007f4275fad000,0x00007f42760ae000)]
  0x00007f429c0d4000 JavaThread "Service Thread" daemon [_thread_blocked, id=19167, stack(0x00007f4277cfd000,0x00007f4277dfe000)]
  0x00007f429c0c9000 JavaThread "C1 CompilerThread3" daemon [_thread_blocked, id=19166, stack(0x00007f4277dfe000,0x00007f4277eff000)]
  0x00007f429c0c6800 JavaThread "C2 CompilerThread2" daemon [_thread_in_vm, id=19165, stack(0x00007f4277eff000,0x00007f4278000000)]
  0x00007f429c0c5000 JavaThread "C2 CompilerThread1" daemon [_thread_in_native, id=19164, stack(0x00007f4284083000,0x00007f4284184000)]
  0x00007f429c0c2000 JavaThread "C2 CompilerThread0" daemon [_thread_blocked, id=19163, stack(0x00007f4284184000,0x00007f4284285000)]
  0x00007f429c0c0800 JavaThread "Signal Dispatcher" daemon [_thread_blocked, id=19162, stack(0x00007f4284285000,0x00007f4284386000)]
  0x00007f429c08d000 JavaThread "Finalizer" daemon [_thread_blocked, id=19161, stack(0x00007f4284a69000,0x00007f4284b6a000)]
  0x00007f429c088000 JavaThread "Reference Handler" daemon [_thread_blocked, id=19160, stack(0x00007f4284b6a000,0x00007f4284c6b000)]

Other Threads:
  0x00007f429c080800 VMThread [stack: 0x00007f4284c6b000,0x00007f4284d6c000] [id=19159]
  0x00007f429c0d7000 WatcherThread [stack: 0x00007f4277bfc000,0x00007f4277cfd000] [id=19168]

VM state:not at safepoint (normal execution)

VM Mutex/Monitor currently owned by a thread: None

Heap:
 PSYoungGen      total 24576K, used 13816K [0x00000000e0f80000, 0x00000000e3900000, 0x0000000100000000)
  eden space 24064K, 56% used [0x00000000e0f80000,0x00000000e1cd6128,0x00000000e2700000)
  from space 512K, 31% used [0x00000000e3800000,0x00000000e3828000,0x00000000e3880000)
  to   space 512K, 0% used [0x00000000e3880000,0x00000000e3880000,0x00000000e3900000)
 ParOldGen       total 60416K, used 17150K [0x00000000a2e00000, 0x00000000a6900000, 0x00000000e0f80000)
  object space 60416K, 28% used [0x00000000a2e00000,0x00000000a3ebfad8,0x00000000a6900000)
 Metaspace       used 20996K, capacity 21303K, committed 21808K, reserved 1069056K
  class space    used 1970K, capacity 2057K, committed 2176K, reserved 1048576K

Card table byte_map: [0x00007f42a2020000,0x00007f42a230a000] byte_map_base: 0x00007f42a1b09000

Marking Bits: (ParMarkBitMap*) 0x00007f42a4a254c0
 Begin Bits: [0x00007f4285170000, 0x00007f42868b8000)
 End Bits:   [0x00007f42868b8000, 0x00007f4288000000)

Polling page: 0x00007f42a5674000

CodeCache: size=245760Kb used=7792Kb max_used=9314Kb free=237968Kb
 bounds [0x00007f428d000000, 0x00007f428d950000, 0x00007f429c000000]
 total_blobs=3093 nmethods=2129 adapters=878
 compilation: enabled

Compilation events (10 events):
Event: 61291,201 Thread 0x00007f429c0c9000 2529       3       sun.awt.AWTAccessor::getSequencedEventAccessor (4 bytes)
Event: 61291,201 Thread 0x00007f429c0c9000 nmethod 2529 0x00007f428d3a9b90 code [0x00007f428d3a9ce0, 0x00007f428d3a9e30]
Event: 61291,798 Thread 0x00007f429c0c6800 2530   !   4       java.awt.event.InvocationEvent::finishedDispatching (53 bytes)
Event: 61291,801 Thread 0x00007f429c0c6800 nmethod 2530 0x00007f428d326ed0 code [0x00007f428d327020, 0x00007f428d3273a8]
Event: 61291,876 Thread 0x00007f429c0c2000 2531   !   4       java.awt.event.InvocationEvent::dispatch (69 bytes)
Event: 61291,893 Thread 0x00007f429c0c2000 nmethod 2531 0x00007f428d8ff3d0 code [0x00007f428d8ff600, 0x00007f428d9009e0]
Event: 61292,790 Thread 0x00007f429c0c5000 2532       4       sun.awt.X11.XComponentPeer::getGraphics (21 bytes)
Event: 61292,790 Thread 0x00007f429c0c9000 2533       3       sun.java2d.xr.GrowableEltArray::getCharCnt (13 bytes)
Event: 61292,790 Thread 0x00007f429c0c6800 2534       4       java.awt.EventQueue$3::run (5 bytes)
Event: 61292,791 Thread 0x00007f429c0c9000 nmethod 2533 0x00007f428d1e2750 code [0x00007f428d1e28c0, 0x00007f428d1e2b10]

GC Heap History (10 events):
Event: 61246,344 GC heap before
{Heap before GC invocations=7332 (full 1):
 PSYoungGen      total 24576K, used 24128K [0x00000000e0f80000, 0x00000000e3900000, 0x0000000100000000)
  eden space 24064K, 100% used [0x00000000e0f80000,0x00000000e2700000,0x00000000e2700000)
  from space 512K, 12% used [0x00000000e3880000,0x00000000e3890000,0x00000000e3900000)
  to   space 512K, 0% used [0x00000000e3800000,0x00000000e3800000,0x00000000e3880000)
 ParOldGen       total 60416K, used 17150K [0x00000000a2e00000, 0x00000000a6900000, 0x00000000e0f80000)
  object space 60416K, 28% used [0x00000000a2e00000,0x00000000a3ebfad8,0x00000000a6900000)
 Metaspace       used 20980K, capacity 21303K, committed 21808K, reserved 1069056K
  class space    used 1968K, capacity 2057K, committed 2176K, reserved 1048576K
Event: 61246,346 GC heap after
Heap after GC invocations=7332 (full 1):
 PSYoungGen      total 24576K, used 128K [0x00000000e0f80000, 0x00000000e3900000, 0x0000000100000000)
  eden space 24064K, 0% used [0x00000000e0f80000,0x00000000e0f80000,0x00000000e2700000)
  from space 512K, 25% used [0x00000000e3800000,0x00000000e3820000,0x00000000e3880000)
  to   space 512K, 0% used [0x00000000e3880000,0x00000000e3880000,0x00000000e3900000)
 ParOldGen       total 60416K, used 17150K [0x00000000a2e00000, 0x00000000a6900000, 0x00000000e0f80000)
  object space 60416K, 28% used [0x00000000a2e00000,0x00000000a3ebfad8,0x00000000a6900000)
 Metaspace       used 20980K, capacity 21303K, committed 21808K, reserved 1069056K
  class space    used 1968K, capacity 2057K, committed 2176K, reserved 1048576K
}
Event: 61258,365 GC heap before
{Heap before GC invocations=7333 (full 1):
 PSYoungGen      total 24576K, used 24192K [0x00000000e0f80000, 0x00000000e3900000, 0x0000000100000000)
  eden space 24064K, 100% used [0x00000000e0f80000,0x00000000e2700000,0x00000000e2700000)
  from space 512K, 25% used [0x00000000e3800000,0x00000000e3820000,0x00000000e3880000)
  to   space 512K, 0% used [0x00000000e3880000,0x00000000e3880000,0x00000000e3900000)
 ParOldGen       total 60416K, used 17150K [0x00000000a2e00000, 0x00000000a6900000, 0x00000000e0f80000)
  object space 60416K, 28% used [0x00000000a2e00000,0x00000000a3ebfad8,0x00000000a6900000)
 Metaspace       used 20980K, capacity 21303K, committed 21808K, reserved 1069056K
  class space    used 1968K, capacity 2057K, committed 2176K, reserved 1048576K
Event: 61258,366 GC heap after
Heap after GC invocations=7333 (full 1):
 PSYoungGen      total 24576K, used 128K [0x00000000e0f80000, 0x00000000e3900000, 0x0000000100000000)
  eden space 24064K, 0% used [0x00000000e0f80000,0x00000000e0f80000,0x00000000e2700000)
  from space 512K, 25% used [0x00000000e3880000,0x00000000e38a0000,0x00000000e3900000)
  to   space 512K, 0% used [0x00000000e3800000,0x00000000e3800000,0x00000000e3880000)
 ParOldGen       total 60416K, used 17150K [0x00000000a2e00000, 0x00000000a6900000, 0x00000000e0f80000)
  object space 60416K, 28% used [0x00000000a2e00000,0x00000000a3ebfad8,0x00000000a6900000)
 Metaspace       used 20980K, capacity 21303K, committed 21808K, reserved 1069056K
  class space    used 1968K, capacity 2057K, committed 2176K, reserved 1048576K
}
Event: 61270,261 GC heap before
{Heap before GC invocations=7334 (full 1):
 PSYoungGen      total 24576K, used 24192K [0x00000000e0f80000, 0x00000000e3900000, 0x0000000100000000)
  eden space 24064K, 100% used [0x00000000e0f80000,0x00000000e2700000,0x00000000e2700000)
  from space 512K, 25% used [0x00000000e3880000,0x00000000e38a0000,0x00000000e3900000)
  to   space 512K, 0% used [0x00000000e3800000,0x00000000e3800000,0x00000000e3880000)
 ParOldGen       total 60416K, used 17150K [0x00000000a2e00000, 0x00000000a6900000, 0x00000000e0f80000)
  object space 60416K, 28% used [0x00000000a2e00000,0x00000000a3ebfad8,0x00000000a6900000)
 Metaspace       used 20980K, capacity 21303K, committed 21808K, reserved 1069056K
  class space    used 1968K, capacity 2057K, committed 2176K, reserved 1048576K
Event: 61270,263 GC heap after
Heap after GC invocations=7334 (full 1):
 PSYoungGen      total 24576K, used 128K [0x00000000e0f80000, 0x00000000e3900000, 0x0000000100000000)
  eden space 24064K, 0% used [0x00000000e0f80000,0x00000000e0f80000,0x00000000e2700000)
  from space 512K, 25% used [0x00000000e3800000,0x00000000e3820000,0x00000000e3880000)
  to   space 512K, 0% used [0x00000000e3880000,0x00000000e3880000,0x00000000e3900000)
 ParOldGen       total 60416K, used 17150K [0x00000000a2e00000, 0x00000000a6900000, 0x00000000e0f80000)
  object space 60416K, 28% used [0x00000000a2e00000,0x00000000a3ebfad8,0x00000000a6900000)
 Metaspace       used 20980K, capacity 21303K, committed 21808K, reserved 1069056K
  class space    used 1968K, capacity 2057K, committed 2176K, reserved 1048576K
}
Event: 61282,011 GC heap before
{Heap before GC invocations=7335 (full 1):
 PSYoungGen      total 24576K, used 24192K [0x00000000e0f80000, 0x00000000e3900000, 0x0000000100000000)
  eden space 24064K, 100% used [0x00000000e0f80000,0x00000000e2700000,0x00000000e2700000)
  from space 512K, 25% used [0x00000000e3800000,0x00000000e3820000,0x00000000e3880000)
  to   space 512K, 0% used [0x00000000e3880000,0x00000000e3880000,0x00000000e3900000)
 ParOldGen       total 60416K, used 17150K [0x00000000a2e00000, 0x00000000a6900000, 0x00000000e0f80000)
  object space 60416K, 28% used [0x00000000a2e00000,0x00000000a3ebfad8,0x00000000a6900000)
 Metaspace       used 20980K, capacity 21303K, committed 21808K, reserved 1069056K
  class space    used 1968K, capacity 2057K, committed 2176K, reserved 1048576K
Event: 61282,013 GC heap after
Heap after GC invocations=7335 (full 1):
 PSYoungGen      total 24576K, used 160K [0x00000000e0f80000, 0x00000000e3900000, 0x0000000100000000)
  eden space 24064K, 0% used [0x00000000e0f80000,0x00000000e0f80000,0x00000000e2700000)
  from space 512K, 31% used [0x00000000e3880000,0x00000000e38a8000,0x00000000e3900000)
  to   space 512K, 0% used [0x00000000e3800000,0x00000000e3800000,0x00000000e3880000)
 ParOldGen       total 60416K, used 17150K [0x00000000a2e00000, 0x00000000a6900000, 0x00000000e0f80000)
  object space 60416K, 28% used [0x00000000a2e00000,0x00000000a3ebfad8,0x00000000a6900000)
 Metaspace       used 20980K, capacity 21303K, committed 21808K, reserved 1069056K
  class space    used 1968K, capacity 2057K, committed 2176K, reserved 1048576K
}
Event: 61289,344 GC heap before
{Heap before GC invocations=7336 (full 1):
 PSYoungGen      total 24576K, used 24224K [0x00000000e0f80000, 0x00000000e3900000, 0x0000000100000000)
  eden space 24064K, 100% used [0x00000000e0f80000,0x00000000e2700000,0x00000000e2700000)
  from space 512K, 31% used [0x00000000e3880000,0x00000000e38a8000,0x00000000e3900000)
  to   space 512K, 0% used [0x00000000e3800000,0x00000000e3800000,0x00000000e3880000)
 ParOldGen       total 60416K, used 17150K [0x00000000a2e00000, 0x00000000a6900000, 0x00000000e0f80000)
  object space 60416K, 28% used [0x00000000a2e00000,0x00000000a3ebfad8,0x00000000a6900000)
 Metaspace       used 20980K, capacity 21303K, committed 21808K, reserved 1069056K
  class space    used 1968K, capacity 2057K, committed 2176K, reserved 1048576K
Event: 61289,346 GC heap after
Heap after GC invocations=7336 (full 1):
 PSYoungGen      total 24576K, used 160K [0x00000000e0f80000, 0x00000000e3900000, 0x0000000100000000)
  eden space 24064K, 0% used [0x00000000e0f80000,0x00000000e0f80000,0x00000000e2700000)
  from space 512K, 31% used [0x00000000e3800000,0x00000000e3828000,0x00000000e3880000)
  to   space 512K, 0% used [0x00000000e3880000,0x00000000e3880000,0x00000000e3900000)
 ParOldGen       total 60416K, used 17150K [0x00000000a2e00000, 0x00000000a6900000, 0x00000000e0f80000)
  object space 60416K, 28% used [0x00000000a2e00000,0x00000000a3ebfad8,0x00000000a6900000)
 Metaspace       used 20980K, capacity 21303K, committed 21808K, reserved 1069056K
  class space    used 1968K, capacity 2057K, committed 2176K, reserved 1048576K
}

Deoptimization events (10 events):
Event: 61292,790 Thread 0x00007f4228008800 Uncommon trap: reason=unstable_if action=reinterpret pc=0x00007f428d8e2634 method=java.awt.EventQueue.eventToCacheIndex(Ljava/awt/AWTEvent;)I @ 71
Event: 61292,790 Thread 0x00007f4228008800 Uncommon trap: reason=class_check action=maybe_recompile pc=0x00007f428d11194c method=java.awt.EventQueue.setCurrentEventAndMostRecentTimeImpl(Ljava/awt/AWTEvent;)V @ 135
Event: 61292,790 Thread 0x00007f4228008800 Uncommon trap: reason=bimorphic action=maybe_recompile pc=0x00007f428d90033c method=java.awt.event.InvocationEvent.dispatch()V @ 47
Event: 61292,790 Thread 0x00007f429c2a6000 Uncommon trap: reason=class_check action=maybe_recompile pc=0x00007f428d8bf358 method=sun.java2d.xr.XRSurfaceData$XRWindowSurfaceData.getBounds()Ljava/awt/Rectangle; @ 4
Event: 61292,790 Thread 0x00007f429c2be000 Uncommon trap: reason=class_check action=maybe_recompile pc=0x00007f428d889dac method=java.awt.EventQueue.uncacheEQItem(Lsun/awt/EventQueueItem;)V @ 20
Event: 61292,790 Thread 0x00007f429c2a6000 Uncommon trap: reason=unstable_if action=reinterpret pc=0x00007f428d13436c method=sun.java2d.SunGraphics2D.validateCompClip()V @ 9
Event: 61292,790 Thread 0x00007f429c2be000 Uncommon trap: reason=class_check action=maybe_recompile pc=0x00007f428d889dac method=java.awt.EventQueue.uncacheEQItem(Lsun/awt/EventQueueItem;)V @ 20
Event: 61292,790 Thread 0x00007f429c2be000 Uncommon trap: reason=class_check action=maybe_recompile pc=0x00007f428d1693e8 method=java.awt.Component.getGraphics()Ljava/awt/Graphics; @ 114
Event: 61292,790 Thread 0x00007f4228008800 Uncommon trap: reason=class_check action=maybe_recompile pc=0x00007f428d8ffb0c method=java.awt.event.InvocationEvent.dispatch()V @ 11
Event: 61292,790 Thread 0x00007f429c2be000 Uncommon trap: reason=class_check action=maybe_recompile pc=0x00007f428d8bf358 method=sun.java2d.xr.XRSurfaceData$XRWindowSurfaceData.getBounds()Ljava/awt/Rectangle; @ 4

Internal exceptions (10 events):
Event: 1,329 Thread 0x00007f4228008800 Implicit null exception at 0x00007f428d1cb635 to 0x00007f428d1cb981
Event: 1,759 Thread 0x00007f4228008800 Exception <a 'java/lang/reflect/InvocationTargetException'> (0x00000000e2287df8) thrown at [/HUDSON/workspace/8-2-build-linux-amd64/jdk8u92/6642/hotspot/src/share/vm/runtime/reflection.cpp, line 1092]
Event: 1,759 Thread 0x00007f4228008800 Exception <a 'java/lang/reflect/InvocationTargetException'> (0x00000000e2288470) thrown at [/HUDSON/workspace/8-2-build-linux-amd64/jdk8u92/6642/hotspot/src/share/vm/runtime/reflection.cpp, line 1092]
Event: 2,036 Thread 0x00007f4228008800 Exception <a 'java/lang/reflect/InvocationTargetException'> (0x00000000e195b788) thrown at [/HUDSON/workspace/8-2-build-linux-amd64/jdk8u92/6642/hotspot/src/share/vm/runtime/reflection.cpp, line 1092]
Event: 2,036 Thread 0x00007f4228008800 Exception <a 'java/lang/reflect/InvocationTargetException'> (0x00000000e195bc70) thrown at [/HUDSON/workspace/8-2-build-linux-amd64/jdk8u92/6642/hotspot/src/share/vm/runtime/reflection.cpp, line 1092]
Event: 2,125 Thread 0x00007f4228008800 Exception <a 'java/lang/reflect/InvocationTargetException'> (0x00000000e1e71df8) thrown at [/HUDSON/workspace/8-2-build-linux-amd64/jdk8u92/6642/hotspot/src/share/vm/runtime/reflection.cpp, line 1092]
Event: 2,125 Thread 0x00007f4228008800 Exception <a 'java/lang/reflect/InvocationTargetException'> (0x00000000e1e722c0) thrown at [/HUDSON/workspace/8-2-build-linux-amd64/jdk8u92/6642/hotspot/src/share/vm/runtime/reflection.cpp, line 1092]
Event: 2,202 Thread 0x00007f4228008800 Exception <a 'java/lang/reflect/InvocationTargetException'> (0x00000000e2311598) thrown at [/HUDSON/workspace/8-2-build-linux-amd64/jdk8u92/6642/hotspot/src/share/vm/runtime/reflection.cpp, line 1092]
Event: 2,202 Thread 0x00007f4228008800 Exception <a 'java/lang/reflect/InvocationTargetException'> (0x00000000e2311a80) thrown at [/HUDSON/workspace/8-2-build-linux-amd64/jdk8u92/6642/hotspot/src/share/vm/runtime/reflection.cpp, line 1092]
Event: 2,275 Thread 0x00007f4228008800 Exception <a 'java/lang/reflect/InvocationTargetException'> (0x00000000e2748868) thrown at [/HUDSON/workspace/8-2-build-linux-amd64/jdk8u92/6642/hotspot/src/share/vm/runtime/reflection.cpp, line 1092]

Events (10 events):
Event: 61292,790 Thread 0x00007f429c2be000 DEOPT UNPACKING pc=0x00007f428d005229 sp=0x00007f4275898360 mode 2
Event: 61292,790 Thread 0x00007f429c2be000 Uncommon trap: trap_request=0xffffffde fr.pc=0x00007f428d1693e8
Event: 61292,790 Thread 0x00007f4228008800 Uncommon trap: trap_request=0xffffffde fr.pc=0x00007f428d8ffb0c
Event: 61292,790 Thread 0x00007f429c2be000 DEOPT PACKING pc=0x00007f428d1693e8 sp=0x00007f4275896920
Event: 61292,790 Thread 0x00007f4228008800 DEOPT PACKING pc=0x00007f428d8ffb0c sp=0x00007f4274deda60
Event: 61292,790 Thread 0x00007f429c2be000 DEOPT UNPACKING pc=0x00007f428d005229 sp=0x00007f4275896900 mode 2
Event: 61292,790 Thread 0x00007f4228008800 DEOPT UNPACKING pc=0x00007f428d005229 sp=0x00007f4274deda60 mode 2
Event: 61292,790 Thread 0x00007f429c2be000 Uncommon trap: trap_request=0xffffffde fr.pc=0x00007f428d8bf358
Event: 61292,790 Thread 0x00007f429c2be000 DEOPT PACKING pc=0x00007f428d8bf358 sp=0x00007f4275896840
Event: 61292,790 Thread 0x00007f429c2be000 DEOPT UNPACKING pc=0x00007f428d005229 sp=0x00007f4275896708 mode 2


Dynamic libraries:
00400000-00401000 r-xp 00000000 08:01 3450446                            /home/ema/Scaricati/jdk1.8.0_92/jre/bin/java
00600000-00601000 rw-p 00000000 08:01 3450446                            /home/ema/Scaricati/jdk1.8.0_92/jre/bin/java
007a4000-007c5000 rw-p 00000000 00:00 0                                  [heap]
a2e00000-a6900000 rw-p 00000000 00:00 0 
a6900000-e0f80000 ---p 00000000 00:00 0 
e0f80000-e3900000 rw-p 00000000 00:00 0 
e3900000-100000000 ---p 00000000 00:00 0 
100000000-100220000 rw-p 00000000 00:00 0 
100220000-140000000 ---p 00000000 00:00 0 
7f41e8000000-7f41e8052000 rw-p 00000000 00:00 0 
7f41e8052000-7f41ec000000 ---p 00000000 00:00 0 
7f41ec000000-7f41ec053000 rw-p 00000000 00:00 0 
7f41ec053000-7f41f0000000 ---p 00000000 00:00 0 
7f41f0000000-7f41f0053000 rw-p 00000000 00:00 0 
7f41f0053000-7f41f4000000 ---p 00000000 00:00 0 
7f41f4000000-7f41f4053000 rw-p 00000000 00:00 0 
7f41f4053000-7f41f8000000 ---p 00000000 00:00 0 
7f41f8000000-7f41f8021000 rw-p 00000000 00:00 0 
7f41f8021000-7f41fc000000 ---p 00000000 00:00 0 
7f41fc000000-7f41fc021000 rw-p 00000000 00:00 0 
7f41fc021000-7f4200000000 ---p 00000000 00:00 0 
7f4200000000-7f4200021000 rw-p 00000000 00:00 0 
7f4200021000-7f4204000000 ---p 00000000 00:00 0 
7f4204000000-7f4204021000 rw-p 00000000 00:00 0 
7f4204021000-7f4208000000 ---p 00000000 00:00 0 
7f4208000000-7f4208021000 rw-p 00000000 00:00 0 
7f4208021000-7f420c000000 ---p 00000000 00:00 0 
7f420e3ba000-7f420e43a000 rw-s 1be0f2000 00:06 9579                      /dev/dri/card0
7f420e43a000-7f420e4ba000 rw-s 1be072000 00:06 9579                      /dev/dri/card0
7f420e4ba000-7f420e6ba000 rw-s 1a3695000 00:06 9579                      /dev/dri/card0
7f420e6ba000-7f420e7e6000 rw-p 00000000 00:00 0 
7f420e7e6000-7f420e8ba000 ---p 00000000 00:00 0 
7f420e8e0000-7f420e960000 rw-s 1be737000 00:06 9579                      /dev/dri/card0
7f420e960000-7f420e963000 ---p 00000000 00:00 0 
7f420e963000-7f420ea61000 rw-p 00000000 00:00 0 
7f420eac3000-7f420eac6000 ---p 00000000 00:00 0 
7f420eac6000-7f420ebc4000 rw-p 00000000 00:00 0 
7f420ebc4000-7f420ebc7000 ---p 00000000 00:00 0 
7f420ebc7000-7f420ecc5000 rw-p 00000000 00:00 0 
7f420ecc5000-7f420ecc8000 ---p 00000000 00:00 0 
7f420ecc8000-7f420edc6000 rw-p 00000000 00:00 0 
7f420ee11000-7f420ee14000 ---p 00000000 00:00 0 
7f420ee14000-7f420ef12000 rw-p 00000000 00:00 0 
7f420ef12000-7f420ef15000 ---p 00000000 00:00 0 
7f420ef15000-7f420f013000 rw-p 00000000 00:00 0 
7f420f013000-7f420f016000 ---p 00000000 00:00 0 
7f420f016000-7f420f114000 rw-p 00000000 00:00 0 
7f420f13f000-7f420f142000 ---p 00000000 00:00 0 
7f420f142000-7f420f240000 rw-p 00000000 00:00 0 
7f420f240000-7f420f243000 ---p 00000000 00:00 0 
7f420f243000-7f420f341000 rw-p 00000000 00:00 0 
7f420f353000-7f420f3d3000 rw-s 1a3355000 00:06 9579                      /dev/dri/card0
7f420f3d3000-7f420f600000 rw-p 00000000 00:00 0 
7f420f600000-7f4210000000 rwxp 00000000 00:00 0 
7f4210000000-7f4210196000 rw-p 00000000 00:00 0 
7f4210196000-7f4214000000 ---p 00000000 00:00 0 
7f421404c000-7f4214279000 rw-p 00000000 00:00 0 
7f4214279000-7f4214290000 r-xp 00000000 08:01 27267350                   /lib/x86_64-linux-gnu/libresolv-2.21.so
7f4214290000-7f4214490000 ---p 00017000 08:01 27267350                   /lib/x86_64-linux-gnu/libresolv-2.21.so
7f4214490000-7f4214492000 r--p 00017000 08:01 27267350                   /lib/x86_64-linux-gnu/libresolv-2.21.so
7f4214492000-7f4214493000 rw-p 00019000 08:01 27267350                   /lib/x86_64-linux-gnu/libresolv-2.21.so
7f4214493000-7f4214495000 rw-p 00000000 00:00 0 
7f4214495000-7f421449a000 r-xp 00000000 08:01 27267295                   /lib/x86_64-linux-gnu/libnss_dns-2.21.so
7f421449a000-7f4214699000 ---p 00005000 08:01 27267295                   /lib/x86_64-linux-gnu/libnss_dns-2.21.so
7f4214699000-7f421469a000 r--p 00004000 08:01 27267295                   /lib/x86_64-linux-gnu/libnss_dns-2.21.so
7f421469a000-7f421469b000 rw-p 00005000 08:01 27267295                   /lib/x86_64-linux-gnu/libnss_dns-2.21.so
7f421469b000-7f421469d000 r-xp 00000000 08:01 27267303                   /lib/x86_64-linux-gnu/libnss_mdns4_minimal.so.2
7f421469d000-7f421489c000 ---p 00002000 08:01 27267303                   /lib/x86_64-linux-gnu/libnss_mdns4_minimal.so.2
7f421489c000-7f421489d000 r--p 00001000 08:01 27267303                   /lib/x86_64-linux-gnu/libnss_mdns4_minimal.so.2
7f421489d000-7f421489e000 rw-p 00002000 08:01 27267303                   /lib/x86_64-linux-gnu/libnss_mdns4_minimal.so.2
7f42148de000-7f4214ade000 rw-p 00000000 00:00 0 
7f4214b2e000-7f4214bae000 rw-s 1bdff2000 00:06 9579                      /dev/dri/card0
7f4214bae000-7f4214be5000 r-xp 00000000 08:01 15344535                   /usr/lib/x86_64-linux-gnu/libtxc_dxtn_s2tc.so.0.0.0
7f4214be5000-7f4214de4000 ---p 00037000 08:01 15344535                   /usr/lib/x86_64-linux-gnu/libtxc_dxtn_s2tc.so.0.0.0
7f4214de4000-7f4214de5000 r--p 00036000 08:01 15344535                   /usr/lib/x86_64-linux-gnu/libtxc_dxtn_s2tc.so.0.0.0
7f4214de5000-7f4214de6000 rw-p 00037000 08:01 15344535                   /usr/lib/x86_64-linux-gnu/libtxc_dxtn_s2tc.so.0.0.0
7f4214de6000-7f4214e0b000 r-xp 00000000 08:01 27267368                   /lib/x86_64-linux-gnu/libtinfo.so.5.9
7f4214e0b000-7f421500a000 ---p 00025000 08:01 27267368                   /lib/x86_64-linux-gnu/libtinfo.so.5.9
7f421500a000-7f421500e000 r--p 00024000 08:01 27267368                   /lib/x86_64-linux-gnu/libtinfo.so.5.9
7f421500e000-7f421500f000 rw-p 00028000 08:01 27267368                   /lib/x86_64-linux-gnu/libtinfo.so.5.9
7f421500f000-7f4215042000 r-xp 00000000 08:01 15343777                   /usr/lib/x86_64-linux-gnu/libedit.so.2.0.51
7f4215042000-7f4215242000 ---p 00033000 08:01 15343777                   /usr/lib/x86_64-linux-gnu/libedit.so.2.0.51
7f4215242000-7f4215244000 r--p 00033000 08:01 15343777                   /usr/lib/x86_64-linux-gnu/libedit.so.2.0.51
7f4215244000-7f4215245000 rw-p 00035000 08:01 15343777                   /usr/lib/x86_64-linux-gnu/libedit.so.2.0.51
7f4215245000-7f4215249000 rw-p 00000000 00:00 0 
7f4215249000-7f4215262000 r-xp 00000000 08:01 27267385                   /lib/x86_64-linux-gnu/libz.so.1.2.8
7f4215262000-7f4215462000 ---p 00019000 08:01 27267385                   /lib/x86_64-linux-gnu/libz.so.1.2.8
7f4215462000-7f4215463000 r--p 00019000 08:01 27267385                   /lib/x86_64-linux-gnu/libz.so.1.2.8
7f4215463000-7f4215464000 rw-p 0001a000 08:01 27267385                   /lib/x86_64-linux-gnu/libz.so.1.2.8
7f4215464000-7f421720d000 r-xp 00000000 08:01 15343369                   /usr/lib/x86_64-linux-gnu/libLLVM-3.6.so.1
7f421720d000-7f421720e000 ---p 01da9000 08:01 15343369                   /usr/lib/x86_64-linux-gnu/libLLVM-3.6.so.1
7f421720e000-7f421742a000 r--p 01da9000 08:01 15343369                   /usr/lib/x86_64-linux-gnu/libLLVM-3.6.so.1
7f421742a000-7f4217430000 rw-p 01fc5000 08:01 15343369                   /usr/lib/x86_64-linux-gnu/libLLVM-3.6.so.1
7f4217430000-7f4217446000 rw-p 00000000 00:00 0 
7f4217446000-7f4217bb9000 r-xp 00000000 08:01 15603600                   /usr/lib/x86_64-linux-gnu/dri/nouveau_dri.so
7f4217bb9000-7f4217db8000 ---p 00773000 08:01 15603600                   /usr/lib/x86_64-linux-gnu/dri/nouveau_dri.so
7f4217db8000-7f4217e0f000 r--p 00772000 08:01 15603600                   /usr/lib/x86_64-linux-gnu/dri/nouveau_dri.so
7f4217e0f000-7f4217e1b000 rw-p 007c9000 08:01 15603600                   /usr/lib/x86_64-linux-gnu/dri/nouveau_dri.so
7f4217e1b000-7f4218000000 rw-p 00000000 00:00 0 
7f4218000000-7f4218749000 rw-p 00000000 00:00 0 
7f4218749000-7f421c000000 ---p 00000000 00:00 0 
7f421c000000-7f421c021000 rw-p 00000000 00:00 0 
7f421c021000-7f4220000000 ---p 00000000 00:00 0 
7f4220000000-7f4220060000 rw-p 00000000 00:00 0 
7f4220060000-7f4224000000 ---p 00000000 00:00 0 
7f4224000000-7f4224c79000 rw-p 00000000 00:00 0 
7f4224c79000-7f4228000000 ---p 00000000 00:00 0 
7f4228000000-7f4228021000 rw-p 00000000 00:00 0 
7f4228021000-7f422c000000 ---p 00000000 00:00 0 
7f422c000000-7f422c021000 rw-p 00000000 00:00 0 
7f422c021000-7f4230000000 ---p 00000000 00:00 0 
7f4230000000-7f4230021000 rw-p 00000000 00:00 0 
7f4230021000-7f4234000000 ---p 00000000 00:00 0 
7f4234000000-7f4234294000 rw-p 00000000 00:00 0 
7f4234294000-7f4238000000 ---p 00000000 00:00 0 
7f4238000000-7f4238021000 rw-p 00000000 00:00 0 
7f4238021000-7f423c000000 ---p 00000000 00:00 0 
7f423c000000-7f423c021000 rw-p 00000000 00:00 0 
7f423c021000-7f4240000000 ---p 00000000 00:00 0 
7f4240000000-7f42409ae000 rw-p 00000000 00:00 0 
7f42409ae000-7f4244000000 ---p 00000000 00:00 0 
7f4244000000-7f4244617000 rw-p 00000000 00:00 0 
7f4244617000-7f4248000000 ---p 00000000 00:00 0 
7f4248000000-7f4248a2c000 rw-p 00000000 00:00 0 
7f4248a2c000-7f424c000000 ---p 00000000 00:00 0 
7f424c000000-7f424c920000 rw-p 00000000 00:00 0 
7f424c920000-7f4250000000 ---p 00000000 00:00 0 
7f4250000000-7f4250021000 rw-p 00000000 00:00 0 
7f4250021000-7f4254000000 ---p 00000000 00:00 0 
7f4254000000-7f4254021000 rw-p 00000000 00:00 0 
7f4254021000-7f4258000000 ---p 00000000 00:00 0 
7f4258000000-7f4258021000 rw-p 00000000 00:00 0 
7f4258021000-7f425c000000 ---p 00000000 00:00 0 
7f425c000000-7f425c021000 rw-p 00000000 00:00 0 
7f425c021000-7f4260000000 ---p 00000000 00:00 0 
7f4260000000-7f4260021000 rw-p 00000000 00:00 0 
7f4260021000-7f4264000000 ---p 00000000 00:00 0 
7f4264000000-7f4264021000 rw-p 00000000 00:00 0 
7f4264021000-7f4268000000 ---p 00000000 00:00 0 
7f4268000000-7f4268021000 rw-p 00000000 00:00 0 
7f4268021000-7f426c000000 ---p 00000000 00:00 0 
7f426c024000-7f426c114000 r-xp 00000000 08:01 15344490                   /usr/lib/x86_64-linux-gnu/libstdc++.so.6.0.20
7f426c114000-7f426c314000 ---p 000f0000 08:01 15344490                   /usr/lib/x86_64-linux-gnu/libstdc++.so.6.0.20
7f426c314000-7f426c31c000 r--p 000f0000 08:01 15344490                   /usr/lib/x86_64-linux-gnu/libstdc++.so.6.0.20
7f426c31c000-7f426c31e000 rw-p 000f8000 08:01 15344490                   /usr/lib/x86_64-linux-gnu/libstdc++.so.6.0.20
7f426c31e000-7f426c333000 rw-p 00000000 00:00 0 
7f426c333000-7f426c348000 r-xp 00000000 08:01 15343778                   /usr/lib/x86_64-linux-gnu/libelf-0.160.so
7f426c348000-7f426c547000 ---p 00015000 08:01 15343778                   /usr/lib/x86_64-linux-gnu/libelf-0.160.so
7f426c547000-7f426c548000 r--p 00014000 08:01 15343778                   /usr/lib/x86_64-linux-gnu/libelf-0.160.so
7f426c548000-7f426c549000 rw-p 00015000 08:01 15343778                   /usr/lib/x86_64-linux-gnu/libelf-0.160.so
7f426c549000-7f426c555000 r-xp 00000000 08:01 15343773                   /usr/lib/x86_64-linux-gnu/libdrm_radeon.so.1.0.1
7f426c555000-7f426c754000 ---p 0000c000 08:01 15343773                   /usr/lib/x86_64-linux-gnu/libdrm_radeon.so.1.0.1
7f426c754000-7f426c755000 r--p 0000b000 08:01 15343773                   /usr/lib/x86_64-linux-gnu/libdrm_radeon.so.1.0.1
7f426c755000-7f426c756000 rw-p 0000c000 08:01 15343773                   /usr/lib/x86_64-linux-gnu/libdrm_radeon.so.1.0.1
7f426c756000-7f426c75c000 r-xp 00000000 08:01 15343771                   /usr/lib/x86_64-linux-gnu/libdrm_nouveau.so.2.0.0
7f426c75c000-7f426c95b000 ---p 00006000 08:01 15343771                   /usr/lib/x86_64-linux-gnu/libdrm_nouveau.so.2.0.0
7f426c95b000-7f426c95c000 r--p 00005000 08:01 15343771                   /usr/lib/x86_64-linux-gnu/libdrm_nouveau.so.2.0.0
7f426c95c000-7f426c95d000 rw-p 00006000 08:01 15343771                   /usr/lib/x86_64-linux-gnu/libdrm_nouveau.so.2.0.0
7f426c95d000-7f426c96f000 r-xp 00000000 08:01 27263385                   /lib/x86_64-linux-gnu/libudev.so.1.6.2
7f426c96f000-7f426cb6e000 ---p 00012000 08:01 27263385                   /lib/x86_64-linux-gnu/libudev.so.1.6.2
7f426cb6e000-7f426cb6f000 r--p 00011000 08:01 27263385                   /lib/x86_64-linux-gnu/libudev.so.1.6.2
7f426cb6f000-7f426cb70000 rw-p 00012000 08:01 27263385                   /lib/x86_64-linux-gnu/libudev.so.1.6.2
7f426cb70000-7f426cb72000 r-xp 00000000 08:01 15343521                   /usr/lib/x86_64-linux-gnu/libXinerama.so.1.0.0
7f426cb72000-7f426cd71000 ---p 00002000 08:01 15343521                   /usr/lib/x86_64-linux-gnu/libXinerama.so.1.0.0
7f426cd71000-7f426cd72000 r--p 00001000 08:01 15343521                   /usr/lib/x86_64-linux-gnu/libXinerama.so.1.0.0
7f426cd72000-7f426cd73000 rw-p 00002000 08:01 15343521                   /usr/lib/x86_64-linux-gnu/libXinerama.so.1.0.0
7f426cd73000-7f426cdb8000 r-xp 00000000 08:01 28312167                   /tmp/jogamp_0000/file_cache/jln4274090329266478697/jln6686101151187823026/libjogl_mobile.so
7f426cdb8000-7f426cfb8000 ---p 00045000 08:01 28312167                   /tmp/jogamp_0000/file_cache/jln4274090329266478697/jln6686101151187823026/libjogl_mobile.so
7f426cfb8000-7f426cfb9000 rw-p 00045000 08:01 28312167                   /tmp/jogamp_0000/file_cache/jln4274090329266478697/jln6686101151187823026/libjogl_mobile.so
7f426cfb9000-7f426cfc0000 r-xp 00000000 08:01 15343817                   /usr/lib/x86_64-linux-gnu/libffi.so.6.0.4
7f426cfc0000-7f426d1bf000 ---p 00007000 08:01 15343817                   /usr/lib/x86_64-linux-gnu/libffi.so.6.0.4
7f426d1bf000-7f426d1c0000 r--p 00006000 08:01 15343817                   /usr/lib/x86_64-linux-gnu/libffi.so.6.0.4
7f426d1c0000-7f426d1c1000 rw-p 00007000 08:01 15343817                   /usr/lib/x86_64-linux-gnu/libffi.so.6.0.4
7f426d1c1000-7f426d1ce000 r-xp 00000000 08:01 15340550                   /usr/lib/x86_64-linux-gnu/libgbm.so.1.0.0
7f426d1ce000-7f426d3cd000 ---p 0000d000 08:01 15340550                   /usr/lib/x86_64-linux-gnu/libgbm.so.1.0.0
7f426d3cd000-7f426d3ce000 r--p 0000c000 08:01 15340550                   /usr/lib/x86_64-linux-gnu/libgbm.so.1.0.0
7f426d3ce000-7f426d3cf000 rw-p 0000d000 08:01 15340550                   /usr/lib/x86_64-linux-gnu/libgbm.so.1.0.0
7f426d3cf000-7f426d3de000 r-xp 00000000 08:01 15344604                   /usr/lib/x86_64-linux-gnu/libwayland-server.so.0.1.0
7f426d3de000-7f426d5dd000 ---p 0000f000 08:01 15344604                   /usr/lib/x86_64-linux-gnu/libwayland-server.so.0.1.0
7f426d5dd000-7f426d5e0000 r--p 0000e000 08:01 15344604                   /usr/lib/x86_64-linux-gnu/libwayland-server.so.0.1.0
7f426d5e0000-7f426d5e1000 rw-p 00011000 08:01 15344604                   /usr/lib/x86_64-linux-gnu/libwayland-server.so.0.1.0
7f426d5e1000-7f426d5ed000 r-xp 00000000 08:01 15344598                   /usr/lib/x86_64-linux-gnu/libwayland-client.so.0.3.0
7f426d5ed000-7f426d7ec000 ---p 0000c000 08:01 15344598                   /usr/lib/x86_64-linux-gnu/libwayland-client.so.0.3.0
7f426d7ec000-7f426d7ee000 r--p 0000b000 08:01 15344598                   /usr/lib/x86_64-linux-gnu/libwayland-client.so.0.3.0
7f426d7ee000-7f426d7ef000 rw-p 0000d000 08:01 15344598                   /usr/lib/x86_64-linux-gnu/libwayland-client.so.0.3.0
7f426d7ef000-7f426d7f4000 r-xp 00000000 08:01 15344692                   /usr/lib/x86_64-linux-gnu/libxcb-xfixes.so.0.0.0
7f426d7f4000-7f426d9f4000 ---p 00005000 08:01 15344692                   /usr/lib/x86_64-linux-gnu/libxcb-xfixes.so.0.0.0
7f426d9f4000-7f426d9f5000 r--p 00005000 08:01 15344692                   /usr/lib/x86_64-linux-gnu/libxcb-xfixes.so.0.0.0
7f426d9f5000-7f426d9f6000 rw-p 00006000 08:01 15344692                   /usr/lib/x86_64-linux-gnu/libxcb-xfixes.so.0.0.0
7f426d9f6000-7f426da1f000 r-xp 00000000 08:01 15729315                   /usr/lib/x86_64-linux-gnu/mesa-egl/libEGL.so.1.0.0
7f426da1f000-7f426dc1f000 ---p 00029000 08:01 15729315                   /usr/lib/x86_64-linux-gnu/mesa-egl/libEGL.so.1.0.0
7f426dc1f000-7f426dc20000 r--p 00029000 08:01 15729315                   /usr/lib/x86_64-linux-gnu/mesa-egl/libEGL.so.1.0.0
7f426dc20000-7f426dc21000 rw-p 0002a000 08:01 15729315                   /usr/lib/x86_64-linux-gnu/mesa-egl/libEGL.so.1.0.0
7f426dc21000-7f426dc22000 rw-p 00000000 00:00 0 
7f426dc22000-7f426dcc7000 r-xp 00000000 08:01 28312164                   /tmp/jogamp_0000/file_cache/jln4274090329266478697/jln6686101151187823026/libjogl_desktop.so
7f426dcc7000-7f426dec7000 ---p 000a5000 08:01 28312164                   /tmp/jogamp_0000/file_cache/jln4274090329266478697/jln6686101151187823026/libjogl_desktop.so
7f426dec7000-7f426dec8000 rw-p 000a5000 08:01 28312164                   /tmp/jogamp_0000/file_cache/jln4274090329266478697/jln6686101151187823026/libjogl_desktop.so
7f426dec8000-7f426ded4000 r-xp 00000000 08:01 15343767                   /usr/lib/x86_64-linux-gnu/libdrm.so.2.4.0
7f426ded4000-7f426e0d3000 ---p 0000c000 08:01 15343767                   /usr/lib/x86_64-linux-gnu/libdrm.so.2.4.0
7f426e0d3000-7f426e0d4000 r--p 0000b000 08:01 15343767                   /usr/lib/x86_64-linux-gnu/libdrm.so.2.4.0
7f426e0d4000-7f426e0d5000 rw-p 0000c000 08:01 15343767                   /usr/lib/x86_64-linux-gnu/libdrm.so.2.4.0
7f426e0d5000-7f426e0d6000 r-xp 00000000 08:01 15344706                   /usr/lib/x86_64-linux-gnu/libxshmfence.so.1.0.0
7f426e0d6000-7f426e2d5000 ---p 00001000 08:01 15344706                   /usr/lib/x86_64-linux-gnu/libxshmfence.so.1.0.0
7f426e2d5000-7f426e2d6000 r--p 00000000 08:01 15344706                   /usr/lib/x86_64-linux-gnu/libxshmfence.so.1.0.0
7f426e2d6000-7f426e2d7000 rw-p 00001000 08:01 15344706                   /usr/lib/x86_64-linux-gnu/libxshmfence.so.1.0.0
7f426e2d7000-7f426e2dc000 r-xp 00000000 08:01 15344688                   /usr/lib/x86_64-linux-gnu/libxcb-sync.so.1.0.0
7f426e2dc000-7f426e4db000 ---p 00005000 08:01 15344688                   /usr/lib/x86_64-linux-gnu/libxcb-sync.so.1.0.0
7f426e4db000-7f426e4dc000 r--p 00004000 08:01 15344688                   /usr/lib/x86_64-linux-gnu/libxcb-sync.so.1.0.0
7f426e4dc000-7f426e4dd000 rw-p 00005000 08:01 15344688                   /usr/lib/x86_64-linux-gnu/libxcb-sync.so.1.0.0
7f426e4dd000-7f426e4df000 r-xp 00000000 08:01 15344676                   /usr/lib/x86_64-linux-gnu/libxcb-present.so.0.0.0
7f426e4df000-7f426e6de000 ---p 00002000 08:01 15344676                   /usr/lib/x86_64-linux-gnu/libxcb-present.so.0.0.0
7f426e6de000-7f426e6df000 r--p 00001000 08:01 15344676                   /usr/lib/x86_64-linux-gnu/libxcb-present.so.0.0.0
7f426e6df000-7f426e6e0000 rw-p 00002000 08:01 15344676                   /usr/lib/x86_64-linux-gnu/libxcb-present.so.0.0.0
7f426e6e0000-7f426e6e2000 r-xp 00000000 08:01 15344666                   /usr/lib/x86_64-linux-gnu/libxcb-dri3.so.0.0.0
7f426e6e2000-7f426e8e1000 ---p 00002000 08:01 15344666                   /usr/lib/x86_64-linux-gnu/libxcb-dri3.so.0.0.0
7f426e8e1000-7f426e8e2000 r--p 00001000 08:01 15344666                   /usr/lib/x86_64-linux-gnu/libxcb-dri3.so.0.0.0
7f426e8e2000-7f426e8e3000 rw-p 00002000 08:01 15344666                   /usr/lib/x86_64-linux-gnu/libxcb-dri3.so.0.0.0
7f426e8e3000-7f426e8e6000 r-xp 00000000 08:01 15344664                   /usr/lib/x86_64-linux-gnu/libxcb-dri2.so.0.0.0
7f426e8e6000-7f426eae6000 ---p 00003000 08:01 15344664                   /usr/lib/x86_64-linux-gnu/libxcb-dri2.so.0.0.0
7f426eae6000-7f426eae7000 r--p 00003000 08:01 15344664                   /usr/lib/x86_64-linux-gnu/libxcb-dri2.so.0.0.0
7f426eae7000-7f426eae8000 rw-p 00004000 08:01 15344664                   /usr/lib/x86_64-linux-gnu/libxcb-dri2.so.0.0.0
7f426eae8000-7f426eafd000 r-xp 00000000 08:01 15344668                   /usr/lib/x86_64-linux-gnu/libxcb-glx.so.0.0.0
7f426eafd000-7f426ecfc000 ---p 00015000 08:01 15344668                   /usr/lib/x86_64-linux-gnu/libxcb-glx.so.0.0.0
7f426ecfc000-7f426ecfe000 r--p 00014000 08:01 15344668                   /usr/lib/x86_64-linux-gnu/libxcb-glx.so.0.0.0
7f426ecfe000-7f426ecff000 rw-p 00016000 08:01 15344668                   /usr/lib/x86_64-linux-gnu/libxcb-glx.so.0.0.0
7f426ecff000-7f426ed00000 r-xp 00000000 08:01 15343492                   /usr/lib/x86_64-linux-gnu/libX11-xcb.so.1.0.0
7f426ed00000-7f426eeff000 ---p 00001000 08:01 15343492                   /usr/lib/x86_64-linux-gnu/libX11-xcb.so.1.0.0
7f426eeff000-7f426ef00000 r--p 00000000 08:01 15343492                   /usr/lib/x86_64-linux-gnu/libX11-xcb.so.1.0.0
7f426ef00000-7f426ef01000 rw-p 00001000 08:01 15343492                   /usr/lib/x86_64-linux-gnu/libX11-xcb.so.1.0.0
7f426ef01000-7f426ef03000 r-xp 00000000 08:01 15343507                   /usr/lib/x86_64-linux-gnu/libXdamage.so.1.1.0
7f426ef03000-7f426f102000 ---p 00002000 08:01 15343507                   /usr/lib/x86_64-linux-gnu/libXdamage.so.1.1.0
7f426f102000-7f426f103000 r--p 00001000 08:01 15343507                   /usr/lib/x86_64-linux-gnu/libXdamage.so.1.1.0
7f426f103000-7f426f104000 rw-p 00002000 08:01 15343507                   /usr/lib/x86_64-linux-gnu/libXdamage.so.1.1.0
7f426f104000-7f426f129000 r-xp 00000000 08:01 15343260                   /usr/lib/x86_64-linux-gnu/libglapi.so.0.0.0
7f426f129000-7f426f329000 ---p 00025000 08:01 15343260                   /usr/lib/x86_64-linux-gnu/libglapi.so.0.0.0
7f426f329000-7f426f32c000 r--p 00025000 08:01 15343260                   /usr/lib/x86_64-linux-gnu/libglapi.so.0.0.0
7f426f32c000-7f426f32d000 rw-p 00028000 08:01 15343260                   /usr/lib/x86_64-linux-gnu/libglapi.so.0.0.0
7f426f32d000-7f426f32e000 rw-p 00000000 00:00 0 
7f426f32e000-7f426f354000 r-xp 00000000 08:01 27267358                   /lib/x86_64-linux-gnu/libexpat.so.1.6.0
7f426f354000-7f426f553000 ---p 00026000 08:01 27267358                   /lib/x86_64-linux-gnu/libexpat.so.1.6.0
7f426f553000-7f426f556000 r--p 00025000 08:01 27267358                   /lib/x86_64-linux-gnu/libexpat.so.1.6.0
7f426f556000-7f426f557000 rw-p 00028000 08:01 27267358                   /lib/x86_64-linux-gnu/libexpat.so.1.6.0
7f426f557000-7f426f5ef000 r-xp 00000000 08:01 15732978                   /usr/lib/x86_64-linux-gnu/mesa/libGL.so.1.2.0
7f426f5ef000-7f426f7ee000 ---p 00098000 08:01 15732978                   /usr/lib/x86_64-linux-gnu/mesa/libGL.so.1.2.0
7f426f7ee000-7f426f7f1000 r--p 00097000 08:01 15732978                   /usr/lib/x86_64-linux-gnu/mesa/libGL.so.1.2.0
7f426f7f1000-7f426f7f2000 rw-p 0009a000 08:01 15732978                   /usr/lib/x86_64-linux-gnu/mesa/libGL.so.1.2.0
7f426f7f2000-7f426f9f3000 rw-p 00000000 00:00 0 
7f426f9f3000-7f426fbf3000 rw-p 00000000 00:00 0 
7f426fbf3000-7f426fbfa000 r-xp 00000000 08:01 28312169                   /tmp/jogamp_0000/file_cache/jln4274090329266478697/jln6686101151187823026/libnativewindow_x11.so
7f426fbfa000-7f426fdf9000 ---p 00007000 08:01 28312169                   /tmp/jogamp_0000/file_cache/jln4274090329266478697/jln6686101151187823026/libnativewindow_x11.so
7f426fdf9000-7f426fdfa000 rw-p 00006000 08:01 28312169                   /tmp/jogamp_0000/file_cache/jln4274090329266478697/jln6686101151187823026/libnativewindow_x11.so
7f426fdfa000-7f426fdfe000 r-xp 00000000 08:01 15343549                   /usr/lib/x86_64-linux-gnu/libXxf86vm.so.1.0.0
7f426fdfe000-7f426fffe000 ---p 00004000 08:01 15343549                   /usr/lib/x86_64-linux-gnu/libXxf86vm.so.1.0.0
7f426fffe000-7f426ffff000 r--p 00004000 08:01 15343549                   /usr/lib/x86_64-linux-gnu/libXxf86vm.so.1.0.0
7f426ffff000-7f4270000000 rw-p 00005000 08:01 15343549                   /usr/lib/x86_64-linux-gnu/libXxf86vm.so.1.0.0
7f4270000000-7f4270021000 rw-p 00000000 00:00 0 
7f4270021000-7f4274000000 ---p 00000000 00:00 0 
7f4274068000-7f42740e8000 rw-s 1bdf72000 00:06 9579                      /dev/dri/card0
7f42740e8000-7f42740ea000 r-xp 00000000 08:01 28312168                   /tmp/jogamp_0000/file_cache/jln4274090329266478697/jln6686101151187823026/libnativewindow_awt.so
7f42740ea000-7f42742e9000 ---p 00002000 08:01 28312168                   /tmp/jogamp_0000/file_cache/jln4274090329266478697/jln6686101151187823026/libnativewindow_awt.so
7f42742e9000-7f42742ea000 rw-p 00001000 08:01 28312168                   /tmp/jogamp_0000/file_cache/jln4274090329266478697/jln6686101151187823026/libnativewindow_awt.so
7f42742ea000-7f42742eb000 r-xp 00000000 08:01 3450810                    /home/ema/Scaricati/jdk1.8.0_92/jre/lib/amd64/libjawt.so
7f42742eb000-7f42744ea000 ---p 00001000 08:01 3450810                    /home/ema/Scaricati/jdk1.8.0_92/jre/lib/amd64/libjawt.so
7f42744ea000-7f42744eb000 rw-p 00000000 08:01 3450810                    /home/ema/Scaricati/jdk1.8.0_92/jre/lib/amd64/libjawt.so
7f42744eb000-7f42744ed000 r-xp 00000000 08:01 28312162                   /tmp/jogamp_0000/file_cache/jln4274090329266478697/jln6686101151187823026/libgluegen-rt.so
7f42744ed000-7f42746ec000 ---p 00002000 08:01 28312162                   /tmp/jogamp_0000/file_cache/jln4274090329266478697/jln6686101151187823026/libgluegen-rt.so
7f42746ec000-7f42746ed000 rw-p 00001000 08:01 28312162                   /tmp/jogamp_0000/file_cache/jln4274090329266478697/jln6686101151187823026/libgluegen-rt.so
7f42746ed000-7f42746f0000 ---p 00000000 00:00 0 
7f42746f0000-7f42749ee000 rw-p 00000000 00:00 0 
7f42749ee000-7f42749f1000 ---p 00000000 00:00 0 
7f42749f1000-7f4274cef000 rw-p 00000000 00:00 0 
7f4274cef000-7f4274cf2000 ---p 00000000 00:00 0 
7f4274cf2000-7f4274df0000 rw-p 00000000 00:00 0 
7f4274df0000-7f4274e59000 r-xp 00000000 08:01 3450779                    /home/ema/Scaricati/jdk1.8.0_92/jre/lib/amd64/libt2k.so
7f4274e59000-7f4275059000 ---p 00069000 08:01 3450779                    /home/ema/Scaricati/jdk1.8.0_92/jre/lib/amd64/libt2k.so
7f4275059000-7f4275060000 rw-p 00069000 08:01 3450779                    /home/ema/Scaricati/jdk1.8.0_92/jre/lib/amd64/libt2k.so
7f4275060000-7f4275070000 rw-p 00000000 00:00 0 
7f4275070000-7f4275081000 r-xp 00000000 08:01 3450822                    /home/ema/Scaricati/jdk1.8.0_92/jre/lib/amd64/libnio.so
7f4275081000-7f4275280000 ---p 00011000 08:01 3450822                    /home/ema/Scaricati/jdk1.8.0_92/jre/lib/amd64/libnio.so
7f4275280000-7f4275281000 rw-p 00010000 08:01 3450822                    /home/ema/Scaricati/jdk1.8.0_92/jre/lib/amd64/libnio.so
7f4275281000-7f4275582000 rw-p 00000000 00:00 0 
7f4275582000-7f4275598000 r-xp 00000000 08:01 3450819                    /home/ema/Scaricati/jdk1.8.0_92/jre/lib/amd64/libnet.so
7f4275598000-7f4275798000 ---p 00016000 08:01 3450819                    /home/ema/Scaricati/jdk1.8.0_92/jre/lib/amd64/libnet.so
7f4275798000-7f4275799000 rw-p 00016000 08:01 3450819                    /home/ema/Scaricati/jdk1.8.0_92/jre/lib/amd64/libnet.so
7f4275799000-7f427579c000 ---p 00000000 00:00 0 
7f427579c000-7f427589a000 rw-p 00000000 00:00 0 
7f427589a000-7f427589d000 ---p 00000000 00:00 0 
7f427589d000-7f427599b000 rw-p 00000000 00:00 0 
7f427599b000-7f427599e000 ---p 00000000 00:00 0 
7f427599e000-7f4275a9c000 rw-p 00000000 00:00 0 
7f4275a9c000-7f4275a9f000 ---p 00000000 00:00 0 
7f4275a9f000-7f4275b9d000 rw-p 00000000 00:00 0 
7f4275b9d000-7f4275ba2000 r-xp 00000000 08:01 15343513                   /usr/lib/x86_64-linux-gnu/libXfixes.so.3.1.0
7f4275ba2000-7f4275da1000 ---p 00005000 08:01 15343513                   /usr/lib/x86_64-linux-gnu/libXfixes.so.3.1.0
7f4275da1000-7f4275da2000 r--p 00004000 08:01 15343513                   /usr/lib/x86_64-linux-gnu/libXfixes.so.3.1.0
7f4275da2000-7f4275da3000 rw-p 00005000 08:01 15343513                   /usr/lib/x86_64-linux-gnu/libXfixes.so.3.1.0
7f4275da3000-7f4275dac000 r-xp 00000000 08:01 15343505                   /usr/lib/x86_64-linux-gnu/libXcursor.so.1.0.2
7f4275dac000-7f4275fab000 ---p 00009000 08:01 15343505                   /usr/lib/x86_64-linux-gnu/libXcursor.so.1.0.2
7f4275fab000-7f4275fac000 r--p 00008000 08:01 15343505                   /usr/lib/x86_64-linux-gnu/libXcursor.so.1.0.2
7f4275fac000-7f4275fad000 rw-p 00009000 08:01 15343505                   /usr/lib/x86_64-linux-gnu/libXcursor.so.1.0.2
7f4275fad000-7f4275fb0000 ---p 00000000 00:00 0 
7f4275fb0000-7f42760ae000 rw-p 00000000 00:00 0 
7f42760ae000-7f42760c4000 r-xp 00000000 08:01 27269807                   /lib/x86_64-linux-gnu/libgcc_s.so.1
7f42760c4000-7f42762c3000 ---p 00016000 08:01 27269807                   /lib/x86_64-linux-gnu/libgcc_s.so.1
7f42762c3000-7f42762c4000 rw-p 00015000 08:01 27269807                   /lib/x86_64-linux-gnu/libgcc_s.so.1
7f42762c4000-7f4276329000 r-xp 00000000 08:01 3450798                    /home/ema/Scaricati/jdk1.8.0_92/jre/lib/amd64/libfontmanager.so
7f4276329000-7f4276528000 ---p 00065000 08:01 3450798                    /home/ema/Scaricati/jdk1.8.0_92/jre/lib/amd64/libfontmanager.so
7f4276528000-7f427652d000 rw-p 00064000 08:01 3450798                    /home/ema/Scaricati/jdk1.8.0_92/jre/lib/amd64/libfontmanager.so
7f427652d000-7f427653d000 rw-p 00000000 00:00 0 
7f427653d000-7f4276542000 r-xp 00000000 08:01 15343509                   /usr/lib/x86_64-linux-gnu/libXdmcp.so.6.0.0
7f4276542000-7f4276741000 ---p 00005000 08:01 15343509                   /usr/lib/x86_64-linux-gnu/libXdmcp.so.6.0.0
7f4276741000-7f4276742000 r--p 00004000 08:01 15343509                   /usr/lib/x86_64-linux-gnu/libXdmcp.so.6.0.0
7f4276742000-7f4276743000 rw-p 00005000 08:01 15343509                   /usr/lib/x86_64-linux-gnu/libXdmcp.so.6.0.0
7f4276743000-7f4276745000 r-xp 00000000 08:01 15343498                   /usr/lib/x86_64-linux-gnu/libXau.so.6.0.0
7f4276745000-7f4276945000 ---p 00002000 08:01 15343498                   /usr/lib/x86_64-linux-gnu/libXau.so.6.0.0
7f4276945000-7f4276946000 r--p 00002000 08:01 15343498                   /usr/lib/x86_64-linux-gnu/libXau.so.6.0.0
7f4276946000-7f4276947000 rw-p 00003000 08:01 15343498                   /usr/lib/x86_64-linux-gnu/libXau.so.6.0.0
7f4276947000-7f4276964000 r-xp 00000000 08:01 15344696                   /usr/lib/x86_64-linux-gnu/libxcb.so.1.1.0
7f4276964000-7f4276b64000 ---p 0001d000 08:01 15344696                   /usr/lib/x86_64-linux-gnu/libxcb.so.1.1.0
7f4276b64000-7f4276b65000 r--p 0001d000 08:01 15344696                   /usr/lib/x86_64-linux-gnu/libxcb.so.1.1.0
7f4276b65000-7f4276b66000 rw-p 0001e000 08:01 15344696                   /usr/lib/x86_64-linux-gnu/libxcb.so.1.1.0
7f4276b66000-7f4276b75000 r-xp 00000000 08:01 15343519                   /usr/lib/x86_64-linux-gnu/libXi.so.6.1.0
7f4276b75000-7f4276d74000 ---p 0000f000 08:01 15343519                   /usr/lib/x86_64-linux-gnu/libXi.so.6.1.0
7f4276d74000-7f4276d75000 r--p 0000e000 08:01 15343519                   /usr/lib/x86_64-linux-gnu/libXi.so.6.1.0
7f4276d75000-7f4276d76000 rw-p 0000f000 08:01 15343519                   /usr/lib/x86_64-linux-gnu/libXi.so.6.1.0
7f4276d76000-7f4276d7b000 r-xp 00000000 08:01 15343539                   /usr/lib/x86_64-linux-gnu/libXtst.so.6.1.0
7f4276d7b000-7f4276f7a000 ---p 00005000 08:01 15343539                   /usr/lib/x86_64-linux-gnu/libXtst.so.6.1.0
7f4276f7a000-7f4276f7b000 r--p 00004000 08:01 15343539                   /usr/lib/x86_64-linux-gnu/libXtst.so.6.1.0
7f4276f7b000-7f4276f7c000 rw-p 00005000 08:01 15343539                   /usr/lib/x86_64-linux-gnu/libXtst.so.6.1.0
7f4276f7c000-7f4276f85000 r-xp 00000000 08:01 15343533                   /usr/lib/x86_64-linux-gnu/libXrender.so.1.3.0
7f4276f85000-7f4277184000 ---p 00009000 08:01 15343533                   /usr/lib/x86_64-linux-gnu/libXrender.so.1.3.0
7f4277184000-7f4277185000 r--p 00008000 08:01 15343533                   /usr/lib/x86_64-linux-gnu/libXrender.so.1.3.0
7f4277185000-7f4277186000 rw-p 00009000 08:01 15343533                   /usr/lib/x86_64-linux-gnu/libXrender.so.1.3.0
7f4277186000-7f42772b9000 r-xp 00000000 08:01 15343494                   /usr/lib/x86_64-linux-gnu/libX11.so.6.3.0
7f42772b9000-7f42774b9000 ---p 00133000 08:01 15343494                   /usr/lib/x86_64-linux-gnu/libX11.so.6.3.0
7f42774b9000-7f42774ba000 r--p 00133000 08:01 15343494                   /usr/lib/x86_64-linux-gnu/libX11.so.6.3.0
7f42774ba000-7f42774be000 rw-p 00134000 08:01 15343494                   /usr/lib/x86_64-linux-gnu/libX11.so.6.3.0
7f42774be000-7f42774bf000 rw-p 00000000 00:00 0 
7f42774bf000-7f42774d0000 r-xp 00000000 08:01 15343511                   /usr/lib/x86_64-linux-gnu/libXext.so.6.4.0
7f42774d0000-7f42776cf000 ---p 00011000 08:01 15343511                   /usr/lib/x86_64-linux-gnu/libXext.so.6.4.0
7f42776cf000-7f42776d0000 r--p 00010000 08:01 15343511                   /usr/lib/x86_64-linux-gnu/libXext.so.6.4.0
7f42776d0000-7f42776d1000 rw-p 00011000 08:01 15343511                   /usr/lib/x86_64-linux-gnu/libXext.so.6.4.0
7f42776d1000-7f4277725000 r-xp 00000000 08:01 3450826                    /home/ema/Scaricati/jdk1.8.0_92/jre/lib/amd64/libawt_xawt.so
7f4277725000-7f4277925000 ---p 00054000 08:01 3450826                    /home/ema/Scaricati/jdk1.8.0_92/jre/lib/amd64/libawt_xawt.so
7f4277925000-7f4277929000 rw-p 00054000 08:01 3450826                    /home/ema/Scaricati/jdk1.8.0_92/jre/lib/amd64/libawt_xawt.so
7f4277929000-7f427792a000 rw-p 00000000 00:00 0 
7f427792a000-7f42779cc000 r-xp 00000000 08:01 3450809                    /home/ema/Scaricati/jdk1.8.0_92/jre/lib/amd64/libawt.so
7f42779cc000-7f4277bcc000 ---p 000a2000 08:01 3450809                    /home/ema/Scaricati/jdk1.8.0_92/jre/lib/amd64/libawt.so
7f4277bcc000-7f4277bd8000 rw-p 000a2000 08:01 3450809                    /home/ema/Scaricati/jdk1.8.0_92/jre/lib/amd64/libawt.so
7f4277bd8000-7f4277bfc000 rw-p 00000000 00:00 0 
7f4277bfc000-7f4277bfd000 ---p 00000000 00:00 0 
7f4277bfd000-7f4277cfd000 rw-p 00000000 00:00 0 
7f4277cfd000-7f4277d00000 ---p 00000000 00:00 0 
7f4277d00000-7f4277dfe000 rw-p 00000000 00:00 0 
7f4277dfe000-7f4277e01000 ---p 00000000 00:00 0 
7f4277e01000-7f4277eff000 rw-p 00000000 00:00 0 
7f4277eff000-7f4277f02000 ---p 00000000 00:00 0 
7f4277f02000-7f4278000000 rw-p 00000000 00:00 0 
7f4278000000-7f4278021000 rw-p 00000000 00:00 0 
7f4278021000-7f427c000000 ---p 00000000 00:00 0 
7f427c000000-7f427c021000 rw-p 00000000 00:00 0 
7f427c021000-7f4280000000 ---p 00000000 00:00 0 
7f4280000000-7f4280021000 rw-p 00000000 00:00 0 
7f4280021000-7f4284000000 ---p 00000000 00:00 0 
7f4284047000-7f4284067000 rw-s 1a33f5000 00:06 9579                      /dev/dri/card0
7f4284067000-7f4284083000 r--s 00393000 08:01 3450599                    /home/ema/Scaricati/jdk1.8.0_92/jre/lib/ext/cldrdata.jar
7f4284083000-7f4284086000 ---p 00000000 00:00 0 
7f4284086000-7f4284184000 rw-p 00000000 00:00 0 
7f4284184000-7f4284187000 ---p 00000000 00:00 0 
7f4284187000-7f4284285000 rw-p 00000000 00:00 0 
7f4284285000-7f4284288000 ---p 00000000 00:00 0 
7f4284288000-7f4284386000 rw-p 00000000 00:00 0 
7f4284386000-7f4284a69000 r--p 00000000 08:01 15342584                   /usr/lib/locale/locale-archive
7f4284a69000-7f4284a6c000 ---p 00000000 00:00 0 
7f4284a6c000-7f4284b6a000 rw-p 00000000 00:00 0 
7f4284b6a000-7f4284b6d000 ---p 00000000 00:00 0 
7f4284b6d000-7f4284c6b000 rw-p 00000000 00:00 0 
7f4284c6b000-7f4284c6c000 ---p 00000000 00:00 0 
7f4284c6c000-7f4288000000 rw-p 00000000 00:00 0 
7f4288000000-7f4288021000 rw-p 00000000 00:00 0 
7f4288021000-7f428c000000 ---p 00000000 00:00 0 
7f428c011000-7f428c014000 ---p 00000000 00:00 0 
7f428c014000-7f428c04a000 rw-p 00000000 00:00 0 
7f428c04a000-7f428c06d000 r--s 002ec000 08:01 3540429                    /home/ema/Dropbox/ACCADEMIC/Programmi/Java/ucsdunfoldingmaps/lib/jogl-all.jar
7f428c06d000-7f428d000000 rw-p 00000000 00:00 0 
7f428d000000-7f428d950000 rwxp 00000000 00:00 0 
7f428d950000-7f429c000000 ---p 00000000 00:00 0 
7f429c000000-7f429c2cc000 rw-p 00000000 00:00 0 
7f429c2cc000-7f42a0000000 ---p 00000000 00:00 0 
7f42a0000000-7f42a0001000 rw-s 1a3895000 00:06 9579                      /dev/dri/card0
7f42a0002000-7f42a0006000 rw-s 194764000 00:06 9579                      /dev/dri/card0
7f42a0006000-7f42a000a000 rw-s 1a32d1000 00:06 9579                      /dev/dri/card0
7f42a000a000-7f42a0014000 r--s 00116000 08:01 3450653                    /home/ema/Scaricati/jdk1.8.0_92/jre/lib/ext/localedata.jar
7f42a0014000-7f42a08ef000 rw-p 00000000 00:00 0 
7f42a08ef000-7f42a0ac8000 r--s 03d24000 08:01 3450543                    /home/ema/Scaricati/jdk1.8.0_92/jre/lib/rt.jar
7f42a0ac8000-7f42a1627000 rw-p 00000000 00:00 0 
7f42a1627000-7f42a1628000 ---p 00000000 00:00 0 
7f42a1628000-7f42a1728000 rw-p 00000000 00:00 0 
7f42a1728000-7f42a1729000 ---p 00000000 00:00 0 
7f42a1729000-7f42a1829000 rw-p 00000000 00:00 0 
7f42a1829000-7f42a182a000 ---p 00000000 00:00 0 
7f42a182a000-7f42a192a000 rw-p 00000000 00:00 0 
7f42a192a000-7f42a192b000 ---p 00000000 00:00 0 
7f42a192b000-7f42a1a2b000 rw-p 00000000 00:00 0 
7f42a1a2b000-7f42a1a2c000 ---p 00000000 00:00 0 
7f42a1a2c000-7f42a1b2c000 rw-p 00000000 00:00 0 
7f42a1b2c000-7f42a1b2d000 ---p 00000000 00:00 0 
7f42a1b2d000-7f42a1c2d000 rw-p 00000000 00:00 0 
7f42a1c2d000-7f42a1c2e000 ---p 00000000 00:00 0 
7f42a1c2e000-7f42a1d2e000 rw-p 00000000 00:00 0 
7f42a1d2e000-7f42a1d2f000 ---p 00000000 00:00 0 
7f42a1d2f000-7f42a1e4d000 rw-p 00000000 00:00 0 
7f42a1e4d000-7f42a2020000 ---p 00000000 00:00 0 
7f42a2020000-7f42a203e000 rw-p 00000000 00:00 0 
7f42a203e000-7f42a2210000 ---p 00000000 00:00 0 
7f42a2210000-7f42a2226000 rw-p 00000000 00:00 0 
7f42a2226000-7f42a2309000 ---p 00000000 00:00 0 
7f42a2309000-7f42a2330000 rw-p 00000000 00:00 0 
7f42a2330000-7f42a26ca000 ---p 00000000 00:00 0 
7f42a26ca000-7f42a26e4000 r-xp 00000000 08:01 3450813                    /home/ema/Scaricati/jdk1.8.0_92/jre/lib/amd64/libzip.so
7f42a26e4000-7f42a28e4000 ---p 0001a000 08:01 3450813                    /home/ema/Scaricati/jdk1.8.0_92/jre/lib/amd64/libzip.so
7f42a28e4000-7f42a28e5000 rw-p 0001a000 08:01 3450813                    /home/ema/Scaricati/jdk1.8.0_92/jre/lib/amd64/libzip.so
7f42a28e5000-7f42a28f1000 r-xp 00000000 08:01 27267297                   /lib/x86_64-linux-gnu/libnss_files-2.21.so
7f42a28f1000-7f42a2af0000 ---p 0000c000 08:01 27267297                   /lib/x86_64-linux-gnu/libnss_files-2.21.so
7f42a2af0000-7f42a2af1000 r--p 0000b000 08:01 27267297                   /lib/x86_64-linux-gnu/libnss_files-2.21.so
7f42a2af1000-7f42a2af2000 rw-p 0000c000 08:01 27267297                   /lib/x86_64-linux-gnu/libnss_files-2.21.so
7f42a2af2000-7f42a2afd000 r-xp 00000000 08:01 27267307                   /lib/x86_64-linux-gnu/libnss_nis-2.21.so
7f42a2afd000-7f42a2cfc000 ---p 0000b000 08:01 27267307                   /lib/x86_64-linux-gnu/libnss_nis-2.21.so
7f42a2cfc000-7f42a2cfd000 r--p 0000a000 08:01 27267307                   /lib/x86_64-linux-gnu/libnss_nis-2.21.so
7f42a2cfd000-7f42a2cfe000 rw-p 0000b000 08:01 27267307                   /lib/x86_64-linux-gnu/libnss_nis-2.21.so
7f42a2cfe000-7f42a2d15000 r-xp 00000000 08:01 27267291                   /lib/x86_64-linux-gnu/libnsl-2.21.so
7f42a2d15000-7f42a2f14000 ---p 00017000 08:01 27267291                   /lib/x86_64-linux-gnu/libnsl-2.21.so
7f42a2f14000-7f42a2f15000 r--p 00016000 08:01 27267291                   /lib/x86_64-linux-gnu/libnsl-2.21.so
7f42a2f15000-7f42a2f16000 rw-p 00017000 08:01 27267291                   /lib/x86_64-linux-gnu/libnsl-2.21.so
7f42a2f16000-7f42a2f18000 rw-p 00000000 00:00 0 
7f42a2f18000-7f42a2f20000 r-xp 00000000 08:01 27267293                   /lib/x86_64-linux-gnu/libnss_compat-2.21.so
7f42a2f20000-7f42a311f000 ---p 00008000 08:01 27267293                   /lib/x86_64-linux-gnu/libnss_compat-2.21.so
7f42a311f000-7f42a3120000 r--p 00007000 08:01 27267293                   /lib/x86_64-linux-gnu/libnss_compat-2.21.so
7f42a3120000-7f42a3121000 rw-p 00008000 08:01 27267293                   /lib/x86_64-linux-gnu/libnss_compat-2.21.so
7f42a3121000-7f42a314b000 r-xp 00000000 08:01 3450807                    /home/ema/Scaricati/jdk1.8.0_92/jre/lib/amd64/libjava.so
7f42a314b000-7f42a334b000 ---p 0002a000 08:01 3450807                    /home/ema/Scaricati/jdk1.8.0_92/jre/lib/amd64/libjava.so
7f42a334b000-7f42a334d000 rw-p 0002a000 08:01 3450807                    /home/ema/Scaricati/jdk1.8.0_92/jre/lib/amd64/libjava.so
7f42a334d000-7f42a335a000 r-xp 00000000 08:01 3450812                    /home/ema/Scaricati/jdk1.8.0_92/jre/lib/amd64/libverify.so
7f42a335a000-7f42a355a000 ---p 0000d000 08:01 3450812                    /home/ema/Scaricati/jdk1.8.0_92/jre/lib/amd64/libverify.so
7f42a355a000-7f42a355c000 rw-p 0000d000 08:01 3450812                    /home/ema/Scaricati/jdk1.8.0_92/jre/lib/amd64/libverify.so
7f42a355c000-7f42a3563000 r-xp 00000000 08:01 27267352                   /lib/x86_64-linux-gnu/librt-2.21.so
7f42a3563000-7f42a3762000 ---p 00007000 08:01 27267352                   /lib/x86_64-linux-gnu/librt-2.21.so
7f42a3762000-7f42a3763000 r--p 00006000 08:01 27267352                   /lib/x86_64-linux-gnu/librt-2.21.so
7f42a3763000-7f42a3764000 rw-p 00007000 08:01 27267352                   /lib/x86_64-linux-gnu/librt-2.21.so
7f42a3764000-7f42a386b000 r-xp 00000000 08:01 27267270                   /lib/x86_64-linux-gnu/libm-2.21.so
7f42a386b000-7f42a3a6a000 ---p 00107000 08:01 27267270                   /lib/x86_64-linux-gnu/libm-2.21.so
7f42a3a6a000-7f42a3a6b000 r--p 00106000 08:01 27267270                   /lib/x86_64-linux-gnu/libm-2.21.so
7f42a3a6b000-7f42a3a6c000 rw-p 00107000 08:01 27267270                   /lib/x86_64-linux-gnu/libm-2.21.so
7f42a3a6c000-7f42a472f000 r-xp 00000000 08:01 3450788                    /home/ema/Scaricati/jdk1.8.0_92/jre/lib/amd64/server/libjvm.so
7f42a472f000-7f42a492e000 ---p 00cc3000 08:01 3450788                    /home/ema/Scaricati/jdk1.8.0_92/jre/lib/amd64/server/libjvm.so
7f42a492e000-7f42a4a07000 rw-p 00cc2000 08:01 3450788                    /home/ema/Scaricati/jdk1.8.0_92/jre/lib/amd64/server/libjvm.so
7f42a4a07000-7f42a4a52000 rw-p 00000000 00:00 0 
7f42a4a52000-7f42a4c12000 r-xp 00000000 08:01 27267211                   /lib/x86_64-linux-gnu/libc-2.21.so
7f42a4c12000-7f42a4e12000 ---p 001c0000 08:01 27267211                   /lib/x86_64-linux-gnu/libc-2.21.so
7f42a4e12000-7f42a4e16000 r--p 001c0000 08:01 27267211                   /lib/x86_64-linux-gnu/libc-2.21.so
7f42a4e16000-7f42a4e18000 rw-p 001c4000 08:01 27267211                   /lib/x86_64-linux-gnu/libc-2.21.so
7f42a4e18000-7f42a4e1c000 rw-p 00000000 00:00 0 
7f42a4e1c000-7f42a4e1f000 r-xp 00000000 08:01 27267228                   /lib/x86_64-linux-gnu/libdl-2.21.so
7f42a4e1f000-7f42a501e000 ---p 00003000 08:01 27267228                   /lib/x86_64-linux-gnu/libdl-2.21.so
7f42a501e000-7f42a501f000 r--p 00002000 08:01 27267228                   /lib/x86_64-linux-gnu/libdl-2.21.so
7f42a501f000-7f42a5020000 rw-p 00003000 08:01 27267228                   /lib/x86_64-linux-gnu/libdl-2.21.so
7f42a5020000-7f42a5035000 r-xp 00000000 08:01 3450782                    /home/ema/Scaricati/jdk1.8.0_92/jre/lib/amd64/jli/libjli.so
7f42a5035000-7f42a5235000 ---p 00015000 08:01 3450782                    /home/ema/Scaricati/jdk1.8.0_92/jre/lib/amd64/jli/libjli.so
7f42a5235000-7f42a5236000 rw-p 00015000 08:01 3450782                    /home/ema/Scaricati/jdk1.8.0_92/jre/lib/amd64/jli/libjli.so
7f42a5236000-7f42a524e000 r-xp 00000000 08:01 27267344                   /lib/x86_64-linux-gnu/libpthread-2.21.so
7f42a524e000-7f42a544e000 ---p 00018000 08:01 27267344                   /lib/x86_64-linux-gnu/libpthread-2.21.so
7f42a544e000-7f42a544f000 r--p 00018000 08:01 27267344                   /lib/x86_64-linux-gnu/libpthread-2.21.so
7f42a544f000-7f42a5450000 rw-p 00019000 08:01 27267344                   /lib/x86_64-linux-gnu/libpthread-2.21.so
7f42a5450000-7f42a5454000 rw-p 00000000 00:00 0 
7f42a5454000-7f42a5478000 r-xp 00000000 08:01 27267183                   /lib/x86_64-linux-gnu/ld-2.21.so
7f42a5478000-7f42a5479000 rw-p 00000000 00:00 0 
7f42a5479000-7f42a547b000 rw-s 1e7403000 00:06 9579                      /dev/dri/card0
7f42a547b000-7f42a547c000 rw-s 11c69e000 00:06 9579                      /dev/dri/card0
7f42a547c000-7f42a547d000 rwxp 00000000 00:00 0 
7f42a547d000-7f42a547e000 rw-s 1be172000 00:06 9579                      /dev/dri/card0
7f42a547e000-7f42a5480000 r--s 00000000 08:01 3540406                    /home/ema/Dropbox/ACCADEMIC/Programmi/Java/ucsdunfoldingmaps/lib/gluegen-rt-natives-linux-amd64.jar
7f42a5480000-7f42a5484000 r--s 00097000 08:01 3450594                    /home/ema/Scaricati/jdk1.8.0_92/jre/lib/jsse.jar
7f42a5484000-7f42a548a000 r--s 00033000 08:01 3540448                    /home/ema/Dropbox/ACCADEMIC/Programmi/Java/ucsdunfoldingmaps/lib/unfolding.0.9.7-uscd.jar
7f42a548a000-7f42a554c000 rw-p 00000000 00:00 0 
7f42a554c000-7f42a554f000 ---p 00000000 00:00 0 
7f42a554f000-7f42a5651000 rw-p 00000000 00:00 0 
7f42a5651000-7f42a5652000 r--s 0002f000 08:01 3540414                    /home/ema/Dropbox/ACCADEMIC/Programmi/Java/ucsdunfoldingmaps/lib/jogl-all-natives-linux-amd64.jar
7f42a5652000-7f42a5653000 r--p 00000000 00:00 0 
7f42a5653000-7f42a5654000 r--s 00005000 08:01 3540435                    /home/ema/Dropbox/ACCADEMIC/Programmi/Java/ucsdunfoldingmaps/lib/libTUIO.jar
7f42a5654000-7f42a5655000 r--s 00007000 08:01 3540430                    /home/ema/Dropbox/ACCADEMIC/Programmi/Java/ucsdunfoldingmaps/lib/json4processing.jar
7f42a5655000-7f42a565a000 r--s 00309000 08:01 3540440                    /home/ema/Dropbox/ACCADEMIC/Programmi/Java/ucsdunfoldingmaps/lib/sqlite-jdbc-3.7.2.jar
7f42a565a000-7f42a5661000 r--s 00059000 08:01 3540436                    /home/ema/Dropbox/ACCADEMIC/Programmi/Java/ucsdunfoldingmaps/lib/log4j-1.2.15.jar
7f42a5661000-7f42a5667000 r--s 00041000 08:01 3540413                    /home/ema/Dropbox/ACCADEMIC/Programmi/Java/ucsdunfoldingmaps/lib/gluegen-rt.jar
7f42a5667000-7f42a566b000 r--s 0009a000 08:01 3540405                    /home/ema/Dropbox/ACCADEMIC/Programmi/Java/ucsdunfoldingmaps/lib/core.jar
7f42a566b000-7f42a5673000 rw-s 00000000 08:01 28312146                   /tmp/hsperfdata_ema/19145
7f42a5673000-7f42a5674000 rw-p 00000000 00:00 0 
7f42a5674000-7f42a5675000 r--p 00000000 00:00 0 
7f42a5675000-7f42a5677000 rw-p 00000000 00:00 0 
7f42a5677000-7f42a5678000 r--p 00023000 08:01 27267183                   /lib/x86_64-linux-gnu/ld-2.21.so
7f42a5678000-7f42a5679000 rw-p 00024000 08:01 27267183                   /lib/x86_64-linux-gnu/ld-2.21.so
7f42a5679000-7f42a567a000 rw-p 00000000 00:00 0 
7fff30e9b000-7fff30ebc000 rw-p 00000000 00:00 0                          [stack]
7fff30f68000-7fff30f6a000 r--p 00000000 00:00 0                          [vvar]
7fff30f6a000-7fff30f6c000 r-xp 00000000 00:00 0                          [vdso]
ffffffffff600000-ffffffffff601000 r-xp 00000000 00:00 0                  [vsyscall]

VM Arguments:
jvm_args: -Djava.security.policy=java.policy.applet -Dfile.encoding=UTF-8 
java_command: sun.applet.AppletViewer module3.EarthquakeCityMap1475765332935.html
java_class_path (initial): /home/ema/Dropbox/ACCADEMIC/Programmi/Java/ucsdunfoldingmaps/build:/home/ema/Dropbox/ACCADEMIC/Programmi/Java/ucsdunfoldingmaps/lib/core.jar:/home/ema/Dropbox/ACCADEMIC/Programmi/Java/ucsdunfoldingmaps/lib/gluegen-rt.jar:/home/ema/Dropbox/ACCADEMIC/Programmi/Java/ucsdunfoldingmaps/lib/jogl-all.jar:/home/ema/Dropbox/ACCADEMIC/Programmi/Java/ucsdunfoldingmaps/lib/log4j-1.2.15.jar:/home/ema/Dropbox/ACCADEMIC/Programmi/Java/ucsdunfoldingmaps/lib/sqlite-jdbc-3.7.2.jar:/home/ema/Dropbox/ACCADEMIC/Programmi/Java/ucsdunfoldingmaps/lib/json4processing.jar:/home/ema/Dropbox/ACCADEMIC/Programmi/Java/ucsdunfoldingmaps/lib/libTUIO.jar:/home/ema/Dropbox/ACCADEMIC/Programmi/Java/ucsdunfoldingmaps/lib/unfolding.0.9.7-uscd.jar
Launcher Type: SUN_STANDARD

Environment Variables:
PATH=/usr/local/sbin:/usr/local/bin:/usr/sbin:/usr/bin:/sbin:/bin:/usr/games:/usr/local/games
SHELL=/bin/bash
DISPLAY=:0

Signal Handlers:
SIGSEGV: [libjvm.so+0xabdee0], sa_mask[0]=11111111011111111101111111111110, sa_flags=SA_RESTART|SA_SIGINFO
SIGBUS: [libjvm.so+0xabdee0], sa_mask[0]=11111111011111111101111111111110, sa_flags=SA_RESTART|SA_SIGINFO
SIGFPE: [libjvm.so+0x91a580], sa_mask[0]=11111111011111111101111111111110, sa_flags=SA_RESTART|SA_SIGINFO
SIGPIPE: [libjvm.so+0x91a580], sa_mask[0]=11111111011111111101111111111110, sa_flags=SA_RESTART|SA_SIGINFO
SIGXFSZ: [libjvm.so+0x91a580], sa_mask[0]=11111111011111111101111111111110, sa_flags=SA_RESTART|SA_SIGINFO
SIGILL: [libjvm.so+0x91a580], sa_mask[0]=11111111011111111101111111111110, sa_flags=SA_RESTART|SA_SIGINFO
SIGUSR1: SIG_DFL, sa_mask[0]=00000000000000000000000000000000, sa_flags=none
SIGUSR2: [libjvm.so+0x91bbb0], sa_mask[0]=00100000000000000000000000000000, sa_flags=SA_RESTART|SA_SIGINFO
SIGHUP: [libjvm.so+0x91cfb0], sa_mask[0]=11111111011111111101111111111110, sa_flags=SA_RESTART|SA_SIGINFO
SIGINT: [libjvm.so+0x91cfb0], sa_mask[0]=11111111011111111101111111111110, sa_flags=SA_RESTART|SA_SIGINFO
SIGTERM: [libjvm.so+0x91cfb0], sa_mask[0]=11111111011111111101111111111110, sa_flags=SA_RESTART|SA_SIGINFO
SIGQUIT: [libjvm.so+0x91cfb0], sa_mask[0]=11111111011111111101111111111110, sa_flags=SA_RESTART|SA_SIGINFO


---------------  S Y S T E M  ---------------

OS:DISTRIB_ID=Ubuntu
DISTRIB_RELEASE=15.04
DISTRIB_CODENAME=vivid
DISTRIB_DESCRIPTION="Ubuntu 15.04"

uname:Linux 3.19.0-69-generic #77-Ubuntu SMP Mon Aug 29 19:53:54 UTC 2016 x86_64
libc:glibc 2.21 NPTL 2.21 
rlimit: STACK 8192k, CORE 0k, NPROC 23746, NOFILE 65536, AS infinity
load average:1,02 0,94 0,77

/proc/meminfo:
MemTotal:        6101264 kB
MemFree:         1605868 kB
MemAvailable:    3022864 kB
Buffers:          705180 kB
Cached:           886256 kB
SwapCached:            0 kB
Active:          3671892 kB
Inactive:         547148 kB
Active(anon):    2632000 kB
Inactive(anon):    41092 kB
Active(file):    1039892 kB
Inactive(file):   506056 kB
Unevictable:          60 kB
Mlocked:              60 kB
SwapTotal:             0 kB
SwapFree:              0 kB
Dirty:               456 kB
Writeback:             0 kB
AnonPages:       2627684 kB
Mapped:           433944 kB
Shmem:             45492 kB
Slab:             130292 kB
SReclaimable:      79984 kB
SUnreclaim:        50308 kB
KernelStack:       12064 kB
PageTables:        38524 kB
NFS_Unstable:          0 kB
Bounce:                0 kB
WritebackTmp:          0 kB
CommitLimit:     3050632 kB
Committed_AS:    7258556 kB
VmallocTotal:   34359738367 kB
VmallocUsed:      316012 kB
VmallocChunk:   34359313016 kB
HardwareCorrupted:     0 kB
AnonHugePages:   1284096 kB
CmaTotal:              0 kB
CmaFree:               0 kB
HugePages_Total:       0
HugePages_Free:        0
HugePages_Rsvd:        0
HugePages_Surp:        0
Hugepagesize:       2048 kB
DirectMap4k:      187904 kB
DirectMap2M:     6094848 kB


CPU:total 8 (4 cores per cpu, 2 threads per core) family 6 model 26 stepping 5, cmov, cx8, fxsr, mmx, sse, sse2, sse3, ssse3, sse4.1, sse4.2, popcnt, ht, tsc, tscinvbit, tscinv

/proc/cpuinfo:
processor	: 0
vendor_id	: GenuineIntel
cpu family	: 6
model		: 26
model name	: Intel(R) Core(TM) i7 CPU         920  @ 2.67GHz
stepping	: 5
microcode	: 0xf
cpu MHz		: 1600.000
cache size	: 8192 KB
physical id	: 0
siblings	: 8
core id		: 0
cpu cores	: 4
apicid		: 0
initial apicid	: 0
fpu		: yes
fpu_exception	: yes
cpuid level	: 11
wp		: yes
flags		: fpu vme de pse tsc msr pae mce cx8 apic sep mtrr pge mca cmov pat pse36 clflush dts acpi mmx fxsr sse sse2 ss ht tm pbe syscall nx rdtscp lm constant_tsc arch_perfmon pebs bts rep_good nopl xtopology nonstop_tsc aperfmperf pni dtes64 monitor ds_cpl vmx est tm2 ssse3 cx16 xtpr pdcm sse4_1 sse4_2 popcnt lahf_lm ida dtherm tpr_shadow vnmi flexpriority ept vpid
bugs		:
bogomips	: 5344.97
clflush size	: 64
cache_alignment	: 64
address sizes	: 36 bits physical, 48 bits virtual
power management:

processor	: 1
vendor_id	: GenuineIntel
cpu family	: 6
model		: 26
model name	: Intel(R) Core(TM) i7 CPU         920  @ 2.67GHz
stepping	: 5
microcode	: 0xf
cpu MHz		: 1867.000
cache size	: 8192 KB
physical id	: 0
siblings	: 8
core id		: 1
cpu cores	: 4
apicid		: 2
initial apicid	: 2
fpu		: yes
fpu_exception	: yes
cpuid level	: 11
wp		: yes
flags		: fpu vme de pse tsc msr pae mce cx8 apic sep mtrr pge mca cmov pat pse36 clflush dts acpi mmx fxsr sse sse2 ss ht tm pbe syscall nx rdtscp lm constant_tsc arch_perfmon pebs bts rep_good nopl xtopology nonstop_tsc aperfmperf pni dtes64 monitor ds_cpl vmx est tm2 ssse3 cx16 xtpr pdcm sse4_1 sse4_2 popcnt lahf_lm ida dtherm tpr_shadow vnmi flexpriority ept vpid
bugs		:
bogomips	: 5344.97
clflush size	: 64
cache_alignment	: 64
address sizes	: 36 bits physical, 48 bits virtual
power management:

processor	: 2
vendor_id	: GenuineIntel
cpu family	: 6
model		: 26
model name	: Intel(R) Core(TM) i7 CPU         920  @ 2.67GHz
stepping	: 5
microcode	: 0xf
cpu MHz		: 2000.000
cache size	: 8192 KB
physical id	: 0
siblings	: 8
core id		: 2
cpu cores	: 4
apicid		: 4
initial apicid	: 4
fpu		: yes
fpu_exception	: yes
cpuid level	: 11
wp		: yes
flags		: fpu vme de pse tsc msr pae mce cx8 apic sep mtrr pge mca cmov pat pse36 clflush dts acpi mmx fxsr sse sse2 ss ht tm pbe syscall nx rdtscp lm constant_tsc arch_perfmon pebs bts rep_good nopl xtopology nonstop_tsc aperfmperf pni dtes64 monitor ds_cpl vmx est tm2 ssse3 cx16 xtpr pdcm sse4_1 sse4_2 popcnt lahf_lm ida dtherm tpr_shadow vnmi flexpriority ept vpid
bugs		:
bogomips	: 5344.97
clflush size	: 64
cache_alignment	: 64
address sizes	: 36 bits physical, 48 bits virtual
power management:

processor	: 3
vendor_id	: GenuineIntel
cpu family	: 6
model		: 26
model name	: Intel(R) Core(TM) i7 CPU         920  @ 2.67GHz
stepping	: 5
microcode	: 0xf
cpu MHz		: 1867.000
cache size	: 8192 KB
physical id	: 0
siblings	: 8
core id		: 3
cpu cores	: 4
apicid		: 6
initial apicid	: 6
fpu		: yes
fpu_exception	: yes
cpuid level	: 11
wp		: yes
flags		: fpu vme de pse tsc msr pae mce cx8 apic sep mtrr pge mca cmov pat pse36 clflush dts acpi mmx fxsr sse sse2 ss ht tm pbe syscall nx rdtscp lm constant_tsc arch_perfmon pebs bts rep_good nopl xtopology nonstop_tsc aperfmperf pni dtes64 monitor ds_cpl vmx est tm2 ssse3 cx16 xtpr pdcm sse4_1 sse4_2 popcnt lahf_lm ida dtherm tpr_shadow vnmi flexpriority ept vpid
bugs		:
bogomips	: 5344.97
clflush size	: 64
cache_alignment	: 64
address sizes	: 36 bits physical, 48 bits virtual
power management:

processor	: 4
vendor_id	: GenuineIntel
cpu family	: 6
model		: 26
model name	: Intel(R) Core(TM) i7 CPU         920  @ 2.67GHz
stepping	: 5
microcode	: 0xf
cpu MHz		: 1600.000
cache size	: 8192 KB
physical id	: 0
siblings	: 8
core id		: 0
cpu cores	: 4
apicid		: 1
initial apicid	: 1
fpu		: yes
fpu_exception	: yes
cpuid level	: 11
wp		: yes
flags		: fpu vme de pse tsc msr pae mce cx8 apic sep mtrr pge mca cmov pat pse36 clflush dts acpi mmx fxsr sse sse2 ss ht tm pbe syscall nx rdtscp lm constant_tsc arch_perfmon pebs bts rep_good nopl xtopology nonstop_tsc aperfmperf pni dtes64 monitor ds_cpl vmx est tm2 ssse3 cx16 xtpr pdcm sse4_1 sse4_2 popcnt lahf_lm ida dtherm tpr_shadow vnmi flexpriority ept vpid
bugs		:
bogomips	: 5344.97
clflush size	: 64
cache_alignment	: 64
address sizes	: 36 bits physical, 48 bits virtual
power management:

processor	: 5
vendor_id	: GenuineIntel
cpu family	: 6
model		: 26
model name	: Intel(R) Core(TM) i7 CPU         920  @ 2.67GHz
stepping	: 5
microcode	: 0xf
cpu MHz		: 1600.000
cache size	: 8192 KB
physical id	: 0
siblings	: 8
core id		: 1
cpu cores	: 4
apicid		: 3
initial apicid	: 3
fpu		: yes
fpu_exception	: yes
cpuid level	: 11
wp		: yes
flags		: fpu vme de pse tsc msr pae mce cx8 apic sep mtrr pge mca cmov pat pse36 clflush dts acpi mmx fxsr sse sse2 ss ht tm pbe syscall nx rdtscp lm constant_tsc arch_perfmon pebs bts rep_good nopl xtopology nonstop_tsc aperfmperf pni dtes64 monitor ds_cpl vmx est tm2 ssse3 cx16 xtpr pdcm sse4_1 sse4_2 popcnt lahf_lm ida dtherm tpr_shadow vnmi flexpriority ept vpid
bugs		:
bogomips	: 5344.97
clflush size	: 64
cache_alignment	: 64
address sizes	: 36 bits physical, 48 bits virtual
power management:

processor	: 6
vendor_id	: GenuineIntel
cpu family	: 6
model		: 26
model name	: Intel(R) Core(TM) i7 CPU         920  @ 2.67GHz
stepping	: 5
microcode	: 0xf
cpu MHz		: 1600.000
cache size	: 8192 KB
physical id	: 0
siblings	: 8
core id		: 2
cpu cores	: 4
apicid		: 5
initial apicid	: 5
fpu		: yes
fpu_exception	: yes
cpuid level	: 11
wp		: yes
flags		: fpu vme de pse tsc msr pae mce cx8 apic sep mtrr pge mca cmov pat pse36 clflush dts acpi mmx fxsr sse sse2 ss ht tm pbe syscall nx rdtscp lm constant_tsc arch_perfmon pebs bts rep_good nopl xtopology nonstop_tsc aperfmperf pni dtes64 monitor ds_cpl vmx est tm2 ssse3 cx16 xtpr pdcm sse4_1 sse4_2 popcnt lahf_lm ida dtherm tpr_shadow vnmi flexpriority ept vpid
bugs		:
bogomips	: 5344.97
clflush size	: 64
cache_alignment	: 64
address sizes	: 36 bits physical, 48 bits virtual
power management:

processor	: 7
vendor_id	: GenuineIntel
cpu family	: 6
model		: 26
model name	: Intel(R) Core(TM) i7 CPU         920  @ 2.67GHz
stepping	: 5
microcode	: 0xf
cpu MHz		: 1600.000
cache size	: 8192 KB
physical id	: 0
siblings	: 8
core id		: 3
cpu cores	: 4
apicid		: 7
initial apicid	: 7
fpu		: yes
fpu_exception	: yes
cpuid level	: 11
wp		: yes
flags		: fpu vme de pse tsc msr pae mce cx8 apic sep mtrr pge mca cmov pat pse36 clflush dts acpi mmx fxsr sse sse2 ss ht tm pbe syscall nx rdtscp lm constant_tsc arch_perfmon pebs bts rep_good nopl xtopology nonstop_tsc aperfmperf pni dtes64 monitor ds_cpl vmx est tm2 ssse3 cx16 xtpr pdcm sse4_1 sse4_2 popcnt lahf_lm ida dtherm tpr_shadow vnmi flexpriority ept vpid
bugs		:
bogomips	: 5344.97
clflush size	: 64
cache_alignment	: 64
address sizes	: 36 bits physical, 48 bits virtual
power management:



Memory: 4k page, physical 6101264k(1605868k free), swap 0k(0k free)

vm_info: Java HotSpot(TM) 64-Bit Server VM (25.92-b14) for linux-amd64 JRE (1.8.0_92-b14), built on Mar 31 2016 21:08:29 by "java_re" with gcc 4.3.0 20080428 (Red Hat 4.3.0-8)

time: Fri Oct  7 09:50:25 2016
elapsed time: 61292 seconds (0d 17h 1m 32s)

