#
# A fatal error has been detected by the Java Runtime Environment:
#
#  SIGSEGV (0xb) at pc=0x00007f7512c72987, pid=26875, tid=0x00007f7523a7e700
#
# JRE version: Java(TM) SE Runtime Environment (8.0_92-b14) (build 1.8.0_92-b14)
# Java VM: Java HotSpot(TM) 64-Bit Server VM (25.92-b14 mixed mode linux-amd64 compressed oops)
# Problematic frame:
# C  [nouveau_dri.so+0x29e987]
#
# Failed to write core dump. Core dumps have been disabled. To enable core dumping, try "ulimit -c unlimited" before starting Java again
#
# If you would like to submit a bug report, please visit:
#   http://bugreport.java.com/bugreport/crash.jsp
# The crash happened outside the Java Virtual Machine in native code.
# See problematic frame for where to report the bug.
#

---------------  T H R E A D  ---------------

Current thread (0x00007f7530008800):  JavaThread "AWT-EventQueue-1" [_thread_in_native, id=26907, stack(0x00007f752397e000,0x00007f7523a7f000)]

siginfo: si_signo: 11 (SIGSEGV), si_code: 1 (SEGV_MAPERR), si_addr: 0x000000000000c030

Registers:
RAX=0x0000000000000000, RBX=0x00007f751c0bbe40, RCX=0x0000000000000000, RDX=0x0000000000000001
RSP=0x00007f7523a7c5a0, RBP=0x000000000000c000, RSI=0x00007f751c0bc6f0, RDI=0x0000000100000000
R8 =0x0000000000000000, R9 =0x00007f7522318c60, R10=0x00007f75899c7ec7, R11=0x00000000a3c44fc8
R12=0x0000000000000001, R13=0x00007f751412bf10, R14=0x0000000000000000, R15=0x0000000000000001
RIP=0x00007f7512c72987, EFLAGS=0x0000000000010206, CSGSFS=0x0000000000000033, ERR=0x0000000000000004
  TRAPNO=0x000000000000000e

Top of Stack: (sp=0x00007f7523a7c5a0)
0x00007f7523a7c5a0:   000000009f67bbb0 00007f750000000e
0x00007f7523a7c5b0:   00007f7523a7c440 23afd4691efca300
0x00007f7523a7c5c0:   00007f7523a7c730 00007f751c0bbd10
0x00007f7523a7c5d0:   0000000000000000 00007f751412c3c0
0x00007f7523a7c5e0:   00007f751412bf10 00007f751412c570
0x00007f7523a7c5f0:   0000000000000000 00007f7522318d02
0x00007f7523a7c600:   00007f7523a7c630 00007f7500000000
0x00007f7523a7c610:   0000000000000000 0000000000000000
0x00007f7523a7c620:   0000000003e0004d 00007f75222eabf1
0x00007f7523a7c630:   00007f751c0bbd10 23afd4691efca300
0x00007f7523a7c640:   0000000003e0004d 00007f75222eac20
0x00007f7523a7c650:   00007f7523a7c6c0 0000000000000000
0x00007f7523a7c660:   00000000a3c44fc8 00007f7523a7c700
0x00007f7523a7c670:   00007f7530008800 00007f7520a25849
0x00007f7523a7c680:   0000001800000000 00007f75222eac20
0x00007f7523a7c690:   0000000003e0004d 00007f751412f650
0x00007f7523a7c6a0:   00007f7523a7c700 00007f75300089f8
0x00007f7523a7c6b0:   0000000000000000 00007f75222eac20
0x00007f7523a7c6c0:   00007f7523a7c710 00007f75899c7f3d
0x00007f7523a7c6d0:   000000000162a07f 00007f75300089f8
0x00007f7523a7c6e0:   00007f7523a7c788 00000000a3c44fc8
0x00007f7523a7c6f0:   00007f7523a7c720 00007f759ee09112
0x00007f7523a7c700:   00000000a3328d90 00000000a3c44fc8
0x00007f7523a7c710:   00007f7523a7c968 00007f75899e4214
0x00007f7523a7c720:   00007f7523a7c770 00007f7522d77e40
0x00007f7523a7c730:   00007f7523a7c770 00007f7523a7c788
0x00007f7523a7c740:   00007f7523a7c780 00007f75300089f8
0x00007f7523a7c750:   00007f7523a7c780 00007f751c87b960
0x00007f7523a7c760:   00007f751c87b960 00000000a3c44fc8
0x00007f7523a7c770:   00007f7523a7c7c0 00007f75899c17fc
0x00007f7523a7c780:   00000000e45a47b8 00000000e45a4778
0x00007f7523a7c790:   00000000a3c41f98 0000000000000000 

Instructions: (pc=0x00007f7512c72987)
0x00007f7512c72967:   00 41 f6 c4 01 c6 44 24 0f 00 0f 84 c9 00 00 00
0x00007f7512c72977:   48 8b b3 30 01 00 00 48 85 f6 0f 84 b9 00 00 00
0x00007f7512c72987:   48 8b 55 30 45 85 f6 4c 8b 6a 18 0f 85 40 02 00
0x00007f7512c72997:   00 83 7b 38 01 0f 8e 36 02 00 00 48 8b 93 68 01 

Register to memory mapping:

RAX=0x0000000000000000 is an unknown value
RBX=0x00007f751c0bbe40 is an unknown value
RCX=0x0000000000000000 is an unknown value
RDX=0x0000000000000001 is an unknown value
RSP=0x00007f7523a7c5a0 is pointing into the stack for thread: 0x00007f7530008800
RBP=0x000000000000c000 is an unknown value
RSI=0x00007f751c0bc6f0 is an unknown value
RDI=0x0000000100000000 is pointing into metadata
R8 =0x0000000000000000 is an unknown value
R9 =0x00007f7522318c60: <offset 0x4ac60> in /usr/lib/x86_64-linux-gnu/mesa/libGL.so.1 at 0x00007f75222ce000
R10=0x00007f75899c7ec7 is at entry_point+71 in (nmethod*)0x00007f75899c7d10
R11=0x00000000a3c44fc8 is an oop
jogamp.nativewindow.jawt.x11.X11JAWTWindow 
 - klass: 'jogamp/nativewindow/jawt/x11/X11JAWTWindow'
R12=0x0000000000000001 is an unknown value
R13=0x00007f751412bf10 is an unknown value
R14=0x0000000000000000 is an unknown value
R15=0x0000000000000001 is an unknown value


Stack: [0x00007f752397e000,0x00007f7523a7f000],  sp=0x00007f7523a7c5a0,  free space=1017k
Native frames: (J=compiled Java code, j=interpreted, Vv=VM code, C=native code)
C  [nouveau_dri.so+0x29e987]

Java frames: (J=compiled Java code, j=interpreted, Vv=VM code)
J 2820  jogamp.opengl.x11.glx.GLX.dispatch_glXSwapBuffers0(JJJ)V (0 bytes) @ 0x00007f75899c7ec7 [0x00007f75899c7e80+0x47]
J 2819 C1 jogamp.opengl.x11.glx.GLX.glXSwapBuffers(JJ)V (45 bytes) @ 0x00007f75899e4214 [0x00007f75899e3860+0x9b4]
J 2818 C1 jogamp.opengl.x11.glx.X11GLXDrawable.swapBuffersImpl(Z)V (21 bytes) @ 0x00007f75899cef04 [0x00007f75899cec60+0x2a4]
J 2817 C1 jogamp.opengl.GLDrawableImpl.swapBuffers()V (138 bytes) @ 0x00007f75899e1a1c [0x00007f75899e1360+0x6bc]
j  javax.media.opengl.awt.GLCanvas$12.run()V+45
J 2485 C1 java.awt.event.InvocationEvent.dispatch()V (69 bytes) @ 0x00007f75898b368c [0x00007f75898b3540+0x14c]
J 2645 C1 java.awt.EventQueue.dispatchEventImpl(Ljava/awt/AWTEvent;Ljava/lang/Object;)V (149 bytes) @ 0x00007f758994de3c [0x00007f758994c2c0+0x1b7c]
J 2643 C1 java.awt.EventQueue$3.run()Ljava/lang/Void; (60 bytes) @ 0x00007f758994b6c4 [0x00007f758994b4c0+0x204]
j  java.awt.EventQueue$3.run()Ljava/lang/Object;+1
v  ~StubRoutines::call_stub
J 472  java.security.AccessController.doPrivileged(Ljava/security/PrivilegedAction;Ljava/security/AccessControlContext;)Ljava/lang/Object; (0 bytes) @ 0x00007f758921abe3 [0x00007f758921ab80+0x63]
J 2987 C2 java.awt.EventQueue.dispatchEvent(Ljava/awt/AWTEvent;)V (80 bytes) @ 0x00007f75891020a0 [0x00007f7589101e60+0x240]
j  java.awt.EventDispatchThread.pumpOneEventForFilters(I)V+245
j  java.awt.EventDispatchThread.pumpEventsForFilter(ILjava/awt/Conditional;Ljava/awt/EventFilter;)V+35
j  java.awt.EventDispatchThread.pumpEventsForHierarchy(ILjava/awt/Conditional;Ljava/awt/Component;)V+11
j  java.awt.EventDispatchThread.pumpEvents(ILjava/awt/Conditional;)V+4
j  java.awt.EventDispatchThread.pumpEvents(Ljava/awt/Conditional;)V+3
j  java.awt.EventDispatchThread.run()V+9
v  ~StubRoutines::call_stub

---------------  P R O C E S S  ---------------

Java Threads: ( => current thread )
  0x00007f751c93d000 JavaThread "Thread-19" [_thread_blocked, id=27318, stack(0x00007f750b649000,0x00007f750b74a000)]
  0x00007f7514117000 JavaThread "Animation Thread-SharedResourceRunner" daemon [_thread_blocked, id=26917, stack(0x00007f752337c000,0x00007f752347d000)]
  0x00007f753000e800 JavaThread "Animation Thread" [_thread_blocked, id=26908, stack(0x00007f752367d000,0x00007f752377e000)]
=>0x00007f7530008800 JavaThread "AWT-EventQueue-1" [_thread_in_native, id=26907, stack(0x00007f752397e000,0x00007f7523a7f000)]
  0x00007f759800a000 JavaThread "DestroyJavaVM" [_thread_blocked, id=26881, stack(0x00007f75a0206000,0x00007f75a0307000)]
  0x00007f759829e000 JavaThread "AWT-EventQueue-0" [_thread_blocked, id=26905, stack(0x00007f75644aa000,0x00007f75645ab000)]
  0x00007f7598299800 JavaThread "AWT-Shutdown" [_thread_blocked, id=26904, stack(0x00007f75645ab000,0x00007f75646ac000)]
  0x00007f7598286000 JavaThread "thread applet-module3.EarthquakeCityMap.class" [_thread_blocked, id=26903, stack(0x00007f75646ac000,0x00007f75647ad000)]
  0x00007f7598279800 JavaThread "AWT-XAWT" daemon [_thread_blocked, id=26901, stack(0x00007f75647ad000,0x00007f75648ae000)]
  0x00007f7598255800 JavaThread "Java2D Disposer" daemon [_thread_blocked, id=26900, stack(0x00007f7564cbe000,0x00007f7564dbf000)]
  0x00007f75980d4000 JavaThread "Service Thread" daemon [_thread_blocked, id=26898, stack(0x00007f7566a0e000,0x00007f7566b0f000)]
  0x00007f75980c9000 JavaThread "C1 CompilerThread3" daemon [_thread_blocked, id=26897, stack(0x00007f7566b0f000,0x00007f7566c10000)]
  0x00007f75980c6800 JavaThread "C2 CompilerThread2" daemon [_thread_in_native, id=26896, stack(0x00007f7566c10000,0x00007f7566d11000)]
  0x00007f75980c5000 JavaThread "C2 CompilerThread1" daemon [_thread_blocked, id=26895, stack(0x00007f7566d11000,0x00007f7566e12000)]
  0x00007f75980c2000 JavaThread "C2 CompilerThread0" daemon [_thread_blocked, id=26894, stack(0x00007f7566e12000,0x00007f7566f13000)]
  0x00007f75980c0800 JavaThread "Signal Dispatcher" daemon [_thread_blocked, id=26893, stack(0x00007f7566f13000,0x00007f7567014000)]
  0x00007f759808d000 JavaThread "Finalizer" daemon [_thread_blocked, id=26892, stack(0x00007f75676f7000,0x00007f75677f8000)]
  0x00007f7598088000 JavaThread "Reference Handler" daemon [_thread_blocked, id=26891, stack(0x00007f75677f8000,0x00007f75678f9000)]

Other Threads:
  0x00007f7598080800 VMThread [stack: 0x00007f75678f9000,0x00007f75679fa000] [id=26890]
  0x00007f75980d7000 WatcherThread [stack: 0x00007f756690d000,0x00007f7566a0e000] [id=26899]

VM state:not at safepoint (normal execution)

VM Mutex/Monitor currently owned by a thread: None

Heap:
 PSYoungGen      total 61952K, used 56893K [0x00000000e0f80000, 0x00000000e5400000, 0x0000000100000000)
  eden space 57856K, 98% used [0x00000000e0f80000,0x00000000e46e76f8,0x00000000e4800000)
  from space 4096K, 3% used [0x00000000e5000000,0x00000000e5028000,0x00000000e5400000)
  to   space 6144K, 0% used [0x00000000e4800000,0x00000000e4800000,0x00000000e4e00000)
 ParOldGen       total 70144K, used 18144K [0x00000000a2e00000, 0x00000000a7280000, 0x00000000e0f80000)
  object space 70144K, 25% used [0x00000000a2e00000,0x00000000a3fb8070,0x00000000a7280000)
 Metaspace       used 21471K, capacity 21795K, committed 22064K, reserved 1069056K
  class space    used 2006K, capacity 2089K, committed 2176K, reserved 1048576K

Card table byte_map: [0x00007f759ccda000,0x00007f759cfc4000] byte_map_base: 0x00007f759c7c3000

Marking Bits: (ParMarkBitMap*) 0x00007f759f6df4c0
 Begin Bits: [0x00007f756d170000, 0x00007f756e8b8000)
 End Bits:   [0x00007f756e8b8000, 0x00007f7570000000)

Polling page: 0x00007f75a032e000

CodeCache: size=245760Kb used=11063Kb max_used=11196Kb free=234696Kb
 bounds [0x00007f7589000000, 0x00007f7589b10000, 0x00007f7598000000]
 total_blobs=3930 nmethods=2967 adapters=877
 compilation: enabled

Compilation events (10 events):
Event: 188,785 Thread 0x00007f75980c5000 3039   !   4       jogamp.opengl.GLContextImpl::makeCurrent (810 bytes)
Event: 188,787 Thread 0x00007f75980c2000 3040   !   4       processing.core.PApplet::handleDraw (382 bytes)
Event: 188,812 Thread 0x00007f75980c5000 nmethod 3039 0x00007f7589aebe50 code [0x00007f7589aec0c0, 0x00007f7589aecd90]
Event: 189,077 Thread 0x00007f75980c2000 nmethod 3040 0x00007f7589af7cd0 code [0x00007f7589af81e0, 0x00007f7589afc620]
Event: 207,129 Thread 0x00007f75980c9000 3041       1       processing.core.PApplet::debug (1 bytes)
Event: 207,130 Thread 0x00007f75980c9000 nmethod 3041 0x00007f7589aebb90 code [0x00007f7589aebce0, 0x00007f7589aebdd0]
Event: 411,088 Thread 0x00007f75980c9000 3042       3       sun.awt.X11.XBaseWindow::getWindow (5 bytes)
Event: 411,088 Thread 0x00007f75980c9000 nmethod 3042 0x00007f7589aeb810 code [0x00007f7589aeb960, 0x00007f7589aebab0]
Event: 412,825 Thread 0x00007f75980c9000 3043       3       sun.java2d.xr.GrowableEltArray::getCharCnt (13 bytes)
Event: 412,825 Thread 0x00007f75980c6800 3044       4       jogamp.opengl.awt.AWTThreadingPlugin::isOpenGLThread (119 bytes)

GC Heap History (10 events):
Event: 325,751 GC heap before
{Heap before GC invocations=21 (full 1):
 PSYoungGen      total 66560K, used 66208K [0x00000000e0f80000, 0x00000000e6000000, 0x0000000100000000)
  eden space 66048K, 100% used [0x00000000e0f80000,0x00000000e5000000,0x00000000e5000000)
  from space 512K, 31% used [0x00000000e5200000,0x00000000e5228000,0x00000000e5280000)
  to   space 8192K, 0% used [0x00000000e5800000,0x00000000e5800000,0x00000000e6000000)
 ParOldGen       total 70144K, used 18024K [0x00000000a2e00000, 0x00000000a7280000, 0x00000000e0f80000)
  object space 70144K, 25% used [0x00000000a2e00000,0x00000000a3f9a070,0x00000000a7280000)
 Metaspace       used 21460K, capacity 21731K, committed 22064K, reserved 1069056K
  class space    used 2004K, capacity 2089K, committed 2176K, reserved 1048576K
Event: 325,753 GC heap after
Heap after GC invocations=21 (full 1):
 PSYoungGen      total 69120K, used 256K [0x00000000e0f80000, 0x00000000e5d00000, 0x0000000100000000)
  eden space 64000K, 0% used [0x00000000e0f80000,0x00000000e0f80000,0x00000000e4e00000)
  from space 5120K, 5% used [0x00000000e5800000,0x00000000e5840000,0x00000000e5d00000)
  to   space 7680K, 0% used [0x00000000e4e00000,0x00000000e4e00000,0x00000000e5580000)
 ParOldGen       total 70144K, used 18064K [0x00000000a2e00000, 0x00000000a7280000, 0x00000000e0f80000)
  object space 70144K, 25% used [0x00000000a2e00000,0x00000000a3fa4070,0x00000000a7280000)
 Metaspace       used 21460K, capacity 21731K, committed 22064K, reserved 1069056K
  class space    used 2004K, capacity 2089K, committed 2176K, reserved 1048576K
}
Event: 345,065 GC heap before
{Heap before GC invocations=22 (full 1):
 PSYoungGen      total 69120K, used 64256K [0x00000000e0f80000, 0x00000000e5d00000, 0x0000000100000000)
  eden space 64000K, 100% used [0x00000000e0f80000,0x00000000e4e00000,0x00000000e4e00000)
  from space 5120K, 5% used [0x00000000e5800000,0x00000000e5840000,0x00000000e5d00000)
  to   space 7680K, 0% used [0x00000000e4e00000,0x00000000e4e00000,0x00000000e5580000)
 ParOldGen       total 70144K, used 18064K [0x00000000a2e00000, 0x00000000a7280000, 0x00000000e0f80000)
  object space 70144K, 25% used [0x00000000a2e00000,0x00000000a3fa4070,0x00000000a7280000)
 Metaspace       used 21460K, capacity 21731K, committed 22064K, reserved 1069056K
  class space    used 2004K, capacity 2089K, committed 2176K, reserved 1048576K
Event: 345,068 GC heap after
Heap after GC invocations=22 (full 1):
 PSYoungGen      total 62976K, used 96K [0x00000000e0f80000, 0x00000000e5a80000, 0x0000000100000000)
  eden space 62464K, 0% used [0x00000000e0f80000,0x00000000e0f80000,0x00000000e4c80000)
  from space 512K, 18% used [0x00000000e4e00000,0x00000000e4e18000,0x00000000e4e80000)
  to   space 7168K, 0% used [0x00000000e5380000,0x00000000e5380000,0x00000000e5a80000)
 ParOldGen       total 70144K, used 18072K [0x00000000a2e00000, 0x00000000a7280000, 0x00000000e0f80000)
  object space 70144K, 25% used [0x00000000a2e00000,0x00000000a3fa6070,0x00000000a7280000)
 Metaspace       used 21460K, capacity 21731K, committed 22064K, reserved 1069056K
  class space    used 2004K, capacity 2089K, committed 2176K, reserved 1048576K
}
Event: 363,677 GC heap before
{Heap before GC invocations=23 (full 1):
 PSYoungGen      total 62976K, used 62560K [0x00000000e0f80000, 0x00000000e5a80000, 0x0000000100000000)
  eden space 62464K, 100% used [0x00000000e0f80000,0x00000000e4c80000,0x00000000e4c80000)
  from space 512K, 18% used [0x00000000e4e00000,0x00000000e4e18000,0x00000000e4e80000)
  to   space 7168K, 0% used [0x00000000e5380000,0x00000000e5380000,0x00000000e5a80000)
 ParOldGen       total 70144K, used 18072K [0x00000000a2e00000, 0x00000000a7280000, 0x00000000e0f80000)
  object space 70144K, 25% used [0x00000000a2e00000,0x00000000a3fa6070,0x00000000a7280000)
 Metaspace       used 21460K, capacity 21731K, committed 22064K, reserved 1069056K
  class space    used 2004K, capacity 2089K, committed 2176K, reserved 1048576K
Event: 363,679 GC heap after
Heap after GC invocations=23 (full 1):
 PSYoungGen      total 65536K, used 160K [0x00000000e0f80000, 0x00000000e5800000, 0x0000000100000000)
  eden space 60928K, 0% used [0x00000000e0f80000,0x00000000e0f80000,0x00000000e4b00000)
  from space 4608K, 3% used [0x00000000e5380000,0x00000000e53a8000,0x00000000e5800000)
  to   space 6656K, 0% used [0x00000000e4b00000,0x00000000e4b00000,0x00000000e5180000)
 ParOldGen       total 70144K, used 18112K [0x00000000a2e00000, 0x00000000a7280000, 0x00000000e0f80000)
  object space 70144K, 25% used [0x00000000a2e00000,0x00000000a3fb0070,0x00000000a7280000)
 Metaspace       used 21460K, capacity 21731K, committed 22064K, reserved 1069056K
  class space    used 2004K, capacity 2089K, committed 2176K, reserved 1048576K
}
Event: 382,133 GC heap before
{Heap before GC invocations=24 (full 1):
 PSYoungGen      total 65536K, used 61088K [0x00000000e0f80000, 0x00000000e5800000, 0x0000000100000000)
  eden space 60928K, 100% used [0x00000000e0f80000,0x00000000e4b00000,0x00000000e4b00000)
  from space 4608K, 3% used [0x00000000e5380000,0x00000000e53a8000,0x00000000e5800000)
  to   space 6656K, 0% used [0x00000000e4b00000,0x00000000e4b00000,0x00000000e5180000)
 ParOldGen       total 70144K, used 18112K [0x00000000a2e00000, 0x00000000a7280000, 0x00000000e0f80000)
  object space 70144K, 25% used [0x00000000a2e00000,0x00000000a3fb0070,0x00000000a7280000)
 Metaspace       used 21460K, capacity 21731K, committed 22064K, reserved 1069056K
  class space    used 2004K, capacity 2089K, committed 2176K, reserved 1048576K
Event: 382,135 GC heap after
Heap after GC invocations=24 (full 1):
 PSYoungGen      total 59904K, used 160K [0x00000000e0f80000, 0x00000000e5680000, 0x0000000100000000)
  eden space 59392K, 0% used [0x00000000e0f80000,0x00000000e0f80000,0x00000000e4980000)
  from space 512K, 31% used [0x00000000e4b00000,0x00000000e4b28000,0x00000000e4b80000)
  to   space 6656K, 0% used [0x00000000e5000000,0x00000000e5000000,0x00000000e5680000)
 ParOldGen       total 70144K, used 18136K [0x00000000a2e00000, 0x00000000a7280000, 0x00000000e0f80000)
  object space 70144K, 25% used [0x00000000a2e00000,0x00000000a3fb6070,0x00000000a7280000)
 Metaspace       used 21460K, capacity 21731K, committed 22064K, reserved 1069056K
  class space    used 2004K, capacity 2089K, committed 2176K, reserved 1048576K
}
Event: 399,913 GC heap before
{Heap before GC invocations=25 (full 1):
 PSYoungGen      total 59904K, used 59552K [0x00000000e0f80000, 0x00000000e5680000, 0x0000000100000000)
  eden space 59392K, 100% used [0x00000000e0f80000,0x00000000e4980000,0x00000000e4980000)
  from space 512K, 31% used [0x00000000e4b00000,0x00000000e4b28000,0x00000000e4b80000)
  to   space 6656K, 0% used [0x00000000e5000000,0x00000000e5000000,0x00000000e5680000)
 ParOldGen       total 70144K, used 18136K [0x00000000a2e00000, 0x00000000a7280000, 0x00000000e0f80000)
  object space 70144K, 25% used [0x00000000a2e00000,0x00000000a3fb6070,0x00000000a7280000)
 Metaspace       used 21460K, capacity 21731K, committed 22064K, reserved 1069056K
  class space    used 2004K, capacity 2089K, committed 2176K, reserved 1048576K
Event: 399,916 GC heap after
Heap after GC invocations=25 (full 1):
 PSYoungGen      total 61952K, used 160K [0x00000000e0f80000, 0x00000000e5400000, 0x0000000100000000)
  eden space 57856K, 0% used [0x00000000e0f80000,0x00000000e0f80000,0x00000000e4800000)
  from space 4096K, 3% used [0x00000000e5000000,0x00000000e5028000,0x00000000e5400000)
  to   space 6144K, 0% used [0x00000000e4800000,0x00000000e4800000,0x00000000e4e00000)
 ParOldGen       total 70144K, used 18144K [0x00000000a2e00000, 0x00000000a7280000, 0x00000000e0f80000)
  object space 70144K, 25% used [0x00000000a2e00000,0x00000000a3fb8070,0x00000000a7280000)
 Metaspace       used 21460K, capacity 21731K, committed 22064K, reserved 1069056K
  class space    used 2004K, capacity 2089K, committed 2176K, reserved 1048576K
}

Deoptimization events (10 events):
Event: 412,804 Thread 0x00007f7530008800 Uncommon trap: reason=unstable_if action=reinterpret pc=0x00007f7589ab1aac method=java.awt.EventQueue.eventToCacheIndex(Ljava/awt/AWTEvent;)I @ 71
Event: 412,804 Thread 0x00007f7530008800 Uncommon trap: reason=class_check action=maybe_recompile pc=0x00007f7589216d2c method=java.awt.EventQueue.setCurrentEventAndMostRecentTimeImpl(Ljava/awt/AWTEvent;)V @ 135
Event: 412,804 Thread 0x00007f759829e000 Uncommon trap: reason=unstable_if action=reinterpret pc=0x00007f7589a4f150 method=java.awt.EventQueue.uncacheEQItem(Lsun/awt/EventQueueItem;)V @ 10
Event: 412,804 Thread 0x00007f7598286000 Uncommon trap: reason=class_check action=maybe_recompile pc=0x00007f758910b998 method=sun.java2d.xr.XRSurfaceData$XRWindowSurfaceData.getBounds()Ljava/awt/Rectangle; @ 4
Event: 412,805 Thread 0x00007f7598286000 Uncommon trap: reason=unstable_if action=reinterpret pc=0x00007f75892038ac method=sun.java2d.SunGraphics2D.validateCompClip()V @ 9
Event: 412,805 Thread 0x00007f7530008800 Uncommon trap: reason=unstable_if action=reinterpret pc=0x00007f758911afac method=java.awt.event.InvocationEvent.finishedDispatching(Z)V @ 9
Event: 412,805 Thread 0x00007f7598286000 Uncommon trap: reason=unstable_if action=reinterpret pc=0x00007f75898765cc method=java.awt.font.FontRenderContext.equals(Ljava/awt/font/FontRenderContext;)Z @ 2
Event: 412,805 Thread 0x00007f759829e000 Uncommon trap: reason=unstable_if action=reinterpret pc=0x00007f7589100e6c method=java.util.HashMap.removeNode(ILjava/lang/Object;Ljava/lang/Object;ZZ)Ljava/util/HashMap$Node; @ 46
Event: 412,825 Thread 0x00007f759829e000 Uncommon trap: reason=class_check action=maybe_recompile pc=0x00007f758916c7a8 method=java.awt.Component.getGraphics()Ljava/awt/Graphics; @ 114
Event: 412,825 Thread 0x00007f759829e000 Uncommon trap: reason=class_check action=maybe_recompile pc=0x00007f758910b998 method=sun.java2d.xr.XRSurfaceData$XRWindowSurfaceData.getBounds()Ljava/awt/Rectangle; @ 4

Internal exceptions (10 events):
Event: 1,355 Thread 0x00007f7530008800 Implicit null exception at 0x00007f75891cf7b3 to 0x00007f75891cfb25
Event: 1,646 Thread 0x00007f7530008800 Exception <a 'java/lang/reflect/InvocationTargetException'> (0x00000000e2385f58) thrown at [/HUDSON/workspace/8-2-build-linux-amd64/jdk8u92/6642/hotspot/src/share/vm/runtime/reflection.cpp, line 1092]
Event: 1,647 Thread 0x00007f7530008800 Exception <a 'java/lang/reflect/InvocationTargetException'> (0x00000000e23865d0) thrown at [/HUDSON/workspace/8-2-build-linux-amd64/jdk8u92/6642/hotspot/src/share/vm/runtime/reflection.cpp, line 1092]
Event: 2,241 Thread 0x00007f7530008800 Exception <a 'java/lang/reflect/InvocationTargetException'> (0x00000000e2425340) thrown at [/HUDSON/workspace/8-2-build-linux-amd64/jdk8u92/6642/hotspot/src/share/vm/runtime/reflection.cpp, line 1092]
Event: 2,241 Thread 0x00007f7530008800 Exception <a 'java/lang/reflect/InvocationTargetException'> (0x00000000e2425828) thrown at [/HUDSON/workspace/8-2-build-linux-amd64/jdk8u92/6642/hotspot/src/share/vm/runtime/reflection.cpp, line 1092]
Event: 2,313 Thread 0x00007f7530008800 Exception <a 'java/lang/reflect/InvocationTargetException'> (0x00000000e27a5350) thrown at [/HUDSON/workspace/8-2-build-linux-amd64/jdk8u92/6642/hotspot/src/share/vm/runtime/reflection.cpp, line 1092]
Event: 2,313 Thread 0x00007f7530008800 Exception <a 'java/lang/reflect/InvocationTargetException'> (0x00000000e27a5838) thrown at [/HUDSON/workspace/8-2-build-linux-amd64/jdk8u92/6642/hotspot/src/share/vm/runtime/reflection.cpp, line 1092]
Event: 2,380 Thread 0x00007f7530008800 Exception <a 'java/lang/reflect/InvocationTargetException'> (0x00000000e27ea658) thrown at [/HUDSON/workspace/8-2-build-linux-amd64/jdk8u92/6642/hotspot/src/share/vm/runtime/reflection.cpp, line 1092]
Event: 2,380 Thread 0x00007f7530008800 Exception <a 'java/lang/reflect/InvocationTargetException'> (0x00000000e27eab40) thrown at [/HUDSON/workspace/8-2-build-linux-amd64/jdk8u92/6642/hotspot/src/share/vm/runtime/reflection.cpp, line 1092]
Event: 2,447 Thread 0x00007f7530008800 Exception <a 'java/lang/reflect/InvocationTargetException'> (0x00000000e333fd70) thrown at [/HUDSON/workspace/8-2-build-linux-amd64/jdk8u92/6642/hotspot/src/share/vm/runtime/reflection.cpp, line 1092]

Events (10 events):
Event: 412,805 Thread 0x00007f7530008800 DEOPT UNPACKING pc=0x00007f7589005229 sp=0x00007f7523a7c908 mode 2
Event: 412,805 Thread 0x00007f759829e000 DEOPT PACKING pc=0x00007f7589100e6c sp=0x00007f75645a9490
Event: 412,805 Thread 0x00007f7598286000 DEOPT UNPACKING pc=0x00007f7589005229 sp=0x00007f75647ab1f8 mode 2
Event: 412,805 Thread 0x00007f759829e000 DEOPT UNPACKING pc=0x00007f7589005229 sp=0x00007f75645a9338 mode 2
Event: 412,825 Thread 0x00007f759829e000 Uncommon trap: trap_request=0xffffffde fr.pc=0x00007f758916c7a8
Event: 412,825 Thread 0x00007f759829e000 DEOPT PACKING pc=0x00007f758916c7a8 sp=0x00007f75645a7a20
Event: 412,825 Thread 0x00007f759829e000 DEOPT UNPACKING pc=0x00007f7589005229 sp=0x00007f75645a7a00 mode 2
Event: 412,825 Thread 0x00007f759829e000 Uncommon trap: trap_request=0xffffffde fr.pc=0x00007f758910b998
Event: 412,825 Thread 0x00007f759829e000 DEOPT PACKING pc=0x00007f758910b998 sp=0x00007f75645a7940
Event: 412,825 Thread 0x00007f759829e000 DEOPT UNPACKING pc=0x00007f7589005229 sp=0x00007f75645a7808 mode 2


Dynamic libraries:
00400000-00401000 r-xp 00000000 08:01 3450446                            /home/ema/Scaricati/jdk1.8.0_92/jre/bin/java
00600000-00601000 rw-p 00000000 08:01 3450446                            /home/ema/Scaricati/jdk1.8.0_92/jre/bin/java
01df5000-01e16000 rw-p 00000000 00:00 0                                  [heap]
a2e00000-a7280000 rw-p 00000000 00:00 0 
a7280000-e0f80000 ---p 00000000 00:00 0 
e0f80000-e5400000 rw-p 00000000 00:00 0 
e5400000-100000000 ---p 00000000 00:00 0 
100000000-100220000 rw-p 00000000 00:00 0 
100220000-140000000 ---p 00000000 00:00 0 
7f74e4000000-7f74e404d000 rw-p 00000000 00:00 0 
7f74e404d000-7f74e8000000 ---p 00000000 00:00 0 
7f74e8000000-7f74e8052000 rw-p 00000000 00:00 0 
7f74e8052000-7f74ec000000 ---p 00000000 00:00 0 
7f74ec000000-7f74ec065000 rw-p 00000000 00:00 0 
7f74ec065000-7f74f0000000 ---p 00000000 00:00 0 
7f74f0000000-7f74f0049000 rw-p 00000000 00:00 0 
7f74f0049000-7f74f4000000 ---p 00000000 00:00 0 
7f74f4000000-7f74f4021000 rw-p 00000000 00:00 0 
7f74f4021000-7f74f8000000 ---p 00000000 00:00 0 
7f74f8000000-7f74f8021000 rw-p 00000000 00:00 0 
7f74f8021000-7f74fc000000 ---p 00000000 00:00 0 
7f74fc000000-7f74fc021000 rw-p 00000000 00:00 0 
7f74fc021000-7f7500000000 ---p 00000000 00:00 0 
7f7500000000-7f7500021000 rw-p 00000000 00:00 0 
7f7500021000-7f7504000000 ---p 00000000 00:00 0 
7f7504000000-7f7504021000 rw-p 00000000 00:00 0 
7f7504021000-7f7508000000 ---p 00000000 00:00 0 
7f750837b000-7f75083fb000 rw-s 1c4660000 00:06 9579                      /dev/dri/card0
7f75083fb000-7f750847b000 rw-s 1c45e0000 00:06 9579                      /dev/dri/card0
7f750847b000-7f750849b000 rw-s 16ec59000 00:06 9579                      /dev/dri/card0
7f750849b000-7f750849f000 rw-s 16ead5000 00:06 9579                      /dev/dri/card0
7f750849f000-7f75084a3000 rw-s 16e3bf000 00:06 9579                      /dev/dri/card0
7f75084a3000-7f75084c3000 rw-s 16eab5000 00:06 9579                      /dev/dri/card0
7f7508b69000-7f7508b6c000 ---p 00000000 00:00 0 
7f7508b6c000-7f7508c6a000 rw-p 00000000 00:00 0 
7f7508c6a000-7f7508c6d000 ---p 00000000 00:00 0 
7f7508c6d000-7f7508d6b000 rw-p 00000000 00:00 0 
7f7508d6b000-7f7508d6e000 ---p 00000000 00:00 0 
7f7508d6e000-7f7508e6c000 rw-p 00000000 00:00 0 
7f7508e6c000-7f7508e6f000 ---p 00000000 00:00 0 
7f7508e6f000-7f7508f6d000 rw-p 00000000 00:00 0 
7f7509679000-7f75097e5000 rw-p 00000000 00:00 0 
7f75097e5000-7f7509879000 ---p 00000000 00:00 0 
7f7509879000-7f7509a79000 rw-s 16e783000 00:06 9579                      /dev/dri/card0
7f7509ada000-7f7509ae8000 r--s 00000000 08:01 19005654                   /var/cache/fontconfig/6aa41aa22e18b8fa06a12da28ea9c28b-le64.cache-4
7f7509ae8000-7f7509af3000 r--s 00000000 08:01 19005531                   /var/cache/fontconfig/945677eb7aeaf62f1d50efc3fb3ec7d8-le64.cache-4
7f7509af3000-7f7509af9000 r--s 00000000 08:01 19005516                   /var/cache/fontconfig/2cd17615ca594fa2959ae173292e504c-le64.cache-4
7f7509af9000-7f7509afc000 ---p 00000000 00:00 0 
7f7509afc000-7f7509bfa000 rw-p 00000000 00:00 0 
7f7509bfa000-7f7509bfd000 ---p 00000000 00:00 0 
7f7509bfd000-7f7509cfb000 rw-p 00000000 00:00 0 
7f7509cfb000-7f7509cfe000 ---p 00000000 00:00 0 
7f7509cfe000-7f7509dfc000 rw-p 00000000 00:00 0 
7f7509dfc000-7f7509dff000 ---p 00000000 00:00 0 
7f7509dff000-7f750a12a000 rw-p 00000000 00:00 0 
7f750a12a000-7f750ab2a000 rwxp 00000000 00:00 0 
7f750ab2a000-7f750ad57000 rw-p 00000000 00:00 0 
7f750ad57000-7f750ad6e000 r-xp 00000000 08:01 27267350                   /lib/x86_64-linux-gnu/libresolv-2.21.so
7f750ad6e000-7f750af6e000 ---p 00017000 08:01 27267350                   /lib/x86_64-linux-gnu/libresolv-2.21.so
7f750af6e000-7f750af70000 r--p 00017000 08:01 27267350                   /lib/x86_64-linux-gnu/libresolv-2.21.so
7f750af70000-7f750af71000 rw-p 00019000 08:01 27267350                   /lib/x86_64-linux-gnu/libresolv-2.21.so
7f750af71000-7f750af73000 rw-p 00000000 00:00 0 
7f750af73000-7f750af78000 r-xp 00000000 08:01 27267295                   /lib/x86_64-linux-gnu/libnss_dns-2.21.so
7f750af78000-7f750b177000 ---p 00005000 08:01 27267295                   /lib/x86_64-linux-gnu/libnss_dns-2.21.so
7f750b177000-7f750b178000 r--p 00004000 08:01 27267295                   /lib/x86_64-linux-gnu/libnss_dns-2.21.so
7f750b178000-7f750b179000 rw-p 00005000 08:01 27267295                   /lib/x86_64-linux-gnu/libnss_dns-2.21.so
7f750b179000-7f750b17b000 r-xp 00000000 08:01 27267303                   /lib/x86_64-linux-gnu/libnss_mdns4_minimal.so.2
7f750b17b000-7f750b37a000 ---p 00002000 08:01 27267303                   /lib/x86_64-linux-gnu/libnss_mdns4_minimal.so.2
7f750b37a000-7f750b37b000 r--p 00001000 08:01 27267303                   /lib/x86_64-linux-gnu/libnss_mdns4_minimal.so.2
7f750b37b000-7f750b37c000 rw-p 00002000 08:01 27267303                   /lib/x86_64-linux-gnu/libnss_mdns4_minimal.so.2
7f750b37c000-7f750b57c000 rw-p 00000000 00:00 0 
7f750b57f000-7f750b580000 r--s 00000000 08:01 19022310                   /var/cache/fontconfig/087e1975ba9a574b140bb1df193bf770-le64.cache-4
7f750b580000-7f750b581000 r--s 00000000 08:01 19005539                   /var/cache/fontconfig/c05880de57d1f5e948fdfacc138775d9-le64.cache-4
7f750b581000-7f750b582000 r--s 00000000 08:01 19005513                   /var/cache/fontconfig/0d8c3b2ac0904cb8a57a757ad11a4a08-le64.cache-4
7f750b582000-7f750b589000 r--s 00000000 08:01 19005535                   /var/cache/fontconfig/a755afe4a08bf5b97852ceb7400b47bc-le64.cache-4
7f750b589000-7f750b58d000 r--s 00000000 08:01 19005545                   /var/cache/fontconfig/6d41288fd70b0be22e8c3a91e032eec0-le64.cache-4
7f750b58d000-7f750b58e000 r--s 00000000 08:01 19005534                   /var/cache/fontconfig/a6354e3ac43af67bd8d7b8e43c34e49f-le64.cache-4
7f750b58e000-7f750b5a4000 r--s 00000000 08:01 19005511                   /var/cache/fontconfig/04aabc0a78ac019cf9454389977116d2-le64.cache-4
7f750b5a4000-7f750b5a5000 r--s 00000000 08:01 19005515                   /var/cache/fontconfig/1ac9eb803944fde146138c791f5cc56a-le64.cache-4
7f750b5a5000-7f750b5a9000 r--s 00000000 08:01 19005519                   /var/cache/fontconfig/385c0604a188198f04d133e54aba7fe7-le64.cache-4
7f750b5a9000-7f750b5aa000 r--s 00000000 08:01 19022308                   /var/cache/fontconfig/9c956a7723ca69a44b382d9179c9802f-le64.cache-4
7f750b5aa000-7f750b5ab000 r--s 00000000 08:01 19005546                   /var/cache/fontconfig/dc05db6664285cc2f12bf69c139ae4c3-le64.cache-4
7f750b5ab000-7f750b5ad000 r--s 00000000 08:01 19005528                   /var/cache/fontconfig/767a8244fc0220cfb567a839d0392e0b-le64.cache-4
7f750b5ad000-7f750b5ae000 r--s 00000000 08:01 19019501                   /var/cache/fontconfig/4794a0821666d79190d59a36cb4f44b5-le64.cache-4
7f750b5ae000-7f750b5af000 r--s 00000000 08:01 19022306                   /var/cache/fontconfig/9eae20f1ff8cc0a7d125749e875856bd-le64.cache-4
7f750b5af000-7f750b5b1000 r--s 00000000 08:01 19022305                   /var/cache/fontconfig/bf2c1853a9e9b00bb02fe2e9bcf1e201-le64.cache-4
7f750b5b1000-7f750b5b6000 r--s 00000000 08:01 19005530                   /var/cache/fontconfig/8801497958630a81b71ace7c5f9b32a8-le64.cache-4
7f750b5b6000-7f750b5ba000 r--s 00000000 08:01 19019549                   /var/cache/fontconfig/c57959a16110560c8d0fcea73374aeeb-le64.cache-4
7f750b5ba000-7f750b5bb000 r--s 00000000 08:01 19005538                   /var/cache/fontconfig/bab58bb527bb656aaa9f116d68a48d89-le64.cache-4
7f750b5bb000-7f750b5c2000 r--s 00000000 08:01 19005517                   /var/cache/fontconfig/3047814df9a2f067bd2d96a2b9c36e5a-le64.cache-4
7f750b5c2000-7f750b5ca000 r--s 00000000 08:01 19022303                   /var/cache/fontconfig/bf3b770c553c462765856025a94f1ce6-le64.cache-4
7f750b5ca000-7f750b5cb000 r--s 00000000 08:01 19005524                   /var/cache/fontconfig/56cf4f4769d0f4abc89a4895d7bd3ae1-le64.cache-4
7f750b5cb000-7f750b5cc000 r--s 00000000 08:01 19005537                   /var/cache/fontconfig/b9d506c9ac06c20b433354fa67a72993-le64.cache-4
7f750b5cc000-7f750b5d2000 r--s 00000000 08:01 19005536                   /var/cache/fontconfig/b47c4e1ecd0709278f4910c18777a504-le64.cache-4
7f750b5d2000-7f750b5d5000 r--s 00000000 08:01 19022298                   /var/cache/fontconfig/14d493b97896515cad3840ba4896e372-le64.cache-4
7f750b5d5000-7f750b5d6000 r--s 00000000 08:01 19022295                   /var/cache/fontconfig/89034621ae2a8922916bb6bfa5799546-le64.cache-4
7f750b5d6000-7f750b5d9000 r--s 00000000 08:01 19020951                   /var/cache/fontconfig/e49e89034d371f0f9de17aab02136486-le64.cache-4
7f750b5d9000-7f750b5db000 r--s 00000000 08:01 19020949                   /var/cache/fontconfig/4b14b093aebc79c320de5e86ae1d3314-le64.cache-4
7f750b5db000-7f750b5ee000 r--s 00000000 08:01 19005543                   /var/cache/fontconfig/d52a8644073d54c13679302ca1180695-le64.cache-4
7f750b5ee000-7f750b5ef000 r--s 00000000 08:01 19005523                   /var/cache/fontconfig/551ecf3b0e8b0bca0f25c0944f561853-le64.cache-4
7f750b5ef000-7f750b5f0000 r--s 00000000 08:01 19022293                   /var/cache/fontconfig/8a687c406b77f27d99abfeeba937fcce-le64.cache-4
7f750b5f0000-7f750b5f5000 r--s 00000000 08:01 19022291                   /var/cache/fontconfig/75ad6aa2358a85f0de2c8ee4837e8227-le64.cache-4
7f750b5f5000-7f750b5ff000 r--s 00000000 08:01 19005520                   /var/cache/fontconfig/3f7329c5293ffd510edef78f73874cfd-le64.cache-4
7f750b5ff000-7f750b601000 r--s 00000000 08:01 19022288                   /var/cache/fontconfig/65f976e5259cbe6dc7697b8648396239-le64.cache-4
7f750b601000-7f750b60c000 r--s 00000000 08:01 19018232                   /var/cache/fontconfig/d589a48862398ed80a3d6066f4f56f4c-le64.cache-4
7f750b60c000-7f750b610000 r--s 00000000 08:01 19022285                   /var/cache/fontconfig/246184dc75a16901ca37d96895904249-le64.cache-4
7f750b610000-7f750b611000 r--s 00000000 08:01 19022282                   /var/cache/fontconfig/94f7fe9bd33aadfac165873bd010d595-le64.cache-4
7f750b611000-7f750b613000 r--s 00000000 08:01 19022280                   /var/cache/fontconfig/423767150eb258c59035de29db6fca84-le64.cache-4
7f750b613000-7f750b615000 r--s 00000000 08:01 19022278                   /var/cache/fontconfig/67709b7835c0f764c1135060c9575660-le64.cache-4
7f750b615000-7f750b622000 r--s 00000000 08:01 19022277                   /var/cache/fontconfig/198d8fcf01c96d0cf813f74fd759bdb7-le64.cache-4
7f750b622000-7f750b62d000 r--s 00000000 08:01 19022274                   /var/cache/fontconfig/83bf95040141907cd45bb53cf7c1c148-le64.cache-4
7f750b62d000-7f750b636000 r--s 00000000 08:01 19013761                   /var/cache/fontconfig/d0972c3d32f097851eb916381fc38920-le64.cache-4
7f750b636000-7f750b649000 r--s 00000000 08:01 19022270                   /var/cache/fontconfig/4ac51e5cfbc76fc3f983e470323a16d3-le64.cache-4
7f750b649000-7f750b64c000 ---p 00000000 00:00 0 
7f750b64c000-7f750b74a000 rw-p 00000000 00:00 0 
7f750b74a000-7f750b781000 r-xp 00000000 08:01 15344535                   /usr/lib/x86_64-linux-gnu/libtxc_dxtn_s2tc.so.0.0.0
7f750b781000-7f750b980000 ---p 00037000 08:01 15344535                   /usr/lib/x86_64-linux-gnu/libtxc_dxtn_s2tc.so.0.0.0
7f750b980000-7f750b981000 r--p 00036000 08:01 15344535                   /usr/lib/x86_64-linux-gnu/libtxc_dxtn_s2tc.so.0.0.0
7f750b981000-7f750b982000 rw-p 00037000 08:01 15344535                   /usr/lib/x86_64-linux-gnu/libtxc_dxtn_s2tc.so.0.0.0
7f750b982000-7f750b9a7000 r-xp 00000000 08:01 27267368                   /lib/x86_64-linux-gnu/libtinfo.so.5.9
7f750b9a7000-7f750bba6000 ---p 00025000 08:01 27267368                   /lib/x86_64-linux-gnu/libtinfo.so.5.9
7f750bba6000-7f750bbaa000 r--p 00024000 08:01 27267368                   /lib/x86_64-linux-gnu/libtinfo.so.5.9
7f750bbaa000-7f750bbab000 rw-p 00028000 08:01 27267368                   /lib/x86_64-linux-gnu/libtinfo.so.5.9
7f750bbab000-7f750bbde000 r-xp 00000000 08:01 15343777                   /usr/lib/x86_64-linux-gnu/libedit.so.2.0.51
7f750bbde000-7f750bdde000 ---p 00033000 08:01 15343777                   /usr/lib/x86_64-linux-gnu/libedit.so.2.0.51
7f750bdde000-7f750bde0000 r--p 00033000 08:01 15343777                   /usr/lib/x86_64-linux-gnu/libedit.so.2.0.51
7f750bde0000-7f750bde1000 rw-p 00035000 08:01 15343777                   /usr/lib/x86_64-linux-gnu/libedit.so.2.0.51
7f750bde1000-7f750bde5000 rw-p 00000000 00:00 0 
7f750bde5000-7f750bdfe000 r-xp 00000000 08:01 27267385                   /lib/x86_64-linux-gnu/libz.so.1.2.8
7f750bdfe000-7f750bffe000 ---p 00019000 08:01 27267385                   /lib/x86_64-linux-gnu/libz.so.1.2.8
7f750bffe000-7f750bfff000 r--p 00019000 08:01 27267385                   /lib/x86_64-linux-gnu/libz.so.1.2.8
7f750bfff000-7f750c000000 rw-p 0001a000 08:01 27267385                   /lib/x86_64-linux-gnu/libz.so.1.2.8
7f750c000000-7f750c18e000 rw-p 00000000 00:00 0 
7f750c18e000-7f7510000000 ---p 00000000 00:00 0 
7f7510000000-7f7510001000 r--s 00000000 08:01 19022279                   /var/cache/fontconfig/406a1d2d2bf3ed7664fbadefac0b2f66-le64.cache-4
7f7510001000-7f7510002000 r--s 00000000 08:01 19005512                   /var/cache/fontconfig/0c9eb80ebd1c36541ebe2852d3bb0c49-le64.cache-4
7f7510002000-7f7510005000 r--s 00000000 08:01 19022275                   /var/cache/fontconfig/75114ca45c98e8a441da0ff356701271-le64.cache-4
7f7510005000-7f7510007000 r--s 00000000 08:01 19022273                   /var/cache/fontconfig/6e6b34ae150a7ad95e82fb4a522f0bda-le64.cache-4
7f7510007000-7f7510008000 r--s 00000000 08:01 19022272                   /var/cache/fontconfig/3334a778d104e76d188e9df399bc24d2-le64.cache-4
7f7510008000-7f751000f000 r--s 00000000 08:01 19022271                   /var/cache/fontconfig/53d14c92082a93e67d5078324eb314ca-le64.cache-4
7f751000f000-7f7510014000 r--s 00000000 08:01 19022268                   /var/cache/fontconfig/3629f2adf904f9a612908891fae71ceb-le64.cache-4
7f7510014000-7f7510035000 r--s 00000000 08:01 19005633                   /var/cache/fontconfig/e13b20fdb08344e0e664864cc2ede53d-le64.cache-4
7f7510035000-7f7510039000 r--s 00000000 08:01 19020952                   /var/cache/fontconfig/7ef2298fde41cc6eeb7af42e48b7d293-le64.cache-4
7f7510039000-7f75100b9000 rw-s 1c51cd000 00:06 9579                      /dev/dri/card0
7f75100b9000-7f75101a9000 r-xp 00000000 08:01 15344490                   /usr/lib/x86_64-linux-gnu/libstdc++.so.6.0.20
7f75101a9000-7f75103a9000 ---p 000f0000 08:01 15344490                   /usr/lib/x86_64-linux-gnu/libstdc++.so.6.0.20
7f75103a9000-7f75103b1000 r--p 000f0000 08:01 15344490                   /usr/lib/x86_64-linux-gnu/libstdc++.so.6.0.20
7f75103b1000-7f75103b3000 rw-p 000f8000 08:01 15344490                   /usr/lib/x86_64-linux-gnu/libstdc++.so.6.0.20
7f75103b3000-7f75103c8000 rw-p 00000000 00:00 0 
7f75103c8000-7f7512171000 r-xp 00000000 08:01 15343369                   /usr/lib/x86_64-linux-gnu/libLLVM-3.6.so.1
7f7512171000-7f7512172000 ---p 01da9000 08:01 15343369                   /usr/lib/x86_64-linux-gnu/libLLVM-3.6.so.1
7f7512172000-7f751238e000 r--p 01da9000 08:01 15343369                   /usr/lib/x86_64-linux-gnu/libLLVM-3.6.so.1
7f751238e000-7f7512394000 rw-p 01fc5000 08:01 15343369                   /usr/lib/x86_64-linux-gnu/libLLVM-3.6.so.1
7f7512394000-7f75123aa000 rw-p 00000000 00:00 0 
7f75123aa000-7f75123bf000 r-xp 00000000 08:01 15343778                   /usr/lib/x86_64-linux-gnu/libelf-0.160.so
7f75123bf000-7f75125be000 ---p 00015000 08:01 15343778                   /usr/lib/x86_64-linux-gnu/libelf-0.160.so
7f75125be000-7f75125bf000 r--p 00014000 08:01 15343778                   /usr/lib/x86_64-linux-gnu/libelf-0.160.so
7f75125bf000-7f75125c0000 rw-p 00015000 08:01 15343778                   /usr/lib/x86_64-linux-gnu/libelf-0.160.so
7f75125c0000-7f75125cc000 r-xp 00000000 08:01 15343773                   /usr/lib/x86_64-linux-gnu/libdrm_radeon.so.1.0.1
7f75125cc000-7f75127cb000 ---p 0000c000 08:01 15343773                   /usr/lib/x86_64-linux-gnu/libdrm_radeon.so.1.0.1
7f75127cb000-7f75127cc000 r--p 0000b000 08:01 15343773                   /usr/lib/x86_64-linux-gnu/libdrm_radeon.so.1.0.1
7f75127cc000-7f75127cd000 rw-p 0000c000 08:01 15343773                   /usr/lib/x86_64-linux-gnu/libdrm_radeon.so.1.0.1
7f75127cd000-7f75127d3000 r-xp 00000000 08:01 15343771                   /usr/lib/x86_64-linux-gnu/libdrm_nouveau.so.2.0.0
7f75127d3000-7f75129d2000 ---p 00006000 08:01 15343771                   /usr/lib/x86_64-linux-gnu/libdrm_nouveau.so.2.0.0
7f75129d2000-7f75129d3000 r--p 00005000 08:01 15343771                   /usr/lib/x86_64-linux-gnu/libdrm_nouveau.so.2.0.0
7f75129d3000-7f75129d4000 rw-p 00006000 08:01 15343771                   /usr/lib/x86_64-linux-gnu/libdrm_nouveau.so.2.0.0
7f75129d4000-7f7513147000 r-xp 00000000 08:01 15603600                   /usr/lib/x86_64-linux-gnu/dri/nouveau_dri.so
7f7513147000-7f7513346000 ---p 00773000 08:01 15603600                   /usr/lib/x86_64-linux-gnu/dri/nouveau_dri.so
7f7513346000-7f751339d000 r--p 00772000 08:01 15603600                   /usr/lib/x86_64-linux-gnu/dri/nouveau_dri.so
7f751339d000-7f75133a9000 rw-p 007c9000 08:01 15603600                   /usr/lib/x86_64-linux-gnu/dri/nouveau_dri.so
7f75133a9000-7f751358e000 rw-p 00000000 00:00 0 
7f751358e000-7f75135a0000 r-xp 00000000 08:01 27263385                   /lib/x86_64-linux-gnu/libudev.so.1.6.2
7f75135a0000-7f751379f000 ---p 00012000 08:01 27263385                   /lib/x86_64-linux-gnu/libudev.so.1.6.2
7f751379f000-7f75137a0000 r--p 00011000 08:01 27263385                   /lib/x86_64-linux-gnu/libudev.so.1.6.2
7f75137a0000-7f75137a1000 rw-p 00012000 08:01 27263385                   /lib/x86_64-linux-gnu/libudev.so.1.6.2
7f75137a1000-7f75137a3000 r-xp 00000000 08:01 15343521                   /usr/lib/x86_64-linux-gnu/libXinerama.so.1.0.0
7f75137a3000-7f75139a2000 ---p 00002000 08:01 15343521                   /usr/lib/x86_64-linux-gnu/libXinerama.so.1.0.0
7f75139a2000-7f75139a3000 r--p 00001000 08:01 15343521                   /usr/lib/x86_64-linux-gnu/libXinerama.so.1.0.0
7f75139a3000-7f75139a4000 rw-p 00002000 08:01 15343521                   /usr/lib/x86_64-linux-gnu/libXinerama.so.1.0.0
7f75139a4000-7f75139e9000 r-xp 00000000 08:01 28312164                   /tmp/jogamp_0000/file_cache/jln5641763277780077933/jln8820703286734041785/libjogl_mobile.so
7f75139e9000-7f7513be9000 ---p 00045000 08:01 28312164                   /tmp/jogamp_0000/file_cache/jln5641763277780077933/jln8820703286734041785/libjogl_mobile.so
7f7513be9000-7f7513bea000 rw-p 00045000 08:01 28312164                   /tmp/jogamp_0000/file_cache/jln5641763277780077933/jln8820703286734041785/libjogl_mobile.so
7f7513bea000-7f7513bf1000 r-xp 00000000 08:01 15343817                   /usr/lib/x86_64-linux-gnu/libffi.so.6.0.4
7f7513bf1000-7f7513df0000 ---p 00007000 08:01 15343817                   /usr/lib/x86_64-linux-gnu/libffi.so.6.0.4
7f7513df0000-7f7513df1000 r--p 00006000 08:01 15343817                   /usr/lib/x86_64-linux-gnu/libffi.so.6.0.4
7f7513df1000-7f7513df2000 rw-p 00007000 08:01 15343817                   /usr/lib/x86_64-linux-gnu/libffi.so.6.0.4
7f7513df2000-7f7513dff000 r-xp 00000000 08:01 15340550                   /usr/lib/x86_64-linux-gnu/libgbm.so.1.0.0
7f7513dff000-7f7513ffe000 ---p 0000d000 08:01 15340550                   /usr/lib/x86_64-linux-gnu/libgbm.so.1.0.0
7f7513ffe000-7f7513fff000 r--p 0000c000 08:01 15340550                   /usr/lib/x86_64-linux-gnu/libgbm.so.1.0.0
7f7513fff000-7f7514000000 rw-p 0000d000 08:01 15340550                   /usr/lib/x86_64-linux-gnu/libgbm.so.1.0.0
7f7514000000-7f75147bb000 rw-p 00000000 00:00 0 
7f75147bb000-7f7518000000 ---p 00000000 00:00 0 
7f7518000000-7f7518021000 rw-p 00000000 00:00 0 
7f7518021000-7f751c000000 ---p 00000000 00:00 0 
7f751c000000-7f751cd3e000 rw-p 00000000 00:00 0 
7f751cd3e000-7f7520000000 ---p 00000000 00:00 0 
7f7520000000-7f7520003000 r--s 00000000 08:01 19022266                   /var/cache/fontconfig/de83a0a961185c8bd1f159015d56c039-le64.cache-4
7f7520003000-7f7520010000 r--s 00000000 08:01 19018230                   /var/cache/fontconfig/8f02d4cb045bd6ce15663e43f347c9f8-le64.cache-4
7f7520010000-7f752002e000 r--s 00000000 08:01 19018227                   /var/cache/fontconfig/467c019e582ee353435ea5c21d137ef6-le64.cache-4
7f7520046000-7f75200c6000 rw-s 16e443000 00:06 9579                      /dev/dri/card0
7f75200c6000-7f7520146000 rw-s 1c4560000 00:06 9579                      /dev/dri/card0
7f7520146000-7f7520155000 r-xp 00000000 08:01 15344604                   /usr/lib/x86_64-linux-gnu/libwayland-server.so.0.1.0
7f7520155000-7f7520354000 ---p 0000f000 08:01 15344604                   /usr/lib/x86_64-linux-gnu/libwayland-server.so.0.1.0
7f7520354000-7f7520357000 r--p 0000e000 08:01 15344604                   /usr/lib/x86_64-linux-gnu/libwayland-server.so.0.1.0
7f7520357000-7f7520358000 rw-p 00011000 08:01 15344604                   /usr/lib/x86_64-linux-gnu/libwayland-server.so.0.1.0
7f7520358000-7f7520364000 r-xp 00000000 08:01 15344598                   /usr/lib/x86_64-linux-gnu/libwayland-client.so.0.3.0
7f7520364000-7f7520563000 ---p 0000c000 08:01 15344598                   /usr/lib/x86_64-linux-gnu/libwayland-client.so.0.3.0
7f7520563000-7f7520565000 r--p 0000b000 08:01 15344598                   /usr/lib/x86_64-linux-gnu/libwayland-client.so.0.3.0
7f7520565000-7f7520566000 rw-p 0000d000 08:01 15344598                   /usr/lib/x86_64-linux-gnu/libwayland-client.so.0.3.0
7f7520566000-7f752056b000 r-xp 00000000 08:01 15344692                   /usr/lib/x86_64-linux-gnu/libxcb-xfixes.so.0.0.0
7f752056b000-7f752076b000 ---p 00005000 08:01 15344692                   /usr/lib/x86_64-linux-gnu/libxcb-xfixes.so.0.0.0
7f752076b000-7f752076c000 r--p 00005000 08:01 15344692                   /usr/lib/x86_64-linux-gnu/libxcb-xfixes.so.0.0.0
7f752076c000-7f752076d000 rw-p 00006000 08:01 15344692                   /usr/lib/x86_64-linux-gnu/libxcb-xfixes.so.0.0.0
7f752076d000-7f7520796000 r-xp 00000000 08:01 15729315                   /usr/lib/x86_64-linux-gnu/mesa-egl/libEGL.so.1.0.0
7f7520796000-7f7520996000 ---p 00029000 08:01 15729315                   /usr/lib/x86_64-linux-gnu/mesa-egl/libEGL.so.1.0.0
7f7520996000-7f7520997000 r--p 00029000 08:01 15729315                   /usr/lib/x86_64-linux-gnu/mesa-egl/libEGL.so.1.0.0
7f7520997000-7f7520998000 rw-p 0002a000 08:01 15729315                   /usr/lib/x86_64-linux-gnu/mesa-egl/libEGL.so.1.0.0
7f7520998000-7f7520999000 rw-p 00000000 00:00 0 
7f7520999000-7f7520a3e000 r-xp 00000000 08:01 28312162                   /tmp/jogamp_0000/file_cache/jln5641763277780077933/jln8820703286734041785/libjogl_desktop.so
7f7520a3e000-7f7520c3e000 ---p 000a5000 08:01 28312162                   /tmp/jogamp_0000/file_cache/jln5641763277780077933/jln8820703286734041785/libjogl_desktop.so
7f7520c3e000-7f7520c3f000 rw-p 000a5000 08:01 28312162                   /tmp/jogamp_0000/file_cache/jln5641763277780077933/jln8820703286734041785/libjogl_desktop.so
7f7520c3f000-7f7520c4b000 r-xp 00000000 08:01 15343767                   /usr/lib/x86_64-linux-gnu/libdrm.so.2.4.0
7f7520c4b000-7f7520e4a000 ---p 0000c000 08:01 15343767                   /usr/lib/x86_64-linux-gnu/libdrm.so.2.4.0
7f7520e4a000-7f7520e4b000 r--p 0000b000 08:01 15343767                   /usr/lib/x86_64-linux-gnu/libdrm.so.2.4.0
7f7520e4b000-7f7520e4c000 rw-p 0000c000 08:01 15343767                   /usr/lib/x86_64-linux-gnu/libdrm.so.2.4.0
7f7520e4c000-7f7520e4d000 r-xp 00000000 08:01 15344706                   /usr/lib/x86_64-linux-gnu/libxshmfence.so.1.0.0
7f7520e4d000-7f752104c000 ---p 00001000 08:01 15344706                   /usr/lib/x86_64-linux-gnu/libxshmfence.so.1.0.0
7f752104c000-7f752104d000 r--p 00000000 08:01 15344706                   /usr/lib/x86_64-linux-gnu/libxshmfence.so.1.0.0
7f752104d000-7f752104e000 rw-p 00001000 08:01 15344706                   /usr/lib/x86_64-linux-gnu/libxshmfence.so.1.0.0
7f752104e000-7f7521053000 r-xp 00000000 08:01 15344688                   /usr/lib/x86_64-linux-gnu/libxcb-sync.so.1.0.0
7f7521053000-7f7521252000 ---p 00005000 08:01 15344688                   /usr/lib/x86_64-linux-gnu/libxcb-sync.so.1.0.0
7f7521252000-7f7521253000 r--p 00004000 08:01 15344688                   /usr/lib/x86_64-linux-gnu/libxcb-sync.so.1.0.0
7f7521253000-7f7521254000 rw-p 00005000 08:01 15344688                   /usr/lib/x86_64-linux-gnu/libxcb-sync.so.1.0.0
7f7521254000-7f7521256000 r-xp 00000000 08:01 15344676                   /usr/lib/x86_64-linux-gnu/libxcb-present.so.0.0.0
7f7521256000-7f7521455000 ---p 00002000 08:01 15344676                   /usr/lib/x86_64-linux-gnu/libxcb-present.so.0.0.0
7f7521455000-7f7521456000 r--p 00001000 08:01 15344676                   /usr/lib/x86_64-linux-gnu/libxcb-present.so.0.0.0
7f7521456000-7f7521457000 rw-p 00002000 08:01 15344676                   /usr/lib/x86_64-linux-gnu/libxcb-present.so.0.0.0
7f7521457000-7f7521459000 r-xp 00000000 08:01 15344666                   /usr/lib/x86_64-linux-gnu/libxcb-dri3.so.0.0.0
7f7521459000-7f7521658000 ---p 00002000 08:01 15344666                   /usr/lib/x86_64-linux-gnu/libxcb-dri3.so.0.0.0
7f7521658000-7f7521659000 r--p 00001000 08:01 15344666                   /usr/lib/x86_64-linux-gnu/libxcb-dri3.so.0.0.0
7f7521659000-7f752165a000 rw-p 00002000 08:01 15344666                   /usr/lib/x86_64-linux-gnu/libxcb-dri3.so.0.0.0
7f752165a000-7f752165d000 r-xp 00000000 08:01 15344664                   /usr/lib/x86_64-linux-gnu/libxcb-dri2.so.0.0.0
7f752165d000-7f752185d000 ---p 00003000 08:01 15344664                   /usr/lib/x86_64-linux-gnu/libxcb-dri2.so.0.0.0
7f752185d000-7f752185e000 r--p 00003000 08:01 15344664                   /usr/lib/x86_64-linux-gnu/libxcb-dri2.so.0.0.0
7f752185e000-7f752185f000 rw-p 00004000 08:01 15344664                   /usr/lib/x86_64-linux-gnu/libxcb-dri2.so.0.0.0
7f752185f000-7f7521874000 r-xp 00000000 08:01 15344668                   /usr/lib/x86_64-linux-gnu/libxcb-glx.so.0.0.0
7f7521874000-7f7521a73000 ---p 00015000 08:01 15344668                   /usr/lib/x86_64-linux-gnu/libxcb-glx.so.0.0.0
7f7521a73000-7f7521a75000 r--p 00014000 08:01 15344668                   /usr/lib/x86_64-linux-gnu/libxcb-glx.so.0.0.0
7f7521a75000-7f7521a76000 rw-p 00016000 08:01 15344668                   /usr/lib/x86_64-linux-gnu/libxcb-glx.so.0.0.0
7f7521a76000-7f7521a77000 r-xp 00000000 08:01 15343492                   /usr/lib/x86_64-linux-gnu/libX11-xcb.so.1.0.0
7f7521a77000-7f7521c76000 ---p 00001000 08:01 15343492                   /usr/lib/x86_64-linux-gnu/libX11-xcb.so.1.0.0
7f7521c76000-7f7521c77000 r--p 00000000 08:01 15343492                   /usr/lib/x86_64-linux-gnu/libX11-xcb.so.1.0.0
7f7521c77000-7f7521c78000 rw-p 00001000 08:01 15343492                   /usr/lib/x86_64-linux-gnu/libX11-xcb.so.1.0.0
7f7521c78000-7f7521c7a000 r-xp 00000000 08:01 15343507                   /usr/lib/x86_64-linux-gnu/libXdamage.so.1.1.0
7f7521c7a000-7f7521e79000 ---p 00002000 08:01 15343507                   /usr/lib/x86_64-linux-gnu/libXdamage.so.1.1.0
7f7521e79000-7f7521e7a000 r--p 00001000 08:01 15343507                   /usr/lib/x86_64-linux-gnu/libXdamage.so.1.1.0
7f7521e7a000-7f7521e7b000 rw-p 00002000 08:01 15343507                   /usr/lib/x86_64-linux-gnu/libXdamage.so.1.1.0
7f7521e7b000-7f7521ea0000 r-xp 00000000 08:01 15343260                   /usr/lib/x86_64-linux-gnu/libglapi.so.0.0.0
7f7521ea0000-7f75220a0000 ---p 00025000 08:01 15343260                   /usr/lib/x86_64-linux-gnu/libglapi.so.0.0.0
7f75220a0000-7f75220a3000 r--p 00025000 08:01 15343260                   /usr/lib/x86_64-linux-gnu/libglapi.so.0.0.0
7f75220a3000-7f75220a4000 rw-p 00028000 08:01 15343260                   /usr/lib/x86_64-linux-gnu/libglapi.so.0.0.0
7f75220a4000-7f75220a5000 rw-p 00000000 00:00 0 
7f75220a5000-7f75220cb000 r-xp 00000000 08:01 27267358                   /lib/x86_64-linux-gnu/libexpat.so.1.6.0
7f75220cb000-7f75222ca000 ---p 00026000 08:01 27267358                   /lib/x86_64-linux-gnu/libexpat.so.1.6.0
7f75222ca000-7f75222cd000 r--p 00025000 08:01 27267358                   /lib/x86_64-linux-gnu/libexpat.so.1.6.0
7f75222cd000-7f75222ce000 rw-p 00028000 08:01 27267358                   /lib/x86_64-linux-gnu/libexpat.so.1.6.0
7f75222ce000-7f7522366000 r-xp 00000000 08:01 15732978                   /usr/lib/x86_64-linux-gnu/mesa/libGL.so.1.2.0
7f7522366000-7f7522565000 ---p 00098000 08:01 15732978                   /usr/lib/x86_64-linux-gnu/mesa/libGL.so.1.2.0
7f7522565000-7f7522568000 r--p 00097000 08:01 15732978                   /usr/lib/x86_64-linux-gnu/mesa/libGL.so.1.2.0
7f7522568000-7f7522569000 rw-p 0009a000 08:01 15732978                   /usr/lib/x86_64-linux-gnu/mesa/libGL.so.1.2.0
7f7522569000-7f752276a000 rw-p 00000000 00:00 0 
7f752276a000-7f752296a000 rw-p 00000000 00:00 0 
7f752296a000-7f7522971000 r-xp 00000000 08:01 28312168                   /tmp/jogamp_0000/file_cache/jln5641763277780077933/jln8820703286734041785/libnativewindow_x11.so
7f7522971000-7f7522b70000 ---p 00007000 08:01 28312168                   /tmp/jogamp_0000/file_cache/jln5641763277780077933/jln8820703286734041785/libnativewindow_x11.so
7f7522b70000-7f7522b71000 rw-p 00006000 08:01 28312168                   /tmp/jogamp_0000/file_cache/jln5641763277780077933/jln8820703286734041785/libnativewindow_x11.so
7f7522b71000-7f7522b75000 r-xp 00000000 08:01 15343549                   /usr/lib/x86_64-linux-gnu/libXxf86vm.so.1.0.0
7f7522b75000-7f7522d75000 ---p 00004000 08:01 15343549                   /usr/lib/x86_64-linux-gnu/libXxf86vm.so.1.0.0
7f7522d75000-7f7522d76000 r--p 00004000 08:01 15343549                   /usr/lib/x86_64-linux-gnu/libXxf86vm.so.1.0.0
7f7522d76000-7f7522d77000 rw-p 00005000 08:01 15343549                   /usr/lib/x86_64-linux-gnu/libXxf86vm.so.1.0.0
7f7522d77000-7f7522d79000 r-xp 00000000 08:01 28312167                   /tmp/jogamp_0000/file_cache/jln5641763277780077933/jln8820703286734041785/libnativewindow_awt.so
7f7522d79000-7f7522f78000 ---p 00002000 08:01 28312167                   /tmp/jogamp_0000/file_cache/jln5641763277780077933/jln8820703286734041785/libnativewindow_awt.so
7f7522f78000-7f7522f79000 rw-p 00001000 08:01 28312167                   /tmp/jogamp_0000/file_cache/jln5641763277780077933/jln8820703286734041785/libnativewindow_awt.so
7f7522f79000-7f7522f7a000 r-xp 00000000 08:01 3450810                    /home/ema/Scaricati/jdk1.8.0_92/jre/lib/amd64/libjawt.so
7f7522f7a000-7f7523179000 ---p 00001000 08:01 3450810                    /home/ema/Scaricati/jdk1.8.0_92/jre/lib/amd64/libjawt.so
7f7523179000-7f752317a000 rw-p 00000000 08:01 3450810                    /home/ema/Scaricati/jdk1.8.0_92/jre/lib/amd64/libjawt.so
7f752317a000-7f752317c000 r-xp 00000000 08:01 28312158                   /tmp/jogamp_0000/file_cache/jln5641763277780077933/jln8820703286734041785/libgluegen-rt.so
7f752317c000-7f752337b000 ---p 00002000 08:01 28312158                   /tmp/jogamp_0000/file_cache/jln5641763277780077933/jln8820703286734041785/libgluegen-rt.so
7f752337b000-7f752337c000 rw-p 00001000 08:01 28312158                   /tmp/jogamp_0000/file_cache/jln5641763277780077933/jln8820703286734041785/libgluegen-rt.so
7f752337c000-7f752337f000 ---p 00000000 00:00 0 
7f752337f000-7f752367d000 rw-p 00000000 00:00 0 
7f752367d000-7f7523680000 ---p 00000000 00:00 0 
7f7523680000-7f752397e000 rw-p 00000000 00:00 0 
7f752397e000-7f7523981000 ---p 00000000 00:00 0 
7f7523981000-7f7523a7f000 rw-p 00000000 00:00 0 
7f7523a7f000-7f7523ae8000 r-xp 00000000 08:01 3450779                    /home/ema/Scaricati/jdk1.8.0_92/jre/lib/amd64/libt2k.so
7f7523ae8000-7f7523ce8000 ---p 00069000 08:01 3450779                    /home/ema/Scaricati/jdk1.8.0_92/jre/lib/amd64/libt2k.so
7f7523ce8000-7f7523cef000 rw-p 00069000 08:01 3450779                    /home/ema/Scaricati/jdk1.8.0_92/jre/lib/amd64/libt2k.so
7f7523cef000-7f7524000000 rw-p 00000000 00:00 0 
7f7524000000-7f7524021000 rw-p 00000000 00:00 0 
7f7524021000-7f7528000000 ---p 00000000 00:00 0 
7f7528000000-7f752803e000 rw-p 00000000 00:00 0 
7f752803e000-7f752c000000 ---p 00000000 00:00 0 
7f752c000000-7f752c294000 rw-p 00000000 00:00 0 
7f752c294000-7f7530000000 ---p 00000000 00:00 0 
7f7530000000-7f7530021000 rw-p 00000000 00:00 0 
7f7530021000-7f7534000000 ---p 00000000 00:00 0 
7f7534000000-7f7534021000 rw-p 00000000 00:00 0 
7f7534021000-7f7538000000 ---p 00000000 00:00 0 
7f7538000000-7f7538021000 rw-p 00000000 00:00 0 
7f7538021000-7f753c000000 ---p 00000000 00:00 0 
7f753c000000-7f753c589000 rw-p 00000000 00:00 0 
7f753c589000-7f7540000000 ---p 00000000 00:00 0 
7f7540000000-7f7540021000 rw-p 00000000 00:00 0 
7f7540021000-7f7544000000 ---p 00000000 00:00 0 
7f7544000000-7f7544968000 rw-p 00000000 00:00 0 
7f7544968000-7f7548000000 ---p 00000000 00:00 0 
7f7548000000-7f7548ea5000 rw-p 00000000 00:00 0 
7f7548ea5000-7f754c000000 ---p 00000000 00:00 0 
7f754c000000-7f754c021000 rw-p 00000000 00:00 0 
7f754c021000-7f7550000000 ---p 00000000 00:00 0 
7f7550000000-7f7550afb000 rw-p 00000000 00:00 0 
7f7550afb000-7f7554000000 ---p 00000000 00:00 0 
7f7554000000-7f7554021000 rw-p 00000000 00:00 0 
7f7554021000-7f7558000000 ---p 00000000 00:00 0 
7f7558000000-7f7558021000 rw-p 00000000 00:00 0 
7f7558021000-7f755c000000 ---p 00000000 00:00 0 
7f755c000000-7f755c021000 rw-p 00000000 00:00 0 
7f755c021000-7f7560000000 ---p 00000000 00:00 0 
7f7560000000-7f7560021000 rw-p 00000000 00:00 0 
7f7560021000-7f7564000000 ---p 00000000 00:00 0 
7f7564000000-7f7564002000 r--s 00000000 08:01 19018231                   /var/cache/fontconfig/16326683038b281783a0ef8c680e3a10-le64.cache-4
7f7564002000-7f7564082000 rw-s 1c44e0000 00:06 9579                      /dev/dri/card0
7f7564082000-7f7564093000 r-xp 00000000 08:01 3450822                    /home/ema/Scaricati/jdk1.8.0_92/jre/lib/amd64/libnio.so
7f7564093000-7f7564292000 ---p 00011000 08:01 3450822                    /home/ema/Scaricati/jdk1.8.0_92/jre/lib/amd64/libnio.so
7f7564292000-7f7564293000 rw-p 00010000 08:01 3450822                    /home/ema/Scaricati/jdk1.8.0_92/jre/lib/amd64/libnio.so
7f7564293000-7f75642a9000 r-xp 00000000 08:01 3450819                    /home/ema/Scaricati/jdk1.8.0_92/jre/lib/amd64/libnet.so
7f75642a9000-7f75644a9000 ---p 00016000 08:01 3450819                    /home/ema/Scaricati/jdk1.8.0_92/jre/lib/amd64/libnet.so
7f75644a9000-7f75644aa000 rw-p 00016000 08:01 3450819                    /home/ema/Scaricati/jdk1.8.0_92/jre/lib/amd64/libnet.so
7f75644aa000-7f75644ad000 ---p 00000000 00:00 0 
7f75644ad000-7f75645ab000 rw-p 00000000 00:00 0 
7f75645ab000-7f75645ae000 ---p 00000000 00:00 0 
7f75645ae000-7f75646ac000 rw-p 00000000 00:00 0 
7f75646ac000-7f75646af000 ---p 00000000 00:00 0 
7f75646af000-7f75647ad000 rw-p 00000000 00:00 0 
7f75647ad000-7f75647b0000 ---p 00000000 00:00 0 
7f75647b0000-7f75648ae000 rw-p 00000000 00:00 0 
7f75648ae000-7f75648b3000 r-xp 00000000 08:01 15343513                   /usr/lib/x86_64-linux-gnu/libXfixes.so.3.1.0
7f75648b3000-7f7564ab2000 ---p 00005000 08:01 15343513                   /usr/lib/x86_64-linux-gnu/libXfixes.so.3.1.0
7f7564ab2000-7f7564ab3000 r--p 00004000 08:01 15343513                   /usr/lib/x86_64-linux-gnu/libXfixes.so.3.1.0
7f7564ab3000-7f7564ab4000 rw-p 00005000 08:01 15343513                   /usr/lib/x86_64-linux-gnu/libXfixes.so.3.1.0
7f7564ab4000-7f7564abd000 r-xp 00000000 08:01 15343505                   /usr/lib/x86_64-linux-gnu/libXcursor.so.1.0.2
7f7564abd000-7f7564cbc000 ---p 00009000 08:01 15343505                   /usr/lib/x86_64-linux-gnu/libXcursor.so.1.0.2
7f7564cbc000-7f7564cbd000 r--p 00008000 08:01 15343505                   /usr/lib/x86_64-linux-gnu/libXcursor.so.1.0.2
7f7564cbd000-7f7564cbe000 rw-p 00009000 08:01 15343505                   /usr/lib/x86_64-linux-gnu/libXcursor.so.1.0.2
7f7564cbe000-7f7564cc1000 ---p 00000000 00:00 0 
7f7564cc1000-7f7564dbf000 rw-p 00000000 00:00 0 
7f7564dbf000-7f7564dd5000 r-xp 00000000 08:01 27269807                   /lib/x86_64-linux-gnu/libgcc_s.so.1
7f7564dd5000-7f7564fd4000 ---p 00016000 08:01 27269807                   /lib/x86_64-linux-gnu/libgcc_s.so.1
7f7564fd4000-7f7564fd5000 rw-p 00015000 08:01 27269807                   /lib/x86_64-linux-gnu/libgcc_s.so.1
7f7564fd5000-7f756503a000 r-xp 00000000 08:01 3450798                    /home/ema/Scaricati/jdk1.8.0_92/jre/lib/amd64/libfontmanager.so
7f756503a000-7f7565239000 ---p 00065000 08:01 3450798                    /home/ema/Scaricati/jdk1.8.0_92/jre/lib/amd64/libfontmanager.so
7f7565239000-7f756523e000 rw-p 00064000 08:01 3450798                    /home/ema/Scaricati/jdk1.8.0_92/jre/lib/amd64/libfontmanager.so
7f756523e000-7f756524e000 rw-p 00000000 00:00 0 
7f756524e000-7f7565253000 r-xp 00000000 08:01 15343509                   /usr/lib/x86_64-linux-gnu/libXdmcp.so.6.0.0
7f7565253000-7f7565452000 ---p 00005000 08:01 15343509                   /usr/lib/x86_64-linux-gnu/libXdmcp.so.6.0.0
7f7565452000-7f7565453000 r--p 00004000 08:01 15343509                   /usr/lib/x86_64-linux-gnu/libXdmcp.so.6.0.0
7f7565453000-7f7565454000 rw-p 00005000 08:01 15343509                   /usr/lib/x86_64-linux-gnu/libXdmcp.so.6.0.0
7f7565454000-7f7565456000 r-xp 00000000 08:01 15343498                   /usr/lib/x86_64-linux-gnu/libXau.so.6.0.0
7f7565456000-7f7565656000 ---p 00002000 08:01 15343498                   /usr/lib/x86_64-linux-gnu/libXau.so.6.0.0
7f7565656000-7f7565657000 r--p 00002000 08:01 15343498                   /usr/lib/x86_64-linux-gnu/libXau.so.6.0.0
7f7565657000-7f7565658000 rw-p 00003000 08:01 15343498                   /usr/lib/x86_64-linux-gnu/libXau.so.6.0.0
7f7565658000-7f7565675000 r-xp 00000000 08:01 15344696                   /usr/lib/x86_64-linux-gnu/libxcb.so.1.1.0
7f7565675000-7f7565875000 ---p 0001d000 08:01 15344696                   /usr/lib/x86_64-linux-gnu/libxcb.so.1.1.0
7f7565875000-7f7565876000 r--p 0001d000 08:01 15344696                   /usr/lib/x86_64-linux-gnu/libxcb.so.1.1.0
7f7565876000-7f7565877000 rw-p 0001e000 08:01 15344696                   /usr/lib/x86_64-linux-gnu/libxcb.so.1.1.0
7f7565877000-7f7565886000 r-xp 00000000 08:01 15343519                   /usr/lib/x86_64-linux-gnu/libXi.so.6.1.0
7f7565886000-7f7565a85000 ---p 0000f000 08:01 15343519                   /usr/lib/x86_64-linux-gnu/libXi.so.6.1.0
7f7565a85000-7f7565a86000 r--p 0000e000 08:01 15343519                   /usr/lib/x86_64-linux-gnu/libXi.so.6.1.0
7f7565a86000-7f7565a87000 rw-p 0000f000 08:01 15343519                   /usr/lib/x86_64-linux-gnu/libXi.so.6.1.0
7f7565a87000-7f7565a8c000 r-xp 00000000 08:01 15343539                   /usr/lib/x86_64-linux-gnu/libXtst.so.6.1.0
7f7565a8c000-7f7565c8b000 ---p 00005000 08:01 15343539                   /usr/lib/x86_64-linux-gnu/libXtst.so.6.1.0
7f7565c8b000-7f7565c8c000 r--p 00004000 08:01 15343539                   /usr/lib/x86_64-linux-gnu/libXtst.so.6.1.0
7f7565c8c000-7f7565c8d000 rw-p 00005000 08:01 15343539                   /usr/lib/x86_64-linux-gnu/libXtst.so.6.1.0
7f7565c8d000-7f7565c96000 r-xp 00000000 08:01 15343533                   /usr/lib/x86_64-linux-gnu/libXrender.so.1.3.0
7f7565c96000-7f7565e95000 ---p 00009000 08:01 15343533                   /usr/lib/x86_64-linux-gnu/libXrender.so.1.3.0
7f7565e95000-7f7565e96000 r--p 00008000 08:01 15343533                   /usr/lib/x86_64-linux-gnu/libXrender.so.1.3.0
7f7565e96000-7f7565e97000 rw-p 00009000 08:01 15343533                   /usr/lib/x86_64-linux-gnu/libXrender.so.1.3.0
7f7565e97000-7f7565fca000 r-xp 00000000 08:01 15343494                   /usr/lib/x86_64-linux-gnu/libX11.so.6.3.0
7f7565fca000-7f75661ca000 ---p 00133000 08:01 15343494                   /usr/lib/x86_64-linux-gnu/libX11.so.6.3.0
7f75661ca000-7f75661cb000 r--p 00133000 08:01 15343494                   /usr/lib/x86_64-linux-gnu/libX11.so.6.3.0
7f75661cb000-7f75661cf000 rw-p 00134000 08:01 15343494                   /usr/lib/x86_64-linux-gnu/libX11.so.6.3.0
7f75661cf000-7f75661d0000 rw-p 00000000 00:00 0 
7f75661d0000-7f75661e1000 r-xp 00000000 08:01 15343511                   /usr/lib/x86_64-linux-gnu/libXext.so.6.4.0
7f75661e1000-7f75663e0000 ---p 00011000 08:01 15343511                   /usr/lib/x86_64-linux-gnu/libXext.so.6.4.0
7f75663e0000-7f75663e1000 r--p 00010000 08:01 15343511                   /usr/lib/x86_64-linux-gnu/libXext.so.6.4.0
7f75663e1000-7f75663e2000 rw-p 00011000 08:01 15343511                   /usr/lib/x86_64-linux-gnu/libXext.so.6.4.0
7f75663e2000-7f7566436000 r-xp 00000000 08:01 3450826                    /home/ema/Scaricati/jdk1.8.0_92/jre/lib/amd64/libawt_xawt.so
7f7566436000-7f7566636000 ---p 00054000 08:01 3450826                    /home/ema/Scaricati/jdk1.8.0_92/jre/lib/amd64/libawt_xawt.so
7f7566636000-7f756663a000 rw-p 00054000 08:01 3450826                    /home/ema/Scaricati/jdk1.8.0_92/jre/lib/amd64/libawt_xawt.so
7f756663a000-7f756663b000 rw-p 00000000 00:00 0 
7f756663b000-7f75666dd000 r-xp 00000000 08:01 3450809                    /home/ema/Scaricati/jdk1.8.0_92/jre/lib/amd64/libawt.so
7f75666dd000-7f75668dd000 ---p 000a2000 08:01 3450809                    /home/ema/Scaricati/jdk1.8.0_92/jre/lib/amd64/libawt.so
7f75668dd000-7f75668e9000 rw-p 000a2000 08:01 3450809                    /home/ema/Scaricati/jdk1.8.0_92/jre/lib/amd64/libawt.so
7f75668e9000-7f756690d000 rw-p 00000000 00:00 0 
7f756690d000-7f756690e000 ---p 00000000 00:00 0 
7f756690e000-7f7566a0e000 rw-p 00000000 00:00 0 
7f7566a0e000-7f7566a11000 ---p 00000000 00:00 0 
7f7566a11000-7f7566b0f000 rw-p 00000000 00:00 0 
7f7566b0f000-7f7566b12000 ---p 00000000 00:00 0 
7f7566b12000-7f7566c10000 rw-p 00000000 00:00 0 
7f7566c10000-7f7566c13000 ---p 00000000 00:00 0 
7f7566c13000-7f7566d11000 rw-p 00000000 00:00 0 
7f7566d11000-7f7566d14000 ---p 00000000 00:00 0 
7f7566d14000-7f7566e12000 rw-p 00000000 00:00 0 
7f7566e12000-7f7566e15000 ---p 00000000 00:00 0 
7f7566e15000-7f7566f13000 rw-p 00000000 00:00 0 
7f7566f13000-7f7566f16000 ---p 00000000 00:00 0 
7f7566f16000-7f7567014000 rw-p 00000000 00:00 0 
7f7567014000-7f75676f7000 r--p 00000000 08:01 15342584                   /usr/lib/locale/locale-archive
7f75676f7000-7f75676fa000 ---p 00000000 00:00 0 
7f75676fa000-7f75677f8000 rw-p 00000000 00:00 0 
7f75677f8000-7f75677fb000 ---p 00000000 00:00 0 
7f75677fb000-7f75678f9000 rw-p 00000000 00:00 0 
7f75678f9000-7f75678fa000 ---p 00000000 00:00 0 
7f75678fa000-7f7568000000 rw-p 00000000 00:00 0 
7f7568000000-7f7568021000 rw-p 00000000 00:00 0 
7f7568021000-7f756c000000 ---p 00000000 00:00 0 
7f756c000000-7f756c001000 r--s 00000000 08:01 19022269                   /var/cache/fontconfig/c277e94e32b20404286a1ddafa5a80f0-le64.cache-4
7f756c001000-7f756c002000 r--s 00000000 08:01 19018228                   /var/cache/fontconfig/e0aa53bcfa504e64f87823c16bc01eb6-le64.cache-4
7f756c002000-7f756c022000 rw-s 16e4e3000 00:06 9579                      /dev/dri/card0
7f756c022000-7f756c03e000 r--s 00393000 08:01 3450599                    /home/ema/Scaricati/jdk1.8.0_92/jre/lib/ext/cldrdata.jar
7f756c03e000-7f756c041000 ---p 00000000 00:00 0 
7f756c041000-7f756c077000 rw-p 00000000 00:00 0 
7f756c077000-7f756c09a000 r--s 002ec000 08:01 3540429                    /home/ema/Dropbox/ACCADEMIC/Programmi/Java/ucsdunfoldingmaps/lib/jogl-all.jar
7f756c09a000-7f7570000000 rw-p 00000000 00:00 0 
7f7570000000-7f7570021000 rw-p 00000000 00:00 0 
7f7570021000-7f7574000000 ---p 00000000 00:00 0 
7f7574000000-7f7574021000 rw-p 00000000 00:00 0 
7f7574021000-7f7578000000 ---p 00000000 00:00 0 
7f7578000000-7f7578021000 rw-p 00000000 00:00 0 
7f7578021000-7f757c000000 ---p 00000000 00:00 0 
7f757c000000-7f757c021000 rw-p 00000000 00:00 0 
7f757c021000-7f7580000000 ---p 00000000 00:00 0 
7f7580000000-7f7580021000 rw-p 00000000 00:00 0 
7f7580021000-7f7584000000 ---p 00000000 00:00 0 
7f7584000000-7f7584021000 rw-p 00000000 00:00 0 
7f7584021000-7f7588000000 ---p 00000000 00:00 0 
7f7588004000-7f7588008000 rw-s 1a20c4000 00:06 9579                      /dev/dri/card0
7f7588008000-7f7588012000 r--s 00116000 08:01 3450653                    /home/ema/Scaricati/jdk1.8.0_92/jre/lib/ext/localedata.jar
7f7588012000-7f7589000000 rw-p 00000000 00:00 0 
7f7589000000-7f7589b10000 rwxp 00000000 00:00 0 
7f7589b10000-7f7598000000 ---p 00000000 00:00 0 
7f7598000000-7f75982c5000 rw-p 00000000 00:00 0 
7f75982c5000-7f759c000000 ---p 00000000 00:00 0 
7f759c000000-7f759c092000 rw-p 00000000 00:00 0 
7f759c092000-7f759c26b000 r--s 03d24000 08:01 3450543                    /home/ema/Scaricati/jdk1.8.0_92/jre/lib/rt.jar
7f759c26b000-7f759c2e1000 rw-p 00000000 00:00 0 
7f759c2e1000-7f759c2e2000 ---p 00000000 00:00 0 
7f759c2e2000-7f759c3e2000 rw-p 00000000 00:00 0 
7f759c3e2000-7f759c3e3000 ---p 00000000 00:00 0 
7f759c3e3000-7f759c4e3000 rw-p 00000000 00:00 0 
7f759c4e3000-7f759c4e4000 ---p 00000000 00:00 0 
7f759c4e4000-7f759c5e4000 rw-p 00000000 00:00 0 
7f759c5e4000-7f759c5e5000 ---p 00000000 00:00 0 
7f759c5e5000-7f759c6e5000 rw-p 00000000 00:00 0 
7f759c6e5000-7f759c6e6000 ---p 00000000 00:00 0 
7f759c6e6000-7f759c7e6000 rw-p 00000000 00:00 0 
7f759c7e6000-7f759c7e7000 ---p 00000000 00:00 0 
7f759c7e7000-7f759c8e7000 rw-p 00000000 00:00 0 
7f759c8e7000-7f759c8e8000 ---p 00000000 00:00 0 
7f759c8e8000-7f759c9e8000 rw-p 00000000 00:00 0 
7f759c9e8000-7f759c9e9000 ---p 00000000 00:00 0 
7f759c9e9000-7f759cb0c000 rw-p 00000000 00:00 0 
7f759cb0c000-7f759ccda000 ---p 00000000 00:00 0 
7f759ccda000-7f759ccfd000 rw-p 00000000 00:00 0 
7f759ccfd000-7f759ceca000 ---p 00000000 00:00 0 
7f759ceca000-7f759ceed000 rw-p 00000000 00:00 0 
7f759ceed000-7f759cfc3000 ---p 00000000 00:00 0 
7f759cfc3000-7f759cff1000 rw-p 00000000 00:00 0 
7f759cff1000-7f759d384000 ---p 00000000 00:00 0 
7f759d384000-7f759d39e000 r-xp 00000000 08:01 3450813                    /home/ema/Scaricati/jdk1.8.0_92/jre/lib/amd64/libzip.so
7f759d39e000-7f759d59e000 ---p 0001a000 08:01 3450813                    /home/ema/Scaricati/jdk1.8.0_92/jre/lib/amd64/libzip.so
7f759d59e000-7f759d59f000 rw-p 0001a000 08:01 3450813                    /home/ema/Scaricati/jdk1.8.0_92/jre/lib/amd64/libzip.so
7f759d59f000-7f759d5ab000 r-xp 00000000 08:01 27267297                   /lib/x86_64-linux-gnu/libnss_files-2.21.so
7f759d5ab000-7f759d7aa000 ---p 0000c000 08:01 27267297                   /lib/x86_64-linux-gnu/libnss_files-2.21.so
7f759d7aa000-7f759d7ab000 r--p 0000b000 08:01 27267297                   /lib/x86_64-linux-gnu/libnss_files-2.21.so
7f759d7ab000-7f759d7ac000 rw-p 0000c000 08:01 27267297                   /lib/x86_64-linux-gnu/libnss_files-2.21.so
7f759d7ac000-7f759d7b7000 r-xp 00000000 08:01 27267307                   /lib/x86_64-linux-gnu/libnss_nis-2.21.so
7f759d7b7000-7f759d9b6000 ---p 0000b000 08:01 27267307                   /lib/x86_64-linux-gnu/libnss_nis-2.21.so
7f759d9b6000-7f759d9b7000 r--p 0000a000 08:01 27267307                   /lib/x86_64-linux-gnu/libnss_nis-2.21.so
7f759d9b7000-7f759d9b8000 rw-p 0000b000 08:01 27267307                   /lib/x86_64-linux-gnu/libnss_nis-2.21.so
7f759d9b8000-7f759d9cf000 r-xp 00000000 08:01 27267291                   /lib/x86_64-linux-gnu/libnsl-2.21.so
7f759d9cf000-7f759dbce000 ---p 00017000 08:01 27267291                   /lib/x86_64-linux-gnu/libnsl-2.21.so
7f759dbce000-7f759dbcf000 r--p 00016000 08:01 27267291                   /lib/x86_64-linux-gnu/libnsl-2.21.so
7f759dbcf000-7f759dbd0000 rw-p 00017000 08:01 27267291                   /lib/x86_64-linux-gnu/libnsl-2.21.so
7f759dbd0000-7f759dbd2000 rw-p 00000000 00:00 0 
7f759dbd2000-7f759dbda000 r-xp 00000000 08:01 27267293                   /lib/x86_64-linux-gnu/libnss_compat-2.21.so
7f759dbda000-7f759ddd9000 ---p 00008000 08:01 27267293                   /lib/x86_64-linux-gnu/libnss_compat-2.21.so
7f759ddd9000-7f759ddda000 r--p 00007000 08:01 27267293                   /lib/x86_64-linux-gnu/libnss_compat-2.21.so
7f759ddda000-7f759dddb000 rw-p 00008000 08:01 27267293                   /lib/x86_64-linux-gnu/libnss_compat-2.21.so
7f759dddb000-7f759de05000 r-xp 00000000 08:01 3450807                    /home/ema/Scaricati/jdk1.8.0_92/jre/lib/amd64/libjava.so
7f759de05000-7f759e005000 ---p 0002a000 08:01 3450807                    /home/ema/Scaricati/jdk1.8.0_92/jre/lib/amd64/libjava.so
7f759e005000-7f759e007000 rw-p 0002a000 08:01 3450807                    /home/ema/Scaricati/jdk1.8.0_92/jre/lib/amd64/libjava.so
7f759e007000-7f759e014000 r-xp 00000000 08:01 3450812                    /home/ema/Scaricati/jdk1.8.0_92/jre/lib/amd64/libverify.so
7f759e014000-7f759e214000 ---p 0000d000 08:01 3450812                    /home/ema/Scaricati/jdk1.8.0_92/jre/lib/amd64/libverify.so
7f759e214000-7f759e216000 rw-p 0000d000 08:01 3450812                    /home/ema/Scaricati/jdk1.8.0_92/jre/lib/amd64/libverify.so
7f759e216000-7f759e21d000 r-xp 00000000 08:01 27267352                   /lib/x86_64-linux-gnu/librt-2.21.so
7f759e21d000-7f759e41c000 ---p 00007000 08:01 27267352                   /lib/x86_64-linux-gnu/librt-2.21.so
7f759e41c000-7f759e41d000 r--p 00006000 08:01 27267352                   /lib/x86_64-linux-gnu/librt-2.21.so
7f759e41d000-7f759e41e000 rw-p 00007000 08:01 27267352                   /lib/x86_64-linux-gnu/librt-2.21.so
7f759e41e000-7f759e525000 r-xp 00000000 08:01 27267270                   /lib/x86_64-linux-gnu/libm-2.21.so
7f759e525000-7f759e724000 ---p 00107000 08:01 27267270                   /lib/x86_64-linux-gnu/libm-2.21.so
7f759e724000-7f759e725000 r--p 00106000 08:01 27267270                   /lib/x86_64-linux-gnu/libm-2.21.so
7f759e725000-7f759e726000 rw-p 00107000 08:01 27267270                   /lib/x86_64-linux-gnu/libm-2.21.so
7f759e726000-7f759f3e9000 r-xp 00000000 08:01 3450788                    /home/ema/Scaricati/jdk1.8.0_92/jre/lib/amd64/server/libjvm.so
7f759f3e9000-7f759f5e8000 ---p 00cc3000 08:01 3450788                    /home/ema/Scaricati/jdk1.8.0_92/jre/lib/amd64/server/libjvm.so
7f759f5e8000-7f759f6c1000 rw-p 00cc2000 08:01 3450788                    /home/ema/Scaricati/jdk1.8.0_92/jre/lib/amd64/server/libjvm.so
7f759f6c1000-7f759f70c000 rw-p 00000000 00:00 0 
7f759f70c000-7f759f8cc000 r-xp 00000000 08:01 27267211                   /lib/x86_64-linux-gnu/libc-2.21.so
7f759f8cc000-7f759facc000 ---p 001c0000 08:01 27267211                   /lib/x86_64-linux-gnu/libc-2.21.so
7f759facc000-7f759fad0000 r--p 001c0000 08:01 27267211                   /lib/x86_64-linux-gnu/libc-2.21.so
7f759fad0000-7f759fad2000 rw-p 001c4000 08:01 27267211                   /lib/x86_64-linux-gnu/libc-2.21.so
7f759fad2000-7f759fad6000 rw-p 00000000 00:00 0 
7f759fad6000-7f759fad9000 r-xp 00000000 08:01 27267228                   /lib/x86_64-linux-gnu/libdl-2.21.so
7f759fad9000-7f759fcd8000 ---p 00003000 08:01 27267228                   /lib/x86_64-linux-gnu/libdl-2.21.so
7f759fcd8000-7f759fcd9000 r--p 00002000 08:01 27267228                   /lib/x86_64-linux-gnu/libdl-2.21.so
7f759fcd9000-7f759fcda000 rw-p 00003000 08:01 27267228                   /lib/x86_64-linux-gnu/libdl-2.21.so
7f759fcda000-7f759fcef000 r-xp 00000000 08:01 3450782                    /home/ema/Scaricati/jdk1.8.0_92/jre/lib/amd64/jli/libjli.so
7f759fcef000-7f759feef000 ---p 00015000 08:01 3450782                    /home/ema/Scaricati/jdk1.8.0_92/jre/lib/amd64/jli/libjli.so
7f759feef000-7f759fef0000 rw-p 00015000 08:01 3450782                    /home/ema/Scaricati/jdk1.8.0_92/jre/lib/amd64/jli/libjli.so
7f759fef0000-7f759ff08000 r-xp 00000000 08:01 27267344                   /lib/x86_64-linux-gnu/libpthread-2.21.so
7f759ff08000-7f75a0108000 ---p 00018000 08:01 27267344                   /lib/x86_64-linux-gnu/libpthread-2.21.so
7f75a0108000-7f75a0109000 r--p 00018000 08:01 27267344                   /lib/x86_64-linux-gnu/libpthread-2.21.so
7f75a0109000-7f75a010a000 rw-p 00019000 08:01 27267344                   /lib/x86_64-linux-gnu/libpthread-2.21.so
7f75a010a000-7f75a010e000 rw-p 00000000 00:00 0 
7f75a010e000-7f75a0132000 r-xp 00000000 08:01 27267183                   /lib/x86_64-linux-gnu/ld-2.21.so
7f75a0132000-7f75a0134000 rw-s 16f08c000 00:06 9579                      /dev/dri/card0
7f75a0134000-7f75a0135000 rw-s 16e985000 00:06 9579                      /dev/dri/card0
7f75a0135000-7f75a0136000 rw-s 16e984000 00:06 9579                      /dev/dri/card0
7f75a0136000-7f75a0137000 rwxp 00000000 00:00 0 
7f75a0137000-7f75a0138000 rw-s 1c46e0000 00:06 9579                      /dev/dri/card0
7f75a0138000-7f75a013a000 r--s 00000000 08:01 3540406                    /home/ema/Dropbox/ACCADEMIC/Programmi/Java/ucsdunfoldingmaps/lib/gluegen-rt-natives-linux-amd64.jar
7f75a013a000-7f75a013e000 r--s 00097000 08:01 3450594                    /home/ema/Scaricati/jdk1.8.0_92/jre/lib/jsse.jar
7f75a013e000-7f75a0144000 r--s 00033000 08:01 3540448                    /home/ema/Dropbox/ACCADEMIC/Programmi/Java/ucsdunfoldingmaps/lib/unfolding.0.9.7-uscd.jar
7f75a0144000-7f75a0206000 rw-p 00000000 00:00 0 
7f75a0206000-7f75a0209000 ---p 00000000 00:00 0 
7f75a0209000-7f75a030b000 rw-p 00000000 00:00 0 
7f75a030b000-7f75a030c000 r--s 0002f000 08:01 3540414                    /home/ema/Dropbox/ACCADEMIC/Programmi/Java/ucsdunfoldingmaps/lib/jogl-all-natives-linux-amd64.jar
7f75a030c000-7f75a030d000 r--p 00000000 00:00 0 
7f75a030d000-7f75a030e000 r--s 00005000 08:01 3540435                    /home/ema/Dropbox/ACCADEMIC/Programmi/Java/ucsdunfoldingmaps/lib/libTUIO.jar
7f75a030e000-7f75a030f000 r--s 00007000 08:01 3540430                    /home/ema/Dropbox/ACCADEMIC/Programmi/Java/ucsdunfoldingmaps/lib/json4processing.jar
7f75a030f000-7f75a0314000 r--s 00309000 08:01 3540440                    /home/ema/Dropbox/ACCADEMIC/Programmi/Java/ucsdunfoldingmaps/lib/sqlite-jdbc-3.7.2.jar
7f75a0314000-7f75a031b000 r--s 00059000 08:01 3540436                    /home/ema/Dropbox/ACCADEMIC/Programmi/Java/ucsdunfoldingmaps/lib/log4j-1.2.15.jar
7f75a031b000-7f75a0321000 r--s 00041000 08:01 3540413                    /home/ema/Dropbox/ACCADEMIC/Programmi/Java/ucsdunfoldingmaps/lib/gluegen-rt.jar
7f75a0321000-7f75a0325000 r--s 0009a000 08:01 3540405                    /home/ema/Dropbox/ACCADEMIC/Programmi/Java/ucsdunfoldingmaps/lib/core.jar
7f75a0325000-7f75a032d000 rw-s 00000000 08:01 28312146                   /tmp/hsperfdata_ema/26875
7f75a032d000-7f75a032e000 rw-p 00000000 00:00 0 
7f75a032e000-7f75a032f000 r--p 00000000 00:00 0 
7f75a032f000-7f75a0331000 rw-p 00000000 00:00 0 
7f75a0331000-7f75a0332000 r--p 00023000 08:01 27267183                   /lib/x86_64-linux-gnu/ld-2.21.so
7f75a0332000-7f75a0333000 rw-p 00024000 08:01 27267183                   /lib/x86_64-linux-gnu/ld-2.21.so
7f75a0333000-7f75a0334000 rw-p 00000000 00:00 0 
7ffdf6d10000-7ffdf6d31000 rw-p 00000000 00:00 0                          [stack]
7ffdf6d84000-7ffdf6d86000 r--p 00000000 00:00 0                          [vvar]
7ffdf6d86000-7ffdf6d88000 r-xp 00000000 00:00 0                          [vdso]
ffffffffff600000-ffffffffff601000 r-xp 00000000 00:00 0                  [vsyscall]

VM Arguments:
jvm_args: -Djava.security.policy=java.policy.applet -Dfile.encoding=UTF-8 
java_command: sun.applet.AppletViewer module3.EarthquakeCityMap1475831008997.html
java_class_path (initial): /home/ema/Dropbox/ACCADEMIC/Programmi/Java/ucsdunfoldingmaps/build:/home/ema/Dropbox/ACCADEMIC/Programmi/Java/ucsdunfoldingmaps/lib/core.jar:/home/ema/Dropbox/ACCADEMIC/Programmi/Java/ucsdunfoldingmaps/lib/gluegen-rt.jar:/home/ema/Dropbox/ACCADEMIC/Programmi/Java/ucsdunfoldingmaps/lib/jogl-all.jar:/home/ema/Dropbox/ACCADEMIC/Programmi/Java/ucsdunfoldingmaps/lib/log4j-1.2.15.jar:/home/ema/Dropbox/ACCADEMIC/Programmi/Java/ucsdunfoldingmaps/lib/sqlite-jdbc-3.7.2.jar:/home/ema/Dropbox/ACCADEMIC/Programmi/Java/ucsdunfoldingmaps/lib/json4processing.jar:/home/ema/Dropbox/ACCADEMIC/Programmi/Java/ucsdunfoldingmaps/lib/libTUIO.jar:/home/ema/Dropbox/ACCADEMIC/Programmi/Java/ucsdunfoldingmaps/lib/unfolding.0.9.7-uscd.jar
Launcher Type: SUN_STANDARD

Environment Variables:
PATH=/usr/local/sbin:/usr/local/bin:/usr/sbin:/usr/bin:/sbin:/bin:/usr/games:/usr/local/games
SHELL=/bin/bash
DISPLAY=:0

Signal Handlers:
SIGSEGV: [libjvm.so+0xabdee0], sa_mask[0]=11111111011111111101111111111110, sa_flags=SA_RESTART|SA_SIGINFO
SIGBUS: [libjvm.so+0xabdee0], sa_mask[0]=11111111011111111101111111111110, sa_flags=SA_RESTART|SA_SIGINFO
SIGFPE: [libjvm.so+0x91a580], sa_mask[0]=11111111011111111101111111111110, sa_flags=SA_RESTART|SA_SIGINFO
SIGPIPE: [libjvm.so+0x91a580], sa_mask[0]=11111111011111111101111111111110, sa_flags=SA_RESTART|SA_SIGINFO
SIGXFSZ: [libjvm.so+0x91a580], sa_mask[0]=11111111011111111101111111111110, sa_flags=SA_RESTART|SA_SIGINFO
SIGILL: [libjvm.so+0x91a580], sa_mask[0]=11111111011111111101111111111110, sa_flags=SA_RESTART|SA_SIGINFO
SIGUSR1: SIG_DFL, sa_mask[0]=00000000000000000000000000000000, sa_flags=none
SIGUSR2: [libjvm.so+0x91bbb0], sa_mask[0]=00100000000000000000000000000000, sa_flags=SA_RESTART|SA_SIGINFO
SIGHUP: [libjvm.so+0x91cfb0], sa_mask[0]=11111111011111111101111111111110, sa_flags=SA_RESTART|SA_SIGINFO
SIGINT: [libjvm.so+0x91cfb0], sa_mask[0]=11111111011111111101111111111110, sa_flags=SA_RESTART|SA_SIGINFO
SIGTERM: [libjvm.so+0x91cfb0], sa_mask[0]=11111111011111111101111111111110, sa_flags=SA_RESTART|SA_SIGINFO
SIGQUIT: [libjvm.so+0x91cfb0], sa_mask[0]=11111111011111111101111111111110, sa_flags=SA_RESTART|SA_SIGINFO


---------------  S Y S T E M  ---------------

OS:DISTRIB_ID=Ubuntu
DISTRIB_RELEASE=15.04
DISTRIB_CODENAME=vivid
DISTRIB_DESCRIPTION="Ubuntu 15.04"

uname:Linux 3.19.0-69-generic #77-Ubuntu SMP Mon Aug 29 19:53:54 UTC 2016 x86_64
libc:glibc 2.21 NPTL 2.21 
rlimit: STACK 8192k, CORE 0k, NPROC 23746, NOFILE 65536, AS infinity
load average:1,02 0,97 0,72

/proc/meminfo:
MemTotal:        6101264 kB
MemFree:          966756 kB
MemAvailable:    2703700 kB
Buffers:          707500 kB
Cached:          1204404 kB
SwapCached:            0 kB
Active:          4144916 kB
Inactive:         701772 kB
Active(anon):    2939200 kB
Inactive(anon):    41400 kB
Active(file):    1205716 kB
Inactive(file):   660372 kB
Unevictable:          60 kB
Mlocked:              60 kB
SwapTotal:             0 kB
SwapFree:              0 kB
Dirty:               756 kB
Writeback:             0 kB
AnonPages:       2934952 kB
Mapped:           491532 kB
Shmem:             45800 kB
Slab:             131164 kB
SReclaimable:      79600 kB
SUnreclaim:        51564 kB
KernelStack:       13184 kB
PageTables:        40876 kB
NFS_Unstable:          0 kB
Bounce:                0 kB
WritebackTmp:          0 kB
CommitLimit:     3050632 kB
Committed_AS:    7940360 kB
VmallocTotal:   34359738367 kB
VmallocUsed:      317776 kB
VmallocChunk:   34359319508 kB
HardwareCorrupted:     0 kB
AnonHugePages:   1271808 kB
CmaTotal:              0 kB
CmaFree:               0 kB
HugePages_Total:       0
HugePages_Free:        0
HugePages_Rsvd:        0
HugePages_Surp:        0
Hugepagesize:       2048 kB
DirectMap4k:      187904 kB
DirectMap2M:     6094848 kB


CPU:total 8 (4 cores per cpu, 2 threads per core) family 6 model 26 stepping 5, cmov, cx8, fxsr, mmx, sse, sse2, sse3, ssse3, sse4.1, sse4.2, popcnt, ht, tsc, tscinvbit, tscinv

/proc/cpuinfo:
processor	: 0
vendor_id	: GenuineIntel
cpu family	: 6
model		: 26
model name	: Intel(R) Core(TM) i7 CPU         920  @ 2.67GHz
stepping	: 5
microcode	: 0xf
cpu MHz		: 1733.000
cache size	: 8192 KB
physical id	: 0
siblings	: 8
core id		: 0
cpu cores	: 4
apicid		: 0
initial apicid	: 0
fpu		: yes
fpu_exception	: yes
cpuid level	: 11
wp		: yes
flags		: fpu vme de pse tsc msr pae mce cx8 apic sep mtrr pge mca cmov pat pse36 clflush dts acpi mmx fxsr sse sse2 ss ht tm pbe syscall nx rdtscp lm constant_tsc arch_perfmon pebs bts rep_good nopl xtopology nonstop_tsc aperfmperf pni dtes64 monitor ds_cpl vmx est tm2 ssse3 cx16 xtpr pdcm sse4_1 sse4_2 popcnt lahf_lm ida dtherm tpr_shadow vnmi flexpriority ept vpid
bugs		:
bogomips	: 5344.97
clflush size	: 64
cache_alignment	: 64
address sizes	: 36 bits physical, 48 bits virtual
power management:

processor	: 1
vendor_id	: GenuineIntel
cpu family	: 6
model		: 26
model name	: Intel(R) Core(TM) i7 CPU         920  @ 2.67GHz
stepping	: 5
microcode	: 0xf
cpu MHz		: 1733.000
cache size	: 8192 KB
physical id	: 0
siblings	: 8
core id		: 1
cpu cores	: 4
apicid		: 2
initial apicid	: 2
fpu		: yes
fpu_exception	: yes
cpuid level	: 11
wp		: yes
flags		: fpu vme de pse tsc msr pae mce cx8 apic sep mtrr pge mca cmov pat pse36 clflush dts acpi mmx fxsr sse sse2 ss ht tm pbe syscall nx rdtscp lm constant_tsc arch_perfmon pebs bts rep_good nopl xtopology nonstop_tsc aperfmperf pni dtes64 monitor ds_cpl vmx est tm2 ssse3 cx16 xtpr pdcm sse4_1 sse4_2 popcnt lahf_lm ida dtherm tpr_shadow vnmi flexpriority ept vpid
bugs		:
bogomips	: 5344.97
clflush size	: 64
cache_alignment	: 64
address sizes	: 36 bits physical, 48 bits virtual
power management:

processor	: 2
vendor_id	: GenuineIntel
cpu family	: 6
model		: 26
model name	: Intel(R) Core(TM) i7 CPU         920  @ 2.67GHz
stepping	: 5
microcode	: 0xf
cpu MHz		: 2133.000
cache size	: 8192 KB
physical id	: 0
siblings	: 8
core id		: 2
cpu cores	: 4
apicid		: 4
initial apicid	: 4
fpu		: yes
fpu_exception	: yes
cpuid level	: 11
wp		: yes
flags		: fpu vme de pse tsc msr pae mce cx8 apic sep mtrr pge mca cmov pat pse36 clflush dts acpi mmx fxsr sse sse2 ss ht tm pbe syscall nx rdtscp lm constant_tsc arch_perfmon pebs bts rep_good nopl xtopology nonstop_tsc aperfmperf pni dtes64 monitor ds_cpl vmx est tm2 ssse3 cx16 xtpr pdcm sse4_1 sse4_2 popcnt lahf_lm ida dtherm tpr_shadow vnmi flexpriority ept vpid
bugs		:
bogomips	: 5344.97
clflush size	: 64
cache_alignment	: 64
address sizes	: 36 bits physical, 48 bits virtual
power management:

processor	: 3
vendor_id	: GenuineIntel
cpu family	: 6
model		: 26
model name	: Intel(R) Core(TM) i7 CPU         920  @ 2.67GHz
stepping	: 5
microcode	: 0xf
cpu MHz		: 1600.000
cache size	: 8192 KB
physical id	: 0
siblings	: 8
core id		: 3
cpu cores	: 4
apicid		: 6
initial apicid	: 6
fpu		: yes
fpu_exception	: yes
cpuid level	: 11
wp		: yes
flags		: fpu vme de pse tsc msr pae mce cx8 apic sep mtrr pge mca cmov pat pse36 clflush dts acpi mmx fxsr sse sse2 ss ht tm pbe syscall nx rdtscp lm constant_tsc arch_perfmon pebs bts rep_good nopl xtopology nonstop_tsc aperfmperf pni dtes64 monitor ds_cpl vmx est tm2 ssse3 cx16 xtpr pdcm sse4_1 sse4_2 popcnt lahf_lm ida dtherm tpr_shadow vnmi flexpriority ept vpid
bugs		:
bogomips	: 5344.97
clflush size	: 64
cache_alignment	: 64
address sizes	: 36 bits physical, 48 bits virtual
power management:

processor	: 4
vendor_id	: GenuineIntel
cpu family	: 6
model		: 26
model name	: Intel(R) Core(TM) i7 CPU         920  @ 2.67GHz
stepping	: 5
microcode	: 0xf
cpu MHz		: 1600.000
cache size	: 8192 KB
physical id	: 0
siblings	: 8
core id		: 0
cpu cores	: 4
apicid		: 1
initial apicid	: 1
fpu		: yes
fpu_exception	: yes
cpuid level	: 11
wp		: yes
flags		: fpu vme de pse tsc msr pae mce cx8 apic sep mtrr pge mca cmov pat pse36 clflush dts acpi mmx fxsr sse sse2 ss ht tm pbe syscall nx rdtscp lm constant_tsc arch_perfmon pebs bts rep_good nopl xtopology nonstop_tsc aperfmperf pni dtes64 monitor ds_cpl vmx est tm2 ssse3 cx16 xtpr pdcm sse4_1 sse4_2 popcnt lahf_lm ida dtherm tpr_shadow vnmi flexpriority ept vpid
bugs		:
bogomips	: 5344.97
clflush size	: 64
cache_alignment	: 64
address sizes	: 36 bits physical, 48 bits virtual
power management:

processor	: 5
vendor_id	: GenuineIntel
cpu family	: 6
model		: 26
model name	: Intel(R) Core(TM) i7 CPU         920  @ 2.67GHz
stepping	: 5
microcode	: 0xf
cpu MHz		: 2000.000
cache size	: 8192 KB
physical id	: 0
siblings	: 8
core id		: 1
cpu cores	: 4
apicid		: 3
initial apicid	: 3
fpu		: yes
fpu_exception	: yes
cpuid level	: 11
wp		: yes
flags		: fpu vme de pse tsc msr pae mce cx8 apic sep mtrr pge mca cmov pat pse36 clflush dts acpi mmx fxsr sse sse2 ss ht tm pbe syscall nx rdtscp lm constant_tsc arch_perfmon pebs bts rep_good nopl xtopology nonstop_tsc aperfmperf pni dtes64 monitor ds_cpl vmx est tm2 ssse3 cx16 xtpr pdcm sse4_1 sse4_2 popcnt lahf_lm ida dtherm tpr_shadow vnmi flexpriority ept vpid
bugs		:
bogomips	: 5344.97
clflush size	: 64
cache_alignment	: 64
address sizes	: 36 bits physical, 48 bits virtual
power management:

processor	: 6
vendor_id	: GenuineIntel
cpu family	: 6
model		: 26
model name	: Intel(R) Core(TM) i7 CPU         920  @ 2.67GHz
stepping	: 5
microcode	: 0xf
cpu MHz		: 1733.000
cache size	: 8192 KB
physical id	: 0
siblings	: 8
core id		: 2
cpu cores	: 4
apicid		: 5
initial apicid	: 5
fpu		: yes
fpu_exception	: yes
cpuid level	: 11
wp		: yes
flags		: fpu vme de pse tsc msr pae mce cx8 apic sep mtrr pge mca cmov pat pse36 clflush dts acpi mmx fxsr sse sse2 ss ht tm pbe syscall nx rdtscp lm constant_tsc arch_perfmon pebs bts rep_good nopl xtopology nonstop_tsc aperfmperf pni dtes64 monitor ds_cpl vmx est tm2 ssse3 cx16 xtpr pdcm sse4_1 sse4_2 popcnt lahf_lm ida dtherm tpr_shadow vnmi flexpriority ept vpid
bugs		:
bogomips	: 5344.97
clflush size	: 64
cache_alignment	: 64
address sizes	: 36 bits physical, 48 bits virtual
power management:

processor	: 7
vendor_id	: GenuineIntel
cpu family	: 6
model		: 26
model name	: Intel(R) Core(TM) i7 CPU         920  @ 2.67GHz
stepping	: 5
microcode	: 0xf
cpu MHz		: 1867.000
cache size	: 8192 KB
physical id	: 0
siblings	: 8
core id		: 3
cpu cores	: 4
apicid		: 7
initial apicid	: 7
fpu		: yes
fpu_exception	: yes
cpuid level	: 11
wp		: yes
flags		: fpu vme de pse tsc msr pae mce cx8 apic sep mtrr pge mca cmov pat pse36 clflush dts acpi mmx fxsr sse sse2 ss ht tm pbe syscall nx rdtscp lm constant_tsc arch_perfmon pebs bts rep_good nopl xtopology nonstop_tsc aperfmperf pni dtes64 monitor ds_cpl vmx est tm2 ssse3 cx16 xtpr pdcm sse4_1 sse4_2 popcnt lahf_lm ida dtherm tpr_shadow vnmi flexpriority ept vpid
bugs		:
bogomips	: 5344.97
clflush size	: 64
cache_alignment	: 64
address sizes	: 36 bits physical, 48 bits virtual
power management:



Memory: 4k page, physical 6101264k(966756k free), swap 0k(0k free)

vm_info: Java HotSpot(TM) 64-Bit Server VM (25.92-b14) for linux-amd64 JRE (1.8.0_92-b14), built on Mar 31 2016 21:08:29 by "java_re" with gcc 4.3.0 20080428 (Red Hat 4.3.0-8)

time: Fri Oct  7 11:10:21 2016
elapsed time: 412 seconds (0d 0h 6m 52s)

