#
# A fatal error has been detected by the Java Runtime Environment:
#
#  SIGSEGV (0xb) at pc=0x00007fe6807794eb, pid=14579, tid=140628321801984
#
# JRE version: OpenJDK Runtime Environment (8.0_91-b14) (build 1.8.0_91-8u91-b14-3ubuntu1~16.04.1-b14)
# Java VM: OpenJDK 64-Bit Server VM (25.91-b14 mixed mode linux-amd64 compressed oops)
# Problematic frame:
# C  [r600_dri.so+0x3254eb]
#
# Failed to write core dump. Core dumps have been disabled. To enable core dumping, try "ulimit -c unlimited" before starting Java again
#
# If you would like to submit a bug report, please visit:
#   http://bugreport.java.com/bugreport/crash.jsp
# The crash happened outside the Java Virtual Machine in native code.
# See problematic frame for where to report the bug.
#

---------------  T H R E A D  ---------------

Current thread (0x00007fe688003000):  JavaThread "AWT-EventQueue-1" [_thread_in_native, id=14602, stack(0x00007fe6951a9000,0x00007fe6952aa000)]

siginfo: si_signo: 11 (SIGSEGV), si_code: 1 (SEGV_MAPERR), si_addr: 0x000000000000c030

Registers:
RAX=0x0000000000000000, RBX=0x00007fe6880caa40, RCX=0x0000000000000000, RDX=0x0000000000000001
RSP=0x00007fe6952a7750, RBP=0x000000000000c000, RSI=0x00007fe6880cb420, RDI=0x0000000100000000
R8 =0x0000000000000000, R9 =0x00007fe683bd4d50, R10=0x00007fe6c1015528, R11=0x00007fe6d62ba920
R12=0x0000000000000001, R13=0x00007fe68460aa10, R14=0x0000000000000001, R15=0x0000000000000000
RIP=0x00007fe6807794eb, EFLAGS=0x0000000000010202, CSGSFS=0x0000000000000033, ERR=0x0000000000000004
  TRAPNO=0x000000000000000e

Top of Stack: (sp=0x00007fe6952a7750)
0x00007fe6952a7750:   0000000000000000 00000000eed24820
0x00007fe6952a7760:   0000000000000000 ee486b7e2f4c5f00
0x00007fe6952a7770:   00007fe6952a77e8 0000000000000000
0x00007fe6952a7780:   0000000000000000 00007fe6880ca910
0x00007fe6952a7790:   00007fe68460aa10 00007fe68460af50
0x00007fe6952a77a0:   0000000000000000 00007fe683bd4df8
0x00007fe6952a77b0:   00007fe6952a77e0 00007fe68460b100
0x00007fe6952a77c0:   00007fe600000000 0000000000000000
0x00007fe6952a77d0:   0000000003c00053 00007fe683ba9b31
0x00007fe6952a77e0:   00007fe6880ca910 ee486b7e2f4c5f00
0x00007fe6952a77f0:   0000000003c00053 00007fe683e3d350
0x00007fe6952a7800:   00007fe6952a7870 0000000000000000
0x00007fe6952a7810:   00007fe683e3d350 00007fe6952a7938
0x00007fe6952a7820:   00007fe688003000 00007fe6822dc849
0x00007fe6952a7830:   00007fe683f51f58 00007fe683ba9b60
0x00007fe6952a7840:   0000000003c00053 00007fe684608eb0
0x00007fe6952a7850:   00007fe6952a7900 00007fe6880031e0
0x00007fe6952a7860:   00007fe6c1007b10 00007fe683ba9b60
0x00007fe6952a7870:   00007fe6952a78f0 00007fe6c1015554
0x00007fe6952a7880:   00007fe683f219f4 00007fe6952a78d8
0x00007fe6952a7890:   00007fe683f23f28 0000000000000000
0x00007fe6952a78a0:   00007fe683f21a30 0000000000000000
0x00007fe6952a78b0:   00007fe6952a78b0 0000000000000000
0x00007fe6952a78c0:   00007fe6952a7938 00007fe683e3e9f0
0x00007fe6952a78d0:   0000000000000000 00007fe683e3d350
0x00007fe6952a78e0:   0000000000000000 00007fe6952a7910
0x00007fe6952a78f0:   00007fe6952a7980 00007fe6c1007ffd
0x00007fe6952a7900:   00000000ca129518 00007fe6c1011278
0x00007fe6952a7910:   00007fe683ba9b60 ee486b7e2f4c5f00
0x00007fe6952a7920:   0000000003c00053 00007fe6952a79c0
0x00007fe6952a7930:   00007fe684608eb0 00000000ca129850
0x00007fe6952a7940:   00007fe6952a7940 00007fe683e3d2a1 

Instructions: (pc=0x00007fe6807794eb)
0x00007fe6807794cb:   01 c6 44 24 0f 00 0f 84 d9 00 00 00 48 8b b3 30
0x00007fe6807794db:   01 00 00 48 85 f6 0f 84 c9 00 00 00 83 7b 38 01
0x00007fe6807794eb:   48 8b 55 30 4c 8b 6a 18 0f 8e 4f 02 00 00 45 85
0x00007fe6807794fb:   ff 0f 85 46 02 00 00 48 8b 93 68 01 00 00 48 85 

Register to memory mapping:

RAX=0x0000000000000000 is an unknown value
RBX=0x00007fe6880caa40 is an unknown value
RCX=0x0000000000000000 is an unknown value
RDX=0x0000000000000001 is an unknown value
RSP=0x00007fe6952a7750 is pointing into the stack for thread: 0x00007fe688003000
RBP=0x000000000000c000 is an unknown value
RSI=0x00007fe6880cb420 is an unknown value
RDI=0x0000000100000000 is pointing into metadata
R8 =0x0000000000000000 is an unknown value
R9 =0x00007fe683bd4d50: <offset 0x45d50> in /usr/lib/x86_64-linux-gnu/mesa/libGL.so.1 at 0x00007fe683b8f000
R10=0x00007fe6c1015528 is at code_begin+808 in an Interpreter codelet
method entry point (kind = native)  [0x00007fe6c1015200, 0x00007fe6c1015b00]  2304 bytes
R11=0x00007fe6d62ba920: <offset 0x953920> in /usr/lib/jvm/java-8-openjdk-amd64/jre/lib/amd64/server/libjvm.so at 0x00007fe6d5967000
R12=0x0000000000000001 is an unknown value
R13=0x00007fe68460aa10 is an unknown value
R14=0x0000000000000001 is an unknown value
R15=0x0000000000000000 is an unknown value


Stack: [0x00007fe6951a9000,0x00007fe6952aa000],  sp=0x00007fe6952a7750,  free space=1017k
Native frames: (J=compiled Java code, j=interpreted, Vv=VM code, C=native code)
C  [r600_dri.so+0x3254eb]

Java frames: (J=compiled Java code, j=interpreted, Vv=VM code)
j  jogamp.opengl.x11.glx.GLX.dispatch_glXSwapBuffers0(JJJ)V+0
j  jogamp.opengl.x11.glx.GLX.glXSwapBuffers(JJ)V+41
j  jogamp.opengl.x11.glx.X11GLXDrawable.swapBuffersImpl(Z)V+17
j  jogamp.opengl.GLDrawableImpl.swapBuffers()V+67
j  javax.media.opengl.awt.GLCanvas$12.run()V+45
J 2443 C1 java.awt.event.InvocationEvent.dispatch()V (69 bytes) @ 0x00007fe6c17b96cc [0x00007fe6c17b9580+0x14c]
J 2370 C1 java.awt.EventQueue.dispatchEventImpl(Ljava/awt/AWTEvent;Ljava/lang/Object;)V (149 bytes) @ 0x00007fe6c177f53c [0x00007fe6c177d9c0+0x1b7c]
J 2368 C1 java.awt.EventQueue$3.run()Ljava/lang/Void; (60 bytes) @ 0x00007fe6c177cdc4 [0x00007fe6c177cbc0+0x204]
J 2367 C1 java.awt.EventQueue$3.run()Ljava/lang/Object; (5 bytes) @ 0x00007fe6c177c84c [0x00007fe6c177c7c0+0x8c]
v  ~StubRoutines::call_stub
J 658  java.security.AccessController.doPrivileged(Ljava/security/PrivilegedAction;Ljava/security/AccessControlContext;)Ljava/lang/Object; (0 bytes) @ 0x00007fe6c12b96a3 [0x00007fe6c12b9640+0x63]
J 2219 C1 java.awt.EventQueue.dispatchEvent(Ljava/awt/AWTEvent;)V (80 bytes) @ 0x00007fe6c1747504 [0x00007fe6c1746b80+0x984]
J 2383 C1 java.awt.EventDispatchThread.pumpOneEventForFilters(I)V (295 bytes) @ 0x00007fe6c1789154 [0x00007fe6c1787600+0x1b54]
j  java.awt.EventDispatchThread.pumpEventsForFilter(ILjava/awt/Conditional;Ljava/awt/EventFilter;)V+35
j  java.awt.EventDispatchThread.pumpEventsForHierarchy(ILjava/awt/Conditional;Ljava/awt/Component;)V+11
j  java.awt.EventDispatchThread.pumpEvents(ILjava/awt/Conditional;)V+4
j  java.awt.EventDispatchThread.pumpEvents(Ljava/awt/Conditional;)V+3
j  java.awt.EventDispatchThread.run()V+9
v  ~StubRoutines::call_stub

---------------  P R O C E S S  ---------------

Java Threads: ( => current thread )
  0x00007fe68899c000 JavaThread "Thread-7" [_thread_blocked, id=14625, stack(0x00007fe676676000,0x00007fe676777000)]
  0x00007fe6841c5800 JavaThread "Animation Thread-SharedResourceRunner" daemon [_thread_blocked, id=14610, stack(0x00007fe694ea8000,0x00007fe694fa9000)]
  0x00007fe684078800 JavaThread "process reaper" daemon [_thread_blocked, id=14606, stack(0x00007fe6bc060000,0x00007fe6bc099000)]
  0x00007fe68800c000 JavaThread "Animation Thread" [_thread_blocked, id=14603, stack(0x00007fe6954aa000,0x00007fe6955ab000)]
=>0x00007fe688003000 JavaThread "AWT-EventQueue-1" [_thread_in_native, id=14602, stack(0x00007fe6951a9000,0x00007fe6952aa000)]
  0x00007fe6d000a000 JavaThread "DestroyJavaVM" [_thread_blocked, id=14582, stack(0x00007fe6d75af000,0x00007fe6d76b0000)]
  0x00007fe6d030e800 JavaThread "AWT-EventQueue-0" [_thread_blocked, id=14600, stack(0x00007fe695cd7000,0x00007fe695dd8000)]
  0x00007fe6d030a000 JavaThread "AWT-Shutdown" [_thread_blocked, id=14599, stack(0x00007fe695dd8000,0x00007fe695ed9000)]
  0x00007fe6d02f6800 JavaThread "thread applet-module4.EarthquakeCityMap.class" [_thread_blocked, id=14598, stack(0x00007fe695ed9000,0x00007fe695fda000)]
  0x00007fe6d02ea000 JavaThread "AWT-XAWT" daemon [_thread_blocked, id=14596, stack(0x00007fe695fda000,0x00007fe6960db000)]
  0x00007fe6d02c4000 JavaThread "Java2D Disposer" daemon [_thread_blocked, id=14595, stack(0x00007fe6bc09e000,0x00007fe6bc19f000)]
  0x00007fe6d00b0000 JavaThread "Service Thread" daemon [_thread_blocked, id=14593, stack(0x00007fe6bc5ed000,0x00007fe6bc6ee000)]
  0x00007fe6d00ad000 JavaThread "C1 CompilerThread1" daemon [_thread_blocked, id=14592, stack(0x00007fe6bc6ee000,0x00007fe6bc7ef000)]
  0x00007fe6d00aa000 JavaThread "C2 CompilerThread0" daemon [_thread_blocked, id=14591, stack(0x00007fe6bc7ef000,0x00007fe6bc8f0000)]
  0x00007fe6d00a8000 JavaThread "Signal Dispatcher" daemon [_thread_blocked, id=14590, stack(0x00007fe6bc8f0000,0x00007fe6bc9f1000)]
  0x00007fe6d007f800 JavaThread "Finalizer" daemon [_thread_blocked, id=14589, stack(0x00007fe6bd3b0000,0x00007fe6bd4b1000)]
  0x00007fe6d007b000 JavaThread "Reference Handler" daemon [_thread_blocked, id=14588, stack(0x00007fe6bd4b1000,0x00007fe6bd5b2000)]

Other Threads:
  0x00007fe6d0073800 VMThread [stack: 0x00007fe6bd5b2000,0x00007fe6bd6b3000] [id=14587]
  0x00007fe6d00be800 WatcherThread [stack: 0x00007fe6bc4ec000,0x00007fe6bc5ed000] [id=14594]

VM state:not at safepoint (normal execution)

VM Mutex/Monitor currently owned by a thread: None

Heap:
 PSYoungGen      total 31744K, used 18299K [0x00000000edc00000, 0x00000000f2a00000, 0x0000000100000000)
  eden space 29696K, 61% used [0x00000000edc00000,0x00000000eeddee60,0x00000000ef900000)
  from space 2048K, 0% used [0x00000000ef900000,0x00000000ef900000,0x00000000efb00000)
  to   space 10240K, 0% used [0x00000000f2000000,0x00000000f2000000,0x00000000f2a00000)
 ParOldGen       total 44544K, used 13996K [0x00000000c9400000, 0x00000000cbf80000, 0x00000000edc00000)
  object space 44544K, 31% used [0x00000000c9400000,0x00000000ca1ab018,0x00000000cbf80000)
 Metaspace       used 21269K, capacity 21475K, committed 21760K, reserved 1069056K
  class space    used 1960K, capacity 2023K, committed 2048K, reserved 1048576K

Card table byte_map: [0x00007fe6c0a89000,0x00007fe6c0c40000] byte_map_base: 0x00007fe6c043f000

Marking Bits: (ParMarkBitMap*) 0x00007fe6d687bfc0
 Begin Bits: [0x00007fe6bec03000, 0x00007fe6bf9b3000)
 End Bits:   [0x00007fe6bf9b3000, 0x00007fe6c0763000)

Polling page: 0x00007fe6d76cd000

CodeCache: size=245760Kb used=8191Kb max_used=8195Kb free=237568Kb
 bounds [0x00007fe6c1000000, 0x00007fe6c1810000, 0x00007fe6d0000000]
 total_blobs=3359 nmethods=2382 adapters=892
 compilation: enabled

Compilation events (10 events):
Event: 17,482 Thread 0x00007fe6d00ad000 2509  s    3       java.awt.KeyboardFocusManager::getCurrentKeyboardFocusManager (32 bytes)
Event: 17,484 Thread 0x00007fe6d00ad000 nmethod 2509 0x00007fe6c1800290 code [0x00007fe6c1800440, 0x00007fe6c1800a28]
Event: 17,485 Thread 0x00007fe6d00ad000 2510       3       java.awt.KeyboardFocusManager::getCurrentKeyboardFocusManager (7 bytes)
Event: 17,488 Thread 0x00007fe6d00ad000 nmethod 2510 0x00007fe6c180a090 code [0x00007fe6c180a240, 0x00007fe6c180a8d8]
Event: 17,488 Thread 0x00007fe6d00ad000 2511       1       sun.awt.X11.XBaseWindow::getStateLock (5 bytes)
Event: 17,488 Thread 0x00007fe6d00ad000 nmethod 2511 0x00007fe6c17fffd0 code [0x00007fe6c1800120, 0x00007fe6c1800230]
Event: 17,501 Thread 0x00007fe6d00ad000 2512       3       sun.java2d.xr.GrowableEltArray::getCharCnt (13 bytes)
Event: 17,503 Thread 0x00007fe6d00ad000 nmethod 2512 0x00007fe6c17f15d0 code [0x00007fe6c17f1740, 0x00007fe6c17f1990]
Event: 17,503 Thread 0x00007fe6d00ad000 2513       3       sun.font.XRGlyphCacheEntry::getXAdvance (16 bytes)
Event: 17,504 Thread 0x00007fe6d00ad000 nmethod 2513 0x00007fe6c1809d50 code [0x00007fe6c1809ec0, 0x00007fe6c180a030]

GC Heap History (10 events):
Event: 3,001 GC heap before
{Heap before GC invocations=2 (full 0):
 PSYoungGen      total 16896K, used 16882K [0x00000000edc00000, 0x00000000eee80000, 0x0000000100000000)
  eden space 14848K, 100% used [0x00000000edc00000,0x00000000eea80000,0x00000000eea80000)
  from space 2048K, 99% used [0x00000000eea80000,0x00000000eec7c840,0x00000000eec80000)
  to   space 2048K, 0% used [0x00000000eec80000,0x00000000eec80000,0x00000000eee80000)
 ParOldGen       total 38400K, used 923K [0x00000000c9400000, 0x00000000cb980000, 0x00000000edc00000)
  object space 38400K, 2% used [0x00000000c9400000,0x00000000c94e6fe8,0x00000000cb980000)
 Metaspace       used 16459K, capacity 16687K, committed 17024K, reserved 1064960K
  class space    used 1564K, capacity 1631K, committed 1664K, reserved 1048576K
Event: 3,016 GC heap after
Heap after GC invocations=2 (full 0):
 PSYoungGen      total 16896K, used 2018K [0x00000000edc00000, 0x00000000eee80000, 0x0000000100000000)
  eden space 14848K, 0% used [0x00000000edc00000,0x00000000edc00000,0x00000000eea80000)
  from space 2048K, 98% used [0x00000000eec80000,0x00000000eee78850,0x00000000eee80000)
  to   space 2048K, 0% used [0x00000000eea80000,0x00000000eea80000,0x00000000eec80000)
 ParOldGen       total 38400K, used 2772K [0x00000000c9400000, 0x00000000cb980000, 0x00000000edc00000)
  object space 38400K, 7% used [0x00000000c9400000,0x00000000c96b52c8,0x00000000cb980000)
 Metaspace       used 16459K, capacity 16687K, committed 17024K, reserved 1064960K
  class space    used 1564K, capacity 1631K, committed 1664K, reserved 1048576K
}
Event: 4,366 GC heap before
{Heap before GC invocations=3 (full 0):
 PSYoungGen      total 16896K, used 16866K [0x00000000edc00000, 0x00000000eee80000, 0x0000000100000000)
  eden space 14848K, 100% used [0x00000000edc00000,0x00000000eea80000,0x00000000eea80000)
  from space 2048K, 98% used [0x00000000eec80000,0x00000000eee78850,0x00000000eee80000)
  to   space 2048K, 0% used [0x00000000eea80000,0x00000000eea80000,0x00000000eec80000)
 ParOldGen       total 38400K, used 2772K [0x00000000c9400000, 0x00000000cb980000, 0x00000000edc00000)
  object space 38400K, 7% used [0x00000000c9400000,0x00000000c96b52c8,0x00000000cb980000)
 Metaspace       used 17878K, capacity 18069K, committed 18432K, reserved 1067008K
  class space    used 1708K, capacity 1792K, committed 1792K, reserved 1048576K
Event: 4,391 GC heap after
Heap after GC invocations=3 (full 0):
 PSYoungGen      total 16896K, used 2034K [0x00000000edc00000, 0x00000000efd00000, 0x0000000100000000)
  eden space 14848K, 0% used [0x00000000edc00000,0x00000000edc00000,0x00000000eea80000)
  from space 2048K, 99% used [0x00000000eea80000,0x00000000eec7c860,0x00000000eec80000)
  to   space 2048K, 0% used [0x00000000efb00000,0x00000000efb00000,0x00000000efd00000)
 ParOldGen       total 38400K, used 7027K [0x00000000c9400000, 0x00000000cb980000, 0x00000000edc00000)
  object space 38400K, 18% used [0x00000000c9400000,0x00000000c9adcca8,0x00000000cb980000)
 Metaspace       used 17878K, capacity 18069K, committed 18432K, reserved 1067008K
  class space    used 1708K, capacity 1792K, committed 1792K, reserved 1048576K
}
Event: 6,255 GC heap before
{Heap before GC invocations=4 (full 0):
 PSYoungGen      total 16896K, used 16863K [0x00000000edc00000, 0x00000000efd00000, 0x0000000100000000)
  eden space 14848K, 99% used [0x00000000edc00000,0x00000000eea7b530,0x00000000eea80000)
  from space 2048K, 99% used [0x00000000eea80000,0x00000000eec7c860,0x00000000eec80000)
  to   space 2048K, 0% used [0x00000000efb00000,0x00000000efb00000,0x00000000efd00000)
 ParOldGen       total 38400K, used 7027K [0x00000000c9400000, 0x00000000cb980000, 0x00000000edc00000)
  object space 38400K, 18% used [0x00000000c9400000,0x00000000c9adcca8,0x00000000cb980000)
 Metaspace       used 20029K, capacity 20257K, committed 20480K, reserved 1067008K
  class space    used 1920K, capacity 1986K, committed 2048K, reserved 1048576K
Event: 6,292 GC heap after
Heap after GC invocations=4 (full 0):
 PSYoungGen      total 31744K, used 2018K [0x00000000edc00000, 0x00000000efd00000, 0x0000000100000000)
  eden space 29696K, 0% used [0x00000000edc00000,0x00000000edc00000,0x00000000ef900000)
  from space 2048K, 98% used [0x00000000efb00000,0x00000000efcf8850,0x00000000efd00000)
  to   space 2048K, 0% used [0x00000000ef900000,0x00000000ef900000,0x00000000efb00000)
 ParOldGen       total 38400K, used 14777K [0x00000000c9400000, 0x00000000cb980000, 0x00000000edc00000)
  object space 38400K, 38% used [0x00000000c9400000,0x00000000ca26e4f0,0x00000000cb980000)
 Metaspace       used 20029K, capacity 20257K, committed 20480K, reserved 1067008K
  class space    used 1920K, capacity 1986K, committed 2048K, reserved 1048576K
}
Event: 9,923 GC heap before
{Heap before GC invocations=5 (full 0):
 PSYoungGen      total 31744K, used 23327K [0x00000000edc00000, 0x00000000efd00000, 0x0000000100000000)
  eden space 29696K, 71% used [0x00000000edc00000,0x00000000ef0cf4f8,0x00000000ef900000)
  from space 2048K, 98% used [0x00000000efb00000,0x00000000efcf8850,0x00000000efd00000)
  to   space 2048K, 0% used [0x00000000ef900000,0x00000000ef900000,0x00000000efb00000)
 ParOldGen       total 38400K, used 14777K [0x00000000c9400000, 0x00000000cb980000, 0x00000000edc00000)
  object space 38400K, 38% used [0x00000000c9400000,0x00000000ca26e4f0,0x00000000cb980000)
 Metaspace       used 20853K, capacity 21027K, committed 21248K, reserved 1069056K
  class space    used 1954K, capacity 2023K, committed 2048K, reserved 1048576K
Event: 9,947 GC heap after
Heap after GC invocations=5 (full 0):
 PSYoungGen      total 31744K, used 2018K [0x00000000edc00000, 0x00000000f2a00000, 0x0000000100000000)
  eden space 29696K, 0% used [0x00000000edc00000,0x00000000edc00000,0x00000000ef900000)
  from space 2048K, 98% used [0x00000000ef900000,0x00000000efaf8850,0x00000000efb00000)
  to   space 10240K, 0% used [0x00000000f2000000,0x00000000f2000000,0x00000000f2a00000)
 ParOldGen       total 38400K, used 17253K [0x00000000c9400000, 0x00000000cb980000, 0x00000000edc00000)
  object space 38400K, 44% used [0x00000000c9400000,0x00000000ca4d9580,0x00000000cb980000)
 Metaspace       used 20853K, capacity 21027K, committed 21248K, reserved 1069056K
  class space    used 1954K, capacity 2023K, committed 2048K, reserved 1048576K
}
Event: 9,947 GC heap before
{Heap before GC invocations=6 (full 1):
 PSYoungGen      total 31744K, used 2018K [0x00000000edc00000, 0x00000000f2a00000, 0x0000000100000000)
  eden space 29696K, 0% used [0x00000000edc00000,0x00000000edc00000,0x00000000ef900000)
  from space 2048K, 98% used [0x00000000ef900000,0x00000000efaf8850,0x00000000efb00000)
  to   space 10240K, 0% used [0x00000000f2000000,0x00000000f2000000,0x00000000f2a00000)
 ParOldGen       total 38400K, used 17253K [0x00000000c9400000, 0x00000000cb980000, 0x00000000edc00000)
  object space 38400K, 44% used [0x00000000c9400000,0x00000000ca4d9580,0x00000000cb980000)
 Metaspace       used 20853K, capacity 21027K, committed 21248K, reserved 1069056K
  class space    used 1954K, capacity 2023K, committed 2048K, reserved 1048576K
Event: 10,073 GC heap after
Heap after GC invocations=6 (full 1):
 PSYoungGen      total 31744K, used 0K [0x00000000edc00000, 0x00000000f2a00000, 0x0000000100000000)
  eden space 29696K, 0% used [0x00000000edc00000,0x00000000edc00000,0x00000000ef900000)
  from space 2048K, 0% used [0x00000000ef900000,0x00000000ef900000,0x00000000efb00000)
  to   space 10240K, 0% used [0x00000000f2000000,0x00000000f2000000,0x00000000f2a00000)
 ParOldGen       total 44544K, used 13996K [0x00000000c9400000, 0x00000000cbf80000, 0x00000000edc00000)
  object space 44544K, 31% used [0x00000000c9400000,0x00000000ca1ab018,0x00000000cbf80000)
 Metaspace       used 20853K, capacity 21027K, committed 21248K, reserved 1069056K
  class space    used 1954K, capacity 2023K, committed 2048K, reserved 1048576K
}

Deoptimization events (10 events):
Event: 1,887 Thread 0x00007fe68800c000 Uncommon trap: reason=unstable_if action=reinterpret pc=0x00007fe6c1218ae8 method=java.lang.String.indexOf([CII[CIII)I @ 3
Event: 3,557 Thread 0x00007fe68800c000 Uncommon trap: reason=unstable_if action=reinterpret pc=0x00007fe6c1375204 method=sun.net.www.ParseUtil.encodePath(Ljava/lang/String;Z)Ljava/lang/String; @ 109
Event: 4,052 Thread 0x00007fe688003000 Uncommon trap: reason=unstable_if action=reinterpret pc=0x00007fe6c1395824 method=com.jogamp.common.util.IntIntHashMap.get(I)I @ 19
Event: 4,111 Thread 0x00007fe688003000 Uncommon trap: reason=unstable_if action=reinterpret pc=0x00007fe6c11d99c0 method=java.lang.AbstractStringBuilder.append(Ljava/lang/String;)Ljava/lang/AbstractStringBuilder; @ 1
Event: 6,447 Thread 0x00007fe688003000 Uncommon trap: reason=class_check action=maybe_recompile pc=0x00007fe6c147fd54 method=com.jogamp.common.nio.Buffers.getDirectBufferByteOffset(Ljava/lang/Object;)I @ 42
Event: 6,719 Thread 0x00007fe688003000 Uncommon trap: reason=class_check action=maybe_recompile pc=0x00007fe6c147fd54 method=com.jogamp.common.nio.Buffers.getDirectBufferByteOffset(Ljava/lang/Object;)I @ 42
Event: 7,096 Thread 0x00007fe688003000 Uncommon trap: reason=unstable_if action=reinterpret pc=0x00007fe6c1252020 method=java.lang.CharacterData.of(I)Ljava/lang/CharacterData; @ 4
Event: 7,282 Thread 0x00007fe688003000 Uncommon trap: reason=class_check action=maybe_recompile pc=0x00007fe6c147fd54 method=com.jogamp.common.nio.Buffers.getDirectBufferByteOffset(Ljava/lang/Object;)I @ 42
Event: 7,285 Thread 0x00007fe688003000 Uncommon trap: reason=class_check action=maybe_recompile pc=0x00007fe6c147fd54 method=com.jogamp.common.nio.Buffers.getDirectBufferByteOffset(Ljava/lang/Object;)I @ 42
Event: 17,487 Thread 0x00007fe6d02f6800 Uncommon trap: reason=unstable_if action=reinterpret pc=0x00007fe6c16f939c method=java.awt.font.FontRenderContext.equals(Ljava/awt/font/FontRenderContext;)Z @ 2

Internal exceptions (10 events):
Event: 4,111 Thread 0x00007fe688003000 Implicit null exception at 0x00007fe6c11d9675 to 0x00007fe6c11d99ad
Event: 5,842 Thread 0x00007fe688003000 Exception <a 'java/lang/reflect/InvocationTargetException'> (0x00000000ee432e68) thrown at [/build/openjdk-8-W1Ghxo/openjdk-8-8u91-b14/src/hotspot/src/share/vm/runtime/reflection.cpp, line 1092]
Event: 5,847 Thread 0x00007fe688003000 Exception <a 'java/lang/reflect/InvocationTargetException'> (0x00000000ee433878) thrown at [/build/openjdk-8-W1Ghxo/openjdk-8-8u91-b14/src/hotspot/src/share/vm/runtime/reflection.cpp, line 1092]
Event: 7,291 Thread 0x00007fe688003000 Exception <a 'java/lang/reflect/InvocationTargetException'> (0x00000000ee9dd8f8) thrown at [/build/openjdk-8-W1Ghxo/openjdk-8-8u91-b14/src/hotspot/src/share/vm/runtime/reflection.cpp, line 1092]
Event: 7,305 Thread 0x00007fe688003000 Exception <a 'java/lang/reflect/InvocationTargetException'> (0x00000000ee9deef8) thrown at [/build/openjdk-8-W1Ghxo/openjdk-8-8u91-b14/src/hotspot/src/share/vm/runtime/reflection.cpp, line 1092]
Event: 7,463 Thread 0x00007fe688003000 Exception <a 'java/lang/reflect/InvocationTargetException'> (0x00000000ee9fbd58) thrown at [/build/openjdk-8-W1Ghxo/openjdk-8-8u91-b14/src/hotspot/src/share/vm/runtime/reflection.cpp, line 1092]
Event: 7,465 Thread 0x00007fe688003000 Exception <a 'java/lang/reflect/InvocationTargetException'> (0x00000000ee9fc688) thrown at [/build/openjdk-8-W1Ghxo/openjdk-8-8u91-b14/src/hotspot/src/share/vm/runtime/reflection.cpp, line 1092]
Event: 7,522 Thread 0x00007fe688003000 Exception <a 'java/lang/reflect/InvocationTargetException'> (0x00000000eeb603e0) thrown at [/build/openjdk-8-W1Ghxo/openjdk-8-8u91-b14/src/hotspot/src/share/vm/runtime/reflection.cpp, line 1092]
Event: 7,531 Thread 0x00007fe688003000 Exception <a 'java/lang/reflect/InvocationTargetException'> (0x00000000eeb61458) thrown at [/build/openjdk-8-W1Ghxo/openjdk-8-8u91-b14/src/hotspot/src/share/vm/runtime/reflection.cpp, line 1092]
Event: 7,604 Thread 0x00007fe688003000 Exception <a 'java/lang/reflect/InvocationTargetException'> (0x00000000eeb7e7d0) thrown at [/build/openjdk-8-W1Ghxo/openjdk-8-8u91-b14/src/hotspot/src/share/vm/runtime/reflection.cpp, line 1092]

Events (10 events):
Event: 17,464 Thread 0x00007fe68899c000 Thread added: 0x00007fe68899c000
Event: 17,464 loading class sun/applet/AppletPanel$4
Event: 17,465 loading class sun/applet/AppletPanel$4 done
Event: 17,482 loading class java/awt/KeyboardFocusManager$2
Event: 17,482 loading class java/awt/KeyboardFocusManager$2 done
Event: 17,483 loading class sun/awt/SunToolkit$1
Event: 17,483 loading class sun/awt/SunToolkit$1 done
Event: 17,487 Thread 0x00007fe6d02f6800 Uncommon trap: trap_request=0xffffff65 fr.pc=0x00007fe6c16f939c
Event: 17,487 Thread 0x00007fe6d02f6800 DEOPT PACKING pc=0x00007fe6c16f939c sp=0x00007fe695fd85a0
Event: 17,487 Thread 0x00007fe6d02f6800 DEOPT UNPACKING pc=0x00007fe6c1004f69 sp=0x00007fe695fd84f8 mode 2


Dynamic libraries:
00400000-00401000 r-xp 00000000 08:06 2233749                            /usr/lib/jvm/java-8-openjdk-amd64/jre/bin/java
00600000-00601000 r--p 00000000 08:06 2233749                            /usr/lib/jvm/java-8-openjdk-amd64/jre/bin/java
00601000-00602000 rw-p 00001000 08:06 2233749                            /usr/lib/jvm/java-8-openjdk-amd64/jre/bin/java
02602000-02644000 rw-p 00000000 00:00 0                                  [heap]
c9400000-cbf80000 rw-p 00000000 00:00 0 
cbf80000-edc00000 ---p 00000000 00:00 0 
edc00000-f2a00000 rw-p 00000000 00:00 0 
f2a00000-100000000 ---p 00000000 00:00 0 
100000000-100200000 rw-p 00000000 00:00 0 
100200000-140000000 ---p 00000000 00:00 0 
7fe676373000-7fe676376000 ---p 00000000 00:00 0 
7fe676376000-7fe676474000 rw-p 00000000 00:00 0 
7fe676474000-7fe676477000 ---p 00000000 00:00 0 
7fe676477000-7fe676575000 rw-p 00000000 00:00 0 
7fe676575000-7fe676578000 ---p 00000000 00:00 0 
7fe676578000-7fe676676000 rw-p 00000000 00:00 0 
7fe676676000-7fe676679000 ---p 00000000 00:00 0 
7fe676679000-7fe676777000 rw-p 00000000 00:00 0 
7fe676777000-7fe67677a000 ---p 00000000 00:00 0 
7fe67677a000-7fe676878000 rw-p 00000000 00:00 0 
7fe676878000-7fe67687b000 ---p 00000000 00:00 0 
7fe67687b000-7fe676979000 rw-p 00000000 00:00 0 
7fe676979000-7fe67697c000 ---p 00000000 00:00 0 
7fe67697c000-7fe676a7a000 rw-p 00000000 00:00 0 
7fe676a7a000-7fe676a7d000 ---p 00000000 00:00 0 
7fe676a7d000-7fe676b7b000 rw-p 00000000 00:00 0 
7fe676b7b000-7fe676b7e000 ---p 00000000 00:00 0 
7fe676b7e000-7fe676c7c000 rw-p 00000000 00:00 0 
7fe676ef1000-7fe677159000 rw-p 00000000 00:00 0 
7fe6771ce000-7fe67730e000 rw-p 00000000 00:00 0 
7fe67730e000-7fe6773ce000 ---p 00000000 00:00 0 
7fe6773ce000-7fe677636000 rw-p 00000000 00:00 0 
7fe677636000-7fe67764d000 r-xp 00000000 08:06 2757803                    /lib/x86_64-linux-gnu/libresolv-2.23.so
7fe67764d000-7fe67784d000 ---p 00017000 08:06 2757803                    /lib/x86_64-linux-gnu/libresolv-2.23.so
7fe67784d000-7fe67784e000 r--p 00017000 08:06 2757803                    /lib/x86_64-linux-gnu/libresolv-2.23.so
7fe67784e000-7fe67784f000 rw-p 00018000 08:06 2757803                    /lib/x86_64-linux-gnu/libresolv-2.23.so
7fe67784f000-7fe677851000 rw-p 00000000 00:00 0 
7fe677851000-7fe677856000 r-xp 00000000 08:06 2757748                    /lib/x86_64-linux-gnu/libnss_dns-2.23.so
7fe677856000-7fe677a56000 ---p 00005000 08:06 2757748                    /lib/x86_64-linux-gnu/libnss_dns-2.23.so
7fe677a56000-7fe677a57000 r--p 00005000 08:06 2757748                    /lib/x86_64-linux-gnu/libnss_dns-2.23.so
7fe677a57000-7fe677a58000 rw-p 00006000 08:06 2757748                    /lib/x86_64-linux-gnu/libnss_dns-2.23.so
7fe677a58000-7fe677a5a000 r-xp 00000000 08:06 2757756                    /lib/x86_64-linux-gnu/libnss_mdns4_minimal.so.2
7fe677a5a000-7fe677c59000 ---p 00002000 08:06 2757756                    /lib/x86_64-linux-gnu/libnss_mdns4_minimal.so.2
7fe677c59000-7fe677c5a000 r--p 00001000 08:06 2757756                    /lib/x86_64-linux-gnu/libnss_mdns4_minimal.so.2
7fe677c5a000-7fe677c5b000 rw-p 00002000 08:06 2757756                    /lib/x86_64-linux-gnu/libnss_mdns4_minimal.so.2
7fe677c5b000-7fe677e5b000 rw-p 00000000 00:00 0 
7fe677e5b000-7fe677f5b000 rw-s 14979b000 00:06 252                       /dev/dri/card0
7fe677f5b000-7fe677f5d000 r-xp 00000000 08:06 2237699                    /usr/lib/x86_64-linux-gnu/libXinerama.so.1.0.0
7fe677f5d000-7fe67815c000 ---p 00002000 08:06 2237699                    /usr/lib/x86_64-linux-gnu/libXinerama.so.1.0.0
7fe67815c000-7fe67815d000 r--p 00001000 08:06 2237699                    /usr/lib/x86_64-linux-gnu/libXinerama.so.1.0.0
7fe67815d000-7fe67815e000 rw-p 00002000 08:06 2237699                    /usr/lib/x86_64-linux-gnu/libXinerama.so.1.0.0
7fe67815e000-7fe678195000 r-xp 00000000 08:06 2238861                    /usr/lib/x86_64-linux-gnu/libtxc_dxtn_s2tc.so.0.0.0
7fe678195000-7fe678394000 ---p 00037000 08:06 2238861                    /usr/lib/x86_64-linux-gnu/libtxc_dxtn_s2tc.so.0.0.0
7fe678394000-7fe678395000 r--p 00036000 08:06 2238861                    /usr/lib/x86_64-linux-gnu/libtxc_dxtn_s2tc.so.0.0.0
7fe678395000-7fe678396000 rw-p 00037000 08:06 2238861                    /usr/lib/x86_64-linux-gnu/libtxc_dxtn_s2tc.so.0.0.0
7fe678396000-7fe678397000 ---p 00000000 00:00 0 
7fe678397000-7fe678b97000 rw-p 00000000 00:00 0 
7fe678b97000-7fe678baa000 r-xp 00000000 08:06 2757647                    /lib/x86_64-linux-gnu/libbsd.so.0.8.2
7fe678baa000-7fe678da9000 ---p 00013000 08:06 2757647                    /lib/x86_64-linux-gnu/libbsd.so.0.8.2
7fe678da9000-7fe678daa000 r--p 00012000 08:06 2757647                    /lib/x86_64-linux-gnu/libbsd.so.0.8.2
7fe678daa000-7fe678dab000 rw-p 00013000 08:06 2757647                    /lib/x86_64-linux-gnu/libbsd.so.0.8.2
7fe678dab000-7fe678dac000 rw-p 00000000 00:00 0 
7fe678dac000-7fe678dd1000 r-xp 00000000 08:06 2757823                    /lib/x86_64-linux-gnu/libtinfo.so.5.9
7fe678dd1000-7fe678fd0000 ---p 00025000 08:06 2757823                    /lib/x86_64-linux-gnu/libtinfo.so.5.9
7fe678fd0000-7fe678fd4000 r--p 00024000 08:06 2757823                    /lib/x86_64-linux-gnu/libtinfo.so.5.9
7fe678fd4000-7fe678fd5000 rw-p 00028000 08:06 2757823                    /lib/x86_64-linux-gnu/libtinfo.so.5.9
7fe678fd5000-7fe679006000 r-xp 00000000 08:06 2238011                    /usr/lib/x86_64-linux-gnu/libedit.so.2.0.53
7fe679006000-7fe679206000 ---p 00031000 08:06 2238011                    /usr/lib/x86_64-linux-gnu/libedit.so.2.0.53
7fe679206000-7fe679208000 r--p 00031000 08:06 2238011                    /usr/lib/x86_64-linux-gnu/libedit.so.2.0.53
7fe679208000-7fe679209000 rw-p 00033000 08:06 2238011                    /usr/lib/x86_64-linux-gnu/libedit.so.2.0.53
7fe679209000-7fe67920d000 rw-p 00000000 00:00 0 
7fe67920d000-7fe67b6ff000 r-xp 00000000 08:06 2230406                    /usr/lib/x86_64-linux-gnu/libLLVM-3.8.so.1
7fe67b6ff000-7fe67b8ff000 ---p 024f2000 08:06 2230406                    /usr/lib/x86_64-linux-gnu/libLLVM-3.8.so.1
7fe67b8ff000-7fe67bbb4000 r--p 024f2000 08:06 2230406                    /usr/lib/x86_64-linux-gnu/libLLVM-3.8.so.1
7fe67bbb4000-7fe67bbb6000 rw-p 027a7000 08:06 2230406                    /usr/lib/x86_64-linux-gnu/libLLVM-3.8.so.1
7fe67bbb6000-7fe67bbe0000 rw-p 00000000 00:00 0 
7fe67bbe0000-7fe67bbf7000 r-xp 00000000 08:06 2238016                    /usr/lib/x86_64-linux-gnu/libelf-0.165.so
7fe67bbf7000-7fe67bdf6000 ---p 00017000 08:06 2238016                    /usr/lib/x86_64-linux-gnu/libelf-0.165.so
7fe67bdf6000-7fe67bdf7000 r--p 00016000 08:06 2238016                    /usr/lib/x86_64-linux-gnu/libelf-0.165.so
7fe67bdf7000-7fe67bdf8000 rw-p 00017000 08:06 2238016                    /usr/lib/x86_64-linux-gnu/libelf-0.165.so
7fe67bdf8000-7fe67bdff000 r-xp 00000000 08:06 2229660                    /usr/lib/x86_64-linux-gnu/libdrm_amdgpu.so.1.0.0
7fe67bdff000-7fe67bffe000 ---p 00007000 08:06 2229660                    /usr/lib/x86_64-linux-gnu/libdrm_amdgpu.so.1.0.0
7fe67bffe000-7fe67bfff000 r--p 00006000 08:06 2229660                    /usr/lib/x86_64-linux-gnu/libdrm_amdgpu.so.1.0.0
7fe67bfff000-7fe67c000000 rw-p 00007000 08:06 2229660                    /usr/lib/x86_64-linux-gnu/libdrm_amdgpu.so.1.0.0
7fe67c000000-7fe67c05d000 rw-p 00000000 00:00 0 
7fe67c05d000-7fe680000000 ---p 00000000 00:00 0 
7fe680040000-7fe68004b000 r-xp 00000000 08:06 2229666                    /usr/lib/x86_64-linux-gnu/libdrm_radeon.so.1.0.1
7fe68004b000-7fe68024a000 ---p 0000b000 08:06 2229666                    /usr/lib/x86_64-linux-gnu/libdrm_radeon.so.1.0.1
7fe68024a000-7fe68024b000 r--p 0000a000 08:06 2229666                    /usr/lib/x86_64-linux-gnu/libdrm_radeon.so.1.0.1
7fe68024b000-7fe68024c000 rw-p 0000b000 08:06 2229666                    /usr/lib/x86_64-linux-gnu/libdrm_radeon.so.1.0.1
7fe68024c000-7fe680253000 r-xp 00000000 08:06 2229664                    /usr/lib/x86_64-linux-gnu/libdrm_nouveau.so.2.0.0
7fe680253000-7fe680452000 ---p 00007000 08:06 2229664                    /usr/lib/x86_64-linux-gnu/libdrm_nouveau.so.2.0.0
7fe680452000-7fe680453000 r--p 00006000 08:06 2229664                    /usr/lib/x86_64-linux-gnu/libdrm_nouveau.so.2.0.0
7fe680453000-7fe680454000 rw-p 00007000 08:06 2229664                    /usr/lib/x86_64-linux-gnu/libdrm_nouveau.so.2.0.0
7fe680454000-7fe680d1b000 r-xp 00000000 08:06 2493203                    /usr/lib/x86_64-linux-gnu/dri/r600_dri.so
7fe680d1b000-7fe680f1a000 ---p 008c7000 08:06 2493203                    /usr/lib/x86_64-linux-gnu/dri/r600_dri.so
7fe680f1a000-7fe680f8e000 r--p 008c6000 08:06 2493203                    /usr/lib/x86_64-linux-gnu/dri/r600_dri.so
7fe680f8e000-7fe680f9d000 rw-p 0093a000 08:06 2493203                    /usr/lib/x86_64-linux-gnu/dri/r600_dri.so
7fe680f9d000-7fe681193000 rw-p 00000000 00:00 0 
7fe681193000-7fe681199000 r-xp 00000000 08:06 2491604                    /usr/lib/x86_64-linux-gnu/mesa-egl/libGLESv2.so.2.0.0
7fe681199000-7fe681399000 ---p 00006000 08:06 2491604                    /usr/lib/x86_64-linux-gnu/mesa-egl/libGLESv2.so.2.0.0
7fe681399000-7fe68139a000 r--p 00006000 08:06 2491604                    /usr/lib/x86_64-linux-gnu/mesa-egl/libGLESv2.so.2.0.0
7fe68139a000-7fe68139b000 rw-p 00007000 08:06 2491604                    /usr/lib/x86_64-linux-gnu/mesa-egl/libGLESv2.so.2.0.0
7fe68139b000-7fe6813e0000 r-xp 00000000 08:06 2097194                    /tmp/jogamp_0000/file_cache/jln2114058137906804583/jln2219691391335289524/libjogl_mobile.so
7fe6813e0000-7fe6815e0000 ---p 00045000 08:06 2097194                    /tmp/jogamp_0000/file_cache/jln2114058137906804583/jln2219691391335289524/libjogl_mobile.so
7fe6815e0000-7fe6815e1000 rw-p 00045000 08:06 2097194                    /tmp/jogamp_0000/file_cache/jln2114058137906804583/jln2219691391335289524/libjogl_mobile.so
7fe6815e1000-7fe6815e8000 r-xp 00000000 08:06 2238059                    /usr/lib/x86_64-linux-gnu/libffi.so.6.0.4
7fe6815e8000-7fe6817e7000 ---p 00007000 08:06 2238059                    /usr/lib/x86_64-linux-gnu/libffi.so.6.0.4
7fe6817e7000-7fe6817e8000 r--p 00006000 08:06 2238059                    /usr/lib/x86_64-linux-gnu/libffi.so.6.0.4
7fe6817e8000-7fe6817e9000 rw-p 00007000 08:06 2238059                    /usr/lib/x86_64-linux-gnu/libffi.so.6.0.4
7fe6817e9000-7fe6817f5000 r-xp 00000000 08:06 2228798                    /usr/lib/x86_64-linux-gnu/libgbm.so.1.0.0
7fe6817f5000-7fe6819f5000 ---p 0000c000 08:06 2228798                    /usr/lib/x86_64-linux-gnu/libgbm.so.1.0.0
7fe6819f5000-7fe6819f6000 r--p 0000c000 08:06 2228798                    /usr/lib/x86_64-linux-gnu/libgbm.so.1.0.0
7fe6819f6000-7fe6819f7000 rw-p 0000d000 08:06 2228798                    /usr/lib/x86_64-linux-gnu/libgbm.so.1.0.0
7fe6819f7000-7fe681a06000 r-xp 00000000 08:06 2238952                    /usr/lib/x86_64-linux-gnu/libwayland-server.so.0.1.0
7fe681a06000-7fe681c05000 ---p 0000f000 08:06 2238952                    /usr/lib/x86_64-linux-gnu/libwayland-server.so.0.1.0
7fe681c05000-7fe681c07000 r--p 0000e000 08:06 2238952                    /usr/lib/x86_64-linux-gnu/libwayland-server.so.0.1.0
7fe681c07000-7fe681c08000 rw-p 00010000 08:06 2238952                    /usr/lib/x86_64-linux-gnu/libwayland-server.so.0.1.0
7fe681c08000-7fe681c14000 r-xp 00000000 08:06 2238946                    /usr/lib/x86_64-linux-gnu/libwayland-client.so.0.3.0
7fe681c14000-7fe681e13000 ---p 0000c000 08:06 2238946                    /usr/lib/x86_64-linux-gnu/libwayland-client.so.0.3.0
7fe681e13000-7fe681e15000 r--p 0000b000 08:06 2238946                    /usr/lib/x86_64-linux-gnu/libwayland-client.so.0.3.0
7fe681e15000-7fe681e16000 rw-p 0000d000 08:06 2238946                    /usr/lib/x86_64-linux-gnu/libwayland-client.so.0.3.0
7fe681e16000-7fe681e1c000 r-xp 00000000 08:06 2239050                    /usr/lib/x86_64-linux-gnu/libxcb-xfixes.so.0.0.0
7fe681e1c000-7fe68201c000 ---p 00006000 08:06 2239050                    /usr/lib/x86_64-linux-gnu/libxcb-xfixes.so.0.0.0
7fe68201c000-7fe68201d000 r--p 00006000 08:06 2239050                    /usr/lib/x86_64-linux-gnu/libxcb-xfixes.so.0.0.0
7fe68201d000-7fe68201e000 rw-p 00007000 08:06 2239050                    /usr/lib/x86_64-linux-gnu/libxcb-xfixes.so.0.0.0
7fe68201e000-7fe68204e000 r-xp 00000000 08:06 2493233                    /usr/lib/x86_64-linux-gnu/mesa-egl/libEGL.so.1.0.0
7fe68204e000-7fe68224e000 ---p 00030000 08:06 2493233                    /usr/lib/x86_64-linux-gnu/mesa-egl/libEGL.so.1.0.0
7fe68224e000-7fe68224f000 r--p 00030000 08:06 2493233                    /usr/lib/x86_64-linux-gnu/mesa-egl/libEGL.so.1.0.0
7fe68224f000-7fe682250000 rw-p 00031000 08:06 2493233                    /usr/lib/x86_64-linux-gnu/mesa-egl/libEGL.so.1.0.0
7fe682250000-7fe6822f5000 r-xp 00000000 08:06 2097189                    /tmp/jogamp_0000/file_cache/jln2114058137906804583/jln2219691391335289524/libjogl_desktop.so
7fe6822f5000-7fe6824f5000 ---p 000a5000 08:06 2097189                    /tmp/jogamp_0000/file_cache/jln2114058137906804583/jln2219691391335289524/libjogl_desktop.so
7fe6824f5000-7fe6824f6000 rw-p 000a5000 08:06 2097189                    /tmp/jogamp_0000/file_cache/jln2114058137906804583/jln2219691391335289524/libjogl_desktop.so
7fe6824f6000-7fe682504000 r-xp 00000000 08:06 2228334                    /usr/lib/x86_64-linux-gnu/libdrm.so.2.4.0
7fe682504000-7fe682703000 ---p 0000e000 08:06 2228334                    /usr/lib/x86_64-linux-gnu/libdrm.so.2.4.0
7fe682703000-7fe682704000 r--p 0000d000 08:06 2228334                    /usr/lib/x86_64-linux-gnu/libdrm.so.2.4.0
7fe682704000-7fe682705000 rw-p 0000e000 08:06 2228334                    /usr/lib/x86_64-linux-gnu/libdrm.so.2.4.0
7fe682705000-7fe682709000 r-xp 00000000 08:06 2239022                    /usr/lib/x86_64-linux-gnu/libxcb-dri2.so.0.0.0
7fe682709000-7fe682908000 ---p 00004000 08:06 2239022                    /usr/lib/x86_64-linux-gnu/libxcb-dri2.so.0.0.0
7fe682908000-7fe682909000 r--p 00003000 08:06 2239022                    /usr/lib/x86_64-linux-gnu/libxcb-dri2.so.0.0.0
7fe682909000-7fe68290a000 rw-p 00004000 08:06 2239022                    /usr/lib/x86_64-linux-gnu/libxcb-dri2.so.0.0.0
7fe68290a000-7fe682921000 r-xp 00000000 08:06 2239026                    /usr/lib/x86_64-linux-gnu/libxcb-glx.so.0.0.0
7fe682921000-7fe682b20000 ---p 00017000 08:06 2239026                    /usr/lib/x86_64-linux-gnu/libxcb-glx.so.0.0.0
7fe682b20000-7fe682b22000 r--p 00016000 08:06 2239026                    /usr/lib/x86_64-linux-gnu/libxcb-glx.so.0.0.0
7fe682b22000-7fe682b23000 rw-p 00018000 08:06 2239026                    /usr/lib/x86_64-linux-gnu/libxcb-glx.so.0.0.0
7fe682b23000-7fe682b24000 r-xp 00000000 08:06 2237670                    /usr/lib/x86_64-linux-gnu/libX11-xcb.so.1.0.0
7fe682b24000-7fe682d23000 ---p 00001000 08:06 2237670                    /usr/lib/x86_64-linux-gnu/libX11-xcb.so.1.0.0
7fe682d23000-7fe682d24000 r--p 00000000 08:06 2237670                    /usr/lib/x86_64-linux-gnu/libX11-xcb.so.1.0.0
7fe682d24000-7fe682d25000 rw-p 00001000 08:06 2237670                    /usr/lib/x86_64-linux-gnu/libX11-xcb.so.1.0.0
7fe682d25000-7fe682d27000 r-xp 00000000 08:06 2237685                    /usr/lib/x86_64-linux-gnu/libXdamage.so.1.1.0
7fe682d27000-7fe682f26000 ---p 00002000 08:06 2237685                    /usr/lib/x86_64-linux-gnu/libXdamage.so.1.1.0
7fe682f26000-7fe682f27000 r--p 00001000 08:06 2237685                    /usr/lib/x86_64-linux-gnu/libXdamage.so.1.1.0
7fe682f27000-7fe682f28000 rw-p 00002000 08:06 2237685                    /usr/lib/x86_64-linux-gnu/libXdamage.so.1.1.0
7fe682f28000-7fe682f51000 r-xp 00000000 08:06 2230410                    /usr/lib/x86_64-linux-gnu/libglapi.so.0.0.0
7fe682f51000-7fe683150000 ---p 00029000 08:06 2230410                    /usr/lib/x86_64-linux-gnu/libglapi.so.0.0.0
7fe683150000-7fe683154000 r--p 00028000 08:06 2230410                    /usr/lib/x86_64-linux-gnu/libglapi.so.0.0.0
7fe683154000-7fe683155000 rw-p 0002c000 08:06 2230410                    /usr/lib/x86_64-linux-gnu/libglapi.so.0.0.0
7fe683155000-7fe683156000 rw-p 00000000 00:00 0 
7fe683156000-7fe683157000 r-xp 00000000 08:06 2239066                    /usr/lib/x86_64-linux-gnu/libxshmfence.so.1.0.0
7fe683157000-7fe683357000 ---p 00001000 08:06 2239066                    /usr/lib/x86_64-linux-gnu/libxshmfence.so.1.0.0
7fe683357000-7fe683358000 r--p 00001000 08:06 2239066                    /usr/lib/x86_64-linux-gnu/libxshmfence.so.1.0.0
7fe683358000-7fe683359000 rw-p 00002000 08:06 2239066                    /usr/lib/x86_64-linux-gnu/libxshmfence.so.1.0.0
7fe683359000-7fe68335e000 r-xp 00000000 08:06 2239046                    /usr/lib/x86_64-linux-gnu/libxcb-sync.so.1.0.0
7fe68335e000-7fe68355e000 ---p 00005000 08:06 2239046                    /usr/lib/x86_64-linux-gnu/libxcb-sync.so.1.0.0
7fe68355e000-7fe68355f000 r--p 00005000 08:06 2239046                    /usr/lib/x86_64-linux-gnu/libxcb-sync.so.1.0.0
7fe68355f000-7fe683560000 rw-p 00006000 08:06 2239046                    /usr/lib/x86_64-linux-gnu/libxcb-sync.so.1.0.0
7fe683560000-7fe683562000 r-xp 00000000 08:06 2239034                    /usr/lib/x86_64-linux-gnu/libxcb-present.so.0.0.0
7fe683562000-7fe683761000 ---p 00002000 08:06 2239034                    /usr/lib/x86_64-linux-gnu/libxcb-present.so.0.0.0
7fe683761000-7fe683762000 r--p 00001000 08:06 2239034                    /usr/lib/x86_64-linux-gnu/libxcb-present.so.0.0.0
7fe683762000-7fe683763000 rw-p 00002000 08:06 2239034                    /usr/lib/x86_64-linux-gnu/libxcb-present.so.0.0.0
7fe683763000-7fe683765000 r-xp 00000000 08:06 2239024                    /usr/lib/x86_64-linux-gnu/libxcb-dri3.so.0.0.0
7fe683765000-7fe683964000 ---p 00002000 08:06 2239024                    /usr/lib/x86_64-linux-gnu/libxcb-dri3.so.0.0.0
7fe683964000-7fe683965000 r--p 00001000 08:06 2239024                    /usr/lib/x86_64-linux-gnu/libxcb-dri3.so.0.0.0
7fe683965000-7fe683966000 rw-p 00002000 08:06 2239024                    /usr/lib/x86_64-linux-gnu/libxcb-dri3.so.0.0.0
7fe683966000-7fe68398c000 r-xp 00000000 08:06 2757682                    /lib/x86_64-linux-gnu/libexpat.so.1.6.0
7fe68398c000-7fe683b8c000 ---p 00026000 08:06 2757682                    /lib/x86_64-linux-gnu/libexpat.so.1.6.0
7fe683b8c000-7fe683b8e000 r--p 00026000 08:06 2757682                    /lib/x86_64-linux-gnu/libexpat.so.1.6.0
7fe683b8e000-7fe683b8f000 rw-p 00028000 08:06 2757682                    /lib/x86_64-linux-gnu/libexpat.so.1.6.0
7fe683b8f000-7fe683bfc000 r-xp 00000000 08:06 2490943                    /usr/lib/x86_64-linux-gnu/mesa/libGL.so.1.2.0
7fe683bfc000-7fe683dfb000 ---p 0006d000 08:06 2490943                    /usr/lib/x86_64-linux-gnu/mesa/libGL.so.1.2.0
7fe683dfb000-7fe683dfe000 r--p 0006c000 08:06 2490943                    /usr/lib/x86_64-linux-gnu/mesa/libGL.so.1.2.0
7fe683dfe000-7fe683dff000 rw-p 0006f000 08:06 2490943                    /usr/lib/x86_64-linux-gnu/mesa/libGL.so.1.2.0
7fe683dff000-7fe684000000 rw-p 00000000 00:00 0 
7fe684000000-7fe68462f000 rw-p 00000000 00:00 0 
7fe68462f000-7fe688000000 ---p 00000000 00:00 0 
7fe688000000-7fe6889a0000 rw-p 00000000 00:00 0 
7fe6889a0000-7fe68c000000 ---p 00000000 00:00 0 
7fe68c000000-7fe68c021000 rw-p 00000000 00:00 0 
7fe68c021000-7fe690000000 ---p 00000000 00:00 0 
7fe690000000-7fe690021000 rw-p 00000000 00:00 0 
7fe690021000-7fe694000000 ---p 00000000 00:00 0 
7fe694017000-7fe694022000 r--s 00000000 08:06 926427                     /var/cache/fontconfig/945677eb7aeaf62f1d50efc3fb3ec7d8-le64.cache-6
7fe694022000-7fe694028000 r--s 00000000 08:06 926425                     /var/cache/fontconfig/2cd17615ca594fa2959ae173292e504c-le64.cache-6
7fe694028000-7fe694029000 r--s 00000000 08:06 926424                     /var/cache/fontconfig/0d8c3b2ac0904cb8a57a757ad11a4a08-le64.cache-6
7fe694029000-7fe69403e000 r--s 00000000 08:06 926404                     /var/cache/fontconfig/04aabc0a78ac019cf9454389977116d2-le64.cache-6
7fe69403e000-7fe69403f000 r--s 00000000 08:06 926423                     /var/cache/fontconfig/1ac9eb803944fde146138c791f5cc56a-le64.cache-6
7fe69403f000-7fe694043000 r--s 00000000 08:06 926422                     /var/cache/fontconfig/385c0604a188198f04d133e54aba7fe7-le64.cache-6
7fe694043000-7fe694044000 r--s 00000000 08:06 926421                     /var/cache/fontconfig/dc05db6664285cc2f12bf69c139ae4c3-le64.cache-6
7fe694044000-7fe694047000 r--s 00000000 08:06 926420                     /var/cache/fontconfig/767a8244fc0220cfb567a839d0392e0b-le64.cache-6
7fe694047000-7fe694048000 r--s 00000000 08:06 926419                     /var/cache/fontconfig/4794a0821666d79190d59a36cb4f44b5-le64.cache-6
7fe694048000-7fe69404d000 r--s 00000000 08:06 926418                     /var/cache/fontconfig/8801497958630a81b71ace7c5f9b32a8-le64.cache-6
7fe69404d000-7fe69404e000 r--s 00000000 08:06 926417                     /var/cache/fontconfig/bab58bb527bb656aaa9f116d68a48d89-le64.cache-6
7fe69404e000-7fe694055000 r--s 00000000 08:06 926416                     /var/cache/fontconfig/3047814df9a2f067bd2d96a2b9c36e5a-le64.cache-6
7fe694055000-7fe694056000 r--s 00000000 08:06 926415                     /var/cache/fontconfig/56cf4f4769d0f4abc89a4895d7bd3ae1-le64.cache-6
7fe694056000-7fe694057000 r--s 00000000 08:06 926414                     /var/cache/fontconfig/b9d506c9ac06c20b433354fa67a72993-le64.cache-6
7fe694057000-7fe69405d000 r--s 00000000 08:06 926413                     /var/cache/fontconfig/b47c4e1ecd0709278f4910c18777a504-le64.cache-6
7fe69405d000-7fe694070000 r--s 00000000 08:06 926412                     /var/cache/fontconfig/d52a8644073d54c13679302ca1180695-le64.cache-6
7fe694070000-7fe694071000 r--s 00000000 08:06 926411                     /var/cache/fontconfig/551ecf3b0e8b0bca0f25c0944f561853-le64.cache-6
7fe694071000-7fe69407c000 r--s 00000000 08:06 926743                     /var/cache/fontconfig/d589a48862398ed80a3d6066f4f56f4c-le64.cache-6
7fe69407c000-7fe69407d000 r--s 00000000 08:06 926409                     /var/cache/fontconfig/30829fa25452a46451e813d634d7f916-le64.cache-6
7fe69407d000-7fe694088000 r--s 00000000 08:06 926405                     /var/cache/fontconfig/83bf95040141907cd45bb53cf7c1c148-le64.cache-6
7fe694088000-7fe69409a000 r--s 00000000 08:06 923280                     /var/cache/fontconfig/9b89f8e3dae116d678bbf48e5f21f69b-le64.cache-6
7fe6940b2000-7fe6940d8000 rw-s 1466ff000 00:06 252                       /dev/dri/card0
7fe6941d8000-7fe6943d8000 rw-p 00000000 00:00 0 
7fe6943d8000-7fe6943d9000 r--s 00000000 08:06 926408                     /var/cache/fontconfig/0c9eb80ebd1c36541ebe2852d3bb0c49-le64.cache-6
7fe6943d9000-7fe6943dc000 r--s 00000000 08:06 926406                     /var/cache/fontconfig/75114ca45c98e8a441da0ff356701271-le64.cache-6
7fe6943dc000-7fe6943df000 r--s 00000000 08:06 923238                     /var/cache/fontconfig/e13b20fdb08344e0e664864cc2ede53d-le64.cache-6
7fe6943df000-7fe6943e3000 r--s 00000000 08:06 923258                     /var/cache/fontconfig/7ef2298fde41cc6eeb7af42e48b7d293-le64.cache-6
7fe6943e3000-7fe6943eb000 rw-s 146725000 00:06 252                       /dev/dri/card0
7fe6943eb000-7fe6943f5000 rw-s 1466f5000 00:06 252                       /dev/dri/card0
7fe6943f5000-7fe69441b000 rw-s 1466cf000 00:06 252                       /dev/dri/card0
7fe69441b000-7fe69441f000 rw-s 1477e2000 00:06 252                       /dev/dri/card0
7fe69441f000-7fe694425000 rw-s 1477dc000 00:06 252                       /dev/dri/card0
7fe694425000-7fe694428000 rw-s 1477d9000 00:06 252                       /dev/dri/card0
7fe694428000-7fe694433000 rw-s 1477ce000 00:06 252                       /dev/dri/card0
7fe694452000-7fe694453000 rw-s 14793e000 00:06 252                       /dev/dri/card0
7fe694453000-7fe694454000 rw-s 14793d000 00:06 252                       /dev/dri/card0
7fe694454000-7fe694455000 rw-s 14793c000 00:06 252                       /dev/dri/card0
7fe694455000-7fe694456000 rw-s 146878000 00:06 252                       /dev/dri/card0
7fe694456000-7fe694457000 rw-s 146873000 00:06 252                       /dev/dri/card0
7fe694457000-7fe694458000 rw-s 1466ce000 00:06 252                       /dev/dri/card0
7fe694458000-7fe694459000 rw-s 1466cd000 00:06 252                       /dev/dri/card0
7fe69446e000-7fe694470000 rw-s 146879000 00:06 252                       /dev/dri/card0
7fe694495000-7fe69449c000 r-xp 00000000 08:06 2097196                    /tmp/jogamp_0000/file_cache/jln2114058137906804583/jln2219691391335289524/libnativewindow_x11.so
7fe69449c000-7fe69469b000 ---p 00007000 08:06 2097196                    /tmp/jogamp_0000/file_cache/jln2114058137906804583/jln2219691391335289524/libnativewindow_x11.so
7fe69469b000-7fe69469c000 rw-p 00006000 08:06 2097196                    /tmp/jogamp_0000/file_cache/jln2114058137906804583/jln2219691391335289524/libnativewindow_x11.so
7fe69469c000-7fe6946a1000 r-xp 00000000 08:06 2237725                    /usr/lib/x86_64-linux-gnu/libXxf86vm.so.1.0.0
7fe6946a1000-7fe6948a0000 ---p 00005000 08:06 2237725                    /usr/lib/x86_64-linux-gnu/libXxf86vm.so.1.0.0
7fe6948a0000-7fe6948a1000 r--p 00004000 08:06 2237725                    /usr/lib/x86_64-linux-gnu/libXxf86vm.so.1.0.0
7fe6948a1000-7fe6948a2000 rw-p 00005000 08:06 2237725                    /usr/lib/x86_64-linux-gnu/libXxf86vm.so.1.0.0
7fe6948a2000-7fe6948a4000 r-xp 00000000 08:06 2097195                    /tmp/jogamp_0000/file_cache/jln2114058137906804583/jln2219691391335289524/libnativewindow_awt.so
7fe6948a4000-7fe694aa3000 ---p 00002000 08:06 2097195                    /tmp/jogamp_0000/file_cache/jln2114058137906804583/jln2219691391335289524/libnativewindow_awt.so
7fe694aa3000-7fe694aa4000 rw-p 00001000 08:06 2097195                    /tmp/jogamp_0000/file_cache/jln2114058137906804583/jln2219691391335289524/libnativewindow_awt.so
7fe694aa4000-7fe694aa5000 r-xp 00000000 08:06 2245058                    /usr/lib/jvm/java-8-openjdk-amd64/jre/lib/amd64/libjawt.so
7fe694aa5000-7fe694ca4000 ---p 00001000 08:06 2245058                    /usr/lib/jvm/java-8-openjdk-amd64/jre/lib/amd64/libjawt.so
7fe694ca4000-7fe694ca5000 r--p 00000000 08:06 2245058                    /usr/lib/jvm/java-8-openjdk-amd64/jre/lib/amd64/libjawt.so
7fe694ca5000-7fe694ca6000 rw-p 00001000 08:06 2245058                    /usr/lib/jvm/java-8-openjdk-amd64/jre/lib/amd64/libjawt.so
7fe694ca6000-7fe694ca8000 r-xp 00000000 08:06 2097183                    /tmp/jogamp_0000/file_cache/jln2114058137906804583/jln2219691391335289524/libgluegen-rt.so
7fe694ca8000-7fe694ea7000 ---p 00002000 08:06 2097183                    /tmp/jogamp_0000/file_cache/jln2114058137906804583/jln2219691391335289524/libgluegen-rt.so
7fe694ea7000-7fe694ea8000 rw-p 00001000 08:06 2097183                    /tmp/jogamp_0000/file_cache/jln2114058137906804583/jln2219691391335289524/libgluegen-rt.so
7fe694ea8000-7fe694eab000 ---p 00000000 00:00 0 
7fe694eab000-7fe6951a9000 rw-p 00000000 00:00 0 
7fe6951a9000-7fe6951ac000 ---p 00000000 00:00 0 
7fe6951ac000-7fe6954aa000 rw-p 00000000 00:00 0 
7fe6954aa000-7fe6954ad000 ---p 00000000 00:00 0 
7fe6954ad000-7fe6955ab000 rw-p 00000000 00:00 0 
7fe6955ab000-7fe6955bc000 r-xp 00000000 08:06 2245069                    /usr/lib/jvm/java-8-openjdk-amd64/jre/lib/amd64/libnio.so
7fe6955bc000-7fe6957bc000 ---p 00011000 08:06 2245069                    /usr/lib/jvm/java-8-openjdk-amd64/jre/lib/amd64/libnio.so
7fe6957bc000-7fe6957bd000 r--p 00011000 08:06 2245069                    /usr/lib/jvm/java-8-openjdk-amd64/jre/lib/amd64/libnio.so
7fe6957bd000-7fe6957be000 rw-p 00012000 08:06 2245069                    /usr/lib/jvm/java-8-openjdk-amd64/jre/lib/amd64/libnio.so
7fe6957be000-7fe695abf000 rw-p 00000000 00:00 0 
7fe695abf000-7fe695ad6000 r-xp 00000000 08:06 2245045                    /usr/lib/jvm/java-8-openjdk-amd64/jre/lib/amd64/libnet.so
7fe695ad6000-7fe695cd5000 ---p 00017000 08:06 2245045                    /usr/lib/jvm/java-8-openjdk-amd64/jre/lib/amd64/libnet.so
7fe695cd5000-7fe695cd6000 r--p 00016000 08:06 2245045                    /usr/lib/jvm/java-8-openjdk-amd64/jre/lib/amd64/libnet.so
7fe695cd6000-7fe695cd7000 rw-p 00017000 08:06 2245045                    /usr/lib/jvm/java-8-openjdk-amd64/jre/lib/amd64/libnet.so
7fe695cd7000-7fe695cda000 ---p 00000000 00:00 0 
7fe695cda000-7fe695dd8000 rw-p 00000000 00:00 0 
7fe695dd8000-7fe695ddb000 ---p 00000000 00:00 0 
7fe695ddb000-7fe695ed9000 rw-p 00000000 00:00 0 
7fe695ed9000-7fe695edc000 ---p 00000000 00:00 0 
7fe695edc000-7fe695fda000 rw-p 00000000 00:00 0 
7fe695fda000-7fe695fdd000 ---p 00000000 00:00 0 
7fe695fdd000-7fe6960db000 rw-p 00000000 00:00 0 
7fe6960db000-7fe6960e0000 r-xp 00000000 08:06 2237691                    /usr/lib/x86_64-linux-gnu/libXfixes.so.3.1.0
7fe6960e0000-7fe6962df000 ---p 00005000 08:06 2237691                    /usr/lib/x86_64-linux-gnu/libXfixes.so.3.1.0
7fe6962df000-7fe6962e0000 r--p 00004000 08:06 2237691                    /usr/lib/x86_64-linux-gnu/libXfixes.so.3.1.0
7fe6962e0000-7fe6962e1000 rw-p 00005000 08:06 2237691                    /usr/lib/x86_64-linux-gnu/libXfixes.so.3.1.0
7fe6962e1000-7fe6962ea000 r-xp 00000000 08:06 2237683                    /usr/lib/x86_64-linux-gnu/libXcursor.so.1.0.2
7fe6962ea000-7fe6964e9000 ---p 00009000 08:06 2237683                    /usr/lib/x86_64-linux-gnu/libXcursor.so.1.0.2
7fe6964e9000-7fe6964ea000 r--p 00008000 08:06 2237683                    /usr/lib/x86_64-linux-gnu/libXcursor.so.1.0.2
7fe6964ea000-7fe6964eb000 rw-p 00009000 08:06 2237683                    /usr/lib/x86_64-linux-gnu/libXcursor.so.1.0.2
7fe6964eb000-7fe69650f000 r-xp 00000000 08:06 2757792                    /lib/x86_64-linux-gnu/libpng12.so.0.54.0
7fe69650f000-7fe69670e000 ---p 00024000 08:06 2757792                    /lib/x86_64-linux-gnu/libpng12.so.0.54.0
7fe69670e000-7fe69670f000 r--p 00023000 08:06 2757792                    /lib/x86_64-linux-gnu/libpng12.so.0.54.0
7fe69670f000-7fe696710000 rw-p 00024000 08:06 2757792                    /lib/x86_64-linux-gnu/libpng12.so.0.54.0
7fe696710000-7fe6967b4000 r-xp 00000000 08:06 2238107                    /usr/lib/x86_64-linux-gnu/libfreetype.so.6.12.1
7fe6967b4000-7fe6969b3000 ---p 000a4000 08:06 2238107                    /usr/lib/x86_64-linux-gnu/libfreetype.so.6.12.1
7fe6969b3000-7fe6969b9000 r--p 000a3000 08:06 2238107                    /usr/lib/x86_64-linux-gnu/libfreetype.so.6.12.1
7fe6969b9000-7fe6969ba000 rw-p 000a9000 08:06 2238107                    /usr/lib/x86_64-linux-gnu/libfreetype.so.6.12.1
7fe6969ba000-7fe696a0c000 r-xp 00000000 08:06 2245043                    /usr/lib/jvm/java-8-openjdk-amd64/jre/lib/amd64/libfontmanager.so
7fe696a0c000-7fe696c0c000 ---p 00052000 08:06 2245043                    /usr/lib/jvm/java-8-openjdk-amd64/jre/lib/amd64/libfontmanager.so
7fe696c0c000-7fe696c0e000 r--p 00052000 08:06 2245043                    /usr/lib/jvm/java-8-openjdk-amd64/jre/lib/amd64/libfontmanager.so
7fe696c0e000-7fe696c0f000 rw-p 00054000 08:06 2245043                    /usr/lib/jvm/java-8-openjdk-amd64/jre/lib/amd64/libfontmanager.so
7fe696c0f000-7fe696c14000 r-xp 00000000 08:06 2237687                    /usr/lib/x86_64-linux-gnu/libXdmcp.so.6.0.0
7fe696c14000-7fe696e13000 ---p 00005000 08:06 2237687                    /usr/lib/x86_64-linux-gnu/libXdmcp.so.6.0.0
7fe696e13000-7fe696e14000 r--p 00004000 08:06 2237687                    /usr/lib/x86_64-linux-gnu/libXdmcp.so.6.0.0
7fe696e14000-7fe696e15000 rw-p 00005000 08:06 2237687                    /usr/lib/x86_64-linux-gnu/libXdmcp.so.6.0.0
7fe696e15000-7fe696e17000 r-xp 00000000 08:06 2237676                    /usr/lib/x86_64-linux-gnu/libXau.so.6.0.0
7fe696e17000-7fe697017000 ---p 00002000 08:06 2237676                    /usr/lib/x86_64-linux-gnu/libXau.so.6.0.0
7fe697017000-7fe697018000 r--p 00002000 08:06 2237676                    /usr/lib/x86_64-linux-gnu/libXau.so.6.0.0
7fe697018000-7fe697019000 rw-p 00003000 08:06 2237676                    /usr/lib/x86_64-linux-gnu/libXau.so.6.0.0
7fe697019000-7fe69703a000 r-xp 00000000 08:06 2239054                    /usr/lib/x86_64-linux-gnu/libxcb.so.1.1.0
7fe69703a000-7fe697239000 ---p 00021000 08:06 2239054                    /usr/lib/x86_64-linux-gnu/libxcb.so.1.1.0
7fe697239000-7fe69723a000 r--p 00020000 08:06 2239054                    /usr/lib/x86_64-linux-gnu/libxcb.so.1.1.0
7fe69723a000-7fe69723b000 rw-p 00021000 08:06 2239054                    /usr/lib/x86_64-linux-gnu/libxcb.so.1.1.0
7fe69723b000-7fe69724a000 r-xp 00000000 08:06 2237697                    /usr/lib/x86_64-linux-gnu/libXi.so.6.1.0
7fe69724a000-7fe697449000 ---p 0000f000 08:06 2237697                    /usr/lib/x86_64-linux-gnu/libXi.so.6.1.0
7fe697449000-7fe69744a000 r--p 0000e000 08:06 2237697                    /usr/lib/x86_64-linux-gnu/libXi.so.6.1.0
7fe69744a000-7fe69744b000 rw-p 0000f000 08:06 2237697                    /usr/lib/x86_64-linux-gnu/libXi.so.6.1.0
7fe69744b000-7fe697450000 r-xp 00000000 08:06 2237715                    /usr/lib/x86_64-linux-gnu/libXtst.so.6.1.0
7fe697450000-7fe69764f000 ---p 00005000 08:06 2237715                    /usr/lib/x86_64-linux-gnu/libXtst.so.6.1.0
7fe69764f000-7fe697650000 r--p 00004000 08:06 2237715                    /usr/lib/x86_64-linux-gnu/libXtst.so.6.1.0
7fe697650000-7fe697651000 rw-p 00005000 08:06 2237715                    /usr/lib/x86_64-linux-gnu/libXtst.so.6.1.0
7fe697651000-7fe69765a000 r-xp 00000000 08:06 2237709                    /usr/lib/x86_64-linux-gnu/libXrender.so.1.3.0
7fe69765a000-7fe697859000 ---p 00009000 08:06 2237709                    /usr/lib/x86_64-linux-gnu/libXrender.so.1.3.0
7fe697859000-7fe69785a000 r--p 00008000 08:06 2237709                    /usr/lib/x86_64-linux-gnu/libXrender.so.1.3.0
7fe69785a000-7fe69785b000 rw-p 00009000 08:06 2237709                    /usr/lib/x86_64-linux-gnu/libXrender.so.1.3.0
7fe69785b000-7fe697990000 r-xp 00000000 08:06 2237672                    /usr/lib/x86_64-linux-gnu/libX11.so.6.3.0
7fe697990000-7fe697b90000 ---p 00135000 08:06 2237672                    /usr/lib/x86_64-linux-gnu/libX11.so.6.3.0
7fe697b90000-7fe697b91000 r--p 00135000 08:06 2237672                    /usr/lib/x86_64-linux-gnu/libX11.so.6.3.0
7fe697b91000-7fe697b95000 rw-p 00136000 08:06 2237672                    /usr/lib/x86_64-linux-gnu/libX11.so.6.3.0
7fe697b95000-7fe697ba6000 r-xp 00000000 08:06 2237689                    /usr/lib/x86_64-linux-gnu/libXext.so.6.4.0
7fe697ba6000-7fe697da5000 ---p 00011000 08:06 2237689                    /usr/lib/x86_64-linux-gnu/libXext.so.6.4.0
7fe697da5000-7fe697da6000 r--p 00010000 08:06 2237689                    /usr/lib/x86_64-linux-gnu/libXext.so.6.4.0
7fe697da6000-7fe697da7000 rw-p 00011000 08:06 2237689                    /usr/lib/x86_64-linux-gnu/libXext.so.6.4.0
7fe697da7000-7fe697dfb000 r-xp 00000000 08:06 2245068                    /usr/lib/jvm/java-8-openjdk-amd64/jre/lib/amd64/libawt_xawt.so
7fe697dfb000-7fe697ffb000 ---p 00054000 08:06 2245068                    /usr/lib/jvm/java-8-openjdk-amd64/jre/lib/amd64/libawt_xawt.so
7fe697ffb000-7fe697ffc000 r--p 00054000 08:06 2245068                    /usr/lib/jvm/java-8-openjdk-amd64/jre/lib/amd64/libawt_xawt.so
7fe697ffc000-7fe697fff000 rw-p 00055000 08:06 2245068                    /usr/lib/jvm/java-8-openjdk-amd64/jre/lib/amd64/libawt_xawt.so
7fe697fff000-7fe698000000 rw-p 00000000 00:00 0 
7fe698000000-7fe6987c5000 rw-p 00000000 00:00 0 
7fe6987c5000-7fe69c000000 ---p 00000000 00:00 0 
7fe69c000000-7fe69c23b000 rw-p 00000000 00:00 0 
7fe69c23b000-7fe6a0000000 ---p 00000000 00:00 0 
7fe6a0000000-7fe6a0021000 rw-p 00000000 00:00 0 
7fe6a0021000-7fe6a4000000 ---p 00000000 00:00 0 
7fe6a4000000-7fe6a4dc5000 rw-p 00000000 00:00 0 
7fe6a4dc5000-7fe6a8000000 ---p 00000000 00:00 0 
7fe6a8000000-7fe6a8021000 rw-p 00000000 00:00 0 
7fe6a8021000-7fe6ac000000 ---p 00000000 00:00 0 
7fe6ac000000-7fe6ac021000 rw-p 00000000 00:00 0 
7fe6ac021000-7fe6b0000000 ---p 00000000 00:00 0 
7fe6b0000000-7fe6b0031000 rw-p 00000000 00:00 0 
7fe6b0031000-7fe6b4000000 ---p 00000000 00:00 0 
7fe6b4000000-7fe6b4021000 rw-p 00000000 00:00 0 
7fe6b4021000-7fe6b8000000 ---p 00000000 00:00 0 
7fe6b8000000-7fe6b8021000 rw-p 00000000 00:00 0 
7fe6b8021000-7fe6bc000000 ---p 00000000 00:00 0 
7fe6bc014000-7fe6bc024000 rw-s 142543000 00:06 252                       /dev/dri/card0
7fe6bc024000-7fe6bc042000 r-xp 00000000 08:06 2757251                    /lib/x86_64-linux-gnu/libudev.so.1.6.4
7fe6bc042000-7fe6bc043000 r--p 0001d000 08:06 2757251                    /lib/x86_64-linux-gnu/libudev.so.1.6.4
7fe6bc043000-7fe6bc044000 rw-p 0001e000 08:06 2757251                    /lib/x86_64-linux-gnu/libudev.so.1.6.4
7fe6bc053000-7fe6bc054000 rw-s 145c5f000 00:06 252                       /dev/dri/card0
7fe6bc054000-7fe6bc055000 rw-s 1487b9000 00:06 252                       /dev/dri/card0
7fe6bc055000-7fe6bc056000 rw-s 1487b2000 00:06 252                       /dev/dri/card0
7fe6bc056000-7fe6bc057000 rw-s 14979a000 00:06 252                       /dev/dri/card0
7fe6bc057000-7fe6bc058000 rw-s 149799000 00:06 252                       /dev/dri/card0
7fe6bc058000-7fe6bc059000 rw-s 149798000 00:06 252                       /dev/dri/card0
7fe6bc059000-7fe6bc05a000 rw-s 1487b4000 00:06 252                       /dev/dri/card0
7fe6bc05a000-7fe6bc05b000 rw-s 149797000 00:06 252                       /dev/dri/card0
7fe6bc05b000-7fe6bc05c000 rw-s 145c57000 00:06 252                       /dev/dri/card0
7fe6bc05c000-7fe6bc05d000 rwxp 00000000 00:00 0 
7fe6bc05d000-7fe6bc05e000 r--s 0002f000 08:06 1188886                    /home/ema/workspace/ucsdunfoldingmaps/lib/jogl-all-natives-linux-amd64.jar
7fe6bc05e000-7fe6bc060000 r--s 00000000 08:06 1188783                    /home/ema/workspace/ucsdunfoldingmaps/lib/gluegen-rt-natives-linux-amd64.jar
7fe6bc060000-7fe6bc063000 ---p 00000000 00:00 0 
7fe6bc063000-7fe6bc099000 rw-p 00000000 00:00 0 
7fe6bc099000-7fe6bc09a000 r--p 00000000 00:00 0 
7fe6bc09a000-7fe6bc09e000 r--s 00097000 08:06 2245107                    /usr/lib/jvm/java-8-openjdk-amd64/jre/lib/jsse.jar
7fe6bc09e000-7fe6bc0a1000 ---p 00000000 00:00 0 
7fe6bc0a1000-7fe6bc19f000 rw-p 00000000 00:00 0 
7fe6bc19f000-7fe6bc1b2000 r--s 00345000 08:06 2245072                    /usr/lib/jvm/java-8-openjdk-amd64/jre/lib/resources.jar
7fe6bc1b2000-7fe6bc1b8000 r--s 00033000 08:06 1189873                    /home/ema/workspace/ucsdunfoldingmaps/lib/unfolding.0.9.7-uscd.jar
7fe6bc1b8000-7fe6bc1b9000 r--s 00005000 08:06 1189858                    /home/ema/workspace/ucsdunfoldingmaps/lib/libTUIO.jar
7fe6bc1b9000-7fe6bc1ba000 r--s 00007000 08:06 1189857                    /home/ema/workspace/ucsdunfoldingmaps/lib/json4processing.jar
7fe6bc1ba000-7fe6bc1c1000 r--s 00059000 08:06 1189863                    /home/ema/workspace/ucsdunfoldingmaps/lib/log4j-1.2.15.jar
7fe6bc1c1000-7fe6bc1e4000 r--s 002ec000 08:06 1189855                    /home/ema/workspace/ucsdunfoldingmaps/lib/jogl-all.jar
7fe6bc1e4000-7fe6bc284000 r-xp 00000000 08:06 2245042                    /usr/lib/jvm/java-8-openjdk-amd64/jre/lib/amd64/libawt.so
7fe6bc284000-7fe6bc484000 ---p 000a0000 08:06 2245042                    /usr/lib/jvm/java-8-openjdk-amd64/jre/lib/amd64/libawt.so
7fe6bc484000-7fe6bc485000 r--p 000a0000 08:06 2245042                    /usr/lib/jvm/java-8-openjdk-amd64/jre/lib/amd64/libawt.so
7fe6bc485000-7fe6bc490000 rw-p 000a1000 08:06 2245042                    /usr/lib/jvm/java-8-openjdk-amd64/jre/lib/amd64/libawt.so
7fe6bc490000-7fe6bc4b5000 rw-p 00000000 00:00 0 
7fe6bc4b5000-7fe6bc4d1000 r--s 00393000 08:06 2245098                    /usr/lib/jvm/java-8-openjdk-amd64/jre/lib/ext/cldrdata.jar
7fe6bc4d1000-7fe6bc4ec000 r--s 001d7000 08:06 2245096                    /usr/lib/jvm/java-8-openjdk-amd64/jre/lib/ext/nashorn.jar
7fe6bc4ec000-7fe6bc4ed000 ---p 00000000 00:00 0 
7fe6bc4ed000-7fe6bc5ed000 rw-p 00000000 00:00 0 
7fe6bc5ed000-7fe6bc5f0000 ---p 00000000 00:00 0 
7fe6bc5f0000-7fe6bc6ee000 rw-p 00000000 00:00 0 
7fe6bc6ee000-7fe6bc6f1000 ---p 00000000 00:00 0 
7fe6bc6f1000-7fe6bc7ef000 rw-p 00000000 00:00 0 
7fe6bc7ef000-7fe6bc7f2000 ---p 00000000 00:00 0 
7fe6bc7f2000-7fe6bc8f0000 rw-p 00000000 00:00 0 
7fe6bc8f0000-7fe6bc8f3000 ---p 00000000 00:00 0 
7fe6bc8f3000-7fe6bc9f1000 rw-p 00000000 00:00 0 
7fe6bc9f1000-7fe6bd3b0000 r--p 00000000 08:06 2236295                    /usr/lib/locale/locale-archive
7fe6bd3b0000-7fe6bd3b3000 ---p 00000000 00:00 0 
7fe6bd3b3000-7fe6bd4b1000 rw-p 00000000 00:00 0 
7fe6bd4b1000-7fe6bd4b4000 ---p 00000000 00:00 0 
7fe6bd4b4000-7fe6bd5b2000 rw-p 00000000 00:00 0 
7fe6bd5b2000-7fe6bd5b3000 ---p 00000000 00:00 0 
7fe6bd5b3000-7fe6be009000 rw-p 00000000 00:00 0 
7fe6be009000-7fe6be1d7000 r--s 03beb000 08:06 2245084                    /usr/lib/jvm/java-8-openjdk-amd64/jre/lib/rt.jar
7fe6be1d7000-7fe6c0763000 rw-p 00000000 00:00 0 
7fe6c0763000-7fe6c0764000 ---p 00000000 00:00 0 
7fe6c0764000-7fe6c0864000 rw-p 00000000 00:00 0 
7fe6c0864000-7fe6c0865000 ---p 00000000 00:00 0 
7fe6c0865000-7fe6c097b000 rw-p 00000000 00:00 0 
7fe6c097b000-7fe6c0a89000 ---p 00000000 00:00 0 
7fe6c0a89000-7fe6c0a9f000 rw-p 00000000 00:00 0 
7fe6c0a9f000-7fe6c0bad000 ---p 00000000 00:00 0 
7fe6c0bad000-7fe6c0bd4000 rw-p 00000000 00:00 0 
7fe6c0bd4000-7fe6c0c3f000 ---p 00000000 00:00 0 
7fe6c0c3f000-7fe6c0c61000 rw-p 00000000 00:00 0 
7fe6c0c61000-7fe6c1000000 ---p 00000000 00:00 0 
7fe6c1000000-7fe6c1810000 rwxp 00000000 00:00 0 
7fe6c1810000-7fe6d0000000 ---p 00000000 00:00 0 
7fe6d0000000-7fe6d0341000 rw-p 00000000 00:00 0 
7fe6d0341000-7fe6d4000000 ---p 00000000 00:00 0 
7fe6d4000000-7fe6d4005000 r--s 00309000 08:06 1189871                    /home/ema/workspace/ucsdunfoldingmaps/lib/sqlite-jdbc-3.7.2.jar
7fe6d4005000-7fe6d400b000 r--s 00041000 08:06 1188883                    /home/ema/workspace/ucsdunfoldingmaps/lib/gluegen-rt.jar
7fe6d400b000-7fe6d400f000 r--s 0009a000 08:06 1188737                    /home/ema/workspace/ucsdunfoldingmaps/lib/core.jar
7fe6d400f000-7fe6d4012000 r--s 0000f000 08:06 2245103                    /usr/lib/jvm/java-8-openjdk-amd64/jre/lib/ext/icedtea-sound.jar
7fe6d4012000-7fe6d4014000 r--s 00001000 08:06 2245097                    /usr/lib/jvm/java-8-openjdk-amd64/jre/lib/ext/dnsns.jar
7fe6d4014000-7fe6d4035000 rw-p 00000000 00:00 0 
7fe6d4035000-7fe6d403d000 r-xp 00000000 08:06 2245052                    /usr/lib/jvm/java-8-openjdk-amd64/jre/lib/amd64/libzip.so
7fe6d403d000-7fe6d423c000 ---p 00008000 08:06 2245052                    /usr/lib/jvm/java-8-openjdk-amd64/jre/lib/amd64/libzip.so
7fe6d423c000-7fe6d423d000 r--p 00007000 08:06 2245052                    /usr/lib/jvm/java-8-openjdk-amd64/jre/lib/amd64/libzip.so
7fe6d423d000-7fe6d423e000 rw-p 00008000 08:06 2245052                    /usr/lib/jvm/java-8-openjdk-amd64/jre/lib/amd64/libzip.so
7fe6d423e000-7fe6d4249000 r-xp 00000000 08:06 2757750                    /lib/x86_64-linux-gnu/libnss_files-2.23.so
7fe6d4249000-7fe6d4448000 ---p 0000b000 08:06 2757750                    /lib/x86_64-linux-gnu/libnss_files-2.23.so
7fe6d4448000-7fe6d4449000 r--p 0000a000 08:06 2757750                    /lib/x86_64-linux-gnu/libnss_files-2.23.so
7fe6d4449000-7fe6d444a000 rw-p 0000b000 08:06 2757750                    /lib/x86_64-linux-gnu/libnss_files-2.23.so
7fe6d444a000-7fe6d4450000 rw-p 00000000 00:00 0 
7fe6d4450000-7fe6d445b000 r-xp 00000000 08:06 2757760                    /lib/x86_64-linux-gnu/libnss_nis-2.23.so
7fe6d445b000-7fe6d465a000 ---p 0000b000 08:06 2757760                    /lib/x86_64-linux-gnu/libnss_nis-2.23.so
7fe6d465a000-7fe6d465b000 r--p 0000a000 08:06 2757760                    /lib/x86_64-linux-gnu/libnss_nis-2.23.so
7fe6d465b000-7fe6d465c000 rw-p 0000b000 08:06 2757760                    /lib/x86_64-linux-gnu/libnss_nis-2.23.so
7fe6d465c000-7fe6d4672000 r-xp 00000000 08:06 2757744                    /lib/x86_64-linux-gnu/libnsl-2.23.so
7fe6d4672000-7fe6d4871000 ---p 00016000 08:06 2757744                    /lib/x86_64-linux-gnu/libnsl-2.23.so
7fe6d4871000-7fe6d4872000 r--p 00015000 08:06 2757744                    /lib/x86_64-linux-gnu/libnsl-2.23.so
7fe6d4872000-7fe6d4873000 rw-p 00016000 08:06 2757744                    /lib/x86_64-linux-gnu/libnsl-2.23.so
7fe6d4873000-7fe6d4875000 rw-p 00000000 00:00 0 
7fe6d4875000-7fe6d487d000 r-xp 00000000 08:06 2757746                    /lib/x86_64-linux-gnu/libnss_compat-2.23.so
7fe6d487d000-7fe6d4a7c000 ---p 00008000 08:06 2757746                    /lib/x86_64-linux-gnu/libnss_compat-2.23.so
7fe6d4a7c000-7fe6d4a7d000 r--p 00007000 08:06 2757746                    /lib/x86_64-linux-gnu/libnss_compat-2.23.so
7fe6d4a7d000-7fe6d4a7e000 rw-p 00008000 08:06 2757746                    /lib/x86_64-linux-gnu/libnss_compat-2.23.so
7fe6d4a7e000-7fe6d4aab000 r-xp 00000000 08:06 2242887                    /usr/lib/jvm/java-8-openjdk-amd64/jre/lib/amd64/libjava.so
7fe6d4aab000-7fe6d4caa000 ---p 0002d000 08:06 2242887                    /usr/lib/jvm/java-8-openjdk-amd64/jre/lib/amd64/libjava.so
7fe6d4caa000-7fe6d4cab000 r--p 0002c000 08:06 2242887                    /usr/lib/jvm/java-8-openjdk-amd64/jre/lib/amd64/libjava.so
7fe6d4cab000-7fe6d4cad000 rw-p 0002d000 08:06 2242887                    /usr/lib/jvm/java-8-openjdk-amd64/jre/lib/amd64/libjava.so
7fe6d4cad000-7fe6d4cbc000 r-xp 00000000 08:06 2245038                    /usr/lib/jvm/java-8-openjdk-amd64/jre/lib/amd64/libverify.so
7fe6d4cbc000-7fe6d4ebb000 ---p 0000f000 08:06 2245038                    /usr/lib/jvm/java-8-openjdk-amd64/jre/lib/amd64/libverify.so
7fe6d4ebb000-7fe6d4ebd000 r--p 0000e000 08:06 2245038                    /usr/lib/jvm/java-8-openjdk-amd64/jre/lib/amd64/libverify.so
7fe6d4ebd000-7fe6d4ebe000 rw-p 00010000 08:06 2245038                    /usr/lib/jvm/java-8-openjdk-amd64/jre/lib/amd64/libverify.so
7fe6d4ebe000-7fe6d4ec5000 r-xp 00000000 08:06 2757805                    /lib/x86_64-linux-gnu/librt-2.23.so
7fe6d4ec5000-7fe6d50c4000 ---p 00007000 08:06 2757805                    /lib/x86_64-linux-gnu/librt-2.23.so
7fe6d50c4000-7fe6d50c5000 r--p 00006000 08:06 2757805                    /lib/x86_64-linux-gnu/librt-2.23.so
7fe6d50c5000-7fe6d50c6000 rw-p 00007000 08:06 2757805                    /lib/x86_64-linux-gnu/librt-2.23.so
7fe6d50c6000-7fe6d50dc000 r-xp 00000000 08:06 2757689                    /lib/x86_64-linux-gnu/libgcc_s.so.1
7fe6d50dc000-7fe6d52db000 ---p 00016000 08:06 2757689                    /lib/x86_64-linux-gnu/libgcc_s.so.1
7fe6d52db000-7fe6d52dc000 rw-p 00015000 08:06 2757689                    /lib/x86_64-linux-gnu/libgcc_s.so.1
7fe6d52dc000-7fe6d53e4000 r-xp 00000000 08:06 2757721                    /lib/x86_64-linux-gnu/libm-2.23.so
7fe6d53e4000-7fe6d55e3000 ---p 00108000 08:06 2757721                    /lib/x86_64-linux-gnu/libm-2.23.so
7fe6d55e3000-7fe6d55e4000 r--p 00107000 08:06 2757721                    /lib/x86_64-linux-gnu/libm-2.23.so
7fe6d55e4000-7fe6d55e5000 rw-p 00108000 08:06 2757721                    /lib/x86_64-linux-gnu/libm-2.23.so
7fe6d55e5000-7fe6d5757000 r-xp 00000000 08:06 2230402                    /usr/lib/x86_64-linux-gnu/libstdc++.so.6.0.21
7fe6d5757000-7fe6d5957000 ---p 00172000 08:06 2230402                    /usr/lib/x86_64-linux-gnu/libstdc++.so.6.0.21
7fe6d5957000-7fe6d5961000 r--p 00172000 08:06 2230402                    /usr/lib/x86_64-linux-gnu/libstdc++.so.6.0.21
7fe6d5961000-7fe6d5963000 rw-p 0017c000 08:06 2230402                    /usr/lib/x86_64-linux-gnu/libstdc++.so.6.0.21
7fe6d5963000-7fe6d5967000 rw-p 00000000 00:00 0 
7fe6d5967000-7fe6d65ad000 r-xp 00000000 08:06 2245050                    /usr/lib/jvm/java-8-openjdk-amd64/jre/lib/amd64/server/libjvm.so
7fe6d65ad000-7fe6d67ad000 ---p 00c46000 08:06 2245050                    /usr/lib/jvm/java-8-openjdk-amd64/jre/lib/amd64/server/libjvm.so
7fe6d67ad000-7fe6d6840000 r--p 00c46000 08:06 2245050                    /usr/lib/jvm/java-8-openjdk-amd64/jre/lib/amd64/server/libjvm.so
7fe6d6840000-7fe6d6868000 rw-p 00cd9000 08:06 2245050                    /usr/lib/jvm/java-8-openjdk-amd64/jre/lib/amd64/server/libjvm.so
7fe6d6868000-7fe6d6898000 rw-p 00000000 00:00 0 
7fe6d6898000-7fe6d68b0000 r-xp 00000000 08:06 2757797                    /lib/x86_64-linux-gnu/libpthread-2.23.so
7fe6d68b0000-7fe6d6aaf000 ---p 00018000 08:06 2757797                    /lib/x86_64-linux-gnu/libpthread-2.23.so
7fe6d6aaf000-7fe6d6ab0000 r--p 00017000 08:06 2757797                    /lib/x86_64-linux-gnu/libpthread-2.23.so
7fe6d6ab0000-7fe6d6ab1000 rw-p 00018000 08:06 2757797                    /lib/x86_64-linux-gnu/libpthread-2.23.so
7fe6d6ab1000-7fe6d6ab5000 rw-p 00000000 00:00 0 
7fe6d6ab5000-7fe6d6ab8000 r-xp 00000000 08:06 2757675                    /lib/x86_64-linux-gnu/libdl-2.23.so
7fe6d6ab8000-7fe6d6cb7000 ---p 00003000 08:06 2757675                    /lib/x86_64-linux-gnu/libdl-2.23.so
7fe6d6cb7000-7fe6d6cb8000 r--p 00002000 08:06 2757675                    /lib/x86_64-linux-gnu/libdl-2.23.so
7fe6d6cb8000-7fe6d6cb9000 rw-p 00003000 08:06 2757675                    /lib/x86_64-linux-gnu/libdl-2.23.so
7fe6d6cb9000-7fe6d6cd2000 r-xp 00000000 08:06 2757842                    /lib/x86_64-linux-gnu/libz.so.1.2.8
7fe6d6cd2000-7fe6d6ed1000 ---p 00019000 08:06 2757842                    /lib/x86_64-linux-gnu/libz.so.1.2.8
7fe6d6ed1000-7fe6d6ed2000 r--p 00018000 08:06 2757842                    /lib/x86_64-linux-gnu/libz.so.1.2.8
7fe6d6ed2000-7fe6d6ed3000 rw-p 00019000 08:06 2757842                    /lib/x86_64-linux-gnu/libz.so.1.2.8
7fe6d6ed3000-7fe6d7093000 r-xp 00000000 08:06 2757651                    /lib/x86_64-linux-gnu/libc-2.23.so
7fe6d7093000-7fe6d7292000 ---p 001c0000 08:06 2757651                    /lib/x86_64-linux-gnu/libc-2.23.so
7fe6d7292000-7fe6d7296000 r--p 001bf000 08:06 2757651                    /lib/x86_64-linux-gnu/libc-2.23.so
7fe6d7296000-7fe6d7298000 rw-p 001c3000 08:06 2757651                    /lib/x86_64-linux-gnu/libc-2.23.so
7fe6d7298000-7fe6d729c000 rw-p 00000000 00:00 0 
7fe6d729c000-7fe6d72a9000 r-xp 00000000 08:06 2245066                    /usr/lib/jvm/java-8-openjdk-amd64/jre/lib/amd64/jli/libjli.so
7fe6d72a9000-7fe6d74a9000 ---p 0000d000 08:06 2245066                    /usr/lib/jvm/java-8-openjdk-amd64/jre/lib/amd64/jli/libjli.so
7fe6d74a9000-7fe6d74aa000 r--p 0000d000 08:06 2245066                    /usr/lib/jvm/java-8-openjdk-amd64/jre/lib/amd64/jli/libjli.so
7fe6d74aa000-7fe6d74ab000 rw-p 0000e000 08:06 2245066                    /usr/lib/jvm/java-8-openjdk-amd64/jre/lib/amd64/jli/libjli.so
7fe6d74ab000-7fe6d74d1000 r-xp 00000000 08:06 2757623                    /lib/x86_64-linux-gnu/ld-2.23.so
7fe6d74d1000-7fe6d74d2000 r--s 00010000 08:06 2245101                    /usr/lib/jvm/java-8-openjdk-amd64/jre/lib/ext/zipfs.jar
7fe6d74d2000-7fe6d74d3000 r--s 00008000 08:06 2245099                    /usr/lib/jvm/java-8-openjdk-amd64/jre/lib/ext/sunec.jar
7fe6d74d3000-7fe6d74d8000 r--s 0003b000 08:06 2245102                    /usr/lib/jvm/java-8-openjdk-amd64/jre/lib/ext/sunjce_provider.jar
7fe6d74d8000-7fe6d75af000 rw-p 00000000 00:00 0 
7fe6d75af000-7fe6d75b2000 ---p 00000000 00:00 0 
7fe6d75b2000-7fe6d76b5000 rw-p 00000000 00:00 0 
7fe6d76b5000-7fe6d76b6000 r--s 0000a000 08:06 2245100                    /usr/lib/jvm/java-8-openjdk-amd64/jre/lib/ext/jaccess.jar
7fe6d76b6000-7fe6d76ba000 r--s 00037000 08:06 2245105                    /usr/lib/jvm/java-8-openjdk-amd64/jre/lib/ext/sunpkcs11.jar
7fe6d76ba000-7fe6d76c4000 r--s 00116000 08:06 2245104                    /usr/lib/jvm/java-8-openjdk-amd64/jre/lib/ext/localedata.jar
7fe6d76c4000-7fe6d76cc000 rw-s 00000000 08:06 2097197                    /tmp/hsperfdata_ema/14579
7fe6d76cc000-7fe6d76cd000 rw-p 00000000 00:00 0 
7fe6d76cd000-7fe6d76ce000 r--p 00000000 00:00 0 
7fe6d76ce000-7fe6d76d0000 rw-p 00000000 00:00 0 
7fe6d76d0000-7fe6d76d1000 r--p 00025000 08:06 2757623                    /lib/x86_64-linux-gnu/ld-2.23.so
7fe6d76d1000-7fe6d76d2000 rw-p 00026000 08:06 2757623                    /lib/x86_64-linux-gnu/ld-2.23.so
7fe6d76d2000-7fe6d76d3000 rw-p 00000000 00:00 0 
7ffc4f874000-7ffc4f895000 rw-p 00000000 00:00 0                          [stack]
7ffc4f985000-7ffc4f987000 r--p 00000000 00:00 0                          [vvar]
7ffc4f987000-7ffc4f989000 r-xp 00000000 00:00 0                          [vdso]
ffffffffff600000-ffffffffff601000 r-xp 00000000 00:00 0                  [vsyscall]

VM Arguments:
jvm_args: -Djava.security.policy=java.policy.applet -Dfile.encoding=UTF-8 
java_command: sun.applet.AppletViewer module4.EarthquakeCityMap1476534933119.html
java_class_path (initial): /home/ema/workspace/ucsdunfoldingmaps/build:/home/ema/workspace/ucsdunfoldingmaps/lib/core.jar:/home/ema/workspace/ucsdunfoldingmaps/lib/gluegen-rt.jar:/home/ema/workspace/ucsdunfoldingmaps/lib/jogl-all.jar:/home/ema/workspace/ucsdunfoldingmaps/lib/log4j-1.2.15.jar:/home/ema/workspace/ucsdunfoldingmaps/lib/sqlite-jdbc-3.7.2.jar:/home/ema/workspace/ucsdunfoldingmaps/lib/json4processing.jar:/home/ema/workspace/ucsdunfoldingmaps/lib/libTUIO.jar:/home/ema/workspace/ucsdunfoldingmaps/lib/unfolding.0.9.7-uscd.jar
Launcher Type: SUN_STANDARD

Environment Variables:
PATH=/home/ema/bin:/home/ema/.local/bin:/usr/local/sbin:/usr/local/bin:/usr/sbin:/usr/bin:/sbin:/bin:/usr/games:/usr/local/games:/snap/bin
SHELL=/bin/bash
DISPLAY=:0

Signal Handlers:
SIGSEGV: [libjvm.so+0xa5e970], sa_mask[0]=11111111011111111101111111111110, sa_flags=SA_RESTART|SA_SIGINFO
SIGBUS: [libjvm.so+0xa5e970], sa_mask[0]=11111111011111111101111111111110, sa_flags=SA_RESTART|SA_SIGINFO
SIGFPE: [libjvm.so+0x8a9ff0], sa_mask[0]=11111111011111111101111111111110, sa_flags=SA_RESTART|SA_SIGINFO
SIGPIPE: [libjvm.so+0x8a9ff0], sa_mask[0]=11111111011111111101111111111110, sa_flags=SA_RESTART|SA_SIGINFO
SIGXFSZ: [libjvm.so+0x8a9ff0], sa_mask[0]=11111111011111111101111111111110, sa_flags=SA_RESTART|SA_SIGINFO
SIGILL: [libjvm.so+0x8a9ff0], sa_mask[0]=11111111011111111101111111111110, sa_flags=SA_RESTART|SA_SIGINFO
SIGUSR1: SIG_DFL, sa_mask[0]=00000000000000000000000000000000, sa_flags=none
SIGUSR2: [libjvm.so+0x8a9ea0], sa_mask[0]=00100000000000000000000000000000, sa_flags=SA_RESTART|SA_SIGINFO
SIGHUP: [libjvm.so+0x8aa370], sa_mask[0]=11111111011111111101111111111110, sa_flags=SA_RESTART|SA_SIGINFO
SIGINT: [libjvm.so+0x8aa370], sa_mask[0]=11111111011111111101111111111110, sa_flags=SA_RESTART|SA_SIGINFO
SIGTERM: [libjvm.so+0x8aa370], sa_mask[0]=11111111011111111101111111111110, sa_flags=SA_RESTART|SA_SIGINFO
SIGQUIT: [libjvm.so+0x8aa370], sa_mask[0]=11111111011111111101111111111110, sa_flags=SA_RESTART|SA_SIGINFO


---------------  S Y S T E M  ---------------

OS:DISTRIB_ID=Ubuntu
DISTRIB_RELEASE=16.04
DISTRIB_CODENAME=xenial
DISTRIB_DESCRIPTION="Ubuntu 16.04.1 LTS"

uname:Linux 4.4.0-38-generic #57-Ubuntu SMP Tue Sep 6 15:42:33 UTC 2016 x86_64
libc:glibc 2.23 NPTL 2.23 
rlimit: STACK 8192k, CORE 0k, NPROC 13510, NOFILE 65536, AS infinity
load average:1,74 1,25 0,93

/proc/meminfo:
MemTotal:        3582816 kB
MemFree:          517708 kB
MemAvailable:    1019888 kB
Buffers:           53620 kB
Cached:           646860 kB
SwapCached:         1112 kB
Active:          2036132 kB
Inactive:         670264 kB
Active(anon):    1573236 kB
Inactive(anon):   472640 kB
Active(file):     462896 kB
Inactive(file):   197624 kB
Unevictable:          48 kB
Mlocked:              48 kB
SwapTotal:       4095996 kB
SwapFree:        4067696 kB
Dirty:              1488 kB
Writeback:             0 kB
AnonPages:       2005108 kB
Mapped:           197076 kB
Shmem:             39960 kB
Slab:             122252 kB
SReclaimable:      82936 kB
SUnreclaim:        39316 kB
KernelStack:        9712 kB
PageTables:        33776 kB
NFS_Unstable:          0 kB
Bounce:                0 kB
WritebackTmp:          0 kB
CommitLimit:     5887404 kB
Committed_AS:    5926504 kB
VmallocTotal:   34359738367 kB
VmallocUsed:           0 kB
VmallocChunk:          0 kB
HardwareCorrupted:     0 kB
AnonHugePages:    983040 kB
CmaTotal:              0 kB
CmaFree:               0 kB
HugePages_Total:       0
HugePages_Free:        0
HugePages_Rsvd:        0
HugePages_Surp:        0
Hugepagesize:       2048 kB
DirectMap4k:      402684 kB
DirectMap2M:     3321856 kB
DirectMap1G:           0 kB


CPU:total 2 (2 cores per cpu, 1 threads per core) family 20 model 2 stepping 0, cmov, cx8, fxsr, mmx, sse, sse2, sse3, ssse3, popcnt, mmxext, lzcnt, sse4a, tsc, tscinvbit, tscinv

/proc/cpuinfo:
processor	: 0
vendor_id	: AuthenticAMD
cpu family	: 20
model		: 2
model name	: AMD E2-1800 APU with Radeon(tm) HD Graphics
stepping	: 0
microcode	: 0x500010d
cpu MHz		: 1700.000
cache size	: 512 KB
physical id	: 0
siblings	: 2
core id		: 0
cpu cores	: 2
apicid		: 0
initial apicid	: 0
fpu		: yes
fpu_exception	: yes
cpuid level	: 6
wp		: yes
flags		: fpu vme de pse tsc msr pae mce cx8 apic sep mtrr pge mca cmov pat pse36 clflush mmx fxsr sse sse2 ht syscall nx mmxext fxsr_opt pdpe1gb rdtscp lm constant_tsc rep_good nopl nonstop_tsc extd_apicid aperfmperf pni monitor ssse3 cx16 popcnt lahf_lm cmp_legacy svm extapic cr8_legacy abm sse4a misalignsse 3dnowprefetch ibs skinit wdt hw_pstate vmmcall arat npt lbrv svm_lock nrip_save pausefilter
bugs		: fxsave_leak sysret_ss_attrs
bogomips	: 3393.81
TLB size	: 1024 4K pages
clflush size	: 64
cache_alignment	: 64
address sizes	: 36 bits physical, 48 bits virtual
power management: ts ttp tm stc 100mhzsteps hwpstate

processor	: 1
vendor_id	: AuthenticAMD
cpu family	: 20
model		: 2
model name	: AMD E2-1800 APU with Radeon(tm) HD Graphics
stepping	: 0
microcode	: 0x500010d
cpu MHz		: 850.000
cache size	: 512 KB
physical id	: 0
siblings	: 2
core id		: 1
cpu cores	: 2
apicid		: 1
initial apicid	: 1
fpu		: yes
fpu_exception	: yes
cpuid level	: 6
wp		: yes
flags		: fpu vme de pse tsc msr pae mce cx8 apic sep mtrr pge mca cmov pat pse36 clflush mmx fxsr sse sse2 ht syscall nx mmxext fxsr_opt pdpe1gb rdtscp lm constant_tsc rep_good nopl nonstop_tsc extd_apicid aperfmperf pni monitor ssse3 cx16 popcnt lahf_lm cmp_legacy svm extapic cr8_legacy abm sse4a misalignsse 3dnowprefetch ibs skinit wdt hw_pstate vmmcall arat npt lbrv svm_lock nrip_save pausefilter
bugs		: fxsave_leak sysret_ss_attrs
bogomips	: 3393.81
TLB size	: 1024 4K pages
clflush size	: 64
cache_alignment	: 64
address sizes	: 36 bits physical, 48 bits virtual
power management: ts ttp tm stc 100mhzsteps hwpstate



Memory: 4k page, physical 3582816k(517708k free), swap 4095996k(4067696k free)

vm_info: OpenJDK 64-Bit Server VM (25.91-b14) for linux-amd64 JRE (1.8.0_91-8u91-b14-3ubuntu1~16.04.1-b14), built on Jul 21 2016 04:13:34 by "buildd" with gcc 5.3.1 20160413

time: Sat Oct 15 14:35:50 2016
elapsed time: 17 seconds (0d 0h 0m 17s)

