#
# A fatal error has been detected by the Java Runtime Environment:
#
#  SIGSEGV (0xb) at pc=0x00007f382a64b987, pid=26121, tid=0x00007f3843454700
#
# JRE version: Java(TM) SE Runtime Environment (8.0_92-b14) (build 1.8.0_92-b14)
# Java VM: Java HotSpot(TM) 64-Bit Server VM (25.92-b14 mixed mode linux-amd64 compressed oops)
# Problematic frame:
# C  [nouveau_dri.so+0x29e987]
#
# Failed to write core dump. Core dumps have been disabled. To enable core dumping, try "ulimit -c unlimited" before starting Java again
#
# If you would like to submit a bug report, please visit:
#   http://bugreport.java.com/bugreport/crash.jsp
# The crash happened outside the Java Virtual Machine in native code.
# See problematic frame for where to report the bug.
#

---------------  T H R E A D  ---------------

Current thread (0x00007f3848008800):  JavaThread "AWT-EventQueue-1" [_thread_in_native, id=26152, stack(0x00007f3843354000,0x00007f3843455000)]

siginfo: si_signo: 11 (SIGSEGV), si_code: 1 (SEGV_MAPERR), si_addr: 0x000000000000c030

Registers:
RAX=0x0000000000000000, RBX=0x00007f38380ba100, RCX=0x0000000000000000, RDX=0x0000000000000001
RSP=0x00007f38434525e0, RBP=0x000000000000c000, RSI=0x00007f38380ba9b0, RDI=0x0000000100000000
R8 =0x0000000000000000, R9 =0x00007f3841ceec60, R10=0x00007f38a1657cc7, R11=0x00007f38b4127000
R12=0x0000000000000001, R13=0x00007f382c163b60, R14=0x0000000000000000, R15=0x0000000000000001
RIP=0x00007f382a64b987, EFLAGS=0x0000000000010202, CSGSFS=0x0000000000000033, ERR=0x0000000000000004
  TRAPNO=0x000000000000000e

Top of Stack: (sp=0x00007f38434525e0)
0x00007f38434525e0:   00007f3843452630 00007f38a147323c
0x00007f38434525f0:   00000000e24957c0 39fa07141d863000
0x00007f3843452600:   00000000a3c1a810 00007f38380b9fd0
0x00007f3843452610:   0000000000000000 00007f382c163fa0
0x00007f3843452620:   00007f382c163b60 00007f382c164150
0x00007f3843452630:   0000000000000000 00007f3841ceed02
0x00007f3843452640:   00007f3843452670 00007f3800000000
0x00007f3843452650:   0000000000000000 0000000000000000
0x00007f3843452660:   0000000003e0004f 00007f3841cc0bf1
0x00007f3843452670:   00007f38380b9fd0 39fa07141d863000
0x00007f3843452680:   0000000003e0004f 00007f3841cc0c20
0x00007f3843452690:   00007f3843452700 0000000000000000
0x00007f38434526a0:   0000000000000001 00007f3843452740
0x00007f38434526b0:   00007f3848008800 00007f38403fb849
0x00007f38434526c0:   00007f38434529a8 00007f3841cc0c20
0x00007f38434526d0:   0000000003e0004f 00007f382c167280
0x00007f38434526e0:   00007f3843452740 00007f38480089f8
0x00007f38434526f0:   00007f38a068d007 00007f3841cc0c20
0x00007f3843452700:   00007f3843452750 00007f38a1657d3d
0x00007f3843452710:   00000000e2495720 00000000e2495770
0x00007f3843452720:   00000000e2495760 0000000000000003
0x00007f3843452730:   00000000e2495780 00000000e24957d0
0x00007f3843452740:   00000000a36f1888 00000000e24957e0
0x00007f3843452750:   00007f38434529a8 00007f38a1715814
0x00007f3843452760:   00007f38b4127000 00000000a3c1d5c8
0x00007f3843452770:   00000000e24958c8 00000000a3c1d5a8
0x00007f3843452780:   00007f3843452960 00007f38a1021043
0x00007f3843452790:   00007f38434529a8 00007f38a1818f44
0x00007f38434527a0:   00007f38434529a8 00007f3843452960
0x00007f38434527b0:   00007f3843452960 00007f38a1021043
0x00007f38434527c0:   00007f38a10055d0 0000000000000000
0x00007f38434527d0:   00007f38434529a8 00007f3843452960 

Instructions: (pc=0x00007f382a64b987)
0x00007f382a64b967:   00 41 f6 c4 01 c6 44 24 0f 00 0f 84 c9 00 00 00
0x00007f382a64b977:   48 8b b3 30 01 00 00 48 85 f6 0f 84 b9 00 00 00
0x00007f382a64b987:   48 8b 55 30 45 85 f6 4c 8b 6a 18 0f 85 40 02 00
0x00007f382a64b997:   00 83 7b 38 01 0f 8e 36 02 00 00 48 8b 93 68 01 

Register to memory mapping:

RAX=0x0000000000000000 is an unknown value
RBX=0x00007f38380ba100 is an unknown value
RCX=0x0000000000000000 is an unknown value
RDX=0x0000000000000001 is an unknown value
RSP=0x00007f38434525e0 is pointing into the stack for thread: 0x00007f3848008800
RBP=0x000000000000c000 is an unknown value
RSI=0x00007f38380ba9b0 is an unknown value
RDI=0x0000000100000000 is pointing into metadata
R8 =0x0000000000000000 is an unknown value
R9 =0x00007f3841ceec60: <offset 0x4ac60> in /usr/lib/x86_64-linux-gnu/mesa/libGL.so.1 at 0x00007f3841ca4000
R10=0x00007f38a1657cc7 is at entry_point+71 in (nmethod*)0x00007f38a1657b10
R11=0x00007f38b4127000 is an unknown value
R12=0x0000000000000001 is an unknown value
R13=0x00007f382c163b60 is an unknown value
R14=0x0000000000000000 is an unknown value
R15=0x0000000000000001 is an unknown value


Stack: [0x00007f3843354000,0x00007f3843455000],  sp=0x00007f38434525e0,  free space=1017k
Native frames: (J=compiled Java code, j=interpreted, Vv=VM code, C=native code)
C  [nouveau_dri.so+0x29e987]

Java frames: (J=compiled Java code, j=interpreted, Vv=VM code)
J 2972  jogamp.opengl.x11.glx.GLX.dispatch_glXSwapBuffers0(JJJ)V (0 bytes) @ 0x00007f38a1657cc7 [0x00007f38a1657c80+0x47]
J 2971 C1 jogamp.opengl.x11.glx.GLX.glXSwapBuffers(JJ)V (45 bytes) @ 0x00007f38a1715814 [0x00007f38a1714e60+0x9b4]
J 2970 C1 jogamp.opengl.x11.glx.X11GLXDrawable.swapBuffersImpl(Z)V (21 bytes) @ 0x00007f38a14f7a44 [0x00007f38a14f77a0+0x2a4]
J 2969 C1 jogamp.opengl.GLDrawableImpl.swapBuffers()V (138 bytes) @ 0x00007f38a116f29c [0x00007f38a116ebe0+0x6bc]
j  javax.media.opengl.awt.GLCanvas$12.run()V+45
J 2416 C1 java.awt.event.InvocationEvent.dispatch()V (69 bytes) @ 0x00007f38a185e08c [0x00007f38a185df40+0x14c]
J 2596 C1 java.awt.EventQueue.dispatchEventImpl(Ljava/awt/AWTEvent;Ljava/lang/Object;)V (149 bytes) @ 0x00007f38a190b3bc [0x00007f38a1909840+0x1b7c]
J 2594 C1 java.awt.EventQueue$3.run()Ljava/lang/Void; (60 bytes) @ 0x00007f38a1905c44 [0x00007f38a1905a40+0x204]
J 2593 C1 java.awt.EventQueue$3.run()Ljava/lang/Object; (5 bytes) @ 0x00007f38a18fb00c [0x00007f38a18faf80+0x8c]
v  ~StubRoutines::call_stub
J 480  java.security.AccessController.doPrivileged(Ljava/security/PrivilegedAction;Ljava/security/AccessControlContext;)Ljava/lang/Object; (0 bytes) @ 0x00007f38a12185e3 [0x00007f38a1218580+0x63]
J 2377 C1 java.awt.EventQueue.dispatchEvent(Ljava/awt/AWTEvent;)V (80 bytes) @ 0x00007f38a1846944 [0x00007f38a1845fc0+0x984]
J 2381 C1 java.awt.EventDispatchThread.pumpOneEventForFilters(I)V (295 bytes) @ 0x00007f38a184bc54 [0x00007f38a184a100+0x1b54]
j  java.awt.EventDispatchThread.pumpEventsForFilter(ILjava/awt/Conditional;Ljava/awt/EventFilter;)V+35
j  java.awt.EventDispatchThread.pumpEventsForHierarchy(ILjava/awt/Conditional;Ljava/awt/Component;)V+11
j  java.awt.EventDispatchThread.pumpEvents(ILjava/awt/Conditional;)V+4
j  java.awt.EventDispatchThread.pumpEvents(Ljava/awt/Conditional;)V+3
j  java.awt.EventDispatchThread.run()V+9
v  ~StubRoutines::call_stub

---------------  P R O C E S S  ---------------

Java Threads: ( => current thread )
  0x00007f383883e000 JavaThread "Thread-65" [_thread_blocked, id=26238, stack(0x00007f382813f000,0x00007f3828240000)]
  0x00007f3814001800 JavaThread "Keep-Alive-Timer" daemon [_thread_blocked, id=26169, stack(0x00007f382141c000,0x00007f382151d000)]
  0x00007f382c14e800 JavaThread "Animation Thread-SharedResourceRunner" daemon [_thread_blocked, id=26162, stack(0x00007f3842d52000,0x00007f3842e53000)]
  0x00007f382c0c0000 JavaThread "process reaper" daemon [_thread_blocked, id=26157, stack(0x00007f3878025000,0x00007f387805e000)]
  0x00007f384800f000 JavaThread "Animation Thread" [_thread_blocked, id=26153, stack(0x00007f3843053000,0x00007f3843154000)]
=>0x00007f3848008800 JavaThread "AWT-EventQueue-1" [_thread_in_native, id=26152, stack(0x00007f3843354000,0x00007f3843455000)]
  0x00007f38b000a000 JavaThread "DestroyJavaVM" [_thread_blocked, id=26126, stack(0x00007f38b7b6a000,0x00007f38b7c6b000)]
  0x00007f38b02c6000 JavaThread "AWT-EventQueue-0" [_thread_blocked, id=26150, stack(0x00007f3843dfe000,0x00007f3843eff000)]
  0x00007f38b02c1800 JavaThread "AWT-Shutdown" [_thread_blocked, id=26149, stack(0x00007f3843eff000,0x00007f3844000000)]
  0x00007f38b02ae000 JavaThread "thread applet-module3.EarthquakeCityMap.class" [_thread_blocked, id=26148, stack(0x00007f387805e000,0x00007f387815f000)]
  0x00007f38b02a1800 JavaThread "AWT-XAWT" daemon [_thread_in_native, id=26146, stack(0x00007f387815f000,0x00007f3878260000)]
  0x00007f38b027b800 JavaThread "Java2D Disposer" daemon [_thread_blocked, id=26145, stack(0x00007f3878670000,0x00007f3878771000)]
  0x00007f38b00d4000 JavaThread "Service Thread" daemon [_thread_blocked, id=26143, stack(0x00007f387a408000,0x00007f387a509000)]
  0x00007f38b00c9000 JavaThread "C1 CompilerThread3" daemon [_thread_blocked, id=26142, stack(0x00007f387a509000,0x00007f387a60a000)]
  0x00007f38b00c6800 JavaThread "C2 CompilerThread2" daemon [_thread_blocked, id=26141, stack(0x00007f387a60a000,0x00007f387a70b000)]
  0x00007f38b00c5000 JavaThread "C2 CompilerThread1" daemon [_thread_blocked, id=26140, stack(0x00007f387a70b000,0x00007f387a80c000)]
  0x00007f38b00c2000 JavaThread "C2 CompilerThread0" daemon [_thread_blocked, id=26139, stack(0x00007f387a80c000,0x00007f387a90d000)]
  0x00007f38b00c0800 JavaThread "Signal Dispatcher" daemon [_thread_blocked, id=26138, stack(0x00007f387a90d000,0x00007f387aa0e000)]
  0x00007f38b008d000 JavaThread "Finalizer" daemon [_thread_blocked, id=26137, stack(0x00007f387b0f1000,0x00007f387b1f2000)]
  0x00007f38b0088000 JavaThread "Reference Handler" daemon [_thread_blocked, id=26136, stack(0x00007f387b1f2000,0x00007f387b2f3000)]

Other Threads:
  0x00007f38b0080800 VMThread [stack: 0x00007f387b2f3000,0x00007f387b3f4000] [id=26135]
  0x00007f38b00d7000 WatcherThread [stack: 0x00007f387a307000,0x00007f387a408000] [id=26144]

VM state:not at safepoint (normal execution)

VM Mutex/Monitor currently owned by a thread: None

Heap:
 PSYoungGen      total 75776K, used 35226K [0x00000000e0f80000, 0x00000000e7900000, 0x0000000100000000)
  eden space 62976K, 36% used [0x00000000e0f80000,0x00000000e25f68c0,0x00000000e4d00000)
  from space 12800K, 95% used [0x00000000e4d00000,0x00000000e58f0300,0x00000000e5980000)
  to   space 14848K, 0% used [0x00000000e6a80000,0x00000000e6a80000,0x00000000e7900000)
 ParOldGen       total 66560K, used 17810K [0x00000000a2e00000, 0x00000000a6f00000, 0x00000000e0f80000)
  object space 66560K, 26% used [0x00000000a2e00000,0x00000000a3f64af8,0x00000000a6f00000)
 Metaspace       used 21502K, capacity 21765K, committed 22064K, reserved 1069056K
  class space    used 2002K, capacity 2058K, committed 2176K, reserved 1048576K

Card table byte_map: [0x00007f38b463e000,0x00007f38b4928000] byte_map_base: 0x00007f38b4127000

Marking Bits: (ParMarkBitMap*) 0x00007f38b70434c0
 Begin Bits: [0x00007f3881170000, 0x00007f38828b8000)
 End Bits:   [0x00007f38828b8000, 0x00007f3884000000)

Polling page: 0x00007f38b7c92000

CodeCache: size=245760Kb used=8512Kb max_used=9990Kb free=237247Kb
 bounds [0x00007f38a1000000, 0x00007f38a19f0000, 0x00007f38b0000000]
 total_blobs=3468 nmethods=2501 adapters=881
 compilation: enabled

Compilation events (10 events):
Event: 15,628 Thread 0x00007f38b00c6800 nmethod 2990% 0x00007f38a14ef210 code [0x00007f38a14ef360, 0x00007f38a14ef418]
Event: 15,657 Thread 0x00007f38b00c5000 2991       4       processing.core.PGraphics::image (22 bytes)
Event: 15,661 Thread 0x00007f38b00c5000 nmethod 2991 0x00007f38a13fb250 code [0x00007f38a13fb3c0, 0x00007f38a13fb648]
Event: 15,758 Thread 0x00007f38b00c2000 2992       4       processing.opengl.PJOGL::viewport (35 bytes)
Event: 15,761 Thread 0x00007f38b00c2000 nmethod 2992 0x00007f38a15edd90 code [0x00007f38a15edf00, 0x00007f38a15ee0c8]
Event: 16,296 Thread 0x00007f38b00c9000 2993       3       sun.font.CompositeGlyphMapper::getCachedGlyphCode (32 bytes)
Event: 16,296 Thread 0x00007f38b00c9000 nmethod 2993 0x00007f38a1596b10 code [0x00007f38a1596c80, 0x00007f38a1596ed0]
Event: 16,296 Thread 0x00007f38b00c9000 2995       3       sun.java2d.xr.GrowableEltArray::getCharCnt (13 bytes)
Event: 16,297 Thread 0x00007f38b00c9000 nmethod 2995 0x00007f38a1677b90 code [0x00007f38a1677d00, 0x00007f38a1677f50]
Event: 16,297 Thread 0x00007f38b00c9000 2994       1       sun.java2d.SurfaceData::isValid (5 bytes)

GC Heap History (10 events):
Event: 2,727 GC heap before
{Heap before GC invocations=4 (full 0):
 PSYoungGen      total 28160K, used 24346K [0x00000000e0f80000, 0x00000000e4680000, 0x0000000100000000)
  eden space 24576K, 84% used [0x00000000e0f80000,0x00000000e23c9e08,0x00000000e2780000)
  from space 3584K, 99% used [0x00000000e2780000,0x00000000e2afca70,0x00000000e2b00000)
  to   space 3584K, 0% used [0x00000000e4300000,0x00000000e4300000,0x00000000e4680000)
 ParOldGen       total 64512K, used 13303K [0x00000000a2e00000, 0x00000000a6d00000, 0x00000000e0f80000)
  object space 64512K, 20% used [0x00000000a2e00000,0x00000000a3afdfa0,0x00000000a6d00000)
 Metaspace       used 20780K, capacity 20991K, committed 21296K, reserved 1069056K
  class space    used 1993K, capacity 2057K, committed 2176K, reserved 1048576K
Event: 2,735 GC heap after
Heap after GC invocations=4 (full 0):
 PSYoungGen      total 52736K, used 3554K [0x00000000e0f80000, 0x00000000e4680000, 0x0000000100000000)
  eden space 49152K, 0% used [0x00000000e0f80000,0x00000000e0f80000,0x00000000e3f80000)
  from space 3584K, 99% used [0x00000000e4300000,0x00000000e4678a80,0x00000000e4680000)
  to   space 3584K, 0% used [0x00000000e3f80000,0x00000000e3f80000,0x00000000e4300000)
 ParOldGen       total 64512K, used 15736K [0x00000000a2e00000, 0x00000000a6d00000, 0x00000000e0f80000)
  object space 64512K, 24% used [0x00000000a2e00000,0x00000000a3d5e050,0x00000000a6d00000)
 Metaspace       used 20780K, capacity 20991K, committed 21296K, reserved 1069056K
  class space    used 1993K, capacity 2057K, committed 2176K, reserved 1048576K
}
Event: 2,735 GC heap before
{Heap before GC invocations=5 (full 1):
 PSYoungGen      total 52736K, used 3554K [0x00000000e0f80000, 0x00000000e4680000, 0x0000000100000000)
  eden space 49152K, 0% used [0x00000000e0f80000,0x00000000e0f80000,0x00000000e3f80000)
  from space 3584K, 99% used [0x00000000e4300000,0x00000000e4678a80,0x00000000e4680000)
  to   space 3584K, 0% used [0x00000000e3f80000,0x00000000e3f80000,0x00000000e4300000)
 ParOldGen       total 64512K, used 15736K [0x00000000a2e00000, 0x00000000a6d00000, 0x00000000e0f80000)
  object space 64512K, 24% used [0x00000000a2e00000,0x00000000a3d5e050,0x00000000a6d00000)
 Metaspace       used 20780K, capacity 20991K, committed 21296K, reserved 1069056K
  class space    used 1993K, capacity 2057K, committed 2176K, reserved 1048576K
Event: 2,798 GC heap after
Heap after GC invocations=5 (full 1):
 PSYoungGen      total 52736K, used 0K [0x00000000e0f80000, 0x00000000e4680000, 0x0000000100000000)
  eden space 49152K, 0% used [0x00000000e0f80000,0x00000000e0f80000,0x00000000e3f80000)
  from space 3584K, 0% used [0x00000000e4300000,0x00000000e4300000,0x00000000e4680000)
  to   space 3584K, 0% used [0x00000000e3f80000,0x00000000e3f80000,0x00000000e4300000)
 ParOldGen       total 66560K, used 17786K [0x00000000a2e00000, 0x00000000a6f00000, 0x00000000e0f80000)
  object space 66560K, 26% used [0x00000000a2e00000,0x00000000a3f5eaf8,0x00000000a6f00000)
 Metaspace       used 20780K, capacity 20991K, committed 21296K, reserved 1069056K
  class space    used 1993K, capacity 2057K, committed 2176K, reserved 1048576K
}
Event: 8,676 GC heap before
{Heap before GC invocations=6 (full 1):
 PSYoungGen      total 52736K, used 49152K [0x00000000e0f80000, 0x00000000e4680000, 0x0000000100000000)
  eden space 49152K, 100% used [0x00000000e0f80000,0x00000000e3f80000,0x00000000e3f80000)
  from space 3584K, 0% used [0x00000000e4300000,0x00000000e4300000,0x00000000e4680000)
  to   space 3584K, 0% used [0x00000000e3f80000,0x00000000e3f80000,0x00000000e4300000)
 ParOldGen       total 66560K, used 17786K [0x00000000a2e00000, 0x00000000a6f00000, 0x00000000e0f80000)
  object space 66560K, 26% used [0x00000000a2e00000,0x00000000a3f5eaf8,0x00000000a6f00000)
 Metaspace       used 21251K, capacity 21503K, committed 21808K, reserved 1069056K
  class space    used 1996K, capacity 2057K, committed 2176K, reserved 1048576K
Event: 8,678 GC heap after
Heap after GC invocations=6 (full 1):
 PSYoungGen      total 52736K, used 256K [0x00000000e0f80000, 0x00000000e6800000, 0x0000000100000000)
  eden space 49152K, 0% used [0x00000000e0f80000,0x00000000e0f80000,0x00000000e3f80000)
  from space 3584K, 7% used [0x00000000e3f80000,0x00000000e3fc0000,0x00000000e4300000)
  to   space 13312K, 0% used [0x00000000e5b00000,0x00000000e5b00000,0x00000000e6800000)
 ParOldGen       total 66560K, used 17794K [0x00000000a2e00000, 0x00000000a6f00000, 0x00000000e0f80000)
  object space 66560K, 26% used [0x00000000a2e00000,0x00000000a3f60af8,0x00000000a6f00000)
 Metaspace       used 21251K, capacity 21503K, committed 21808K, reserved 1069056K
  class space    used 1996K, capacity 2057K, committed 2176K, reserved 1048576K
}
Event: 10,176 GC heap before
{Heap before GC invocations=7 (full 1):
 PSYoungGen      total 52736K, used 49387K [0x00000000e0f80000, 0x00000000e6800000, 0x0000000100000000)
  eden space 49152K, 99% used [0x00000000e0f80000,0x00000000e3f7aca8,0x00000000e3f80000)
  from space 3584K, 7% used [0x00000000e3f80000,0x00000000e3fc0000,0x00000000e4300000)
  to   space 13312K, 0% used [0x00000000e5b00000,0x00000000e5b00000,0x00000000e6800000)
 ParOldGen       total 66560K, used 17794K [0x00000000a2e00000, 0x00000000a6f00000, 0x00000000e0f80000)
  object space 66560K, 26% used [0x00000000a2e00000,0x00000000a3f60af8,0x00000000a6f00000)
 Metaspace       used 21405K, capacity 21637K, committed 22064K, reserved 1069056K
  class space    used 2000K, capacity 2058K, committed 2176K, reserved 1048576K
Event: 10,185 GC heap after
Heap after GC invocations=7 (full 1):
 PSYoungGen      total 74240K, used 7456K [0x00000000e0f80000, 0x00000000e6600000, 0x0000000100000000)
  eden space 62976K, 0% used [0x00000000e0f80000,0x00000000e0f80000,0x00000000e4d00000)
  from space 11264K, 66% used [0x00000000e5b00000,0x00000000e6248200,0x00000000e6600000)
  to   space 12800K, 0% used [0x00000000e4d00000,0x00000000e4d00000,0x00000000e5980000)
 ParOldGen       total 66560K, used 17802K [0x00000000a2e00000, 0x00000000a6f00000, 0x00000000e0f80000)
  object space 66560K, 26% used [0x00000000a2e00000,0x00000000a3f62af8,0x00000000a6f00000)
 Metaspace       used 21405K, capacity 21637K, committed 22064K, reserved 1069056K
  class space    used 2000K, capacity 2058K, committed 2176K, reserved 1048576K
}
Event: 13,876 GC heap before
{Heap before GC invocations=8 (full 1):
 PSYoungGen      total 74240K, used 70432K [0x00000000e0f80000, 0x00000000e6600000, 0x0000000100000000)
  eden space 62976K, 100% used [0x00000000e0f80000,0x00000000e4d00000,0x00000000e4d00000)
  from space 11264K, 66% used [0x00000000e5b00000,0x00000000e6248200,0x00000000e6600000)
  to   space 12800K, 0% used [0x00000000e4d00000,0x00000000e4d00000,0x00000000e5980000)
 ParOldGen       total 66560K, used 17802K [0x00000000a2e00000, 0x00000000a6f00000, 0x00000000e0f80000)
  object space 66560K, 26% used [0x00000000a2e00000,0x00000000a3f62af8,0x00000000a6f00000)
 Metaspace       used 21490K, capacity 21765K, committed 22064K, reserved 1069056K
  class space    used 2000K, capacity 2058K, committed 2176K, reserved 1048576K
Event: 13,885 GC heap after
Heap after GC invocations=8 (full 1):
 PSYoungGen      total 75776K, used 12224K [0x00000000e0f80000, 0x00000000e7900000, 0x0000000100000000)
  eden space 62976K, 0% used [0x00000000e0f80000,0x00000000e0f80000,0x00000000e4d00000)
  from space 12800K, 95% used [0x00000000e4d00000,0x00000000e58f0300,0x00000000e5980000)
  to   space 14848K, 0% used [0x00000000e6a80000,0x00000000e6a80000,0x00000000e7900000)
 ParOldGen       total 66560K, used 17810K [0x00000000a2e00000, 0x00000000a6f00000, 0x00000000e0f80000)
  object space 66560K, 26% used [0x00000000a2e00000,0x00000000a3f64af8,0x00000000a6f00000)
 Metaspace       used 21490K, capacity 21765K, committed 22064K, reserved 1069056K
  class space    used 2000K, capacity 2058K, committed 2176K, reserved 1048576K
}

Deoptimization events (10 events):
Event: 2,005 Thread 0x00007f3848008800 Uncommon trap: reason=unstable_if action=reinterpret pc=0x00007f38a1520610 method=java.nio.Buffer.nextGetIndex()I @ 8
Event: 9,390 Thread 0x00007f3848008800 Uncommon trap: reason=unstable_if action=reinterpret pc=0x00007f38a1911de4 method=de.fhpotsdam.unfolding.mapdisplay.AbstractMapDisplay$ZoomComparator.compare(Lde/fhpotsdam/unfolding/core/Coordinate;Lde/fhpotsdam/unfolding/core/Coordinate;)I @ 9
Event: 9,390 Thread 0x00007f3848008800 Uncommon trap: reason=unstable_if action=reinterpret pc=0x00007f38a17ae3c0 method=de.fhpotsdam.unfolding.core.Coordinate.equals(Ljava/lang/Object;)Z @ 38
Event: 9,440 Thread 0x00007f3848008800 Uncommon trap: reason=unstable_if action=reinterpret pc=0x00007f38a173fe30 method=sun.misc.FloatingDecimal$BinaryToASCIIBuffer.developLongDigits(IJI)V @ 104
Event: 9,440 Thread 0x00007f3848008800 Uncommon trap: reason=unstable_if action=reinterpret pc=0x00007f38a173c6e0 method=sun.misc.FloatingDecimal$BinaryToASCIIBuffer.getChars([C)I @ 94
Event: 9,440 Thread 0x00007f3848008800 Uncommon trap: reason=unstable_if action=reinterpret pc=0x00007f38a1707490 method=java.text.DigitList.getDataChars(I)[C @ 13
Event: 9,440 Thread 0x00007f3848008800 Uncommon trap: reason=unstable_if action=reinterpret pc=0x00007f38a16ff704 method=java.text.DecimalFormat.subformat(Ljava/lang/StringBuffer;Ljava/text/Format$FieldDelegate;ZZIIII)Ljava/lang/StringBuffer; @ 753
Event: 9,509 Thread 0x00007f3848008800 Uncommon trap: reason=null_check action=make_not_entrant pc=0x00007f38a18f0704 method=processing.opengl.PGraphicsOpenGL.initCache(Lprocessing/core/PImage;)Ljava/lang/Object; @ 14
Event: 9,525 Thread 0x00007f3848008800 Uncommon trap: reason=null_check action=make_not_entrant pc=0x00007f38a188fd0c method=processing.opengl.PGraphicsOpenGL.initCache(Lprocessing/core/PImage;)Ljava/lang/Object; @ 14
Event: 16,296 Thread 0x00007f38b02ae000 Uncommon trap: reason=unstable_if action=reinterpret pc=0x00007f38a18890cc method=java.awt.font.FontRenderContext.equals(Ljava/awt/font/FontRenderContext;)Z @ 2

Internal exceptions (10 events):
Event: 1,345 Thread 0x00007f3848008800 Implicit null exception at 0x00007f38a11cf775 to 0x00007f38a11cfac1
Event: 1,612 Thread 0x00007f3848008800 Exception <a 'java/lang/reflect/InvocationTargetException'> (0x00000000e22a1b60) thrown at [/HUDSON/workspace/8-2-build-linux-amd64/jdk8u92/6642/hotspot/src/share/vm/runtime/reflection.cpp, line 1092]
Event: 1,613 Thread 0x00007f3848008800 Exception <a 'java/lang/reflect/InvocationTargetException'> (0x00000000e22a21d8) thrown at [/HUDSON/workspace/8-2-build-linux-amd64/jdk8u92/6642/hotspot/src/share/vm/runtime/reflection.cpp, line 1092]
Event: 2,158 Thread 0x00007f3848008800 Exception <a 'java/lang/reflect/InvocationTargetException'> (0x00000000e21a2068) thrown at [/HUDSON/workspace/8-2-build-linux-amd64/jdk8u92/6642/hotspot/src/share/vm/runtime/reflection.cpp, line 1092]
Event: 2,158 Thread 0x00007f3848008800 Exception <a 'java/lang/reflect/InvocationTargetException'> (0x00000000e21a2550) thrown at [/HUDSON/workspace/8-2-build-linux-amd64/jdk8u92/6642/hotspot/src/share/vm/runtime/reflection.cpp, line 1092]
Event: 2,258 Thread 0x00007f3848008800 Exception <a 'java/lang/reflect/InvocationTargetException'> (0x00000000e25f15b8) thrown at [/HUDSON/workspace/8-2-build-linux-amd64/jdk8u92/6642/hotspot/src/share/vm/runtime/reflection.cpp, line 1092]
Event: 2,258 Thread 0x00007f3848008800 Exception <a 'java/lang/reflect/InvocationTargetException'> (0x00000000e25f1aa0) thrown at [/HUDSON/workspace/8-2-build-linux-amd64/jdk8u92/6642/hotspot/src/share/vm/runtime/reflection.cpp, line 1092]
Event: 2,358 Thread 0x00007f3848008800 Exception <a 'java/lang/reflect/InvocationTargetException'> (0x00000000e1318158) thrown at [/HUDSON/workspace/8-2-build-linux-amd64/jdk8u92/6642/hotspot/src/share/vm/runtime/reflection.cpp, line 1092]
Event: 2,358 Thread 0x00007f3848008800 Exception <a 'java/lang/reflect/InvocationTargetException'> (0x00000000e1318640) thrown at [/HUDSON/workspace/8-2-build-linux-amd64/jdk8u92/6642/hotspot/src/share/vm/runtime/reflection.cpp, line 1092]
Event: 2,390 Thread 0x00007f3848008800 Exception <a 'java/lang/reflect/InvocationTargetException'> (0x00000000e135a888) thrown at [/HUDSON/workspace/8-2-build-linux-amd64/jdk8u92/6642/hotspot/src/share/vm/runtime/reflection.cpp, line 1092]

Events (10 events):
Event: 16,294 Thread 0x00007f383883e000 Thread added: 0x00007f383883e000
Event: 16,294 loading class sun/applet/AppletPanel$4
Event: 16,295 loading class sun/applet/AppletPanel$4 done
Event: 16,295 loading class java/awt/KeyboardFocusManager$2
Event: 16,295 loading class java/awt/KeyboardFocusManager$2 done
Event: 16,295 loading class sun/awt/SunToolkit$1
Event: 16,295 loading class sun/awt/SunToolkit$1 done
Event: 16,296 Thread 0x00007f38b02ae000 Uncommon trap: trap_request=0xffffff65 fr.pc=0x00007f38a18890cc
Event: 16,296 Thread 0x00007f38b02ae000 DEOPT PACKING pc=0x00007f38a18890cc sp=0x00007f387815d3a0
Event: 16,296 Thread 0x00007f38b02ae000 DEOPT UNPACKING pc=0x00007f38a1005229 sp=0x00007f387815d2f8 mode 2


Dynamic libraries:
00400000-00401000 r-xp 00000000 08:01 3450446                            /home/ema/Scaricati/jdk1.8.0_92/jre/bin/java
00600000-00601000 rw-p 00000000 08:01 3450446                            /home/ema/Scaricati/jdk1.8.0_92/jre/bin/java
0221e000-0223f000 rw-p 00000000 00:00 0                                  [heap]
a2e00000-a6f00000 rw-p 00000000 00:00 0 
a6f00000-e0f80000 ---p 00000000 00:00 0 
e0f80000-e7900000 rw-p 00000000 00:00 0 
e7900000-100000000 ---p 00000000 00:00 0 
100000000-100220000 rw-p 00000000 00:00 0 
100220000-140000000 ---p 00000000 00:00 0 
7f37fbcf9000-7f37fbd79000 rw-s 19be8f000 00:06 9579                      /dev/dri/card0
7f37fbd79000-7f37fbdf9000 rw-s 19be0f000 00:06 9579                      /dev/dri/card0
7f37fbdf9000-7f37fbdfa000 rw-s 14318c000 00:06 9579                      /dev/dri/card0
7f37fc000000-7f37fc05c000 rw-p 00000000 00:00 0 
7f37fc05c000-7f3800000000 ---p 00000000 00:00 0 
7f3800000000-7f3800053000 rw-p 00000000 00:00 0 
7f3800053000-7f3804000000 ---p 00000000 00:00 0 
7f3804000000-7f380403f000 rw-p 00000000 00:00 0 
7f380403f000-7f3808000000 ---p 00000000 00:00 0 
7f3808000000-7f380805c000 rw-p 00000000 00:00 0 
7f380805c000-7f380c000000 ---p 00000000 00:00 0 
7f380c000000-7f380c089000 rw-p 00000000 00:00 0 
7f380c089000-7f3810000000 ---p 00000000 00:00 0 
7f3810000000-7f3810021000 rw-p 00000000 00:00 0 
7f3810021000-7f3814000000 ---p 00000000 00:00 0 
7f3814000000-7f3814074000 rw-p 00000000 00:00 0 
7f3814074000-7f3818000000 ---p 00000000 00:00 0 
7f3818000000-7f3818083000 rw-p 00000000 00:00 0 
7f3818083000-7f381c000000 ---p 00000000 00:00 0 
7f381c000000-7f381c079000 rw-p 00000000 00:00 0 
7f381c079000-7f3820000000 ---p 00000000 00:00 0 
7f3820bd9000-7f3820d45000 rw-p 00000000 00:00 0 
7f3820d45000-7f3820dd9000 ---p 00000000 00:00 0 
7f3820dd9000-7f3820fd9000 rw-s 142e0e000 00:06 9579                      /dev/dri/card0
7f3820fd9000-7f3820fdc000 ---p 00000000 00:00 0 
7f3820fdc000-7f38210da000 rw-p 00000000 00:00 0 
7f38210da000-7f38210dd000 ---p 00000000 00:00 0 
7f38210dd000-7f38211db000 rw-p 00000000 00:00 0 
7f38211db000-7f38211de000 ---p 00000000 00:00 0 
7f38211de000-7f38212dc000 rw-p 00000000 00:00 0 
7f38212dc000-7f38212df000 ---p 00000000 00:00 0 
7f38212df000-7f38213dd000 rw-p 00000000 00:00 0 
7f38213ee000-7f382140e000 rw-s 1a18fd000 00:06 9579                      /dev/dri/card0
7f382140e000-7f382141c000 r--s 00000000 08:01 19005654                   /var/cache/fontconfig/6aa41aa22e18b8fa06a12da28ea9c28b-le64.cache-4
7f382141c000-7f382141f000 ---p 00000000 00:00 0 
7f382141f000-7f382151d000 rw-p 00000000 00:00 0 
7f382151d000-7f3821520000 ---p 00000000 00:00 0 
7f3821520000-7f382161e000 rw-p 00000000 00:00 0 
7f382161e000-7f382201e000 rwxp 00000000 00:00 0 
7f382201e000-7f3823dc7000 r-xp 00000000 08:01 15343369                   /usr/lib/x86_64-linux-gnu/libLLVM-3.6.so.1
7f3823dc7000-7f3823dc8000 ---p 01da9000 08:01 15343369                   /usr/lib/x86_64-linux-gnu/libLLVM-3.6.so.1
7f3823dc8000-7f3823fe4000 r--p 01da9000 08:01 15343369                   /usr/lib/x86_64-linux-gnu/libLLVM-3.6.so.1
7f3823fe4000-7f3823fea000 rw-p 01fc5000 08:01 15343369                   /usr/lib/x86_64-linux-gnu/libLLVM-3.6.so.1
7f3823fea000-7f3824000000 rw-p 00000000 00:00 0 
7f3824000000-7f3824196000 rw-p 00000000 00:00 0 
7f3824196000-7f3828000000 ---p 00000000 00:00 0 
7f3828008000-7f3828013000 r--s 00000000 08:01 19005531                   /var/cache/fontconfig/945677eb7aeaf62f1d50efc3fb3ec7d8-le64.cache-4
7f3828013000-7f3828016000 ---p 00000000 00:00 0 
7f3828016000-7f3828114000 rw-p 00000000 00:00 0 
7f3828115000-7f3828116000 r--s 00000000 08:01 19022310                   /var/cache/fontconfig/087e1975ba9a574b140bb1df193bf770-le64.cache-4
7f3828116000-7f3828117000 r--s 00000000 08:01 19005539                   /var/cache/fontconfig/c05880de57d1f5e948fdfacc138775d9-le64.cache-4
7f3828117000-7f382811d000 r--s 00000000 08:01 19005516                   /var/cache/fontconfig/2cd17615ca594fa2959ae173292e504c-le64.cache-4
7f382811d000-7f382811e000 r--s 00000000 08:01 19005513                   /var/cache/fontconfig/0d8c3b2ac0904cb8a57a757ad11a4a08-le64.cache-4
7f382811e000-7f3828125000 r--s 00000000 08:01 19005535                   /var/cache/fontconfig/a755afe4a08bf5b97852ceb7400b47bc-le64.cache-4
7f3828125000-7f3828129000 r--s 00000000 08:01 19005545                   /var/cache/fontconfig/6d41288fd70b0be22e8c3a91e032eec0-le64.cache-4
7f3828129000-7f382813f000 r--s 00000000 08:01 19005511                   /var/cache/fontconfig/04aabc0a78ac019cf9454389977116d2-le64.cache-4
7f382813f000-7f3828142000 ---p 00000000 00:00 0 
7f3828142000-7f3828240000 rw-p 00000000 00:00 0 
7f3828240000-7f3828243000 ---p 00000000 00:00 0 
7f3828243000-7f3828341000 rw-p 00000000 00:00 0 
7f3828341000-7f3828342000 r--s 00000000 08:01 19005534                   /var/cache/fontconfig/a6354e3ac43af67bd8d7b8e43c34e49f-le64.cache-4
7f3828342000-7f3828343000 r--s 00000000 08:01 19005515                   /var/cache/fontconfig/1ac9eb803944fde146138c791f5cc56a-le64.cache-4
7f3828343000-7f3828347000 r--s 00000000 08:01 19005519                   /var/cache/fontconfig/385c0604a188198f04d133e54aba7fe7-le64.cache-4
7f3828347000-7f3828348000 r--s 00000000 08:01 19022308                   /var/cache/fontconfig/9c956a7723ca69a44b382d9179c9802f-le64.cache-4
7f3828348000-7f3828349000 r--s 00000000 08:01 19005546                   /var/cache/fontconfig/dc05db6664285cc2f12bf69c139ae4c3-le64.cache-4
7f3828349000-7f382834b000 r--s 00000000 08:01 19005528                   /var/cache/fontconfig/767a8244fc0220cfb567a839d0392e0b-le64.cache-4
7f382834b000-7f382834c000 r--s 00000000 08:01 19019501                   /var/cache/fontconfig/4794a0821666d79190d59a36cb4f44b5-le64.cache-4
7f382834c000-7f382834d000 r--s 00000000 08:01 19022306                   /var/cache/fontconfig/9eae20f1ff8cc0a7d125749e875856bd-le64.cache-4
7f382834d000-7f382834f000 r--s 00000000 08:01 19022305                   /var/cache/fontconfig/bf2c1853a9e9b00bb02fe2e9bcf1e201-le64.cache-4
7f382834f000-7f3828354000 r--s 00000000 08:01 19005530                   /var/cache/fontconfig/8801497958630a81b71ace7c5f9b32a8-le64.cache-4
7f3828354000-7f3828358000 r--s 00000000 08:01 19019549                   /var/cache/fontconfig/c57959a16110560c8d0fcea73374aeeb-le64.cache-4
7f3828358000-7f3828359000 r--s 00000000 08:01 19005538                   /var/cache/fontconfig/bab58bb527bb656aaa9f116d68a48d89-le64.cache-4
7f3828359000-7f3828360000 r--s 00000000 08:01 19005517                   /var/cache/fontconfig/3047814df9a2f067bd2d96a2b9c36e5a-le64.cache-4
7f3828360000-7f3828368000 r--s 00000000 08:01 19022303                   /var/cache/fontconfig/bf3b770c553c462765856025a94f1ce6-le64.cache-4
7f3828368000-7f3828369000 r--s 00000000 08:01 19005524                   /var/cache/fontconfig/56cf4f4769d0f4abc89a4895d7bd3ae1-le64.cache-4
7f3828369000-7f382836a000 r--s 00000000 08:01 19005537                   /var/cache/fontconfig/b9d506c9ac06c20b433354fa67a72993-le64.cache-4
7f382836a000-7f3828370000 r--s 00000000 08:01 19005536                   /var/cache/fontconfig/b47c4e1ecd0709278f4910c18777a504-le64.cache-4
7f3828370000-7f3828373000 r--s 00000000 08:01 19022298                   /var/cache/fontconfig/14d493b97896515cad3840ba4896e372-le64.cache-4
7f3828373000-7f3828374000 r--s 00000000 08:01 19022295                   /var/cache/fontconfig/89034621ae2a8922916bb6bfa5799546-le64.cache-4
7f3828374000-7f3828377000 r--s 00000000 08:01 19020951                   /var/cache/fontconfig/e49e89034d371f0f9de17aab02136486-le64.cache-4
7f3828377000-7f3828379000 r--s 00000000 08:01 19020949                   /var/cache/fontconfig/4b14b093aebc79c320de5e86ae1d3314-le64.cache-4
7f3828379000-7f382838c000 r--s 00000000 08:01 19005543                   /var/cache/fontconfig/d52a8644073d54c13679302ca1180695-le64.cache-4
7f382838c000-7f382838d000 r--s 00000000 08:01 19005523                   /var/cache/fontconfig/551ecf3b0e8b0bca0f25c0944f561853-le64.cache-4
7f382838d000-7f382838e000 r--s 00000000 08:01 19022293                   /var/cache/fontconfig/8a687c406b77f27d99abfeeba937fcce-le64.cache-4
7f382838e000-7f3828393000 r--s 00000000 08:01 19022291                   /var/cache/fontconfig/75ad6aa2358a85f0de2c8ee4837e8227-le64.cache-4
7f3828393000-7f382839d000 r--s 00000000 08:01 19005520                   /var/cache/fontconfig/3f7329c5293ffd510edef78f73874cfd-le64.cache-4
7f382839d000-7f382839f000 r--s 00000000 08:01 19022288                   /var/cache/fontconfig/65f976e5259cbe6dc7697b8648396239-le64.cache-4
7f382839f000-7f382841f000 rw-s 196a46000 00:06 9579                      /dev/dri/card0
7f382841f000-7f3828879000 rw-p 00000000 00:00 0 
7f3828879000-7f3828890000 r-xp 00000000 08:01 27267350                   /lib/x86_64-linux-gnu/libresolv-2.21.so
7f3828890000-7f3828a90000 ---p 00017000 08:01 27267350                   /lib/x86_64-linux-gnu/libresolv-2.21.so
7f3828a90000-7f3828a92000 r--p 00017000 08:01 27267350                   /lib/x86_64-linux-gnu/libresolv-2.21.so
7f3828a92000-7f3828a93000 rw-p 00019000 08:01 27267350                   /lib/x86_64-linux-gnu/libresolv-2.21.so
7f3828a93000-7f3828a95000 rw-p 00000000 00:00 0 
7f3828a95000-7f3828a9a000 r-xp 00000000 08:01 27267295                   /lib/x86_64-linux-gnu/libnss_dns-2.21.so
7f3828a9a000-7f3828c99000 ---p 00005000 08:01 27267295                   /lib/x86_64-linux-gnu/libnss_dns-2.21.so
7f3828c99000-7f3828c9a000 r--p 00004000 08:01 27267295                   /lib/x86_64-linux-gnu/libnss_dns-2.21.so
7f3828c9a000-7f3828c9b000 rw-p 00005000 08:01 27267295                   /lib/x86_64-linux-gnu/libnss_dns-2.21.so
7f3828c9b000-7f3828c9d000 r-xp 00000000 08:01 27267303                   /lib/x86_64-linux-gnu/libnss_mdns4_minimal.so.2
7f3828c9d000-7f3828e9c000 ---p 00002000 08:01 27267303                   /lib/x86_64-linux-gnu/libnss_mdns4_minimal.so.2
7f3828e9c000-7f3828e9d000 r--p 00001000 08:01 27267303                   /lib/x86_64-linux-gnu/libnss_mdns4_minimal.so.2
7f3828e9d000-7f3828e9e000 rw-p 00002000 08:01 27267303                   /lib/x86_64-linux-gnu/libnss_mdns4_minimal.so.2
7f3828e9e000-7f3828ea9000 r--s 00000000 08:01 19018232                   /var/cache/fontconfig/d589a48862398ed80a3d6066f4f56f4c-le64.cache-4
7f3828ea9000-7f3828ead000 r--s 00000000 08:01 19022285                   /var/cache/fontconfig/246184dc75a16901ca37d96895904249-le64.cache-4
7f3828ead000-7f3828eae000 r--s 00000000 08:01 19022282                   /var/cache/fontconfig/94f7fe9bd33aadfac165873bd010d595-le64.cache-4
7f3828eae000-7f3828eb0000 r--s 00000000 08:01 19022280                   /var/cache/fontconfig/423767150eb258c59035de29db6fca84-le64.cache-4
7f3828eb0000-7f3828eb1000 r--s 00000000 08:01 19022279                   /var/cache/fontconfig/406a1d2d2bf3ed7664fbadefac0b2f66-le64.cache-4
7f3828eb1000-7f3828eb3000 r--s 00000000 08:01 19022278                   /var/cache/fontconfig/67709b7835c0f764c1135060c9575660-le64.cache-4
7f3828eb3000-7f3828ec0000 r--s 00000000 08:01 19022277                   /var/cache/fontconfig/198d8fcf01c96d0cf813f74fd759bdb7-le64.cache-4
7f3828ec0000-7f3828ec3000 r--s 00000000 08:01 19022275                   /var/cache/fontconfig/75114ca45c98e8a441da0ff356701271-le64.cache-4
7f3828ec3000-7f3828ece000 r--s 00000000 08:01 19022274                   /var/cache/fontconfig/83bf95040141907cd45bb53cf7c1c148-le64.cache-4
7f3828ece000-7f3828ed7000 r--s 00000000 08:01 19013761                   /var/cache/fontconfig/d0972c3d32f097851eb916381fc38920-le64.cache-4
7f3828ed7000-7f3828ede000 r--s 00000000 08:01 19022271                   /var/cache/fontconfig/53d14c92082a93e67d5078324eb314ca-le64.cache-4
7f3828ede000-7f38290de000 rw-p 00000000 00:00 0 
7f38290de000-7f38290df000 r--s 00000000 08:01 19005512                   /var/cache/fontconfig/0c9eb80ebd1c36541ebe2852d3bb0c49-le64.cache-4
7f38290df000-7f38290f2000 r--s 00000000 08:01 19022270                   /var/cache/fontconfig/4ac51e5cfbc76fc3f983e470323a16d3-le64.cache-4
7f38290f2000-7f3829113000 r--s 00000000 08:01 19005633                   /var/cache/fontconfig/e13b20fdb08344e0e664864cc2ede53d-le64.cache-4
7f3829113000-7f3829120000 r--s 00000000 08:01 19018230                   /var/cache/fontconfig/8f02d4cb045bd6ce15663e43f347c9f8-le64.cache-4
7f3829120000-7f382913e000 r--s 00000000 08:01 19018227                   /var/cache/fontconfig/467c019e582ee353435ea5c21d137ef6-le64.cache-4
7f382913e000-7f38291be000 rw-s 1b3967000 00:06 9579                      /dev/dri/card0
7f38291be000-7f38291f5000 r-xp 00000000 08:01 15344535                   /usr/lib/x86_64-linux-gnu/libtxc_dxtn_s2tc.so.0.0.0
7f38291f5000-7f38293f4000 ---p 00037000 08:01 15344535                   /usr/lib/x86_64-linux-gnu/libtxc_dxtn_s2tc.so.0.0.0
7f38293f4000-7f38293f5000 r--p 00036000 08:01 15344535                   /usr/lib/x86_64-linux-gnu/libtxc_dxtn_s2tc.so.0.0.0
7f38293f5000-7f38293f6000 rw-p 00037000 08:01 15344535                   /usr/lib/x86_64-linux-gnu/libtxc_dxtn_s2tc.so.0.0.0
7f38293f6000-7f382941b000 r-xp 00000000 08:01 27267368                   /lib/x86_64-linux-gnu/libtinfo.so.5.9
7f382941b000-7f382961a000 ---p 00025000 08:01 27267368                   /lib/x86_64-linux-gnu/libtinfo.so.5.9
7f382961a000-7f382961e000 r--p 00024000 08:01 27267368                   /lib/x86_64-linux-gnu/libtinfo.so.5.9
7f382961e000-7f382961f000 rw-p 00028000 08:01 27267368                   /lib/x86_64-linux-gnu/libtinfo.so.5.9
7f382961f000-7f3829652000 r-xp 00000000 08:01 15343777                   /usr/lib/x86_64-linux-gnu/libedit.so.2.0.51
7f3829652000-7f3829852000 ---p 00033000 08:01 15343777                   /usr/lib/x86_64-linux-gnu/libedit.so.2.0.51
7f3829852000-7f3829854000 r--p 00033000 08:01 15343777                   /usr/lib/x86_64-linux-gnu/libedit.so.2.0.51
7f3829854000-7f3829855000 rw-p 00035000 08:01 15343777                   /usr/lib/x86_64-linux-gnu/libedit.so.2.0.51
7f3829855000-7f3829859000 rw-p 00000000 00:00 0 
7f3829859000-7f3829872000 r-xp 00000000 08:01 27267385                   /lib/x86_64-linux-gnu/libz.so.1.2.8
7f3829872000-7f3829a72000 ---p 00019000 08:01 27267385                   /lib/x86_64-linux-gnu/libz.so.1.2.8
7f3829a72000-7f3829a73000 r--p 00019000 08:01 27267385                   /lib/x86_64-linux-gnu/libz.so.1.2.8
7f3829a73000-7f3829a74000 rw-p 0001a000 08:01 27267385                   /lib/x86_64-linux-gnu/libz.so.1.2.8
7f3829a74000-7f3829b64000 r-xp 00000000 08:01 15344490                   /usr/lib/x86_64-linux-gnu/libstdc++.so.6.0.20
7f3829b64000-7f3829d64000 ---p 000f0000 08:01 15344490                   /usr/lib/x86_64-linux-gnu/libstdc++.so.6.0.20
7f3829d64000-7f3829d6c000 r--p 000f0000 08:01 15344490                   /usr/lib/x86_64-linux-gnu/libstdc++.so.6.0.20
7f3829d6c000-7f3829d6e000 rw-p 000f8000 08:01 15344490                   /usr/lib/x86_64-linux-gnu/libstdc++.so.6.0.20
7f3829d6e000-7f3829d83000 rw-p 00000000 00:00 0 
7f3829d83000-7f3829d98000 r-xp 00000000 08:01 15343778                   /usr/lib/x86_64-linux-gnu/libelf-0.160.so
7f3829d98000-7f3829f97000 ---p 00015000 08:01 15343778                   /usr/lib/x86_64-linux-gnu/libelf-0.160.so
7f3829f97000-7f3829f98000 r--p 00014000 08:01 15343778                   /usr/lib/x86_64-linux-gnu/libelf-0.160.so
7f3829f98000-7f3829f99000 rw-p 00015000 08:01 15343778                   /usr/lib/x86_64-linux-gnu/libelf-0.160.so
7f3829f99000-7f3829fa5000 r-xp 00000000 08:01 15343773                   /usr/lib/x86_64-linux-gnu/libdrm_radeon.so.1.0.1
7f3829fa5000-7f382a1a4000 ---p 0000c000 08:01 15343773                   /usr/lib/x86_64-linux-gnu/libdrm_radeon.so.1.0.1
7f382a1a4000-7f382a1a5000 r--p 0000b000 08:01 15343773                   /usr/lib/x86_64-linux-gnu/libdrm_radeon.so.1.0.1
7f382a1a5000-7f382a1a6000 rw-p 0000c000 08:01 15343773                   /usr/lib/x86_64-linux-gnu/libdrm_radeon.so.1.0.1
7f382a1a6000-7f382a1ac000 r-xp 00000000 08:01 15343771                   /usr/lib/x86_64-linux-gnu/libdrm_nouveau.so.2.0.0
7f382a1ac000-7f382a3ab000 ---p 00006000 08:01 15343771                   /usr/lib/x86_64-linux-gnu/libdrm_nouveau.so.2.0.0
7f382a3ab000-7f382a3ac000 r--p 00005000 08:01 15343771                   /usr/lib/x86_64-linux-gnu/libdrm_nouveau.so.2.0.0
7f382a3ac000-7f382a3ad000 rw-p 00006000 08:01 15343771                   /usr/lib/x86_64-linux-gnu/libdrm_nouveau.so.2.0.0
7f382a3ad000-7f382ab20000 r-xp 00000000 08:01 15603600                   /usr/lib/x86_64-linux-gnu/dri/nouveau_dri.so
7f382ab20000-7f382ad1f000 ---p 00773000 08:01 15603600                   /usr/lib/x86_64-linux-gnu/dri/nouveau_dri.so
7f382ad1f000-7f382ad76000 r--p 00772000 08:01 15603600                   /usr/lib/x86_64-linux-gnu/dri/nouveau_dri.so
7f382ad76000-7f382ad82000 rw-p 007c9000 08:01 15603600                   /usr/lib/x86_64-linux-gnu/dri/nouveau_dri.so
7f382ad82000-7f382af67000 rw-p 00000000 00:00 0 
7f382af67000-7f382af79000 r-xp 00000000 08:01 27263385                   /lib/x86_64-linux-gnu/libudev.so.1.6.2
7f382af79000-7f382b178000 ---p 00012000 08:01 27263385                   /lib/x86_64-linux-gnu/libudev.so.1.6.2
7f382b178000-7f382b179000 r--p 00011000 08:01 27263385                   /lib/x86_64-linux-gnu/libudev.so.1.6.2
7f382b179000-7f382b17a000 rw-p 00012000 08:01 27263385                   /lib/x86_64-linux-gnu/libudev.so.1.6.2
7f382b17a000-7f382b17c000 r-xp 00000000 08:01 15343521                   /usr/lib/x86_64-linux-gnu/libXinerama.so.1.0.0
7f382b17c000-7f382b37b000 ---p 00002000 08:01 15343521                   /usr/lib/x86_64-linux-gnu/libXinerama.so.1.0.0
7f382b37b000-7f382b37c000 r--p 00001000 08:01 15343521                   /usr/lib/x86_64-linux-gnu/libXinerama.so.1.0.0
7f382b37c000-7f382b37d000 rw-p 00002000 08:01 15343521                   /usr/lib/x86_64-linux-gnu/libXinerama.so.1.0.0
7f382b37d000-7f382b3c2000 r-xp 00000000 08:01 28312164                   /tmp/jogamp_0000/file_cache/jln267703637986792704/jln7468692454708559220/libjogl_mobile.so
7f382b3c2000-7f382b5c2000 ---p 00045000 08:01 28312164                   /tmp/jogamp_0000/file_cache/jln267703637986792704/jln7468692454708559220/libjogl_mobile.so
7f382b5c2000-7f382b5c3000 rw-p 00045000 08:01 28312164                   /tmp/jogamp_0000/file_cache/jln267703637986792704/jln7468692454708559220/libjogl_mobile.so
7f382b5c3000-7f382b5ca000 r-xp 00000000 08:01 15343817                   /usr/lib/x86_64-linux-gnu/libffi.so.6.0.4
7f382b5ca000-7f382b7c9000 ---p 00007000 08:01 15343817                   /usr/lib/x86_64-linux-gnu/libffi.so.6.0.4
7f382b7c9000-7f382b7ca000 r--p 00006000 08:01 15343817                   /usr/lib/x86_64-linux-gnu/libffi.so.6.0.4
7f382b7ca000-7f382b7cb000 rw-p 00007000 08:01 15343817                   /usr/lib/x86_64-linux-gnu/libffi.so.6.0.4
7f382b7cb000-7f382b7d8000 r-xp 00000000 08:01 15340550                   /usr/lib/x86_64-linux-gnu/libgbm.so.1.0.0
7f382b7d8000-7f382b9d7000 ---p 0000d000 08:01 15340550                   /usr/lib/x86_64-linux-gnu/libgbm.so.1.0.0
7f382b9d7000-7f382b9d8000 r--p 0000c000 08:01 15340550                   /usr/lib/x86_64-linux-gnu/libgbm.so.1.0.0
7f382b9d8000-7f382b9d9000 rw-p 0000d000 08:01 15340550                   /usr/lib/x86_64-linux-gnu/libgbm.so.1.0.0
7f382b9d9000-7f382b9e8000 r-xp 00000000 08:01 15344604                   /usr/lib/x86_64-linux-gnu/libwayland-server.so.0.1.0
7f382b9e8000-7f382bbe7000 ---p 0000f000 08:01 15344604                   /usr/lib/x86_64-linux-gnu/libwayland-server.so.0.1.0
7f382bbe7000-7f382bbea000 r--p 0000e000 08:01 15344604                   /usr/lib/x86_64-linux-gnu/libwayland-server.so.0.1.0
7f382bbea000-7f382bbeb000 rw-p 00011000 08:01 15344604                   /usr/lib/x86_64-linux-gnu/libwayland-server.so.0.1.0
7f382bbeb000-7f382bbf7000 r-xp 00000000 08:01 15344598                   /usr/lib/x86_64-linux-gnu/libwayland-client.so.0.3.0
7f382bbf7000-7f382bdf6000 ---p 0000c000 08:01 15344598                   /usr/lib/x86_64-linux-gnu/libwayland-client.so.0.3.0
7f382bdf6000-7f382bdf8000 r--p 0000b000 08:01 15344598                   /usr/lib/x86_64-linux-gnu/libwayland-client.so.0.3.0
7f382bdf8000-7f382bdf9000 rw-p 0000d000 08:01 15344598                   /usr/lib/x86_64-linux-gnu/libwayland-client.so.0.3.0
7f382bdf9000-7f382bdfe000 r-xp 00000000 08:01 15344692                   /usr/lib/x86_64-linux-gnu/libxcb-xfixes.so.0.0.0
7f382bdfe000-7f382bffe000 ---p 00005000 08:01 15344692                   /usr/lib/x86_64-linux-gnu/libxcb-xfixes.so.0.0.0
7f382bffe000-7f382bfff000 r--p 00005000 08:01 15344692                   /usr/lib/x86_64-linux-gnu/libxcb-xfixes.so.0.0.0
7f382bfff000-7f382c000000 rw-p 00006000 08:01 15344692                   /usr/lib/x86_64-linux-gnu/libxcb-xfixes.so.0.0.0
7f382c000000-7f382c7c3000 rw-p 00000000 00:00 0 
7f382c7c3000-7f3830000000 ---p 00000000 00:00 0 
7f3830000000-7f3830021000 rw-p 00000000 00:00 0 
7f3830021000-7f3834000000 ---p 00000000 00:00 0 
7f3834000000-7f3834059000 rw-p 00000000 00:00 0 
7f3834059000-7f3838000000 ---p 00000000 00:00 0 
7f3838000000-7f3838d91000 rw-p 00000000 00:00 0 
7f3838d91000-7f383c000000 ---p 00000000 00:00 0 
7f383c000000-7f383c021000 rw-p 00000000 00:00 0 
7f383c021000-7f3840000000 ---p 00000000 00:00 0 
7f3840000000-7f3840002000 r--s 00000000 08:01 19022273                   /var/cache/fontconfig/6e6b34ae150a7ad95e82fb4a522f0bda-le64.cache-4
7f3840002000-7f3840003000 r--s 00000000 08:01 19022272                   /var/cache/fontconfig/3334a778d104e76d188e9df399bc24d2-le64.cache-4
7f3840003000-7f3840008000 r--s 00000000 08:01 19022268                   /var/cache/fontconfig/3629f2adf904f9a612908891fae71ceb-le64.cache-4
7f3840008000-7f384000b000 r--s 00000000 08:01 19022266                   /var/cache/fontconfig/de83a0a961185c8bd1f159015d56c039-le64.cache-4
7f3840023000-7f3840043000 rw-s 143036000 00:06 9579                      /dev/dri/card0
7f3840043000-7f38400c3000 rw-s 19bd8f000 00:06 9579                      /dev/dri/card0
7f38400c3000-7f3840143000 rw-s 19bd0f000 00:06 9579                      /dev/dri/card0
7f3840143000-7f384016c000 r-xp 00000000 08:01 15729315                   /usr/lib/x86_64-linux-gnu/mesa-egl/libEGL.so.1.0.0
7f384016c000-7f384036c000 ---p 00029000 08:01 15729315                   /usr/lib/x86_64-linux-gnu/mesa-egl/libEGL.so.1.0.0
7f384036c000-7f384036d000 r--p 00029000 08:01 15729315                   /usr/lib/x86_64-linux-gnu/mesa-egl/libEGL.so.1.0.0
7f384036d000-7f384036e000 rw-p 0002a000 08:01 15729315                   /usr/lib/x86_64-linux-gnu/mesa-egl/libEGL.so.1.0.0
7f384036e000-7f384036f000 rw-p 00000000 00:00 0 
7f384036f000-7f3840414000 r-xp 00000000 08:01 28312162                   /tmp/jogamp_0000/file_cache/jln267703637986792704/jln7468692454708559220/libjogl_desktop.so
7f3840414000-7f3840614000 ---p 000a5000 08:01 28312162                   /tmp/jogamp_0000/file_cache/jln267703637986792704/jln7468692454708559220/libjogl_desktop.so
7f3840614000-7f3840615000 rw-p 000a5000 08:01 28312162                   /tmp/jogamp_0000/file_cache/jln267703637986792704/jln7468692454708559220/libjogl_desktop.so
7f3840615000-7f3840621000 r-xp 00000000 08:01 15343767                   /usr/lib/x86_64-linux-gnu/libdrm.so.2.4.0
7f3840621000-7f3840820000 ---p 0000c000 08:01 15343767                   /usr/lib/x86_64-linux-gnu/libdrm.so.2.4.0
7f3840820000-7f3840821000 r--p 0000b000 08:01 15343767                   /usr/lib/x86_64-linux-gnu/libdrm.so.2.4.0
7f3840821000-7f3840822000 rw-p 0000c000 08:01 15343767                   /usr/lib/x86_64-linux-gnu/libdrm.so.2.4.0
7f3840822000-7f3840823000 r-xp 00000000 08:01 15344706                   /usr/lib/x86_64-linux-gnu/libxshmfence.so.1.0.0
7f3840823000-7f3840a22000 ---p 00001000 08:01 15344706                   /usr/lib/x86_64-linux-gnu/libxshmfence.so.1.0.0
7f3840a22000-7f3840a23000 r--p 00000000 08:01 15344706                   /usr/lib/x86_64-linux-gnu/libxshmfence.so.1.0.0
7f3840a23000-7f3840a24000 rw-p 00001000 08:01 15344706                   /usr/lib/x86_64-linux-gnu/libxshmfence.so.1.0.0
7f3840a24000-7f3840a29000 r-xp 00000000 08:01 15344688                   /usr/lib/x86_64-linux-gnu/libxcb-sync.so.1.0.0
7f3840a29000-7f3840c28000 ---p 00005000 08:01 15344688                   /usr/lib/x86_64-linux-gnu/libxcb-sync.so.1.0.0
7f3840c28000-7f3840c29000 r--p 00004000 08:01 15344688                   /usr/lib/x86_64-linux-gnu/libxcb-sync.so.1.0.0
7f3840c29000-7f3840c2a000 rw-p 00005000 08:01 15344688                   /usr/lib/x86_64-linux-gnu/libxcb-sync.so.1.0.0
7f3840c2a000-7f3840c2c000 r-xp 00000000 08:01 15344676                   /usr/lib/x86_64-linux-gnu/libxcb-present.so.0.0.0
7f3840c2c000-7f3840e2b000 ---p 00002000 08:01 15344676                   /usr/lib/x86_64-linux-gnu/libxcb-present.so.0.0.0
7f3840e2b000-7f3840e2c000 r--p 00001000 08:01 15344676                   /usr/lib/x86_64-linux-gnu/libxcb-present.so.0.0.0
7f3840e2c000-7f3840e2d000 rw-p 00002000 08:01 15344676                   /usr/lib/x86_64-linux-gnu/libxcb-present.so.0.0.0
7f3840e2d000-7f3840e2f000 r-xp 00000000 08:01 15344666                   /usr/lib/x86_64-linux-gnu/libxcb-dri3.so.0.0.0
7f3840e2f000-7f384102e000 ---p 00002000 08:01 15344666                   /usr/lib/x86_64-linux-gnu/libxcb-dri3.so.0.0.0
7f384102e000-7f384102f000 r--p 00001000 08:01 15344666                   /usr/lib/x86_64-linux-gnu/libxcb-dri3.so.0.0.0
7f384102f000-7f3841030000 rw-p 00002000 08:01 15344666                   /usr/lib/x86_64-linux-gnu/libxcb-dri3.so.0.0.0
7f3841030000-7f3841033000 r-xp 00000000 08:01 15344664                   /usr/lib/x86_64-linux-gnu/libxcb-dri2.so.0.0.0
7f3841033000-7f3841233000 ---p 00003000 08:01 15344664                   /usr/lib/x86_64-linux-gnu/libxcb-dri2.so.0.0.0
7f3841233000-7f3841234000 r--p 00003000 08:01 15344664                   /usr/lib/x86_64-linux-gnu/libxcb-dri2.so.0.0.0
7f3841234000-7f3841235000 rw-p 00004000 08:01 15344664                   /usr/lib/x86_64-linux-gnu/libxcb-dri2.so.0.0.0
7f3841235000-7f384124a000 r-xp 00000000 08:01 15344668                   /usr/lib/x86_64-linux-gnu/libxcb-glx.so.0.0.0
7f384124a000-7f3841449000 ---p 00015000 08:01 15344668                   /usr/lib/x86_64-linux-gnu/libxcb-glx.so.0.0.0
7f3841449000-7f384144b000 r--p 00014000 08:01 15344668                   /usr/lib/x86_64-linux-gnu/libxcb-glx.so.0.0.0
7f384144b000-7f384144c000 rw-p 00016000 08:01 15344668                   /usr/lib/x86_64-linux-gnu/libxcb-glx.so.0.0.0
7f384144c000-7f384144d000 r-xp 00000000 08:01 15343492                   /usr/lib/x86_64-linux-gnu/libX11-xcb.so.1.0.0
7f384144d000-7f384164c000 ---p 00001000 08:01 15343492                   /usr/lib/x86_64-linux-gnu/libX11-xcb.so.1.0.0
7f384164c000-7f384164d000 r--p 00000000 08:01 15343492                   /usr/lib/x86_64-linux-gnu/libX11-xcb.so.1.0.0
7f384164d000-7f384164e000 rw-p 00001000 08:01 15343492                   /usr/lib/x86_64-linux-gnu/libX11-xcb.so.1.0.0
7f384164e000-7f3841650000 r-xp 00000000 08:01 15343507                   /usr/lib/x86_64-linux-gnu/libXdamage.so.1.1.0
7f3841650000-7f384184f000 ---p 00002000 08:01 15343507                   /usr/lib/x86_64-linux-gnu/libXdamage.so.1.1.0
7f384184f000-7f3841850000 r--p 00001000 08:01 15343507                   /usr/lib/x86_64-linux-gnu/libXdamage.so.1.1.0
7f3841850000-7f3841851000 rw-p 00002000 08:01 15343507                   /usr/lib/x86_64-linux-gnu/libXdamage.so.1.1.0
7f3841851000-7f3841876000 r-xp 00000000 08:01 15343260                   /usr/lib/x86_64-linux-gnu/libglapi.so.0.0.0
7f3841876000-7f3841a76000 ---p 00025000 08:01 15343260                   /usr/lib/x86_64-linux-gnu/libglapi.so.0.0.0
7f3841a76000-7f3841a79000 r--p 00025000 08:01 15343260                   /usr/lib/x86_64-linux-gnu/libglapi.so.0.0.0
7f3841a79000-7f3841a7a000 rw-p 00028000 08:01 15343260                   /usr/lib/x86_64-linux-gnu/libglapi.so.0.0.0
7f3841a7a000-7f3841a7b000 rw-p 00000000 00:00 0 
7f3841a7b000-7f3841aa1000 r-xp 00000000 08:01 27267358                   /lib/x86_64-linux-gnu/libexpat.so.1.6.0
7f3841aa1000-7f3841ca0000 ---p 00026000 08:01 27267358                   /lib/x86_64-linux-gnu/libexpat.so.1.6.0
7f3841ca0000-7f3841ca3000 r--p 00025000 08:01 27267358                   /lib/x86_64-linux-gnu/libexpat.so.1.6.0
7f3841ca3000-7f3841ca4000 rw-p 00028000 08:01 27267358                   /lib/x86_64-linux-gnu/libexpat.so.1.6.0
7f3841ca4000-7f3841d3c000 r-xp 00000000 08:01 15732978                   /usr/lib/x86_64-linux-gnu/mesa/libGL.so.1.2.0
7f3841d3c000-7f3841f3b000 ---p 00098000 08:01 15732978                   /usr/lib/x86_64-linux-gnu/mesa/libGL.so.1.2.0
7f3841f3b000-7f3841f3e000 r--p 00097000 08:01 15732978                   /usr/lib/x86_64-linux-gnu/mesa/libGL.so.1.2.0
7f3841f3e000-7f3841f3f000 rw-p 0009a000 08:01 15732978                   /usr/lib/x86_64-linux-gnu/mesa/libGL.so.1.2.0
7f3841f3f000-7f3842140000 rw-p 00000000 00:00 0 
7f3842140000-7f3842340000 rw-p 00000000 00:00 0 
7f3842340000-7f3842347000 r-xp 00000000 08:01 28312168                   /tmp/jogamp_0000/file_cache/jln267703637986792704/jln7468692454708559220/libnativewindow_x11.so
7f3842347000-7f3842546000 ---p 00007000 08:01 28312168                   /tmp/jogamp_0000/file_cache/jln267703637986792704/jln7468692454708559220/libnativewindow_x11.so
7f3842546000-7f3842547000 rw-p 00006000 08:01 28312168                   /tmp/jogamp_0000/file_cache/jln267703637986792704/jln7468692454708559220/libnativewindow_x11.so
7f3842547000-7f384254b000 r-xp 00000000 08:01 15343549                   /usr/lib/x86_64-linux-gnu/libXxf86vm.so.1.0.0
7f384254b000-7f384274b000 ---p 00004000 08:01 15343549                   /usr/lib/x86_64-linux-gnu/libXxf86vm.so.1.0.0
7f384274b000-7f384274c000 r--p 00004000 08:01 15343549                   /usr/lib/x86_64-linux-gnu/libXxf86vm.so.1.0.0
7f384274c000-7f384274d000 rw-p 00005000 08:01 15343549                   /usr/lib/x86_64-linux-gnu/libXxf86vm.so.1.0.0
7f384274d000-7f384274f000 r-xp 00000000 08:01 28312167                   /tmp/jogamp_0000/file_cache/jln267703637986792704/jln7468692454708559220/libnativewindow_awt.so
7f384274f000-7f384294e000 ---p 00002000 08:01 28312167                   /tmp/jogamp_0000/file_cache/jln267703637986792704/jln7468692454708559220/libnativewindow_awt.so
7f384294e000-7f384294f000 rw-p 00001000 08:01 28312167                   /tmp/jogamp_0000/file_cache/jln267703637986792704/jln7468692454708559220/libnativewindow_awt.so
7f384294f000-7f3842950000 r-xp 00000000 08:01 3450810                    /home/ema/Scaricati/jdk1.8.0_92/jre/lib/amd64/libjawt.so
7f3842950000-7f3842b4f000 ---p 00001000 08:01 3450810                    /home/ema/Scaricati/jdk1.8.0_92/jre/lib/amd64/libjawt.so
7f3842b4f000-7f3842b50000 rw-p 00000000 08:01 3450810                    /home/ema/Scaricati/jdk1.8.0_92/jre/lib/amd64/libjawt.so
7f3842b50000-7f3842b52000 r-xp 00000000 08:01 28312158                   /tmp/jogamp_0000/file_cache/jln267703637986792704/jln7468692454708559220/libgluegen-rt.so
7f3842b52000-7f3842d51000 ---p 00002000 08:01 28312158                   /tmp/jogamp_0000/file_cache/jln267703637986792704/jln7468692454708559220/libgluegen-rt.so
7f3842d51000-7f3842d52000 rw-p 00001000 08:01 28312158                   /tmp/jogamp_0000/file_cache/jln267703637986792704/jln7468692454708559220/libgluegen-rt.so
7f3842d52000-7f3842d55000 ---p 00000000 00:00 0 
7f3842d55000-7f3843053000 rw-p 00000000 00:00 0 
7f3843053000-7f3843056000 ---p 00000000 00:00 0 
7f3843056000-7f3843354000 rw-p 00000000 00:00 0 
7f3843354000-7f3843357000 ---p 00000000 00:00 0 
7f3843357000-7f3843455000 rw-p 00000000 00:00 0 
7f3843455000-7f38434be000 r-xp 00000000 08:01 3450779                    /home/ema/Scaricati/jdk1.8.0_92/jre/lib/amd64/libt2k.so
7f38434be000-7f38436be000 ---p 00069000 08:01 3450779                    /home/ema/Scaricati/jdk1.8.0_92/jre/lib/amd64/libt2k.so
7f38436be000-7f38436c5000 rw-p 00069000 08:01 3450779                    /home/ema/Scaricati/jdk1.8.0_92/jre/lib/amd64/libt2k.so
7f38436c5000-7f38436d5000 rw-p 00000000 00:00 0 
7f38436d5000-7f38436e6000 r-xp 00000000 08:01 3450822                    /home/ema/Scaricati/jdk1.8.0_92/jre/lib/amd64/libnio.so
7f38436e6000-7f38438e5000 ---p 00011000 08:01 3450822                    /home/ema/Scaricati/jdk1.8.0_92/jre/lib/amd64/libnio.so
7f38438e5000-7f38438e6000 rw-p 00010000 08:01 3450822                    /home/ema/Scaricati/jdk1.8.0_92/jre/lib/amd64/libnio.so
7f38438e6000-7f3843be7000 rw-p 00000000 00:00 0 
7f3843be7000-7f3843bfd000 r-xp 00000000 08:01 3450819                    /home/ema/Scaricati/jdk1.8.0_92/jre/lib/amd64/libnet.so
7f3843bfd000-7f3843dfd000 ---p 00016000 08:01 3450819                    /home/ema/Scaricati/jdk1.8.0_92/jre/lib/amd64/libnet.so
7f3843dfd000-7f3843dfe000 rw-p 00016000 08:01 3450819                    /home/ema/Scaricati/jdk1.8.0_92/jre/lib/amd64/libnet.so
7f3843dfe000-7f3843e01000 ---p 00000000 00:00 0 
7f3843e01000-7f3843eff000 rw-p 00000000 00:00 0 
7f3843eff000-7f3843f02000 ---p 00000000 00:00 0 
7f3843f02000-7f3844000000 rw-p 00000000 00:00 0 
7f3844000000-7f3844028000 rw-p 00000000 00:00 0 
7f3844028000-7f3848000000 ---p 00000000 00:00 0 
7f3848000000-7f3848021000 rw-p 00000000 00:00 0 
7f3848021000-7f384c000000 ---p 00000000 00:00 0 
7f384c000000-7f384c021000 rw-p 00000000 00:00 0 
7f384c021000-7f3850000000 ---p 00000000 00:00 0 
7f3850000000-7f3850021000 rw-p 00000000 00:00 0 
7f3850021000-7f3854000000 ---p 00000000 00:00 0 
7f3854000000-7f38545f5000 rw-p 00000000 00:00 0 
7f38545f5000-7f3858000000 ---p 00000000 00:00 0 
7f3858000000-7f3858021000 rw-p 00000000 00:00 0 
7f3858021000-7f385c000000 ---p 00000000 00:00 0 
7f385c000000-7f385c772000 rw-p 00000000 00:00 0 
7f385c772000-7f3860000000 ---p 00000000 00:00 0 
7f3860000000-7f386073a000 rw-p 00000000 00:00 0 
7f386073a000-7f3864000000 ---p 00000000 00:00 0 
7f3864000000-7f3864021000 rw-p 00000000 00:00 0 
7f3864021000-7f3868000000 ---p 00000000 00:00 0 
7f3868000000-7f3868af7000 rw-p 00000000 00:00 0 
7f3868af7000-7f386c000000 ---p 00000000 00:00 0 
7f386c000000-7f386c021000 rw-p 00000000 00:00 0 
7f386c021000-7f3870000000 ---p 00000000 00:00 0 
7f3870000000-7f3870021000 rw-p 00000000 00:00 0 
7f3870021000-7f3874000000 ---p 00000000 00:00 0 
7f3874000000-7f387409a000 rw-p 00000000 00:00 0 
7f387409a000-7f3878000000 ---p 00000000 00:00 0 
7f3878000000-7f3878001000 r--s 00000000 08:01 19022269                   /var/cache/fontconfig/c277e94e32b20404286a1ddafa5a80f0-le64.cache-4
7f3878001000-7f3878005000 r--s 00000000 08:01 19020952                   /var/cache/fontconfig/7ef2298fde41cc6eeb7af42e48b7d293-le64.cache-4
7f3878005000-7f3878025000 rw-s 1b3a07000 00:06 9579                      /dev/dri/card0
7f3878025000-7f3878028000 ---p 00000000 00:00 0 
7f3878028000-7f387805e000 rw-p 00000000 00:00 0 
7f387805e000-7f3878061000 ---p 00000000 00:00 0 
7f3878061000-7f387815f000 rw-p 00000000 00:00 0 
7f387815f000-7f3878162000 ---p 00000000 00:00 0 
7f3878162000-7f3878260000 rw-p 00000000 00:00 0 
7f3878260000-7f3878265000 r-xp 00000000 08:01 15343513                   /usr/lib/x86_64-linux-gnu/libXfixes.so.3.1.0
7f3878265000-7f3878464000 ---p 00005000 08:01 15343513                   /usr/lib/x86_64-linux-gnu/libXfixes.so.3.1.0
7f3878464000-7f3878465000 r--p 00004000 08:01 15343513                   /usr/lib/x86_64-linux-gnu/libXfixes.so.3.1.0
7f3878465000-7f3878466000 rw-p 00005000 08:01 15343513                   /usr/lib/x86_64-linux-gnu/libXfixes.so.3.1.0
7f3878466000-7f387846f000 r-xp 00000000 08:01 15343505                   /usr/lib/x86_64-linux-gnu/libXcursor.so.1.0.2
7f387846f000-7f387866e000 ---p 00009000 08:01 15343505                   /usr/lib/x86_64-linux-gnu/libXcursor.so.1.0.2
7f387866e000-7f387866f000 r--p 00008000 08:01 15343505                   /usr/lib/x86_64-linux-gnu/libXcursor.so.1.0.2
7f387866f000-7f3878670000 rw-p 00009000 08:01 15343505                   /usr/lib/x86_64-linux-gnu/libXcursor.so.1.0.2
7f3878670000-7f3878673000 ---p 00000000 00:00 0 
7f3878673000-7f3878771000 rw-p 00000000 00:00 0 
7f3878771000-7f3878787000 r-xp 00000000 08:01 27269807                   /lib/x86_64-linux-gnu/libgcc_s.so.1
7f3878787000-7f3878986000 ---p 00016000 08:01 27269807                   /lib/x86_64-linux-gnu/libgcc_s.so.1
7f3878986000-7f3878987000 rw-p 00015000 08:01 27269807                   /lib/x86_64-linux-gnu/libgcc_s.so.1
7f3878987000-7f3878989000 r--s 00000000 08:01 19018231                   /var/cache/fontconfig/16326683038b281783a0ef8c680e3a10-le64.cache-4
7f3878989000-7f387898d000 rw-s 1b3fb7000 00:06 9579                      /dev/dri/card0
7f387898d000-7f387898f000 rw-s 143014000 00:06 9579                      /dev/dri/card0
7f387898f000-7f38789ab000 r--s 00393000 08:01 3450599                    /home/ema/Scaricati/jdk1.8.0_92/jre/lib/ext/cldrdata.jar
7f38789ab000-7f3878a10000 r-xp 00000000 08:01 3450798                    /home/ema/Scaricati/jdk1.8.0_92/jre/lib/amd64/libfontmanager.so
7f3878a10000-7f3878c0f000 ---p 00065000 08:01 3450798                    /home/ema/Scaricati/jdk1.8.0_92/jre/lib/amd64/libfontmanager.so
7f3878c0f000-7f3878c14000 rw-p 00064000 08:01 3450798                    /home/ema/Scaricati/jdk1.8.0_92/jre/lib/amd64/libfontmanager.so
7f3878c14000-7f3878c24000 rw-p 00000000 00:00 0 
7f3878c24000-7f3878c29000 r-xp 00000000 08:01 15343509                   /usr/lib/x86_64-linux-gnu/libXdmcp.so.6.0.0
7f3878c29000-7f3878e28000 ---p 00005000 08:01 15343509                   /usr/lib/x86_64-linux-gnu/libXdmcp.so.6.0.0
7f3878e28000-7f3878e29000 r--p 00004000 08:01 15343509                   /usr/lib/x86_64-linux-gnu/libXdmcp.so.6.0.0
7f3878e29000-7f3878e2a000 rw-p 00005000 08:01 15343509                   /usr/lib/x86_64-linux-gnu/libXdmcp.so.6.0.0
7f3878e2a000-7f3878e2c000 r-xp 00000000 08:01 15343498                   /usr/lib/x86_64-linux-gnu/libXau.so.6.0.0
7f3878e2c000-7f387902c000 ---p 00002000 08:01 15343498                   /usr/lib/x86_64-linux-gnu/libXau.so.6.0.0
7f387902c000-7f387902d000 r--p 00002000 08:01 15343498                   /usr/lib/x86_64-linux-gnu/libXau.so.6.0.0
7f387902d000-7f387902e000 rw-p 00003000 08:01 15343498                   /usr/lib/x86_64-linux-gnu/libXau.so.6.0.0
7f387902e000-7f387904b000 r-xp 00000000 08:01 15344696                   /usr/lib/x86_64-linux-gnu/libxcb.so.1.1.0
7f387904b000-7f387924b000 ---p 0001d000 08:01 15344696                   /usr/lib/x86_64-linux-gnu/libxcb.so.1.1.0
7f387924b000-7f387924c000 r--p 0001d000 08:01 15344696                   /usr/lib/x86_64-linux-gnu/libxcb.so.1.1.0
7f387924c000-7f387924d000 rw-p 0001e000 08:01 15344696                   /usr/lib/x86_64-linux-gnu/libxcb.so.1.1.0
7f387924d000-7f387925c000 r-xp 00000000 08:01 15343519                   /usr/lib/x86_64-linux-gnu/libXi.so.6.1.0
7f387925c000-7f387945b000 ---p 0000f000 08:01 15343519                   /usr/lib/x86_64-linux-gnu/libXi.so.6.1.0
7f387945b000-7f387945c000 r--p 0000e000 08:01 15343519                   /usr/lib/x86_64-linux-gnu/libXi.so.6.1.0
7f387945c000-7f387945d000 rw-p 0000f000 08:01 15343519                   /usr/lib/x86_64-linux-gnu/libXi.so.6.1.0
7f387945d000-7f3879462000 r-xp 00000000 08:01 15343539                   /usr/lib/x86_64-linux-gnu/libXtst.so.6.1.0
7f3879462000-7f3879661000 ---p 00005000 08:01 15343539                   /usr/lib/x86_64-linux-gnu/libXtst.so.6.1.0
7f3879661000-7f3879662000 r--p 00004000 08:01 15343539                   /usr/lib/x86_64-linux-gnu/libXtst.so.6.1.0
7f3879662000-7f3879663000 rw-p 00005000 08:01 15343539                   /usr/lib/x86_64-linux-gnu/libXtst.so.6.1.0
7f3879663000-7f387966c000 r-xp 00000000 08:01 15343533                   /usr/lib/x86_64-linux-gnu/libXrender.so.1.3.0
7f387966c000-7f387986b000 ---p 00009000 08:01 15343533                   /usr/lib/x86_64-linux-gnu/libXrender.so.1.3.0
7f387986b000-7f387986c000 r--p 00008000 08:01 15343533                   /usr/lib/x86_64-linux-gnu/libXrender.so.1.3.0
7f387986c000-7f387986d000 rw-p 00009000 08:01 15343533                   /usr/lib/x86_64-linux-gnu/libXrender.so.1.3.0
7f387986d000-7f38799a0000 r-xp 00000000 08:01 15343494                   /usr/lib/x86_64-linux-gnu/libX11.so.6.3.0
7f38799a0000-7f3879ba0000 ---p 00133000 08:01 15343494                   /usr/lib/x86_64-linux-gnu/libX11.so.6.3.0
7f3879ba0000-7f3879ba1000 r--p 00133000 08:01 15343494                   /usr/lib/x86_64-linux-gnu/libX11.so.6.3.0
7f3879ba1000-7f3879ba5000 rw-p 00134000 08:01 15343494                   /usr/lib/x86_64-linux-gnu/libX11.so.6.3.0
7f3879ba5000-7f3879ba6000 rw-p 00000000 00:00 0 
7f3879ba6000-7f3879bb7000 r-xp 00000000 08:01 15343511                   /usr/lib/x86_64-linux-gnu/libXext.so.6.4.0
7f3879bb7000-7f3879db6000 ---p 00011000 08:01 15343511                   /usr/lib/x86_64-linux-gnu/libXext.so.6.4.0
7f3879db6000-7f3879db7000 r--p 00010000 08:01 15343511                   /usr/lib/x86_64-linux-gnu/libXext.so.6.4.0
7f3879db7000-7f3879db8000 rw-p 00011000 08:01 15343511                   /usr/lib/x86_64-linux-gnu/libXext.so.6.4.0
7f3879db8000-7f3879db9000 r--s 00000000 08:01 19018228                   /var/cache/fontconfig/e0aa53bcfa504e64f87823c16bc01eb6-le64.cache-4
7f3879db9000-7f3879ddc000 r--s 002ec000 08:01 3540429                    /home/ema/Dropbox/ACCADEMIC/Programmi/Java/ucsdunfoldingmaps/lib/jogl-all.jar
7f3879ddc000-7f3879e30000 r-xp 00000000 08:01 3450826                    /home/ema/Scaricati/jdk1.8.0_92/jre/lib/amd64/libawt_xawt.so
7f3879e30000-7f387a030000 ---p 00054000 08:01 3450826                    /home/ema/Scaricati/jdk1.8.0_92/jre/lib/amd64/libawt_xawt.so
7f387a030000-7f387a034000 rw-p 00054000 08:01 3450826                    /home/ema/Scaricati/jdk1.8.0_92/jre/lib/amd64/libawt_xawt.so
7f387a034000-7f387a035000 rw-p 00000000 00:00 0 
7f387a035000-7f387a0d7000 r-xp 00000000 08:01 3450809                    /home/ema/Scaricati/jdk1.8.0_92/jre/lib/amd64/libawt.so
7f387a0d7000-7f387a2d7000 ---p 000a2000 08:01 3450809                    /home/ema/Scaricati/jdk1.8.0_92/jre/lib/amd64/libawt.so
7f387a2d7000-7f387a2e3000 rw-p 000a2000 08:01 3450809                    /home/ema/Scaricati/jdk1.8.0_92/jre/lib/amd64/libawt.so
7f387a2e3000-7f387a307000 rw-p 00000000 00:00 0 
7f387a307000-7f387a308000 ---p 00000000 00:00 0 
7f387a308000-7f387a408000 rw-p 00000000 00:00 0 
7f387a408000-7f387a40b000 ---p 00000000 00:00 0 
7f387a40b000-7f387a509000 rw-p 00000000 00:00 0 
7f387a509000-7f387a50c000 ---p 00000000 00:00 0 
7f387a50c000-7f387a60a000 rw-p 00000000 00:00 0 
7f387a60a000-7f387a60d000 ---p 00000000 00:00 0 
7f387a60d000-7f387a70b000 rw-p 00000000 00:00 0 
7f387a70b000-7f387a70e000 ---p 00000000 00:00 0 
7f387a70e000-7f387a80c000 rw-p 00000000 00:00 0 
7f387a80c000-7f387a80f000 ---p 00000000 00:00 0 
7f387a80f000-7f387a90d000 rw-p 00000000 00:00 0 
7f387a90d000-7f387a910000 ---p 00000000 00:00 0 
7f387a910000-7f387aa0e000 rw-p 00000000 00:00 0 
7f387aa0e000-7f387b0f1000 r--p 00000000 08:01 15342584                   /usr/lib/locale/locale-archive
7f387b0f1000-7f387b0f4000 ---p 00000000 00:00 0 
7f387b0f4000-7f387b1f2000 rw-p 00000000 00:00 0 
7f387b1f2000-7f387b1f5000 ---p 00000000 00:00 0 
7f387b1f5000-7f387b2f3000 rw-p 00000000 00:00 0 
7f387b2f3000-7f387b2f4000 ---p 00000000 00:00 0 
7f387b2f4000-7f387c000000 rw-p 00000000 00:00 0 
7f387c000000-7f387c021000 rw-p 00000000 00:00 0 
7f387c021000-7f3880000000 ---p 00000000 00:00 0 
7f3880000000-7f3880004000 rw-s 14300e000 00:06 9579                      /dev/dri/card0
7f3880004000-7f3880f97000 rw-p 00000000 00:00 0 
7f3880f97000-7f3881170000 r--s 03d24000 08:01 3450543                    /home/ema/Scaricati/jdk1.8.0_92/jre/lib/rt.jar
7f3881170000-7f3884000000 rw-p 00000000 00:00 0 
7f3884000000-7f3884021000 rw-p 00000000 00:00 0 
7f3884021000-7f3888000000 ---p 00000000 00:00 0 
7f3888000000-7f3888021000 rw-p 00000000 00:00 0 
7f3888021000-7f388c000000 ---p 00000000 00:00 0 
7f388c000000-7f388c021000 rw-p 00000000 00:00 0 
7f388c021000-7f3890000000 ---p 00000000 00:00 0 
7f3890000000-7f3890021000 rw-p 00000000 00:00 0 
7f3890021000-7f3894000000 ---p 00000000 00:00 0 
7f3894000000-7f3894021000 rw-p 00000000 00:00 0 
7f3894021000-7f3898000000 ---p 00000000 00:00 0 
7f3898000000-7f3898021000 rw-p 00000000 00:00 0 
7f3898021000-7f389c000000 ---p 00000000 00:00 0 
7f389c000000-7f389c021000 rw-p 00000000 00:00 0 
7f389c021000-7f38a0000000 ---p 00000000 00:00 0 
7f38a0002000-7f38a000c000 r--s 00116000 08:01 3450653                    /home/ema/Scaricati/jdk1.8.0_92/jre/lib/ext/localedata.jar
7f38a000c000-7f38a0bfc000 rw-p 00000000 00:00 0 
7f38a0bfc000-7f38a0bfd000 ---p 00000000 00:00 0 
7f38a0bfd000-7f38a0cfd000 rw-p 00000000 00:00 0 
7f38a0cfd000-7f38a0cfe000 ---p 00000000 00:00 0 
7f38a0cfe000-7f38a0dfe000 rw-p 00000000 00:00 0 
7f38a0dfe000-7f38a0dff000 ---p 00000000 00:00 0 
7f38a0dff000-7f38a0eff000 rw-p 00000000 00:00 0 
7f38a0eff000-7f38a0f00000 ---p 00000000 00:00 0 
7f38a0f00000-7f38a1000000 rw-p 00000000 00:00 0 
7f38a1000000-7f38a19f0000 rwxp 00000000 00:00 0 
7f38a19f0000-7f38b0000000 ---p 00000000 00:00 0 
7f38b0000000-7f38b02d1000 rw-p 00000000 00:00 0 
7f38b02d1000-7f38b4000000 ---p 00000000 00:00 0 
7f38b4007000-7f38b4049000 rw-p 00000000 00:00 0 
7f38b4049000-7f38b404a000 ---p 00000000 00:00 0 
7f38b404a000-7f38b414a000 rw-p 00000000 00:00 0 
7f38b414a000-7f38b414b000 ---p 00000000 00:00 0 
7f38b414b000-7f38b424b000 rw-p 00000000 00:00 0 
7f38b424b000-7f38b424c000 ---p 00000000 00:00 0 
7f38b424c000-7f38b434c000 rw-p 00000000 00:00 0 
7f38b434c000-7f38b434d000 ---p 00000000 00:00 0 
7f38b434d000-7f38b446e000 rw-p 00000000 00:00 0 
7f38b446e000-7f38b463e000 ---p 00000000 00:00 0 
7f38b463e000-7f38b465f000 rw-p 00000000 00:00 0 
7f38b465f000-7f38b482e000 ---p 00000000 00:00 0 
7f38b482e000-7f38b4864000 rw-p 00000000 00:00 0 
7f38b4864000-7f38b4927000 ---p 00000000 00:00 0 
7f38b4927000-7f38b4950000 rw-p 00000000 00:00 0 
7f38b4950000-7f38b4ce8000 ---p 00000000 00:00 0 
7f38b4ce8000-7f38b4d02000 r-xp 00000000 08:01 3450813                    /home/ema/Scaricati/jdk1.8.0_92/jre/lib/amd64/libzip.so
7f38b4d02000-7f38b4f02000 ---p 0001a000 08:01 3450813                    /home/ema/Scaricati/jdk1.8.0_92/jre/lib/amd64/libzip.so
7f38b4f02000-7f38b4f03000 rw-p 0001a000 08:01 3450813                    /home/ema/Scaricati/jdk1.8.0_92/jre/lib/amd64/libzip.so
7f38b4f03000-7f38b4f0f000 r-xp 00000000 08:01 27267297                   /lib/x86_64-linux-gnu/libnss_files-2.21.so
7f38b4f0f000-7f38b510e000 ---p 0000c000 08:01 27267297                   /lib/x86_64-linux-gnu/libnss_files-2.21.so
7f38b510e000-7f38b510f000 r--p 0000b000 08:01 27267297                   /lib/x86_64-linux-gnu/libnss_files-2.21.so
7f38b510f000-7f38b5110000 rw-p 0000c000 08:01 27267297                   /lib/x86_64-linux-gnu/libnss_files-2.21.so
7f38b5110000-7f38b511b000 r-xp 00000000 08:01 27267307                   /lib/x86_64-linux-gnu/libnss_nis-2.21.so
7f38b511b000-7f38b531a000 ---p 0000b000 08:01 27267307                   /lib/x86_64-linux-gnu/libnss_nis-2.21.so
7f38b531a000-7f38b531b000 r--p 0000a000 08:01 27267307                   /lib/x86_64-linux-gnu/libnss_nis-2.21.so
7f38b531b000-7f38b531c000 rw-p 0000b000 08:01 27267307                   /lib/x86_64-linux-gnu/libnss_nis-2.21.so
7f38b531c000-7f38b5333000 r-xp 00000000 08:01 27267291                   /lib/x86_64-linux-gnu/libnsl-2.21.so
7f38b5333000-7f38b5532000 ---p 00017000 08:01 27267291                   /lib/x86_64-linux-gnu/libnsl-2.21.so
7f38b5532000-7f38b5533000 r--p 00016000 08:01 27267291                   /lib/x86_64-linux-gnu/libnsl-2.21.so
7f38b5533000-7f38b5534000 rw-p 00017000 08:01 27267291                   /lib/x86_64-linux-gnu/libnsl-2.21.so
7f38b5534000-7f38b5536000 rw-p 00000000 00:00 0 
7f38b5536000-7f38b553e000 r-xp 00000000 08:01 27267293                   /lib/x86_64-linux-gnu/libnss_compat-2.21.so
7f38b553e000-7f38b573d000 ---p 00008000 08:01 27267293                   /lib/x86_64-linux-gnu/libnss_compat-2.21.so
7f38b573d000-7f38b573e000 r--p 00007000 08:01 27267293                   /lib/x86_64-linux-gnu/libnss_compat-2.21.so
7f38b573e000-7f38b573f000 rw-p 00008000 08:01 27267293                   /lib/x86_64-linux-gnu/libnss_compat-2.21.so
7f38b573f000-7f38b5769000 r-xp 00000000 08:01 3450807                    /home/ema/Scaricati/jdk1.8.0_92/jre/lib/amd64/libjava.so
7f38b5769000-7f38b5969000 ---p 0002a000 08:01 3450807                    /home/ema/Scaricati/jdk1.8.0_92/jre/lib/amd64/libjava.so
7f38b5969000-7f38b596b000 rw-p 0002a000 08:01 3450807                    /home/ema/Scaricati/jdk1.8.0_92/jre/lib/amd64/libjava.so
7f38b596b000-7f38b5978000 r-xp 00000000 08:01 3450812                    /home/ema/Scaricati/jdk1.8.0_92/jre/lib/amd64/libverify.so
7f38b5978000-7f38b5b78000 ---p 0000d000 08:01 3450812                    /home/ema/Scaricati/jdk1.8.0_92/jre/lib/amd64/libverify.so
7f38b5b78000-7f38b5b7a000 rw-p 0000d000 08:01 3450812                    /home/ema/Scaricati/jdk1.8.0_92/jre/lib/amd64/libverify.so
7f38b5b7a000-7f38b5b81000 r-xp 00000000 08:01 27267352                   /lib/x86_64-linux-gnu/librt-2.21.so
7f38b5b81000-7f38b5d80000 ---p 00007000 08:01 27267352                   /lib/x86_64-linux-gnu/librt-2.21.so
7f38b5d80000-7f38b5d81000 r--p 00006000 08:01 27267352                   /lib/x86_64-linux-gnu/librt-2.21.so
7f38b5d81000-7f38b5d82000 rw-p 00007000 08:01 27267352                   /lib/x86_64-linux-gnu/librt-2.21.so
7f38b5d82000-7f38b5e89000 r-xp 00000000 08:01 27267270                   /lib/x86_64-linux-gnu/libm-2.21.so
7f38b5e89000-7f38b6088000 ---p 00107000 08:01 27267270                   /lib/x86_64-linux-gnu/libm-2.21.so
7f38b6088000-7f38b6089000 r--p 00106000 08:01 27267270                   /lib/x86_64-linux-gnu/libm-2.21.so
7f38b6089000-7f38b608a000 rw-p 00107000 08:01 27267270                   /lib/x86_64-linux-gnu/libm-2.21.so
7f38b608a000-7f38b6d4d000 r-xp 00000000 08:01 3450788                    /home/ema/Scaricati/jdk1.8.0_92/jre/lib/amd64/server/libjvm.so
7f38b6d4d000-7f38b6f4c000 ---p 00cc3000 08:01 3450788                    /home/ema/Scaricati/jdk1.8.0_92/jre/lib/amd64/server/libjvm.so
7f38b6f4c000-7f38b7025000 rw-p 00cc2000 08:01 3450788                    /home/ema/Scaricati/jdk1.8.0_92/jre/lib/amd64/server/libjvm.so
7f38b7025000-7f38b7070000 rw-p 00000000 00:00 0 
7f38b7070000-7f38b7230000 r-xp 00000000 08:01 27267211                   /lib/x86_64-linux-gnu/libc-2.21.so
7f38b7230000-7f38b7430000 ---p 001c0000 08:01 27267211                   /lib/x86_64-linux-gnu/libc-2.21.so
7f38b7430000-7f38b7434000 r--p 001c0000 08:01 27267211                   /lib/x86_64-linux-gnu/libc-2.21.so
7f38b7434000-7f38b7436000 rw-p 001c4000 08:01 27267211                   /lib/x86_64-linux-gnu/libc-2.21.so
7f38b7436000-7f38b743a000 rw-p 00000000 00:00 0 
7f38b743a000-7f38b743d000 r-xp 00000000 08:01 27267228                   /lib/x86_64-linux-gnu/libdl-2.21.so
7f38b743d000-7f38b763c000 ---p 00003000 08:01 27267228                   /lib/x86_64-linux-gnu/libdl-2.21.so
7f38b763c000-7f38b763d000 r--p 00002000 08:01 27267228                   /lib/x86_64-linux-gnu/libdl-2.21.so
7f38b763d000-7f38b763e000 rw-p 00003000 08:01 27267228                   /lib/x86_64-linux-gnu/libdl-2.21.so
7f38b763e000-7f38b7653000 r-xp 00000000 08:01 3450782                    /home/ema/Scaricati/jdk1.8.0_92/jre/lib/amd64/jli/libjli.so
7f38b7653000-7f38b7853000 ---p 00015000 08:01 3450782                    /home/ema/Scaricati/jdk1.8.0_92/jre/lib/amd64/jli/libjli.so
7f38b7853000-7f38b7854000 rw-p 00015000 08:01 3450782                    /home/ema/Scaricati/jdk1.8.0_92/jre/lib/amd64/jli/libjli.so
7f38b7854000-7f38b786c000 r-xp 00000000 08:01 27267344                   /lib/x86_64-linux-gnu/libpthread-2.21.so
7f38b786c000-7f38b7a6c000 ---p 00018000 08:01 27267344                   /lib/x86_64-linux-gnu/libpthread-2.21.so
7f38b7a6c000-7f38b7a6d000 r--p 00018000 08:01 27267344                   /lib/x86_64-linux-gnu/libpthread-2.21.so
7f38b7a6d000-7f38b7a6e000 rw-p 00019000 08:01 27267344                   /lib/x86_64-linux-gnu/libpthread-2.21.so
7f38b7a6e000-7f38b7a72000 rw-p 00000000 00:00 0 
7f38b7a72000-7f38b7a96000 r-xp 00000000 08:01 27267183                   /lib/x86_64-linux-gnu/ld-2.21.so
7f38b7a98000-7f38b7a99000 rw-p 00000000 00:00 0 
7f38b7a99000-7f38b7a9a000 rw-s 143056000 00:06 9579                      /dev/dri/card0
7f38b7a9a000-7f38b7a9b000 rwxp 00000000 00:00 0 
7f38b7a9b000-7f38b7a9c000 rw-s 19bf0f000 00:06 9579                      /dev/dri/card0
7f38b7a9c000-7f38b7a9e000 r--s 00000000 08:01 3540406                    /home/ema/Dropbox/ACCADEMIC/Programmi/Java/ucsdunfoldingmaps/lib/gluegen-rt-natives-linux-amd64.jar
7f38b7a9e000-7f38b7aa2000 r--s 00097000 08:01 3450594                    /home/ema/Scaricati/jdk1.8.0_92/jre/lib/jsse.jar
7f38b7aa2000-7f38b7aa8000 r--s 00033000 08:01 3540448                    /home/ema/Dropbox/ACCADEMIC/Programmi/Java/ucsdunfoldingmaps/lib/unfolding.0.9.7-uscd.jar
7f38b7aa8000-7f38b7b6a000 rw-p 00000000 00:00 0 
7f38b7b6a000-7f38b7b6d000 ---p 00000000 00:00 0 
7f38b7b6d000-7f38b7c6f000 rw-p 00000000 00:00 0 
7f38b7c6f000-7f38b7c70000 r--s 0002f000 08:01 3540414                    /home/ema/Dropbox/ACCADEMIC/Programmi/Java/ucsdunfoldingmaps/lib/jogl-all-natives-linux-amd64.jar
7f38b7c70000-7f38b7c71000 r--p 00000000 00:00 0 
7f38b7c71000-7f38b7c72000 r--s 00005000 08:01 3540435                    /home/ema/Dropbox/ACCADEMIC/Programmi/Java/ucsdunfoldingmaps/lib/libTUIO.jar
7f38b7c72000-7f38b7c73000 r--s 00007000 08:01 3540430                    /home/ema/Dropbox/ACCADEMIC/Programmi/Java/ucsdunfoldingmaps/lib/json4processing.jar
7f38b7c73000-7f38b7c78000 r--s 00309000 08:01 3540440                    /home/ema/Dropbox/ACCADEMIC/Programmi/Java/ucsdunfoldingmaps/lib/sqlite-jdbc-3.7.2.jar
7f38b7c78000-7f38b7c7f000 r--s 00059000 08:01 3540436                    /home/ema/Dropbox/ACCADEMIC/Programmi/Java/ucsdunfoldingmaps/lib/log4j-1.2.15.jar
7f38b7c7f000-7f38b7c85000 r--s 00041000 08:01 3540413                    /home/ema/Dropbox/ACCADEMIC/Programmi/Java/ucsdunfoldingmaps/lib/gluegen-rt.jar
7f38b7c85000-7f38b7c89000 r--s 0009a000 08:01 3540405                    /home/ema/Dropbox/ACCADEMIC/Programmi/Java/ucsdunfoldingmaps/lib/core.jar
7f38b7c89000-7f38b7c91000 rw-s 00000000 08:01 28311657                   /tmp/hsperfdata_ema/26121
7f38b7c91000-7f38b7c92000 rw-p 00000000 00:00 0 
7f38b7c92000-7f38b7c93000 r--p 00000000 00:00 0 
7f38b7c93000-7f38b7c95000 rw-p 00000000 00:00 0 
7f38b7c95000-7f38b7c96000 r--p 00023000 08:01 27267183                   /lib/x86_64-linux-gnu/ld-2.21.so
7f38b7c96000-7f38b7c97000 rw-p 00024000 08:01 27267183                   /lib/x86_64-linux-gnu/ld-2.21.so
7f38b7c97000-7f38b7c98000 rw-p 00000000 00:00 0 
7fff94459000-7fff9447a000 rw-p 00000000 00:00 0                          [stack]
7fff94591000-7fff94593000 r--p 00000000 00:00 0                          [vvar]
7fff94593000-7fff94595000 r-xp 00000000 00:00 0                          [vdso]
ffffffffff600000-ffffffffff601000 r-xp 00000000 00:00 0                  [vsyscall]

VM Arguments:
jvm_args: -Djava.security.policy=java.policy.applet -Dfile.encoding=UTF-8 
java_command: sun.applet.AppletViewer module3.EarthquakeCityMap1475829762207.html
java_class_path (initial): /home/ema/Dropbox/ACCADEMIC/Programmi/Java/ucsdunfoldingmaps/build:/home/ema/Dropbox/ACCADEMIC/Programmi/Java/ucsdunfoldingmaps/lib/core.jar:/home/ema/Dropbox/ACCADEMIC/Programmi/Java/ucsdunfoldingmaps/lib/gluegen-rt.jar:/home/ema/Dropbox/ACCADEMIC/Programmi/Java/ucsdunfoldingmaps/lib/jogl-all.jar:/home/ema/Dropbox/ACCADEMIC/Programmi/Java/ucsdunfoldingmaps/lib/log4j-1.2.15.jar:/home/ema/Dropbox/ACCADEMIC/Programmi/Java/ucsdunfoldingmaps/lib/sqlite-jdbc-3.7.2.jar:/home/ema/Dropbox/ACCADEMIC/Programmi/Java/ucsdunfoldingmaps/lib/json4processing.jar:/home/ema/Dropbox/ACCADEMIC/Programmi/Java/ucsdunfoldingmaps/lib/libTUIO.jar:/home/ema/Dropbox/ACCADEMIC/Programmi/Java/ucsdunfoldingmaps/lib/unfolding.0.9.7-uscd.jar
Launcher Type: SUN_STANDARD

Environment Variables:
PATH=/usr/local/sbin:/usr/local/bin:/usr/sbin:/usr/bin:/sbin:/bin:/usr/games:/usr/local/games
SHELL=/bin/bash
DISPLAY=:0

Signal Handlers:
SIGSEGV: [libjvm.so+0xabdee0], sa_mask[0]=11111111011111111101111111111110, sa_flags=SA_RESTART|SA_SIGINFO
SIGBUS: [libjvm.so+0xabdee0], sa_mask[0]=11111111011111111101111111111110, sa_flags=SA_RESTART|SA_SIGINFO
SIGFPE: [libjvm.so+0x91a580], sa_mask[0]=11111111011111111101111111111110, sa_flags=SA_RESTART|SA_SIGINFO
SIGPIPE: [libjvm.so+0x91a580], sa_mask[0]=11111111011111111101111111111110, sa_flags=SA_RESTART|SA_SIGINFO
SIGXFSZ: [libjvm.so+0x91a580], sa_mask[0]=11111111011111111101111111111110, sa_flags=SA_RESTART|SA_SIGINFO
SIGILL: [libjvm.so+0x91a580], sa_mask[0]=11111111011111111101111111111110, sa_flags=SA_RESTART|SA_SIGINFO
SIGUSR1: SIG_DFL, sa_mask[0]=00000000000000000000000000000000, sa_flags=none
SIGUSR2: [libjvm.so+0x91bbb0], sa_mask[0]=00100000000000000000000000000000, sa_flags=SA_RESTART|SA_SIGINFO
SIGHUP: [libjvm.so+0x91cfb0], sa_mask[0]=11111111011111111101111111111110, sa_flags=SA_RESTART|SA_SIGINFO
SIGINT: [libjvm.so+0x91cfb0], sa_mask[0]=11111111011111111101111111111110, sa_flags=SA_RESTART|SA_SIGINFO
SIGTERM: [libjvm.so+0x91cfb0], sa_mask[0]=11111111011111111101111111111110, sa_flags=SA_RESTART|SA_SIGINFO
SIGQUIT: [libjvm.so+0x91cfb0], sa_mask[0]=11111111011111111101111111111110, sa_flags=SA_RESTART|SA_SIGINFO


---------------  S Y S T E M  ---------------

OS:DISTRIB_ID=Ubuntu
DISTRIB_RELEASE=15.04
DISTRIB_CODENAME=vivid
DISTRIB_DESCRIPTION="Ubuntu 15.04"

uname:Linux 3.19.0-69-generic #77-Ubuntu SMP Mon Aug 29 19:53:54 UTC 2016 x86_64
libc:glibc 2.21 NPTL 2.21 
rlimit: STACK 8192k, CORE 0k, NPROC 23746, NOFILE 65536, AS infinity
load average:0,82 0,59 0,58

/proc/meminfo:
MemTotal:        6101264 kB
MemFree:         1436292 kB
MemAvailable:    2964128 kB
Buffers:          706816 kB
Cached:           995728 kB
SwapCached:            0 kB
Active:          3785744 kB
Inactive:         597796 kB
Active(anon):    2685400 kB
Inactive(anon):    41092 kB
Active(file):    1100344 kB
Inactive(file):   556704 kB
Unevictable:          60 kB
Mlocked:              60 kB
SwapTotal:             0 kB
SwapFree:              0 kB
Dirty:              1936 kB
Writeback:             0 kB
AnonPages:       2681072 kB
Mapped:           434436 kB
Shmem:             45492 kB
Slab:             129928 kB
SReclaimable:      79464 kB
SUnreclaim:        50464 kB
KernelStack:       12080 kB
PageTables:        38524 kB
NFS_Unstable:          0 kB
Bounce:                0 kB
WritebackTmp:          0 kB
CommitLimit:     3050632 kB
Committed_AS:    7331512 kB
VmallocTotal:   34359738367 kB
VmallocUsed:      316036 kB
VmallocChunk:   34359319508 kB
HardwareCorrupted:     0 kB
AnonHugePages:   1230848 kB
CmaTotal:              0 kB
CmaFree:               0 kB
HugePages_Total:       0
HugePages_Free:        0
HugePages_Rsvd:        0
HugePages_Surp:        0
Hugepagesize:       2048 kB
DirectMap4k:      187904 kB
DirectMap2M:     6094848 kB


CPU:total 8 (4 cores per cpu, 2 threads per core) family 6 model 26 stepping 5, cmov, cx8, fxsr, mmx, sse, sse2, sse3, ssse3, sse4.1, sse4.2, popcnt, ht, tsc, tscinvbit, tscinv

/proc/cpuinfo:
processor	: 0
vendor_id	: GenuineIntel
cpu family	: 6
model		: 26
model name	: Intel(R) Core(TM) i7 CPU         920  @ 2.67GHz
stepping	: 5
microcode	: 0xf
cpu MHz		: 1733.000
cache size	: 8192 KB
physical id	: 0
siblings	: 8
core id		: 0
cpu cores	: 4
apicid		: 0
initial apicid	: 0
fpu		: yes
fpu_exception	: yes
cpuid level	: 11
wp		: yes
flags		: fpu vme de pse tsc msr pae mce cx8 apic sep mtrr pge mca cmov pat pse36 clflush dts acpi mmx fxsr sse sse2 ss ht tm pbe syscall nx rdtscp lm constant_tsc arch_perfmon pebs bts rep_good nopl xtopology nonstop_tsc aperfmperf pni dtes64 monitor ds_cpl vmx est tm2 ssse3 cx16 xtpr pdcm sse4_1 sse4_2 popcnt lahf_lm ida dtherm tpr_shadow vnmi flexpriority ept vpid
bugs		:
bogomips	: 5344.97
clflush size	: 64
cache_alignment	: 64
address sizes	: 36 bits physical, 48 bits virtual
power management:

processor	: 1
vendor_id	: GenuineIntel
cpu family	: 6
model		: 26
model name	: Intel(R) Core(TM) i7 CPU         920  @ 2.67GHz
stepping	: 5
microcode	: 0xf
cpu MHz		: 1600.000
cache size	: 8192 KB
physical id	: 0
siblings	: 8
core id		: 1
cpu cores	: 4
apicid		: 2
initial apicid	: 2
fpu		: yes
fpu_exception	: yes
cpuid level	: 11
wp		: yes
flags		: fpu vme de pse tsc msr pae mce cx8 apic sep mtrr pge mca cmov pat pse36 clflush dts acpi mmx fxsr sse sse2 ss ht tm pbe syscall nx rdtscp lm constant_tsc arch_perfmon pebs bts rep_good nopl xtopology nonstop_tsc aperfmperf pni dtes64 monitor ds_cpl vmx est tm2 ssse3 cx16 xtpr pdcm sse4_1 sse4_2 popcnt lahf_lm ida dtherm tpr_shadow vnmi flexpriority ept vpid
bugs		:
bogomips	: 5344.97
clflush size	: 64
cache_alignment	: 64
address sizes	: 36 bits physical, 48 bits virtual
power management:

processor	: 2
vendor_id	: GenuineIntel
cpu family	: 6
model		: 26
model name	: Intel(R) Core(TM) i7 CPU         920  @ 2.67GHz
stepping	: 5
microcode	: 0xf
cpu MHz		: 2400.000
cache size	: 8192 KB
physical id	: 0
siblings	: 8
core id		: 2
cpu cores	: 4
apicid		: 4
initial apicid	: 4
fpu		: yes
fpu_exception	: yes
cpuid level	: 11
wp		: yes
flags		: fpu vme de pse tsc msr pae mce cx8 apic sep mtrr pge mca cmov pat pse36 clflush dts acpi mmx fxsr sse sse2 ss ht tm pbe syscall nx rdtscp lm constant_tsc arch_perfmon pebs bts rep_good nopl xtopology nonstop_tsc aperfmperf pni dtes64 monitor ds_cpl vmx est tm2 ssse3 cx16 xtpr pdcm sse4_1 sse4_2 popcnt lahf_lm ida dtherm tpr_shadow vnmi flexpriority ept vpid
bugs		:
bogomips	: 5344.97
clflush size	: 64
cache_alignment	: 64
address sizes	: 36 bits physical, 48 bits virtual
power management:

processor	: 3
vendor_id	: GenuineIntel
cpu family	: 6
model		: 26
model name	: Intel(R) Core(TM) i7 CPU         920  @ 2.67GHz
stepping	: 5
microcode	: 0xf
cpu MHz		: 1867.000
cache size	: 8192 KB
physical id	: 0
siblings	: 8
core id		: 3
cpu cores	: 4
apicid		: 6
initial apicid	: 6
fpu		: yes
fpu_exception	: yes
cpuid level	: 11
wp		: yes
flags		: fpu vme de pse tsc msr pae mce cx8 apic sep mtrr pge mca cmov pat pse36 clflush dts acpi mmx fxsr sse sse2 ss ht tm pbe syscall nx rdtscp lm constant_tsc arch_perfmon pebs bts rep_good nopl xtopology nonstop_tsc aperfmperf pni dtes64 monitor ds_cpl vmx est tm2 ssse3 cx16 xtpr pdcm sse4_1 sse4_2 popcnt lahf_lm ida dtherm tpr_shadow vnmi flexpriority ept vpid
bugs		:
bogomips	: 5344.97
clflush size	: 64
cache_alignment	: 64
address sizes	: 36 bits physical, 48 bits virtual
power management:

processor	: 4
vendor_id	: GenuineIntel
cpu family	: 6
model		: 26
model name	: Intel(R) Core(TM) i7 CPU         920  @ 2.67GHz
stepping	: 5
microcode	: 0xf
cpu MHz		: 1600.000
cache size	: 8192 KB
physical id	: 0
siblings	: 8
core id		: 0
cpu cores	: 4
apicid		: 1
initial apicid	: 1
fpu		: yes
fpu_exception	: yes
cpuid level	: 11
wp		: yes
flags		: fpu vme de pse tsc msr pae mce cx8 apic sep mtrr pge mca cmov pat pse36 clflush dts acpi mmx fxsr sse sse2 ss ht tm pbe syscall nx rdtscp lm constant_tsc arch_perfmon pebs bts rep_good nopl xtopology nonstop_tsc aperfmperf pni dtes64 monitor ds_cpl vmx est tm2 ssse3 cx16 xtpr pdcm sse4_1 sse4_2 popcnt lahf_lm ida dtherm tpr_shadow vnmi flexpriority ept vpid
bugs		:
bogomips	: 5344.97
clflush size	: 64
cache_alignment	: 64
address sizes	: 36 bits physical, 48 bits virtual
power management:

processor	: 5
vendor_id	: GenuineIntel
cpu family	: 6
model		: 26
model name	: Intel(R) Core(TM) i7 CPU         920  @ 2.67GHz
stepping	: 5
microcode	: 0xf
cpu MHz		: 2533.000
cache size	: 8192 KB
physical id	: 0
siblings	: 8
core id		: 1
cpu cores	: 4
apicid		: 3
initial apicid	: 3
fpu		: yes
fpu_exception	: yes
cpuid level	: 11
wp		: yes
flags		: fpu vme de pse tsc msr pae mce cx8 apic sep mtrr pge mca cmov pat pse36 clflush dts acpi mmx fxsr sse sse2 ss ht tm pbe syscall nx rdtscp lm constant_tsc arch_perfmon pebs bts rep_good nopl xtopology nonstop_tsc aperfmperf pni dtes64 monitor ds_cpl vmx est tm2 ssse3 cx16 xtpr pdcm sse4_1 sse4_2 popcnt lahf_lm ida dtherm tpr_shadow vnmi flexpriority ept vpid
bugs		:
bogomips	: 5344.97
clflush size	: 64
cache_alignment	: 64
address sizes	: 36 bits physical, 48 bits virtual
power management:

processor	: 6
vendor_id	: GenuineIntel
cpu family	: 6
model		: 26
model name	: Intel(R) Core(TM) i7 CPU         920  @ 2.67GHz
stepping	: 5
microcode	: 0xf
cpu MHz		: 1600.000
cache size	: 8192 KB
physical id	: 0
siblings	: 8
core id		: 2
cpu cores	: 4
apicid		: 5
initial apicid	: 5
fpu		: yes
fpu_exception	: yes
cpuid level	: 11
wp		: yes
flags		: fpu vme de pse tsc msr pae mce cx8 apic sep mtrr pge mca cmov pat pse36 clflush dts acpi mmx fxsr sse sse2 ss ht tm pbe syscall nx rdtscp lm constant_tsc arch_perfmon pebs bts rep_good nopl xtopology nonstop_tsc aperfmperf pni dtes64 monitor ds_cpl vmx est tm2 ssse3 cx16 xtpr pdcm sse4_1 sse4_2 popcnt lahf_lm ida dtherm tpr_shadow vnmi flexpriority ept vpid
bugs		:
bogomips	: 5344.97
clflush size	: 64
cache_alignment	: 64
address sizes	: 36 bits physical, 48 bits virtual
power management:

processor	: 7
vendor_id	: GenuineIntel
cpu family	: 6
model		: 26
model name	: Intel(R) Core(TM) i7 CPU         920  @ 2.67GHz
stepping	: 5
microcode	: 0xf
cpu MHz		: 1600.000
cache size	: 8192 KB
physical id	: 0
siblings	: 8
core id		: 3
cpu cores	: 4
apicid		: 7
initial apicid	: 7
fpu		: yes
fpu_exception	: yes
cpuid level	: 11
wp		: yes
flags		: fpu vme de pse tsc msr pae mce cx8 apic sep mtrr pge mca cmov pat pse36 clflush dts acpi mmx fxsr sse sse2 ss ht tm pbe syscall nx rdtscp lm constant_tsc arch_perfmon pebs bts rep_good nopl xtopology nonstop_tsc aperfmperf pni dtes64 monitor ds_cpl vmx est tm2 ssse3 cx16 xtpr pdcm sse4_1 sse4_2 popcnt lahf_lm ida dtherm tpr_shadow vnmi flexpriority ept vpid
bugs		:
bogomips	: 5344.97
clflush size	: 64
cache_alignment	: 64
address sizes	: 36 bits physical, 48 bits virtual
power management:



Memory: 4k page, physical 6101264k(1436292k free), swap 0k(0k free)

vm_info: Java HotSpot(TM) 64-Bit Server VM (25.92-b14) for linux-amd64 JRE (1.8.0_92-b14), built on Mar 31 2016 21:08:29 by "java_re" with gcc 4.3.0 20080428 (Red Hat 4.3.0-8)

time: Fri Oct  7 10:42:58 2016
elapsed time: 16 seconds (0d 0h 0m 16s)

