#
# A fatal error has been detected by the Java Runtime Environment:
#
#  SIGSEGV (0xb) at pc=0x00007f68a8e134eb, pid=13309, tid=140087768770304
#
# JRE version: OpenJDK Runtime Environment (8.0_91-b14) (build 1.8.0_91-8u91-b14-3ubuntu1~16.04.1-b14)
# Java VM: OpenJDK 64-Bit Server VM (25.91-b14 mixed mode linux-amd64 compressed oops)
# Problematic frame:
# C  [r600_dri.so+0x3254eb]
#
# Failed to write core dump. Core dumps have been disabled. To enable core dumping, try "ulimit -c unlimited" before starting Java again
#
# If you would like to submit a bug report, please visit:
#   http://bugreport.java.com/bugreport/crash.jsp
# The crash happened outside the Java Virtual Machine in native code.
# See problematic frame for where to report the bug.
#

---------------  T H R E A D  ---------------

Current thread (0x00007f68b0001000):  JavaThread "AWT-EventQueue-1" [_thread_in_native, id=13335, stack(0x00007f68b9a1e000,0x00007f68b9b1f000)]

siginfo: si_signo: 11 (SIGSEGV), si_code: 1 (SEGV_MAPERR), si_addr: 0x000000000000c030

Registers:
RAX=0x0000000000000000, RBX=0x00007f68b00cac40, RCX=0x0000000000000000, RDX=0x0000000000000001
RSP=0x00007f68b9b1c710, RBP=0x000000000000c000, RSI=0x00007f68b00cb620, RDI=0x0000000100000000
R8 =0x0000000000000000, R9 =0x00007f68b8320d50, R10=0x00007f68e985ecc7, R11=0x00000000ca0194f0
R12=0x0000000000000001, R13=0x00007f68ac5c3b80, R14=0x0000000000000001, R15=0x0000000000000000
RIP=0x00007f68a8e134eb, EFLAGS=0x0000000000010202, CSGSFS=0x0000000000000033, ERR=0x0000000000000004
  TRAPNO=0x000000000000000e

Top of Stack: (sp=0x00007f68b9b1c710)
0x00007f68b9b1c710:   00007f68b9b1c760 00007f68e98004fc
0x00007f68b9b1c720:   00000000ef67a338 74f74322f3c5cb00
0x00007f68b9b1c730:   00000000c9f75928 0000000000000000
0x00007f68b9b1c740:   0000000000000000 00007f68b00cab10
0x00007f68b9b1c750:   00007f68ac5c3b80 00007f68ac5c4090
0x00007f68b9b1c760:   0000000000000000 00007f68b8320df8
0x00007f68b9b1c770:   00007f68b9b1c7a0 00007f68ac5c4240
0x00007f68b9b1c780:   00007f6800000000 0000000000000000
0x00007f68b9b1c790:   0000000003c00051 00007f68b82f5b31
0x00007f68b9b1c7a0:   00007f68b00cab10 74f74322f3c5cb00
0x00007f68b9b1c7b0:   0000000003c00051 00007f68b82f5b60
0x00007f68b9b1c7c0:   00007f68b9b1c830 0000000000000000
0x00007f68b9b1c7d0:   0000000000000001 00007f68b9b1c870
0x00007f68b9b1c7e0:   00007f68b0001000 00007f68aa976849
0x00007f68b9b1c7f0:   00007f68b9b1cad8 00007f68b82f5b60
0x00007f68b9b1c800:   0000000003c00051 00007f68ac5c2570
0x00007f68b9b1c810:   00007f68b9b1c870 00007f68b00011e0
0x00007f68b9b1c820:   00007f68b9b1c840 00007f68b82f5b60
0x00007f68b9b1c830:   00007f68b9b1c880 00007f68e985ed3d
0x00007f68b9b1c840:   00000000ef67a298 00000000ef67a2e8
0x00007f68b9b1c850:   00000000ef67a2d8 0000000000000003
0x00007f68b9b1c860:   00000000ef67a2f8 00000000ef67a348
0x00007f68b9b1c870:   00000000c9d244e8 00000000ef67a358
0x00007f68b9b1c880:   00007f68b9b1cad8 00007f68e9830354
0x00007f68b9b1c890:   00007f68fba40000 00000000ca019920
0x00007f68b9b1c8a0:   00000000ef67a440 0000000000000000
0x00007f68b9b1c8b0:   0000000000000019 00007f68b0001c00
0x00007f68b9b1c8c0:   00007f68b9b1cad8 00007f68e9398884
0x00007f68b9b1c8d0:   00007f68b8573cf8 00000000000000b6
0x00007f68b9b1c8e0:   00007f68b9b1c940 00007f68fe3f2039
0x00007f68b9b1c8f0:   00007f68e9005310 00007f6800000000
0x00007f68b9b1c900:   00007f68b8573cf8 00007f68b0001000 

Instructions: (pc=0x00007f68a8e134eb)
0x00007f68a8e134cb:   01 c6 44 24 0f 00 0f 84 d9 00 00 00 48 8b b3 30
0x00007f68a8e134db:   01 00 00 48 85 f6 0f 84 c9 00 00 00 83 7b 38 01
0x00007f68a8e134eb:   48 8b 55 30 4c 8b 6a 18 0f 8e 4f 02 00 00 45 85
0x00007f68a8e134fb:   ff 0f 85 46 02 00 00 48 8b 93 68 01 00 00 48 85 

Register to memory mapping:

RAX=0x0000000000000000 is an unknown value
RBX=0x00007f68b00cac40 is an unknown value
RCX=0x0000000000000000 is an unknown value
RDX=0x0000000000000001 is an unknown value
RSP=0x00007f68b9b1c710 is pointing into the stack for thread: 0x00007f68b0001000
RBP=0x000000000000c000 is an unknown value
RSI=0x00007f68b00cb620 is an unknown value
RDI=0x0000000100000000 is pointing into metadata
R8 =0x0000000000000000 is an unknown value
R9 =0x00007f68b8320d50: <offset 0x45d50> in /usr/lib/x86_64-linux-gnu/mesa/libGL.so.1 at 0x00007f68b82db000
R10=0x00007f68e985ecc7 is at entry_point+71 in (nmethod*)0x00007f68e985eb10
R11=0x00000000ca0194f0 is an oop
jogamp.nativewindow.jawt.x11.X11JAWTWindow 
 - klass: 'jogamp/nativewindow/jawt/x11/X11JAWTWindow'
R12=0x0000000000000001 is an unknown value
R13=0x00007f68ac5c3b80 is an unknown value
R14=0x0000000000000001 is an unknown value
R15=0x0000000000000000 is an unknown value


Stack: [0x00007f68b9a1e000,0x00007f68b9b1f000],  sp=0x00007f68b9b1c710,  free space=1017k
Native frames: (J=compiled Java code, j=interpreted, Vv=VM code, C=native code)
C  [r600_dri.so+0x3254eb]

Java frames: (J=compiled Java code, j=interpreted, Vv=VM code)
J 2931  jogamp.opengl.x11.glx.GLX.dispatch_glXSwapBuffers0(JJJ)V (0 bytes) @ 0x00007f68e985ecc7 [0x00007f68e985ec80+0x47]
J 2855 C1 jogamp.opengl.x11.glx.GLX.glXSwapBuffers(JJ)V (45 bytes) @ 0x00007f68e9830354 [0x00007f68e982f9a0+0x9b4]
J 2854 C1 jogamp.opengl.x11.glx.X11GLXDrawable.swapBuffersImpl(Z)V (21 bytes) @ 0x00007f68e982f504 [0x00007f68e982f260+0x2a4]
J 2853 C1 jogamp.opengl.GLDrawableImpl.swapBuffers()V (138 bytes) @ 0x00007f68e98276dc [0x00007f68e9827020+0x6bc]
j  javax.media.opengl.awt.GLCanvas$12.run()V+45
J 2456 C1 java.awt.event.InvocationEvent.dispatch()V (69 bytes) @ 0x00007f68e95e5e4c [0x00007f68e95e5d00+0x14c]
J 2513 C1 java.awt.EventQueue.dispatchEventImpl(Ljava/awt/AWTEvent;Ljava/lang/Object;)V (149 bytes) @ 0x00007f68e95eb07c [0x00007f68e95e9500+0x1b7c]
J 2511 C1 java.awt.EventQueue$3.run()Ljava/lang/Void; (60 bytes) @ 0x00007f68e948ab84 [0x00007f68e948a980+0x204]
J 2510 C1 java.awt.EventQueue$3.run()Ljava/lang/Object; (5 bytes) @ 0x00007f68e964c78c [0x00007f68e964c700+0x8c]
v  ~StubRoutines::call_stub
J 484  java.security.AccessController.doPrivileged(Ljava/security/PrivilegedAction;Ljava/security/AccessControlContext;)Ljava/lang/Object; (0 bytes) @ 0x00007f68e921be23 [0x00007f68e921bdc0+0x63]
J 2187 C1 java.awt.EventQueue.dispatchEvent(Ljava/awt/AWTEvent;)V (80 bytes) @ 0x00007f68e974e384 [0x00007f68e974da00+0x984]
J 2190 C1 java.awt.EventDispatchThread.pumpOneEventForFilters(I)V (295 bytes) @ 0x00007f68e97542d4 [0x00007f68e9752780+0x1b54]
j  java.awt.EventDispatchThread.pumpEventsForFilter(ILjava/awt/Conditional;Ljava/awt/EventFilter;)V+35
j  java.awt.EventDispatchThread.pumpEventsForHierarchy(ILjava/awt/Conditional;Ljava/awt/Component;)V+11
j  java.awt.EventDispatchThread.pumpEvents(ILjava/awt/Conditional;)V+4
j  java.awt.EventDispatchThread.pumpEvents(Ljava/awt/Conditional;)V+3
j  java.awt.EventDispatchThread.run()V+9
v  ~StubRoutines::call_stub

---------------  P R O C E S S  ---------------

Java Threads: ( => current thread )
  0x00007f68b010c000 JavaThread "Thread-90" [_thread_blocked, id=13456, stack(0x00007f689e9e9000,0x00007f689eaea000)]
  0x00007f68ac1c6800 JavaThread "Animation Thread-SharedResourceRunner" daemon [_thread_blocked, id=13343, stack(0x00007f68b941c000,0x00007f68b951d000)]
  0x00007f68ac079800 JavaThread "process reaper" daemon [_thread_blocked, id=13339, stack(0x00007f68e00ab000,0x00007f68e00e4000)]
=>0x00007f68b0001000 JavaThread "AWT-EventQueue-1" [_thread_in_native, id=13335, stack(0x00007f68b9a1e000,0x00007f68b9b1f000)]
  0x00007f68f800a000 JavaThread "DestroyJavaVM" [_thread_blocked, id=13312, stack(0x00007f68ffb7b000,0x00007f68ffc7c000)]
  0x00007f68f82de000 JavaThread "AWT-EventQueue-0" [_thread_blocked, id=13331, stack(0x00007f68ba24b000,0x00007f68ba34c000)]
  0x00007f68f82d9800 JavaThread "AWT-Shutdown" [_thread_blocked, id=13330, stack(0x00007f68ba34c000,0x00007f68ba44d000)]
  0x00007f68f82c6800 JavaThread "thread applet-module4.EarthquakeCityMap.class" [_thread_blocked, id=13329, stack(0x00007f68ba44d000,0x00007f68ba54e000)]
  0x00007f68f82b9800 JavaThread "AWT-XAWT" daemon [_thread_blocked, id=13327, stack(0x00007f68ba54e000,0x00007f68ba64f000)]
  0x00007f68f8294000 JavaThread "Java2D Disposer" daemon [_thread_blocked, id=13326, stack(0x00007f68baa5f000,0x00007f68bab60000)]
  0x00007f68f80b0000 JavaThread "Service Thread" daemon [_thread_blocked, id=13324, stack(0x00007f68e0bb1000,0x00007f68e0cb2000)]
  0x00007f68f80ad000 JavaThread "C1 CompilerThread1" daemon [_thread_blocked, id=13323, stack(0x00007f68e0cb2000,0x00007f68e0db3000)]
  0x00007f68f80aa000 JavaThread "C2 CompilerThread0" daemon [_thread_in_native, id=13322, stack(0x00007f68e0db3000,0x00007f68e0eb4000)]
  0x00007f68f80a8000 JavaThread "Signal Dispatcher" daemon [_thread_blocked, id=13321, stack(0x00007f68e0eb4000,0x00007f68e0fb5000)]
  0x00007f68f807f800 JavaThread "Finalizer" daemon [_thread_blocked, id=13320, stack(0x00007f68e1974000,0x00007f68e1a75000)]
  0x00007f68f807b000 JavaThread "Reference Handler" daemon [_thread_blocked, id=13319, stack(0x00007f68e1a75000,0x00007f68e1b76000)]

Other Threads:
  0x00007f68f8073800 VMThread [stack: 0x00007f68e1b76000,0x00007f68e1c77000] [id=13318]
  0x00007f68f80c6800 WatcherThread [stack: 0x00007f68e0ab0000,0x00007f68e0bb1000] [id=13325]

VM state:not at safepoint (normal execution)

VM Mutex/Monitor currently owned by a thread: None

Heap:
 PSYoungGen      total 81408K, used 40665K [0x00000000edc00000, 0x00000000f3c00000, 0x0000000100000000)
  eden space 67584K, 42% used [0x00000000edc00000,0x00000000ef7ee300,0x00000000f1e00000)
  from space 13824K, 87% used [0x00000000f2d00000,0x00000000f38c82e0,0x00000000f3a80000)
  to   space 15360K, 0% used [0x00000000f1e00000,0x00000000f1e00000,0x00000000f2d00000)
 ParOldGen       total 44032K, used 22542K [0x00000000c9400000, 0x00000000cbf00000, 0x00000000edc00000)
  object space 44032K, 51% used [0x00000000c9400000,0x00000000caa03950,0x00000000cbf00000)
 Metaspace       used 21715K, capacity 21929K, committed 22272K, reserved 1069056K
  class space    used 1963K, capacity 2024K, committed 2048K, reserved 1048576K

Card table byte_map: [0x00007f68fc08a000,0x00007f68fc241000] byte_map_base: 0x00007f68fba40000

Marking Bits: (ParMarkBitMap*) 0x00007f68fee47fc0
 Begin Bits: [0x00007f68e24a0000, 0x00007f68e3250000)
 End Bits:   [0x00007f68e3250000, 0x00007f68e4000000)

Polling page: 0x00007f68ffc99000

CodeCache: size=245760Kb used=9176Kb max_used=9187Kb free=236583Kb
 bounds [0x00007f68e9000000, 0x00007f68e9920000, 0x00007f68f8000000]
 total_blobs=3669 nmethods=2687 adapters=897
 compilation: enabled

Compilation events (10 events):
Event: 48,692 Thread 0x00007f68f80ad000 nmethod 3070 0x00007f68e9179dd0 code [0x00007f68e9179f20, 0x00007f68e917a070]
Event: 49,770 Thread 0x00007f68f80aa000 3073       4       java.awt.EventQueue::getNextEventPrivate (76 bytes)
Event: 49,785 Thread 0x00007f68f80aa000 nmethod 3073 0x00007f68e91e8ed0 code [0x00007f68e91e9040, 0x00007f68e91e92d8]
Event: 50,238 Thread 0x00007f68f80aa000 3074       4       java.nio.DirectByteBuffer::<init> (24 bytes)
Event: 50,242 Thread 0x00007f68f80aa000 nmethod 3074 0x00007f68e94f9d10 code [0x00007f68e94f9e60, 0x00007f68e94f9f38]
Event: 50,306 Thread 0x00007f68f80aa000 3075       4       processing.opengl.PJOGL::clearStencil (11 bytes)
Event: 50,311 Thread 0x00007f68f80aa000 nmethod 3075 0x00007f68e964e390 code [0x00007f68e964e500, 0x00007f68e964e668]
Event: 50,340 Thread 0x00007f68f80aa000 3076       4       processing.opengl.PGraphicsOpenGL::setDrawDefaults (460 bytes)
Event: 50,501 Thread 0x00007f68f80aa000 nmethod 3076 0x00007f68e991a250 code [0x00007f68e991a740, 0x00007f68e991c448]
Event: 51,319 Thread 0x00007f68f80aa000 3077   !   4       sun.awt.PostEventQueue::flush (168 bytes)

GC Heap History (10 events):
Event: 12,399 GC heap before
{Heap before GC invocations=7 (full 1):
 PSYoungGen      total 31744K, used 29479K [0x00000000edc00000, 0x00000000f2900000, 0x0000000100000000)
  eden space 29696K, 99% used [0x00000000edc00000,0x00000000ef8c9d58,0x00000000ef900000)
  from space 2048K, 0% used [0x00000000ef900000,0x00000000ef900000,0x00000000efb00000)
  to   space 9728K, 0% used [0x00000000f1f80000,0x00000000f1f80000,0x00000000f2900000)
 ParOldGen       total 44032K, used 13037K [0x00000000c9400000, 0x00000000cbf00000, 0x00000000edc00000)
  object space 44032K, 29% used [0x00000000c9400000,0x00000000ca0bb700,0x00000000cbf00000)
 Metaspace       used 21122K, capacity 21289K, committed 21504K, reserved 1069056K
  class space    used 1958K, capacity 2024K, committed 2048K, reserved 1048576K
Event: 12,414 GC heap after
Heap after GC invocations=7 (full 1):
 PSYoungGen      total 47616K, used 4880K [0x00000000edc00000, 0x00000000f2480000, 0x0000000100000000)
  eden space 42496K, 0% used [0x00000000edc00000,0x00000000edc00000,0x00000000f0580000)
  from space 5120K, 95% used [0x00000000f1f80000,0x00000000f2444150,0x00000000f2480000)
  to   space 9216K, 0% used [0x00000000f1280000,0x00000000f1280000,0x00000000f1b80000)
 ParOldGen       total 44032K, used 13045K [0x00000000c9400000, 0x00000000cbf00000, 0x00000000edc00000)
  object space 44032K, 29% used [0x00000000c9400000,0x00000000ca0bd700,0x00000000cbf00000)
 Metaspace       used 21122K, capacity 21289K, committed 21504K, reserved 1069056K
  class space    used 1958K, capacity 2024K, committed 2048K, reserved 1048576K
}
Event: 17,083 GC heap before
{Heap before GC invocations=8 (full 1):
 PSYoungGen      total 47616K, used 47282K [0x00000000edc00000, 0x00000000f2480000, 0x0000000100000000)
  eden space 42496K, 99% used [0x00000000edc00000,0x00000000f05686d8,0x00000000f0580000)
  from space 5120K, 95% used [0x00000000f1f80000,0x00000000f2444150,0x00000000f2480000)
  to   space 9216K, 0% used [0x00000000f1280000,0x00000000f1280000,0x00000000f1b80000)
 ParOldGen       total 44032K, used 13045K [0x00000000c9400000, 0x00000000cbf00000, 0x00000000edc00000)
  object space 44032K, 29% used [0x00000000c9400000,0x00000000ca0bd700,0x00000000cbf00000)
 Metaspace       used 21275K, capacity 21481K, committed 21760K, reserved 1069056K
  class space    used 1958K, capacity 2024K, committed 2048K, reserved 1048576K
Event: 17,102 GC heap after
Heap after GC invocations=8 (full 1):
 PSYoungGen      total 65024K, used 9024K [0x00000000edc00000, 0x00000000f2a80000, 0x0000000100000000)
  eden space 55808K, 0% used [0x00000000edc00000,0x00000000edc00000,0x00000000f1280000)
  from space 9216K, 97% used [0x00000000f1280000,0x00000000f1b50260,0x00000000f1b80000)
  to   space 10752K, 0% used [0x00000000f2000000,0x00000000f2000000,0x00000000f2a80000)
 ParOldGen       total 44032K, used 14333K [0x00000000c9400000, 0x00000000cbf00000, 0x00000000edc00000)
  object space 44032K, 32% used [0x00000000c9400000,0x00000000ca1ff750,0x00000000cbf00000)
 Metaspace       used 21275K, capacity 21481K, committed 21760K, reserved 1069056K
  class space    used 1958K, capacity 2024K, committed 2048K, reserved 1048576K
}
Event: 20,197 GC heap before
{Heap before GC invocations=9 (full 1):
 PSYoungGen      total 65024K, used 64818K [0x00000000edc00000, 0x00000000f2a80000, 0x0000000100000000)
  eden space 55808K, 99% used [0x00000000edc00000,0x00000000f127c848,0x00000000f1280000)
  from space 9216K, 97% used [0x00000000f1280000,0x00000000f1b50260,0x00000000f1b80000)
  to   space 10752K, 0% used [0x00000000f2000000,0x00000000f2000000,0x00000000f2a80000)
 ParOldGen       total 44032K, used 14333K [0x00000000c9400000, 0x00000000cbf00000, 0x00000000edc00000)
  object space 44032K, 32% used [0x00000000c9400000,0x00000000ca1ff750,0x00000000cbf00000)
 Metaspace       used 21378K, capacity 21545K, committed 21760K, reserved 1069056K
  class space    used 1958K, capacity 2024K, committed 2048K, reserved 1048576K
Event: 20,221 GC heap after
Heap after GC invocations=9 (full 1):
 PSYoungGen      total 68096K, used 10592K [0x00000000edc00000, 0x00000000f3f80000, 0x0000000100000000)
  eden space 57344K, 0% used [0x00000000edc00000,0x00000000edc00000,0x00000000f1400000)
  from space 10752K, 98% used [0x00000000f2000000,0x00000000f2a582c0,0x00000000f2a80000)
  to   space 12288K, 0% used [0x00000000f1400000,0x00000000f1400000,0x00000000f2000000)
 ParOldGen       total 44032K, used 21510K [0x00000000c9400000, 0x00000000cbf00000, 0x00000000edc00000)
  object space 44032K, 48% used [0x00000000c9400000,0x00000000ca901910,0x00000000cbf00000)
 Metaspace       used 21378K, capacity 21545K, committed 21760K, reserved 1069056K
  class space    used 1958K, capacity 2024K, committed 2048K, reserved 1048576K
}
Event: 28,593 GC heap before
{Heap before GC invocations=10 (full 1):
 PSYoungGen      total 68096K, used 67936K [0x00000000edc00000, 0x00000000f3f80000, 0x0000000100000000)
  eden space 57344K, 100% used [0x00000000edc00000,0x00000000f1400000,0x00000000f1400000)
  from space 10752K, 98% used [0x00000000f2000000,0x00000000f2a582c0,0x00000000f2a80000)
  to   space 12288K, 0% used [0x00000000f1400000,0x00000000f1400000,0x00000000f2000000)
 ParOldGen       total 44032K, used 21510K [0x00000000c9400000, 0x00000000cbf00000, 0x00000000edc00000)
  object space 44032K, 48% used [0x00000000c9400000,0x00000000ca901910,0x00000000cbf00000)
 Metaspace       used 21536K, capacity 21737K, committed 22016K, reserved 1069056K
  class space    used 1958K, capacity 2024K, committed 2048K, reserved 1048576K
Event: 28,608 GC heap after
Heap after GC invocations=10 (full 1):
 PSYoungGen      total 69632K, used 12080K [0x00000000edc00000, 0x00000000f3a80000, 0x0000000100000000)
  eden space 57344K, 0% used [0x00000000edc00000,0x00000000edc00000,0x00000000f1400000)
  from space 12288K, 98% used [0x00000000f1400000,0x00000000f1fcc310,0x00000000f2000000)
  to   space 13824K, 0% used [0x00000000f2d00000,0x00000000f2d00000,0x00000000f3a80000)
 ParOldGen       total 44032K, used 22542K [0x00000000c9400000, 0x00000000cbf00000, 0x00000000edc00000)
  object space 44032K, 51% used [0x00000000c9400000,0x00000000caa03950,0x00000000cbf00000)
 Metaspace       used 21536K, capacity 21737K, committed 22016K, reserved 1069056K
  class space    used 1958K, capacity 2024K, committed 2048K, reserved 1048576K
}
Event: 43,347 GC heap before
{Heap before GC invocations=11 (full 1):
 PSYoungGen      total 69632K, used 69424K [0x00000000edc00000, 0x00000000f3a80000, 0x0000000100000000)
  eden space 57344K, 100% used [0x00000000edc00000,0x00000000f1400000,0x00000000f1400000)
  from space 12288K, 98% used [0x00000000f1400000,0x00000000f1fcc310,0x00000000f2000000)
  to   space 13824K, 0% used [0x00000000f2d00000,0x00000000f2d00000,0x00000000f3a80000)
 ParOldGen       total 44032K, used 22542K [0x00000000c9400000, 0x00000000cbf00000, 0x00000000edc00000)
  object space 44032K, 51% used [0x00000000c9400000,0x00000000caa03950,0x00000000cbf00000)
 Metaspace       used 21631K, capacity 21801K, committed 22016K, reserved 1069056K
  class space    used 1961K, capacity 2024K, committed 2048K, reserved 1048576K
Event: 43,373 GC heap after
Heap after GC invocations=11 (full 1):
 PSYoungGen      total 81408K, used 12064K [0x00000000edc00000, 0x00000000f3c00000, 0x0000000100000000)
  eden space 67584K, 0% used [0x00000000edc00000,0x00000000edc00000,0x00000000f1e00000)
  from space 13824K, 87% used [0x00000000f2d00000,0x00000000f38c82e0,0x00000000f3a80000)
  to   space 15360K, 0% used [0x00000000f1e00000,0x00000000f1e00000,0x00000000f2d00000)
 ParOldGen       total 44032K, used 22542K [0x00000000c9400000, 0x00000000cbf00000, 0x00000000edc00000)
  object space 44032K, 51% used [0x00000000c9400000,0x00000000caa03950,0x00000000cbf00000)
 Metaspace       used 21631K, capacity 21801K, committed 22016K, reserved 1069056K
  class space    used 1961K, capacity 2024K, committed 2048K, reserved 1048576K
}

Deoptimization events (10 events):
Event: 19,260 Thread 0x00007f68b0001000 Uncommon trap: reason=unstable_if action=reinterpret pc=0x00007f68e96fd35c method=java.text.DigitList.getDataChars(I)[C @ 13
Event: 19,260 Thread 0x00007f68b0001000 Uncommon trap: reason=unstable_if action=reinterpret pc=0x00007f68e971d52c method=java.text.DecimalFormat.subformat(Ljava/lang/StringBuffer;Ljava/text/Format$FieldDelegate;ZZIIII)Ljava/lang/StringBuffer; @ 753
Event: 19,261 Thread 0x00007f68b0001000 Uncommon trap: reason=unstable_if action=reinterpret pc=0x00007f68e921a8bc method=sun.misc.FloatingDecimal$BinaryToASCIIBuffer.developLongDigits(IJI)V @ 104
Event: 19,439 Thread 0x00007f68a4031800 Uncommon trap: reason=bimorphic action=maybe_recompile pc=0x00007f68e95bf6f8 method=java.io.BufferedInputStream.read1([BII)I @ 39
Event: 19,443 Thread 0x00007f68a4031800 Uncommon trap: reason=bimorphic action=maybe_recompile pc=0x00007f68e95bf6f8 method=java.io.BufferedInputStream.read1([BII)I @ 39
Event: 44,407 Thread 0x00007f68b0001000 Uncommon trap: reason=unstable_if action=reinterpret pc=0x00007f68e9230940 method=java.awt.EventQueue.isDispatchThreadImpl()Z @ 65
Event: 51,326 Thread 0x00007f68f82de000 Uncommon trap: reason=class_check action=maybe_recompile pc=0x00007f68e91e9248 method=java.awt.EventQueue.uncacheEQItem(Lsun/awt/EventQueueItem;)V @ 20
Event: 51,327 Thread 0x00007f68f82c6800 Uncommon trap: reason=unstable_if action=reinterpret pc=0x00007f68e972d404 method=java.awt.font.FontRenderContext.equals(Ljava/awt/font/FontRenderContext;)Z @ 2
Event: 51,328 Thread 0x00007f68f82de000 Uncommon trap: reason=class_check action=maybe_recompile pc=0x00007f68e91e9248 method=java.awt.EventQueue.uncacheEQItem(Lsun/awt/EventQueueItem;)V @ 20
Event: 51,329 Thread 0x00007f68b0001000 Uncommon trap: reason=unstable_if action=reinterpret pc=0x00007f68e91e9214 method=java.awt.EventQueue.eventToCacheIndex(Ljava/awt/AWTEvent;)I @ 71

Internal exceptions (10 events):
Event: 4,203 Thread 0x00007f68b0001000 Implicit null exception at 0x00007f68e91d9735 to 0x00007f68e91d9a75
Event: 5,625 Thread 0x00007f68b0001000 Exception <a 'java/lang/reflect/InvocationTargetException'> (0x00000000ee37c940) thrown at [/build/openjdk-8-W1Ghxo/openjdk-8-8u91-b14/src/hotspot/src/share/vm/runtime/reflection.cpp, line 1092]
Event: 5,638 Thread 0x00007f68b0001000 Exception <a 'java/lang/reflect/InvocationTargetException'> (0x00000000ee37d330) thrown at [/build/openjdk-8-W1Ghxo/openjdk-8-8u91-b14/src/hotspot/src/share/vm/runtime/reflection.cpp, line 1092]
Event: 7,241 Thread 0x00007f68b0001000 Exception <a 'java/lang/reflect/InvocationTargetException'> (0x00000000ee8322e0) thrown at [/build/openjdk-8-W1Ghxo/openjdk-8-8u91-b14/src/hotspot/src/share/vm/runtime/reflection.cpp, line 1092]
Event: 7,250 Thread 0x00007f68b0001000 Exception <a 'java/lang/reflect/InvocationTargetException'> (0x00000000ee833388) thrown at [/build/openjdk-8-W1Ghxo/openjdk-8-8u91-b14/src/hotspot/src/share/vm/runtime/reflection.cpp, line 1092]
Event: 7,615 Thread 0x00007f68b0001000 Exception <a 'java/lang/reflect/InvocationTargetException'> (0x00000000ee8da8b8) thrown at [/build/openjdk-8-W1Ghxo/openjdk-8-8u91-b14/src/hotspot/src/share/vm/runtime/reflection.cpp, line 1092]
Event: 7,623 Thread 0x00007f68b0001000 Exception <a 'java/lang/reflect/InvocationTargetException'> (0x00000000ee8db2c8) thrown at [/build/openjdk-8-W1Ghxo/openjdk-8-8u91-b14/src/hotspot/src/share/vm/runtime/reflection.cpp, line 1092]
Event: 7,841 Thread 0x00007f68b0001000 Exception <a 'java/lang/reflect/InvocationTargetException'> (0x00000000ee9b52f8) thrown at [/build/openjdk-8-W1Ghxo/openjdk-8-8u91-b14/src/hotspot/src/share/vm/runtime/reflection.cpp, line 1092]
Event: 7,842 Thread 0x00007f68b0001000 Exception <a 'java/lang/reflect/InvocationTargetException'> (0x00000000ee9b57e0) thrown at [/build/openjdk-8-W1Ghxo/openjdk-8-8u91-b14/src/hotspot/src/share/vm/runtime/reflection.cpp, line 1092]
Event: 7,922 Thread 0x00007f68b0001000 Exception <a 'java/lang/reflect/InvocationTargetException'> (0x00000000ee9d1440) thrown at [/build/openjdk-8-W1Ghxo/openjdk-8-8u91-b14/src/hotspot/src/share/vm/runtime/reflection.cpp, line 1092]

Events (10 events):
Event: 51,327 Thread 0x00007f68f82c6800 Uncommon trap: trap_request=0xffffff65 fr.pc=0x00007f68e972d404
Event: 51,327 Thread 0x00007f68f82c6800 DEOPT PACKING pc=0x00007f68e972d404 sp=0x00007f68ba54c5a0
Event: 51,327 Thread 0x00007f68f82c6800 DEOPT UNPACKING pc=0x00007f68e9004f69 sp=0x00007f68ba54c4f8 mode 2
Event: 51,328 Thread 0x00007f68f82de000 Uncommon trap: trap_request=0xffffffde fr.pc=0x00007f68e91e9248
Event: 51,328 Thread 0x00007f68f82de000 DEOPT PACKING pc=0x00007f68e91e9248 sp=0x00007f68ba34a6d0
Event: 51,328 Thread 0x00007f68f82de000 DEOPT UNPACKING pc=0x00007f68e9004f69 sp=0x00007f68ba34a610 mode 2
Event: 51,329 Thread 0x00007f68b0001000 Uncommon trap: trap_request=0xffffff65 fr.pc=0x00007f68e91e9214
Event: 51,329 Thread 0x00007f68b0001000 DEOPT PACKING pc=0x00007f68e91e9214 sp=0x00007f68b9b1d6d0
Event: 51,329 Thread 0x00007f68b0001000 DEOPT UNPACKING pc=0x00007f68e9004f69 sp=0x00007f68b9b1d5b8 mode 2
Event: 51,340 Thread 0x00007f68b000b000 Thread exited: 0x00007f68b000b000


Dynamic libraries:
00400000-00401000 r-xp 00000000 08:06 2233749                            /usr/lib/jvm/java-8-openjdk-amd64/jre/bin/java
00600000-00601000 r--p 00000000 08:06 2233749                            /usr/lib/jvm/java-8-openjdk-amd64/jre/bin/java
00601000-00602000 rw-p 00001000 08:06 2233749                            /usr/lib/jvm/java-8-openjdk-amd64/jre/bin/java
01894000-018f8000 rw-p 00000000 00:00 0                                  [heap]
c9400000-cbf00000 rw-p 00000000 00:00 0 
cbf00000-edc00000 ---p 00000000 00:00 0 
edc00000-f3c00000 rw-p 00000000 00:00 0 
f3c00000-100000000 ---p 00000000 00:00 0 
100000000-100200000 rw-p 00000000 00:00 0 
100200000-140000000 ---p 00000000 00:00 0 
7f689e8e8000-7f689e8eb000 ---p 00000000 00:00 0 
7f689e8eb000-7f689e9e9000 rw-p 00000000 00:00 0 
7f689e9e9000-7f689e9ec000 ---p 00000000 00:00 0 
7f689e9ec000-7f689eaea000 rw-p 00000000 00:00 0 
7f689eaea000-7f689eaed000 ---p 00000000 00:00 0 
7f689eaed000-7f689edab000 rw-p 00000000 00:00 0 
7f689edab000-7f689edee000 ---p 00000000 00:00 0 
7f689edee000-7f689eeec000 rw-p 00000000 00:00 0 
7f689eeec000-7f689eeef000 ---p 00000000 00:00 0 
7f689eeef000-7f689efed000 rw-p 00000000 00:00 0 
7f689efed000-7f689eff0000 ---p 00000000 00:00 0 
7f689eff0000-7f689f0ee000 rw-p 00000000 00:00 0 
7f689f0ee000-7f689f0f1000 ---p 00000000 00:00 0 
7f689f0f1000-7f689f1ef000 rw-p 00000000 00:00 0 
7f689f464000-7f689f6b1000 rw-p 00000000 00:00 0 
7f689f724000-7f689f727000 ---p 00000000 00:00 0 
7f689f727000-7f689f825000 rw-p 00000000 00:00 0 
7f689f825000-7f689f828000 ---p 00000000 00:00 0 
7f689f828000-7f689fb8e000 rw-p 00000000 00:00 0 
7f689fb8e000-7f689fba5000 r-xp 00000000 08:06 2757803                    /lib/x86_64-linux-gnu/libresolv-2.23.so
7f689fba5000-7f689fda5000 ---p 00017000 08:06 2757803                    /lib/x86_64-linux-gnu/libresolv-2.23.so
7f689fda5000-7f689fda6000 r--p 00017000 08:06 2757803                    /lib/x86_64-linux-gnu/libresolv-2.23.so
7f689fda6000-7f689fda7000 rw-p 00018000 08:06 2757803                    /lib/x86_64-linux-gnu/libresolv-2.23.so
7f689fda7000-7f689fda9000 rw-p 00000000 00:00 0 
7f689fda9000-7f689fdae000 r-xp 00000000 08:06 2757748                    /lib/x86_64-linux-gnu/libnss_dns-2.23.so
7f689fdae000-7f689ffae000 ---p 00005000 08:06 2757748                    /lib/x86_64-linux-gnu/libnss_dns-2.23.so
7f689ffae000-7f689ffaf000 r--p 00005000 08:06 2757748                    /lib/x86_64-linux-gnu/libnss_dns-2.23.so
7f689ffaf000-7f689ffb0000 rw-p 00006000 08:06 2757748                    /lib/x86_64-linux-gnu/libnss_dns-2.23.so
7f689ffb0000-7f689ffb2000 r-xp 00000000 08:06 2757756                    /lib/x86_64-linux-gnu/libnss_mdns4_minimal.so.2
7f689ffb2000-7f68a01b1000 ---p 00002000 08:06 2757756                    /lib/x86_64-linux-gnu/libnss_mdns4_minimal.so.2
7f68a01b1000-7f68a01b2000 r--p 00001000 08:06 2757756                    /lib/x86_64-linux-gnu/libnss_mdns4_minimal.so.2
7f68a01b2000-7f68a01b3000 rw-p 00002000 08:06 2757756                    /lib/x86_64-linux-gnu/libnss_mdns4_minimal.so.2
7f68a01b3000-7f68a03b3000 rw-p 00000000 00:00 0 
7f68a03b3000-7f68a04b3000 rw-s 1479d0000 00:06 252                       /dev/dri/card0
7f68a04b3000-7f68a05b3000 rw-s 148743000 00:06 252                       /dev/dri/card0
7f68a05b3000-7f68a05b5000 r-xp 00000000 08:06 2237699                    /usr/lib/x86_64-linux-gnu/libXinerama.so.1.0.0
7f68a05b5000-7f68a07b4000 ---p 00002000 08:06 2237699                    /usr/lib/x86_64-linux-gnu/libXinerama.so.1.0.0
7f68a07b4000-7f68a07b5000 r--p 00001000 08:06 2237699                    /usr/lib/x86_64-linux-gnu/libXinerama.so.1.0.0
7f68a07b5000-7f68a07b6000 rw-p 00002000 08:06 2237699                    /usr/lib/x86_64-linux-gnu/libXinerama.so.1.0.0
7f68a07b6000-7f68a07ed000 r-xp 00000000 08:06 2238861                    /usr/lib/x86_64-linux-gnu/libtxc_dxtn_s2tc.so.0.0.0
7f68a07ed000-7f68a09ec000 ---p 00037000 08:06 2238861                    /usr/lib/x86_64-linux-gnu/libtxc_dxtn_s2tc.so.0.0.0
7f68a09ec000-7f68a09ed000 r--p 00036000 08:06 2238861                    /usr/lib/x86_64-linux-gnu/libtxc_dxtn_s2tc.so.0.0.0
7f68a09ed000-7f68a09ee000 rw-p 00037000 08:06 2238861                    /usr/lib/x86_64-linux-gnu/libtxc_dxtn_s2tc.so.0.0.0
7f68a09ee000-7f68a09ef000 ---p 00000000 00:00 0 
7f68a09ef000-7f68a11ef000 rw-p 00000000 00:00 0 
7f68a11ef000-7f68a1202000 r-xp 00000000 08:06 2757647                    /lib/x86_64-linux-gnu/libbsd.so.0.8.2
7f68a1202000-7f68a1401000 ---p 00013000 08:06 2757647                    /lib/x86_64-linux-gnu/libbsd.so.0.8.2
7f68a1401000-7f68a1402000 r--p 00012000 08:06 2757647                    /lib/x86_64-linux-gnu/libbsd.so.0.8.2
7f68a1402000-7f68a1403000 rw-p 00013000 08:06 2757647                    /lib/x86_64-linux-gnu/libbsd.so.0.8.2
7f68a1403000-7f68a1404000 rw-p 00000000 00:00 0 
7f68a1404000-7f68a1429000 r-xp 00000000 08:06 2757823                    /lib/x86_64-linux-gnu/libtinfo.so.5.9
7f68a1429000-7f68a1628000 ---p 00025000 08:06 2757823                    /lib/x86_64-linux-gnu/libtinfo.so.5.9
7f68a1628000-7f68a162c000 r--p 00024000 08:06 2757823                    /lib/x86_64-linux-gnu/libtinfo.so.5.9
7f68a162c000-7f68a162d000 rw-p 00028000 08:06 2757823                    /lib/x86_64-linux-gnu/libtinfo.so.5.9
7f68a162d000-7f68a3b1f000 r-xp 00000000 08:06 2230406                    /usr/lib/x86_64-linux-gnu/libLLVM-3.8.so.1
7f68a3b1f000-7f68a3d1f000 ---p 024f2000 08:06 2230406                    /usr/lib/x86_64-linux-gnu/libLLVM-3.8.so.1
7f68a3d1f000-7f68a3fd4000 r--p 024f2000 08:06 2230406                    /usr/lib/x86_64-linux-gnu/libLLVM-3.8.so.1
7f68a3fd4000-7f68a3fd6000 rw-p 027a7000 08:06 2230406                    /usr/lib/x86_64-linux-gnu/libLLVM-3.8.so.1
7f68a3fd6000-7f68a4000000 rw-p 00000000 00:00 0 
7f68a4000000-7f68a405d000 rw-p 00000000 00:00 0 
7f68a405d000-7f68a8000000 ---p 00000000 00:00 0 
7f68a8082000-7f68a80b3000 r-xp 00000000 08:06 2238011                    /usr/lib/x86_64-linux-gnu/libedit.so.2.0.53
7f68a80b3000-7f68a82b3000 ---p 00031000 08:06 2238011                    /usr/lib/x86_64-linux-gnu/libedit.so.2.0.53
7f68a82b3000-7f68a82b5000 r--p 00031000 08:06 2238011                    /usr/lib/x86_64-linux-gnu/libedit.so.2.0.53
7f68a82b5000-7f68a82b6000 rw-p 00033000 08:06 2238011                    /usr/lib/x86_64-linux-gnu/libedit.so.2.0.53
7f68a82b6000-7f68a82ba000 rw-p 00000000 00:00 0 
7f68a82ba000-7f68a82d1000 r-xp 00000000 08:06 2238016                    /usr/lib/x86_64-linux-gnu/libelf-0.165.so
7f68a82d1000-7f68a84d0000 ---p 00017000 08:06 2238016                    /usr/lib/x86_64-linux-gnu/libelf-0.165.so
7f68a84d0000-7f68a84d1000 r--p 00016000 08:06 2238016                    /usr/lib/x86_64-linux-gnu/libelf-0.165.so
7f68a84d1000-7f68a84d2000 rw-p 00017000 08:06 2238016                    /usr/lib/x86_64-linux-gnu/libelf-0.165.so
7f68a84d2000-7f68a84d9000 r-xp 00000000 08:06 2229660                    /usr/lib/x86_64-linux-gnu/libdrm_amdgpu.so.1.0.0
7f68a84d9000-7f68a86d8000 ---p 00007000 08:06 2229660                    /usr/lib/x86_64-linux-gnu/libdrm_amdgpu.so.1.0.0
7f68a86d8000-7f68a86d9000 r--p 00006000 08:06 2229660                    /usr/lib/x86_64-linux-gnu/libdrm_amdgpu.so.1.0.0
7f68a86d9000-7f68a86da000 rw-p 00007000 08:06 2229660                    /usr/lib/x86_64-linux-gnu/libdrm_amdgpu.so.1.0.0
7f68a86da000-7f68a86e5000 r-xp 00000000 08:06 2229666                    /usr/lib/x86_64-linux-gnu/libdrm_radeon.so.1.0.1
7f68a86e5000-7f68a88e4000 ---p 0000b000 08:06 2229666                    /usr/lib/x86_64-linux-gnu/libdrm_radeon.so.1.0.1
7f68a88e4000-7f68a88e5000 r--p 0000a000 08:06 2229666                    /usr/lib/x86_64-linux-gnu/libdrm_radeon.so.1.0.1
7f68a88e5000-7f68a88e6000 rw-p 0000b000 08:06 2229666                    /usr/lib/x86_64-linux-gnu/libdrm_radeon.so.1.0.1
7f68a88e6000-7f68a88ed000 r-xp 00000000 08:06 2229664                    /usr/lib/x86_64-linux-gnu/libdrm_nouveau.so.2.0.0
7f68a88ed000-7f68a8aec000 ---p 00007000 08:06 2229664                    /usr/lib/x86_64-linux-gnu/libdrm_nouveau.so.2.0.0
7f68a8aec000-7f68a8aed000 r--p 00006000 08:06 2229664                    /usr/lib/x86_64-linux-gnu/libdrm_nouveau.so.2.0.0
7f68a8aed000-7f68a8aee000 rw-p 00007000 08:06 2229664                    /usr/lib/x86_64-linux-gnu/libdrm_nouveau.so.2.0.0
7f68a8aee000-7f68a93b5000 r-xp 00000000 08:06 2493203                    /usr/lib/x86_64-linux-gnu/dri/r600_dri.so
7f68a93b5000-7f68a95b4000 ---p 008c7000 08:06 2493203                    /usr/lib/x86_64-linux-gnu/dri/r600_dri.so
7f68a95b4000-7f68a9628000 r--p 008c6000 08:06 2493203                    /usr/lib/x86_64-linux-gnu/dri/r600_dri.so
7f68a9628000-7f68a9637000 rw-p 0093a000 08:06 2493203                    /usr/lib/x86_64-linux-gnu/dri/r600_dri.so
7f68a9637000-7f68a982d000 rw-p 00000000 00:00 0 
7f68a982d000-7f68a9833000 r-xp 00000000 08:06 2491604                    /usr/lib/x86_64-linux-gnu/mesa-egl/libGLESv2.so.2.0.0
7f68a9833000-7f68a9a33000 ---p 00006000 08:06 2491604                    /usr/lib/x86_64-linux-gnu/mesa-egl/libGLESv2.so.2.0.0
7f68a9a33000-7f68a9a34000 r--p 00006000 08:06 2491604                    /usr/lib/x86_64-linux-gnu/mesa-egl/libGLESv2.so.2.0.0
7f68a9a34000-7f68a9a35000 rw-p 00007000 08:06 2491604                    /usr/lib/x86_64-linux-gnu/mesa-egl/libGLESv2.so.2.0.0
7f68a9a35000-7f68a9a7a000 r-xp 00000000 08:06 2097194                    /tmp/jogamp_0000/file_cache/jln2849186203351850294/jln4839529681696039342/libjogl_mobile.so
7f68a9a7a000-7f68a9c7a000 ---p 00045000 08:06 2097194                    /tmp/jogamp_0000/file_cache/jln2849186203351850294/jln4839529681696039342/libjogl_mobile.so
7f68a9c7a000-7f68a9c7b000 rw-p 00045000 08:06 2097194                    /tmp/jogamp_0000/file_cache/jln2849186203351850294/jln4839529681696039342/libjogl_mobile.so
7f68a9c7b000-7f68a9c82000 r-xp 00000000 08:06 2238059                    /usr/lib/x86_64-linux-gnu/libffi.so.6.0.4
7f68a9c82000-7f68a9e81000 ---p 00007000 08:06 2238059                    /usr/lib/x86_64-linux-gnu/libffi.so.6.0.4
7f68a9e81000-7f68a9e82000 r--p 00006000 08:06 2238059                    /usr/lib/x86_64-linux-gnu/libffi.so.6.0.4
7f68a9e82000-7f68a9e83000 rw-p 00007000 08:06 2238059                    /usr/lib/x86_64-linux-gnu/libffi.so.6.0.4
7f68a9e83000-7f68a9e8f000 r-xp 00000000 08:06 2228798                    /usr/lib/x86_64-linux-gnu/libgbm.so.1.0.0
7f68a9e8f000-7f68aa08f000 ---p 0000c000 08:06 2228798                    /usr/lib/x86_64-linux-gnu/libgbm.so.1.0.0
7f68aa08f000-7f68aa090000 r--p 0000c000 08:06 2228798                    /usr/lib/x86_64-linux-gnu/libgbm.so.1.0.0
7f68aa090000-7f68aa091000 rw-p 0000d000 08:06 2228798                    /usr/lib/x86_64-linux-gnu/libgbm.so.1.0.0
7f68aa091000-7f68aa0a0000 r-xp 00000000 08:06 2238952                    /usr/lib/x86_64-linux-gnu/libwayland-server.so.0.1.0
7f68aa0a0000-7f68aa29f000 ---p 0000f000 08:06 2238952                    /usr/lib/x86_64-linux-gnu/libwayland-server.so.0.1.0
7f68aa29f000-7f68aa2a1000 r--p 0000e000 08:06 2238952                    /usr/lib/x86_64-linux-gnu/libwayland-server.so.0.1.0
7f68aa2a1000-7f68aa2a2000 rw-p 00010000 08:06 2238952                    /usr/lib/x86_64-linux-gnu/libwayland-server.so.0.1.0
7f68aa2a2000-7f68aa2ae000 r-xp 00000000 08:06 2238946                    /usr/lib/x86_64-linux-gnu/libwayland-client.so.0.3.0
7f68aa2ae000-7f68aa4ad000 ---p 0000c000 08:06 2238946                    /usr/lib/x86_64-linux-gnu/libwayland-client.so.0.3.0
7f68aa4ad000-7f68aa4af000 r--p 0000b000 08:06 2238946                    /usr/lib/x86_64-linux-gnu/libwayland-client.so.0.3.0
7f68aa4af000-7f68aa4b0000 rw-p 0000d000 08:06 2238946                    /usr/lib/x86_64-linux-gnu/libwayland-client.so.0.3.0
7f68aa4b0000-7f68aa4b6000 r-xp 00000000 08:06 2239050                    /usr/lib/x86_64-linux-gnu/libxcb-xfixes.so.0.0.0
7f68aa4b6000-7f68aa6b6000 ---p 00006000 08:06 2239050                    /usr/lib/x86_64-linux-gnu/libxcb-xfixes.so.0.0.0
7f68aa6b6000-7f68aa6b7000 r--p 00006000 08:06 2239050                    /usr/lib/x86_64-linux-gnu/libxcb-xfixes.so.0.0.0
7f68aa6b7000-7f68aa6b8000 rw-p 00007000 08:06 2239050                    /usr/lib/x86_64-linux-gnu/libxcb-xfixes.so.0.0.0
7f68aa6b8000-7f68aa6e8000 r-xp 00000000 08:06 2493233                    /usr/lib/x86_64-linux-gnu/mesa-egl/libEGL.so.1.0.0
7f68aa6e8000-7f68aa8e8000 ---p 00030000 08:06 2493233                    /usr/lib/x86_64-linux-gnu/mesa-egl/libEGL.so.1.0.0
7f68aa8e8000-7f68aa8e9000 r--p 00030000 08:06 2493233                    /usr/lib/x86_64-linux-gnu/mesa-egl/libEGL.so.1.0.0
7f68aa8e9000-7f68aa8ea000 rw-p 00031000 08:06 2493233                    /usr/lib/x86_64-linux-gnu/mesa-egl/libEGL.so.1.0.0
7f68aa8ea000-7f68aa98f000 r-xp 00000000 08:06 2097189                    /tmp/jogamp_0000/file_cache/jln2849186203351850294/jln4839529681696039342/libjogl_desktop.so
7f68aa98f000-7f68aab8f000 ---p 000a5000 08:06 2097189                    /tmp/jogamp_0000/file_cache/jln2849186203351850294/jln4839529681696039342/libjogl_desktop.so
7f68aab8f000-7f68aab90000 rw-p 000a5000 08:06 2097189                    /tmp/jogamp_0000/file_cache/jln2849186203351850294/jln4839529681696039342/libjogl_desktop.so
7f68aab90000-7f68aab9e000 r-xp 00000000 08:06 2228334                    /usr/lib/x86_64-linux-gnu/libdrm.so.2.4.0
7f68aab9e000-7f68aad9d000 ---p 0000e000 08:06 2228334                    /usr/lib/x86_64-linux-gnu/libdrm.so.2.4.0
7f68aad9d000-7f68aad9e000 r--p 0000d000 08:06 2228334                    /usr/lib/x86_64-linux-gnu/libdrm.so.2.4.0
7f68aad9e000-7f68aad9f000 rw-p 0000e000 08:06 2228334                    /usr/lib/x86_64-linux-gnu/libdrm.so.2.4.0
7f68aad9f000-7f68aada3000 r-xp 00000000 08:06 2239022                    /usr/lib/x86_64-linux-gnu/libxcb-dri2.so.0.0.0
7f68aada3000-7f68aafa2000 ---p 00004000 08:06 2239022                    /usr/lib/x86_64-linux-gnu/libxcb-dri2.so.0.0.0
7f68aafa2000-7f68aafa3000 r--p 00003000 08:06 2239022                    /usr/lib/x86_64-linux-gnu/libxcb-dri2.so.0.0.0
7f68aafa3000-7f68aafa4000 rw-p 00004000 08:06 2239022                    /usr/lib/x86_64-linux-gnu/libxcb-dri2.so.0.0.0
7f68aafa4000-7f68aafbb000 r-xp 00000000 08:06 2239026                    /usr/lib/x86_64-linux-gnu/libxcb-glx.so.0.0.0
7f68aafbb000-7f68ab1ba000 ---p 00017000 08:06 2239026                    /usr/lib/x86_64-linux-gnu/libxcb-glx.so.0.0.0
7f68ab1ba000-7f68ab1bc000 r--p 00016000 08:06 2239026                    /usr/lib/x86_64-linux-gnu/libxcb-glx.so.0.0.0
7f68ab1bc000-7f68ab1bd000 rw-p 00018000 08:06 2239026                    /usr/lib/x86_64-linux-gnu/libxcb-glx.so.0.0.0
7f68ab1bd000-7f68ab1be000 r-xp 00000000 08:06 2237670                    /usr/lib/x86_64-linux-gnu/libX11-xcb.so.1.0.0
7f68ab1be000-7f68ab3bd000 ---p 00001000 08:06 2237670                    /usr/lib/x86_64-linux-gnu/libX11-xcb.so.1.0.0
7f68ab3bd000-7f68ab3be000 r--p 00000000 08:06 2237670                    /usr/lib/x86_64-linux-gnu/libX11-xcb.so.1.0.0
7f68ab3be000-7f68ab3bf000 rw-p 00001000 08:06 2237670                    /usr/lib/x86_64-linux-gnu/libX11-xcb.so.1.0.0
7f68ab3bf000-7f68ab3c1000 r-xp 00000000 08:06 2237685                    /usr/lib/x86_64-linux-gnu/libXdamage.so.1.1.0
7f68ab3c1000-7f68ab5c0000 ---p 00002000 08:06 2237685                    /usr/lib/x86_64-linux-gnu/libXdamage.so.1.1.0
7f68ab5c0000-7f68ab5c1000 r--p 00001000 08:06 2237685                    /usr/lib/x86_64-linux-gnu/libXdamage.so.1.1.0
7f68ab5c1000-7f68ab5c2000 rw-p 00002000 08:06 2237685                    /usr/lib/x86_64-linux-gnu/libXdamage.so.1.1.0
7f68ab5c2000-7f68ab5eb000 r-xp 00000000 08:06 2230410                    /usr/lib/x86_64-linux-gnu/libglapi.so.0.0.0
7f68ab5eb000-7f68ab7ea000 ---p 00029000 08:06 2230410                    /usr/lib/x86_64-linux-gnu/libglapi.so.0.0.0
7f68ab7ea000-7f68ab7ee000 r--p 00028000 08:06 2230410                    /usr/lib/x86_64-linux-gnu/libglapi.so.0.0.0
7f68ab7ee000-7f68ab7ef000 rw-p 0002c000 08:06 2230410                    /usr/lib/x86_64-linux-gnu/libglapi.so.0.0.0
7f68ab7ef000-7f68ab7f0000 rw-p 00000000 00:00 0 
7f68ab7f0000-7f68ab7f1000 r-xp 00000000 08:06 2239066                    /usr/lib/x86_64-linux-gnu/libxshmfence.so.1.0.0
7f68ab7f1000-7f68ab9f1000 ---p 00001000 08:06 2239066                    /usr/lib/x86_64-linux-gnu/libxshmfence.so.1.0.0
7f68ab9f1000-7f68ab9f2000 r--p 00001000 08:06 2239066                    /usr/lib/x86_64-linux-gnu/libxshmfence.so.1.0.0
7f68ab9f2000-7f68ab9f3000 rw-p 00002000 08:06 2239066                    /usr/lib/x86_64-linux-gnu/libxshmfence.so.1.0.0
7f68ab9f3000-7f68ab9f8000 r-xp 00000000 08:06 2239046                    /usr/lib/x86_64-linux-gnu/libxcb-sync.so.1.0.0
7f68ab9f8000-7f68abbf8000 ---p 00005000 08:06 2239046                    /usr/lib/x86_64-linux-gnu/libxcb-sync.so.1.0.0
7f68abbf8000-7f68abbf9000 r--p 00005000 08:06 2239046                    /usr/lib/x86_64-linux-gnu/libxcb-sync.so.1.0.0
7f68abbf9000-7f68abbfa000 rw-p 00006000 08:06 2239046                    /usr/lib/x86_64-linux-gnu/libxcb-sync.so.1.0.0
7f68abbfa000-7f68abbfc000 r-xp 00000000 08:06 2239034                    /usr/lib/x86_64-linux-gnu/libxcb-present.so.0.0.0
7f68abbfc000-7f68abdfb000 ---p 00002000 08:06 2239034                    /usr/lib/x86_64-linux-gnu/libxcb-present.so.0.0.0
7f68abdfb000-7f68abdfc000 r--p 00001000 08:06 2239034                    /usr/lib/x86_64-linux-gnu/libxcb-present.so.0.0.0
7f68abdfc000-7f68abdfd000 rw-p 00002000 08:06 2239034                    /usr/lib/x86_64-linux-gnu/libxcb-present.so.0.0.0
7f68abdfd000-7f68abdff000 r-xp 00000000 08:06 2239024                    /usr/lib/x86_64-linux-gnu/libxcb-dri3.so.0.0.0
7f68abdff000-7f68abffe000 ---p 00002000 08:06 2239024                    /usr/lib/x86_64-linux-gnu/libxcb-dri3.so.0.0.0
7f68abffe000-7f68abfff000 r--p 00001000 08:06 2239024                    /usr/lib/x86_64-linux-gnu/libxcb-dri3.so.0.0.0
7f68abfff000-7f68ac000000 rw-p 00002000 08:06 2239024                    /usr/lib/x86_64-linux-gnu/libxcb-dri3.so.0.0.0
7f68ac000000-7f68ac5eb000 rw-p 00000000 00:00 0 
7f68ac5eb000-7f68b0000000 ---p 00000000 00:00 0 
7f68b0000000-7f68b1008000 rw-p 00000000 00:00 0 
7f68b1008000-7f68b4000000 ---p 00000000 00:00 0 
7f68b4000000-7f68b4021000 rw-p 00000000 00:00 0 
7f68b4021000-7f68b8000000 ---p 00000000 00:00 0 
7f68b8005000-7f68b8006000 rw-s 143228000 00:06 252                       /dev/dri/card0
7f68b8006000-7f68b8007000 rw-s 143227000 00:06 252                       /dev/dri/card0
7f68b8075000-7f68b8080000 r--s 00000000 08:06 926427                     /var/cache/fontconfig/945677eb7aeaf62f1d50efc3fb3ec7d8-le64.cache-6
7f68b8080000-7f68b8086000 r--s 00000000 08:06 926425                     /var/cache/fontconfig/2cd17615ca594fa2959ae173292e504c-le64.cache-6
7f68b8086000-7f68b8087000 r--s 00000000 08:06 926424                     /var/cache/fontconfig/0d8c3b2ac0904cb8a57a757ad11a4a08-le64.cache-6
7f68b8087000-7f68b809c000 r--s 00000000 08:06 926404                     /var/cache/fontconfig/04aabc0a78ac019cf9454389977116d2-le64.cache-6
7f68b809c000-7f68b809d000 r--s 00000000 08:06 926423                     /var/cache/fontconfig/1ac9eb803944fde146138c791f5cc56a-le64.cache-6
7f68b809d000-7f68b80a1000 r--s 00000000 08:06 926422                     /var/cache/fontconfig/385c0604a188198f04d133e54aba7fe7-le64.cache-6
7f68b80a1000-7f68b80a2000 r--s 00000000 08:06 926421                     /var/cache/fontconfig/dc05db6664285cc2f12bf69c139ae4c3-le64.cache-6
7f68b80a2000-7f68b80a5000 r--s 00000000 08:06 926420                     /var/cache/fontconfig/767a8244fc0220cfb567a839d0392e0b-le64.cache-6
7f68b80a5000-7f68b80a6000 r--s 00000000 08:06 926419                     /var/cache/fontconfig/4794a0821666d79190d59a36cb4f44b5-le64.cache-6
7f68b80a6000-7f68b80ab000 r--s 00000000 08:06 926418                     /var/cache/fontconfig/8801497958630a81b71ace7c5f9b32a8-le64.cache-6
7f68b80ab000-7f68b80b2000 r--s 00000000 08:06 926416                     /var/cache/fontconfig/3047814df9a2f067bd2d96a2b9c36e5a-le64.cache-6
7f68b80b2000-7f68b80d8000 r-xp 00000000 08:06 2757682                    /lib/x86_64-linux-gnu/libexpat.so.1.6.0
7f68b80d8000-7f68b82d8000 ---p 00026000 08:06 2757682                    /lib/x86_64-linux-gnu/libexpat.so.1.6.0
7f68b82d8000-7f68b82da000 r--p 00026000 08:06 2757682                    /lib/x86_64-linux-gnu/libexpat.so.1.6.0
7f68b82da000-7f68b82db000 rw-p 00028000 08:06 2757682                    /lib/x86_64-linux-gnu/libexpat.so.1.6.0
7f68b82db000-7f68b8348000 r-xp 00000000 08:06 2490943                    /usr/lib/x86_64-linux-gnu/mesa/libGL.so.1.2.0
7f68b8348000-7f68b8547000 ---p 0006d000 08:06 2490943                    /usr/lib/x86_64-linux-gnu/mesa/libGL.so.1.2.0
7f68b8547000-7f68b854a000 r--p 0006c000 08:06 2490943                    /usr/lib/x86_64-linux-gnu/mesa/libGL.so.1.2.0
7f68b854a000-7f68b854b000 rw-p 0006f000 08:06 2490943                    /usr/lib/x86_64-linux-gnu/mesa/libGL.so.1.2.0
7f68b854b000-7f68b874c000 rw-p 00000000 00:00 0 
7f68b874c000-7f68b894c000 rw-p 00000000 00:00 0 
7f68b894c000-7f68b894d000 r--s 00000000 08:06 926417                     /var/cache/fontconfig/bab58bb527bb656aaa9f116d68a48d89-le64.cache-6
7f68b894d000-7f68b894e000 r--s 00000000 08:06 926415                     /var/cache/fontconfig/56cf4f4769d0f4abc89a4895d7bd3ae1-le64.cache-6
7f68b894e000-7f68b894f000 r--s 00000000 08:06 926414                     /var/cache/fontconfig/b9d506c9ac06c20b433354fa67a72993-le64.cache-6
7f68b894f000-7f68b8955000 r--s 00000000 08:06 926413                     /var/cache/fontconfig/b47c4e1ecd0709278f4910c18777a504-le64.cache-6
7f68b8955000-7f68b8968000 r--s 00000000 08:06 926412                     /var/cache/fontconfig/d52a8644073d54c13679302ca1180695-le64.cache-6
7f68b8968000-7f68b8969000 r--s 00000000 08:06 926411                     /var/cache/fontconfig/551ecf3b0e8b0bca0f25c0944f561853-le64.cache-6
7f68b8969000-7f68b8974000 r--s 00000000 08:06 926743                     /var/cache/fontconfig/d589a48862398ed80a3d6066f4f56f4c-le64.cache-6
7f68b8974000-7f68b8977000 r--s 00000000 08:06 926406                     /var/cache/fontconfig/75114ca45c98e8a441da0ff356701271-le64.cache-6
7f68b8977000-7f68b8982000 r--s 00000000 08:06 926405                     /var/cache/fontconfig/83bf95040141907cd45bb53cf7c1c148-le64.cache-6
7f68b8982000-7f68b8994000 r--s 00000000 08:06 923280                     /var/cache/fontconfig/9b89f8e3dae116d678bbf48e5f21f69b-le64.cache-6
7f68b8994000-7f68b8997000 r--s 00000000 08:06 923238                     /var/cache/fontconfig/e13b20fdb08344e0e664864cc2ede53d-le64.cache-6
7f68b8997000-7f68b899b000 r--s 00000000 08:06 923258                     /var/cache/fontconfig/7ef2298fde41cc6eeb7af42e48b7d293-le64.cache-6
7f68b89b3000-7f68b89b9000 rw-s 141ffa000 00:06 252                       /dev/dri/card0
7f68b89b9000-7f68b89d9000 rw-s 141fda000 00:06 252                       /dev/dri/card0
7f68b89d9000-7f68b89e1000 rw-s 141fd2000 00:06 252                       /dev/dri/card0
7f68b89e1000-7f68b8a01000 rw-s 141fb2000 00:06 252                       /dev/dri/card0
7f68b8a01000-7f68b8a04000 rw-s 1430cd000 00:06 252                       /dev/dri/card0
7f68b8a04000-7f68b8a09000 rw-s 1430c8000 00:06 252                       /dev/dri/card0
7f68b8a09000-7f68b8a10000 r-xp 00000000 08:06 2097196                    /tmp/jogamp_0000/file_cache/jln2849186203351850294/jln4839529681696039342/libnativewindow_x11.so
7f68b8a10000-7f68b8c0f000 ---p 00007000 08:06 2097196                    /tmp/jogamp_0000/file_cache/jln2849186203351850294/jln4839529681696039342/libnativewindow_x11.so
7f68b8c0f000-7f68b8c10000 rw-p 00006000 08:06 2097196                    /tmp/jogamp_0000/file_cache/jln2849186203351850294/jln4839529681696039342/libnativewindow_x11.so
7f68b8c10000-7f68b8c15000 r-xp 00000000 08:06 2237725                    /usr/lib/x86_64-linux-gnu/libXxf86vm.so.1.0.0
7f68b8c15000-7f68b8e14000 ---p 00005000 08:06 2237725                    /usr/lib/x86_64-linux-gnu/libXxf86vm.so.1.0.0
7f68b8e14000-7f68b8e15000 r--p 00004000 08:06 2237725                    /usr/lib/x86_64-linux-gnu/libXxf86vm.so.1.0.0
7f68b8e15000-7f68b8e16000 rw-p 00005000 08:06 2237725                    /usr/lib/x86_64-linux-gnu/libXxf86vm.so.1.0.0
7f68b8e16000-7f68b8e18000 r-xp 00000000 08:06 2097195                    /tmp/jogamp_0000/file_cache/jln2849186203351850294/jln4839529681696039342/libnativewindow_awt.so
7f68b8e18000-7f68b9017000 ---p 00002000 08:06 2097195                    /tmp/jogamp_0000/file_cache/jln2849186203351850294/jln4839529681696039342/libnativewindow_awt.so
7f68b9017000-7f68b9018000 rw-p 00001000 08:06 2097195                    /tmp/jogamp_0000/file_cache/jln2849186203351850294/jln4839529681696039342/libnativewindow_awt.so
7f68b9018000-7f68b9019000 r-xp 00000000 08:06 2245058                    /usr/lib/jvm/java-8-openjdk-amd64/jre/lib/amd64/libjawt.so
7f68b9019000-7f68b9218000 ---p 00001000 08:06 2245058                    /usr/lib/jvm/java-8-openjdk-amd64/jre/lib/amd64/libjawt.so
7f68b9218000-7f68b9219000 r--p 00000000 08:06 2245058                    /usr/lib/jvm/java-8-openjdk-amd64/jre/lib/amd64/libjawt.so
7f68b9219000-7f68b921a000 rw-p 00001000 08:06 2245058                    /usr/lib/jvm/java-8-openjdk-amd64/jre/lib/amd64/libjawt.so
7f68b921a000-7f68b921c000 r-xp 00000000 08:06 2097183                    /tmp/jogamp_0000/file_cache/jln2849186203351850294/jln4839529681696039342/libgluegen-rt.so
7f68b921c000-7f68b941b000 ---p 00002000 08:06 2097183                    /tmp/jogamp_0000/file_cache/jln2849186203351850294/jln4839529681696039342/libgluegen-rt.so
7f68b941b000-7f68b941c000 rw-p 00001000 08:06 2097183                    /tmp/jogamp_0000/file_cache/jln2849186203351850294/jln4839529681696039342/libgluegen-rt.so
7f68b941c000-7f68b941f000 ---p 00000000 00:00 0 
7f68b941f000-7f68b971d000 rw-p 00000000 00:00 0 
7f68b971d000-7f68b9720000 ---p 00000000 00:00 0 
7f68b9720000-7f68b9a1e000 rw-p 00000000 00:00 0 
7f68b9a1e000-7f68b9a21000 ---p 00000000 00:00 0 
7f68b9a21000-7f68b9b1f000 rw-p 00000000 00:00 0 
7f68b9b1f000-7f68b9b30000 r-xp 00000000 08:06 2245069                    /usr/lib/jvm/java-8-openjdk-amd64/jre/lib/amd64/libnio.so
7f68b9b30000-7f68b9d30000 ---p 00011000 08:06 2245069                    /usr/lib/jvm/java-8-openjdk-amd64/jre/lib/amd64/libnio.so
7f68b9d30000-7f68b9d31000 r--p 00011000 08:06 2245069                    /usr/lib/jvm/java-8-openjdk-amd64/jre/lib/amd64/libnio.so
7f68b9d31000-7f68b9d32000 rw-p 00012000 08:06 2245069                    /usr/lib/jvm/java-8-openjdk-amd64/jre/lib/amd64/libnio.so
7f68b9d32000-7f68ba033000 rw-p 00000000 00:00 0 
7f68ba033000-7f68ba04a000 r-xp 00000000 08:06 2245045                    /usr/lib/jvm/java-8-openjdk-amd64/jre/lib/amd64/libnet.so
7f68ba04a000-7f68ba249000 ---p 00017000 08:06 2245045                    /usr/lib/jvm/java-8-openjdk-amd64/jre/lib/amd64/libnet.so
7f68ba249000-7f68ba24a000 r--p 00016000 08:06 2245045                    /usr/lib/jvm/java-8-openjdk-amd64/jre/lib/amd64/libnet.so
7f68ba24a000-7f68ba24b000 rw-p 00017000 08:06 2245045                    /usr/lib/jvm/java-8-openjdk-amd64/jre/lib/amd64/libnet.so
7f68ba24b000-7f68ba24e000 ---p 00000000 00:00 0 
7f68ba24e000-7f68ba34c000 rw-p 00000000 00:00 0 
7f68ba34c000-7f68ba34f000 ---p 00000000 00:00 0 
7f68ba34f000-7f68ba44d000 rw-p 00000000 00:00 0 
7f68ba44d000-7f68ba450000 ---p 00000000 00:00 0 
7f68ba450000-7f68ba54e000 rw-p 00000000 00:00 0 
7f68ba54e000-7f68ba551000 ---p 00000000 00:00 0 
7f68ba551000-7f68ba64f000 rw-p 00000000 00:00 0 
7f68ba64f000-7f68ba654000 r-xp 00000000 08:06 2237691                    /usr/lib/x86_64-linux-gnu/libXfixes.so.3.1.0
7f68ba654000-7f68ba853000 ---p 00005000 08:06 2237691                    /usr/lib/x86_64-linux-gnu/libXfixes.so.3.1.0
7f68ba853000-7f68ba854000 r--p 00004000 08:06 2237691                    /usr/lib/x86_64-linux-gnu/libXfixes.so.3.1.0
7f68ba854000-7f68ba855000 rw-p 00005000 08:06 2237691                    /usr/lib/x86_64-linux-gnu/libXfixes.so.3.1.0
7f68ba855000-7f68ba85e000 r-xp 00000000 08:06 2237683                    /usr/lib/x86_64-linux-gnu/libXcursor.so.1.0.2
7f68ba85e000-7f68baa5d000 ---p 00009000 08:06 2237683                    /usr/lib/x86_64-linux-gnu/libXcursor.so.1.0.2
7f68baa5d000-7f68baa5e000 r--p 00008000 08:06 2237683                    /usr/lib/x86_64-linux-gnu/libXcursor.so.1.0.2
7f68baa5e000-7f68baa5f000 rw-p 00009000 08:06 2237683                    /usr/lib/x86_64-linux-gnu/libXcursor.so.1.0.2
7f68baa5f000-7f68baa62000 ---p 00000000 00:00 0 
7f68baa62000-7f68bab60000 rw-p 00000000 00:00 0 
7f68bab60000-7f68bab84000 r-xp 00000000 08:06 2757792                    /lib/x86_64-linux-gnu/libpng12.so.0.54.0
7f68bab84000-7f68bad83000 ---p 00024000 08:06 2757792                    /lib/x86_64-linux-gnu/libpng12.so.0.54.0
7f68bad83000-7f68bad84000 r--p 00023000 08:06 2757792                    /lib/x86_64-linux-gnu/libpng12.so.0.54.0
7f68bad84000-7f68bad85000 rw-p 00024000 08:06 2757792                    /lib/x86_64-linux-gnu/libpng12.so.0.54.0
7f68bad85000-7f68bae29000 r-xp 00000000 08:06 2238107                    /usr/lib/x86_64-linux-gnu/libfreetype.so.6.12.1
7f68bae29000-7f68bb028000 ---p 000a4000 08:06 2238107                    /usr/lib/x86_64-linux-gnu/libfreetype.so.6.12.1
7f68bb028000-7f68bb02e000 r--p 000a3000 08:06 2238107                    /usr/lib/x86_64-linux-gnu/libfreetype.so.6.12.1
7f68bb02e000-7f68bb02f000 rw-p 000a9000 08:06 2238107                    /usr/lib/x86_64-linux-gnu/libfreetype.so.6.12.1
7f68bb02f000-7f68bb081000 r-xp 00000000 08:06 2245043                    /usr/lib/jvm/java-8-openjdk-amd64/jre/lib/amd64/libfontmanager.so
7f68bb081000-7f68bb281000 ---p 00052000 08:06 2245043                    /usr/lib/jvm/java-8-openjdk-amd64/jre/lib/amd64/libfontmanager.so
7f68bb281000-7f68bb283000 r--p 00052000 08:06 2245043                    /usr/lib/jvm/java-8-openjdk-amd64/jre/lib/amd64/libfontmanager.so
7f68bb283000-7f68bb284000 rw-p 00054000 08:06 2245043                    /usr/lib/jvm/java-8-openjdk-amd64/jre/lib/amd64/libfontmanager.so
7f68bb284000-7f68bb289000 r-xp 00000000 08:06 2237687                    /usr/lib/x86_64-linux-gnu/libXdmcp.so.6.0.0
7f68bb289000-7f68bb488000 ---p 00005000 08:06 2237687                    /usr/lib/x86_64-linux-gnu/libXdmcp.so.6.0.0
7f68bb488000-7f68bb489000 r--p 00004000 08:06 2237687                    /usr/lib/x86_64-linux-gnu/libXdmcp.so.6.0.0
7f68bb489000-7f68bb48a000 rw-p 00005000 08:06 2237687                    /usr/lib/x86_64-linux-gnu/libXdmcp.so.6.0.0
7f68bb48a000-7f68bb48c000 r-xp 00000000 08:06 2237676                    /usr/lib/x86_64-linux-gnu/libXau.so.6.0.0
7f68bb48c000-7f68bb68c000 ---p 00002000 08:06 2237676                    /usr/lib/x86_64-linux-gnu/libXau.so.6.0.0
7f68bb68c000-7f68bb68d000 r--p 00002000 08:06 2237676                    /usr/lib/x86_64-linux-gnu/libXau.so.6.0.0
7f68bb68d000-7f68bb68e000 rw-p 00003000 08:06 2237676                    /usr/lib/x86_64-linux-gnu/libXau.so.6.0.0
7f68bb68e000-7f68bb6af000 r-xp 00000000 08:06 2239054                    /usr/lib/x86_64-linux-gnu/libxcb.so.1.1.0
7f68bb6af000-7f68bb8ae000 ---p 00021000 08:06 2239054                    /usr/lib/x86_64-linux-gnu/libxcb.so.1.1.0
7f68bb8ae000-7f68bb8af000 r--p 00020000 08:06 2239054                    /usr/lib/x86_64-linux-gnu/libxcb.so.1.1.0
7f68bb8af000-7f68bb8b0000 rw-p 00021000 08:06 2239054                    /usr/lib/x86_64-linux-gnu/libxcb.so.1.1.0
7f68bb8b0000-7f68bb8bf000 r-xp 00000000 08:06 2237697                    /usr/lib/x86_64-linux-gnu/libXi.so.6.1.0
7f68bb8bf000-7f68bbabe000 ---p 0000f000 08:06 2237697                    /usr/lib/x86_64-linux-gnu/libXi.so.6.1.0
7f68bbabe000-7f68bbabf000 r--p 0000e000 08:06 2237697                    /usr/lib/x86_64-linux-gnu/libXi.so.6.1.0
7f68bbabf000-7f68bbac0000 rw-p 0000f000 08:06 2237697                    /usr/lib/x86_64-linux-gnu/libXi.so.6.1.0
7f68bbac0000-7f68bbac5000 r-xp 00000000 08:06 2237715                    /usr/lib/x86_64-linux-gnu/libXtst.so.6.1.0
7f68bbac5000-7f68bbcc4000 ---p 00005000 08:06 2237715                    /usr/lib/x86_64-linux-gnu/libXtst.so.6.1.0
7f68bbcc4000-7f68bbcc5000 r--p 00004000 08:06 2237715                    /usr/lib/x86_64-linux-gnu/libXtst.so.6.1.0
7f68bbcc5000-7f68bbcc6000 rw-p 00005000 08:06 2237715                    /usr/lib/x86_64-linux-gnu/libXtst.so.6.1.0
7f68bbcc6000-7f68bbdfb000 r-xp 00000000 08:06 2237672                    /usr/lib/x86_64-linux-gnu/libX11.so.6.3.0
7f68bbdfb000-7f68bbffb000 ---p 00135000 08:06 2237672                    /usr/lib/x86_64-linux-gnu/libX11.so.6.3.0
7f68bbffb000-7f68bbffc000 r--p 00135000 08:06 2237672                    /usr/lib/x86_64-linux-gnu/libX11.so.6.3.0
7f68bbffc000-7f68bc000000 rw-p 00136000 08:06 2237672                    /usr/lib/x86_64-linux-gnu/libX11.so.6.3.0
7f68bc000000-7f68bc23b000 rw-p 00000000 00:00 0 
7f68bc23b000-7f68c0000000 ---p 00000000 00:00 0 
7f68c0000000-7f68c00bf000 rw-p 00000000 00:00 0 
7f68c00bf000-7f68c4000000 ---p 00000000 00:00 0 
7f68c4000000-7f68c4dd0000 rw-p 00000000 00:00 0 
7f68c4dd0000-7f68c8000000 ---p 00000000 00:00 0 
7f68c8000000-7f68c883c000 rw-p 00000000 00:00 0 
7f68c883c000-7f68cc000000 ---p 00000000 00:00 0 
7f68cc000000-7f68cc021000 rw-p 00000000 00:00 0 
7f68cc021000-7f68d0000000 ---p 00000000 00:00 0 
7f68d0000000-7f68d0021000 rw-p 00000000 00:00 0 
7f68d0021000-7f68d4000000 ---p 00000000 00:00 0 
7f68d4000000-7f68d40c6000 rw-p 00000000 00:00 0 
7f68d40c6000-7f68d8000000 ---p 00000000 00:00 0 
7f68d8000000-7f68d8021000 rw-p 00000000 00:00 0 
7f68d8021000-7f68dc000000 ---p 00000000 00:00 0 
7f68dc000000-7f68dc036000 rw-p 00000000 00:00 0 
7f68dc036000-7f68e0000000 ---p 00000000 00:00 0 
7f68e0000000-7f68e0001000 r--s 00000000 08:06 926409                     /var/cache/fontconfig/30829fa25452a46451e813d634d7f916-le64.cache-6
7f68e0001000-7f68e0002000 r--s 00000000 08:06 926408                     /var/cache/fontconfig/0c9eb80ebd1c36541ebe2852d3bb0c49-le64.cache-6
7f68e000e000-7f68e000f000 rw-s 143226000 00:06 252                       /dev/dri/card0
7f68e000f000-7f68e0010000 rw-s 142166000 00:06 252                       /dev/dri/card0
7f68e0010000-7f68e0011000 rw-s 142161000 00:06 252                       /dev/dri/card0
7f68e0011000-7f68e0012000 rw-s 14215f000 00:06 252                       /dev/dri/card0
7f68e0012000-7f68e0013000 rw-s 14215e000 00:06 252                       /dev/dri/card0
7f68e0013000-7f68e0015000 rw-s 142167000 00:06 252                       /dev/dri/card0
7f68e004f000-7f68e005f000 rw-s 148844000 00:06 252                       /dev/dri/card0
7f68e005f000-7f68e006f000 rw-s 147e40000 00:06 252                       /dev/dri/card0
7f68e0072000-7f68e0090000 r-xp 00000000 08:06 2757251                    /lib/x86_64-linux-gnu/libudev.so.1.6.4
7f68e0090000-7f68e0091000 r--p 0001d000 08:06 2757251                    /lib/x86_64-linux-gnu/libudev.so.1.6.4
7f68e0091000-7f68e0092000 rw-p 0001e000 08:06 2757251                    /lib/x86_64-linux-gnu/libudev.so.1.6.4
7f68e009f000-7f68e00a2000 rw-s 149548000 00:06 252                       /dev/dri/card0
7f68e00a2000-7f68e00ab000 rw-s 14953f000 00:06 252                       /dev/dri/card0
7f68e00ab000-7f68e00ae000 ---p 00000000 00:00 0 
7f68e00ae000-7f68e00e4000 rw-p 00000000 00:00 0 
7f68e00e4000-7f68e00f7000 r--s 00345000 08:06 2245072                    /usr/lib/jvm/java-8-openjdk-amd64/jre/lib/resources.jar
7f68e00f7000-7f68e011a000 r--s 002ec000 08:06 1189855                    /home/ema/workspace/ucsdunfoldingmaps/lib/jogl-all.jar
7f68e011a000-7f68e0123000 r-xp 00000000 08:06 2237709                    /usr/lib/x86_64-linux-gnu/libXrender.so.1.3.0
7f68e0123000-7f68e0322000 ---p 00009000 08:06 2237709                    /usr/lib/x86_64-linux-gnu/libXrender.so.1.3.0
7f68e0322000-7f68e0323000 r--p 00008000 08:06 2237709                    /usr/lib/x86_64-linux-gnu/libXrender.so.1.3.0
7f68e0323000-7f68e0324000 rw-p 00009000 08:06 2237709                    /usr/lib/x86_64-linux-gnu/libXrender.so.1.3.0
7f68e0324000-7f68e0335000 r-xp 00000000 08:06 2237689                    /usr/lib/x86_64-linux-gnu/libXext.so.6.4.0
7f68e0335000-7f68e0534000 ---p 00011000 08:06 2237689                    /usr/lib/x86_64-linux-gnu/libXext.so.6.4.0
7f68e0534000-7f68e0535000 r--p 00010000 08:06 2237689                    /usr/lib/x86_64-linux-gnu/libXext.so.6.4.0
7f68e0535000-7f68e0536000 rw-p 00011000 08:06 2237689                    /usr/lib/x86_64-linux-gnu/libXext.so.6.4.0
7f68e0536000-7f68e0537000 rw-s 148eef000 00:06 252                       /dev/dri/card0
7f68e053b000-7f68e053c000 rw-s 14895a000 00:06 252                       /dev/dri/card0
7f68e053c000-7f68e053d000 rw-s 148959000 00:06 252                       /dev/dri/card0
7f68e053d000-7f68e053e000 rw-s 148958000 00:06 252                       /dev/dri/card0
7f68e053e000-7f68e053f000 rw-s 1409f4000 00:06 252                       /dev/dri/card0
7f68e053f000-7f68e0540000 rwxp 00000000 00:00 0 
7f68e0540000-7f68e0541000 r--s 0002f000 08:06 1188886                    /home/ema/workspace/ucsdunfoldingmaps/lib/jogl-all-natives-linux-amd64.jar
7f68e0541000-7f68e0543000 r--s 00000000 08:06 1188783                    /home/ema/workspace/ucsdunfoldingmaps/lib/gluegen-rt-natives-linux-amd64.jar
7f68e0543000-7f68e0544000 r--p 00000000 00:00 0 
7f68e0544000-7f68e0548000 r--s 00097000 08:06 2245107                    /usr/lib/jvm/java-8-openjdk-amd64/jre/lib/jsse.jar
7f68e0548000-7f68e054e000 r--s 00033000 08:06 1189873                    /home/ema/workspace/ucsdunfoldingmaps/lib/unfolding.0.9.7-uscd.jar
7f68e054e000-7f68e054f000 r--s 00005000 08:06 1189858                    /home/ema/workspace/ucsdunfoldingmaps/lib/libTUIO.jar
7f68e054f000-7f68e05a3000 r-xp 00000000 08:06 2245068                    /usr/lib/jvm/java-8-openjdk-amd64/jre/lib/amd64/libawt_xawt.so
7f68e05a3000-7f68e07a3000 ---p 00054000 08:06 2245068                    /usr/lib/jvm/java-8-openjdk-amd64/jre/lib/amd64/libawt_xawt.so
7f68e07a3000-7f68e07a4000 r--p 00054000 08:06 2245068                    /usr/lib/jvm/java-8-openjdk-amd64/jre/lib/amd64/libawt_xawt.so
7f68e07a4000-7f68e07a7000 rw-p 00055000 08:06 2245068                    /usr/lib/jvm/java-8-openjdk-amd64/jre/lib/amd64/libawt_xawt.so
7f68e07a7000-7f68e07a8000 rw-p 00000000 00:00 0 
7f68e07a8000-7f68e0848000 r-xp 00000000 08:06 2245042                    /usr/lib/jvm/java-8-openjdk-amd64/jre/lib/amd64/libawt.so
7f68e0848000-7f68e0a48000 ---p 000a0000 08:06 2245042                    /usr/lib/jvm/java-8-openjdk-amd64/jre/lib/amd64/libawt.so
7f68e0a48000-7f68e0a49000 r--p 000a0000 08:06 2245042                    /usr/lib/jvm/java-8-openjdk-amd64/jre/lib/amd64/libawt.so
7f68e0a49000-7f68e0a54000 rw-p 000a1000 08:06 2245042                    /usr/lib/jvm/java-8-openjdk-amd64/jre/lib/amd64/libawt.so
7f68e0a54000-7f68e0a79000 rw-p 00000000 00:00 0 
7f68e0a79000-7f68e0a95000 r--s 00393000 08:06 2245098                    /usr/lib/jvm/java-8-openjdk-amd64/jre/lib/ext/cldrdata.jar
7f68e0a95000-7f68e0ab0000 r--s 001d7000 08:06 2245096                    /usr/lib/jvm/java-8-openjdk-amd64/jre/lib/ext/nashorn.jar
7f68e0ab0000-7f68e0ab1000 ---p 00000000 00:00 0 
7f68e0ab1000-7f68e0bb1000 rw-p 00000000 00:00 0 
7f68e0bb1000-7f68e0bb4000 ---p 00000000 00:00 0 
7f68e0bb4000-7f68e0cb2000 rw-p 00000000 00:00 0 
7f68e0cb2000-7f68e0cb5000 ---p 00000000 00:00 0 
7f68e0cb5000-7f68e0db3000 rw-p 00000000 00:00 0 
7f68e0db3000-7f68e0db6000 ---p 00000000 00:00 0 
7f68e0db6000-7f68e0eb4000 rw-p 00000000 00:00 0 
7f68e0eb4000-7f68e0eb7000 ---p 00000000 00:00 0 
7f68e0eb7000-7f68e0fb5000 rw-p 00000000 00:00 0 
7f68e0fb5000-7f68e1974000 r--p 00000000 08:06 2236295                    /usr/lib/locale/locale-archive
7f68e1974000-7f68e1977000 ---p 00000000 00:00 0 
7f68e1977000-7f68e1a75000 rw-p 00000000 00:00 0 
7f68e1a75000-7f68e1a78000 ---p 00000000 00:00 0 
7f68e1a78000-7f68e1b76000 rw-p 00000000 00:00 0 
7f68e1b76000-7f68e1b77000 ---p 00000000 00:00 0 
7f68e1b77000-7f68e4000000 rw-p 00000000 00:00 0 
7f68e4000000-7f68e4021000 rw-p 00000000 00:00 0 
7f68e4021000-7f68e8000000 ---p 00000000 00:00 0 
7f68e8000000-7f68e8001000 r--s 00007000 08:06 1189857                    /home/ema/workspace/ucsdunfoldingmaps/lib/json4processing.jar
7f68e8001000-7f68e8008000 r--s 00059000 08:06 1189863                    /home/ema/workspace/ucsdunfoldingmaps/lib/log4j-1.2.15.jar
7f68e8008000-7f68e8156000 rw-p 00000000 00:00 0 
7f68e8156000-7f68e8324000 r--s 03beb000 08:06 2245084                    /usr/lib/jvm/java-8-openjdk-amd64/jre/lib/rt.jar
7f68e8324000-7f68e8cda000 rw-p 00000000 00:00 0 
7f68e8cda000-7f68e8cdb000 ---p 00000000 00:00 0 
7f68e8cdb000-7f68e8ddb000 rw-p 00000000 00:00 0 
7f68e8ddb000-7f68e8ddc000 ---p 00000000 00:00 0 
7f68e8ddc000-7f68e8ef2000 rw-p 00000000 00:00 0 
7f68e8ef2000-7f68e9000000 ---p 00000000 00:00 0 
7f68e9000000-7f68e9920000 rwxp 00000000 00:00 0 
7f68e9920000-7f68f8000000 ---p 00000000 00:00 0 
7f68f8000000-7f68f8355000 rw-p 00000000 00:00 0 
7f68f8355000-7f68fc000000 ---p 00000000 00:00 0 
7f68fc000000-7f68fc005000 r--s 00309000 08:06 1189871                    /home/ema/workspace/ucsdunfoldingmaps/lib/sqlite-jdbc-3.7.2.jar
7f68fc005000-7f68fc00b000 r--s 00041000 08:06 1188883                    /home/ema/workspace/ucsdunfoldingmaps/lib/gluegen-rt.jar
7f68fc00b000-7f68fc00f000 r--s 0009a000 08:06 1188737                    /home/ema/workspace/ucsdunfoldingmaps/lib/core.jar
7f68fc00f000-7f68fc012000 r--s 0000f000 08:06 2245103                    /usr/lib/jvm/java-8-openjdk-amd64/jre/lib/ext/icedtea-sound.jar
7f68fc012000-7f68fc014000 r--s 00001000 08:06 2245097                    /usr/lib/jvm/java-8-openjdk-amd64/jre/lib/ext/dnsns.jar
7f68fc014000-7f68fc0a0000 rw-p 00000000 00:00 0 
7f68fc0a0000-7f68fc1ae000 ---p 00000000 00:00 0 
7f68fc1ae000-7f68fc1de000 rw-p 00000000 00:00 0 
7f68fc1de000-7f68fc240000 ---p 00000000 00:00 0 
7f68fc240000-7f68fc266000 rw-p 00000000 00:00 0 
7f68fc266000-7f68fc601000 ---p 00000000 00:00 0 
7f68fc601000-7f68fc609000 r-xp 00000000 08:06 2245052                    /usr/lib/jvm/java-8-openjdk-amd64/jre/lib/amd64/libzip.so
7f68fc609000-7f68fc808000 ---p 00008000 08:06 2245052                    /usr/lib/jvm/java-8-openjdk-amd64/jre/lib/amd64/libzip.so
7f68fc808000-7f68fc809000 r--p 00007000 08:06 2245052                    /usr/lib/jvm/java-8-openjdk-amd64/jre/lib/amd64/libzip.so
7f68fc809000-7f68fc80a000 rw-p 00008000 08:06 2245052                    /usr/lib/jvm/java-8-openjdk-amd64/jre/lib/amd64/libzip.so
7f68fc80a000-7f68fc815000 r-xp 00000000 08:06 2757750                    /lib/x86_64-linux-gnu/libnss_files-2.23.so
7f68fc815000-7f68fca14000 ---p 0000b000 08:06 2757750                    /lib/x86_64-linux-gnu/libnss_files-2.23.so
7f68fca14000-7f68fca15000 r--p 0000a000 08:06 2757750                    /lib/x86_64-linux-gnu/libnss_files-2.23.so
7f68fca15000-7f68fca16000 rw-p 0000b000 08:06 2757750                    /lib/x86_64-linux-gnu/libnss_files-2.23.so
7f68fca16000-7f68fca1c000 rw-p 00000000 00:00 0 
7f68fca1c000-7f68fca27000 r-xp 00000000 08:06 2757760                    /lib/x86_64-linux-gnu/libnss_nis-2.23.so
7f68fca27000-7f68fcc26000 ---p 0000b000 08:06 2757760                    /lib/x86_64-linux-gnu/libnss_nis-2.23.so
7f68fcc26000-7f68fcc27000 r--p 0000a000 08:06 2757760                    /lib/x86_64-linux-gnu/libnss_nis-2.23.so
7f68fcc27000-7f68fcc28000 rw-p 0000b000 08:06 2757760                    /lib/x86_64-linux-gnu/libnss_nis-2.23.so
7f68fcc28000-7f68fcc3e000 r-xp 00000000 08:06 2757744                    /lib/x86_64-linux-gnu/libnsl-2.23.so
7f68fcc3e000-7f68fce3d000 ---p 00016000 08:06 2757744                    /lib/x86_64-linux-gnu/libnsl-2.23.so
7f68fce3d000-7f68fce3e000 r--p 00015000 08:06 2757744                    /lib/x86_64-linux-gnu/libnsl-2.23.so
7f68fce3e000-7f68fce3f000 rw-p 00016000 08:06 2757744                    /lib/x86_64-linux-gnu/libnsl-2.23.so
7f68fce3f000-7f68fce41000 rw-p 00000000 00:00 0 
7f68fce41000-7f68fce49000 r-xp 00000000 08:06 2757746                    /lib/x86_64-linux-gnu/libnss_compat-2.23.so
7f68fce49000-7f68fd048000 ---p 00008000 08:06 2757746                    /lib/x86_64-linux-gnu/libnss_compat-2.23.so
7f68fd048000-7f68fd049000 r--p 00007000 08:06 2757746                    /lib/x86_64-linux-gnu/libnss_compat-2.23.so
7f68fd049000-7f68fd04a000 rw-p 00008000 08:06 2757746                    /lib/x86_64-linux-gnu/libnss_compat-2.23.so
7f68fd04a000-7f68fd077000 r-xp 00000000 08:06 2242887                    /usr/lib/jvm/java-8-openjdk-amd64/jre/lib/amd64/libjava.so
7f68fd077000-7f68fd276000 ---p 0002d000 08:06 2242887                    /usr/lib/jvm/java-8-openjdk-amd64/jre/lib/amd64/libjava.so
7f68fd276000-7f68fd277000 r--p 0002c000 08:06 2242887                    /usr/lib/jvm/java-8-openjdk-amd64/jre/lib/amd64/libjava.so
7f68fd277000-7f68fd279000 rw-p 0002d000 08:06 2242887                    /usr/lib/jvm/java-8-openjdk-amd64/jre/lib/amd64/libjava.so
7f68fd279000-7f68fd288000 r-xp 00000000 08:06 2245038                    /usr/lib/jvm/java-8-openjdk-amd64/jre/lib/amd64/libverify.so
7f68fd288000-7f68fd487000 ---p 0000f000 08:06 2245038                    /usr/lib/jvm/java-8-openjdk-amd64/jre/lib/amd64/libverify.so
7f68fd487000-7f68fd489000 r--p 0000e000 08:06 2245038                    /usr/lib/jvm/java-8-openjdk-amd64/jre/lib/amd64/libverify.so
7f68fd489000-7f68fd48a000 rw-p 00010000 08:06 2245038                    /usr/lib/jvm/java-8-openjdk-amd64/jre/lib/amd64/libverify.so
7f68fd48a000-7f68fd491000 r-xp 00000000 08:06 2757805                    /lib/x86_64-linux-gnu/librt-2.23.so
7f68fd491000-7f68fd690000 ---p 00007000 08:06 2757805                    /lib/x86_64-linux-gnu/librt-2.23.so
7f68fd690000-7f68fd691000 r--p 00006000 08:06 2757805                    /lib/x86_64-linux-gnu/librt-2.23.so
7f68fd691000-7f68fd692000 rw-p 00007000 08:06 2757805                    /lib/x86_64-linux-gnu/librt-2.23.so
7f68fd692000-7f68fd6a8000 r-xp 00000000 08:06 2757689                    /lib/x86_64-linux-gnu/libgcc_s.so.1
7f68fd6a8000-7f68fd8a7000 ---p 00016000 08:06 2757689                    /lib/x86_64-linux-gnu/libgcc_s.so.1
7f68fd8a7000-7f68fd8a8000 rw-p 00015000 08:06 2757689                    /lib/x86_64-linux-gnu/libgcc_s.so.1
7f68fd8a8000-7f68fd9b0000 r-xp 00000000 08:06 2757721                    /lib/x86_64-linux-gnu/libm-2.23.so
7f68fd9b0000-7f68fdbaf000 ---p 00108000 08:06 2757721                    /lib/x86_64-linux-gnu/libm-2.23.so
7f68fdbaf000-7f68fdbb0000 r--p 00107000 08:06 2757721                    /lib/x86_64-linux-gnu/libm-2.23.so
7f68fdbb0000-7f68fdbb1000 rw-p 00108000 08:06 2757721                    /lib/x86_64-linux-gnu/libm-2.23.so
7f68fdbb1000-7f68fdd23000 r-xp 00000000 08:06 2230402                    /usr/lib/x86_64-linux-gnu/libstdc++.so.6.0.21
7f68fdd23000-7f68fdf23000 ---p 00172000 08:06 2230402                    /usr/lib/x86_64-linux-gnu/libstdc++.so.6.0.21
7f68fdf23000-7f68fdf2d000 r--p 00172000 08:06 2230402                    /usr/lib/x86_64-linux-gnu/libstdc++.so.6.0.21
7f68fdf2d000-7f68fdf2f000 rw-p 0017c000 08:06 2230402                    /usr/lib/x86_64-linux-gnu/libstdc++.so.6.0.21
7f68fdf2f000-7f68fdf33000 rw-p 00000000 00:00 0 
7f68fdf33000-7f68feb79000 r-xp 00000000 08:06 2245050                    /usr/lib/jvm/java-8-openjdk-amd64/jre/lib/amd64/server/libjvm.so
7f68feb79000-7f68fed79000 ---p 00c46000 08:06 2245050                    /usr/lib/jvm/java-8-openjdk-amd64/jre/lib/amd64/server/libjvm.so
7f68fed79000-7f68fee0c000 r--p 00c46000 08:06 2245050                    /usr/lib/jvm/java-8-openjdk-amd64/jre/lib/amd64/server/libjvm.so
7f68fee0c000-7f68fee34000 rw-p 00cd9000 08:06 2245050                    /usr/lib/jvm/java-8-openjdk-amd64/jre/lib/amd64/server/libjvm.so
7f68fee34000-7f68fee64000 rw-p 00000000 00:00 0 
7f68fee64000-7f68fee7c000 r-xp 00000000 08:06 2757797                    /lib/x86_64-linux-gnu/libpthread-2.23.so
7f68fee7c000-7f68ff07b000 ---p 00018000 08:06 2757797                    /lib/x86_64-linux-gnu/libpthread-2.23.so
7f68ff07b000-7f68ff07c000 r--p 00017000 08:06 2757797                    /lib/x86_64-linux-gnu/libpthread-2.23.so
7f68ff07c000-7f68ff07d000 rw-p 00018000 08:06 2757797                    /lib/x86_64-linux-gnu/libpthread-2.23.so
7f68ff07d000-7f68ff081000 rw-p 00000000 00:00 0 
7f68ff081000-7f68ff084000 r-xp 00000000 08:06 2757675                    /lib/x86_64-linux-gnu/libdl-2.23.so
7f68ff084000-7f68ff283000 ---p 00003000 08:06 2757675                    /lib/x86_64-linux-gnu/libdl-2.23.so
7f68ff283000-7f68ff284000 r--p 00002000 08:06 2757675                    /lib/x86_64-linux-gnu/libdl-2.23.so
7f68ff284000-7f68ff285000 rw-p 00003000 08:06 2757675                    /lib/x86_64-linux-gnu/libdl-2.23.so
7f68ff285000-7f68ff29e000 r-xp 00000000 08:06 2757842                    /lib/x86_64-linux-gnu/libz.so.1.2.8
7f68ff29e000-7f68ff49d000 ---p 00019000 08:06 2757842                    /lib/x86_64-linux-gnu/libz.so.1.2.8
7f68ff49d000-7f68ff49e000 r--p 00018000 08:06 2757842                    /lib/x86_64-linux-gnu/libz.so.1.2.8
7f68ff49e000-7f68ff49f000 rw-p 00019000 08:06 2757842                    /lib/x86_64-linux-gnu/libz.so.1.2.8
7f68ff49f000-7f68ff65f000 r-xp 00000000 08:06 2757651                    /lib/x86_64-linux-gnu/libc-2.23.so
7f68ff65f000-7f68ff85e000 ---p 001c0000 08:06 2757651                    /lib/x86_64-linux-gnu/libc-2.23.so
7f68ff85e000-7f68ff862000 r--p 001bf000 08:06 2757651                    /lib/x86_64-linux-gnu/libc-2.23.so
7f68ff862000-7f68ff864000 rw-p 001c3000 08:06 2757651                    /lib/x86_64-linux-gnu/libc-2.23.so
7f68ff864000-7f68ff868000 rw-p 00000000 00:00 0 
7f68ff868000-7f68ff875000 r-xp 00000000 08:06 2245066                    /usr/lib/jvm/java-8-openjdk-amd64/jre/lib/amd64/jli/libjli.so
7f68ff875000-7f68ffa75000 ---p 0000d000 08:06 2245066                    /usr/lib/jvm/java-8-openjdk-amd64/jre/lib/amd64/jli/libjli.so
7f68ffa75000-7f68ffa76000 r--p 0000d000 08:06 2245066                    /usr/lib/jvm/java-8-openjdk-amd64/jre/lib/amd64/jli/libjli.so
7f68ffa76000-7f68ffa77000 rw-p 0000e000 08:06 2245066                    /usr/lib/jvm/java-8-openjdk-amd64/jre/lib/amd64/jli/libjli.so
7f68ffa77000-7f68ffa9d000 r-xp 00000000 08:06 2757623                    /lib/x86_64-linux-gnu/ld-2.23.so
7f68ffa9d000-7f68ffa9e000 r--s 00010000 08:06 2245101                    /usr/lib/jvm/java-8-openjdk-amd64/jre/lib/ext/zipfs.jar
7f68ffa9e000-7f68ffa9f000 r--s 00008000 08:06 2245099                    /usr/lib/jvm/java-8-openjdk-amd64/jre/lib/ext/sunec.jar
7f68ffa9f000-7f68ffaa4000 r--s 0003b000 08:06 2245102                    /usr/lib/jvm/java-8-openjdk-amd64/jre/lib/ext/sunjce_provider.jar
7f68ffaa4000-7f68ffb7b000 rw-p 00000000 00:00 0 
7f68ffb7b000-7f68ffb7e000 ---p 00000000 00:00 0 
7f68ffb7e000-7f68ffc81000 rw-p 00000000 00:00 0 
7f68ffc81000-7f68ffc82000 r--s 0000a000 08:06 2245100                    /usr/lib/jvm/java-8-openjdk-amd64/jre/lib/ext/jaccess.jar
7f68ffc82000-7f68ffc86000 r--s 00037000 08:06 2245105                    /usr/lib/jvm/java-8-openjdk-amd64/jre/lib/ext/sunpkcs11.jar
7f68ffc86000-7f68ffc90000 r--s 00116000 08:06 2245104                    /usr/lib/jvm/java-8-openjdk-amd64/jre/lib/ext/localedata.jar
7f68ffc90000-7f68ffc98000 rw-s 00000000 08:06 2097197                    /tmp/hsperfdata_ema/13309
7f68ffc98000-7f68ffc99000 rw-p 00000000 00:00 0 
7f68ffc99000-7f68ffc9a000 r--p 00000000 00:00 0 
7f68ffc9a000-7f68ffc9c000 rw-p 00000000 00:00 0 
7f68ffc9c000-7f68ffc9d000 r--p 00025000 08:06 2757623                    /lib/x86_64-linux-gnu/ld-2.23.so
7f68ffc9d000-7f68ffc9e000 rw-p 00026000 08:06 2757623                    /lib/x86_64-linux-gnu/ld-2.23.so
7f68ffc9e000-7f68ffc9f000 rw-p 00000000 00:00 0 
7ffdca11c000-7ffdca13d000 rw-p 00000000 00:00 0                          [stack]
7ffdca1ad000-7ffdca1af000 r--p 00000000 00:00 0                          [vvar]
7ffdca1af000-7ffdca1b1000 r-xp 00000000 00:00 0                          [vdso]
ffffffffff600000-ffffffffff601000 r-xp 00000000 00:00 0                  [vsyscall]

VM Arguments:
jvm_args: -Djava.security.policy=java.policy.applet -Dfile.encoding=UTF-8 
java_command: sun.applet.AppletViewer module4.EarthquakeCityMap1476533561351.html
java_class_path (initial): /home/ema/workspace/ucsdunfoldingmaps/build:/home/ema/workspace/ucsdunfoldingmaps/lib/core.jar:/home/ema/workspace/ucsdunfoldingmaps/lib/gluegen-rt.jar:/home/ema/workspace/ucsdunfoldingmaps/lib/jogl-all.jar:/home/ema/workspace/ucsdunfoldingmaps/lib/log4j-1.2.15.jar:/home/ema/workspace/ucsdunfoldingmaps/lib/sqlite-jdbc-3.7.2.jar:/home/ema/workspace/ucsdunfoldingmaps/lib/json4processing.jar:/home/ema/workspace/ucsdunfoldingmaps/lib/libTUIO.jar:/home/ema/workspace/ucsdunfoldingmaps/lib/unfolding.0.9.7-uscd.jar
Launcher Type: SUN_STANDARD

Environment Variables:
PATH=/home/ema/bin:/home/ema/.local/bin:/usr/local/sbin:/usr/local/bin:/usr/sbin:/usr/bin:/sbin:/bin:/usr/games:/usr/local/games:/snap/bin
SHELL=/bin/bash
DISPLAY=:0

Signal Handlers:
SIGSEGV: [libjvm.so+0xa5e970], sa_mask[0]=11111111011111111101111111111110, sa_flags=SA_RESTART|SA_SIGINFO
SIGBUS: [libjvm.so+0xa5e970], sa_mask[0]=11111111011111111101111111111110, sa_flags=SA_RESTART|SA_SIGINFO
SIGFPE: [libjvm.so+0x8a9ff0], sa_mask[0]=11111111011111111101111111111110, sa_flags=SA_RESTART|SA_SIGINFO
SIGPIPE: [libjvm.so+0x8a9ff0], sa_mask[0]=11111111011111111101111111111110, sa_flags=SA_RESTART|SA_SIGINFO
SIGXFSZ: [libjvm.so+0x8a9ff0], sa_mask[0]=11111111011111111101111111111110, sa_flags=SA_RESTART|SA_SIGINFO
SIGILL: [libjvm.so+0x8a9ff0], sa_mask[0]=11111111011111111101111111111110, sa_flags=SA_RESTART|SA_SIGINFO
SIGUSR1: SIG_DFL, sa_mask[0]=00000000000000000000000000000000, sa_flags=none
SIGUSR2: [libjvm.so+0x8a9ea0], sa_mask[0]=00100000000000000000000000000000, sa_flags=SA_RESTART|SA_SIGINFO
SIGHUP: [libjvm.so+0x8aa370], sa_mask[0]=11111111011111111101111111111110, sa_flags=SA_RESTART|SA_SIGINFO
SIGINT: [libjvm.so+0x8aa370], sa_mask[0]=11111111011111111101111111111110, sa_flags=SA_RESTART|SA_SIGINFO
SIGTERM: [libjvm.so+0x8aa370], sa_mask[0]=11111111011111111101111111111110, sa_flags=SA_RESTART|SA_SIGINFO
SIGQUIT: [libjvm.so+0x8aa370], sa_mask[0]=11111111011111111101111111111110, sa_flags=SA_RESTART|SA_SIGINFO


---------------  S Y S T E M  ---------------

OS:DISTRIB_ID=Ubuntu
DISTRIB_RELEASE=16.04
DISTRIB_CODENAME=xenial
DISTRIB_DESCRIPTION="Ubuntu 16.04.1 LTS"

uname:Linux 4.4.0-38-generic #57-Ubuntu SMP Tue Sep 6 15:42:33 UTC 2016 x86_64
libc:glibc 2.23 NPTL 2.23 
rlimit: STACK 8192k, CORE 0k, NPROC 13510, NOFILE 65536, AS infinity
load average:1,54 1,22 0,93

/proc/meminfo:
MemTotal:        3582816 kB
MemFree:          277904 kB
MemAvailable:     959640 kB
Buffers:           51796 kB
Cached:           823544 kB
SwapCached:         1112 kB
Active:          2097268 kB
Inactive:         837880 kB
Active(anon):    1628404 kB
Inactive(anon):   471340 kB
Active(file):     468864 kB
Inactive(file):   366540 kB
Unevictable:          48 kB
Mlocked:              48 kB
SwapTotal:       4095996 kB
SwapFree:        4067696 kB
Dirty:                64 kB
Writeback:             0 kB
AnonPages:       2059072 kB
Mapped:           196876 kB
Shmem:             39936 kB
Slab:             131988 kB
SReclaimable:      92280 kB
SUnreclaim:        39708 kB
KernelStack:        9712 kB
PageTables:        33920 kB
NFS_Unstable:          0 kB
Bounce:                0 kB
WritebackTmp:          0 kB
CommitLimit:     5887404 kB
Committed_AS:    5940120 kB
VmallocTotal:   34359738367 kB
VmallocUsed:           0 kB
VmallocChunk:          0 kB
HardwareCorrupted:     0 kB
AnonHugePages:   1024000 kB
CmaTotal:              0 kB
CmaFree:               0 kB
HugePages_Total:       0
HugePages_Free:        0
HugePages_Rsvd:        0
HugePages_Surp:        0
Hugepagesize:       2048 kB
DirectMap4k:      402684 kB
DirectMap2M:     3321856 kB
DirectMap1G:           0 kB


CPU:total 2 (2 cores per cpu, 1 threads per core) family 20 model 2 stepping 0, cmov, cx8, fxsr, mmx, sse, sse2, sse3, ssse3, popcnt, mmxext, lzcnt, sse4a, tsc, tscinvbit, tscinv

/proc/cpuinfo:
processor	: 0
vendor_id	: AuthenticAMD
cpu family	: 20
model		: 2
model name	: AMD E2-1800 APU with Radeon(tm) HD Graphics
stepping	: 0
microcode	: 0x500010d
cpu MHz		: 1700.000
cache size	: 512 KB
physical id	: 0
siblings	: 2
core id		: 0
cpu cores	: 2
apicid		: 0
initial apicid	: 0
fpu		: yes
fpu_exception	: yes
cpuid level	: 6
wp		: yes
flags		: fpu vme de pse tsc msr pae mce cx8 apic sep mtrr pge mca cmov pat pse36 clflush mmx fxsr sse sse2 ht syscall nx mmxext fxsr_opt pdpe1gb rdtscp lm constant_tsc rep_good nopl nonstop_tsc extd_apicid aperfmperf pni monitor ssse3 cx16 popcnt lahf_lm cmp_legacy svm extapic cr8_legacy abm sse4a misalignsse 3dnowprefetch ibs skinit wdt hw_pstate vmmcall arat npt lbrv svm_lock nrip_save pausefilter
bugs		: fxsave_leak sysret_ss_attrs
bogomips	: 3393.81
TLB size	: 1024 4K pages
clflush size	: 64
cache_alignment	: 64
address sizes	: 36 bits physical, 48 bits virtual
power management: ts ttp tm stc 100mhzsteps hwpstate

processor	: 1
vendor_id	: AuthenticAMD
cpu family	: 20
model		: 2
model name	: AMD E2-1800 APU with Radeon(tm) HD Graphics
stepping	: 0
microcode	: 0x500010d
cpu MHz		: 1700.000
cache size	: 512 KB
physical id	: 0
siblings	: 2
core id		: 1
cpu cores	: 2
apicid		: 1
initial apicid	: 1
fpu		: yes
fpu_exception	: yes
cpuid level	: 6
wp		: yes
flags		: fpu vme de pse tsc msr pae mce cx8 apic sep mtrr pge mca cmov pat pse36 clflush mmx fxsr sse sse2 ht syscall nx mmxext fxsr_opt pdpe1gb rdtscp lm constant_tsc rep_good nopl nonstop_tsc extd_apicid aperfmperf pni monitor ssse3 cx16 popcnt lahf_lm cmp_legacy svm extapic cr8_legacy abm sse4a misalignsse 3dnowprefetch ibs skinit wdt hw_pstate vmmcall arat npt lbrv svm_lock nrip_save pausefilter
bugs		: fxsave_leak sysret_ss_attrs
bogomips	: 3393.81
TLB size	: 1024 4K pages
clflush size	: 64
cache_alignment	: 64
address sizes	: 36 bits physical, 48 bits virtual
power management: ts ttp tm stc 100mhzsteps hwpstate



Memory: 4k page, physical 3582816k(277904k free), swap 4095996k(4067696k free)

vm_info: OpenJDK 64-Bit Server VM (25.91-b14) for linux-amd64 JRE (1.8.0_91-8u91-b14-3ubuntu1~16.04.1-b14), built on Jul 21 2016 04:13:34 by "buildd" with gcc 5.3.1 20160413

time: Sat Oct 15 14:13:32 2016
elapsed time: 51 seconds (0d 0h 0m 51s)

