#
# A fatal error has been detected by the Java Runtime Environment:
#
#  SIGSEGV (0xb) at pc=0x00007fd991559987, pid=3842, tid=0x00007fd9be186700
#
# JRE version: Java(TM) SE Runtime Environment (8.0_92-b14) (build 1.8.0_92-b14)
# Java VM: Java HotSpot(TM) 64-Bit Server VM (25.92-b14 mixed mode linux-amd64 compressed oops)
# Problematic frame:
# C  [nouveau_dri.so+0x29e987]
#
# Failed to write core dump. Core dumps have been disabled. To enable core dumping, try "ulimit -c unlimited" before starting Java again
#
# If you would like to submit a bug report, please visit:
#   http://bugreport.java.com/bugreport/crash.jsp
# The crash happened outside the Java Virtual Machine in native code.
# See problematic frame for where to report the bug.
#

---------------  T H R E A D  ---------------

Current thread (0x00007fd9b0002800):  JavaThread "AWT-EventQueue-1" [_thread_in_native, id=3874, stack(0x00007fd9be086000,0x00007fd9be187000)]

siginfo: si_signo: 11 (SIGSEGV), si_code: 1 (SEGV_MAPERR), si_addr: 0x000000000000c030

Registers:
RAX=0x0000000000000000, RBX=0x00007fd99c0bd980, RCX=0x0000000000000000, RDX=0x0000000000000001
RSP=0x00007fd9be1844a0, RBP=0x000000000000c000, RSI=0x00007fd99c0be230, RDI=0x0000000100000000
R8 =0x0000000000000000, R9 =0x00007fd9bcb15c60, R10=0x00007fda0cbed7e8, R11=0x00007fda219d6cf0
R12=0x0000000000000001, R13=0x00007fd9a00f7e70, R14=0x0000000000000000, R15=0x0000000000000001
RIP=0x00007fd991559987, EFLAGS=0x0000000000010206, CSGSFS=0x0000000000000033, ERR=0x0000000000000004
  TRAPNO=0x000000000000000e

Top of Stack: (sp=0x00007fd9be1844a0)
0x00007fd9be1844a0:   00007fd9be1847b0 00007fda0d24811c
0x00007fd9be1844b0:   0000000000000000 9d7ff4cb988f9500
0x00007fd9be1844c0:   00007fd9be1847b0 00007fd99c0bd850
0x00007fd9be1844d0:   0000000000000000 00007fd9a00fa370
0x00007fd9be1844e0:   00007fd9a00f7e70 00007fd9a00fa520
0x00007fd9be1844f0:   0000000000000000 00007fd9bcb15d02
0x00007fd9be184500:   00007fd9be184530 00007fd900000000
0x00007fd9be184510:   0000000000000000 0000000000000000
0x00007fd9be184520:   0000000003e0004d 00007fd9bcae7bf1
0x00007fd9be184530:   00007fd99c0bd850 9d7ff4cb988f9500
0x00007fd9be184540:   0000000003e0004d 00007fd9bce44398
0x00007fd9be184550:   00007fd9be1845c0 0000000000000000
0x00007fd9be184560:   00007fd9bce44398 00007fd9be184688
0x00007fd9be184570:   00007fd9b0002800 00007fd9931c6849
0x00007fd9be184580:   00007fda08739858 00007fd9bcae7c20
0x00007fd9be184590:   0000000003e0004d 00007fd9a00fe950
0x00007fd9be1845a0:   00007fd9be184650 00007fd9b00029f8
0x00007fd9be1845b0:   00000000e214fda8 00007fd9bcae7c20
0x00007fd9be1845c0:   00007fd9be184640 00007fda0cbed814
0x00007fd9be1845d0:   00000000e214fe08 00000000e214fe28
0x00007fd9be1845e0:   00000000e214fe78 00000000e214fe68
0x00007fd9be1845f0:   00007fda0c017000 00000000e2bd4680
0x00007fd9be184600:   00007fd9be184600 0000000000000000
0x00007fd9be184610:   00007fd9be184688 00007fd9bce45a78
0x00007fd9be184620:   0000000000000000 00007fd9bce44398
0x00007fd9be184630:   0000000000000000 00007fd9be184660
0x00007fd9be184640:   00007fd9be1846d0 00007fda0cbe02bd
0x00007fd9be184650:   00000000e2c48068 00007fda0cbe9538
0x00007fd9be184660:   00007fd9bcae7c20 00007fda0cbf9043
0x00007fd9be184670:   0000000003e0004d 00007fda00000000
0x00007fd9be184680:   00007fd9a00fe950 00000000e2c483a0
0x00007fd9be184690:   00007fd9be184690 00007fd9bce442e9 

Instructions: (pc=0x00007fd991559987)
0x00007fd991559967:   00 41 f6 c4 01 c6 44 24 0f 00 0f 84 c9 00 00 00
0x00007fd991559977:   48 8b b3 30 01 00 00 48 85 f6 0f 84 b9 00 00 00
0x00007fd991559987:   48 8b 55 30 45 85 f6 4c 8b 6a 18 0f 85 40 02 00
0x00007fd991559997:   00 83 7b 38 01 0f 8e 36 02 00 00 48 8b 93 68 01 

Register to memory mapping:

RAX=0x0000000000000000 is an unknown value
RBX=0x00007fd99c0bd980 is an unknown value
RCX=0x0000000000000000 is an unknown value
RDX=0x0000000000000001 is an unknown value
RSP=0x00007fd9be1844a0 is pointing into the stack for thread: 0x00007fd9b0002800
RBP=0x000000000000c000 is an unknown value
RSI=0x00007fd99c0be230 is an unknown value
RDI=0x0000000100000000 is pointing into metadata
R8 =0x0000000000000000 is an unknown value
R9 =0x00007fd9bcb15c60: <offset 0x4ac60> in /usr/lib/x86_64-linux-gnu/mesa/libGL.so.1 at 0x00007fd9bcacb000
R10=0x00007fda0cbed7e8 is at code_begin+808 in an Interpreter codelet
method entry point (kind = native)  [0x00007fda0cbed4c0, 0x00007fda0cbeddc0]  2304 bytes
R11=0x00007fda219d6cf0: <offset 0x9bccf0> in /home/ema/Scaricati/jdk1.8.0_92/jre/lib/amd64/server/libjvm.so at 0x00007fda2101a000
R12=0x0000000000000001 is an unknown value
R13=0x00007fd9a00f7e70 is an unknown value
R14=0x0000000000000000 is an unknown value
R15=0x0000000000000001 is an unknown value


Stack: [0x00007fd9be086000,0x00007fd9be187000],  sp=0x00007fd9be1844a0,  free space=1017k
Native frames: (J=compiled Java code, j=interpreted, Vv=VM code, C=native code)
C  [nouveau_dri.so+0x29e987]

Java frames: (J=compiled Java code, j=interpreted, Vv=VM code)
j  jogamp.opengl.x11.glx.GLX.dispatch_glXSwapBuffers0(JJJ)V+0
j  jogamp.opengl.x11.glx.GLX.glXSwapBuffers(JJ)V+41
j  jogamp.opengl.x11.glx.X11GLXDrawable.swapBuffersImpl(Z)V+17
j  jogamp.opengl.GLDrawableImpl.swapBuffers()V+67
j  javax.media.opengl.awt.GLCanvas$12.run()V+45
J 1712 C1 java.awt.event.InvocationEvent.dispatch()V (69 bytes) @ 0x00007fda0d21404c [0x00007fda0d213f00+0x14c]
J 1835 C1 java.awt.EventQueue.dispatchEventImpl(Ljava/awt/AWTEvent;Ljava/lang/Object;)V (149 bytes) @ 0x00007fda0d2771fc [0x00007fda0d275680+0x1b7c]
J 1833 C1 java.awt.EventQueue$3.run()Ljava/lang/Void; (60 bytes) @ 0x00007fda0d274a84 [0x00007fda0d274880+0x204]
J 1832 C1 java.awt.EventQueue$3.run()Ljava/lang/Object; (5 bytes) @ 0x00007fda0d27450c [0x00007fda0d274480+0x8c]
v  ~StubRoutines::call_stub
J 543  java.security.AccessController.doPrivileged(Ljava/security/PrivilegedAction;Ljava/security/AccessControlContext;)Ljava/lang/Object; (0 bytes) @ 0x00007fda0ce26763 [0x00007fda0ce26700+0x63]
J 1656 C1 java.awt.EventQueue.dispatchEvent(Ljava/awt/AWTEvent;)V (80 bytes) @ 0x00007fda0d1dbb04 [0x00007fda0d1db180+0x984]
J 1660 C1 java.awt.EventDispatchThread.pumpOneEventForFilters(I)V (295 bytes) @ 0x00007fda0d1e0e14 [0x00007fda0d1df2c0+0x1b54]
j  java.awt.EventDispatchThread.pumpEventsForFilter(ILjava/awt/Conditional;Ljava/awt/EventFilter;)V+35
j  java.awt.EventDispatchThread.pumpEventsForHierarchy(ILjava/awt/Conditional;Ljava/awt/Component;)V+11
j  java.awt.EventDispatchThread.pumpEvents(ILjava/awt/Conditional;)V+4
j  java.awt.EventDispatchThread.pumpEvents(Ljava/awt/Conditional;)V+3
j  java.awt.EventDispatchThread.run()V+9
v  ~StubRoutines::call_stub

---------------  P R O C E S S  ---------------

Java Threads: ( => current thread )
  0x00007fd99c44a000 JavaThread "Thread-7" [_thread_blocked, id=3894, stack(0x00007fd98c11f000,0x00007fd98c220000)]
  0x00007fd988009800 JavaThread "Keep-Alive-Timer" daemon [_thread_blocked, id=3889, stack(0x00007fd98cdee000,0x00007fd98ceef000)]
  0x00007fd9a00e6000 JavaThread "Animation Thread-SharedResourceRunner" daemon [_thread_blocked, id=3884, stack(0x00007fd9bdb79000,0x00007fd9bdc7a000)]
  0x00007fd9a006b000 JavaThread "process reaper" daemon [_thread_blocked, id=3879, stack(0x00007fd9bdd4b000,0x00007fd9bdd84000)]
=>0x00007fd9b0002800 JavaThread "AWT-EventQueue-1" [_thread_in_native, id=3874, stack(0x00007fd9be086000,0x00007fd9be187000)]
  0x00007fda1c00a000 JavaThread "DestroyJavaVM" [_thread_blocked, id=3848, stack(0x00007fda22afa000,0x00007fda22bfb000)]
  0x00007fda1c2a5800 JavaThread "AWT-EventQueue-0" [_thread_blocked, id=3872, stack(0x00007fd9bed34000,0x00007fd9bee35000)]
  0x00007fda1c2a1800 JavaThread "AWT-Shutdown" [_thread_blocked, id=3871, stack(0x00007fd9bee35000,0x00007fd9bef36000)]
  0x00007fda1c28e000 JavaThread "thread applet-demos.EarthquakeCityMapDemo.class" [_thread_blocked, id=3870, stack(0x00007fd9bef36000,0x00007fd9bf037000)]
  0x00007fda1c281000 JavaThread "AWT-XAWT" daemon [_thread_blocked, id=3868, stack(0x00007fd9bf037000,0x00007fd9bf138000)]
  0x00007fda1c25b000 JavaThread "Java2D Disposer" daemon [_thread_blocked, id=3867, stack(0x00007fd9e40e1000,0x00007fd9e41e2000)]
  0x00007fda1c0d4000 JavaThread "Service Thread" daemon [_thread_blocked, id=3865, stack(0x00007fd9e539d000,0x00007fd9e549e000)]
  0x00007fda1c0c9000 JavaThread "C1 CompilerThread3" daemon [_thread_blocked, id=3864, stack(0x00007fd9e549e000,0x00007fd9e559f000)]
  0x00007fda1c0c6800 JavaThread "C2 CompilerThread2" daemon [_thread_blocked, id=3863, stack(0x00007fd9e559f000,0x00007fd9e56a0000)]
  0x00007fda1c0c5000 JavaThread "C2 CompilerThread1" daemon [_thread_blocked, id=3862, stack(0x00007fd9e56a0000,0x00007fd9e57a1000)]
  0x00007fda1c0c2000 JavaThread "C2 CompilerThread0" daemon [_thread_blocked, id=3861, stack(0x00007fd9e57a1000,0x00007fd9e58a2000)]
  0x00007fda1c0c0800 JavaThread "Signal Dispatcher" daemon [_thread_blocked, id=3860, stack(0x00007fd9e58a2000,0x00007fd9e59a3000)]
  0x00007fda1c08d000 JavaThread "Finalizer" daemon [_thread_blocked, id=3859, stack(0x00007fd9e6086000,0x00007fd9e6187000)]
  0x00007fda1c088000 JavaThread "Reference Handler" daemon [_thread_blocked, id=3858, stack(0x00007fd9e6187000,0x00007fd9e6288000)]

Other Threads:
  0x00007fda1c080800 VMThread [stack: 0x00007fd9e6288000,0x00007fd9e6389000] [id=3857]
  0x00007fda1c0d7000 WatcherThread [stack: 0x00007fd9e529c000,0x00007fd9e539d000] [id=3866]

VM state:not at safepoint (normal execution)

VM Mutex/Monitor currently owned by a thread: None

Heap:
 PSYoungGen      total 28160K, used 22421K [0x00000000e0f80000, 0x00000000e2e80000, 0x0000000100000000)
  eden space 24576K, 76% used [0x00000000e0f80000,0x00000000e21e9500,0x00000000e2780000)
  from space 3584K, 99% used [0x00000000e2b00000,0x00000000e2e7c090,0x00000000e2e80000)
  to   space 3584K, 0% used [0x00000000e2780000,0x00000000e2780000,0x00000000e2b00000)
 ParOldGen       total 64512K, used 9171K [0x00000000a2e00000, 0x00000000a6d00000, 0x00000000e0f80000)
  object space 64512K, 14% used [0x00000000a2e00000,0x00000000a36f4c70,0x00000000a6d00000)
 Metaspace       used 19788K, capacity 20089K, committed 20480K, reserved 1067008K
  class space    used 1864K, capacity 1928K, committed 2048K, reserved 1048576K

Card table byte_map: [0x00007fda0c52e000,0x00007fda0c818000] byte_map_base: 0x00007fda0c017000

Marking Bits: (ParMarkBitMap*) 0x00007fda21fd34c0
 Begin Bits: [0x00007fda08ca5000, 0x00007fda0a3ed000)
 End Bits:   [0x00007fda0a3ed000, 0x00007fda0bb35000)

Polling page: 0x00007fda22c22000

CodeCache: size=245760Kb used=7194Kb max_used=7205Kb free=238565Kb
 bounds [0x00007fda0cbd8000, 0x00007fda0d2e8000, 0x00007fda1bbd8000]
 total_blobs=2911 nmethods=1950 adapters=876
 compilation: enabled

Compilation events (10 events):
Event: 11,134 Thread 0x00007fda1c0c6800 1946       4       java.util.WeakHashMap::get (77 bytes)
Event: 11,138 Thread 0x00007fda1c0c6800 nmethod 1946 0x00007fda0d2e2d10 code [0x00007fda0d2e2e80, 0x00007fda0d2e3098]
Event: 11,384 Thread 0x00007fda1c0c5000 1947       4       processing.opengl.PShader::init (291 bytes)
Event: 11,385 Thread 0x00007fda1c0c5000 nmethod 1947 0x00007fda0d2e3350 code [0x00007fda0d2e34a0, 0x00007fda0d2e3598]
Event: 11,418 Thread 0x00007fda1c0c2000 1948       4       processing.opengl.PGraphicsOpenGL::tessellate (528 bytes)
Event: 11,438 Thread 0x00007fda1c0c2000 nmethod 1948 0x00007fda0d2e5bd0 code [0x00007fda0d2e5e40, 0x00007fda0d2e6ba0]
Event: 11,501 Thread 0x00007fda1c0c6800 1949  s    4       java.util.Hashtable::get (69 bytes)
Event: 11,507 Thread 0x00007fda1c0c6800 nmethod 1949 0x00007fda0d2e3e50 code [0x00007fda0d2e3fc0, 0x00007fda0d2e44b8]
Event: 11,537 Thread 0x00007fda1c0c9000 1950       3       sun.java2d.xr.GrowableEltArray::getCharCnt (13 bytes)
Event: 11,538 Thread 0x00007fda1c0c9000 nmethod 1950 0x00007fda0d2e3990 code [0x00007fda0d2e3b00, 0x00007fda0d2e3d50]

GC Heap History (4 events):
Event: 3,194 GC heap before
{Heap before GC invocations=1 (full 0):
 PSYoungGen      total 28160K, used 24576K [0x00000000e0f80000, 0x00000000e2e80000, 0x0000000100000000)
  eden space 24576K, 100% used [0x00000000e0f80000,0x00000000e2780000,0x00000000e2780000)
  from space 3584K, 0% used [0x00000000e2b00000,0x00000000e2b00000,0x00000000e2e80000)
  to   space 3584K, 0% used [0x00000000e2780000,0x00000000e2780000,0x00000000e2b00000)
 ParOldGen       total 64512K, used 0K [0x00000000a2e00000, 0x00000000a6d00000, 0x00000000e0f80000)
  object space 64512K, 0% used [0x00000000a2e00000,0x00000000a2e00000,0x00000000a6d00000)
 Metaspace       used 13733K, capacity 13960K, committed 14208K, reserved 1062912K
  class space    used 1490K, capacity 1577K, committed 1664K, reserved 1048576K
Event: 3,201 GC heap after
Heap after GC invocations=1 (full 0):
 PSYoungGen      total 28160K, used 3571K [0x00000000e0f80000, 0x00000000e2e80000, 0x0000000100000000)
  eden space 24576K, 0% used [0x00000000e0f80000,0x00000000e0f80000,0x00000000e2780000)
  from space 3584K, 99% used [0x00000000e2780000,0x00000000e2afcfc8,0x00000000e2b00000)
  to   space 3584K, 0% used [0x00000000e2b00000,0x00000000e2b00000,0x00000000e2e80000)
 ParOldGen       total 64512K, used 754K [0x00000000a2e00000, 0x00000000a6d00000, 0x00000000e0f80000)
  object space 64512K, 1% used [0x00000000a2e00000,0x00000000a2ebcb00,0x00000000a6d00000)
 Metaspace       used 13733K, capacity 13960K, committed 14208K, reserved 1062912K
  class space    used 1490K, capacity 1577K, committed 1664K, reserved 1048576K
}
Event: 4,488 GC heap before
{Heap before GC invocations=2 (full 0):
 PSYoungGen      total 28160K, used 28147K [0x00000000e0f80000, 0x00000000e2e80000, 0x0000000100000000)
  eden space 24576K, 100% used [0x00000000e0f80000,0x00000000e2780000,0x00000000e2780000)
  from space 3584K, 99% used [0x00000000e2780000,0x00000000e2afcfc8,0x00000000e2b00000)
  to   space 3584K, 0% used [0x00000000e2b00000,0x00000000e2b00000,0x00000000e2e80000)
 ParOldGen       total 64512K, used 754K [0x00000000a2e00000, 0x00000000a6d00000, 0x00000000e0f80000)
  object space 64512K, 1% used [0x00000000a2e00000,0x00000000a2ebcb00,0x00000000a6d00000)
 Metaspace       used 18782K, capacity 19009K, committed 19328K, reserved 1067008K
  class space    used 1835K, capacity 1892K, committed 1920K, reserved 1048576K
Event: 4,498 GC heap after
Heap after GC invocations=2 (full 0):
 PSYoungGen      total 28160K, used 3568K [0x00000000e0f80000, 0x00000000e2e80000, 0x0000000100000000)
  eden space 24576K, 0% used [0x00000000e0f80000,0x00000000e0f80000,0x00000000e2780000)
  from space 3584K, 99% used [0x00000000e2b00000,0x00000000e2e7c090,0x00000000e2e80000)
  to   space 3584K, 0% used [0x00000000e2780000,0x00000000e2780000,0x00000000e2b00000)
 ParOldGen       total 64512K, used 9171K [0x00000000a2e00000, 0x00000000a6d00000, 0x00000000e0f80000)
  object space 64512K, 14% used [0x00000000a2e00000,0x00000000a36f4c70,0x00000000a6d00000)
 Metaspace       used 18782K, capacity 19009K, committed 19328K, reserved 1067008K
  class space    used 1835K, capacity 1892K, committed 1920K, reserved 1048576K
}

Deoptimization events (9 events):
Event: 0,613 Thread 0x00007fda1c00a000 Uncommon trap: reason=null_check action=make_not_entrant pc=0x00007fda0cd3c284 method=java.lang.String.equals(Ljava/lang/Object;)Z @ 8
Event: 4,182 Thread 0x00007fd9b0002800 Uncommon trap: reason=unstable_if action=reinterpret pc=0x00007fda0cf86764 method=com.jogamp.common.util.IntIntHashMap.get(I)I @ 19
Event: 4,214 Thread 0x00007fd9b0002800 Uncommon trap: reason=unstable_if action=reinterpret pc=0x00007fda0cdbbe10 method=java.lang.AbstractStringBuilder.append(Ljava/lang/String;)Ljava/lang/AbstractStringBuilder; @ 1
Event: 4,453 Thread 0x00007fd99c44a000 Uncommon trap: reason=class_check action=maybe_recompile pc=0x00007fda0cd9c524 method=java.util.Properties$LineReader.readLine()I @ 62
Event: 4,459 Thread 0x00007fd99c44a000 Uncommon trap: reason=unstable_if action=reinterpret pc=0x00007fda0cd9c260 method=java.util.Properties$LineReader.readLine()I @ 206
Event: 4,463 Thread 0x00007fd9b0002800 Uncommon trap: reason=class_check action=maybe_recompile pc=0x00007fda0cf95898 method=com.jogamp.common.nio.Buffers.getDirectBufferByteOffset(Ljava/lang/Object;)I @ 42
Event: 4,527 Thread 0x00007fd9b0002800 Uncommon trap: reason=class_check action=maybe_recompile pc=0x00007fda0cf95898 method=com.jogamp.common.nio.Buffers.getDirectBufferByteOffset(Ljava/lang/Object;)I @ 42
Event: 4,540 Thread 0x00007fd9b0002800 Uncommon trap: reason=class_check action=maybe_recompile pc=0x00007fda0cf95898 method=com.jogamp.common.nio.Buffers.getDirectBufferByteOffset(Ljava/lang/Object;)I @ 42
Event: 4,556 Thread 0x00007fd9b0002800 Uncommon trap: reason=class_check action=maybe_recompile pc=0x00007fda0cf95898 method=com.jogamp.common.nio.Buffers.getDirectBufferByteOffset(Ljava/lang/Object;)I @ 42

Internal exceptions (10 events):
Event: 4,214 Thread 0x00007fd9b0002800 Implicit null exception at 0x00007fda0cdbbab5 to 0x00007fda0cdbbdfd
Event: 4,259 Thread 0x00007fd9b0002800 Exception <a 'java/lang/reflect/InvocationTargetException'> (0x00000000e2357bf0) thrown at [/HUDSON/workspace/8-2-build-linux-amd64/jdk8u92/6642/hotspot/src/share/vm/runtime/reflection.cpp, line 1092]
Event: 4,260 Thread 0x00007fd9b0002800 Exception <a 'java/lang/reflect/InvocationTargetException'> (0x00000000e2358268) thrown at [/HUDSON/workspace/8-2-build-linux-amd64/jdk8u92/6642/hotspot/src/share/vm/runtime/reflection.cpp, line 1092]
Event: 4,541 Thread 0x00007fd9b0002800 Exception <a 'java/lang/reflect/InvocationTargetException'> (0x00000000e121f2a0) thrown at [/HUDSON/workspace/8-2-build-linux-amd64/jdk8u92/6642/hotspot/src/share/vm/runtime/reflection.cpp, line 1092]
Event: 4,541 Thread 0x00007fd9b0002800 Exception <a 'java/lang/reflect/InvocationTargetException'> (0x00000000e121f788) thrown at [/HUDSON/workspace/8-2-build-linux-amd64/jdk8u92/6642/hotspot/src/share/vm/runtime/reflection.cpp, line 1092]
Event: 4,557 Thread 0x00007fd9b0002800 Exception <a 'java/lang/reflect/InvocationTargetException'> (0x00000000e122f5b8) thrown at [/HUDSON/workspace/8-2-build-linux-amd64/jdk8u92/6642/hotspot/src/share/vm/runtime/reflection.cpp, line 1092]
Event: 4,559 Thread 0x00007fd9b0002800 Exception <a 'java/lang/reflect/InvocationTargetException'> (0x00000000e122faa0) thrown at [/HUDSON/workspace/8-2-build-linux-amd64/jdk8u92/6642/hotspot/src/share/vm/runtime/reflection.cpp, line 1092]
Event: 4,574 Thread 0x00007fd9b0002800 Exception <a 'java/lang/reflect/InvocationTargetException'> (0x00000000e123f8d0) thrown at [/HUDSON/workspace/8-2-build-linux-amd64/jdk8u92/6642/hotspot/src/share/vm/runtime/reflection.cpp, line 1092]
Event: 4,575 Thread 0x00007fd9b0002800 Exception <a 'java/lang/reflect/InvocationTargetException'> (0x00000000e123fdb8) thrown at [/HUDSON/workspace/8-2-build-linux-amd64/jdk8u92/6642/hotspot/src/share/vm/runtime/reflection.cpp, line 1092]
Event: 4,655 Thread 0x00007fd9b0002800 Exception <a 'java/lang/reflect/InvocationTargetException'> (0x00000000e14a5330) thrown at [/HUDSON/workspace/8-2-build-linux-amd64/jdk8u92/6642/hotspot/src/share/vm/runtime/reflection.cpp, line 1092]

Events (10 events):
Event: 10,004 loading class sun/awt/X11/XConstants done
Event: 11,535 loading class sun/applet/AppletViewer$3
Event: 11,535 loading class sun/applet/AppletViewer$3 done
Event: 11,535 Thread 0x00007fd99c44a000 Thread added: 0x00007fd99c44a000
Event: 11,536 loading class sun/applet/AppletPanel$4
Event: 11,536 loading class sun/applet/AppletPanel$4 done
Event: 11,536 loading class java/awt/KeyboardFocusManager$2
Event: 11,536 loading class java/awt/KeyboardFocusManager$2 done
Event: 11,537 loading class sun/awt/SunToolkit$1
Event: 11,537 loading class sun/awt/SunToolkit$1 done


Dynamic libraries:
00400000-00401000 r-xp 00000000 08:01 3450446                            /home/ema/Scaricati/jdk1.8.0_92/jre/bin/java
00600000-00601000 rw-p 00000000 08:01 3450446                            /home/ema/Scaricati/jdk1.8.0_92/jre/bin/java
00fe6000-01007000 rw-p 00000000 00:00 0                                  [heap]
a2e00000-a6d00000 rw-p 00000000 00:00 0 
a6d00000-e0f80000 ---p 00000000 00:00 0 
e0f80000-e2e80000 rw-p 00000000 00:00 0 
e2e80000-100000000 ---p 00000000 00:00 0 
100000000-100200000 rw-p 00000000 00:00 0 
100200000-140000000 ---p 00000000 00:00 0 
7fd967e7f000-7fd967eff000 rw-s 110c97000 00:06 9579                      /dev/dri/card0
7fd967eff000-7fd967f02000 ---p 00000000 00:00 0 
7fd967f02000-7fd968000000 rw-p 00000000 00:00 0 
7fd968000000-7fd968021000 rw-p 00000000 00:00 0 
7fd968021000-7fd96c000000 ---p 00000000 00:00 0 
7fd96c000000-7fd96c021000 rw-p 00000000 00:00 0 
7fd96c021000-7fd970000000 ---p 00000000 00:00 0 
7fd970000000-7fd970021000 rw-p 00000000 00:00 0 
7fd970021000-7fd974000000 ---p 00000000 00:00 0 
7fd974000000-7fd974021000 rw-p 00000000 00:00 0 
7fd974021000-7fd978000000 ---p 00000000 00:00 0 
7fd978000000-7fd978021000 rw-p 00000000 00:00 0 
7fd978021000-7fd97c000000 ---p 00000000 00:00 0 
7fd97c000000-7fd97c021000 rw-p 00000000 00:00 0 
7fd97c021000-7fd980000000 ---p 00000000 00:00 0 
7fd980000000-7fd980021000 rw-p 00000000 00:00 0 
7fd980021000-7fd984000000 ---p 00000000 00:00 0 
7fd984000000-7fd984021000 rw-p 00000000 00:00 0 
7fd984021000-7fd988000000 ---p 00000000 00:00 0 
7fd988000000-7fd988021000 rw-p 00000000 00:00 0 
7fd988021000-7fd98c000000 ---p 00000000 00:00 0 
7fd98c01e000-7fd98c021000 ---p 00000000 00:00 0 
7fd98c021000-7fd98c11f000 rw-p 00000000 00:00 0 
7fd98c11f000-7fd98c122000 ---p 00000000 00:00 0 
7fd98c122000-7fd98c220000 rw-p 00000000 00:00 0 
7fd98c220000-7fd98c237000 r-xp 00000000 08:01 27267350                   /lib/x86_64-linux-gnu/libresolv-2.21.so
7fd98c237000-7fd98c437000 ---p 00017000 08:01 27267350                   /lib/x86_64-linux-gnu/libresolv-2.21.so
7fd98c437000-7fd98c439000 r--p 00017000 08:01 27267350                   /lib/x86_64-linux-gnu/libresolv-2.21.so
7fd98c439000-7fd98c43a000 rw-p 00019000 08:01 27267350                   /lib/x86_64-linux-gnu/libresolv-2.21.so
7fd98c43a000-7fd98c43c000 rw-p 00000000 00:00 0 
7fd98c43c000-7fd98c441000 r-xp 00000000 08:01 27267295                   /lib/x86_64-linux-gnu/libnss_dns-2.21.so
7fd98c441000-7fd98c640000 ---p 00005000 08:01 27267295                   /lib/x86_64-linux-gnu/libnss_dns-2.21.so
7fd98c640000-7fd98c641000 r--p 00004000 08:01 27267295                   /lib/x86_64-linux-gnu/libnss_dns-2.21.so
7fd98c641000-7fd98c642000 rw-p 00005000 08:01 27267295                   /lib/x86_64-linux-gnu/libnss_dns-2.21.so
7fd98c642000-7fd98c644000 r-xp 00000000 08:01 27267303                   /lib/x86_64-linux-gnu/libnss_mdns4_minimal.so.2
7fd98c644000-7fd98c843000 ---p 00002000 08:01 27267303                   /lib/x86_64-linux-gnu/libnss_mdns4_minimal.so.2
7fd98c843000-7fd98c844000 r--p 00001000 08:01 27267303                   /lib/x86_64-linux-gnu/libnss_mdns4_minimal.so.2
7fd98c844000-7fd98c845000 rw-p 00002000 08:01 27267303                   /lib/x86_64-linux-gnu/libnss_mdns4_minimal.so.2
7fd98c890000-7fd98c893000 ---p 00000000 00:00 0 
7fd98c893000-7fd98c991000 rw-p 00000000 00:00 0 
7fd98c991000-7fd98c994000 ---p 00000000 00:00 0 
7fd98c994000-7fd98ca92000 rw-p 00000000 00:00 0 
7fd98ca92000-7fd98ca95000 ---p 00000000 00:00 0 
7fd98ca95000-7fd98cb93000 rw-p 00000000 00:00 0 
7fd98cbbe000-7fd98cbc1000 ---p 00000000 00:00 0 
7fd98cbc1000-7fd98ccbf000 rw-p 00000000 00:00 0 
7fd98ccbf000-7fd98ccc2000 ---p 00000000 00:00 0 
7fd98ccc2000-7fd98cdc0000 rw-p 00000000 00:00 0 
7fd98cdee000-7fd98cdf1000 ---p 00000000 00:00 0 
7fd98cdf1000-7fd98ceef000 rw-p 00000000 00:00 0 
7fd98ceef000-7fd98d8ef000 rwxp 00000000 00:00 0 
7fd98d8ef000-7fd98db1c000 rw-p 00000000 00:00 0 
7fd98db3d000-7fd98dbbd000 rw-s 110c17000 00:06 9579                      /dev/dri/card0
7fd98dbbd000-7fd98dc3d000 rw-s 110b97000 00:06 9579                      /dev/dri/card0
7fd98dc3d000-7fd98e06a000 rw-p 00000000 00:00 0 
7fd98e06a000-7fd98e0ea000 rw-s 110b17000 00:06 9579                      /dev/dri/card0
7fd98e0ea000-7fd98e121000 r-xp 00000000 08:01 15344535                   /usr/lib/x86_64-linux-gnu/libtxc_dxtn_s2tc.so.0.0.0
7fd98e121000-7fd98e320000 ---p 00037000 08:01 15344535                   /usr/lib/x86_64-linux-gnu/libtxc_dxtn_s2tc.so.0.0.0
7fd98e320000-7fd98e321000 r--p 00036000 08:01 15344535                   /usr/lib/x86_64-linux-gnu/libtxc_dxtn_s2tc.so.0.0.0
7fd98e321000-7fd98e322000 rw-p 00037000 08:01 15344535                   /usr/lib/x86_64-linux-gnu/libtxc_dxtn_s2tc.so.0.0.0
7fd98e322000-7fd98e347000 r-xp 00000000 08:01 27267368                   /lib/x86_64-linux-gnu/libtinfo.so.5.9
7fd98e347000-7fd98e546000 ---p 00025000 08:01 27267368                   /lib/x86_64-linux-gnu/libtinfo.so.5.9
7fd98e546000-7fd98e54a000 r--p 00024000 08:01 27267368                   /lib/x86_64-linux-gnu/libtinfo.so.5.9
7fd98e54a000-7fd98e54b000 rw-p 00028000 08:01 27267368                   /lib/x86_64-linux-gnu/libtinfo.so.5.9
7fd98e54b000-7fd98e57e000 r-xp 00000000 08:01 15343777                   /usr/lib/x86_64-linux-gnu/libedit.so.2.0.51
7fd98e57e000-7fd98e77e000 ---p 00033000 08:01 15343777                   /usr/lib/x86_64-linux-gnu/libedit.so.2.0.51
7fd98e77e000-7fd98e780000 r--p 00033000 08:01 15343777                   /usr/lib/x86_64-linux-gnu/libedit.so.2.0.51
7fd98e780000-7fd98e781000 rw-p 00035000 08:01 15343777                   /usr/lib/x86_64-linux-gnu/libedit.so.2.0.51
7fd98e781000-7fd98e785000 rw-p 00000000 00:00 0 
7fd98e785000-7fd98e79e000 r-xp 00000000 08:01 27267385                   /lib/x86_64-linux-gnu/libz.so.1.2.8
7fd98e79e000-7fd98e99e000 ---p 00019000 08:01 27267385                   /lib/x86_64-linux-gnu/libz.so.1.2.8
7fd98e99e000-7fd98e99f000 r--p 00019000 08:01 27267385                   /lib/x86_64-linux-gnu/libz.so.1.2.8
7fd98e99f000-7fd98e9a0000 rw-p 0001a000 08:01 27267385                   /lib/x86_64-linux-gnu/libz.so.1.2.8
7fd98e9a0000-7fd98ea90000 r-xp 00000000 08:01 15344490                   /usr/lib/x86_64-linux-gnu/libstdc++.so.6.0.20
7fd98ea90000-7fd98ec90000 ---p 000f0000 08:01 15344490                   /usr/lib/x86_64-linux-gnu/libstdc++.so.6.0.20
7fd98ec90000-7fd98ec98000 r--p 000f0000 08:01 15344490                   /usr/lib/x86_64-linux-gnu/libstdc++.so.6.0.20
7fd98ec98000-7fd98ec9a000 rw-p 000f8000 08:01 15344490                   /usr/lib/x86_64-linux-gnu/libstdc++.so.6.0.20
7fd98ec9a000-7fd98ecaf000 rw-p 00000000 00:00 0 
7fd98ecaf000-7fd990a58000 r-xp 00000000 08:01 15343369                   /usr/lib/x86_64-linux-gnu/libLLVM-3.6.so.1
7fd990a58000-7fd990a59000 ---p 01da9000 08:01 15343369                   /usr/lib/x86_64-linux-gnu/libLLVM-3.6.so.1
7fd990a59000-7fd990c75000 r--p 01da9000 08:01 15343369                   /usr/lib/x86_64-linux-gnu/libLLVM-3.6.so.1
7fd990c75000-7fd990c7b000 rw-p 01fc5000 08:01 15343369                   /usr/lib/x86_64-linux-gnu/libLLVM-3.6.so.1
7fd990c7b000-7fd990c91000 rw-p 00000000 00:00 0 
7fd990c91000-7fd990ca6000 r-xp 00000000 08:01 15343778                   /usr/lib/x86_64-linux-gnu/libelf-0.160.so
7fd990ca6000-7fd990ea5000 ---p 00015000 08:01 15343778                   /usr/lib/x86_64-linux-gnu/libelf-0.160.so
7fd990ea5000-7fd990ea6000 r--p 00014000 08:01 15343778                   /usr/lib/x86_64-linux-gnu/libelf-0.160.so
7fd990ea6000-7fd990ea7000 rw-p 00015000 08:01 15343778                   /usr/lib/x86_64-linux-gnu/libelf-0.160.so
7fd990ea7000-7fd990eb3000 r-xp 00000000 08:01 15343773                   /usr/lib/x86_64-linux-gnu/libdrm_radeon.so.1.0.1
7fd990eb3000-7fd9910b2000 ---p 0000c000 08:01 15343773                   /usr/lib/x86_64-linux-gnu/libdrm_radeon.so.1.0.1
7fd9910b2000-7fd9910b3000 r--p 0000b000 08:01 15343773                   /usr/lib/x86_64-linux-gnu/libdrm_radeon.so.1.0.1
7fd9910b3000-7fd9910b4000 rw-p 0000c000 08:01 15343773                   /usr/lib/x86_64-linux-gnu/libdrm_radeon.so.1.0.1
7fd9910b4000-7fd9910ba000 r-xp 00000000 08:01 15343771                   /usr/lib/x86_64-linux-gnu/libdrm_nouveau.so.2.0.0
7fd9910ba000-7fd9912b9000 ---p 00006000 08:01 15343771                   /usr/lib/x86_64-linux-gnu/libdrm_nouveau.so.2.0.0
7fd9912b9000-7fd9912ba000 r--p 00005000 08:01 15343771                   /usr/lib/x86_64-linux-gnu/libdrm_nouveau.so.2.0.0
7fd9912ba000-7fd9912bb000 rw-p 00006000 08:01 15343771                   /usr/lib/x86_64-linux-gnu/libdrm_nouveau.so.2.0.0
7fd9912bb000-7fd991a2e000 r-xp 00000000 08:01 15603600                   /usr/lib/x86_64-linux-gnu/dri/nouveau_dri.so
7fd991a2e000-7fd991c2d000 ---p 00773000 08:01 15603600                   /usr/lib/x86_64-linux-gnu/dri/nouveau_dri.so
7fd991c2d000-7fd991c84000 r--p 00772000 08:01 15603600                   /usr/lib/x86_64-linux-gnu/dri/nouveau_dri.so
7fd991c84000-7fd991c90000 rw-p 007c9000 08:01 15603600                   /usr/lib/x86_64-linux-gnu/dri/nouveau_dri.so
7fd991c90000-7fd991e75000 rw-p 00000000 00:00 0 
7fd991e75000-7fd991e87000 r-xp 00000000 08:01 27263385                   /lib/x86_64-linux-gnu/libudev.so.1.6.2
7fd991e87000-7fd992086000 ---p 00012000 08:01 27263385                   /lib/x86_64-linux-gnu/libudev.so.1.6.2
7fd992086000-7fd992087000 r--p 00011000 08:01 27263385                   /lib/x86_64-linux-gnu/libudev.so.1.6.2
7fd992087000-7fd992088000 rw-p 00012000 08:01 27263385                   /lib/x86_64-linux-gnu/libudev.so.1.6.2
7fd992088000-7fd99208a000 r-xp 00000000 08:01 15343521                   /usr/lib/x86_64-linux-gnu/libXinerama.so.1.0.0
7fd99208a000-7fd992289000 ---p 00002000 08:01 15343521                   /usr/lib/x86_64-linux-gnu/libXinerama.so.1.0.0
7fd992289000-7fd99228a000 r--p 00001000 08:01 15343521                   /usr/lib/x86_64-linux-gnu/libXinerama.so.1.0.0
7fd99228a000-7fd99228b000 rw-p 00002000 08:01 15343521                   /usr/lib/x86_64-linux-gnu/libXinerama.so.1.0.0
7fd99228b000-7fd9922d0000 r-xp 00000000 08:01 28312172                   /tmp/jogamp_0000/file_cache/jln8153365026393184849/jln2347542858519993460/libjogl_mobile.so
7fd9922d0000-7fd9924d0000 ---p 00045000 08:01 28312172                   /tmp/jogamp_0000/file_cache/jln8153365026393184849/jln2347542858519993460/libjogl_mobile.so
7fd9924d0000-7fd9924d1000 rw-p 00045000 08:01 28312172                   /tmp/jogamp_0000/file_cache/jln8153365026393184849/jln2347542858519993460/libjogl_mobile.so
7fd9924d1000-7fd9924d8000 r-xp 00000000 08:01 15343817                   /usr/lib/x86_64-linux-gnu/libffi.so.6.0.4
7fd9924d8000-7fd9926d7000 ---p 00007000 08:01 15343817                   /usr/lib/x86_64-linux-gnu/libffi.so.6.0.4
7fd9926d7000-7fd9926d8000 r--p 00006000 08:01 15343817                   /usr/lib/x86_64-linux-gnu/libffi.so.6.0.4
7fd9926d8000-7fd9926d9000 rw-p 00007000 08:01 15343817                   /usr/lib/x86_64-linux-gnu/libffi.so.6.0.4
7fd9926d9000-7fd9926e6000 r-xp 00000000 08:01 15340550                   /usr/lib/x86_64-linux-gnu/libgbm.so.1.0.0
7fd9926e6000-7fd9928e5000 ---p 0000d000 08:01 15340550                   /usr/lib/x86_64-linux-gnu/libgbm.so.1.0.0
7fd9928e5000-7fd9928e6000 r--p 0000c000 08:01 15340550                   /usr/lib/x86_64-linux-gnu/libgbm.so.1.0.0
7fd9928e6000-7fd9928e7000 rw-p 0000d000 08:01 15340550                   /usr/lib/x86_64-linux-gnu/libgbm.so.1.0.0
7fd9928e7000-7fd9928f6000 r-xp 00000000 08:01 15344604                   /usr/lib/x86_64-linux-gnu/libwayland-server.so.0.1.0
7fd9928f6000-7fd992af5000 ---p 0000f000 08:01 15344604                   /usr/lib/x86_64-linux-gnu/libwayland-server.so.0.1.0
7fd992af5000-7fd992af8000 r--p 0000e000 08:01 15344604                   /usr/lib/x86_64-linux-gnu/libwayland-server.so.0.1.0
7fd992af8000-7fd992af9000 rw-p 00011000 08:01 15344604                   /usr/lib/x86_64-linux-gnu/libwayland-server.so.0.1.0
7fd992af9000-7fd992b05000 r-xp 00000000 08:01 15344598                   /usr/lib/x86_64-linux-gnu/libwayland-client.so.0.3.0
7fd992b05000-7fd992d04000 ---p 0000c000 08:01 15344598                   /usr/lib/x86_64-linux-gnu/libwayland-client.so.0.3.0
7fd992d04000-7fd992d06000 r--p 0000b000 08:01 15344598                   /usr/lib/x86_64-linux-gnu/libwayland-client.so.0.3.0
7fd992d06000-7fd992d07000 rw-p 0000d000 08:01 15344598                   /usr/lib/x86_64-linux-gnu/libwayland-client.so.0.3.0
7fd992d07000-7fd992d0c000 r-xp 00000000 08:01 15344692                   /usr/lib/x86_64-linux-gnu/libxcb-xfixes.so.0.0.0
7fd992d0c000-7fd992f0c000 ---p 00005000 08:01 15344692                   /usr/lib/x86_64-linux-gnu/libxcb-xfixes.so.0.0.0
7fd992f0c000-7fd992f0d000 r--p 00005000 08:01 15344692                   /usr/lib/x86_64-linux-gnu/libxcb-xfixes.so.0.0.0
7fd992f0d000-7fd992f0e000 rw-p 00006000 08:01 15344692                   /usr/lib/x86_64-linux-gnu/libxcb-xfixes.so.0.0.0
7fd992f0e000-7fd992f37000 r-xp 00000000 08:01 15729315                   /usr/lib/x86_64-linux-gnu/mesa-egl/libEGL.so.1.0.0
7fd992f37000-7fd993137000 ---p 00029000 08:01 15729315                   /usr/lib/x86_64-linux-gnu/mesa-egl/libEGL.so.1.0.0
7fd993137000-7fd993138000 r--p 00029000 08:01 15729315                   /usr/lib/x86_64-linux-gnu/mesa-egl/libEGL.so.1.0.0
7fd993138000-7fd993139000 rw-p 0002a000 08:01 15729315                   /usr/lib/x86_64-linux-gnu/mesa-egl/libEGL.so.1.0.0
7fd993139000-7fd99313a000 rw-p 00000000 00:00 0 
7fd99313a000-7fd9931df000 r-xp 00000000 08:01 28312169                   /tmp/jogamp_0000/file_cache/jln8153365026393184849/jln2347542858519993460/libjogl_desktop.so
7fd9931df000-7fd9933df000 ---p 000a5000 08:01 28312169                   /tmp/jogamp_0000/file_cache/jln8153365026393184849/jln2347542858519993460/libjogl_desktop.so
7fd9933df000-7fd9933e0000 rw-p 000a5000 08:01 28312169                   /tmp/jogamp_0000/file_cache/jln8153365026393184849/jln2347542858519993460/libjogl_desktop.so
7fd9933e0000-7fd9933ec000 r-xp 00000000 08:01 15343767                   /usr/lib/x86_64-linux-gnu/libdrm.so.2.4.0
7fd9933ec000-7fd9935eb000 ---p 0000c000 08:01 15343767                   /usr/lib/x86_64-linux-gnu/libdrm.so.2.4.0
7fd9935eb000-7fd9935ec000 r--p 0000b000 08:01 15343767                   /usr/lib/x86_64-linux-gnu/libdrm.so.2.4.0
7fd9935ec000-7fd9935ed000 rw-p 0000c000 08:01 15343767                   /usr/lib/x86_64-linux-gnu/libdrm.so.2.4.0
7fd9935ed000-7fd9935ee000 r-xp 00000000 08:01 15344706                   /usr/lib/x86_64-linux-gnu/libxshmfence.so.1.0.0
7fd9935ee000-7fd9937ed000 ---p 00001000 08:01 15344706                   /usr/lib/x86_64-linux-gnu/libxshmfence.so.1.0.0
7fd9937ed000-7fd9937ee000 r--p 00000000 08:01 15344706                   /usr/lib/x86_64-linux-gnu/libxshmfence.so.1.0.0
7fd9937ee000-7fd9937ef000 rw-p 00001000 08:01 15344706                   /usr/lib/x86_64-linux-gnu/libxshmfence.so.1.0.0
7fd9937ef000-7fd9937f4000 r-xp 00000000 08:01 15344688                   /usr/lib/x86_64-linux-gnu/libxcb-sync.so.1.0.0
7fd9937f4000-7fd9939f3000 ---p 00005000 08:01 15344688                   /usr/lib/x86_64-linux-gnu/libxcb-sync.so.1.0.0
7fd9939f3000-7fd9939f4000 r--p 00004000 08:01 15344688                   /usr/lib/x86_64-linux-gnu/libxcb-sync.so.1.0.0
7fd9939f4000-7fd9939f5000 rw-p 00005000 08:01 15344688                   /usr/lib/x86_64-linux-gnu/libxcb-sync.so.1.0.0
7fd9939f5000-7fd9939f7000 r-xp 00000000 08:01 15344676                   /usr/lib/x86_64-linux-gnu/libxcb-present.so.0.0.0
7fd9939f7000-7fd993bf6000 ---p 00002000 08:01 15344676                   /usr/lib/x86_64-linux-gnu/libxcb-present.so.0.0.0
7fd993bf6000-7fd993bf7000 r--p 00001000 08:01 15344676                   /usr/lib/x86_64-linux-gnu/libxcb-present.so.0.0.0
7fd993bf7000-7fd993bf8000 rw-p 00002000 08:01 15344676                   /usr/lib/x86_64-linux-gnu/libxcb-present.so.0.0.0
7fd993bf8000-7fd993bfa000 r-xp 00000000 08:01 15344666                   /usr/lib/x86_64-linux-gnu/libxcb-dri3.so.0.0.0
7fd993bfa000-7fd993df9000 ---p 00002000 08:01 15344666                   /usr/lib/x86_64-linux-gnu/libxcb-dri3.so.0.0.0
7fd993df9000-7fd993dfa000 r--p 00001000 08:01 15344666                   /usr/lib/x86_64-linux-gnu/libxcb-dri3.so.0.0.0
7fd993dfa000-7fd993dfb000 rw-p 00002000 08:01 15344666                   /usr/lib/x86_64-linux-gnu/libxcb-dri3.so.0.0.0
7fd993dfb000-7fd993dfe000 r-xp 00000000 08:01 15344664                   /usr/lib/x86_64-linux-gnu/libxcb-dri2.so.0.0.0
7fd993dfe000-7fd993ffe000 ---p 00003000 08:01 15344664                   /usr/lib/x86_64-linux-gnu/libxcb-dri2.so.0.0.0
7fd993ffe000-7fd993fff000 r--p 00003000 08:01 15344664                   /usr/lib/x86_64-linux-gnu/libxcb-dri2.so.0.0.0
7fd993fff000-7fd994000000 rw-p 00004000 08:01 15344664                   /usr/lib/x86_64-linux-gnu/libxcb-dri2.so.0.0.0
7fd994000000-7fd994021000 rw-p 00000000 00:00 0 
7fd994021000-7fd998000000 ---p 00000000 00:00 0 
7fd998000000-7fd99818a000 rw-p 00000000 00:00 0 
7fd99818a000-7fd99c000000 ---p 00000000 00:00 0 
7fd99c000000-7fd99c607000 rw-p 00000000 00:00 0 
7fd99c607000-7fd9a0000000 ---p 00000000 00:00 0 
7fd9a0000000-7fd9a0664000 rw-p 00000000 00:00 0 
7fd9a0664000-7fd9a4000000 ---p 00000000 00:00 0 
7fd9a4000000-7fd9a4021000 rw-p 00000000 00:00 0 
7fd9a4021000-7fd9a8000000 ---p 00000000 00:00 0 
7fd9a8000000-7fd9a8579000 rw-p 00000000 00:00 0 
7fd9a8579000-7fd9ac000000 ---p 00000000 00:00 0 
7fd9ac000000-7fd9ac026000 rw-p 00000000 00:00 0 
7fd9ac026000-7fd9b0000000 ---p 00000000 00:00 0 
7fd9b0000000-7fd9b0021000 rw-p 00000000 00:00 0 
7fd9b0021000-7fd9b4000000 ---p 00000000 00:00 0 
7fd9b4000000-7fd9b4021000 rw-p 00000000 00:00 0 
7fd9b4021000-7fd9b8000000 ---p 00000000 00:00 0 
7fd9b8000000-7fd9b8021000 rw-p 00000000 00:00 0 
7fd9b8021000-7fd9bc000000 ---p 00000000 00:00 0 
7fd9bc05c000-7fd9bc071000 r-xp 00000000 08:01 15344668                   /usr/lib/x86_64-linux-gnu/libxcb-glx.so.0.0.0
7fd9bc071000-7fd9bc270000 ---p 00015000 08:01 15344668                   /usr/lib/x86_64-linux-gnu/libxcb-glx.so.0.0.0
7fd9bc270000-7fd9bc272000 r--p 00014000 08:01 15344668                   /usr/lib/x86_64-linux-gnu/libxcb-glx.so.0.0.0
7fd9bc272000-7fd9bc273000 rw-p 00016000 08:01 15344668                   /usr/lib/x86_64-linux-gnu/libxcb-glx.so.0.0.0
7fd9bc273000-7fd9bc274000 r-xp 00000000 08:01 15343492                   /usr/lib/x86_64-linux-gnu/libX11-xcb.so.1.0.0
7fd9bc274000-7fd9bc473000 ---p 00001000 08:01 15343492                   /usr/lib/x86_64-linux-gnu/libX11-xcb.so.1.0.0
7fd9bc473000-7fd9bc474000 r--p 00000000 08:01 15343492                   /usr/lib/x86_64-linux-gnu/libX11-xcb.so.1.0.0
7fd9bc474000-7fd9bc475000 rw-p 00001000 08:01 15343492                   /usr/lib/x86_64-linux-gnu/libX11-xcb.so.1.0.0
7fd9bc475000-7fd9bc477000 r-xp 00000000 08:01 15343507                   /usr/lib/x86_64-linux-gnu/libXdamage.so.1.1.0
7fd9bc477000-7fd9bc676000 ---p 00002000 08:01 15343507                   /usr/lib/x86_64-linux-gnu/libXdamage.so.1.1.0
7fd9bc676000-7fd9bc677000 r--p 00001000 08:01 15343507                   /usr/lib/x86_64-linux-gnu/libXdamage.so.1.1.0
7fd9bc677000-7fd9bc678000 rw-p 00002000 08:01 15343507                   /usr/lib/x86_64-linux-gnu/libXdamage.so.1.1.0
7fd9bc678000-7fd9bc69d000 r-xp 00000000 08:01 15343260                   /usr/lib/x86_64-linux-gnu/libglapi.so.0.0.0
7fd9bc69d000-7fd9bc89d000 ---p 00025000 08:01 15343260                   /usr/lib/x86_64-linux-gnu/libglapi.so.0.0.0
7fd9bc89d000-7fd9bc8a0000 r--p 00025000 08:01 15343260                   /usr/lib/x86_64-linux-gnu/libglapi.so.0.0.0
7fd9bc8a0000-7fd9bc8a1000 rw-p 00028000 08:01 15343260                   /usr/lib/x86_64-linux-gnu/libglapi.so.0.0.0
7fd9bc8a1000-7fd9bc8a2000 rw-p 00000000 00:00 0 
7fd9bc8a2000-7fd9bc8c8000 r-xp 00000000 08:01 27267358                   /lib/x86_64-linux-gnu/libexpat.so.1.6.0
7fd9bc8c8000-7fd9bcac7000 ---p 00026000 08:01 27267358                   /lib/x86_64-linux-gnu/libexpat.so.1.6.0
7fd9bcac7000-7fd9bcaca000 r--p 00025000 08:01 27267358                   /lib/x86_64-linux-gnu/libexpat.so.1.6.0
7fd9bcaca000-7fd9bcacb000 rw-p 00028000 08:01 27267358                   /lib/x86_64-linux-gnu/libexpat.so.1.6.0
7fd9bcacb000-7fd9bcb63000 r-xp 00000000 08:01 15732978                   /usr/lib/x86_64-linux-gnu/mesa/libGL.so.1.2.0
7fd9bcb63000-7fd9bcd62000 ---p 00098000 08:01 15732978                   /usr/lib/x86_64-linux-gnu/mesa/libGL.so.1.2.0
7fd9bcd62000-7fd9bcd65000 r--p 00097000 08:01 15732978                   /usr/lib/x86_64-linux-gnu/mesa/libGL.so.1.2.0
7fd9bcd65000-7fd9bcd66000 rw-p 0009a000 08:01 15732978                   /usr/lib/x86_64-linux-gnu/mesa/libGL.so.1.2.0
7fd9bcd66000-7fd9bcf67000 rw-p 00000000 00:00 0 
7fd9bcf67000-7fd9bcf6e000 r-xp 00000000 08:01 28312175                   /tmp/jogamp_0000/file_cache/jln8153365026393184849/jln2347542858519993460/libnativewindow_x11.so
7fd9bcf6e000-7fd9bd16d000 ---p 00007000 08:01 28312175                   /tmp/jogamp_0000/file_cache/jln8153365026393184849/jln2347542858519993460/libnativewindow_x11.so
7fd9bd16d000-7fd9bd16e000 rw-p 00006000 08:01 28312175                   /tmp/jogamp_0000/file_cache/jln8153365026393184849/jln2347542858519993460/libnativewindow_x11.so
7fd9bd16e000-7fd9bd36e000 rw-p 00000000 00:00 0 
7fd9bd36e000-7fd9bd372000 r-xp 00000000 08:01 15343549                   /usr/lib/x86_64-linux-gnu/libXxf86vm.so.1.0.0
7fd9bd372000-7fd9bd572000 ---p 00004000 08:01 15343549                   /usr/lib/x86_64-linux-gnu/libXxf86vm.so.1.0.0
7fd9bd572000-7fd9bd573000 r--p 00004000 08:01 15343549                   /usr/lib/x86_64-linux-gnu/libXxf86vm.so.1.0.0
7fd9bd573000-7fd9bd574000 rw-p 00005000 08:01 15343549                   /usr/lib/x86_64-linux-gnu/libXxf86vm.so.1.0.0
7fd9bd574000-7fd9bd576000 r-xp 00000000 08:01 28312173                   /tmp/jogamp_0000/file_cache/jln8153365026393184849/jln2347542858519993460/libnativewindow_awt.so
7fd9bd576000-7fd9bd775000 ---p 00002000 08:01 28312173                   /tmp/jogamp_0000/file_cache/jln8153365026393184849/jln2347542858519993460/libnativewindow_awt.so
7fd9bd775000-7fd9bd776000 rw-p 00001000 08:01 28312173                   /tmp/jogamp_0000/file_cache/jln8153365026393184849/jln2347542858519993460/libnativewindow_awt.so
7fd9bd776000-7fd9bd777000 r-xp 00000000 08:01 3450810                    /home/ema/Scaricati/jdk1.8.0_92/jre/lib/amd64/libjawt.so
7fd9bd777000-7fd9bd976000 ---p 00001000 08:01 3450810                    /home/ema/Scaricati/jdk1.8.0_92/jre/lib/amd64/libjawt.so
7fd9bd976000-7fd9bd977000 rw-p 00000000 08:01 3450810                    /home/ema/Scaricati/jdk1.8.0_92/jre/lib/amd64/libjawt.so
7fd9bd977000-7fd9bd979000 r-xp 00000000 08:01 28312168                   /tmp/jogamp_0000/file_cache/jln8153365026393184849/jln2347542858519993460/libgluegen-rt.so
7fd9bd979000-7fd9bdb78000 ---p 00002000 08:01 28312168                   /tmp/jogamp_0000/file_cache/jln8153365026393184849/jln2347542858519993460/libgluegen-rt.so
7fd9bdb78000-7fd9bdb79000 rw-p 00001000 08:01 28312168                   /tmp/jogamp_0000/file_cache/jln8153365026393184849/jln2347542858519993460/libgluegen-rt.so
7fd9bdb79000-7fd9bdb7c000 ---p 00000000 00:00 0 
7fd9bdb7c000-7fd9bdc7a000 rw-p 00000000 00:00 0 
7fd9bdc7a000-7fd9bdc7b000 r--s 00000000 08:01 19022310                   /var/cache/fontconfig/087e1975ba9a574b140bb1df193bf770-le64.cache-4
7fd9bdc7b000-7fd9bdc89000 r--s 00000000 08:01 19005654                   /var/cache/fontconfig/6aa41aa22e18b8fa06a12da28ea9c28b-le64.cache-4
7fd9bdc89000-7fd9bdc8a000 r--s 00000000 08:01 19005539                   /var/cache/fontconfig/c05880de57d1f5e948fdfacc138775d9-le64.cache-4
7fd9bdc8a000-7fd9bdc95000 r--s 00000000 08:01 19005531                   /var/cache/fontconfig/945677eb7aeaf62f1d50efc3fb3ec7d8-le64.cache-4
7fd9bdc95000-7fd9bdc9b000 r--s 00000000 08:01 19005516                   /var/cache/fontconfig/2cd17615ca594fa2959ae173292e504c-le64.cache-4
7fd9bdc9b000-7fd9bdc9c000 r--s 00000000 08:01 19005513                   /var/cache/fontconfig/0d8c3b2ac0904cb8a57a757ad11a4a08-le64.cache-4
7fd9bdc9c000-7fd9bdca3000 r--s 00000000 08:01 19005535                   /var/cache/fontconfig/a755afe4a08bf5b97852ceb7400b47bc-le64.cache-4
7fd9bdca3000-7fd9bdca7000 r--s 00000000 08:01 19005545                   /var/cache/fontconfig/6d41288fd70b0be22e8c3a91e032eec0-le64.cache-4
7fd9bdca7000-7fd9bdca8000 r--s 00000000 08:01 19005534                   /var/cache/fontconfig/a6354e3ac43af67bd8d7b8e43c34e49f-le64.cache-4
7fd9bdca8000-7fd9bdcbe000 r--s 00000000 08:01 19005511                   /var/cache/fontconfig/04aabc0a78ac019cf9454389977116d2-le64.cache-4
7fd9bdcbe000-7fd9bdcbf000 r--s 00000000 08:01 19005515                   /var/cache/fontconfig/1ac9eb803944fde146138c791f5cc56a-le64.cache-4
7fd9bdcbf000-7fd9bdcc3000 r--s 00000000 08:01 19005519                   /var/cache/fontconfig/385c0604a188198f04d133e54aba7fe7-le64.cache-4
7fd9bdcc3000-7fd9bdcc4000 r--s 00000000 08:01 19022308                   /var/cache/fontconfig/9c956a7723ca69a44b382d9179c9802f-le64.cache-4
7fd9bdcc4000-7fd9bdcc5000 r--s 00000000 08:01 19005546                   /var/cache/fontconfig/dc05db6664285cc2f12bf69c139ae4c3-le64.cache-4
7fd9bdcc5000-7fd9bdcc7000 r--s 00000000 08:01 19005528                   /var/cache/fontconfig/767a8244fc0220cfb567a839d0392e0b-le64.cache-4
7fd9bdcc7000-7fd9bdccc000 r--s 00000000 08:01 19005530                   /var/cache/fontconfig/8801497958630a81b71ace7c5f9b32a8-le64.cache-4
7fd9bdce8000-7fd9bdce9000 rw-s 1236a2000 00:06 9579                      /dev/dri/card0
7fd9bdce9000-7fd9bdd09000 rw-s 123682000 00:06 9579                      /dev/dri/card0
7fd9bdd09000-7fd9bdd0d000 rw-s 123656000 00:06 9579                      /dev/dri/card0
7fd9bdd0d000-7fd9bdd0f000 rw-s 123660000 00:06 9579                      /dev/dri/card0
7fd9bdd0f000-7fd9bdd13000 rw-s 12365a000 00:06 9579                      /dev/dri/card0
7fd9bdd1f000-7fd9bdd20000 rw-p 00000000 00:00 0 
7fd9bdd20000-7fd9bdd21000 rwxp 00000000 00:00 0 
7fd9bdd21000-7fd9bdd22000 rw-s 110d17000 00:06 9579                      /dev/dri/card0
7fd9bdd22000-7fd9bdd23000 r--s 0002f000 08:01 3540414                    /home/ema/Dropbox/ACCADEMIC/Programmi/Java/ucsdunfoldingmaps/lib/jogl-all-natives-linux-amd64.jar
7fd9bdd23000-7fd9bdd25000 r--s 00000000 08:01 3540406                    /home/ema/Dropbox/ACCADEMIC/Programmi/Java/ucsdunfoldingmaps/lib/gluegen-rt-natives-linux-amd64.jar
7fd9bdd25000-7fd9bdd2f000 r--s 00116000 08:01 3450653                    /home/ema/Scaricati/jdk1.8.0_92/jre/lib/ext/localedata.jar
7fd9bdd2f000-7fd9bdd4b000 r--s 00393000 08:01 3450599                    /home/ema/Scaricati/jdk1.8.0_92/jre/lib/ext/cldrdata.jar
7fd9bdd4b000-7fd9bdd4e000 ---p 00000000 00:00 0 
7fd9bdd4e000-7fd9bdd84000 rw-p 00000000 00:00 0 
7fd9bdd84000-7fd9bdd85000 r--p 00000000 00:00 0 
7fd9bdd85000-7fd9bdf85000 rw-p 00000000 00:00 0 
7fd9bdf85000-7fd9bdf88000 ---p 00000000 00:00 0 
7fd9bdf88000-7fd9be086000 rw-p 00000000 00:00 0 
7fd9be086000-7fd9be089000 ---p 00000000 00:00 0 
7fd9be089000-7fd9be187000 rw-p 00000000 00:00 0 
7fd9be187000-7fd9be1f0000 r-xp 00000000 08:01 3450779                    /home/ema/Scaricati/jdk1.8.0_92/jre/lib/amd64/libt2k.so
7fd9be1f0000-7fd9be3f0000 ---p 00069000 08:01 3450779                    /home/ema/Scaricati/jdk1.8.0_92/jre/lib/amd64/libt2k.so
7fd9be3f0000-7fd9be3f7000 rw-p 00069000 08:01 3450779                    /home/ema/Scaricati/jdk1.8.0_92/jre/lib/amd64/libt2k.so
7fd9be3f7000-7fd9be607000 rw-p 00000000 00:00 0 
7fd9be607000-7fd9be60b000 r--s 00097000 08:01 3450594                    /home/ema/Scaricati/jdk1.8.0_92/jre/lib/jsse.jar
7fd9be60b000-7fd9be61c000 r-xp 00000000 08:01 3450822                    /home/ema/Scaricati/jdk1.8.0_92/jre/lib/amd64/libnio.so
7fd9be61c000-7fd9be81b000 ---p 00011000 08:01 3450822                    /home/ema/Scaricati/jdk1.8.0_92/jre/lib/amd64/libnio.so
7fd9be81b000-7fd9be81c000 rw-p 00010000 08:01 3450822                    /home/ema/Scaricati/jdk1.8.0_92/jre/lib/amd64/libnio.so
7fd9be81c000-7fd9beb1d000 rw-p 00000000 00:00 0 
7fd9beb1d000-7fd9beb33000 r-xp 00000000 08:01 3450819                    /home/ema/Scaricati/jdk1.8.0_92/jre/lib/amd64/libnet.so
7fd9beb33000-7fd9bed33000 ---p 00016000 08:01 3450819                    /home/ema/Scaricati/jdk1.8.0_92/jre/lib/amd64/libnet.so
7fd9bed33000-7fd9bed34000 rw-p 00016000 08:01 3450819                    /home/ema/Scaricati/jdk1.8.0_92/jre/lib/amd64/libnet.so
7fd9bed34000-7fd9bed37000 ---p 00000000 00:00 0 
7fd9bed37000-7fd9bee35000 rw-p 00000000 00:00 0 
7fd9bee35000-7fd9bee38000 ---p 00000000 00:00 0 
7fd9bee38000-7fd9bef36000 rw-p 00000000 00:00 0 
7fd9bef36000-7fd9bef39000 ---p 00000000 00:00 0 
7fd9bef39000-7fd9bf037000 rw-p 00000000 00:00 0 
7fd9bf037000-7fd9bf03a000 ---p 00000000 00:00 0 
7fd9bf03a000-7fd9bf138000 rw-p 00000000 00:00 0 
7fd9bf138000-7fd9bf13d000 r-xp 00000000 08:01 15343513                   /usr/lib/x86_64-linux-gnu/libXfixes.so.3.1.0
7fd9bf13d000-7fd9bf33c000 ---p 00005000 08:01 15343513                   /usr/lib/x86_64-linux-gnu/libXfixes.so.3.1.0
7fd9bf33c000-7fd9bf33d000 r--p 00004000 08:01 15343513                   /usr/lib/x86_64-linux-gnu/libXfixes.so.3.1.0
7fd9bf33d000-7fd9bf33e000 rw-p 00005000 08:01 15343513                   /usr/lib/x86_64-linux-gnu/libXfixes.so.3.1.0
7fd9bf33e000-7fd9bf347000 r-xp 00000000 08:01 15343505                   /usr/lib/x86_64-linux-gnu/libXcursor.so.1.0.2
7fd9bf347000-7fd9bf546000 ---p 00009000 08:01 15343505                   /usr/lib/x86_64-linux-gnu/libXcursor.so.1.0.2
7fd9bf546000-7fd9bf547000 r--p 00008000 08:01 15343505                   /usr/lib/x86_64-linux-gnu/libXcursor.so.1.0.2
7fd9bf547000-7fd9bf548000 rw-p 00009000 08:01 15343505                   /usr/lib/x86_64-linux-gnu/libXcursor.so.1.0.2
7fd9bf548000-7fd9bf55e000 r-xp 00000000 08:01 27269807                   /lib/x86_64-linux-gnu/libgcc_s.so.1
7fd9bf55e000-7fd9bf75d000 ---p 00016000 08:01 27269807                   /lib/x86_64-linux-gnu/libgcc_s.so.1
7fd9bf75d000-7fd9bf75e000 rw-p 00015000 08:01 27269807                   /lib/x86_64-linux-gnu/libgcc_s.so.1
7fd9bf75e000-7fd9bf7c3000 r-xp 00000000 08:01 3450798                    /home/ema/Scaricati/jdk1.8.0_92/jre/lib/amd64/libfontmanager.so
7fd9bf7c3000-7fd9bf9c2000 ---p 00065000 08:01 3450798                    /home/ema/Scaricati/jdk1.8.0_92/jre/lib/amd64/libfontmanager.so
7fd9bf9c2000-7fd9bf9c7000 rw-p 00064000 08:01 3450798                    /home/ema/Scaricati/jdk1.8.0_92/jre/lib/amd64/libfontmanager.so
7fd9bf9c7000-7fd9bf9d7000 rw-p 00000000 00:00 0 
7fd9bf9d7000-7fd9bf9dc000 r-xp 00000000 08:01 15343509                   /usr/lib/x86_64-linux-gnu/libXdmcp.so.6.0.0
7fd9bf9dc000-7fd9bfbdb000 ---p 00005000 08:01 15343509                   /usr/lib/x86_64-linux-gnu/libXdmcp.so.6.0.0
7fd9bfbdb000-7fd9bfbdc000 r--p 00004000 08:01 15343509                   /usr/lib/x86_64-linux-gnu/libXdmcp.so.6.0.0
7fd9bfbdc000-7fd9bfbdd000 rw-p 00005000 08:01 15343509                   /usr/lib/x86_64-linux-gnu/libXdmcp.so.6.0.0
7fd9bfbdd000-7fd9bfbdf000 r-xp 00000000 08:01 15343498                   /usr/lib/x86_64-linux-gnu/libXau.so.6.0.0
7fd9bfbdf000-7fd9bfddf000 ---p 00002000 08:01 15343498                   /usr/lib/x86_64-linux-gnu/libXau.so.6.0.0
7fd9bfddf000-7fd9bfde0000 r--p 00002000 08:01 15343498                   /usr/lib/x86_64-linux-gnu/libXau.so.6.0.0
7fd9bfde0000-7fd9bfde1000 rw-p 00003000 08:01 15343498                   /usr/lib/x86_64-linux-gnu/libXau.so.6.0.0
7fd9bfde1000-7fd9bfdfe000 r-xp 00000000 08:01 15344696                   /usr/lib/x86_64-linux-gnu/libxcb.so.1.1.0
7fd9bfdfe000-7fd9bfffe000 ---p 0001d000 08:01 15344696                   /usr/lib/x86_64-linux-gnu/libxcb.so.1.1.0
7fd9bfffe000-7fd9bffff000 r--p 0001d000 08:01 15344696                   /usr/lib/x86_64-linux-gnu/libxcb.so.1.1.0
7fd9bffff000-7fd9c0000000 rw-p 0001e000 08:01 15344696                   /usr/lib/x86_64-linux-gnu/libxcb.so.1.1.0
7fd9c0000000-7fd9c04d9000 rw-p 00000000 00:00 0 
7fd9c04d9000-7fd9c4000000 ---p 00000000 00:00 0 
7fd9c4000000-7fd9c4021000 rw-p 00000000 00:00 0 
7fd9c4021000-7fd9c8000000 ---p 00000000 00:00 0 
7fd9c8000000-7fd9c8391000 rw-p 00000000 00:00 0 
7fd9c8391000-7fd9cc000000 ---p 00000000 00:00 0 
7fd9cc000000-7fd9cc176000 rw-p 00000000 00:00 0 
7fd9cc176000-7fd9d0000000 ---p 00000000 00:00 0 
7fd9d0000000-7fd9d0021000 rw-p 00000000 00:00 0 
7fd9d0021000-7fd9d4000000 ---p 00000000 00:00 0 
7fd9d4000000-7fd9d442a000 rw-p 00000000 00:00 0 
7fd9d442a000-7fd9d8000000 ---p 00000000 00:00 0 
7fd9d8000000-7fd9d8021000 rw-p 00000000 00:00 0 
7fd9d8021000-7fd9dc000000 ---p 00000000 00:00 0 
7fd9dc000000-7fd9dc021000 rw-p 00000000 00:00 0 
7fd9dc021000-7fd9e0000000 ---p 00000000 00:00 0 
7fd9e0000000-7fd9e0021000 rw-p 00000000 00:00 0 
7fd9e0021000-7fd9e4000000 ---p 00000000 00:00 0 
7fd9e4000000-7fd9e4001000 r--s 00000000 08:01 19019501                   /var/cache/fontconfig/4794a0821666d79190d59a36cb4f44b5-le64.cache-4
7fd9e4001000-7fd9e4002000 r--s 00000000 08:01 19022306                   /var/cache/fontconfig/9eae20f1ff8cc0a7d125749e875856bd-le64.cache-4
7fd9e4002000-7fd9e4004000 r--s 00000000 08:01 19022305                   /var/cache/fontconfig/bf2c1853a9e9b00bb02fe2e9bcf1e201-le64.cache-4
7fd9e4004000-7fd9e4008000 r--s 00000000 08:01 19019549                   /var/cache/fontconfig/c57959a16110560c8d0fcea73374aeeb-le64.cache-4
7fd9e4008000-7fd9e4009000 r--s 00000000 08:01 19005538                   /var/cache/fontconfig/bab58bb527bb656aaa9f116d68a48d89-le64.cache-4
7fd9e4009000-7fd9e4010000 r--s 00000000 08:01 19005517                   /var/cache/fontconfig/3047814df9a2f067bd2d96a2b9c36e5a-le64.cache-4
7fd9e4010000-7fd9e4018000 r--s 00000000 08:01 19022303                   /var/cache/fontconfig/bf3b770c553c462765856025a94f1ce6-le64.cache-4
7fd9e4018000-7fd9e4019000 r--s 00000000 08:01 19005524                   /var/cache/fontconfig/56cf4f4769d0f4abc89a4895d7bd3ae1-le64.cache-4
7fd9e4019000-7fd9e401a000 r--s 00000000 08:01 19005537                   /var/cache/fontconfig/b9d506c9ac06c20b433354fa67a72993-le64.cache-4
7fd9e401a000-7fd9e4020000 r--s 00000000 08:01 19005536                   /var/cache/fontconfig/b47c4e1ecd0709278f4910c18777a504-le64.cache-4
7fd9e4020000-7fd9e4023000 r--s 00000000 08:01 19022298                   /var/cache/fontconfig/14d493b97896515cad3840ba4896e372-le64.cache-4
7fd9e4023000-7fd9e4024000 r--s 00000000 08:01 19022295                   /var/cache/fontconfig/89034621ae2a8922916bb6bfa5799546-le64.cache-4
7fd9e4024000-7fd9e4027000 r--s 00000000 08:01 19020951                   /var/cache/fontconfig/e49e89034d371f0f9de17aab02136486-le64.cache-4
7fd9e4027000-7fd9e4029000 r--s 00000000 08:01 19020949                   /var/cache/fontconfig/4b14b093aebc79c320de5e86ae1d3314-le64.cache-4
7fd9e4029000-7fd9e403c000 r--s 00000000 08:01 19005543                   /var/cache/fontconfig/d52a8644073d54c13679302ca1180695-le64.cache-4
7fd9e403c000-7fd9e403d000 r--s 00000000 08:01 19005523                   /var/cache/fontconfig/551ecf3b0e8b0bca0f25c0944f561853-le64.cache-4
7fd9e403d000-7fd9e403e000 r--s 00000000 08:01 19022293                   /var/cache/fontconfig/8a687c406b77f27d99abfeeba937fcce-le64.cache-4
7fd9e403e000-7fd9e4043000 r--s 00000000 08:01 19022291                   /var/cache/fontconfig/75ad6aa2358a85f0de2c8ee4837e8227-le64.cache-4
7fd9e4043000-7fd9e404d000 r--s 00000000 08:01 19005520                   /var/cache/fontconfig/3f7329c5293ffd510edef78f73874cfd-le64.cache-4
7fd9e404d000-7fd9e404f000 r--s 00000000 08:01 19022288                   /var/cache/fontconfig/65f976e5259cbe6dc7697b8648396239-le64.cache-4
7fd9e404f000-7fd9e405a000 r--s 00000000 08:01 19018232                   /var/cache/fontconfig/d589a48862398ed80a3d6066f4f56f4c-le64.cache-4
7fd9e405a000-7fd9e405e000 r--s 00000000 08:01 19022285                   /var/cache/fontconfig/246184dc75a16901ca37d96895904249-le64.cache-4
7fd9e405e000-7fd9e405f000 r--s 00000000 08:01 19022282                   /var/cache/fontconfig/94f7fe9bd33aadfac165873bd010d595-le64.cache-4
7fd9e405f000-7fd9e4061000 r--s 00000000 08:01 19022280                   /var/cache/fontconfig/423767150eb258c59035de29db6fca84-le64.cache-4
7fd9e4061000-7fd9e406e000 r--s 00000000 08:01 19022277                   /var/cache/fontconfig/198d8fcf01c96d0cf813f74fd759bdb7-le64.cache-4
7fd9e406e000-7fd9e4079000 r--s 00000000 08:01 19022274                   /var/cache/fontconfig/83bf95040141907cd45bb53cf7c1c148-le64.cache-4
7fd9e4079000-7fd9e4082000 r--s 00000000 08:01 19013761                   /var/cache/fontconfig/d0972c3d32f097851eb916381fc38920-le64.cache-4
7fd9e4082000-7fd9e4095000 r--s 00000000 08:01 19022270                   /var/cache/fontconfig/4ac51e5cfbc76fc3f983e470323a16d3-le64.cache-4
7fd9e4095000-7fd9e40b6000 r--s 00000000 08:01 19005633                   /var/cache/fontconfig/e13b20fdb08344e0e664864cc2ede53d-le64.cache-4
7fd9e40b6000-7fd9e40c3000 r--s 00000000 08:01 19018230                   /var/cache/fontconfig/8f02d4cb045bd6ce15663e43f347c9f8-le64.cache-4
7fd9e40c3000-7fd9e40e1000 r--s 00000000 08:01 19018227                   /var/cache/fontconfig/467c019e582ee353435ea5c21d137ef6-le64.cache-4
7fd9e40e1000-7fd9e40e4000 ---p 00000000 00:00 0 
7fd9e40e4000-7fd9e41e2000 rw-p 00000000 00:00 0 
7fd9e41e2000-7fd9e41f1000 r-xp 00000000 08:01 15343519                   /usr/lib/x86_64-linux-gnu/libXi.so.6.1.0
7fd9e41f1000-7fd9e43f0000 ---p 0000f000 08:01 15343519                   /usr/lib/x86_64-linux-gnu/libXi.so.6.1.0
7fd9e43f0000-7fd9e43f1000 r--p 0000e000 08:01 15343519                   /usr/lib/x86_64-linux-gnu/libXi.so.6.1.0
7fd9e43f1000-7fd9e43f2000 rw-p 0000f000 08:01 15343519                   /usr/lib/x86_64-linux-gnu/libXi.so.6.1.0
7fd9e43f2000-7fd9e43f7000 r-xp 00000000 08:01 15343539                   /usr/lib/x86_64-linux-gnu/libXtst.so.6.1.0
7fd9e43f7000-7fd9e45f6000 ---p 00005000 08:01 15343539                   /usr/lib/x86_64-linux-gnu/libXtst.so.6.1.0
7fd9e45f6000-7fd9e45f7000 r--p 00004000 08:01 15343539                   /usr/lib/x86_64-linux-gnu/libXtst.so.6.1.0
7fd9e45f7000-7fd9e45f8000 rw-p 00005000 08:01 15343539                   /usr/lib/x86_64-linux-gnu/libXtst.so.6.1.0
7fd9e45f8000-7fd9e4601000 r-xp 00000000 08:01 15343533                   /usr/lib/x86_64-linux-gnu/libXrender.so.1.3.0
7fd9e4601000-7fd9e4800000 ---p 00009000 08:01 15343533                   /usr/lib/x86_64-linux-gnu/libXrender.so.1.3.0
7fd9e4800000-7fd9e4801000 r--p 00008000 08:01 15343533                   /usr/lib/x86_64-linux-gnu/libXrender.so.1.3.0
7fd9e4801000-7fd9e4802000 rw-p 00009000 08:01 15343533                   /usr/lib/x86_64-linux-gnu/libXrender.so.1.3.0
7fd9e4802000-7fd9e4935000 r-xp 00000000 08:01 15343494                   /usr/lib/x86_64-linux-gnu/libX11.so.6.3.0
7fd9e4935000-7fd9e4b35000 ---p 00133000 08:01 15343494                   /usr/lib/x86_64-linux-gnu/libX11.so.6.3.0
7fd9e4b35000-7fd9e4b36000 r--p 00133000 08:01 15343494                   /usr/lib/x86_64-linux-gnu/libX11.so.6.3.0
7fd9e4b36000-7fd9e4b3a000 rw-p 00134000 08:01 15343494                   /usr/lib/x86_64-linux-gnu/libX11.so.6.3.0
7fd9e4b3a000-7fd9e4b3b000 rw-p 00000000 00:00 0 
7fd9e4b3b000-7fd9e4b4c000 r-xp 00000000 08:01 15343511                   /usr/lib/x86_64-linux-gnu/libXext.so.6.4.0
7fd9e4b4c000-7fd9e4d4b000 ---p 00011000 08:01 15343511                   /usr/lib/x86_64-linux-gnu/libXext.so.6.4.0
7fd9e4d4b000-7fd9e4d4c000 r--p 00010000 08:01 15343511                   /usr/lib/x86_64-linux-gnu/libXext.so.6.4.0
7fd9e4d4c000-7fd9e4d4d000 rw-p 00011000 08:01 15343511                   /usr/lib/x86_64-linux-gnu/libXext.so.6.4.0
7fd9e4d4d000-7fd9e4d4e000 r--s 00000000 08:01 19022279                   /var/cache/fontconfig/406a1d2d2bf3ed7664fbadefac0b2f66-le64.cache-4
7fd9e4d4e000-7fd9e4d71000 r--s 002ec000 08:01 3540429                    /home/ema/Dropbox/ACCADEMIC/Programmi/Java/ucsdunfoldingmaps/lib/jogl-all.jar
7fd9e4d71000-7fd9e4dc5000 r-xp 00000000 08:01 3450826                    /home/ema/Scaricati/jdk1.8.0_92/jre/lib/amd64/libawt_xawt.so
7fd9e4dc5000-7fd9e4fc5000 ---p 00054000 08:01 3450826                    /home/ema/Scaricati/jdk1.8.0_92/jre/lib/amd64/libawt_xawt.so
7fd9e4fc5000-7fd9e4fc9000 rw-p 00054000 08:01 3450826                    /home/ema/Scaricati/jdk1.8.0_92/jre/lib/amd64/libawt_xawt.so
7fd9e4fc9000-7fd9e4fca000 rw-p 00000000 00:00 0 
7fd9e4fca000-7fd9e506c000 r-xp 00000000 08:01 3450809                    /home/ema/Scaricati/jdk1.8.0_92/jre/lib/amd64/libawt.so
7fd9e506c000-7fd9e526c000 ---p 000a2000 08:01 3450809                    /home/ema/Scaricati/jdk1.8.0_92/jre/lib/amd64/libawt.so
7fd9e526c000-7fd9e5278000 rw-p 000a2000 08:01 3450809                    /home/ema/Scaricati/jdk1.8.0_92/jre/lib/amd64/libawt.so
7fd9e5278000-7fd9e529c000 rw-p 00000000 00:00 0 
7fd9e529c000-7fd9e529d000 ---p 00000000 00:00 0 
7fd9e529d000-7fd9e539d000 rw-p 00000000 00:00 0 
7fd9e539d000-7fd9e53a0000 ---p 00000000 00:00 0 
7fd9e53a0000-7fd9e549e000 rw-p 00000000 00:00 0 
7fd9e549e000-7fd9e54a1000 ---p 00000000 00:00 0 
7fd9e54a1000-7fd9e559f000 rw-p 00000000 00:00 0 
7fd9e559f000-7fd9e55a2000 ---p 00000000 00:00 0 
7fd9e55a2000-7fd9e56a0000 rw-p 00000000 00:00 0 
7fd9e56a0000-7fd9e56a3000 ---p 00000000 00:00 0 
7fd9e56a3000-7fd9e57a1000 rw-p 00000000 00:00 0 
7fd9e57a1000-7fd9e57a4000 ---p 00000000 00:00 0 
7fd9e57a4000-7fd9e58a2000 rw-p 00000000 00:00 0 
7fd9e58a2000-7fd9e58a5000 ---p 00000000 00:00 0 
7fd9e58a5000-7fd9e59a3000 rw-p 00000000 00:00 0 
7fd9e59a3000-7fd9e6086000 r--p 00000000 08:01 15342584                   /usr/lib/locale/locale-archive
7fd9e6086000-7fd9e6089000 ---p 00000000 00:00 0 
7fd9e6089000-7fd9e6187000 rw-p 00000000 00:00 0 
7fd9e6187000-7fd9e618a000 ---p 00000000 00:00 0 
7fd9e618a000-7fd9e6288000 rw-p 00000000 00:00 0 
7fd9e6288000-7fd9e6289000 ---p 00000000 00:00 0 
7fd9e6289000-7fd9e7e27000 rw-p 00000000 00:00 0 
7fd9e7e27000-7fd9e8000000 r--s 03d24000 08:01 3450543                    /home/ema/Scaricati/jdk1.8.0_92/jre/lib/rt.jar
7fd9e8000000-7fd9e8021000 rw-p 00000000 00:00 0 
7fd9e8021000-7fd9ec000000 ---p 00000000 00:00 0 
7fd9ec000000-7fd9ec021000 rw-p 00000000 00:00 0 
7fd9ec021000-7fd9f0000000 ---p 00000000 00:00 0 
7fd9f0000000-7fd9f0021000 rw-p 00000000 00:00 0 
7fd9f0021000-7fd9f4000000 ---p 00000000 00:00 0 
7fd9f4000000-7fd9f4021000 rw-p 00000000 00:00 0 
7fd9f4021000-7fd9f8000000 ---p 00000000 00:00 0 
7fd9f8000000-7fd9f8021000 rw-p 00000000 00:00 0 
7fd9f8021000-7fd9fc000000 ---p 00000000 00:00 0 
7fd9fc000000-7fd9fc021000 rw-p 00000000 00:00 0 
7fd9fc021000-7fda00000000 ---p 00000000 00:00 0 
7fda00000000-7fda00021000 rw-p 00000000 00:00 0 
7fda00021000-7fda04000000 ---p 00000000 00:00 0 
7fda04000000-7fda04021000 rw-p 00000000 00:00 0 
7fda04021000-7fda08000000 ---p 00000000 00:00 0 
7fda08000000-7fda08002000 r--s 00000000 08:01 19022278                   /var/cache/fontconfig/67709b7835c0f764c1135060c9575660-le64.cache-4
7fda08002000-7fda08009000 r--s 00000000 08:01 19022271                   /var/cache/fontconfig/53d14c92082a93e67d5078324eb314ca-le64.cache-4
7fda08009000-7fda0bb35000 rw-p 00000000 00:00 0 
7fda0bb35000-7fda0bb36000 ---p 00000000 00:00 0 
7fda0bb36000-7fda0bc36000 rw-p 00000000 00:00 0 
7fda0bc36000-7fda0bc37000 ---p 00000000 00:00 0 
7fda0bc37000-7fda0bd37000 rw-p 00000000 00:00 0 
7fda0bd37000-7fda0bd38000 ---p 00000000 00:00 0 
7fda0bd38000-7fda0be38000 rw-p 00000000 00:00 0 
7fda0be38000-7fda0be39000 ---p 00000000 00:00 0 
7fda0be39000-7fda0bf39000 rw-p 00000000 00:00 0 
7fda0bf39000-7fda0bf3a000 ---p 00000000 00:00 0 
7fda0bf3a000-7fda0c03a000 rw-p 00000000 00:00 0 
7fda0c03a000-7fda0c03b000 ---p 00000000 00:00 0 
7fda0c03b000-7fda0c13b000 rw-p 00000000 00:00 0 
7fda0c13b000-7fda0c13c000 ---p 00000000 00:00 0 
7fda0c13c000-7fda0c23c000 rw-p 00000000 00:00 0 
7fda0c23c000-7fda0c23d000 ---p 00000000 00:00 0 
7fda0c23d000-7fda0c35d000 rw-p 00000000 00:00 0 
7fda0c35d000-7fda0c52e000 ---p 00000000 00:00 0 
7fda0c52e000-7fda0c54e000 rw-p 00000000 00:00 0 
7fda0c54e000-7fda0c71e000 ---p 00000000 00:00 0 
7fda0c71e000-7fda0c72f000 rw-p 00000000 00:00 0 
7fda0c72f000-7fda0c817000 ---p 00000000 00:00 0 
7fda0c817000-7fda0c835000 rw-p 00000000 00:00 0 
7fda0c835000-7fda0cbd8000 ---p 00000000 00:00 0 
7fda0cbd8000-7fda0d2e8000 rwxp 00000000 00:00 0 
7fda0d2e8000-7fda1bbd8000 ---p 00000000 00:00 0 
7fda1bbd8000-7fda1bbf2000 r-xp 00000000 08:01 3450813                    /home/ema/Scaricati/jdk1.8.0_92/jre/lib/amd64/libzip.so
7fda1bbf2000-7fda1bdf2000 ---p 0001a000 08:01 3450813                    /home/ema/Scaricati/jdk1.8.0_92/jre/lib/amd64/libzip.so
7fda1bdf2000-7fda1bdf3000 rw-p 0001a000 08:01 3450813                    /home/ema/Scaricati/jdk1.8.0_92/jre/lib/amd64/libzip.so
7fda1bdf3000-7fda1bdff000 r-xp 00000000 08:01 27267297                   /lib/x86_64-linux-gnu/libnss_files-2.21.so
7fda1bdff000-7fda1bffe000 ---p 0000c000 08:01 27267297                   /lib/x86_64-linux-gnu/libnss_files-2.21.so
7fda1bffe000-7fda1bfff000 r--p 0000b000 08:01 27267297                   /lib/x86_64-linux-gnu/libnss_files-2.21.so
7fda1bfff000-7fda1c000000 rw-p 0000c000 08:01 27267297                   /lib/x86_64-linux-gnu/libnss_files-2.21.so
7fda1c000000-7fda1c2d6000 rw-p 00000000 00:00 0 
7fda1c2d6000-7fda20000000 ---p 00000000 00:00 0 
7fda20000000-7fda20001000 r--s 00000000 08:01 19005512                   /var/cache/fontconfig/0c9eb80ebd1c36541ebe2852d3bb0c49-le64.cache-4
7fda20001000-7fda20004000 r--s 00000000 08:01 19022275                   /var/cache/fontconfig/75114ca45c98e8a441da0ff356701271-le64.cache-4
7fda20004000-7fda20009000 r--s 00000000 08:01 19022268                   /var/cache/fontconfig/3629f2adf904f9a612908891fae71ceb-le64.cache-4
7fda20009000-7fda200a0000 rw-p 00000000 00:00 0 
7fda200a0000-7fda200ab000 r-xp 00000000 08:01 27267307                   /lib/x86_64-linux-gnu/libnss_nis-2.21.so
7fda200ab000-7fda202aa000 ---p 0000b000 08:01 27267307                   /lib/x86_64-linux-gnu/libnss_nis-2.21.so
7fda202aa000-7fda202ab000 r--p 0000a000 08:01 27267307                   /lib/x86_64-linux-gnu/libnss_nis-2.21.so
7fda202ab000-7fda202ac000 rw-p 0000b000 08:01 27267307                   /lib/x86_64-linux-gnu/libnss_nis-2.21.so
7fda202ac000-7fda202c3000 r-xp 00000000 08:01 27267291                   /lib/x86_64-linux-gnu/libnsl-2.21.so
7fda202c3000-7fda204c2000 ---p 00017000 08:01 27267291                   /lib/x86_64-linux-gnu/libnsl-2.21.so
7fda204c2000-7fda204c3000 r--p 00016000 08:01 27267291                   /lib/x86_64-linux-gnu/libnsl-2.21.so
7fda204c3000-7fda204c4000 rw-p 00017000 08:01 27267291                   /lib/x86_64-linux-gnu/libnsl-2.21.so
7fda204c4000-7fda204c6000 rw-p 00000000 00:00 0 
7fda204c6000-7fda204ce000 r-xp 00000000 08:01 27267293                   /lib/x86_64-linux-gnu/libnss_compat-2.21.so
7fda204ce000-7fda206cd000 ---p 00008000 08:01 27267293                   /lib/x86_64-linux-gnu/libnss_compat-2.21.so
7fda206cd000-7fda206ce000 r--p 00007000 08:01 27267293                   /lib/x86_64-linux-gnu/libnss_compat-2.21.so
7fda206ce000-7fda206cf000 rw-p 00008000 08:01 27267293                   /lib/x86_64-linux-gnu/libnss_compat-2.21.so
7fda206cf000-7fda206f9000 r-xp 00000000 08:01 3450807                    /home/ema/Scaricati/jdk1.8.0_92/jre/lib/amd64/libjava.so
7fda206f9000-7fda208f9000 ---p 0002a000 08:01 3450807                    /home/ema/Scaricati/jdk1.8.0_92/jre/lib/amd64/libjava.so
7fda208f9000-7fda208fb000 rw-p 0002a000 08:01 3450807                    /home/ema/Scaricati/jdk1.8.0_92/jre/lib/amd64/libjava.so
7fda208fb000-7fda20908000 r-xp 00000000 08:01 3450812                    /home/ema/Scaricati/jdk1.8.0_92/jre/lib/amd64/libverify.so
7fda20908000-7fda20b08000 ---p 0000d000 08:01 3450812                    /home/ema/Scaricati/jdk1.8.0_92/jre/lib/amd64/libverify.so
7fda20b08000-7fda20b0a000 rw-p 0000d000 08:01 3450812                    /home/ema/Scaricati/jdk1.8.0_92/jre/lib/amd64/libverify.so
7fda20b0a000-7fda20b11000 r-xp 00000000 08:01 27267352                   /lib/x86_64-linux-gnu/librt-2.21.so
7fda20b11000-7fda20d10000 ---p 00007000 08:01 27267352                   /lib/x86_64-linux-gnu/librt-2.21.so
7fda20d10000-7fda20d11000 r--p 00006000 08:01 27267352                   /lib/x86_64-linux-gnu/librt-2.21.so
7fda20d11000-7fda20d12000 rw-p 00007000 08:01 27267352                   /lib/x86_64-linux-gnu/librt-2.21.so
7fda20d12000-7fda20e19000 r-xp 00000000 08:01 27267270                   /lib/x86_64-linux-gnu/libm-2.21.so
7fda20e19000-7fda21018000 ---p 00107000 08:01 27267270                   /lib/x86_64-linux-gnu/libm-2.21.so
7fda21018000-7fda21019000 r--p 00106000 08:01 27267270                   /lib/x86_64-linux-gnu/libm-2.21.so
7fda21019000-7fda2101a000 rw-p 00107000 08:01 27267270                   /lib/x86_64-linux-gnu/libm-2.21.so
7fda2101a000-7fda21cdd000 r-xp 00000000 08:01 3450788                    /home/ema/Scaricati/jdk1.8.0_92/jre/lib/amd64/server/libjvm.so
7fda21cdd000-7fda21edc000 ---p 00cc3000 08:01 3450788                    /home/ema/Scaricati/jdk1.8.0_92/jre/lib/amd64/server/libjvm.so
7fda21edc000-7fda21fb5000 rw-p 00cc2000 08:01 3450788                    /home/ema/Scaricati/jdk1.8.0_92/jre/lib/amd64/server/libjvm.so
7fda21fb5000-7fda22000000 rw-p 00000000 00:00 0 
7fda22000000-7fda221c0000 r-xp 00000000 08:01 27267211                   /lib/x86_64-linux-gnu/libc-2.21.so
7fda221c0000-7fda223c0000 ---p 001c0000 08:01 27267211                   /lib/x86_64-linux-gnu/libc-2.21.so
7fda223c0000-7fda223c4000 r--p 001c0000 08:01 27267211                   /lib/x86_64-linux-gnu/libc-2.21.so
7fda223c4000-7fda223c6000 rw-p 001c4000 08:01 27267211                   /lib/x86_64-linux-gnu/libc-2.21.so
7fda223c6000-7fda223ca000 rw-p 00000000 00:00 0 
7fda223ca000-7fda223cd000 r-xp 00000000 08:01 27267228                   /lib/x86_64-linux-gnu/libdl-2.21.so
7fda223cd000-7fda225cc000 ---p 00003000 08:01 27267228                   /lib/x86_64-linux-gnu/libdl-2.21.so
7fda225cc000-7fda225cd000 r--p 00002000 08:01 27267228                   /lib/x86_64-linux-gnu/libdl-2.21.so
7fda225cd000-7fda225ce000 rw-p 00003000 08:01 27267228                   /lib/x86_64-linux-gnu/libdl-2.21.so
7fda225ce000-7fda225e3000 r-xp 00000000 08:01 3450782                    /home/ema/Scaricati/jdk1.8.0_92/jre/lib/amd64/jli/libjli.so
7fda225e3000-7fda227e3000 ---p 00015000 08:01 3450782                    /home/ema/Scaricati/jdk1.8.0_92/jre/lib/amd64/jli/libjli.so
7fda227e3000-7fda227e4000 rw-p 00015000 08:01 3450782                    /home/ema/Scaricati/jdk1.8.0_92/jre/lib/amd64/jli/libjli.so
7fda227e4000-7fda227fc000 r-xp 00000000 08:01 27267344                   /lib/x86_64-linux-gnu/libpthread-2.21.so
7fda227fc000-7fda229fc000 ---p 00018000 08:01 27267344                   /lib/x86_64-linux-gnu/libpthread-2.21.so
7fda229fc000-7fda229fd000 r--p 00018000 08:01 27267344                   /lib/x86_64-linux-gnu/libpthread-2.21.so
7fda229fd000-7fda229fe000 rw-p 00019000 08:01 27267344                   /lib/x86_64-linux-gnu/libpthread-2.21.so
7fda229fe000-7fda22a02000 rw-p 00000000 00:00 0 
7fda22a02000-7fda22a26000 r-xp 00000000 08:01 27267183                   /lib/x86_64-linux-gnu/ld-2.21.so
7fda22a26000-7fda22a28000 r--s 00000000 08:01 19022273                   /var/cache/fontconfig/6e6b34ae150a7ad95e82fb4a522f0bda-le64.cache-4
7fda22a28000-7fda22a29000 r--s 00000000 08:01 19022272                   /var/cache/fontconfig/3334a778d104e76d188e9df399bc24d2-le64.cache-4
7fda22a29000-7fda22a2c000 r--s 00000000 08:01 19022266                   /var/cache/fontconfig/de83a0a961185c8bd1f159015d56c039-le64.cache-4
7fda22a2c000-7fda22a30000 r--s 00000000 08:01 19020952                   /var/cache/fontconfig/7ef2298fde41cc6eeb7af42e48b7d293-le64.cache-4
7fda22a30000-7fda22a32000 r--s 00000000 08:01 19018231                   /var/cache/fontconfig/16326683038b281783a0ef8c680e3a10-le64.cache-4
7fda22a32000-7fda22a38000 r--s 00033000 08:01 3540448                    /home/ema/Dropbox/ACCADEMIC/Programmi/Java/ucsdunfoldingmaps/lib/unfolding.0.9.7-uscd.jar
7fda22a38000-7fda22afa000 rw-p 00000000 00:00 0 
7fda22afa000-7fda22afd000 ---p 00000000 00:00 0 
7fda22afd000-7fda22bff000 rw-p 00000000 00:00 0 
7fda22bff000-7fda22c00000 r--s 00000000 08:01 19022269                   /var/cache/fontconfig/c277e94e32b20404286a1ddafa5a80f0-le64.cache-4
7fda22c00000-7fda22c01000 r--s 00000000 08:01 19018228                   /var/cache/fontconfig/e0aa53bcfa504e64f87823c16bc01eb6-le64.cache-4
7fda22c01000-7fda22c02000 r--s 00005000 08:01 3540435                    /home/ema/Dropbox/ACCADEMIC/Programmi/Java/ucsdunfoldingmaps/lib/libTUIO.jar
7fda22c02000-7fda22c03000 r--s 00007000 08:01 3540430                    /home/ema/Dropbox/ACCADEMIC/Programmi/Java/ucsdunfoldingmaps/lib/json4processing.jar
7fda22c03000-7fda22c08000 r--s 00309000 08:01 3540440                    /home/ema/Dropbox/ACCADEMIC/Programmi/Java/ucsdunfoldingmaps/lib/sqlite-jdbc-3.7.2.jar
7fda22c08000-7fda22c0f000 r--s 00059000 08:01 3540436                    /home/ema/Dropbox/ACCADEMIC/Programmi/Java/ucsdunfoldingmaps/lib/log4j-1.2.15.jar
7fda22c0f000-7fda22c15000 r--s 00041000 08:01 3540413                    /home/ema/Dropbox/ACCADEMIC/Programmi/Java/ucsdunfoldingmaps/lib/gluegen-rt.jar
7fda22c15000-7fda22c19000 r--s 0009a000 08:01 3540405                    /home/ema/Dropbox/ACCADEMIC/Programmi/Java/ucsdunfoldingmaps/lib/core.jar
7fda22c19000-7fda22c21000 rw-s 00000000 08:01 28312146                   /tmp/hsperfdata_ema/3842
7fda22c21000-7fda22c22000 rw-p 00000000 00:00 0 
7fda22c22000-7fda22c23000 r--p 00000000 00:00 0 
7fda22c23000-7fda22c25000 rw-p 00000000 00:00 0 
7fda22c25000-7fda22c26000 r--p 00023000 08:01 27267183                   /lib/x86_64-linux-gnu/ld-2.21.so
7fda22c26000-7fda22c27000 rw-p 00024000 08:01 27267183                   /lib/x86_64-linux-gnu/ld-2.21.so
7fda22c27000-7fda22c28000 rw-p 00000000 00:00 0 
7ffd6a093000-7ffd6a0b4000 rw-p 00000000 00:00 0                          [stack]
7ffd6a0c6000-7ffd6a0c8000 r--p 00000000 00:00 0                          [vvar]
7ffd6a0c8000-7ffd6a0ca000 r-xp 00000000 00:00 0                          [vdso]
ffffffffff600000-ffffffffff601000 r-xp 00000000 00:00 0                  [vsyscall]

VM Arguments:
jvm_args: -Djava.security.policy=java.policy.applet -Dfile.encoding=UTF-8 
java_command: sun.applet.AppletViewer demos.EarthquakeCityMapDemo1475651546340.html
java_class_path (initial): /home/ema/Dropbox/ACCADEMIC/Programmi/Java/ucsdunfoldingmaps/build:/home/ema/Dropbox/ACCADEMIC/Programmi/Java/ucsdunfoldingmaps/lib/core.jar:/home/ema/Dropbox/ACCADEMIC/Programmi/Java/ucsdunfoldingmaps/lib/gluegen-rt.jar:/home/ema/Dropbox/ACCADEMIC/Programmi/Java/ucsdunfoldingmaps/lib/jogl-all.jar:/home/ema/Dropbox/ACCADEMIC/Programmi/Java/ucsdunfoldingmaps/lib/log4j-1.2.15.jar:/home/ema/Dropbox/ACCADEMIC/Programmi/Java/ucsdunfoldingmaps/lib/sqlite-jdbc-3.7.2.jar:/home/ema/Dropbox/ACCADEMIC/Programmi/Java/ucsdunfoldingmaps/lib/json4processing.jar:/home/ema/Dropbox/ACCADEMIC/Programmi/Java/ucsdunfoldingmaps/lib/libTUIO.jar:/home/ema/Dropbox/ACCADEMIC/Programmi/Java/ucsdunfoldingmaps/lib/unfolding.0.9.7-uscd.jar
Launcher Type: SUN_STANDARD

Environment Variables:
PATH=/usr/local/sbin:/usr/local/bin:/usr/sbin:/usr/bin:/sbin:/bin:/usr/games:/usr/local/games
SHELL=/bin/bash
DISPLAY=:0

Signal Handlers:
SIGSEGV: [libjvm.so+0xabdee0], sa_mask[0]=11111111011111111101111111111110, sa_flags=SA_RESTART|SA_SIGINFO
SIGBUS: [libjvm.so+0xabdee0], sa_mask[0]=11111111011111111101111111111110, sa_flags=SA_RESTART|SA_SIGINFO
SIGFPE: [libjvm.so+0x91a580], sa_mask[0]=11111111011111111101111111111110, sa_flags=SA_RESTART|SA_SIGINFO
SIGPIPE: [libjvm.so+0x91a580], sa_mask[0]=11111111011111111101111111111110, sa_flags=SA_RESTART|SA_SIGINFO
SIGXFSZ: [libjvm.so+0x91a580], sa_mask[0]=11111111011111111101111111111110, sa_flags=SA_RESTART|SA_SIGINFO
SIGILL: [libjvm.so+0x91a580], sa_mask[0]=11111111011111111101111111111110, sa_flags=SA_RESTART|SA_SIGINFO
SIGUSR1: SIG_DFL, sa_mask[0]=00000000000000000000000000000000, sa_flags=none
SIGUSR2: [libjvm.so+0x91bbb0], sa_mask[0]=00100000000000000000000000000000, sa_flags=SA_RESTART|SA_SIGINFO
SIGHUP: [libjvm.so+0x91cfb0], sa_mask[0]=11111111011111111101111111111110, sa_flags=SA_RESTART|SA_SIGINFO
SIGINT: [libjvm.so+0x91cfb0], sa_mask[0]=11111111011111111101111111111110, sa_flags=SA_RESTART|SA_SIGINFO
SIGTERM: [libjvm.so+0x91cfb0], sa_mask[0]=11111111011111111101111111111110, sa_flags=SA_RESTART|SA_SIGINFO
SIGQUIT: [libjvm.so+0x91cfb0], sa_mask[0]=11111111011111111101111111111110, sa_flags=SA_RESTART|SA_SIGINFO


---------------  S Y S T E M  ---------------

OS:DISTRIB_ID=Ubuntu
DISTRIB_RELEASE=15.04
DISTRIB_CODENAME=vivid
DISTRIB_DESCRIPTION="Ubuntu 15.04"

uname:Linux 3.19.0-69-generic #77-Ubuntu SMP Mon Aug 29 19:53:54 UTC 2016 x86_64
libc:glibc 2.21 NPTL 2.21 
rlimit: STACK 8192k, CORE 0k, NPROC 23746, NOFILE 65536, AS infinity
load average:0,46 0,66 0,70

/proc/meminfo:
MemTotal:        6101264 kB
MemFree:         2936920 kB
MemAvailable:    3976456 kB
Buffers:          156856 kB
Cached:          1029324 kB
SwapCached:            0 kB
Active:          2199368 kB
Inactive:         721148 kB
Active(anon):    1736072 kB
Inactive(anon):    24684 kB
Active(file):     463296 kB
Inactive(file):   696464 kB
Unevictable:          60 kB
Mlocked:              60 kB
SwapTotal:             0 kB
SwapFree:              0 kB
Dirty:              1760 kB
Writeback:             0 kB
AnonPages:       1734540 kB
Mapped:           397976 kB
Shmem:             26416 kB
Slab:             138940 kB
SReclaimable:      97436 kB
SUnreclaim:        41504 kB
KernelStack:       11392 kB
PageTables:        33292 kB
NFS_Unstable:          0 kB
Bounce:                0 kB
WritebackTmp:          0 kB
CommitLimit:     3050632 kB
Committed_AS:    5546864 kB
VmallocTotal:   34359738367 kB
VmallocUsed:      314176 kB
VmallocChunk:   34359341176 kB
HardwareCorrupted:     0 kB
AnonHugePages:    624640 kB
CmaTotal:              0 kB
CmaFree:               0 kB
HugePages_Total:       0
HugePages_Free:        0
HugePages_Rsvd:        0
HugePages_Surp:        0
Hugepagesize:       2048 kB
DirectMap4k:      140800 kB
DirectMap2M:     6141952 kB


CPU:total 8 (4 cores per cpu, 2 threads per core) family 6 model 26 stepping 5, cmov, cx8, fxsr, mmx, sse, sse2, sse3, ssse3, sse4.1, sse4.2, popcnt, ht, tsc, tscinvbit, tscinv

/proc/cpuinfo:
processor	: 0
vendor_id	: GenuineIntel
cpu family	: 6
model		: 26
model name	: Intel(R) Core(TM) i7 CPU         920  @ 2.67GHz
stepping	: 5
microcode	: 0xf
cpu MHz		: 2400.000
cache size	: 8192 KB
physical id	: 0
siblings	: 8
core id		: 0
cpu cores	: 4
apicid		: 0
initial apicid	: 0
fpu		: yes
fpu_exception	: yes
cpuid level	: 11
wp		: yes
flags		: fpu vme de pse tsc msr pae mce cx8 apic sep mtrr pge mca cmov pat pse36 clflush dts acpi mmx fxsr sse sse2 ss ht tm pbe syscall nx rdtscp lm constant_tsc arch_perfmon pebs bts rep_good nopl xtopology nonstop_tsc aperfmperf pni dtes64 monitor ds_cpl vmx est tm2 ssse3 cx16 xtpr pdcm sse4_1 sse4_2 popcnt lahf_lm ida dtherm tpr_shadow vnmi flexpriority ept vpid
bugs		:
bogomips	: 5344.97
clflush size	: 64
cache_alignment	: 64
address sizes	: 36 bits physical, 48 bits virtual
power management:

processor	: 1
vendor_id	: GenuineIntel
cpu family	: 6
model		: 26
model name	: Intel(R) Core(TM) i7 CPU         920  @ 2.67GHz
stepping	: 5
microcode	: 0xf
cpu MHz		: 2000.000
cache size	: 8192 KB
physical id	: 0
siblings	: 8
core id		: 1
cpu cores	: 4
apicid		: 2
initial apicid	: 2
fpu		: yes
fpu_exception	: yes
cpuid level	: 11
wp		: yes
flags		: fpu vme de pse tsc msr pae mce cx8 apic sep mtrr pge mca cmov pat pse36 clflush dts acpi mmx fxsr sse sse2 ss ht tm pbe syscall nx rdtscp lm constant_tsc arch_perfmon pebs bts rep_good nopl xtopology nonstop_tsc aperfmperf pni dtes64 monitor ds_cpl vmx est tm2 ssse3 cx16 xtpr pdcm sse4_1 sse4_2 popcnt lahf_lm ida dtherm tpr_shadow vnmi flexpriority ept vpid
bugs		:
bogomips	: 5344.97
clflush size	: 64
cache_alignment	: 64
address sizes	: 36 bits physical, 48 bits virtual
power management:

processor	: 2
vendor_id	: GenuineIntel
cpu family	: 6
model		: 26
model name	: Intel(R) Core(TM) i7 CPU         920  @ 2.67GHz
stepping	: 5
microcode	: 0xf
cpu MHz		: 1867.000
cache size	: 8192 KB
physical id	: 0
siblings	: 8
core id		: 2
cpu cores	: 4
apicid		: 4
initial apicid	: 4
fpu		: yes
fpu_exception	: yes
cpuid level	: 11
wp		: yes
flags		: fpu vme de pse tsc msr pae mce cx8 apic sep mtrr pge mca cmov pat pse36 clflush dts acpi mmx fxsr sse sse2 ss ht tm pbe syscall nx rdtscp lm constant_tsc arch_perfmon pebs bts rep_good nopl xtopology nonstop_tsc aperfmperf pni dtes64 monitor ds_cpl vmx est tm2 ssse3 cx16 xtpr pdcm sse4_1 sse4_2 popcnt lahf_lm ida dtherm tpr_shadow vnmi flexpriority ept vpid
bugs		:
bogomips	: 5344.97
clflush size	: 64
cache_alignment	: 64
address sizes	: 36 bits physical, 48 bits virtual
power management:

processor	: 3
vendor_id	: GenuineIntel
cpu family	: 6
model		: 26
model name	: Intel(R) Core(TM) i7 CPU         920  @ 2.67GHz
stepping	: 5
microcode	: 0xf
cpu MHz		: 2668.000
cache size	: 8192 KB
physical id	: 0
siblings	: 8
core id		: 3
cpu cores	: 4
apicid		: 6
initial apicid	: 6
fpu		: yes
fpu_exception	: yes
cpuid level	: 11
wp		: yes
flags		: fpu vme de pse tsc msr pae mce cx8 apic sep mtrr pge mca cmov pat pse36 clflush dts acpi mmx fxsr sse sse2 ss ht tm pbe syscall nx rdtscp lm constant_tsc arch_perfmon pebs bts rep_good nopl xtopology nonstop_tsc aperfmperf pni dtes64 monitor ds_cpl vmx est tm2 ssse3 cx16 xtpr pdcm sse4_1 sse4_2 popcnt lahf_lm ida dtherm tpr_shadow vnmi flexpriority ept vpid
bugs		:
bogomips	: 5344.97
clflush size	: 64
cache_alignment	: 64
address sizes	: 36 bits physical, 48 bits virtual
power management:

processor	: 4
vendor_id	: GenuineIntel
cpu family	: 6
model		: 26
model name	: Intel(R) Core(TM) i7 CPU         920  @ 2.67GHz
stepping	: 5
microcode	: 0xf
cpu MHz		: 1600.000
cache size	: 8192 KB
physical id	: 0
siblings	: 8
core id		: 0
cpu cores	: 4
apicid		: 1
initial apicid	: 1
fpu		: yes
fpu_exception	: yes
cpuid level	: 11
wp		: yes
flags		: fpu vme de pse tsc msr pae mce cx8 apic sep mtrr pge mca cmov pat pse36 clflush dts acpi mmx fxsr sse sse2 ss ht tm pbe syscall nx rdtscp lm constant_tsc arch_perfmon pebs bts rep_good nopl xtopology nonstop_tsc aperfmperf pni dtes64 monitor ds_cpl vmx est tm2 ssse3 cx16 xtpr pdcm sse4_1 sse4_2 popcnt lahf_lm ida dtherm tpr_shadow vnmi flexpriority ept vpid
bugs		:
bogomips	: 5344.97
clflush size	: 64
cache_alignment	: 64
address sizes	: 36 bits physical, 48 bits virtual
power management:

processor	: 5
vendor_id	: GenuineIntel
cpu family	: 6
model		: 26
model name	: Intel(R) Core(TM) i7 CPU         920  @ 2.67GHz
stepping	: 5
microcode	: 0xf
cpu MHz		: 1600.000
cache size	: 8192 KB
physical id	: 0
siblings	: 8
core id		: 1
cpu cores	: 4
apicid		: 3
initial apicid	: 3
fpu		: yes
fpu_exception	: yes
cpuid level	: 11
wp		: yes
flags		: fpu vme de pse tsc msr pae mce cx8 apic sep mtrr pge mca cmov pat pse36 clflush dts acpi mmx fxsr sse sse2 ss ht tm pbe syscall nx rdtscp lm constant_tsc arch_perfmon pebs bts rep_good nopl xtopology nonstop_tsc aperfmperf pni dtes64 monitor ds_cpl vmx est tm2 ssse3 cx16 xtpr pdcm sse4_1 sse4_2 popcnt lahf_lm ida dtherm tpr_shadow vnmi flexpriority ept vpid
bugs		:
bogomips	: 5344.97
clflush size	: 64
cache_alignment	: 64
address sizes	: 36 bits physical, 48 bits virtual
power management:

processor	: 6
vendor_id	: GenuineIntel
cpu family	: 6
model		: 26
model name	: Intel(R) Core(TM) i7 CPU         920  @ 2.67GHz
stepping	: 5
microcode	: 0xf
cpu MHz		: 1600.000
cache size	: 8192 KB
physical id	: 0
siblings	: 8
core id		: 2
cpu cores	: 4
apicid		: 5
initial apicid	: 5
fpu		: yes
fpu_exception	: yes
cpuid level	: 11
wp		: yes
flags		: fpu vme de pse tsc msr pae mce cx8 apic sep mtrr pge mca cmov pat pse36 clflush dts acpi mmx fxsr sse sse2 ss ht tm pbe syscall nx rdtscp lm constant_tsc arch_perfmon pebs bts rep_good nopl xtopology nonstop_tsc aperfmperf pni dtes64 monitor ds_cpl vmx est tm2 ssse3 cx16 xtpr pdcm sse4_1 sse4_2 popcnt lahf_lm ida dtherm tpr_shadow vnmi flexpriority ept vpid
bugs		:
bogomips	: 5344.97
clflush size	: 64
cache_alignment	: 64
address sizes	: 36 bits physical, 48 bits virtual
power management:

processor	: 7
vendor_id	: GenuineIntel
cpu family	: 6
model		: 26
model name	: Intel(R) Core(TM) i7 CPU         920  @ 2.67GHz
stepping	: 5
microcode	: 0xf
cpu MHz		: 1600.000
cache size	: 8192 KB
physical id	: 0
siblings	: 8
core id		: 3
cpu cores	: 4
apicid		: 7
initial apicid	: 7
fpu		: yes
fpu_exception	: yes
cpuid level	: 11
wp		: yes
flags		: fpu vme de pse tsc msr pae mce cx8 apic sep mtrr pge mca cmov pat pse36 clflush dts acpi mmx fxsr sse sse2 ss ht tm pbe syscall nx rdtscp lm constant_tsc arch_perfmon pebs bts rep_good nopl xtopology nonstop_tsc aperfmperf pni dtes64 monitor ds_cpl vmx est tm2 ssse3 cx16 xtpr pdcm sse4_1 sse4_2 popcnt lahf_lm ida dtherm tpr_shadow vnmi flexpriority ept vpid
bugs		:
bogomips	: 5344.97
clflush size	: 64
cache_alignment	: 64
address sizes	: 36 bits physical, 48 bits virtual
power management:



Memory: 4k page, physical 6101264k(2936920k free), swap 0k(0k free)

vm_info: Java HotSpot(TM) 64-Bit Server VM (25.92-b14) for linux-amd64 JRE (1.8.0_92-b14), built on Mar 31 2016 21:08:29 by "java_re" with gcc 4.3.0 20080428 (Red Hat 4.3.0-8)

time: Wed Oct  5 09:12:39 2016
elapsed time: 11 seconds (0d 0h 0m 11s)

