#
# A fatal error has been detected by the Java Runtime Environment:
#
#  SIGSEGV (0xb) at pc=0x00007f664b088987, pid=18320, tid=0x00007f66a0184700
#
# JRE version: Java(TM) SE Runtime Environment (8.0_92-b14) (build 1.8.0_92-b14)
# Java VM: Java HotSpot(TM) 64-Bit Server VM (25.92-b14 mixed mode linux-amd64 compressed oops)
# Problematic frame:
# C  [nouveau_dri.so+0x29e987]
#
# Failed to write core dump. Core dumps have been disabled. To enable core dumping, try "ulimit -c unlimited" before starting Java again
#
# If you would like to submit a bug report, please visit:
#   http://bugreport.java.com/bugreport/crash.jsp
# The crash happened outside the Java Virtual Machine in native code.
# See problematic frame for where to report the bug.
#

---------------  T H R E A D  ---------------

Current thread (0x00007f6668008800):  JavaThread "AWT-EventQueue-1" [_thread_in_native, id=18353, stack(0x00007f66a0084000,0x00007f66a0185000)]

siginfo: si_signo: 11 (SIGSEGV), si_code: 1 (SEGV_MAPERR), si_addr: 0x000000000000c030

Registers:
RAX=0x0000000000000000, RBX=0x00007f66540ba140, RCX=0x0000000000000000, RDX=0x0000000000000001
RSP=0x00007f66a01825a0, RBP=0x000000000000c000, RSI=0x00007f66540ba9f0, RDI=0x0000000100000000
R8 =0x0000000000000000, R9 =0x00007f665a71ac60, R10=0x00007f66c10157e8, R11=0x00007f66d7539cf0
R12=0x0000000000000001, R13=0x00007f664c12bc70, R14=0x0000000000000000, R15=0x0000000000000001
RIP=0x00007f664b088987, EFLAGS=0x0000000000010206, CSGSFS=0x0000000000000033, ERR=0x0000000000000004
  TRAPNO=0x000000000000000e

Top of Stack: (sp=0x00007f66a01825a0)
0x00007f66a01825a0:   00007f66a01828b0 00007f66c13f4edc
0x00007f66a01825b0:   0000000000000000 6a7e272352175f00
0x00007f66a01825c0:   00007f66a01828b0 00007f66540ba010
0x00007f66a01825d0:   0000000000000000 00007f664c12c120
0x00007f66a01825e0:   00007f664c12bc70 00007f664c12c2d0
0x00007f66a01825f0:   0000000000000000 00007f665a71ad02
0x00007f66a0182600:   00007f66a0182630 00007f6600000000
0x00007f66a0182610:   0000000000000000 0000000000000000
0x00007f66a0182620:   0000000003e0004d 00007f665a6ecbf1
0x00007f66a0182630:   00007f66540ba010 6a7e272352175f00
0x00007f66a0182640:   0000000003e0004d 00007f665a9fc2a0
0x00007f66a0182650:   00007f66a01826c0 0000000000000000
0x00007f66a0182660:   00007f665a9fc2a0 00007f66a0182788
0x00007f66a0182670:   00007f6668008800 00007f6658e27849
0x00007f66a0182680:   00007f66c0d7dab8 00007f665a6ecc20
0x00007f66a0182690:   0000000003e0004d 00007f664c12f3b0
0x00007f66a01826a0:   00007f66a0182750 00007f66680089f8
0x00007f66a01826b0:   00000000e11bb418 00007f665a6ecc20
0x00007f66a01826c0:   00007f66a0182740 00007f66c1015814
0x00007f66a01826d0:   00000000e11bb478 00000000e11bb498
0x00007f66a01826e0:   00000000e11bb4e8 00000000e11bb4d8
0x00007f66a01826f0:   00007f66d4c1a000 00000000a426e048
0x00007f66a0182700:   00007f66a0182700 0000000000000000
0x00007f66a0182710:   00007f66a0182788 00007f665a9fd940
0x00007f66a0182720:   0000000000000000 00007f665a9fc2a0
0x00007f66a0182730:   0000000000000000 00007f66a0182760
0x00007f66a0182740:   00007f66a01827d0 00007f66c10082bd
0x00007f66a0182750:   00000000a42e2318 00007f66c1011538
0x00007f66a0182760:   00007f665a6ecc20 00007f66c1021043
0x00007f66a0182770:   0000000003e0004d 00007f6600000000
0x00007f66a0182780:   00007f664c12f3b0 00000000a42e2650
0x00007f66a0182790:   00007f66a0182790 00007f665a9fc1f1 

Instructions: (pc=0x00007f664b088987)
0x00007f664b088967:   00 41 f6 c4 01 c6 44 24 0f 00 0f 84 c9 00 00 00
0x00007f664b088977:   48 8b b3 30 01 00 00 48 85 f6 0f 84 b9 00 00 00
0x00007f664b088987:   48 8b 55 30 45 85 f6 4c 8b 6a 18 0f 85 40 02 00
0x00007f664b088997:   00 83 7b 38 01 0f 8e 36 02 00 00 48 8b 93 68 01 

Register to memory mapping:

RAX=0x0000000000000000 is an unknown value
RBX=0x00007f66540ba140 is an unknown value
RCX=0x0000000000000000 is an unknown value
RDX=0x0000000000000001 is an unknown value
RSP=0x00007f66a01825a0 is pointing into the stack for thread: 0x00007f6668008800
RBP=0x000000000000c000 is an unknown value
RSI=0x00007f66540ba9f0 is an unknown value
RDI=0x0000000100000000 is pointing into metadata
R8 =0x0000000000000000 is an unknown value
R9 =0x00007f665a71ac60: <offset 0x4ac60> in /usr/lib/x86_64-linux-gnu/mesa/libGL.so.1 at 0x00007f665a6d0000
R10=0x00007f66c10157e8 is at code_begin+808 in an Interpreter codelet
method entry point (kind = native)  [0x00007f66c10154c0, 0x00007f66c1015dc0]  2304 bytes
R11=0x00007f66d7539cf0: <offset 0x9bccf0> in /home/ema/Scaricati/jdk1.8.0_92/jre/lib/amd64/server/libjvm.so at 0x00007f66d6b7d000
R12=0x0000000000000001 is an unknown value
R13=0x00007f664c12bc70 is an unknown value
R14=0x0000000000000000 is an unknown value
R15=0x0000000000000001 is an unknown value


Stack: [0x00007f66a0084000,0x00007f66a0185000],  sp=0x00007f66a01825a0,  free space=1017k
Native frames: (J=compiled Java code, j=interpreted, Vv=VM code, C=native code)
C  [nouveau_dri.so+0x29e987]

Java frames: (J=compiled Java code, j=interpreted, Vv=VM code)
j  jogamp.opengl.x11.glx.GLX.dispatch_glXSwapBuffers0(JJJ)V+0
j  jogamp.opengl.x11.glx.GLX.glXSwapBuffers(JJ)V+41
j  jogamp.opengl.x11.glx.X11GLXDrawable.swapBuffersImpl(Z)V+17
j  jogamp.opengl.GLDrawableImpl.swapBuffers()V+67
j  javax.media.opengl.awt.GLCanvas$12.run()V+45
J 1842 C1 java.awt.event.InvocationEvent.dispatch()V (69 bytes) @ 0x00007f66c16c640c [0x00007f66c16c62c0+0x14c]
J 1899 C1 java.awt.EventQueue.dispatchEventImpl(Ljava/awt/AWTEvent;Ljava/lang/Object;)V (149 bytes) @ 0x00007f66c16ef57c [0x00007f66c16eda00+0x1b7c]
J 1897 C1 java.awt.EventQueue$3.run()Ljava/lang/Void; (60 bytes) @ 0x00007f66c16e7d44 [0x00007f66c16e7b40+0x204]
J 1896 C1 java.awt.EventQueue$3.run()Ljava/lang/Object; (5 bytes) @ 0x00007f66c16e8b4c [0x00007f66c16e8ac0+0x8c]
v  ~StubRoutines::call_stub
J 609  java.security.AccessController.doPrivileged(Ljava/security/PrivilegedAction;Ljava/security/AccessControlContext;)Ljava/lang/Object; (0 bytes) @ 0x00007f66c1289223 [0x00007f66c12891c0+0x63]
J 1788 C1 java.awt.EventQueue.dispatchEvent(Ljava/awt/AWTEvent;)V (80 bytes) @ 0x00007f66c169e144 [0x00007f66c169d7c0+0x984]
J 1791 C1 java.awt.EventDispatchThread.pumpOneEventForFilters(I)V (295 bytes) @ 0x00007f66c16a3454 [0x00007f66c16a1900+0x1b54]
j  java.awt.EventDispatchThread.pumpEventsForFilter(ILjava/awt/Conditional;Ljava/awt/EventFilter;)V+35
j  java.awt.EventDispatchThread.pumpEventsForHierarchy(ILjava/awt/Conditional;Ljava/awt/Component;)V+11
j  java.awt.EventDispatchThread.pumpEvents(ILjava/awt/Conditional;)V+4
j  java.awt.EventDispatchThread.pumpEvents(Ljava/awt/Conditional;)V+3
j  java.awt.EventDispatchThread.run()V+9
v  ~StubRoutines::call_stub

---------------  P R O C E S S  ---------------

Java Threads: ( => current thread )
  0x00007f6654837800 JavaThread "Thread-54" [_thread_blocked, id=18422, stack(0x00007f6642253000,0x00007f6642354000)]
  0x00007f6634007800 JavaThread "Image Fetcher 3" daemon [_thread_blocked, id=18373, stack(0x00007f6641a3e000,0x00007f6641b3f000)]
  0x00007f662c006800 JavaThread "Image Fetcher 2" daemon [_thread_blocked, id=18372, stack(0x00007f6641b43000,0x00007f6641c44000)]
  0x00007f6638001000 JavaThread "Image Fetcher 1" daemon [_thread_blocked, id=18371, stack(0x00007f6641c8f000,0x00007f6641d90000)]
  0x00007f6634006000 JavaThread "Image Fetcher 0" daemon [_thread_blocked, id=18370, stack(0x00007f6641dd6000,0x00007f6641ed7000)]
  0x00007f6634001800 JavaThread "Keep-Alive-Timer" daemon [_thread_blocked, id=18369, stack(0x00007f66439d9000,0x00007f6643ada000)]
  0x00007f664c116800 JavaThread "Animation Thread-SharedResourceRunner" daemon [_thread_blocked, id=18363, stack(0x00007f665b77e000,0x00007f665b87f000)]
  0x00007f664c088000 JavaThread "process reaper" daemon [_thread_blocked, id=18358, stack(0x00007f66c003a000,0x00007f66c0073000)]
=>0x00007f6668008800 JavaThread "AWT-EventQueue-1" [_thread_in_native, id=18353, stack(0x00007f66a0084000,0x00007f66a0185000)]
  0x00007f66d000a000 JavaThread "DestroyJavaVM" [_thread_blocked, id=18322, stack(0x00007f66d865d000,0x00007f66d875e000)]
  0x00007f66d02ae000 JavaThread "AWT-EventQueue-0" [_thread_blocked, id=18351, stack(0x00007f66a08ae000,0x00007f66a09af000)]
  0x00007f66d02a9800 JavaThread "AWT-Shutdown" [_thread_blocked, id=18350, stack(0x00007f66a09af000,0x00007f66a0ab0000)]
  0x00007f66d0296000 JavaThread "thread applet-module3.EarthquakeCityMap.class" [_thread_blocked, id=18349, stack(0x00007f66a0ab0000,0x00007f66a0bb1000)]
  0x00007f66d0289800 JavaThread "AWT-XAWT" daemon [_thread_blocked, id=18347, stack(0x00007f66a0bb1000,0x00007f66a0cb2000)]
  0x00007f66d0263800 JavaThread "Java2D Disposer" daemon [_thread_blocked, id=18346, stack(0x00007f66a10c2000,0x00007f66a11c3000)]
  0x00007f66d00d4000 JavaThread "Service Thread" daemon [_thread_blocked, id=18343, stack(0x00007f66a2e12000,0x00007f66a2f13000)]
  0x00007f66d00c9000 JavaThread "C1 CompilerThread3" daemon [_thread_blocked, id=18342, stack(0x00007f66a2f13000,0x00007f66a3014000)]
  0x00007f66d00c6800 JavaThread "C2 CompilerThread2" daemon [_thread_blocked, id=18341, stack(0x00007f66a3014000,0x00007f66a3115000)]
  0x00007f66d00c5000 JavaThread "C2 CompilerThread1" daemon [_thread_blocked, id=18340, stack(0x00007f66a3115000,0x00007f66a3216000)]
  0x00007f66d00c2000 JavaThread "C2 CompilerThread0" daemon [_thread_blocked, id=18339, stack(0x00007f66a3216000,0x00007f66a3317000)]
  0x00007f66d00c0800 JavaThread "Signal Dispatcher" daemon [_thread_blocked, id=18338, stack(0x00007f66a3317000,0x00007f66a3418000)]
  0x00007f66d008d000 JavaThread "Finalizer" daemon [_thread_blocked, id=18337, stack(0x00007f66a3afb000,0x00007f66a3bfc000)]
  0x00007f66d0088000 JavaThread "Reference Handler" daemon [_thread_blocked, id=18336, stack(0x00007f66a3bfc000,0x00007f66a3cfd000)]

Other Threads:
  0x00007f66d0080800 VMThread [stack: 0x00007f66a3cfd000,0x00007f66a3dfe000] [id=18335]
  0x00007f66d00d7000 WatcherThread [stack: 0x00007f66a2d11000,0x00007f66a2e12000] [id=18344]

VM state:not at safepoint (normal execution)

VM Mutex/Monitor currently owned by a thread: None

Heap:
 PSYoungGen      total 33280K, used 2795K [0x00000000e0f80000, 0x00000000e3e80000, 0x0000000100000000)
  eden space 23552K, 11% used [0x00000000e0f80000,0x00000000e123aec0,0x00000000e2680000)
  from space 9728K, 0% used [0x00000000e3500000,0x00000000e3500000,0x00000000e3e80000)
  to   space 12288K, 0% used [0x00000000e2680000,0x00000000e2680000,0x00000000e3280000)
 ParOldGen       total 66048K, used 23804K [0x00000000a2e00000, 0x00000000a6e80000, 0x00000000e0f80000)
  object space 66048K, 36% used [0x00000000a2e00000,0x00000000a453f328,0x00000000a6e80000)
 Metaspace       used 20850K, capacity 21119K, committed 21552K, reserved 1069056K
  class space    used 1963K, capacity 2057K, committed 2176K, reserved 1048576K

Card table byte_map: [0x00007f66d5131000,0x00007f66d541b000] byte_map_base: 0x00007f66d4c1a000

Marking Bits: (ParMarkBitMap*) 0x00007f66d7b364c0
 Begin Bits: [0x00007f66b9170000, 0x00007f66ba8b8000)
 End Bits:   [0x00007f66ba8b8000, 0x00007f66bc000000)

Polling page: 0x00007f66d8785000

CodeCache: size=245760Kb used=7093Kb max_used=7453Kb free=238666Kb
 bounds [0x00007f66c1000000, 0x00007f66c1760000, 0x00007f66d0000000]
 total_blobs=2967 nmethods=2002 adapters=879
 compilation: enabled

Compilation events (10 events):
Event: 11,710 Thread 0x00007f66d00c9000 2263       3       java.awt.EventQueue::access$100 (6 bytes)
Event: 11,710 Thread 0x00007f66d00c9000 nmethod 2263 0x00007f66c116e710 code [0x00007f66c116e880, 0x00007f66c116e9e8]
Event: 11,710 Thread 0x00007f66d00c9000 2264   !   3       java.awt.EventQueue::wakeup (79 bytes)
Event: 11,711 Thread 0x00007f66d00c9000 nmethod 2264 0x00007f66c151b190 code [0x00007f66c151b3c0, 0x00007f66c151bf78]
Event: 11,711 Thread 0x00007f66d00c9000 2265   !   3       sun.awt.PostEventQueue::postEvent (81 bytes)
Event: 11,712 Thread 0x00007f66d00c9000 nmethod 2265 0x00007f66c135f390 code [0x00007f66c135f580, 0x00007f66c135fed8]
Event: 11,991 Thread 0x00007f66d00c2000 2266       4       processing.opengl.PGraphicsOpenGL::lightFalloff (16 bytes)
Event: 11,992 Thread 0x00007f66d00c2000 nmethod 2266 0x00007f66c139fc90 code [0x00007f66c139fde0, 0x00007f66c139fe58]
Event: 12,261 Thread 0x00007f66d00c9000 2267   !   3       java.awt.KeyboardFocusManager::getGlobalFocusOwner (20 bytes)
Event: 12,262 Thread 0x00007f66d00c9000 nmethod 2267 0x00007f66c135eb10 code [0x00007f66c135ecc0, 0x00007f66c135f148]

GC Heap History (10 events):
Event: 4,948 GC heap before
{Heap before GC invocations=3 (full 0):
 PSYoungGen      total 28160K, used 28144K [0x00000000e0f80000, 0x00000000e4680000, 0x0000000100000000)
  eden space 24576K, 100% used [0x00000000e0f80000,0x00000000e2780000,0x00000000e2780000)
  from space 3584K, 99% used [0x00000000e4300000,0x00000000e467c060,0x00000000e4680000)
  to   space 3584K, 0% used [0x00000000e2780000,0x00000000e2780000,0x00000000e2b00000)
 ParOldGen       total 64512K, used 5573K [0x00000000a2e00000, 0x00000000a6d00000, 0x00000000e0f80000)
  object space 64512K, 8% used [0x00000000a2e00000,0x00000000a3371728,0x00000000a6d00000)
 Metaspace       used 20325K, capacity 20597K, committed 21120K, reserved 1069056K
  class space    used 1956K, capacity 2056K, committed 2176K, reserved 1048576K
Event: 4,957 GC heap after
Heap after GC invocations=3 (full 0):
 PSYoungGen      total 28160K, used 3555K [0x00000000e0f80000, 0x00000000e4380000, 0x0000000100000000)
  eden space 24576K, 0% used [0x00000000e0f80000,0x00000000e0f80000,0x00000000e2780000)
  from space 3584K, 99% used [0x00000000e2780000,0x00000000e2af8fa0,0x00000000e2b00000)
  to   space 3584K, 0% used [0x00000000e4000000,0x00000000e4000000,0x00000000e4380000)
 ParOldGen       total 64512K, used 12250K [0x00000000a2e00000, 0x00000000a6d00000, 0x00000000e0f80000)
  object space 64512K, 18% used [0x00000000a2e00000,0x00000000a39f6b58,0x00000000a6d00000)
 Metaspace       used 20325K, capacity 20597K, committed 21120K, reserved 1069056K
  class space    used 1956K, capacity 2056K, committed 2176K, reserved 1048576K
}
Event: 8,194 GC heap before
{Heap before GC invocations=4 (full 0):
 PSYoungGen      total 28160K, used 28070K [0x00000000e0f80000, 0x00000000e4380000, 0x0000000100000000)
  eden space 24576K, 99% used [0x00000000e0f80000,0x00000000e27709b8,0x00000000e2780000)
  from space 3584K, 99% used [0x00000000e2780000,0x00000000e2af8fa0,0x00000000e2b00000)
  to   space 3584K, 0% used [0x00000000e4000000,0x00000000e4000000,0x00000000e4380000)
 ParOldGen       total 64512K, used 12250K [0x00000000a2e00000, 0x00000000a6d00000, 0x00000000e0f80000)
  object space 64512K, 18% used [0x00000000a2e00000,0x00000000a39f6b58,0x00000000a6d00000)
 Metaspace       used 20672K, capacity 20923K, committed 21296K, reserved 1069056K
  class space    used 1961K, capacity 2057K, committed 2176K, reserved 1048576K
Event: 8,204 GC heap after
Heap after GC invocations=4 (full 0):
 PSYoungGen      total 28160K, used 3569K [0x00000000e0f80000, 0x00000000e4380000, 0x0000000100000000)
  eden space 24576K, 0% used [0x00000000e0f80000,0x00000000e0f80000,0x00000000e2780000)
  from space 3584K, 99% used [0x00000000e4000000,0x00000000e437c7b0,0x00000000e4380000)
  to   space 3584K, 0% used [0x00000000e2780000,0x00000000e2780000,0x00000000e2b00000)
 ParOldGen       total 64512K, used 16463K [0x00000000a2e00000, 0x00000000a6d00000, 0x00000000e0f80000)
  object space 64512K, 25% used [0x00000000a2e00000,0x00000000a3e13f08,0x00000000a6d00000)
 Metaspace       used 20672K, capacity 20923K, committed 21296K, reserved 1069056K
  class space    used 1961K, capacity 2057K, committed 2176K, reserved 1048576K
}
Event: 9,791 GC heap before
{Heap before GC invocations=5 (full 0):
 PSYoungGen      total 28160K, used 28145K [0x00000000e0f80000, 0x00000000e4380000, 0x0000000100000000)
  eden space 24576K, 100% used [0x00000000e0f80000,0x00000000e2780000,0x00000000e2780000)
  from space 3584K, 99% used [0x00000000e4000000,0x00000000e437c7b0,0x00000000e4380000)
  to   space 3584K, 0% used [0x00000000e2780000,0x00000000e2780000,0x00000000e2b00000)
 ParOldGen       total 64512K, used 16463K [0x00000000a2e00000, 0x00000000a6d00000, 0x00000000e0f80000)
  object space 64512K, 25% used [0x00000000a2e00000,0x00000000a3e13f08,0x00000000a6d00000)
 Metaspace       used 20727K, capacity 20987K, committed 21296K, reserved 1069056K
  class space    used 1961K, capacity 2057K, committed 2176K, reserved 1048576K
Event: 9,800 GC heap after
Heap after GC invocations=5 (full 0):
 PSYoungGen      total 27648K, used 3552K [0x00000000e0f80000, 0x00000000e4080000, 0x0000000100000000)
  eden space 24064K, 0% used [0x00000000e0f80000,0x00000000e0f80000,0x00000000e2700000)
  from space 3584K, 99% used [0x00000000e2780000,0x00000000e2af8080,0x00000000e2b00000)
  to   space 11776K, 0% used [0x00000000e3500000,0x00000000e3500000,0x00000000e4080000)
 ParOldGen       total 64512K, used 22056K [0x00000000a2e00000, 0x00000000a6d00000, 0x00000000e0f80000)
  object space 64512K, 34% used [0x00000000a2e00000,0x00000000a438a058,0x00000000a6d00000)
 Metaspace       used 20727K, capacity 20987K, committed 21296K, reserved 1069056K
  class space    used 1961K, capacity 2057K, committed 2176K, reserved 1048576K
}
Event: 10,455 GC heap before
{Heap before GC invocations=6 (full 0):
 PSYoungGen      total 27648K, used 7780K [0x00000000e0f80000, 0x00000000e4080000, 0x0000000100000000)
  eden space 24064K, 17% used [0x00000000e0f80000,0x00000000e13a12f0,0x00000000e2700000)
  from space 3584K, 99% used [0x00000000e2780000,0x00000000e2af8080,0x00000000e2b00000)
  to   space 11776K, 0% used [0x00000000e3500000,0x00000000e3500000,0x00000000e4080000)
 ParOldGen       total 64512K, used 22056K [0x00000000a2e00000, 0x00000000a6d00000, 0x00000000e0f80000)
  object space 64512K, 34% used [0x00000000a2e00000,0x00000000a438a058,0x00000000a6d00000)
 Metaspace       used 20738K, capacity 20987K, committed 21296K, reserved 1069056K
  class space    used 1961K, capacity 2057K, committed 2176K, reserved 1048576K
Event: 10,465 GC heap after
Heap after GC invocations=6 (full 0):
 PSYoungGen      total 33280K, used 3824K [0x00000000e0f80000, 0x00000000e3e80000, 0x0000000100000000)
  eden space 23552K, 0% used [0x00000000e0f80000,0x00000000e0f80000,0x00000000e2680000)
  from space 9728K, 39% used [0x00000000e3500000,0x00000000e38bc080,0x00000000e3e80000)
  to   space 12288K, 0% used [0x00000000e2680000,0x00000000e2680000,0x00000000e3280000)
 ParOldGen       total 64512K, used 22064K [0x00000000a2e00000, 0x00000000a6d00000, 0x00000000e0f80000)
  object space 64512K, 34% used [0x00000000a2e00000,0x00000000a438c058,0x00000000a6d00000)
 Metaspace       used 20738K, capacity 20987K, committed 21296K, reserved 1069056K
  class space    used 1961K, capacity 2057K, committed 2176K, reserved 1048576K
}
Event: 10,465 GC heap before
{Heap before GC invocations=7 (full 1):
 PSYoungGen      total 33280K, used 3824K [0x00000000e0f80000, 0x00000000e3e80000, 0x0000000100000000)
  eden space 23552K, 0% used [0x00000000e0f80000,0x00000000e0f80000,0x00000000e2680000)
  from space 9728K, 39% used [0x00000000e3500000,0x00000000e38bc080,0x00000000e3e80000)
  to   space 12288K, 0% used [0x00000000e2680000,0x00000000e2680000,0x00000000e3280000)
 ParOldGen       total 64512K, used 22064K [0x00000000a2e00000, 0x00000000a6d00000, 0x00000000e0f80000)
  object space 64512K, 34% used [0x00000000a2e00000,0x00000000a438c058,0x00000000a6d00000)
 Metaspace       used 20738K, capacity 20987K, committed 21296K, reserved 1069056K
  class space    used 1961K, capacity 2057K, committed 2176K, reserved 1048576K
Event: 10,509 GC heap after
Heap after GC invocations=7 (full 1):
 PSYoungGen      total 33280K, used 0K [0x00000000e0f80000, 0x00000000e3e80000, 0x0000000100000000)
  eden space 23552K, 0% used [0x00000000e0f80000,0x00000000e0f80000,0x00000000e2680000)
  from space 9728K, 0% used [0x00000000e3500000,0x00000000e3500000,0x00000000e3e80000)
  to   space 12288K, 0% used [0x00000000e2680000,0x00000000e2680000,0x00000000e3280000)
 ParOldGen       total 66048K, used 23804K [0x00000000a2e00000, 0x00000000a6e80000, 0x00000000e0f80000)
  object space 66048K, 36% used [0x00000000a2e00000,0x00000000a453f328,0x00000000a6e80000)
 Metaspace       used 20738K, capacity 20987K, committed 21296K, reserved 1069056K
  class space    used 1961K, capacity 2057K, committed 2176K, reserved 1048576K
}

Deoptimization events (10 events):
Event: 3,505 Thread 0x00007f6668008800 Uncommon trap: reason=class_check action=maybe_recompile pc=0x00007f66c145acd8 method=com.jogamp.common.nio.Buffers.getDirectBufferByteOffset(Ljava/lang/Object;)I @ 42
Event: 3,528 Thread 0x00007f6668008800 Uncommon trap: reason=class_check action=maybe_recompile pc=0x00007f66c145acd8 method=com.jogamp.common.nio.Buffers.getDirectBufferByteOffset(Ljava/lang/Object;)I @ 42
Event: 3,546 Thread 0x00007f6668008800 Uncommon trap: reason=class_check action=maybe_recompile pc=0x00007f66c145acd8 method=com.jogamp.common.nio.Buffers.getDirectBufferByteOffset(Ljava/lang/Object;)I @ 42
Event: 3,611 Thread 0x00007f6668008800 Uncommon trap: reason=class_check action=maybe_recompile pc=0x00007f66c145acd8 method=com.jogamp.common.nio.Buffers.getDirectBufferByteOffset(Ljava/lang/Object;)I @ 42
Event: 7,908 Thread 0x00007f6668008800 Uncommon trap: reason=unstable_if action=reinterpret pc=0x00007f66c168c714 method=java.util.Vector.indexOf(Ljava/lang/Object;I)I @ 41
Event: 7,908 Thread 0x00007f6668008800 Uncommon trap: reason=unstable_if action=reinterpret pc=0x00007f66c163fe80 method=de.fhpotsdam.unfolding.core.Coordinate.equals(Ljava/lang/Object;)Z @ 38
Event: 7,910 Thread 0x00007f6668008800 Uncommon trap: reason=unstable_if action=reinterpret pc=0x00007f66c16d7220 method=processing.opengl.PGraphicsOpenGL$TessGeometry.polyIndexCheck(I)V @ 13
Event: 7,976 Thread 0x00007f6668008800 Uncommon trap: reason=null_check action=make_not_entrant pc=0x00007f66c16f8c50 method=processing.opengl.PGraphicsOpenGL.initCache(Lprocessing/core/PImage;)Ljava/lang/Object; @ 14
Event: 8,214 Thread 0x00007f6654499800 Uncommon trap: reason=predicate action=maybe_recompile pc=0x00007f66c1707f84 method=java.util.Vector.indexOf(Ljava/lang/Object;I)I @ 44
Event: 9,743 Thread 0x00007f6668008800 Uncommon trap: reason=unstable_if action=reinterpret pc=0x00007f66c16b02d4 method=processing.opengl.PGraphicsOpenGL$TessGeometry.polyVertexCheck(I)V @ 15

Internal exceptions (10 events):
Event: 1,540 Thread 0x00007f6668008800 Implicit null exception at 0x00007f66c11cb735 to 0x00007f66c11cba81
Event: 3,301 Thread 0x00007f6668008800 Exception <a 'java/lang/reflect/InvocationTargetException'> (0x00000000e23460a0) thrown at [/HUDSON/workspace/8-2-build-linux-amd64/jdk8u92/6642/hotspot/src/share/vm/runtime/reflection.cpp, line 1092]
Event: 3,302 Thread 0x00007f6668008800 Exception <a 'java/lang/reflect/InvocationTargetException'> (0x00000000e2346738) thrown at [/HUDSON/workspace/8-2-build-linux-amd64/jdk8u92/6642/hotspot/src/share/vm/runtime/reflection.cpp, line 1092]
Event: 3,529 Thread 0x00007f6668008800 Exception <a 'java/lang/reflect/InvocationTargetException'> (0x00000000e1682550) thrown at [/HUDSON/workspace/8-2-build-linux-amd64/jdk8u92/6642/hotspot/src/share/vm/runtime/reflection.cpp, line 1092]
Event: 3,529 Thread 0x00007f6668008800 Exception <a 'java/lang/reflect/InvocationTargetException'> (0x00000000e1682a38) thrown at [/HUDSON/workspace/8-2-build-linux-amd64/jdk8u92/6642/hotspot/src/share/vm/runtime/reflection.cpp, line 1092]
Event: 3,612 Thread 0x00007f6668008800 Exception <a 'java/lang/reflect/InvocationTargetException'> (0x00000000e16a8990) thrown at [/HUDSON/workspace/8-2-build-linux-amd64/jdk8u92/6642/hotspot/src/share/vm/runtime/reflection.cpp, line 1092]
Event: 3,612 Thread 0x00007f6668008800 Exception <a 'java/lang/reflect/InvocationTargetException'> (0x00000000e16a8e78) thrown at [/HUDSON/workspace/8-2-build-linux-amd64/jdk8u92/6642/hotspot/src/share/vm/runtime/reflection.cpp, line 1092]
Event: 3,696 Thread 0x00007f6668008800 Exception <a 'java/lang/reflect/InvocationTargetException'> (0x00000000e1aeb000) thrown at [/HUDSON/workspace/8-2-build-linux-amd64/jdk8u92/6642/hotspot/src/share/vm/runtime/reflection.cpp, line 1092]
Event: 3,696 Thread 0x00007f6668008800 Exception <a 'java/lang/reflect/InvocationTargetException'> (0x00000000e1aeb4e8) thrown at [/HUDSON/workspace/8-2-build-linux-amd64/jdk8u92/6642/hotspot/src/share/vm/runtime/reflection.cpp, line 1092]
Event: 3,775 Thread 0x00007f6668008800 Exception <a 'java/lang/reflect/InvocationTargetException'> (0x00000000e22c7bc8) thrown at [/HUDSON/workspace/8-2-build-linux-amd64/jdk8u92/6642/hotspot/src/share/vm/runtime/reflection.cpp, line 1092]

Events (10 events):
Event: 12,259 loading class sun/applet/AppletViewer$3
Event: 12,259 loading class sun/applet/AppletViewer$3 done
Event: 12,259 Thread 0x00007f6654837800 Thread added: 0x00007f6654837800
Event: 12,259 loading class sun/applet/AppletPanel$4
Event: 12,260 loading class sun/applet/AppletPanel$4 done
Event: 12,260 loading class java/awt/KeyboardFocusManager$2
Event: 12,260 loading class java/awt/KeyboardFocusManager$2 done
Event: 12,260 loading class sun/awt/SunToolkit$1
Event: 12,260 loading class sun/awt/SunToolkit$1 done
Event: 12,262 Thread 0x00007f666800f000 Thread exited: 0x00007f666800f000


Dynamic libraries:
00400000-00401000 r-xp 00000000 08:01 3450446                            /home/ema/Scaricati/jdk1.8.0_92/jre/bin/java
00600000-00601000 rw-p 00000000 08:01 3450446                            /home/ema/Scaricati/jdk1.8.0_92/jre/bin/java
01968000-01989000 rw-p 00000000 00:00 0                                  [heap]
a2e00000-a6e80000 rw-p 00000000 00:00 0 
a6e80000-e0f80000 ---p 00000000 00:00 0 
e0f80000-e3e80000 rw-p 00000000 00:00 0 
e3e80000-100000000 ---p 00000000 00:00 0 
100000000-100220000 rw-p 00000000 00:00 0 
100220000-140000000 ---p 00000000 00:00 0 
7f661c000000-7f661c095000 rw-p 00000000 00:00 0 
7f661c095000-7f6620000000 ---p 00000000 00:00 0 
7f6620000000-7f662009f000 rw-p 00000000 00:00 0 
7f662009f000-7f6624000000 ---p 00000000 00:00 0 
7f6624000000-7f6624095000 rw-p 00000000 00:00 0 
7f6624095000-7f6628000000 ---p 00000000 00:00 0 
7f6628000000-7f66280a9000 rw-p 00000000 00:00 0 
7f66280a9000-7f662c000000 ---p 00000000 00:00 0 
7f662c000000-7f662c021000 rw-p 00000000 00:00 0 
7f662c021000-7f6630000000 ---p 00000000 00:00 0 
7f6630000000-7f6630021000 rw-p 00000000 00:00 0 
7f6630021000-7f6634000000 ---p 00000000 00:00 0 
7f6634000000-7f6634021000 rw-p 00000000 00:00 0 
7f6634021000-7f6638000000 ---p 00000000 00:00 0 
7f6638000000-7f6638021000 rw-p 00000000 00:00 0 
7f6638021000-7f663c000000 ---p 00000000 00:00 0 
7f663c000000-7f663c021000 rw-p 00000000 00:00 0 
7f663c021000-7f6640000000 ---p 00000000 00:00 0 
7f664183e000-7f664192a000 rw-p 00000000 00:00 0 
7f664192a000-7f6641a3e000 ---p 00000000 00:00 0 
7f6641a3e000-7f6641a41000 ---p 00000000 00:00 0 
7f6641a41000-7f6641b3f000 rw-p 00000000 00:00 0 
7f6641b43000-7f6641b46000 ---p 00000000 00:00 0 
7f6641b46000-7f6641c44000 rw-p 00000000 00:00 0 
7f6641c8f000-7f6641c92000 ---p 00000000 00:00 0 
7f6641c92000-7f6641d90000 rw-p 00000000 00:00 0 
7f6641dd6000-7f6641dd9000 ---p 00000000 00:00 0 
7f6641dd9000-7f6641ed7000 rw-p 00000000 00:00 0 
7f6641f50000-7f6641f53000 ---p 00000000 00:00 0 
7f6641f53000-7f6642051000 rw-p 00000000 00:00 0 
7f6642051000-7f6642054000 ---p 00000000 00:00 0 
7f6642054000-7f6642152000 rw-p 00000000 00:00 0 
7f6642152000-7f6642155000 ---p 00000000 00:00 0 
7f6642155000-7f6642253000 rw-p 00000000 00:00 0 
7f6642253000-7f6642256000 ---p 00000000 00:00 0 
7f6642256000-7f6642581000 rw-p 00000000 00:00 0 
7f6642581000-7f6642f81000 rwxp 00000000 00:00 0 
7f6642f81000-7f66431ae000 rw-p 00000000 00:00 0 
7f66431ae000-7f66431c5000 r-xp 00000000 08:01 27267350                   /lib/x86_64-linux-gnu/libresolv-2.21.so
7f66431c5000-7f66433c5000 ---p 00017000 08:01 27267350                   /lib/x86_64-linux-gnu/libresolv-2.21.so
7f66433c5000-7f66433c7000 r--p 00017000 08:01 27267350                   /lib/x86_64-linux-gnu/libresolv-2.21.so
7f66433c7000-7f66433c8000 rw-p 00019000 08:01 27267350                   /lib/x86_64-linux-gnu/libresolv-2.21.so
7f66433c8000-7f66433ca000 rw-p 00000000 00:00 0 
7f66433ca000-7f66433cf000 r-xp 00000000 08:01 27267295                   /lib/x86_64-linux-gnu/libnss_dns-2.21.so
7f66433cf000-7f66435ce000 ---p 00005000 08:01 27267295                   /lib/x86_64-linux-gnu/libnss_dns-2.21.so
7f66435ce000-7f66435cf000 r--p 00004000 08:01 27267295                   /lib/x86_64-linux-gnu/libnss_dns-2.21.so
7f66435cf000-7f66435d0000 rw-p 00005000 08:01 27267295                   /lib/x86_64-linux-gnu/libnss_dns-2.21.so
7f66435d0000-7f66435d2000 r-xp 00000000 08:01 27267303                   /lib/x86_64-linux-gnu/libnss_mdns4_minimal.so.2
7f66435d2000-7f66437d1000 ---p 00002000 08:01 27267303                   /lib/x86_64-linux-gnu/libnss_mdns4_minimal.so.2
7f66437d1000-7f66437d2000 r--p 00001000 08:01 27267303                   /lib/x86_64-linux-gnu/libnss_mdns4_minimal.so.2
7f66437d2000-7f66437d3000 rw-p 00002000 08:01 27267303                   /lib/x86_64-linux-gnu/libnss_mdns4_minimal.so.2
7f66437d3000-7f66439d3000 rw-p 00000000 00:00 0 
7f66439d9000-7f66439dc000 ---p 00000000 00:00 0 
7f66439dc000-7f6643ada000 rw-p 00000000 00:00 0 
7f6643b1f000-7f6643b9f000 rw-s 19a406000 00:06 9579                      /dev/dri/card0
7f6643b9f000-7f6643bd6000 r-xp 00000000 08:01 15344535                   /usr/lib/x86_64-linux-gnu/libtxc_dxtn_s2tc.so.0.0.0
7f6643bd6000-7f6643dd5000 ---p 00037000 08:01 15344535                   /usr/lib/x86_64-linux-gnu/libtxc_dxtn_s2tc.so.0.0.0
7f6643dd5000-7f6643dd6000 r--p 00036000 08:01 15344535                   /usr/lib/x86_64-linux-gnu/libtxc_dxtn_s2tc.so.0.0.0
7f6643dd6000-7f6643dd7000 rw-p 00037000 08:01 15344535                   /usr/lib/x86_64-linux-gnu/libtxc_dxtn_s2tc.so.0.0.0
7f6643dd7000-7f6643dfc000 r-xp 00000000 08:01 27267368                   /lib/x86_64-linux-gnu/libtinfo.so.5.9
7f6643dfc000-7f6643ffb000 ---p 00025000 08:01 27267368                   /lib/x86_64-linux-gnu/libtinfo.so.5.9
7f6643ffb000-7f6643fff000 r--p 00024000 08:01 27267368                   /lib/x86_64-linux-gnu/libtinfo.so.5.9
7f6643fff000-7f6644000000 rw-p 00028000 08:01 27267368                   /lib/x86_64-linux-gnu/libtinfo.so.5.9
7f6644000000-7f6644196000 rw-p 00000000 00:00 0 
7f6644196000-7f6648000000 ---p 00000000 00:00 0 
7f664807a000-7f66480ad000 r-xp 00000000 08:01 15343777                   /usr/lib/x86_64-linux-gnu/libedit.so.2.0.51
7f66480ad000-7f66482ad000 ---p 00033000 08:01 15343777                   /usr/lib/x86_64-linux-gnu/libedit.so.2.0.51
7f66482ad000-7f66482af000 r--p 00033000 08:01 15343777                   /usr/lib/x86_64-linux-gnu/libedit.so.2.0.51
7f66482af000-7f66482b0000 rw-p 00035000 08:01 15343777                   /usr/lib/x86_64-linux-gnu/libedit.so.2.0.51
7f66482b0000-7f66482b4000 rw-p 00000000 00:00 0 
7f66482b4000-7f66482cd000 r-xp 00000000 08:01 27267385                   /lib/x86_64-linux-gnu/libz.so.1.2.8
7f66482cd000-7f66484cd000 ---p 00019000 08:01 27267385                   /lib/x86_64-linux-gnu/libz.so.1.2.8
7f66484cd000-7f66484ce000 r--p 00019000 08:01 27267385                   /lib/x86_64-linux-gnu/libz.so.1.2.8
7f66484ce000-7f66484cf000 rw-p 0001a000 08:01 27267385                   /lib/x86_64-linux-gnu/libz.so.1.2.8
7f66484cf000-7f66485bf000 r-xp 00000000 08:01 15344490                   /usr/lib/x86_64-linux-gnu/libstdc++.so.6.0.20
7f66485bf000-7f66487bf000 ---p 000f0000 08:01 15344490                   /usr/lib/x86_64-linux-gnu/libstdc++.so.6.0.20
7f66487bf000-7f66487c7000 r--p 000f0000 08:01 15344490                   /usr/lib/x86_64-linux-gnu/libstdc++.so.6.0.20
7f66487c7000-7f66487c9000 rw-p 000f8000 08:01 15344490                   /usr/lib/x86_64-linux-gnu/libstdc++.so.6.0.20
7f66487c9000-7f66487de000 rw-p 00000000 00:00 0 
7f66487de000-7f664a587000 r-xp 00000000 08:01 15343369                   /usr/lib/x86_64-linux-gnu/libLLVM-3.6.so.1
7f664a587000-7f664a588000 ---p 01da9000 08:01 15343369                   /usr/lib/x86_64-linux-gnu/libLLVM-3.6.so.1
7f664a588000-7f664a7a4000 r--p 01da9000 08:01 15343369                   /usr/lib/x86_64-linux-gnu/libLLVM-3.6.so.1
7f664a7a4000-7f664a7aa000 rw-p 01fc5000 08:01 15343369                   /usr/lib/x86_64-linux-gnu/libLLVM-3.6.so.1
7f664a7aa000-7f664a7c0000 rw-p 00000000 00:00 0 
7f664a7c0000-7f664a7d5000 r-xp 00000000 08:01 15343778                   /usr/lib/x86_64-linux-gnu/libelf-0.160.so
7f664a7d5000-7f664a9d4000 ---p 00015000 08:01 15343778                   /usr/lib/x86_64-linux-gnu/libelf-0.160.so
7f664a9d4000-7f664a9d5000 r--p 00014000 08:01 15343778                   /usr/lib/x86_64-linux-gnu/libelf-0.160.so
7f664a9d5000-7f664a9d6000 rw-p 00015000 08:01 15343778                   /usr/lib/x86_64-linux-gnu/libelf-0.160.so
7f664a9d6000-7f664a9e2000 r-xp 00000000 08:01 15343773                   /usr/lib/x86_64-linux-gnu/libdrm_radeon.so.1.0.1
7f664a9e2000-7f664abe1000 ---p 0000c000 08:01 15343773                   /usr/lib/x86_64-linux-gnu/libdrm_radeon.so.1.0.1
7f664abe1000-7f664abe2000 r--p 0000b000 08:01 15343773                   /usr/lib/x86_64-linux-gnu/libdrm_radeon.so.1.0.1
7f664abe2000-7f664abe3000 rw-p 0000c000 08:01 15343773                   /usr/lib/x86_64-linux-gnu/libdrm_radeon.so.1.0.1
7f664abe3000-7f664abe9000 r-xp 00000000 08:01 15343771                   /usr/lib/x86_64-linux-gnu/libdrm_nouveau.so.2.0.0
7f664abe9000-7f664ade8000 ---p 00006000 08:01 15343771                   /usr/lib/x86_64-linux-gnu/libdrm_nouveau.so.2.0.0
7f664ade8000-7f664ade9000 r--p 00005000 08:01 15343771                   /usr/lib/x86_64-linux-gnu/libdrm_nouveau.so.2.0.0
7f664ade9000-7f664adea000 rw-p 00006000 08:01 15343771                   /usr/lib/x86_64-linux-gnu/libdrm_nouveau.so.2.0.0
7f664adea000-7f664b55d000 r-xp 00000000 08:01 15603600                   /usr/lib/x86_64-linux-gnu/dri/nouveau_dri.so
7f664b55d000-7f664b75c000 ---p 00773000 08:01 15603600                   /usr/lib/x86_64-linux-gnu/dri/nouveau_dri.so
7f664b75c000-7f664b7b3000 r--p 00772000 08:01 15603600                   /usr/lib/x86_64-linux-gnu/dri/nouveau_dri.so
7f664b7b3000-7f664b7bf000 rw-p 007c9000 08:01 15603600                   /usr/lib/x86_64-linux-gnu/dri/nouveau_dri.so
7f664b7bf000-7f664b9a4000 rw-p 00000000 00:00 0 
7f664b9a4000-7f664b9b6000 r-xp 00000000 08:01 27263385                   /lib/x86_64-linux-gnu/libudev.so.1.6.2
7f664b9b6000-7f664bbb5000 ---p 00012000 08:01 27263385                   /lib/x86_64-linux-gnu/libudev.so.1.6.2
7f664bbb5000-7f664bbb6000 r--p 00011000 08:01 27263385                   /lib/x86_64-linux-gnu/libudev.so.1.6.2
7f664bbb6000-7f664bbb7000 rw-p 00012000 08:01 27263385                   /lib/x86_64-linux-gnu/libudev.so.1.6.2
7f664bbb7000-7f664bbb9000 r-xp 00000000 08:01 15343521                   /usr/lib/x86_64-linux-gnu/libXinerama.so.1.0.0
7f664bbb9000-7f664bdb8000 ---p 00002000 08:01 15343521                   /usr/lib/x86_64-linux-gnu/libXinerama.so.1.0.0
7f664bdb8000-7f664bdb9000 r--p 00001000 08:01 15343521                   /usr/lib/x86_64-linux-gnu/libXinerama.so.1.0.0
7f664bdb9000-7f664bdba000 rw-p 00002000 08:01 15343521                   /usr/lib/x86_64-linux-gnu/libXinerama.so.1.0.0
7f664bdba000-7f664bdff000 r-xp 00000000 08:01 28312167                   /tmp/jogamp_0000/file_cache/jln6974380804977427736/jln6861744014550948149/libjogl_mobile.so
7f664bdff000-7f664bfff000 ---p 00045000 08:01 28312167                   /tmp/jogamp_0000/file_cache/jln6974380804977427736/jln6861744014550948149/libjogl_mobile.so
7f664bfff000-7f664c000000 rw-p 00045000 08:01 28312167                   /tmp/jogamp_0000/file_cache/jln6974380804977427736/jln6861744014550948149/libjogl_mobile.so
7f664c000000-7f664c6b4000 rw-p 00000000 00:00 0 
7f664c6b4000-7f6650000000 ---p 00000000 00:00 0 
7f6650000000-7f6650021000 rw-p 00000000 00:00 0 
7f6650021000-7f6654000000 ---p 00000000 00:00 0 
7f6654000000-7f66549b0000 rw-p 00000000 00:00 0 
7f66549b0000-7f6658000000 ---p 00000000 00:00 0 
7f6658032000-7f66580b2000 rw-s 19a486000 00:06 9579                      /dev/dri/card0
7f66580b2000-7f6658132000 rw-s 19a386000 00:06 9579                      /dev/dri/card0
7f6658132000-7f6658139000 r-xp 00000000 08:01 15343817                   /usr/lib/x86_64-linux-gnu/libffi.so.6.0.4
7f6658139000-7f6658338000 ---p 00007000 08:01 15343817                   /usr/lib/x86_64-linux-gnu/libffi.so.6.0.4
7f6658338000-7f6658339000 r--p 00006000 08:01 15343817                   /usr/lib/x86_64-linux-gnu/libffi.so.6.0.4
7f6658339000-7f665833a000 rw-p 00007000 08:01 15343817                   /usr/lib/x86_64-linux-gnu/libffi.so.6.0.4
7f665833a000-7f6658347000 r-xp 00000000 08:01 15340550                   /usr/lib/x86_64-linux-gnu/libgbm.so.1.0.0
7f6658347000-7f6658546000 ---p 0000d000 08:01 15340550                   /usr/lib/x86_64-linux-gnu/libgbm.so.1.0.0
7f6658546000-7f6658547000 r--p 0000c000 08:01 15340550                   /usr/lib/x86_64-linux-gnu/libgbm.so.1.0.0
7f6658547000-7f6658548000 rw-p 0000d000 08:01 15340550                   /usr/lib/x86_64-linux-gnu/libgbm.so.1.0.0
7f6658548000-7f6658557000 r-xp 00000000 08:01 15344604                   /usr/lib/x86_64-linux-gnu/libwayland-server.so.0.1.0
7f6658557000-7f6658756000 ---p 0000f000 08:01 15344604                   /usr/lib/x86_64-linux-gnu/libwayland-server.so.0.1.0
7f6658756000-7f6658759000 r--p 0000e000 08:01 15344604                   /usr/lib/x86_64-linux-gnu/libwayland-server.so.0.1.0
7f6658759000-7f665875a000 rw-p 00011000 08:01 15344604                   /usr/lib/x86_64-linux-gnu/libwayland-server.so.0.1.0
7f665875a000-7f6658766000 r-xp 00000000 08:01 15344598                   /usr/lib/x86_64-linux-gnu/libwayland-client.so.0.3.0
7f6658766000-7f6658965000 ---p 0000c000 08:01 15344598                   /usr/lib/x86_64-linux-gnu/libwayland-client.so.0.3.0
7f6658965000-7f6658967000 r--p 0000b000 08:01 15344598                   /usr/lib/x86_64-linux-gnu/libwayland-client.so.0.3.0
7f6658967000-7f6658968000 rw-p 0000d000 08:01 15344598                   /usr/lib/x86_64-linux-gnu/libwayland-client.so.0.3.0
7f6658968000-7f665896d000 r-xp 00000000 08:01 15344692                   /usr/lib/x86_64-linux-gnu/libxcb-xfixes.so.0.0.0
7f665896d000-7f6658b6d000 ---p 00005000 08:01 15344692                   /usr/lib/x86_64-linux-gnu/libxcb-xfixes.so.0.0.0
7f6658b6d000-7f6658b6e000 r--p 00005000 08:01 15344692                   /usr/lib/x86_64-linux-gnu/libxcb-xfixes.so.0.0.0
7f6658b6e000-7f6658b6f000 rw-p 00006000 08:01 15344692                   /usr/lib/x86_64-linux-gnu/libxcb-xfixes.so.0.0.0
7f6658b6f000-7f6658b98000 r-xp 00000000 08:01 15729315                   /usr/lib/x86_64-linux-gnu/mesa-egl/libEGL.so.1.0.0
7f6658b98000-7f6658d98000 ---p 00029000 08:01 15729315                   /usr/lib/x86_64-linux-gnu/mesa-egl/libEGL.so.1.0.0
7f6658d98000-7f6658d99000 r--p 00029000 08:01 15729315                   /usr/lib/x86_64-linux-gnu/mesa-egl/libEGL.so.1.0.0
7f6658d99000-7f6658d9a000 rw-p 0002a000 08:01 15729315                   /usr/lib/x86_64-linux-gnu/mesa-egl/libEGL.so.1.0.0
7f6658d9a000-7f6658d9b000 rw-p 00000000 00:00 0 
7f6658d9b000-7f6658e40000 r-xp 00000000 08:01 28312164                   /tmp/jogamp_0000/file_cache/jln6974380804977427736/jln6861744014550948149/libjogl_desktop.so
7f6658e40000-7f6659040000 ---p 000a5000 08:01 28312164                   /tmp/jogamp_0000/file_cache/jln6974380804977427736/jln6861744014550948149/libjogl_desktop.so
7f6659040000-7f6659041000 rw-p 000a5000 08:01 28312164                   /tmp/jogamp_0000/file_cache/jln6974380804977427736/jln6861744014550948149/libjogl_desktop.so
7f6659041000-7f665904d000 r-xp 00000000 08:01 15343767                   /usr/lib/x86_64-linux-gnu/libdrm.so.2.4.0
7f665904d000-7f665924c000 ---p 0000c000 08:01 15343767                   /usr/lib/x86_64-linux-gnu/libdrm.so.2.4.0
7f665924c000-7f665924d000 r--p 0000b000 08:01 15343767                   /usr/lib/x86_64-linux-gnu/libdrm.so.2.4.0
7f665924d000-7f665924e000 rw-p 0000c000 08:01 15343767                   /usr/lib/x86_64-linux-gnu/libdrm.so.2.4.0
7f665924e000-7f665924f000 r-xp 00000000 08:01 15344706                   /usr/lib/x86_64-linux-gnu/libxshmfence.so.1.0.0
7f665924f000-7f665944e000 ---p 00001000 08:01 15344706                   /usr/lib/x86_64-linux-gnu/libxshmfence.so.1.0.0
7f665944e000-7f665944f000 r--p 00000000 08:01 15344706                   /usr/lib/x86_64-linux-gnu/libxshmfence.so.1.0.0
7f665944f000-7f6659450000 rw-p 00001000 08:01 15344706                   /usr/lib/x86_64-linux-gnu/libxshmfence.so.1.0.0
7f6659450000-7f6659455000 r-xp 00000000 08:01 15344688                   /usr/lib/x86_64-linux-gnu/libxcb-sync.so.1.0.0
7f6659455000-7f6659654000 ---p 00005000 08:01 15344688                   /usr/lib/x86_64-linux-gnu/libxcb-sync.so.1.0.0
7f6659654000-7f6659655000 r--p 00004000 08:01 15344688                   /usr/lib/x86_64-linux-gnu/libxcb-sync.so.1.0.0
7f6659655000-7f6659656000 rw-p 00005000 08:01 15344688                   /usr/lib/x86_64-linux-gnu/libxcb-sync.so.1.0.0
7f6659656000-7f6659658000 r-xp 00000000 08:01 15344676                   /usr/lib/x86_64-linux-gnu/libxcb-present.so.0.0.0
7f6659658000-7f6659857000 ---p 00002000 08:01 15344676                   /usr/lib/x86_64-linux-gnu/libxcb-present.so.0.0.0
7f6659857000-7f6659858000 r--p 00001000 08:01 15344676                   /usr/lib/x86_64-linux-gnu/libxcb-present.so.0.0.0
7f6659858000-7f6659859000 rw-p 00002000 08:01 15344676                   /usr/lib/x86_64-linux-gnu/libxcb-present.so.0.0.0
7f6659859000-7f665985b000 r-xp 00000000 08:01 15344666                   /usr/lib/x86_64-linux-gnu/libxcb-dri3.so.0.0.0
7f665985b000-7f6659a5a000 ---p 00002000 08:01 15344666                   /usr/lib/x86_64-linux-gnu/libxcb-dri3.so.0.0.0
7f6659a5a000-7f6659a5b000 r--p 00001000 08:01 15344666                   /usr/lib/x86_64-linux-gnu/libxcb-dri3.so.0.0.0
7f6659a5b000-7f6659a5c000 rw-p 00002000 08:01 15344666                   /usr/lib/x86_64-linux-gnu/libxcb-dri3.so.0.0.0
7f6659a5c000-7f6659a5f000 r-xp 00000000 08:01 15344664                   /usr/lib/x86_64-linux-gnu/libxcb-dri2.so.0.0.0
7f6659a5f000-7f6659c5f000 ---p 00003000 08:01 15344664                   /usr/lib/x86_64-linux-gnu/libxcb-dri2.so.0.0.0
7f6659c5f000-7f6659c60000 r--p 00003000 08:01 15344664                   /usr/lib/x86_64-linux-gnu/libxcb-dri2.so.0.0.0
7f6659c60000-7f6659c61000 rw-p 00004000 08:01 15344664                   /usr/lib/x86_64-linux-gnu/libxcb-dri2.so.0.0.0
7f6659c61000-7f6659c76000 r-xp 00000000 08:01 15344668                   /usr/lib/x86_64-linux-gnu/libxcb-glx.so.0.0.0
7f6659c76000-7f6659e75000 ---p 00015000 08:01 15344668                   /usr/lib/x86_64-linux-gnu/libxcb-glx.so.0.0.0
7f6659e75000-7f6659e77000 r--p 00014000 08:01 15344668                   /usr/lib/x86_64-linux-gnu/libxcb-glx.so.0.0.0
7f6659e77000-7f6659e78000 rw-p 00016000 08:01 15344668                   /usr/lib/x86_64-linux-gnu/libxcb-glx.so.0.0.0
7f6659e78000-7f6659e79000 r-xp 00000000 08:01 15343492                   /usr/lib/x86_64-linux-gnu/libX11-xcb.so.1.0.0
7f6659e79000-7f665a078000 ---p 00001000 08:01 15343492                   /usr/lib/x86_64-linux-gnu/libX11-xcb.so.1.0.0
7f665a078000-7f665a079000 r--p 00000000 08:01 15343492                   /usr/lib/x86_64-linux-gnu/libX11-xcb.so.1.0.0
7f665a079000-7f665a07a000 rw-p 00001000 08:01 15343492                   /usr/lib/x86_64-linux-gnu/libX11-xcb.so.1.0.0
7f665a07a000-7f665a07c000 r-xp 00000000 08:01 15343507                   /usr/lib/x86_64-linux-gnu/libXdamage.so.1.1.0
7f665a07c000-7f665a27b000 ---p 00002000 08:01 15343507                   /usr/lib/x86_64-linux-gnu/libXdamage.so.1.1.0
7f665a27b000-7f665a27c000 r--p 00001000 08:01 15343507                   /usr/lib/x86_64-linux-gnu/libXdamage.so.1.1.0
7f665a27c000-7f665a27d000 rw-p 00002000 08:01 15343507                   /usr/lib/x86_64-linux-gnu/libXdamage.so.1.1.0
7f665a27d000-7f665a2a2000 r-xp 00000000 08:01 15343260                   /usr/lib/x86_64-linux-gnu/libglapi.so.0.0.0
7f665a2a2000-7f665a4a2000 ---p 00025000 08:01 15343260                   /usr/lib/x86_64-linux-gnu/libglapi.so.0.0.0
7f665a4a2000-7f665a4a5000 r--p 00025000 08:01 15343260                   /usr/lib/x86_64-linux-gnu/libglapi.so.0.0.0
7f665a4a5000-7f665a4a6000 rw-p 00028000 08:01 15343260                   /usr/lib/x86_64-linux-gnu/libglapi.so.0.0.0
7f665a4a6000-7f665a4a7000 rw-p 00000000 00:00 0 
7f665a4a7000-7f665a4cd000 r-xp 00000000 08:01 27267358                   /lib/x86_64-linux-gnu/libexpat.so.1.6.0
7f665a4cd000-7f665a6cc000 ---p 00026000 08:01 27267358                   /lib/x86_64-linux-gnu/libexpat.so.1.6.0
7f665a6cc000-7f665a6cf000 r--p 00025000 08:01 27267358                   /lib/x86_64-linux-gnu/libexpat.so.1.6.0
7f665a6cf000-7f665a6d0000 rw-p 00028000 08:01 27267358                   /lib/x86_64-linux-gnu/libexpat.so.1.6.0
7f665a6d0000-7f665a768000 r-xp 00000000 08:01 15732978                   /usr/lib/x86_64-linux-gnu/mesa/libGL.so.1.2.0
7f665a768000-7f665a967000 ---p 00098000 08:01 15732978                   /usr/lib/x86_64-linux-gnu/mesa/libGL.so.1.2.0
7f665a967000-7f665a96a000 r--p 00097000 08:01 15732978                   /usr/lib/x86_64-linux-gnu/mesa/libGL.so.1.2.0
7f665a96a000-7f665a96b000 rw-p 0009a000 08:01 15732978                   /usr/lib/x86_64-linux-gnu/mesa/libGL.so.1.2.0
7f665a96b000-7f665ab6c000 rw-p 00000000 00:00 0 
7f665ab6c000-7f665ad6c000 rw-p 00000000 00:00 0 
7f665ad6c000-7f665ad73000 r-xp 00000000 08:01 28312169                   /tmp/jogamp_0000/file_cache/jln6974380804977427736/jln6861744014550948149/libnativewindow_x11.so
7f665ad73000-7f665af72000 ---p 00007000 08:01 28312169                   /tmp/jogamp_0000/file_cache/jln6974380804977427736/jln6861744014550948149/libnativewindow_x11.so
7f665af72000-7f665af73000 rw-p 00006000 08:01 28312169                   /tmp/jogamp_0000/file_cache/jln6974380804977427736/jln6861744014550948149/libnativewindow_x11.so
7f665af73000-7f665af77000 r-xp 00000000 08:01 15343549                   /usr/lib/x86_64-linux-gnu/libXxf86vm.so.1.0.0
7f665af77000-7f665b177000 ---p 00004000 08:01 15343549                   /usr/lib/x86_64-linux-gnu/libXxf86vm.so.1.0.0
7f665b177000-7f665b178000 r--p 00004000 08:01 15343549                   /usr/lib/x86_64-linux-gnu/libXxf86vm.so.1.0.0
7f665b178000-7f665b179000 rw-p 00005000 08:01 15343549                   /usr/lib/x86_64-linux-gnu/libXxf86vm.so.1.0.0
7f665b179000-7f665b17b000 r-xp 00000000 08:01 28312168                   /tmp/jogamp_0000/file_cache/jln6974380804977427736/jln6861744014550948149/libnativewindow_awt.so
7f665b17b000-7f665b37a000 ---p 00002000 08:01 28312168                   /tmp/jogamp_0000/file_cache/jln6974380804977427736/jln6861744014550948149/libnativewindow_awt.so
7f665b37a000-7f665b37b000 rw-p 00001000 08:01 28312168                   /tmp/jogamp_0000/file_cache/jln6974380804977427736/jln6861744014550948149/libnativewindow_awt.so
7f665b37b000-7f665b37c000 r-xp 00000000 08:01 3450810                    /home/ema/Scaricati/jdk1.8.0_92/jre/lib/amd64/libjawt.so
7f665b37c000-7f665b57b000 ---p 00001000 08:01 3450810                    /home/ema/Scaricati/jdk1.8.0_92/jre/lib/amd64/libjawt.so
7f665b57b000-7f665b57c000 rw-p 00000000 08:01 3450810                    /home/ema/Scaricati/jdk1.8.0_92/jre/lib/amd64/libjawt.so
7f665b57c000-7f665b57e000 r-xp 00000000 08:01 28312162                   /tmp/jogamp_0000/file_cache/jln6974380804977427736/jln6861744014550948149/libgluegen-rt.so
7f665b57e000-7f665b77d000 ---p 00002000 08:01 28312162                   /tmp/jogamp_0000/file_cache/jln6974380804977427736/jln6861744014550948149/libgluegen-rt.so
7f665b77d000-7f665b77e000 rw-p 00001000 08:01 28312162                   /tmp/jogamp_0000/file_cache/jln6974380804977427736/jln6861744014550948149/libgluegen-rt.so
7f665b77e000-7f665b781000 ---p 00000000 00:00 0 
7f665b781000-7f665ba7f000 rw-p 00000000 00:00 0 
7f665ba7f000-7f665ba82000 ---p 00000000 00:00 0 
7f665ba82000-7f665bd80000 rw-p 00000000 00:00 0 
7f665bd80000-7f665bde9000 r-xp 00000000 08:01 3450779                    /home/ema/Scaricati/jdk1.8.0_92/jre/lib/amd64/libt2k.so
7f665bde9000-7f665bfe9000 ---p 00069000 08:01 3450779                    /home/ema/Scaricati/jdk1.8.0_92/jre/lib/amd64/libt2k.so
7f665bfe9000-7f665bff0000 rw-p 00069000 08:01 3450779                    /home/ema/Scaricati/jdk1.8.0_92/jre/lib/amd64/libt2k.so
7f665bff0000-7f665c000000 rw-p 00000000 00:00 0 
7f665c000000-7f665c021000 rw-p 00000000 00:00 0 
7f665c021000-7f6660000000 ---p 00000000 00:00 0 
7f6660000000-7f6660058000 rw-p 00000000 00:00 0 
7f6660058000-7f6664000000 ---p 00000000 00:00 0 
7f6664000000-7f6664028000 rw-p 00000000 00:00 0 
7f6664028000-7f6668000000 ---p 00000000 00:00 0 
7f6668000000-7f6668021000 rw-p 00000000 00:00 0 
7f6668021000-7f666c000000 ---p 00000000 00:00 0 
7f666c000000-7f666c021000 rw-p 00000000 00:00 0 
7f666c021000-7f6670000000 ---p 00000000 00:00 0 
7f6670000000-7f6670021000 rw-p 00000000 00:00 0 
7f6670021000-7f6674000000 ---p 00000000 00:00 0 
7f6674000000-7f6674593000 rw-p 00000000 00:00 0 
7f6674593000-7f6678000000 ---p 00000000 00:00 0 
7f6678000000-7f6678021000 rw-p 00000000 00:00 0 
7f6678021000-7f667c000000 ---p 00000000 00:00 0 
7f667c000000-7f667c645000 rw-p 00000000 00:00 0 
7f667c645000-7f6680000000 ---p 00000000 00:00 0 
7f6680000000-7f6680507000 rw-p 00000000 00:00 0 
7f6680507000-7f6684000000 ---p 00000000 00:00 0 
7f6684000000-7f6684021000 rw-p 00000000 00:00 0 
7f6684021000-7f6688000000 ---p 00000000 00:00 0 
7f6688000000-7f6688502000 rw-p 00000000 00:00 0 
7f6688502000-7f668c000000 ---p 00000000 00:00 0 
7f668c000000-7f668c021000 rw-p 00000000 00:00 0 
7f668c021000-7f6690000000 ---p 00000000 00:00 0 
7f6690000000-7f6690021000 rw-p 00000000 00:00 0 
7f6690021000-7f6694000000 ---p 00000000 00:00 0 
7f6694000000-7f6694021000 rw-p 00000000 00:00 0 
7f6694021000-7f6698000000 ---p 00000000 00:00 0 
7f6698000000-7f6698021000 rw-p 00000000 00:00 0 
7f6698021000-7f669c000000 ---p 00000000 00:00 0 
7f669c000000-7f669c021000 rw-p 00000000 00:00 0 
7f669c021000-7f66a0000000 ---p 00000000 00:00 0 
7f66a0004000-7f66a0084000 rw-s 19a306000 00:06 9579                      /dev/dri/card0
7f66a0084000-7f66a0087000 ---p 00000000 00:00 0 
7f66a0087000-7f66a0185000 rw-p 00000000 00:00 0 
7f66a0185000-7f66a0196000 r-xp 00000000 08:01 3450822                    /home/ema/Scaricati/jdk1.8.0_92/jre/lib/amd64/libnio.so
7f66a0196000-7f66a0395000 ---p 00011000 08:01 3450822                    /home/ema/Scaricati/jdk1.8.0_92/jre/lib/amd64/libnio.so
7f66a0395000-7f66a0396000 rw-p 00010000 08:01 3450822                    /home/ema/Scaricati/jdk1.8.0_92/jre/lib/amd64/libnio.so
7f66a0396000-7f66a0697000 rw-p 00000000 00:00 0 
7f66a0697000-7f66a06ad000 r-xp 00000000 08:01 3450819                    /home/ema/Scaricati/jdk1.8.0_92/jre/lib/amd64/libnet.so
7f66a06ad000-7f66a08ad000 ---p 00016000 08:01 3450819                    /home/ema/Scaricati/jdk1.8.0_92/jre/lib/amd64/libnet.so
7f66a08ad000-7f66a08ae000 rw-p 00016000 08:01 3450819                    /home/ema/Scaricati/jdk1.8.0_92/jre/lib/amd64/libnet.so
7f66a08ae000-7f66a08b1000 ---p 00000000 00:00 0 
7f66a08b1000-7f66a09af000 rw-p 00000000 00:00 0 
7f66a09af000-7f66a09b2000 ---p 00000000 00:00 0 
7f66a09b2000-7f66a0ab0000 rw-p 00000000 00:00 0 
7f66a0ab0000-7f66a0ab3000 ---p 00000000 00:00 0 
7f66a0ab3000-7f66a0bb1000 rw-p 00000000 00:00 0 
7f66a0bb1000-7f66a0bb4000 ---p 00000000 00:00 0 
7f66a0bb4000-7f66a0cb2000 rw-p 00000000 00:00 0 
7f66a0cb2000-7f66a0cb7000 r-xp 00000000 08:01 15343513                   /usr/lib/x86_64-linux-gnu/libXfixes.so.3.1.0
7f66a0cb7000-7f66a0eb6000 ---p 00005000 08:01 15343513                   /usr/lib/x86_64-linux-gnu/libXfixes.so.3.1.0
7f66a0eb6000-7f66a0eb7000 r--p 00004000 08:01 15343513                   /usr/lib/x86_64-linux-gnu/libXfixes.so.3.1.0
7f66a0eb7000-7f66a0eb8000 rw-p 00005000 08:01 15343513                   /usr/lib/x86_64-linux-gnu/libXfixes.so.3.1.0
7f66a0eb8000-7f66a0ec1000 r-xp 00000000 08:01 15343505                   /usr/lib/x86_64-linux-gnu/libXcursor.so.1.0.2
7f66a0ec1000-7f66a10c0000 ---p 00009000 08:01 15343505                   /usr/lib/x86_64-linux-gnu/libXcursor.so.1.0.2
7f66a10c0000-7f66a10c1000 r--p 00008000 08:01 15343505                   /usr/lib/x86_64-linux-gnu/libXcursor.so.1.0.2
7f66a10c1000-7f66a10c2000 rw-p 00009000 08:01 15343505                   /usr/lib/x86_64-linux-gnu/libXcursor.so.1.0.2
7f66a10c2000-7f66a10c5000 ---p 00000000 00:00 0 
7f66a10c5000-7f66a11c3000 rw-p 00000000 00:00 0 
7f66a11c3000-7f66a11d9000 r-xp 00000000 08:01 27269807                   /lib/x86_64-linux-gnu/libgcc_s.so.1
7f66a11d9000-7f66a13d8000 ---p 00016000 08:01 27269807                   /lib/x86_64-linux-gnu/libgcc_s.so.1
7f66a13d8000-7f66a13d9000 rw-p 00015000 08:01 27269807                   /lib/x86_64-linux-gnu/libgcc_s.so.1
7f66a13d9000-7f66a143e000 r-xp 00000000 08:01 3450798                    /home/ema/Scaricati/jdk1.8.0_92/jre/lib/amd64/libfontmanager.so
7f66a143e000-7f66a163d000 ---p 00065000 08:01 3450798                    /home/ema/Scaricati/jdk1.8.0_92/jre/lib/amd64/libfontmanager.so
7f66a163d000-7f66a1642000 rw-p 00064000 08:01 3450798                    /home/ema/Scaricati/jdk1.8.0_92/jre/lib/amd64/libfontmanager.so
7f66a1642000-7f66a1652000 rw-p 00000000 00:00 0 
7f66a1652000-7f66a1657000 r-xp 00000000 08:01 15343509                   /usr/lib/x86_64-linux-gnu/libXdmcp.so.6.0.0
7f66a1657000-7f66a1856000 ---p 00005000 08:01 15343509                   /usr/lib/x86_64-linux-gnu/libXdmcp.so.6.0.0
7f66a1856000-7f66a1857000 r--p 00004000 08:01 15343509                   /usr/lib/x86_64-linux-gnu/libXdmcp.so.6.0.0
7f66a1857000-7f66a1858000 rw-p 00005000 08:01 15343509                   /usr/lib/x86_64-linux-gnu/libXdmcp.so.6.0.0
7f66a1858000-7f66a185a000 r-xp 00000000 08:01 15343498                   /usr/lib/x86_64-linux-gnu/libXau.so.6.0.0
7f66a185a000-7f66a1a5a000 ---p 00002000 08:01 15343498                   /usr/lib/x86_64-linux-gnu/libXau.so.6.0.0
7f66a1a5a000-7f66a1a5b000 r--p 00002000 08:01 15343498                   /usr/lib/x86_64-linux-gnu/libXau.so.6.0.0
7f66a1a5b000-7f66a1a5c000 rw-p 00003000 08:01 15343498                   /usr/lib/x86_64-linux-gnu/libXau.so.6.0.0
7f66a1a5c000-7f66a1a79000 r-xp 00000000 08:01 15344696                   /usr/lib/x86_64-linux-gnu/libxcb.so.1.1.0
7f66a1a79000-7f66a1c79000 ---p 0001d000 08:01 15344696                   /usr/lib/x86_64-linux-gnu/libxcb.so.1.1.0
7f66a1c79000-7f66a1c7a000 r--p 0001d000 08:01 15344696                   /usr/lib/x86_64-linux-gnu/libxcb.so.1.1.0
7f66a1c7a000-7f66a1c7b000 rw-p 0001e000 08:01 15344696                   /usr/lib/x86_64-linux-gnu/libxcb.so.1.1.0
7f66a1c7b000-7f66a1c8a000 r-xp 00000000 08:01 15343519                   /usr/lib/x86_64-linux-gnu/libXi.so.6.1.0
7f66a1c8a000-7f66a1e89000 ---p 0000f000 08:01 15343519                   /usr/lib/x86_64-linux-gnu/libXi.so.6.1.0
7f66a1e89000-7f66a1e8a000 r--p 0000e000 08:01 15343519                   /usr/lib/x86_64-linux-gnu/libXi.so.6.1.0
7f66a1e8a000-7f66a1e8b000 rw-p 0000f000 08:01 15343519                   /usr/lib/x86_64-linux-gnu/libXi.so.6.1.0
7f66a1e8b000-7f66a1e90000 r-xp 00000000 08:01 15343539                   /usr/lib/x86_64-linux-gnu/libXtst.so.6.1.0
7f66a1e90000-7f66a208f000 ---p 00005000 08:01 15343539                   /usr/lib/x86_64-linux-gnu/libXtst.so.6.1.0
7f66a208f000-7f66a2090000 r--p 00004000 08:01 15343539                   /usr/lib/x86_64-linux-gnu/libXtst.so.6.1.0
7f66a2090000-7f66a2091000 rw-p 00005000 08:01 15343539                   /usr/lib/x86_64-linux-gnu/libXtst.so.6.1.0
7f66a2091000-7f66a209a000 r-xp 00000000 08:01 15343533                   /usr/lib/x86_64-linux-gnu/libXrender.so.1.3.0
7f66a209a000-7f66a2299000 ---p 00009000 08:01 15343533                   /usr/lib/x86_64-linux-gnu/libXrender.so.1.3.0
7f66a2299000-7f66a229a000 r--p 00008000 08:01 15343533                   /usr/lib/x86_64-linux-gnu/libXrender.so.1.3.0
7f66a229a000-7f66a229b000 rw-p 00009000 08:01 15343533                   /usr/lib/x86_64-linux-gnu/libXrender.so.1.3.0
7f66a229b000-7f66a23ce000 r-xp 00000000 08:01 15343494                   /usr/lib/x86_64-linux-gnu/libX11.so.6.3.0
7f66a23ce000-7f66a25ce000 ---p 00133000 08:01 15343494                   /usr/lib/x86_64-linux-gnu/libX11.so.6.3.0
7f66a25ce000-7f66a25cf000 r--p 00133000 08:01 15343494                   /usr/lib/x86_64-linux-gnu/libX11.so.6.3.0
7f66a25cf000-7f66a25d3000 rw-p 00134000 08:01 15343494                   /usr/lib/x86_64-linux-gnu/libX11.so.6.3.0
7f66a25d3000-7f66a25d4000 rw-p 00000000 00:00 0 
7f66a25d4000-7f66a25e5000 r-xp 00000000 08:01 15343511                   /usr/lib/x86_64-linux-gnu/libXext.so.6.4.0
7f66a25e5000-7f66a27e4000 ---p 00011000 08:01 15343511                   /usr/lib/x86_64-linux-gnu/libXext.so.6.4.0
7f66a27e4000-7f66a27e5000 r--p 00010000 08:01 15343511                   /usr/lib/x86_64-linux-gnu/libXext.so.6.4.0
7f66a27e5000-7f66a27e6000 rw-p 00011000 08:01 15343511                   /usr/lib/x86_64-linux-gnu/libXext.so.6.4.0
7f66a27e6000-7f66a283a000 r-xp 00000000 08:01 3450826                    /home/ema/Scaricati/jdk1.8.0_92/jre/lib/amd64/libawt_xawt.so
7f66a283a000-7f66a2a3a000 ---p 00054000 08:01 3450826                    /home/ema/Scaricati/jdk1.8.0_92/jre/lib/amd64/libawt_xawt.so
7f66a2a3a000-7f66a2a3e000 rw-p 00054000 08:01 3450826                    /home/ema/Scaricati/jdk1.8.0_92/jre/lib/amd64/libawt_xawt.so
7f66a2a3e000-7f66a2a3f000 rw-p 00000000 00:00 0 
7f66a2a3f000-7f66a2ae1000 r-xp 00000000 08:01 3450809                    /home/ema/Scaricati/jdk1.8.0_92/jre/lib/amd64/libawt.so
7f66a2ae1000-7f66a2ce1000 ---p 000a2000 08:01 3450809                    /home/ema/Scaricati/jdk1.8.0_92/jre/lib/amd64/libawt.so
7f66a2ce1000-7f66a2ced000 rw-p 000a2000 08:01 3450809                    /home/ema/Scaricati/jdk1.8.0_92/jre/lib/amd64/libawt.so
7f66a2ced000-7f66a2d11000 rw-p 00000000 00:00 0 
7f66a2d11000-7f66a2d12000 ---p 00000000 00:00 0 
7f66a2d12000-7f66a2e12000 rw-p 00000000 00:00 0 
7f66a2e12000-7f66a2e15000 ---p 00000000 00:00 0 
7f66a2e15000-7f66a2f13000 rw-p 00000000 00:00 0 
7f66a2f13000-7f66a2f16000 ---p 00000000 00:00 0 
7f66a2f16000-7f66a3014000 rw-p 00000000 00:00 0 
7f66a3014000-7f66a3017000 ---p 00000000 00:00 0 
7f66a3017000-7f66a3115000 rw-p 00000000 00:00 0 
7f66a3115000-7f66a3118000 ---p 00000000 00:00 0 
7f66a3118000-7f66a3216000 rw-p 00000000 00:00 0 
7f66a3216000-7f66a3219000 ---p 00000000 00:00 0 
7f66a3219000-7f66a3317000 rw-p 00000000 00:00 0 
7f66a3317000-7f66a331a000 ---p 00000000 00:00 0 
7f66a331a000-7f66a3418000 rw-p 00000000 00:00 0 
7f66a3418000-7f66a3afb000 r--p 00000000 08:01 15342584                   /usr/lib/locale/locale-archive
7f66a3afb000-7f66a3afe000 ---p 00000000 00:00 0 
7f66a3afe000-7f66a3bfc000 rw-p 00000000 00:00 0 
7f66a3bfc000-7f66a3bff000 ---p 00000000 00:00 0 
7f66a3bff000-7f66a3cfd000 rw-p 00000000 00:00 0 
7f66a3cfd000-7f66a3cfe000 ---p 00000000 00:00 0 
7f66a3cfe000-7f66a4000000 rw-p 00000000 00:00 0 
7f66a4000000-7f66a4021000 rw-p 00000000 00:00 0 
7f66a4021000-7f66a8000000 ---p 00000000 00:00 0 
7f66a8000000-7f66a8021000 rw-p 00000000 00:00 0 
7f66a8021000-7f66ac000000 ---p 00000000 00:00 0 
7f66ac000000-7f66ac021000 rw-p 00000000 00:00 0 
7f66ac021000-7f66b0000000 ---p 00000000 00:00 0 
7f66b0000000-7f66b0021000 rw-p 00000000 00:00 0 
7f66b0021000-7f66b4000000 ---p 00000000 00:00 0 
7f66b4000000-7f66b4021000 rw-p 00000000 00:00 0 
7f66b4021000-7f66b8000000 ---p 00000000 00:00 0 
7f66b803f000-7f66b805f000 rw-s 194917000 00:06 9579                      /dev/dri/card0
7f66b805f000-7f66bc000000 rw-p 00000000 00:00 0 
7f66bc000000-7f66bc021000 rw-p 00000000 00:00 0 
7f66bc021000-7f66c0000000 ---p 00000000 00:00 0 
7f66c0015000-7f66c0016000 rw-s 19b6d3000 00:06 9579                      /dev/dri/card0
7f66c0016000-7f66c001a000 rw-s 1a1b4a000 00:06 9579                      /dev/dri/card0
7f66c001a000-7f66c001e000 rw-s 19b6cf000 00:06 9579                      /dev/dri/card0
7f66c001e000-7f66c003a000 r--s 00393000 08:01 3450599                    /home/ema/Scaricati/jdk1.8.0_92/jre/lib/ext/cldrdata.jar
7f66c003a000-7f66c003d000 ---p 00000000 00:00 0 
7f66c003d000-7f66c0073000 rw-p 00000000 00:00 0 
7f66c0073000-7f66c0096000 r--s 002ec000 08:01 3540429                    /home/ema/Dropbox/ACCADEMIC/Programmi/Java/ucsdunfoldingmaps/lib/jogl-all.jar
7f66c0096000-7f66c1000000 rw-p 00000000 00:00 0 
7f66c1000000-7f66c1760000 rwxp 00000000 00:00 0 
7f66c1760000-7f66d0000000 ---p 00000000 00:00 0 
7f66d0000000-7f66d02b9000 rw-p 00000000 00:00 0 
7f66d02b9000-7f66d4000000 ---p 00000000 00:00 0 
7f66d4001000-7f66d400b000 r--s 00116000 08:01 3450653                    /home/ema/Scaricati/jdk1.8.0_92/jre/lib/ext/localedata.jar
7f66d400b000-7f66d4200000 rw-p 00000000 00:00 0 
7f66d4200000-7f66d43d9000 r--s 03d24000 08:01 3450543                    /home/ema/Scaricati/jdk1.8.0_92/jre/lib/rt.jar
7f66d43d9000-7f66d4738000 rw-p 00000000 00:00 0 
7f66d4738000-7f66d4739000 ---p 00000000 00:00 0 
7f66d4739000-7f66d4839000 rw-p 00000000 00:00 0 
7f66d4839000-7f66d483a000 ---p 00000000 00:00 0 
7f66d483a000-7f66d493a000 rw-p 00000000 00:00 0 
7f66d493a000-7f66d493b000 ---p 00000000 00:00 0 
7f66d493b000-7f66d4a3b000 rw-p 00000000 00:00 0 
7f66d4a3b000-7f66d4a3c000 ---p 00000000 00:00 0 
7f66d4a3c000-7f66d4b3c000 rw-p 00000000 00:00 0 
7f66d4b3c000-7f66d4b3d000 ---p 00000000 00:00 0 
7f66d4b3d000-7f66d4c3d000 rw-p 00000000 00:00 0 
7f66d4c3d000-7f66d4c3e000 ---p 00000000 00:00 0 
7f66d4c3e000-7f66d4d3e000 rw-p 00000000 00:00 0 
7f66d4d3e000-7f66d4d3f000 ---p 00000000 00:00 0 
7f66d4d3f000-7f66d4e3f000 rw-p 00000000 00:00 0 
7f66d4e3f000-7f66d4e40000 ---p 00000000 00:00 0 
7f66d4e40000-7f66d4f61000 rw-p 00000000 00:00 0 
7f66d4f61000-7f66d5131000 ---p 00000000 00:00 0 
7f66d5131000-7f66d5152000 rw-p 00000000 00:00 0 
7f66d5152000-7f66d5321000 ---p 00000000 00:00 0 
7f66d5321000-7f66d533a000 rw-p 00000000 00:00 0 
7f66d533a000-7f66d541a000 ---p 00000000 00:00 0 
7f66d541a000-7f66d5439000 rw-p 00000000 00:00 0 
7f66d5439000-7f66d57db000 ---p 00000000 00:00 0 
7f66d57db000-7f66d57f5000 r-xp 00000000 08:01 3450813                    /home/ema/Scaricati/jdk1.8.0_92/jre/lib/amd64/libzip.so
7f66d57f5000-7f66d59f5000 ---p 0001a000 08:01 3450813                    /home/ema/Scaricati/jdk1.8.0_92/jre/lib/amd64/libzip.so
7f66d59f5000-7f66d59f6000 rw-p 0001a000 08:01 3450813                    /home/ema/Scaricati/jdk1.8.0_92/jre/lib/amd64/libzip.so
7f66d59f6000-7f66d5a02000 r-xp 00000000 08:01 27267297                   /lib/x86_64-linux-gnu/libnss_files-2.21.so
7f66d5a02000-7f66d5c01000 ---p 0000c000 08:01 27267297                   /lib/x86_64-linux-gnu/libnss_files-2.21.so
7f66d5c01000-7f66d5c02000 r--p 0000b000 08:01 27267297                   /lib/x86_64-linux-gnu/libnss_files-2.21.so
7f66d5c02000-7f66d5c03000 rw-p 0000c000 08:01 27267297                   /lib/x86_64-linux-gnu/libnss_files-2.21.so
7f66d5c03000-7f66d5c0e000 r-xp 00000000 08:01 27267307                   /lib/x86_64-linux-gnu/libnss_nis-2.21.so
7f66d5c0e000-7f66d5e0d000 ---p 0000b000 08:01 27267307                   /lib/x86_64-linux-gnu/libnss_nis-2.21.so
7f66d5e0d000-7f66d5e0e000 r--p 0000a000 08:01 27267307                   /lib/x86_64-linux-gnu/libnss_nis-2.21.so
7f66d5e0e000-7f66d5e0f000 rw-p 0000b000 08:01 27267307                   /lib/x86_64-linux-gnu/libnss_nis-2.21.so
7f66d5e0f000-7f66d5e26000 r-xp 00000000 08:01 27267291                   /lib/x86_64-linux-gnu/libnsl-2.21.so
7f66d5e26000-7f66d6025000 ---p 00017000 08:01 27267291                   /lib/x86_64-linux-gnu/libnsl-2.21.so
7f66d6025000-7f66d6026000 r--p 00016000 08:01 27267291                   /lib/x86_64-linux-gnu/libnsl-2.21.so
7f66d6026000-7f66d6027000 rw-p 00017000 08:01 27267291                   /lib/x86_64-linux-gnu/libnsl-2.21.so
7f66d6027000-7f66d6029000 rw-p 00000000 00:00 0 
7f66d6029000-7f66d6031000 r-xp 00000000 08:01 27267293                   /lib/x86_64-linux-gnu/libnss_compat-2.21.so
7f66d6031000-7f66d6230000 ---p 00008000 08:01 27267293                   /lib/x86_64-linux-gnu/libnss_compat-2.21.so
7f66d6230000-7f66d6231000 r--p 00007000 08:01 27267293                   /lib/x86_64-linux-gnu/libnss_compat-2.21.so
7f66d6231000-7f66d6232000 rw-p 00008000 08:01 27267293                   /lib/x86_64-linux-gnu/libnss_compat-2.21.so
7f66d6232000-7f66d625c000 r-xp 00000000 08:01 3450807                    /home/ema/Scaricati/jdk1.8.0_92/jre/lib/amd64/libjava.so
7f66d625c000-7f66d645c000 ---p 0002a000 08:01 3450807                    /home/ema/Scaricati/jdk1.8.0_92/jre/lib/amd64/libjava.so
7f66d645c000-7f66d645e000 rw-p 0002a000 08:01 3450807                    /home/ema/Scaricati/jdk1.8.0_92/jre/lib/amd64/libjava.so
7f66d645e000-7f66d646b000 r-xp 00000000 08:01 3450812                    /home/ema/Scaricati/jdk1.8.0_92/jre/lib/amd64/libverify.so
7f66d646b000-7f66d666b000 ---p 0000d000 08:01 3450812                    /home/ema/Scaricati/jdk1.8.0_92/jre/lib/amd64/libverify.so
7f66d666b000-7f66d666d000 rw-p 0000d000 08:01 3450812                    /home/ema/Scaricati/jdk1.8.0_92/jre/lib/amd64/libverify.so
7f66d666d000-7f66d6674000 r-xp 00000000 08:01 27267352                   /lib/x86_64-linux-gnu/librt-2.21.so
7f66d6674000-7f66d6873000 ---p 00007000 08:01 27267352                   /lib/x86_64-linux-gnu/librt-2.21.so
7f66d6873000-7f66d6874000 r--p 00006000 08:01 27267352                   /lib/x86_64-linux-gnu/librt-2.21.so
7f66d6874000-7f66d6875000 rw-p 00007000 08:01 27267352                   /lib/x86_64-linux-gnu/librt-2.21.so
7f66d6875000-7f66d697c000 r-xp 00000000 08:01 27267270                   /lib/x86_64-linux-gnu/libm-2.21.so
7f66d697c000-7f66d6b7b000 ---p 00107000 08:01 27267270                   /lib/x86_64-linux-gnu/libm-2.21.so
7f66d6b7b000-7f66d6b7c000 r--p 00106000 08:01 27267270                   /lib/x86_64-linux-gnu/libm-2.21.so
7f66d6b7c000-7f66d6b7d000 rw-p 00107000 08:01 27267270                   /lib/x86_64-linux-gnu/libm-2.21.so
7f66d6b7d000-7f66d7840000 r-xp 00000000 08:01 3450788                    /home/ema/Scaricati/jdk1.8.0_92/jre/lib/amd64/server/libjvm.so
7f66d7840000-7f66d7a3f000 ---p 00cc3000 08:01 3450788                    /home/ema/Scaricati/jdk1.8.0_92/jre/lib/amd64/server/libjvm.so
7f66d7a3f000-7f66d7b18000 rw-p 00cc2000 08:01 3450788                    /home/ema/Scaricati/jdk1.8.0_92/jre/lib/amd64/server/libjvm.so
7f66d7b18000-7f66d7b63000 rw-p 00000000 00:00 0 
7f66d7b63000-7f66d7d23000 r-xp 00000000 08:01 27267211                   /lib/x86_64-linux-gnu/libc-2.21.so
7f66d7d23000-7f66d7f23000 ---p 001c0000 08:01 27267211                   /lib/x86_64-linux-gnu/libc-2.21.so
7f66d7f23000-7f66d7f27000 r--p 001c0000 08:01 27267211                   /lib/x86_64-linux-gnu/libc-2.21.so
7f66d7f27000-7f66d7f29000 rw-p 001c4000 08:01 27267211                   /lib/x86_64-linux-gnu/libc-2.21.so
7f66d7f29000-7f66d7f2d000 rw-p 00000000 00:00 0 
7f66d7f2d000-7f66d7f30000 r-xp 00000000 08:01 27267228                   /lib/x86_64-linux-gnu/libdl-2.21.so
7f66d7f30000-7f66d812f000 ---p 00003000 08:01 27267228                   /lib/x86_64-linux-gnu/libdl-2.21.so
7f66d812f000-7f66d8130000 r--p 00002000 08:01 27267228                   /lib/x86_64-linux-gnu/libdl-2.21.so
7f66d8130000-7f66d8131000 rw-p 00003000 08:01 27267228                   /lib/x86_64-linux-gnu/libdl-2.21.so
7f66d8131000-7f66d8146000 r-xp 00000000 08:01 3450782                    /home/ema/Scaricati/jdk1.8.0_92/jre/lib/amd64/jli/libjli.so
7f66d8146000-7f66d8346000 ---p 00015000 08:01 3450782                    /home/ema/Scaricati/jdk1.8.0_92/jre/lib/amd64/jli/libjli.so
7f66d8346000-7f66d8347000 rw-p 00015000 08:01 3450782                    /home/ema/Scaricati/jdk1.8.0_92/jre/lib/amd64/jli/libjli.so
7f66d8347000-7f66d835f000 r-xp 00000000 08:01 27267344                   /lib/x86_64-linux-gnu/libpthread-2.21.so
7f66d835f000-7f66d855f000 ---p 00018000 08:01 27267344                   /lib/x86_64-linux-gnu/libpthread-2.21.so
7f66d855f000-7f66d8560000 r--p 00018000 08:01 27267344                   /lib/x86_64-linux-gnu/libpthread-2.21.so
7f66d8560000-7f66d8561000 rw-p 00019000 08:01 27267344                   /lib/x86_64-linux-gnu/libpthread-2.21.so
7f66d8561000-7f66d8565000 rw-p 00000000 00:00 0 
7f66d8565000-7f66d8589000 r-xp 00000000 08:01 27267183                   /lib/x86_64-linux-gnu/ld-2.21.so
7f66d8589000-7f66d858a000 rw-p 00000000 00:00 0 
7f66d858a000-7f66d858c000 rw-s 1e6ea9000 00:06 9579                      /dev/dri/card0
7f66d858c000-7f66d858d000 rw-s 1a1e41000 00:06 9579                      /dev/dri/card0
7f66d858d000-7f66d858e000 rwxp 00000000 00:00 0 
7f66d858e000-7f66d858f000 rw-s 19a506000 00:06 9579                      /dev/dri/card0
7f66d858f000-7f66d8591000 r--s 00000000 08:01 3540406                    /home/ema/Dropbox/ACCADEMIC/Programmi/Java/ucsdunfoldingmaps/lib/gluegen-rt-natives-linux-amd64.jar
7f66d8591000-7f66d8595000 r--s 00097000 08:01 3450594                    /home/ema/Scaricati/jdk1.8.0_92/jre/lib/jsse.jar
7f66d8595000-7f66d859b000 r--s 00033000 08:01 3540448                    /home/ema/Dropbox/ACCADEMIC/Programmi/Java/ucsdunfoldingmaps/lib/unfolding.0.9.7-uscd.jar
7f66d859b000-7f66d865d000 rw-p 00000000 00:00 0 
7f66d865d000-7f66d8660000 ---p 00000000 00:00 0 
7f66d8660000-7f66d8762000 rw-p 00000000 00:00 0 
7f66d8762000-7f66d8763000 r--s 0002f000 08:01 3540414                    /home/ema/Dropbox/ACCADEMIC/Programmi/Java/ucsdunfoldingmaps/lib/jogl-all-natives-linux-amd64.jar
7f66d8763000-7f66d8764000 r--p 00000000 00:00 0 
7f66d8764000-7f66d8765000 r--s 00005000 08:01 3540435                    /home/ema/Dropbox/ACCADEMIC/Programmi/Java/ucsdunfoldingmaps/lib/libTUIO.jar
7f66d8765000-7f66d8766000 r--s 00007000 08:01 3540430                    /home/ema/Dropbox/ACCADEMIC/Programmi/Java/ucsdunfoldingmaps/lib/json4processing.jar
7f66d8766000-7f66d876b000 r--s 00309000 08:01 3540440                    /home/ema/Dropbox/ACCADEMIC/Programmi/Java/ucsdunfoldingmaps/lib/sqlite-jdbc-3.7.2.jar
7f66d876b000-7f66d8772000 r--s 00059000 08:01 3540436                    /home/ema/Dropbox/ACCADEMIC/Programmi/Java/ucsdunfoldingmaps/lib/log4j-1.2.15.jar
7f66d8772000-7f66d8778000 r--s 00041000 08:01 3540413                    /home/ema/Dropbox/ACCADEMIC/Programmi/Java/ucsdunfoldingmaps/lib/gluegen-rt.jar
7f66d8778000-7f66d877c000 r--s 0009a000 08:01 3540405                    /home/ema/Dropbox/ACCADEMIC/Programmi/Java/ucsdunfoldingmaps/lib/core.jar
7f66d877c000-7f66d8784000 rw-s 00000000 08:01 28312146                   /tmp/hsperfdata_ema/18320
7f66d8784000-7f66d8785000 rw-p 00000000 00:00 0 
7f66d8785000-7f66d8786000 r--p 00000000 00:00 0 
7f66d8786000-7f66d8788000 rw-p 00000000 00:00 0 
7f66d8788000-7f66d8789000 r--p 00023000 08:01 27267183                   /lib/x86_64-linux-gnu/ld-2.21.so
7f66d8789000-7f66d878a000 rw-p 00024000 08:01 27267183                   /lib/x86_64-linux-gnu/ld-2.21.so
7f66d878a000-7f66d878b000 rw-p 00000000 00:00 0 
7ffe5f5f4000-7ffe5f615000 rw-p 00000000 00:00 0                          [stack]
7ffe5f6dc000-7ffe5f6de000 r--p 00000000 00:00 0                          [vvar]
7ffe5f6de000-7ffe5f6e0000 r-xp 00000000 00:00 0                          [vdso]
ffffffffff600000-ffffffffff601000 r-xp 00000000 00:00 0                  [vsyscall]

VM Arguments:
jvm_args: -Djava.security.policy=java.policy.applet -Dfile.encoding=UTF-8 
java_command: sun.applet.AppletViewer module3.EarthquakeCityMap1475763980810.html
java_class_path (initial): /home/ema/Dropbox/ACCADEMIC/Programmi/Java/ucsdunfoldingmaps/build:/home/ema/Dropbox/ACCADEMIC/Programmi/Java/ucsdunfoldingmaps/lib/core.jar:/home/ema/Dropbox/ACCADEMIC/Programmi/Java/ucsdunfoldingmaps/lib/gluegen-rt.jar:/home/ema/Dropbox/ACCADEMIC/Programmi/Java/ucsdunfoldingmaps/lib/jogl-all.jar:/home/ema/Dropbox/ACCADEMIC/Programmi/Java/ucsdunfoldingmaps/lib/log4j-1.2.15.jar:/home/ema/Dropbox/ACCADEMIC/Programmi/Java/ucsdunfoldingmaps/lib/sqlite-jdbc-3.7.2.jar:/home/ema/Dropbox/ACCADEMIC/Programmi/Java/ucsdunfoldingmaps/lib/json4processing.jar:/home/ema/Dropbox/ACCADEMIC/Programmi/Java/ucsdunfoldingmaps/lib/libTUIO.jar:/home/ema/Dropbox/ACCADEMIC/Programmi/Java/ucsdunfoldingmaps/lib/unfolding.0.9.7-uscd.jar
Launcher Type: SUN_STANDARD

Environment Variables:
PATH=/usr/local/sbin:/usr/local/bin:/usr/sbin:/usr/bin:/sbin:/bin:/usr/games:/usr/local/games
SHELL=/bin/bash
DISPLAY=:0

Signal Handlers:
SIGSEGV: [libjvm.so+0xabdee0], sa_mask[0]=11111111011111111101111111111110, sa_flags=SA_RESTART|SA_SIGINFO
SIGBUS: [libjvm.so+0xabdee0], sa_mask[0]=11111111011111111101111111111110, sa_flags=SA_RESTART|SA_SIGINFO
SIGFPE: [libjvm.so+0x91a580], sa_mask[0]=11111111011111111101111111111110, sa_flags=SA_RESTART|SA_SIGINFO
SIGPIPE: [libjvm.so+0x91a580], sa_mask[0]=11111111011111111101111111111110, sa_flags=SA_RESTART|SA_SIGINFO
SIGXFSZ: [libjvm.so+0x91a580], sa_mask[0]=11111111011111111101111111111110, sa_flags=SA_RESTART|SA_SIGINFO
SIGILL: [libjvm.so+0x91a580], sa_mask[0]=11111111011111111101111111111110, sa_flags=SA_RESTART|SA_SIGINFO
SIGUSR1: SIG_DFL, sa_mask[0]=00000000000000000000000000000000, sa_flags=none
SIGUSR2: [libjvm.so+0x91bbb0], sa_mask[0]=00100000000000000000000000000000, sa_flags=SA_RESTART|SA_SIGINFO
SIGHUP: [libjvm.so+0x91cfb0], sa_mask[0]=11111111011111111101111111111110, sa_flags=SA_RESTART|SA_SIGINFO
SIGINT: [libjvm.so+0x91cfb0], sa_mask[0]=11111111011111111101111111111110, sa_flags=SA_RESTART|SA_SIGINFO
SIGTERM: [libjvm.so+0x91cfb0], sa_mask[0]=11111111011111111101111111111110, sa_flags=SA_RESTART|SA_SIGINFO
SIGQUIT: [libjvm.so+0x91cfb0], sa_mask[0]=11111111011111111101111111111110, sa_flags=SA_RESTART|SA_SIGINFO


---------------  S Y S T E M  ---------------

OS:DISTRIB_ID=Ubuntu
DISTRIB_RELEASE=15.04
DISTRIB_CODENAME=vivid
DISTRIB_DESCRIPTION="Ubuntu 15.04"

uname:Linux 3.19.0-69-generic #77-Ubuntu SMP Mon Aug 29 19:53:54 UTC 2016 x86_64
libc:glibc 2.21 NPTL 2.21 
rlimit: STACK 8192k, CORE 0k, NPROC 23746, NOFILE 65536, AS infinity
load average:0,29 0,26 0,33

/proc/meminfo:
MemTotal:        6101264 kB
MemFree:         1491608 kB
MemAvailable:    2977192 kB
Buffers:          699100 kB
Cached:           963208 kB
SwapCached:            0 kB
Active:          3856476 kB
Inactive:         490600 kB
Active(anon):    2688780 kB
Inactive(anon):    41280 kB
Active(file):    1167696 kB
Inactive(file):   449320 kB
Unevictable:          60 kB
Mlocked:              60 kB
SwapTotal:             0 kB
SwapFree:              0 kB
Dirty:              1504 kB
Writeback:             0 kB
AnonPages:       2685004 kB
Mapped:           433192 kB
Shmem:             45296 kB
Slab:             124156 kB
SReclaimable:      75024 kB
SUnreclaim:        49132 kB
KernelStack:       12016 kB
PageTables:        38076 kB
NFS_Unstable:          0 kB
Bounce:                0 kB
WritebackTmp:          0 kB
CommitLimit:     3050632 kB
Committed_AS:    7212492 kB
VmallocTotal:   34359738367 kB
VmallocUsed:      315980 kB
VmallocChunk:   34359319508 kB
HardwareCorrupted:     0 kB
AnonHugePages:   1177600 kB
CmaTotal:              0 kB
CmaFree:               0 kB
HugePages_Total:       0
HugePages_Free:        0
HugePages_Rsvd:        0
HugePages_Surp:        0
Hugepagesize:       2048 kB
DirectMap4k:      171520 kB
DirectMap2M:     6111232 kB


CPU:total 8 (4 cores per cpu, 2 threads per core) family 6 model 26 stepping 5, cmov, cx8, fxsr, mmx, sse, sse2, sse3, ssse3, sse4.1, sse4.2, popcnt, ht, tsc, tscinvbit, tscinv

/proc/cpuinfo:
processor	: 0
vendor_id	: GenuineIntel
cpu family	: 6
model		: 26
model name	: Intel(R) Core(TM) i7 CPU         920  @ 2.67GHz
stepping	: 5
microcode	: 0xf
cpu MHz		: 1600.000
cache size	: 8192 KB
physical id	: 0
siblings	: 8
core id		: 0
cpu cores	: 4
apicid		: 0
initial apicid	: 0
fpu		: yes
fpu_exception	: yes
cpuid level	: 11
wp		: yes
flags		: fpu vme de pse tsc msr pae mce cx8 apic sep mtrr pge mca cmov pat pse36 clflush dts acpi mmx fxsr sse sse2 ss ht tm pbe syscall nx rdtscp lm constant_tsc arch_perfmon pebs bts rep_good nopl xtopology nonstop_tsc aperfmperf pni dtes64 monitor ds_cpl vmx est tm2 ssse3 cx16 xtpr pdcm sse4_1 sse4_2 popcnt lahf_lm ida dtherm tpr_shadow vnmi flexpriority ept vpid
bugs		:
bogomips	: 5344.97
clflush size	: 64
cache_alignment	: 64
address sizes	: 36 bits physical, 48 bits virtual
power management:

processor	: 1
vendor_id	: GenuineIntel
cpu family	: 6
model		: 26
model name	: Intel(R) Core(TM) i7 CPU         920  @ 2.67GHz
stepping	: 5
microcode	: 0xf
cpu MHz		: 1600.000
cache size	: 8192 KB
physical id	: 0
siblings	: 8
core id		: 1
cpu cores	: 4
apicid		: 2
initial apicid	: 2
fpu		: yes
fpu_exception	: yes
cpuid level	: 11
wp		: yes
flags		: fpu vme de pse tsc msr pae mce cx8 apic sep mtrr pge mca cmov pat pse36 clflush dts acpi mmx fxsr sse sse2 ss ht tm pbe syscall nx rdtscp lm constant_tsc arch_perfmon pebs bts rep_good nopl xtopology nonstop_tsc aperfmperf pni dtes64 monitor ds_cpl vmx est tm2 ssse3 cx16 xtpr pdcm sse4_1 sse4_2 popcnt lahf_lm ida dtherm tpr_shadow vnmi flexpriority ept vpid
bugs		:
bogomips	: 5344.97
clflush size	: 64
cache_alignment	: 64
address sizes	: 36 bits physical, 48 bits virtual
power management:

processor	: 2
vendor_id	: GenuineIntel
cpu family	: 6
model		: 26
model name	: Intel(R) Core(TM) i7 CPU         920  @ 2.67GHz
stepping	: 5
microcode	: 0xf
cpu MHz		: 1867.000
cache size	: 8192 KB
physical id	: 0
siblings	: 8
core id		: 2
cpu cores	: 4
apicid		: 4
initial apicid	: 4
fpu		: yes
fpu_exception	: yes
cpuid level	: 11
wp		: yes
flags		: fpu vme de pse tsc msr pae mce cx8 apic sep mtrr pge mca cmov pat pse36 clflush dts acpi mmx fxsr sse sse2 ss ht tm pbe syscall nx rdtscp lm constant_tsc arch_perfmon pebs bts rep_good nopl xtopology nonstop_tsc aperfmperf pni dtes64 monitor ds_cpl vmx est tm2 ssse3 cx16 xtpr pdcm sse4_1 sse4_2 popcnt lahf_lm ida dtherm tpr_shadow vnmi flexpriority ept vpid
bugs		:
bogomips	: 5344.97
clflush size	: 64
cache_alignment	: 64
address sizes	: 36 bits physical, 48 bits virtual
power management:

processor	: 3
vendor_id	: GenuineIntel
cpu family	: 6
model		: 26
model name	: Intel(R) Core(TM) i7 CPU         920  @ 2.67GHz
stepping	: 5
microcode	: 0xf
cpu MHz		: 1733.000
cache size	: 8192 KB
physical id	: 0
siblings	: 8
core id		: 3
cpu cores	: 4
apicid		: 6
initial apicid	: 6
fpu		: yes
fpu_exception	: yes
cpuid level	: 11
wp		: yes
flags		: fpu vme de pse tsc msr pae mce cx8 apic sep mtrr pge mca cmov pat pse36 clflush dts acpi mmx fxsr sse sse2 ss ht tm pbe syscall nx rdtscp lm constant_tsc arch_perfmon pebs bts rep_good nopl xtopology nonstop_tsc aperfmperf pni dtes64 monitor ds_cpl vmx est tm2 ssse3 cx16 xtpr pdcm sse4_1 sse4_2 popcnt lahf_lm ida dtherm tpr_shadow vnmi flexpriority ept vpid
bugs		:
bogomips	: 5344.97
clflush size	: 64
cache_alignment	: 64
address sizes	: 36 bits physical, 48 bits virtual
power management:

processor	: 4
vendor_id	: GenuineIntel
cpu family	: 6
model		: 26
model name	: Intel(R) Core(TM) i7 CPU         920  @ 2.67GHz
stepping	: 5
microcode	: 0xf
cpu MHz		: 1600.000
cache size	: 8192 KB
physical id	: 0
siblings	: 8
core id		: 0
cpu cores	: 4
apicid		: 1
initial apicid	: 1
fpu		: yes
fpu_exception	: yes
cpuid level	: 11
wp		: yes
flags		: fpu vme de pse tsc msr pae mce cx8 apic sep mtrr pge mca cmov pat pse36 clflush dts acpi mmx fxsr sse sse2 ss ht tm pbe syscall nx rdtscp lm constant_tsc arch_perfmon pebs bts rep_good nopl xtopology nonstop_tsc aperfmperf pni dtes64 monitor ds_cpl vmx est tm2 ssse3 cx16 xtpr pdcm sse4_1 sse4_2 popcnt lahf_lm ida dtherm tpr_shadow vnmi flexpriority ept vpid
bugs		:
bogomips	: 5344.97
clflush size	: 64
cache_alignment	: 64
address sizes	: 36 bits physical, 48 bits virtual
power management:

processor	: 5
vendor_id	: GenuineIntel
cpu family	: 6
model		: 26
model name	: Intel(R) Core(TM) i7 CPU         920  @ 2.67GHz
stepping	: 5
microcode	: 0xf
cpu MHz		: 2533.000
cache size	: 8192 KB
physical id	: 0
siblings	: 8
core id		: 1
cpu cores	: 4
apicid		: 3
initial apicid	: 3
fpu		: yes
fpu_exception	: yes
cpuid level	: 11
wp		: yes
flags		: fpu vme de pse tsc msr pae mce cx8 apic sep mtrr pge mca cmov pat pse36 clflush dts acpi mmx fxsr sse sse2 ss ht tm pbe syscall nx rdtscp lm constant_tsc arch_perfmon pebs bts rep_good nopl xtopology nonstop_tsc aperfmperf pni dtes64 monitor ds_cpl vmx est tm2 ssse3 cx16 xtpr pdcm sse4_1 sse4_2 popcnt lahf_lm ida dtherm tpr_shadow vnmi flexpriority ept vpid
bugs		:
bogomips	: 5344.97
clflush size	: 64
cache_alignment	: 64
address sizes	: 36 bits physical, 48 bits virtual
power management:

processor	: 6
vendor_id	: GenuineIntel
cpu family	: 6
model		: 26
model name	: Intel(R) Core(TM) i7 CPU         920  @ 2.67GHz
stepping	: 5
microcode	: 0xf
cpu MHz		: 1600.000
cache size	: 8192 KB
physical id	: 0
siblings	: 8
core id		: 2
cpu cores	: 4
apicid		: 5
initial apicid	: 5
fpu		: yes
fpu_exception	: yes
cpuid level	: 11
wp		: yes
flags		: fpu vme de pse tsc msr pae mce cx8 apic sep mtrr pge mca cmov pat pse36 clflush dts acpi mmx fxsr sse sse2 ss ht tm pbe syscall nx rdtscp lm constant_tsc arch_perfmon pebs bts rep_good nopl xtopology nonstop_tsc aperfmperf pni dtes64 monitor ds_cpl vmx est tm2 ssse3 cx16 xtpr pdcm sse4_1 sse4_2 popcnt lahf_lm ida dtherm tpr_shadow vnmi flexpriority ept vpid
bugs		:
bogomips	: 5344.97
clflush size	: 64
cache_alignment	: 64
address sizes	: 36 bits physical, 48 bits virtual
power management:

processor	: 7
vendor_id	: GenuineIntel
cpu family	: 6
model		: 26
model name	: Intel(R) Core(TM) i7 CPU         920  @ 2.67GHz
stepping	: 5
microcode	: 0xf
cpu MHz		: 1600.000
cache size	: 8192 KB
physical id	: 0
siblings	: 8
core id		: 3
cpu cores	: 4
apicid		: 7
initial apicid	: 7
fpu		: yes
fpu_exception	: yes
cpuid level	: 11
wp		: yes
flags		: fpu vme de pse tsc msr pae mce cx8 apic sep mtrr pge mca cmov pat pse36 clflush dts acpi mmx fxsr sse sse2 ss ht tm pbe syscall nx rdtscp lm constant_tsc arch_perfmon pebs bts rep_good nopl xtopology nonstop_tsc aperfmperf pni dtes64 monitor ds_cpl vmx est tm2 ssse3 cx16 xtpr pdcm sse4_1 sse4_2 popcnt lahf_lm ida dtherm tpr_shadow vnmi flexpriority ept vpid
bugs		:
bogomips	: 5344.97
clflush size	: 64
cache_alignment	: 64
address sizes	: 36 bits physical, 48 bits virtual
power management:



Memory: 4k page, physical 6101264k(1491608k free), swap 0k(0k free)

vm_info: Java HotSpot(TM) 64-Bit Server VM (25.92-b14) for linux-amd64 JRE (1.8.0_92-b14), built on Mar 31 2016 21:08:29 by "java_re" with gcc 4.3.0 20080428 (Red Hat 4.3.0-8)

time: Thu Oct  6 16:26:33 2016
elapsed time: 12 seconds (0d 0h 0m 12s)

