#
# A fatal error has been detected by the Java Runtime Environment:
#
#  SIGSEGV (0xb) at pc=0x00007faa1a5294eb, pid=13597, tid=140368841275136
#
# JRE version: OpenJDK Runtime Environment (8.0_91-b14) (build 1.8.0_91-8u91-b14-3ubuntu1~16.04.1-b14)
# Java VM: OpenJDK 64-Bit Server VM (25.91-b14 mixed mode linux-amd64 compressed oops)
# Problematic frame:
# C  [r600_dri.so+0x3254eb]
#
# Failed to write core dump. Core dumps have been disabled. To enable core dumping, try "ulimit -c unlimited" before starting Java again
#
# If you would like to submit a bug report, please visit:
#   http://bugreport.java.com/bugreport/crash.jsp
# The crash happened outside the Java Virtual Machine in native code.
# See problematic frame for where to report the bug.
#

---------------  T H R E A D  ---------------

Current thread (0x00007faa1c003000):  JavaThread "AWT-EventQueue-1" [_thread_in_native, id=13623, stack(0x00007faa2adbf000,0x00007faa2aec0000)]

siginfo: si_signo: 11 (SIGSEGV), si_code: 1 (SEGV_MAPERR), si_addr: 0x000000000000c030

Registers:
RAX=0x0000000000000000, RBX=0x00007faa1c0ccc80, RCX=0x0000000000000000, RDX=0x0000000000000001
RSP=0x00007faa2aebd6c0, RBP=0x000000000000c000, RSI=0x00007faa1c0cd660, RDI=0x0000000100000000
R8 =0x0000000000000000, R9 =0x00007faa299c2d50, R10=0x00007faa5d015528, R11=0x00007faa73ea7920
R12=0x0000000000000001, R13=0x00007faa245d3030, R14=0x0000000000000001, R15=0x0000000000000000
RIP=0x00007faa1a5294eb, EFLAGS=0x0000000000010202, CSGSFS=0x0000000000000033, ERR=0x0000000000000004
  TRAPNO=0x000000000000000e

Top of Stack: (sp=0x00007faa2aebd6c0)
0x00007faa2aebd6c0:   00007faa2aebd6c0 00007faa70c72cac
0x00007faa2aebd6d0:   00007faa2aebd718 a9490c1ca243fa00
0x00007faa2aebd6e0:   0000000000000000 0000000000000000
0x00007faa2aebd6f0:   0000000000000000 00007faa1c0ccb50
0x00007faa2aebd700:   00007faa245d3030 00007faa245d3540
0x00007faa2aebd710:   0000000000000000 00007faa299c2df8
0x00007faa2aebd720:   00007faa2aebd750 00007faa245d36f0
0x00007faa2aebd730:   00007faa00000000 0000000000000000
0x00007faa2aebd740:   0000000003c00053 00007faa29997b31
0x00007faa2aebd750:   00007faa1c0ccb50 a9490c1ca243fa00
0x00007faa2aebd760:   0000000003c00053 00007faa29c2b350
0x00007faa2aebd770:   00007faa2aebd7e0 0000000000000000
0x00007faa2aebd780:   00007faa29c2b350 00007faa2aebd8a8
0x00007faa2aebd790:   00007faa1c003000 00007faa280ca849
0x00007faa2aebd7a0:   00007faa29d3fdb0 00007faa29997b60
0x00007faa2aebd7b0:   0000000003c00053 00007faa24578480
0x00007faa2aebd7c0:   00007faa2aebd870 00007faa1c0031e0
0x00007faa2aebd7d0:   00007faa5d007b10 00007faa29997b60
0x00007faa2aebd7e0:   00007faa2aebd860 00007faa5d015554
0x00007faa2aebd7f0:   00007faa29d0f80c 00007faa2aebd848
0x00007faa2aebd800:   00007faa29d11d40 0000000000000000
0x00007faa2aebd810:   00007faa29d0f848 0000000000000000
0x00007faa2aebd820:   00007faa2aebd820 0000000000000000
0x00007faa2aebd830:   00007faa2aebd8a8 00007faa29c2c9f0
0x00007faa2aebd840:   0000000000000000 00007faa29c2b350
0x00007faa2aebd850:   0000000000000000 00007faa2aebd880
0x00007faa2aebd860:   00007faa2aebd8f0 00007faa5d007ffd
0x00007faa2aebd870:   00000000c9d174f8 00007faa5d011278
0x00007faa2aebd880:   00007faa29997b60 a9490c1ca243fa00
0x00007faa2aebd890:   0000000003c00053 00007faa2aebd930
0x00007faa2aebd8a0:   00007faa24578480 00000000c9d17830
0x00007faa2aebd8b0:   00007faa2aebd8b0 00007faa29c2b2a1 

Instructions: (pc=0x00007faa1a5294eb)
0x00007faa1a5294cb:   01 c6 44 24 0f 00 0f 84 d9 00 00 00 48 8b b3 30
0x00007faa1a5294db:   01 00 00 48 85 f6 0f 84 c9 00 00 00 83 7b 38 01
0x00007faa1a5294eb:   48 8b 55 30 4c 8b 6a 18 0f 8e 4f 02 00 00 45 85
0x00007faa1a5294fb:   ff 0f 85 46 02 00 00 48 8b 93 68 01 00 00 48 85 

Register to memory mapping:

RAX=0x0000000000000000 is an unknown value
RBX=0x00007faa1c0ccc80 is an unknown value
RCX=0x0000000000000000 is an unknown value
RDX=0x0000000000000001 is an unknown value
RSP=0x00007faa2aebd6c0 is pointing into the stack for thread: 0x00007faa1c003000
RBP=0x000000000000c000 is an unknown value
RSI=0x00007faa1c0cd660 is an unknown value
RDI=0x0000000100000000 is pointing into metadata
R8 =0x0000000000000000 is an unknown value
R9 =0x00007faa299c2d50: <offset 0x45d50> in /usr/lib/x86_64-linux-gnu/mesa/libGL.so.1 at 0x00007faa2997d000
R10=0x00007faa5d015528 is at code_begin+808 in an Interpreter codelet
method entry point (kind = native)  [0x00007faa5d015200, 0x00007faa5d015b00]  2304 bytes
R11=0x00007faa73ea7920: <offset 0x953920> in /usr/lib/jvm/java-8-openjdk-amd64/jre/lib/amd64/server/libjvm.so at 0x00007faa73554000
R12=0x0000000000000001 is an unknown value
R13=0x00007faa245d3030 is an unknown value
R14=0x0000000000000001 is an unknown value
R15=0x0000000000000000 is an unknown value


Stack: [0x00007faa2adbf000,0x00007faa2aec0000],  sp=0x00007faa2aebd6c0,  free space=1017k
Native frames: (J=compiled Java code, j=interpreted, Vv=VM code, C=native code)
C  [r600_dri.so+0x3254eb]

Java frames: (J=compiled Java code, j=interpreted, Vv=VM code)
j  jogamp.opengl.x11.glx.GLX.dispatch_glXSwapBuffers0(JJJ)V+0
j  jogamp.opengl.x11.glx.GLX.glXSwapBuffers(JJ)V+41
j  jogamp.opengl.x11.glx.X11GLXDrawable.swapBuffersImpl(Z)V+17
j  jogamp.opengl.GLDrawableImpl.swapBuffers()V+67
j  javax.media.opengl.awt.GLCanvas$12.run()V+45
J 2319 C1 java.awt.event.InvocationEvent.dispatch()V (69 bytes) @ 0x00007faa5d7b348c [0x00007faa5d7b3340+0x14c]
j  java.awt.EventQueue.dispatchEventImpl(Ljava/awt/AWTEvent;Ljava/lang/Object;)V+21
j  java.awt.EventQueue.access$500(Ljava/awt/EventQueue;Ljava/awt/AWTEvent;Ljava/lang/Object;)V+3
j  java.awt.EventQueue$3.run()Ljava/lang/Void;+32
j  java.awt.EventQueue$3.run()Ljava/lang/Object;+1
v  ~StubRoutines::call_stub
J 473  java.security.AccessController.doPrivileged(Ljava/security/PrivilegedAction;Ljava/security/AccessControlContext;)Ljava/lang/Object; (0 bytes) @ 0x00007faa5d216223 [0x00007faa5d2161c0+0x63]
J 2059 C1 java.security.ProtectionDomain$JavaSecurityAccessImpl.doIntersectionPrivilege(Ljava/security/PrivilegedAction;Ljava/security/AccessControlContext;Ljava/security/AccessControlContext;)Ljava/lang/Object; (22 bytes) @ 0x00007faa5d6fb884 [0x00007faa5d6fb420+0x464]
j  java.awt.EventQueue.dispatchEvent(Ljava/awt/AWTEvent;)V+46
J 2220 C1 java.awt.EventDispatchThread.pumpOneEventForFilters(I)V (295 bytes) @ 0x00007faa5d768b14 [0x00007faa5d766fc0+0x1b54]
j  java.awt.EventDispatchThread.pumpEventsForFilter(ILjava/awt/Conditional;Ljava/awt/EventFilter;)V+35
j  java.awt.EventDispatchThread.pumpEventsForHierarchy(ILjava/awt/Conditional;Ljava/awt/Component;)V+11
j  java.awt.EventDispatchThread.pumpEvents(ILjava/awt/Conditional;)V+4
j  java.awt.EventDispatchThread.pumpEvents(Ljava/awt/Conditional;)V+3
j  java.awt.EventDispatchThread.run()V+9
v  ~StubRoutines::call_stub

---------------  P R O C E S S  ---------------

Java Threads: ( => current thread )
  0x00007faa1c8f6800 JavaThread "Thread-7" [_thread_blocked, id=13642, stack(0x00007faa14065000,0x00007faa14166000)]
  0x00007faa403e1800 JavaThread "Keep-Alive-Timer" daemon [_thread_blocked, id=13637, stack(0x00007faa14469000,0x00007faa1456a000)]
  0x00007faa241b6000 JavaThread "Animation Thread-SharedResourceRunner" daemon [_thread_blocked, id=13631, stack(0x00007faa2aabe000,0x00007faa2abbf000)]
  0x00007faa24079000 JavaThread "process reaper" daemon [_thread_blocked, id=13627, stack(0x00007faa58017000,0x00007faa58050000)]
=>0x00007faa1c003000 JavaThread "AWT-EventQueue-1" [_thread_in_native, id=13623, stack(0x00007faa2adbf000,0x00007faa2aec0000)]
  0x00007faa6c00a000 JavaThread "DestroyJavaVM" [_thread_blocked, id=13603, stack(0x00007faa7519c000,0x00007faa7529d000)]
  0x00007faa6c2c6800 JavaThread "AWT-EventQueue-0" [_thread_blocked, id=13619, stack(0x00007faa2b8ed000,0x00007faa2b9ee000)]
  0x00007faa6c2c2000 JavaThread "AWT-Shutdown" [_thread_blocked, id=13618, stack(0x00007faa2b9ee000,0x00007faa2baef000)]
  0x00007faa6c2ae800 JavaThread "thread applet-module4.EarthquakeCityMap.class" [_thread_blocked, id=13617, stack(0x00007faa2baef000,0x00007faa2bbf0000)]
  0x00007faa6c2a1800 JavaThread "AWT-XAWT" daemon [_thread_blocked, id=13615, stack(0x00007faa58050000,0x00007faa58151000)]
  0x00007faa6c27c000 JavaThread "Java2D Disposer" daemon [_thread_blocked, id=13614, stack(0x00007faa58151000,0x00007faa58252000)]
  0x00007faa6c0b0000 JavaThread "Service Thread" daemon [_thread_blocked, id=13612, stack(0x00007faa5a1d8000,0x00007faa5a2d9000)]
  0x00007faa6c0ad000 JavaThread "C1 CompilerThread1" daemon [_thread_blocked, id=13611, stack(0x00007faa5a2d9000,0x00007faa5a3da000)]
  0x00007faa6c0aa000 JavaThread "C2 CompilerThread0" daemon [_thread_in_native, id=13610, stack(0x00007faa5a3da000,0x00007faa5a4db000)]
  0x00007faa6c0a8000 JavaThread "Signal Dispatcher" daemon [_thread_blocked, id=13609, stack(0x00007faa5a4db000,0x00007faa5a5dc000)]
  0x00007faa6c07f800 JavaThread "Finalizer" daemon [_thread_blocked, id=13608, stack(0x00007faa5af9b000,0x00007faa5b09c000)]
  0x00007faa6c07b000 JavaThread "Reference Handler" daemon [_thread_blocked, id=13607, stack(0x00007faa5b09c000,0x00007faa5b19d000)]

Other Threads:
  0x00007faa6c073800 VMThread [stack: 0x00007faa5b19d000,0x00007faa5b29e000] [id=13606]
  0x00007faa6c0b7000 WatcherThread [stack: 0x00007faa5a0d7000,0x00007faa5a1d8000] [id=13613]

VM state:not at safepoint (normal execution)

VM Mutex/Monitor currently owned by a thread: None

Heap:
 PSYoungGen      total 61440K, used 13421K [0x00000000edc00000, 0x00000000f1a00000, 0x0000000100000000)
  eden space 59392K, 22% used [0x00000000edc00000,0x00000000ee91b438,0x00000000f1600000)
  from space 2048K, 0% used [0x00000000f1800000,0x00000000f1800000,0x00000000f1a00000)
  to   space 2048K, 0% used [0x00000000f1600000,0x00000000f1600000,0x00000000f1800000)
 ParOldGen       total 45056K, used 13137K [0x00000000c9400000, 0x00000000cc000000, 0x00000000edc00000)
  object space 45056K, 29% used [0x00000000c9400000,0x00000000ca0d4590,0x00000000cc000000)
 Metaspace       used 21035K, capacity 21283K, committed 21504K, reserved 1069056K
  class space    used 1953K, capacity 2023K, committed 2048K, reserved 1048576K

Card table byte_map: [0x00007faa716ab000,0x00007faa71862000] byte_map_base: 0x00007faa71061000

Marking Bits: (ParMarkBitMap*) 0x00007faa74468fc0
 Begin Bits: [0x00007faa5b4a0000, 0x00007faa5c250000)
 End Bits:   [0x00007faa5c250000, 0x00007faa5d000000)

Polling page: 0x00007faa752ba000

CodeCache: size=245760Kb used=7960Kb max_used=7960Kb free=237799Kb
 bounds [0x00007faa5d000000, 0x00007faa5d7d0000, 0x00007faa6c000000]
 total_blobs=3274 nmethods=2300 adapters=889
 compilation: enabled

Compilation events (10 events):
Event: 12,852 Thread 0x00007faa6c0ad000 2339       3       java.awt.EventQueue::uncacheEQItem (53 bytes)
Event: 12,854 Thread 0x00007faa6c0ad000 nmethod 2339 0x00007faa5d7bcd10 code [0x00007faa5d7bcec0, 0x00007faa5d7bd588]
Event: 12,908 Thread 0x00007faa6c0ad000 2340   !   3       sun.awt.AWTAutoShutdown::notifyThreadBusy (88 bytes)
Event: 12,910 Thread 0x00007faa6c0ad000 nmethod 2340 0x00007faa5d7c8b90 code [0x00007faa5d7c8d60, 0x00007faa5d7c94f8]
Event: 12,924 Thread 0x00007faa6c0ad000 2341       3       sun.font.XRGlyphCacheEntry::getXAdvance (16 bytes)
Event: 12,925 Thread 0x00007faa6c0ad000 nmethod 2341 0x00007faa5d7b7cd0 code [0x00007faa5d7b7e40, 0x00007faa5d7b7fb0]
Event: 12,925 Thread 0x00007faa6c0ad000 2342       3       sun.font.XRGlyphCacheEntry::getYAdvance (16 bytes)
Event: 12,925 Thread 0x00007faa6c0ad000 nmethod 2342 0x00007faa5d7b4dd0 code [0x00007faa5d7b4f40, 0x00007faa5d7b50b0]
Event: 12,938 Thread 0x00007faa6c0ad000 2343   !   3       sun.font.FontDesignMetrics::getMetrics (265 bytes)
Event: 12,945 Thread 0x00007faa6c0ad000 nmethod 2343 0x00007faa5d7c9890 code [0x00007faa5d7c9ca0, 0x00007faa5d7cc498]

GC Heap History (10 events):
Event: 1,943 GC heap before
{Heap before GC invocations=1 (full 0):
 PSYoungGen      total 16896K, used 14848K [0x00000000edc00000, 0x00000000eee80000, 0x0000000100000000)
  eden space 14848K, 100% used [0x00000000edc00000,0x00000000eea80000,0x00000000eea80000)
  from space 2048K, 0% used [0x00000000eec80000,0x00000000eec80000,0x00000000eee80000)
  to   space 2048K, 0% used [0x00000000eea80000,0x00000000eea80000,0x00000000eec80000)
 ParOldGen       total 38400K, used 0K [0x00000000c9400000, 0x00000000cb980000, 0x00000000edc00000)
  object space 38400K, 0% used [0x00000000c9400000,0x00000000c9400000,0x00000000cb980000)
 Metaspace       used 11709K, capacity 11894K, committed 12032K, reserved 1060864K
  class space    used 1201K, capacity 1276K, committed 1280K, reserved 1048576K
Event: 1,965 GC heap after
Heap after GC invocations=1 (full 0):
 PSYoungGen      total 16896K, used 2036K [0x00000000edc00000, 0x00000000efd00000, 0x0000000100000000)
  eden space 14848K, 0% used [0x00000000edc00000,0x00000000edc00000,0x00000000eea80000)
  from space 2048K, 99% used [0x00000000eea80000,0x00000000eec7d010,0x00000000eec80000)
  to   space 2048K, 0% used [0x00000000efb00000,0x00000000efb00000,0x00000000efd00000)
 ParOldGen       total 38400K, used 890K [0x00000000c9400000, 0x00000000cb980000, 0x00000000edc00000)
  object space 38400K, 2% used [0x00000000c9400000,0x00000000c94de838,0x00000000cb980000)
 Metaspace       used 11709K, capacity 11894K, committed 12032K, reserved 1060864K
  class space    used 1201K, capacity 1276K, committed 1280K, reserved 1048576K
}
Event: 3,131 GC heap before
{Heap before GC invocations=2 (full 0):
 PSYoungGen      total 16896K, used 16884K [0x00000000edc00000, 0x00000000efd00000, 0x0000000100000000)
  eden space 14848K, 100% used [0x00000000edc00000,0x00000000eea80000,0x00000000eea80000)
  from space 2048K, 99% used [0x00000000eea80000,0x00000000eec7d010,0x00000000eec80000)
  to   space 2048K, 0% used [0x00000000efb00000,0x00000000efb00000,0x00000000efd00000)
 ParOldGen       total 38400K, used 890K [0x00000000c9400000, 0x00000000cb980000, 0x00000000edc00000)
  object space 38400K, 2% used [0x00000000c9400000,0x00000000c94de838,0x00000000cb980000)
 Metaspace       used 16444K, capacity 16623K, committed 16768K, reserved 1064960K
  class space    used 1561K, capacity 1631K, committed 1664K, reserved 1048576K
Event: 3,157 GC heap after
Heap after GC invocations=2 (full 0):
 PSYoungGen      total 31744K, used 2034K [0x00000000edc00000, 0x00000000efd00000, 0x0000000100000000)
  eden space 29696K, 0% used [0x00000000edc00000,0x00000000edc00000,0x00000000ef900000)
  from space 2048K, 99% used [0x00000000efb00000,0x00000000efcfc840,0x00000000efd00000)
  to   space 2048K, 0% used [0x00000000ef900000,0x00000000ef900000,0x00000000efb00000)
 ParOldGen       total 38400K, used 2750K [0x00000000c9400000, 0x00000000cb980000, 0x00000000edc00000)
  object space 38400K, 7% used [0x00000000c9400000,0x00000000c96afad8,0x00000000cb980000)
 Metaspace       used 16444K, capacity 16623K, committed 16768K, reserved 1064960K
  class space    used 1561K, capacity 1631K, committed 1664K, reserved 1048576K
}
Event: 6,235 GC heap before
{Heap before GC invocations=3 (full 0):
 PSYoungGen      total 31744K, used 31730K [0x00000000edc00000, 0x00000000efd00000, 0x0000000100000000)
  eden space 29696K, 100% used [0x00000000edc00000,0x00000000ef900000,0x00000000ef900000)
  from space 2048K, 99% used [0x00000000efb00000,0x00000000efcfc840,0x00000000efd00000)
  to   space 2048K, 0% used [0x00000000ef900000,0x00000000ef900000,0x00000000efb00000)
 ParOldGen       total 38400K, used 2750K [0x00000000c9400000, 0x00000000cb980000, 0x00000000edc00000)
  object space 38400K, 7% used [0x00000000c9400000,0x00000000c96afad8,0x00000000cb980000)
 Metaspace       used 20033K, capacity 20257K, committed 20480K, reserved 1067008K
  class space    used 1917K, capacity 1986K, committed 2048K, reserved 1048576K
Event: 6,276 GC heap after
Heap after GC invocations=3 (full 0):
 PSYoungGen      total 31744K, used 2018K [0x00000000edc00000, 0x00000000f1a00000, 0x0000000100000000)
  eden space 29696K, 0% used [0x00000000edc00000,0x00000000edc00000,0x00000000ef900000)
  from space 2048K, 98% used [0x00000000ef900000,0x00000000efaf8870,0x00000000efb00000)
  to   space 2048K, 0% used [0x00000000f1800000,0x00000000f1800000,0x00000000f1a00000)
 ParOldGen       total 38400K, used 12195K [0x00000000c9400000, 0x00000000cb980000, 0x00000000edc00000)
  object space 38400K, 31% used [0x00000000c9400000,0x00000000c9fe8c48,0x00000000cb980000)
 Metaspace       used 20033K, capacity 20257K, committed 20480K, reserved 1067008K
  class space    used 1917K, capacity 1986K, committed 2048K, reserved 1048576K
}
Event: 8,872 GC heap before
{Heap before GC invocations=4 (full 0):
 PSYoungGen      total 31744K, used 21090K [0x00000000edc00000, 0x00000000f1a00000, 0x0000000100000000)
  eden space 29696K, 64% used [0x00000000edc00000,0x00000000eeea0348,0x00000000ef900000)
  from space 2048K, 98% used [0x00000000ef900000,0x00000000efaf8870,0x00000000efb00000)
  to   space 2048K, 0% used [0x00000000f1800000,0x00000000f1800000,0x00000000f1a00000)
 ParOldGen       total 38400K, used 12195K [0x00000000c9400000, 0x00000000cb980000, 0x00000000edc00000)
  object space 38400K, 31% used [0x00000000c9400000,0x00000000c9fe8c48,0x00000000cb980000)
 Metaspace       used 20815K, capacity 21027K, committed 21248K, reserved 1069056K
  class space    used 1951K, capacity 2023K, committed 2048K, reserved 1048576K
Event: 8,903 GC heap after
Heap after GC invocations=4 (full 0):
 PSYoungGen      total 61440K, used 2032K [0x00000000edc00000, 0x00000000f1a00000, 0x0000000100000000)
  eden space 59392K, 0% used [0x00000000edc00000,0x00000000edc00000,0x00000000f1600000)
  from space 2048K, 99% used [0x00000000f1800000,0x00000000f19fc060,0x00000000f1a00000)
  to   space 2048K, 0% used [0x00000000f1600000,0x00000000f1600000,0x00000000f1800000)
 ParOldGen       total 38400K, used 14883K [0x00000000c9400000, 0x00000000cb980000, 0x00000000edc00000)
  object space 38400K, 38% used [0x00000000c9400000,0x00000000ca288cf0,0x00000000cb980000)
 Metaspace       used 20815K, capacity 21027K, committed 21248K, reserved 1069056K
  class space    used 1951K, capacity 2023K, committed 2048K, reserved 1048576K
}
Event: 8,903 GC heap before
{Heap before GC invocations=5 (full 1):
 PSYoungGen      total 61440K, used 2032K [0x00000000edc00000, 0x00000000f1a00000, 0x0000000100000000)
  eden space 59392K, 0% used [0x00000000edc00000,0x00000000edc00000,0x00000000f1600000)
  from space 2048K, 99% used [0x00000000f1800000,0x00000000f19fc060,0x00000000f1a00000)
  to   space 2048K, 0% used [0x00000000f1600000,0x00000000f1600000,0x00000000f1800000)
 ParOldGen       total 38400K, used 14883K [0x00000000c9400000, 0x00000000cb980000, 0x00000000edc00000)
  object space 38400K, 38% used [0x00000000c9400000,0x00000000ca288cf0,0x00000000cb980000)
 Metaspace       used 20815K, capacity 21027K, committed 21248K, reserved 1069056K
  class space    used 1951K, capacity 2023K, committed 2048K, reserved 1048576K
Event: 9,043 GC heap after
Heap after GC invocations=5 (full 1):
 PSYoungGen      total 61440K, used 0K [0x00000000edc00000, 0x00000000f1a00000, 0x0000000100000000)
  eden space 59392K, 0% used [0x00000000edc00000,0x00000000edc00000,0x00000000f1600000)
  from space 2048K, 0% used [0x00000000f1800000,0x00000000f1800000,0x00000000f1a00000)
  to   space 2048K, 0% used [0x00000000f1600000,0x00000000f1600000,0x00000000f1800000)
 ParOldGen       total 45056K, used 13137K [0x00000000c9400000, 0x00000000cc000000, 0x00000000edc00000)
  object space 45056K, 29% used [0x00000000c9400000,0x00000000ca0d4590,0x00000000cc000000)
 Metaspace       used 20815K, capacity 21027K, committed 21248K, reserved 1069056K
  class space    used 1951K, capacity 2023K, committed 2048K, reserved 1048576K
}

Deoptimization events (6 events):
Event: 2,024 Thread 0x00007faa1c00e000 Uncommon trap: reason=unstable_if action=reinterpret pc=0x00007faa5d21a068 method=java.lang.String.indexOf([CII[CIII)I @ 3
Event: 3,724 Thread 0x00007faa1c00e000 Uncommon trap: reason=unstable_if action=reinterpret pc=0x00007faa5d374e94 method=sun.net.www.ParseUtil.encodePath(Ljava/lang/String;Z)Ljava/lang/String; @ 109
Event: 4,196 Thread 0x00007faa1c003000 Uncommon trap: reason=unstable_if action=reinterpret pc=0x00007faa5d399c24 method=com.jogamp.common.util.IntIntHashMap.get(I)I @ 19
Event: 4,254 Thread 0x00007faa1c003000 Uncommon trap: reason=unstable_if action=reinterpret pc=0x00007faa5d1e0408 method=java.lang.AbstractStringBuilder.append(Ljava/lang/String;)Ljava/lang/AbstractStringBuilder; @ 1
Event: 7,078 Thread 0x00007faa1c003000 Uncommon trap: reason=unstable_if action=reinterpret pc=0x00007faa5d24fc60 method=java.lang.CharacterData.of(I)Ljava/lang/CharacterData; @ 4
Event: 12,922 Thread 0x00007faa6c2ae800 Uncommon trap: reason=unstable_if action=reinterpret pc=0x00007faa5d71ea84 method=java.awt.font.FontRenderContext.equals(Ljava/awt/font/FontRenderContext;)Z @ 2

Internal exceptions (10 events):
Event: 4,254 Thread 0x00007faa1c003000 Implicit null exception at 0x00007faa5d1e00b5 to 0x00007faa5d1e03f5
Event: 5,710 Thread 0x00007faa1c003000 Exception <a 'java/lang/reflect/InvocationTargetException'> (0x00000000ef313d58) thrown at [/build/openjdk-8-W1Ghxo/openjdk-8-8u91-b14/src/hotspot/src/share/vm/runtime/reflection.cpp, line 1092]
Event: 5,723 Thread 0x00007faa1c003000 Exception <a 'java/lang/reflect/InvocationTargetException'> (0x00000000ef315808) thrown at [/build/openjdk-8-W1Ghxo/openjdk-8-8u91-b14/src/hotspot/src/share/vm/runtime/reflection.cpp, line 1092]
Event: 7,318 Thread 0x00007faa1c003000 Exception <a 'java/lang/reflect/InvocationTargetException'> (0x00000000ee987290) thrown at [/build/openjdk-8-W1Ghxo/openjdk-8-8u91-b14/src/hotspot/src/share/vm/runtime/reflection.cpp, line 1092]
Event: 7,326 Thread 0x00007faa1c003000 Exception <a 'java/lang/reflect/InvocationTargetException'> (0x00000000ee988728) thrown at [/build/openjdk-8-W1Ghxo/openjdk-8-8u91-b14/src/hotspot/src/share/vm/runtime/reflection.cpp, line 1092]
Event: 7,477 Thread 0x00007faa1c003000 Exception <a 'java/lang/reflect/InvocationTargetException'> (0x00000000ee9a5088) thrown at [/build/openjdk-8-W1Ghxo/openjdk-8-8u91-b14/src/hotspot/src/share/vm/runtime/reflection.cpp, line 1092]
Event: 7,478 Thread 0x00007faa1c003000 Exception <a 'java/lang/reflect/InvocationTargetException'> (0x00000000ee9a5820) thrown at [/build/openjdk-8-W1Ghxo/openjdk-8-8u91-b14/src/hotspot/src/share/vm/runtime/reflection.cpp, line 1092]
Event: 7,724 Thread 0x00007faa1c003000 Exception <a 'java/lang/reflect/InvocationTargetException'> (0x00000000eeb5dc90) thrown at [/build/openjdk-8-W1Ghxo/openjdk-8-8u91-b14/src/hotspot/src/share/vm/runtime/reflection.cpp, line 1092]
Event: 7,725 Thread 0x00007faa1c003000 Exception <a 'java/lang/reflect/InvocationTargetException'> (0x00000000eeb5e158) thrown at [/build/openjdk-8-W1Ghxo/openjdk-8-8u91-b14/src/hotspot/src/share/vm/runtime/reflection.cpp, line 1092]
Event: 7,779 Thread 0x00007faa1c003000 Exception <a 'java/lang/reflect/InvocationTargetException'> (0x00000000eeb79db8) thrown at [/build/openjdk-8-W1Ghxo/openjdk-8-8u91-b14/src/hotspot/src/share/vm/runtime/reflection.cpp, line 1092]

Events (10 events):
Event: 12,908 loading class sun/applet/AppletPanel$4
Event: 12,908 loading class sun/applet/AppletPanel$4 done
Event: 12,913 loading class java/awt/KeyboardFocusManager$2
Event: 12,914 loading class java/awt/KeyboardFocusManager$2 done
Event: 12,914 loading class sun/awt/SunToolkit$1
Event: 12,914 loading class sun/awt/SunToolkit$1 done
Event: 12,922 Thread 0x00007faa6c2ae800 Uncommon trap: trap_request=0xffffff65 fr.pc=0x00007faa5d71ea84
Event: 12,922 Thread 0x00007faa6c2ae800 DEOPT PACKING pc=0x00007faa5d71ea84 sp=0x00007faa2bbee5a0
Event: 12,922 Thread 0x00007faa6c2ae800 DEOPT UNPACKING pc=0x00007faa5d004f69 sp=0x00007faa2bbee4f8 mode 2
Event: 12,949 Thread 0x00007faa1c00e000 Thread exited: 0x00007faa1c00e000


Dynamic libraries:
00400000-00401000 r-xp 00000000 08:06 2233749                            /usr/lib/jvm/java-8-openjdk-amd64/jre/bin/java
00600000-00601000 r--p 00000000 08:06 2233749                            /usr/lib/jvm/java-8-openjdk-amd64/jre/bin/java
00601000-00602000 rw-p 00001000 08:06 2233749                            /usr/lib/jvm/java-8-openjdk-amd64/jre/bin/java
00ddc000-00e3e000 rw-p 00000000 00:00 0                                  [heap]
c9400000-cc000000 rw-p 00000000 00:00 0 
cc000000-edc00000 ---p 00000000 00:00 0 
edc00000-f1a00000 rw-p 00000000 00:00 0 
f1a00000-100000000 ---p 00000000 00:00 0 
100000000-100200000 rw-p 00000000 00:00 0 
100200000-140000000 ---p 00000000 00:00 0 
7faa14065000-7faa14068000 ---p 00000000 00:00 0 
7faa14068000-7faa14166000 rw-p 00000000 00:00 0 
7faa14166000-7faa14169000 ---p 00000000 00:00 0 
7faa14169000-7faa14267000 rw-p 00000000 00:00 0 
7faa14267000-7faa1426a000 ---p 00000000 00:00 0 
7faa1426a000-7faa14368000 rw-p 00000000 00:00 0 
7faa14368000-7faa1436b000 ---p 00000000 00:00 0 
7faa1436b000-7faa14469000 rw-p 00000000 00:00 0 
7faa14469000-7faa1446c000 ---p 00000000 00:00 0 
7faa1446c000-7faa1466a000 rw-p 00000000 00:00 0 
7faa1466a000-7faa1476d000 ---p 00000000 00:00 0 
7faa1476d000-7faa1486b000 rw-p 00000000 00:00 0 
7faa1486b000-7faa1486e000 ---p 00000000 00:00 0 
7faa1486e000-7faa1496c000 rw-p 00000000 00:00 0 
7faa1498d000-7faa14998000 r--s 00000000 08:06 926427                     /var/cache/fontconfig/945677eb7aeaf62f1d50efc3fb3ec7d8-le64.cache-6
7faa14998000-7faa1499e000 r--s 00000000 08:06 926425                     /var/cache/fontconfig/2cd17615ca594fa2959ae173292e504c-le64.cache-6
7faa149a1000-7faa149a2000 rw-s 1430d8000 00:06 252                       /dev/dri/card0
7faa149a2000-7faa149a3000 rw-s 1419ba000 00:06 252                       /dev/dri/card0
7faa14be1000-7faa14e49000 rw-p 00000000 00:00 0 
7faa14e49000-7faa14e4a000 rw-s 1419b9000 00:06 252                       /dev/dri/card0
7faa14e4a000-7faa14e4b000 rw-s 1419b8000 00:06 252                       /dev/dri/card0
7faa14e4b000-7faa14e4c000 rw-s 1205c2000 00:06 252                       /dev/dri/card0
7faa14e4c000-7faa14e4d000 rw-s 1205bd000 00:06 252                       /dev/dri/card0
7faa14e4d000-7faa14e4e000 rw-s 1205bb000 00:06 252                       /dev/dri/card0
7faa14e4e000-7faa14e4f000 r--s 00000000 08:06 926424                     /var/cache/fontconfig/0d8c3b2ac0904cb8a57a757ad11a4a08-le64.cache-6
7faa14e4f000-7faa14e64000 r--s 00000000 08:06 926404                     /var/cache/fontconfig/04aabc0a78ac019cf9454389977116d2-le64.cache-6
7faa14e64000-7faa14e65000 r--s 00000000 08:06 926423                     /var/cache/fontconfig/1ac9eb803944fde146138c791f5cc56a-le64.cache-6
7faa14e65000-7faa14e69000 r--s 00000000 08:06 926422                     /var/cache/fontconfig/385c0604a188198f04d133e54aba7fe7-le64.cache-6
7faa14e69000-7faa14e6a000 r--s 00000000 08:06 926421                     /var/cache/fontconfig/dc05db6664285cc2f12bf69c139ae4c3-le64.cache-6
7faa14e6a000-7faa14e6d000 r--s 00000000 08:06 926420                     /var/cache/fontconfig/767a8244fc0220cfb567a839d0392e0b-le64.cache-6
7faa14e6d000-7faa14e6e000 r--s 00000000 08:06 926419                     /var/cache/fontconfig/4794a0821666d79190d59a36cb4f44b5-le64.cache-6
7faa14e6e000-7faa14e73000 r--s 00000000 08:06 926418                     /var/cache/fontconfig/8801497958630a81b71ace7c5f9b32a8-le64.cache-6
7faa14e73000-7faa14e74000 r--s 00000000 08:06 926417                     /var/cache/fontconfig/bab58bb527bb656aaa9f116d68a48d89-le64.cache-6
7faa14e74000-7faa14e7b000 r--s 00000000 08:06 926416                     /var/cache/fontconfig/3047814df9a2f067bd2d96a2b9c36e5a-le64.cache-6
7faa14e7b000-7faa14e81000 r--s 00000000 08:06 926413                     /var/cache/fontconfig/b47c4e1ecd0709278f4910c18777a504-le64.cache-6
7faa14e81000-7faa14e94000 r--s 00000000 08:06 926412                     /var/cache/fontconfig/d52a8644073d54c13679302ca1180695-le64.cache-6
7faa14e94000-7faa14e9f000 r--s 00000000 08:06 926743                     /var/cache/fontconfig/d589a48862398ed80a3d6066f4f56f4c-le64.cache-6
7faa14e9f000-7faa14eaa000 r--s 00000000 08:06 926405                     /var/cache/fontconfig/83bf95040141907cd45bb53cf7c1c148-le64.cache-6
7faa14eaa000-7faa14ebc000 r--s 00000000 08:06 923280                     /var/cache/fontconfig/9b89f8e3dae116d678bbf48e5f21f69b-le64.cache-6
7faa14ebc000-7faa14ebf000 ---p 00000000 00:00 0 
7faa14ebf000-7faa14fbd000 rw-p 00000000 00:00 0 
7faa14fbd000-7faa14fc0000 ---p 00000000 00:00 0 
7faa14fc0000-7faa15326000 rw-p 00000000 00:00 0 
7faa15326000-7faa1533d000 r-xp 00000000 08:06 2757803                    /lib/x86_64-linux-gnu/libresolv-2.23.so
7faa1533d000-7faa1553d000 ---p 00017000 08:06 2757803                    /lib/x86_64-linux-gnu/libresolv-2.23.so
7faa1553d000-7faa1553e000 r--p 00017000 08:06 2757803                    /lib/x86_64-linux-gnu/libresolv-2.23.so
7faa1553e000-7faa1553f000 rw-p 00018000 08:06 2757803                    /lib/x86_64-linux-gnu/libresolv-2.23.so
7faa1553f000-7faa15541000 rw-p 00000000 00:00 0 
7faa15541000-7faa15546000 r-xp 00000000 08:06 2757748                    /lib/x86_64-linux-gnu/libnss_dns-2.23.so
7faa15546000-7faa15746000 ---p 00005000 08:06 2757748                    /lib/x86_64-linux-gnu/libnss_dns-2.23.so
7faa15746000-7faa15747000 r--p 00005000 08:06 2757748                    /lib/x86_64-linux-gnu/libnss_dns-2.23.so
7faa15747000-7faa15748000 rw-p 00006000 08:06 2757748                    /lib/x86_64-linux-gnu/libnss_dns-2.23.so
7faa15748000-7faa1574a000 r-xp 00000000 08:06 2757756                    /lib/x86_64-linux-gnu/libnss_mdns4_minimal.so.2
7faa1574a000-7faa15949000 ---p 00002000 08:06 2757756                    /lib/x86_64-linux-gnu/libnss_mdns4_minimal.so.2
7faa15949000-7faa1594a000 r--p 00001000 08:06 2757756                    /lib/x86_64-linux-gnu/libnss_mdns4_minimal.so.2
7faa1594a000-7faa1594b000 rw-p 00002000 08:06 2757756                    /lib/x86_64-linux-gnu/libnss_mdns4_minimal.so.2
7faa1594b000-7faa15b4b000 rw-p 00000000 00:00 0 
7faa15b4b000-7faa15c4b000 rw-s 120482000 00:06 252                       /dev/dri/card0
7faa15c4b000-7faa15d4b000 rw-s 14797d000 00:06 252                       /dev/dri/card0
7faa15d4b000-7faa15d4d000 r-xp 00000000 08:06 2237699                    /usr/lib/x86_64-linux-gnu/libXinerama.so.1.0.0
7faa15d4d000-7faa15f4c000 ---p 00002000 08:06 2237699                    /usr/lib/x86_64-linux-gnu/libXinerama.so.1.0.0
7faa15f4c000-7faa15f4d000 r--p 00001000 08:06 2237699                    /usr/lib/x86_64-linux-gnu/libXinerama.so.1.0.0
7faa15f4d000-7faa15f4e000 rw-p 00002000 08:06 2237699                    /usr/lib/x86_64-linux-gnu/libXinerama.so.1.0.0
7faa15f4e000-7faa15f85000 r-xp 00000000 08:06 2238861                    /usr/lib/x86_64-linux-gnu/libtxc_dxtn_s2tc.so.0.0.0
7faa15f85000-7faa16184000 ---p 00037000 08:06 2238861                    /usr/lib/x86_64-linux-gnu/libtxc_dxtn_s2tc.so.0.0.0
7faa16184000-7faa16185000 r--p 00036000 08:06 2238861                    /usr/lib/x86_64-linux-gnu/libtxc_dxtn_s2tc.so.0.0.0
7faa16185000-7faa16186000 rw-p 00037000 08:06 2238861                    /usr/lib/x86_64-linux-gnu/libtxc_dxtn_s2tc.so.0.0.0
7faa16186000-7faa16187000 ---p 00000000 00:00 0 
7faa16187000-7faa16987000 rw-p 00000000 00:00 0 
7faa16987000-7faa1699a000 r-xp 00000000 08:06 2757647                    /lib/x86_64-linux-gnu/libbsd.so.0.8.2
7faa1699a000-7faa16b99000 ---p 00013000 08:06 2757647                    /lib/x86_64-linux-gnu/libbsd.so.0.8.2
7faa16b99000-7faa16b9a000 r--p 00012000 08:06 2757647                    /lib/x86_64-linux-gnu/libbsd.so.0.8.2
7faa16b9a000-7faa16b9b000 rw-p 00013000 08:06 2757647                    /lib/x86_64-linux-gnu/libbsd.so.0.8.2
7faa16b9b000-7faa16b9c000 rw-p 00000000 00:00 0 
7faa16b9c000-7faa16bc1000 r-xp 00000000 08:06 2757823                    /lib/x86_64-linux-gnu/libtinfo.so.5.9
7faa16bc1000-7faa16dc0000 ---p 00025000 08:06 2757823                    /lib/x86_64-linux-gnu/libtinfo.so.5.9
7faa16dc0000-7faa16dc4000 r--p 00024000 08:06 2757823                    /lib/x86_64-linux-gnu/libtinfo.so.5.9
7faa16dc4000-7faa16dc5000 rw-p 00028000 08:06 2757823                    /lib/x86_64-linux-gnu/libtinfo.so.5.9
7faa16dc5000-7faa16df6000 r-xp 00000000 08:06 2238011                    /usr/lib/x86_64-linux-gnu/libedit.so.2.0.53
7faa16df6000-7faa16ff6000 ---p 00031000 08:06 2238011                    /usr/lib/x86_64-linux-gnu/libedit.so.2.0.53
7faa16ff6000-7faa16ff8000 r--p 00031000 08:06 2238011                    /usr/lib/x86_64-linux-gnu/libedit.so.2.0.53
7faa16ff8000-7faa16ff9000 rw-p 00033000 08:06 2238011                    /usr/lib/x86_64-linux-gnu/libedit.so.2.0.53
7faa16ff9000-7faa16ffd000 rw-p 00000000 00:00 0 
7faa16ffd000-7faa194ef000 r-xp 00000000 08:06 2230406                    /usr/lib/x86_64-linux-gnu/libLLVM-3.8.so.1
7faa194ef000-7faa196ef000 ---p 024f2000 08:06 2230406                    /usr/lib/x86_64-linux-gnu/libLLVM-3.8.so.1
7faa196ef000-7faa199a4000 r--p 024f2000 08:06 2230406                    /usr/lib/x86_64-linux-gnu/libLLVM-3.8.so.1
7faa199a4000-7faa199a6000 rw-p 027a7000 08:06 2230406                    /usr/lib/x86_64-linux-gnu/libLLVM-3.8.so.1
7faa199a6000-7faa199d0000 rw-p 00000000 00:00 0 
7faa199d0000-7faa199e7000 r-xp 00000000 08:06 2238016                    /usr/lib/x86_64-linux-gnu/libelf-0.165.so
7faa199e7000-7faa19be6000 ---p 00017000 08:06 2238016                    /usr/lib/x86_64-linux-gnu/libelf-0.165.so
7faa19be6000-7faa19be7000 r--p 00016000 08:06 2238016                    /usr/lib/x86_64-linux-gnu/libelf-0.165.so
7faa19be7000-7faa19be8000 rw-p 00017000 08:06 2238016                    /usr/lib/x86_64-linux-gnu/libelf-0.165.so
7faa19be8000-7faa19bef000 r-xp 00000000 08:06 2229660                    /usr/lib/x86_64-linux-gnu/libdrm_amdgpu.so.1.0.0
7faa19bef000-7faa19dee000 ---p 00007000 08:06 2229660                    /usr/lib/x86_64-linux-gnu/libdrm_amdgpu.so.1.0.0
7faa19dee000-7faa19def000 r--p 00006000 08:06 2229660                    /usr/lib/x86_64-linux-gnu/libdrm_amdgpu.so.1.0.0
7faa19def000-7faa19df0000 rw-p 00007000 08:06 2229660                    /usr/lib/x86_64-linux-gnu/libdrm_amdgpu.so.1.0.0
7faa19df0000-7faa19dfb000 r-xp 00000000 08:06 2229666                    /usr/lib/x86_64-linux-gnu/libdrm_radeon.so.1.0.1
7faa19dfb000-7faa19ffa000 ---p 0000b000 08:06 2229666                    /usr/lib/x86_64-linux-gnu/libdrm_radeon.so.1.0.1
7faa19ffa000-7faa19ffb000 r--p 0000a000 08:06 2229666                    /usr/lib/x86_64-linux-gnu/libdrm_radeon.so.1.0.1
7faa19ffb000-7faa19ffc000 rw-p 0000b000 08:06 2229666                    /usr/lib/x86_64-linux-gnu/libdrm_radeon.so.1.0.1
7faa19ffc000-7faa1a003000 r-xp 00000000 08:06 2229664                    /usr/lib/x86_64-linux-gnu/libdrm_nouveau.so.2.0.0
7faa1a003000-7faa1a202000 ---p 00007000 08:06 2229664                    /usr/lib/x86_64-linux-gnu/libdrm_nouveau.so.2.0.0
7faa1a202000-7faa1a203000 r--p 00006000 08:06 2229664                    /usr/lib/x86_64-linux-gnu/libdrm_nouveau.so.2.0.0
7faa1a203000-7faa1a204000 rw-p 00007000 08:06 2229664                    /usr/lib/x86_64-linux-gnu/libdrm_nouveau.so.2.0.0
7faa1a204000-7faa1aacb000 r-xp 00000000 08:06 2493203                    /usr/lib/x86_64-linux-gnu/dri/r600_dri.so
7faa1aacb000-7faa1acca000 ---p 008c7000 08:06 2493203                    /usr/lib/x86_64-linux-gnu/dri/r600_dri.so
7faa1acca000-7faa1ad3e000 r--p 008c6000 08:06 2493203                    /usr/lib/x86_64-linux-gnu/dri/r600_dri.so
7faa1ad3e000-7faa1ad4d000 rw-p 0093a000 08:06 2493203                    /usr/lib/x86_64-linux-gnu/dri/r600_dri.so
7faa1ad4d000-7faa1af43000 rw-p 00000000 00:00 0 
7faa1af43000-7faa1af49000 r-xp 00000000 08:06 2491604                    /usr/lib/x86_64-linux-gnu/mesa-egl/libGLESv2.so.2.0.0
7faa1af49000-7faa1b149000 ---p 00006000 08:06 2491604                    /usr/lib/x86_64-linux-gnu/mesa-egl/libGLESv2.so.2.0.0
7faa1b149000-7faa1b14a000 r--p 00006000 08:06 2491604                    /usr/lib/x86_64-linux-gnu/mesa-egl/libGLESv2.so.2.0.0
7faa1b14a000-7faa1b14b000 rw-p 00007000 08:06 2491604                    /usr/lib/x86_64-linux-gnu/mesa-egl/libGLESv2.so.2.0.0
7faa1b14b000-7faa1b190000 r-xp 00000000 08:06 2097194                    /tmp/jogamp_0000/file_cache/jln5044172449253614446/jln3390643932550702791/libjogl_mobile.so
7faa1b190000-7faa1b390000 ---p 00045000 08:06 2097194                    /tmp/jogamp_0000/file_cache/jln5044172449253614446/jln3390643932550702791/libjogl_mobile.so
7faa1b390000-7faa1b391000 rw-p 00045000 08:06 2097194                    /tmp/jogamp_0000/file_cache/jln5044172449253614446/jln3390643932550702791/libjogl_mobile.so
7faa1b391000-7faa1b398000 r-xp 00000000 08:06 2238059                    /usr/lib/x86_64-linux-gnu/libffi.so.6.0.4
7faa1b398000-7faa1b597000 ---p 00007000 08:06 2238059                    /usr/lib/x86_64-linux-gnu/libffi.so.6.0.4
7faa1b597000-7faa1b598000 r--p 00006000 08:06 2238059                    /usr/lib/x86_64-linux-gnu/libffi.so.6.0.4
7faa1b598000-7faa1b599000 rw-p 00007000 08:06 2238059                    /usr/lib/x86_64-linux-gnu/libffi.so.6.0.4
7faa1b599000-7faa1b5a5000 r-xp 00000000 08:06 2228798                    /usr/lib/x86_64-linux-gnu/libgbm.so.1.0.0
7faa1b5a5000-7faa1b7a5000 ---p 0000c000 08:06 2228798                    /usr/lib/x86_64-linux-gnu/libgbm.so.1.0.0
7faa1b7a5000-7faa1b7a6000 r--p 0000c000 08:06 2228798                    /usr/lib/x86_64-linux-gnu/libgbm.so.1.0.0
7faa1b7a6000-7faa1b7a7000 rw-p 0000d000 08:06 2228798                    /usr/lib/x86_64-linux-gnu/libgbm.so.1.0.0
7faa1b7a7000-7faa1b7b6000 r-xp 00000000 08:06 2238952                    /usr/lib/x86_64-linux-gnu/libwayland-server.so.0.1.0
7faa1b7b6000-7faa1b9b5000 ---p 0000f000 08:06 2238952                    /usr/lib/x86_64-linux-gnu/libwayland-server.so.0.1.0
7faa1b9b5000-7faa1b9b7000 r--p 0000e000 08:06 2238952                    /usr/lib/x86_64-linux-gnu/libwayland-server.so.0.1.0
7faa1b9b7000-7faa1b9b8000 rw-p 00010000 08:06 2238952                    /usr/lib/x86_64-linux-gnu/libwayland-server.so.0.1.0
7faa1b9b8000-7faa1b9c4000 r-xp 00000000 08:06 2238946                    /usr/lib/x86_64-linux-gnu/libwayland-client.so.0.3.0
7faa1b9c4000-7faa1bbc3000 ---p 0000c000 08:06 2238946                    /usr/lib/x86_64-linux-gnu/libwayland-client.so.0.3.0
7faa1bbc3000-7faa1bbc5000 r--p 0000b000 08:06 2238946                    /usr/lib/x86_64-linux-gnu/libwayland-client.so.0.3.0
7faa1bbc5000-7faa1bbc6000 rw-p 0000d000 08:06 2238946                    /usr/lib/x86_64-linux-gnu/libwayland-client.so.0.3.0
7faa1bbc6000-7faa1bbcc000 r-xp 00000000 08:06 2239050                    /usr/lib/x86_64-linux-gnu/libxcb-xfixes.so.0.0.0
7faa1bbcc000-7faa1bdcc000 ---p 00006000 08:06 2239050                    /usr/lib/x86_64-linux-gnu/libxcb-xfixes.so.0.0.0
7faa1bdcc000-7faa1bdcd000 r--p 00006000 08:06 2239050                    /usr/lib/x86_64-linux-gnu/libxcb-xfixes.so.0.0.0
7faa1bdcd000-7faa1bdce000 rw-p 00007000 08:06 2239050                    /usr/lib/x86_64-linux-gnu/libxcb-xfixes.so.0.0.0
7faa1bdce000-7faa1bdfe000 r-xp 00000000 08:06 2493233                    /usr/lib/x86_64-linux-gnu/mesa-egl/libEGL.so.1.0.0
7faa1bdfe000-7faa1bffe000 ---p 00030000 08:06 2493233                    /usr/lib/x86_64-linux-gnu/mesa-egl/libEGL.so.1.0.0
7faa1bffe000-7faa1bfff000 r--p 00030000 08:06 2493233                    /usr/lib/x86_64-linux-gnu/mesa-egl/libEGL.so.1.0.0
7faa1bfff000-7faa1c000000 rw-p 00031000 08:06 2493233                    /usr/lib/x86_64-linux-gnu/mesa-egl/libEGL.so.1.0.0
7faa1c000000-7faa1c8fb000 rw-p 00000000 00:00 0 
7faa1c8fb000-7faa20000000 ---p 00000000 00:00 0 
7faa20000000-7faa2005d000 rw-p 00000000 00:00 0 
7faa2005d000-7faa24000000 ---p 00000000 00:00 0 
7faa24000000-7faa245f7000 rw-p 00000000 00:00 0 
7faa245f7000-7faa28000000 ---p 00000000 00:00 0 
7faa28000000-7faa28003000 r--s 00000000 08:06 926406                     /var/cache/fontconfig/75114ca45c98e8a441da0ff356701271-le64.cache-6
7faa28003000-7faa28006000 r--s 00000000 08:06 923238                     /var/cache/fontconfig/e13b20fdb08344e0e664864cc2ede53d-le64.cache-6
7faa2801e000-7faa2803e000 rw-s 14183c000 00:06 252                       /dev/dri/card0
7faa2803e000-7faa280e3000 r-xp 00000000 08:06 2097189                    /tmp/jogamp_0000/file_cache/jln5044172449253614446/jln3390643932550702791/libjogl_desktop.so
7faa280e3000-7faa282e3000 ---p 000a5000 08:06 2097189                    /tmp/jogamp_0000/file_cache/jln5044172449253614446/jln3390643932550702791/libjogl_desktop.so
7faa282e3000-7faa282e4000 rw-p 000a5000 08:06 2097189                    /tmp/jogamp_0000/file_cache/jln5044172449253614446/jln3390643932550702791/libjogl_desktop.so
7faa282e4000-7faa282f2000 r-xp 00000000 08:06 2228334                    /usr/lib/x86_64-linux-gnu/libdrm.so.2.4.0
7faa282f2000-7faa284f1000 ---p 0000e000 08:06 2228334                    /usr/lib/x86_64-linux-gnu/libdrm.so.2.4.0
7faa284f1000-7faa284f2000 r--p 0000d000 08:06 2228334                    /usr/lib/x86_64-linux-gnu/libdrm.so.2.4.0
7faa284f2000-7faa284f3000 rw-p 0000e000 08:06 2228334                    /usr/lib/x86_64-linux-gnu/libdrm.so.2.4.0
7faa284f3000-7faa284f7000 r-xp 00000000 08:06 2239022                    /usr/lib/x86_64-linux-gnu/libxcb-dri2.so.0.0.0
7faa284f7000-7faa286f6000 ---p 00004000 08:06 2239022                    /usr/lib/x86_64-linux-gnu/libxcb-dri2.so.0.0.0
7faa286f6000-7faa286f7000 r--p 00003000 08:06 2239022                    /usr/lib/x86_64-linux-gnu/libxcb-dri2.so.0.0.0
7faa286f7000-7faa286f8000 rw-p 00004000 08:06 2239022                    /usr/lib/x86_64-linux-gnu/libxcb-dri2.so.0.0.0
7faa286f8000-7faa2870f000 r-xp 00000000 08:06 2239026                    /usr/lib/x86_64-linux-gnu/libxcb-glx.so.0.0.0
7faa2870f000-7faa2890e000 ---p 00017000 08:06 2239026                    /usr/lib/x86_64-linux-gnu/libxcb-glx.so.0.0.0
7faa2890e000-7faa28910000 r--p 00016000 08:06 2239026                    /usr/lib/x86_64-linux-gnu/libxcb-glx.so.0.0.0
7faa28910000-7faa28911000 rw-p 00018000 08:06 2239026                    /usr/lib/x86_64-linux-gnu/libxcb-glx.so.0.0.0
7faa28911000-7faa28912000 r-xp 00000000 08:06 2237670                    /usr/lib/x86_64-linux-gnu/libX11-xcb.so.1.0.0
7faa28912000-7faa28b11000 ---p 00001000 08:06 2237670                    /usr/lib/x86_64-linux-gnu/libX11-xcb.so.1.0.0
7faa28b11000-7faa28b12000 r--p 00000000 08:06 2237670                    /usr/lib/x86_64-linux-gnu/libX11-xcb.so.1.0.0
7faa28b12000-7faa28b13000 rw-p 00001000 08:06 2237670                    /usr/lib/x86_64-linux-gnu/libX11-xcb.so.1.0.0
7faa28b13000-7faa28b15000 r-xp 00000000 08:06 2237685                    /usr/lib/x86_64-linux-gnu/libXdamage.so.1.1.0
7faa28b15000-7faa28d14000 ---p 00002000 08:06 2237685                    /usr/lib/x86_64-linux-gnu/libXdamage.so.1.1.0
7faa28d14000-7faa28d15000 r--p 00001000 08:06 2237685                    /usr/lib/x86_64-linux-gnu/libXdamage.so.1.1.0
7faa28d15000-7faa28d16000 rw-p 00002000 08:06 2237685                    /usr/lib/x86_64-linux-gnu/libXdamage.so.1.1.0
7faa28d16000-7faa28d3f000 r-xp 00000000 08:06 2230410                    /usr/lib/x86_64-linux-gnu/libglapi.so.0.0.0
7faa28d3f000-7faa28f3e000 ---p 00029000 08:06 2230410                    /usr/lib/x86_64-linux-gnu/libglapi.so.0.0.0
7faa28f3e000-7faa28f42000 r--p 00028000 08:06 2230410                    /usr/lib/x86_64-linux-gnu/libglapi.so.0.0.0
7faa28f42000-7faa28f43000 rw-p 0002c000 08:06 2230410                    /usr/lib/x86_64-linux-gnu/libglapi.so.0.0.0
7faa28f43000-7faa28f44000 rw-p 00000000 00:00 0 
7faa28f44000-7faa28f45000 r-xp 00000000 08:06 2239066                    /usr/lib/x86_64-linux-gnu/libxshmfence.so.1.0.0
7faa28f45000-7faa29145000 ---p 00001000 08:06 2239066                    /usr/lib/x86_64-linux-gnu/libxshmfence.so.1.0.0
7faa29145000-7faa29146000 r--p 00001000 08:06 2239066                    /usr/lib/x86_64-linux-gnu/libxshmfence.so.1.0.0
7faa29146000-7faa29147000 rw-p 00002000 08:06 2239066                    /usr/lib/x86_64-linux-gnu/libxshmfence.so.1.0.0
7faa29147000-7faa2914c000 r-xp 00000000 08:06 2239046                    /usr/lib/x86_64-linux-gnu/libxcb-sync.so.1.0.0
7faa2914c000-7faa2934c000 ---p 00005000 08:06 2239046                    /usr/lib/x86_64-linux-gnu/libxcb-sync.so.1.0.0
7faa2934c000-7faa2934d000 r--p 00005000 08:06 2239046                    /usr/lib/x86_64-linux-gnu/libxcb-sync.so.1.0.0
7faa2934d000-7faa2934e000 rw-p 00006000 08:06 2239046                    /usr/lib/x86_64-linux-gnu/libxcb-sync.so.1.0.0
7faa2934e000-7faa29350000 r-xp 00000000 08:06 2239034                    /usr/lib/x86_64-linux-gnu/libxcb-present.so.0.0.0
7faa29350000-7faa2954f000 ---p 00002000 08:06 2239034                    /usr/lib/x86_64-linux-gnu/libxcb-present.so.0.0.0
7faa2954f000-7faa29550000 r--p 00001000 08:06 2239034                    /usr/lib/x86_64-linux-gnu/libxcb-present.so.0.0.0
7faa29550000-7faa29551000 rw-p 00002000 08:06 2239034                    /usr/lib/x86_64-linux-gnu/libxcb-present.so.0.0.0
7faa29551000-7faa29553000 r-xp 00000000 08:06 2239024                    /usr/lib/x86_64-linux-gnu/libxcb-dri3.so.0.0.0
7faa29553000-7faa29752000 ---p 00002000 08:06 2239024                    /usr/lib/x86_64-linux-gnu/libxcb-dri3.so.0.0.0
7faa29752000-7faa29753000 r--p 00001000 08:06 2239024                    /usr/lib/x86_64-linux-gnu/libxcb-dri3.so.0.0.0
7faa29753000-7faa29754000 rw-p 00002000 08:06 2239024                    /usr/lib/x86_64-linux-gnu/libxcb-dri3.so.0.0.0
7faa29754000-7faa2977a000 r-xp 00000000 08:06 2757682                    /lib/x86_64-linux-gnu/libexpat.so.1.6.0
7faa2977a000-7faa2997a000 ---p 00026000 08:06 2757682                    /lib/x86_64-linux-gnu/libexpat.so.1.6.0
7faa2997a000-7faa2997c000 r--p 00026000 08:06 2757682                    /lib/x86_64-linux-gnu/libexpat.so.1.6.0
7faa2997c000-7faa2997d000 rw-p 00028000 08:06 2757682                    /lib/x86_64-linux-gnu/libexpat.so.1.6.0
7faa2997d000-7faa299ea000 r-xp 00000000 08:06 2490943                    /usr/lib/x86_64-linux-gnu/mesa/libGL.so.1.2.0
7faa299ea000-7faa29be9000 ---p 0006d000 08:06 2490943                    /usr/lib/x86_64-linux-gnu/mesa/libGL.so.1.2.0
7faa29be9000-7faa29bec000 r--p 0006c000 08:06 2490943                    /usr/lib/x86_64-linux-gnu/mesa/libGL.so.1.2.0
7faa29bec000-7faa29bed000 rw-p 0006f000 08:06 2490943                    /usr/lib/x86_64-linux-gnu/mesa/libGL.so.1.2.0
7faa29bed000-7faa29dee000 rw-p 00000000 00:00 0 
7faa29dee000-7faa29fee000 rw-p 00000000 00:00 0 
7faa29fee000-7faa29fef000 r--s 00000000 08:06 926415                     /var/cache/fontconfig/56cf4f4769d0f4abc89a4895d7bd3ae1-le64.cache-6
7faa29fef000-7faa29ff3000 r--s 00000000 08:06 923258                     /var/cache/fontconfig/7ef2298fde41cc6eeb7af42e48b7d293-le64.cache-6
7faa29ff3000-7faa29ff9000 rw-s 14185c000 00:06 252                       /dev/dri/card0
7faa29ff9000-7faa2a019000 rw-s 141814000 00:06 252                       /dev/dri/card0
7faa2a019000-7faa2a01a000 rw-s 1205ba000 00:06 252                       /dev/dri/card0
7faa2a01a000-7faa2a01c000 rw-s 1205c3000 00:06 252                       /dev/dri/card0
7faa2a01e000-7faa2a01f000 r--s 00000000 08:06 926414                     /var/cache/fontconfig/b9d506c9ac06c20b433354fa67a72993-le64.cache-6
7faa2a01f000-7faa2a027000 rw-s 141834000 00:06 252                       /dev/dri/card0
7faa2a027000-7faa2a02a000 rw-s 14229e000 00:06 252                       /dev/dri/card0
7faa2a02a000-7faa2a02f000 rw-s 142299000 00:06 252                       /dev/dri/card0
7faa2a02f000-7faa2a032000 rw-s 142296000 00:06 252                       /dev/dri/card0
7faa2a032000-7faa2a03b000 rw-s 14228d000 00:06 252                       /dev/dri/card0
7faa2a03c000-7faa2a03d000 r--s 00000000 08:06 926411                     /var/cache/fontconfig/551ecf3b0e8b0bca0f25c0944f561853-le64.cache-6
7faa2a03d000-7faa2a03e000 r--s 00000000 08:06 926409                     /var/cache/fontconfig/30829fa25452a46451e813d634d7f916-le64.cache-6
7faa2a04e000-7faa2a04f000 r--s 00000000 08:06 926408                     /var/cache/fontconfig/0c9eb80ebd1c36541ebe2852d3bb0c49-le64.cache-6
7faa2a08b000-7faa2a0a9000 r-xp 00000000 08:06 2757251                    /lib/x86_64-linux-gnu/libudev.so.1.6.4
7faa2a0a9000-7faa2a0aa000 r--p 0001d000 08:06 2757251                    /lib/x86_64-linux-gnu/libudev.so.1.6.4
7faa2a0aa000-7faa2a0ab000 rw-p 0001e000 08:06 2757251                    /lib/x86_64-linux-gnu/libudev.so.1.6.4
7faa2a0ab000-7faa2a0b2000 r-xp 00000000 08:06 2097196                    /tmp/jogamp_0000/file_cache/jln5044172449253614446/jln3390643932550702791/libnativewindow_x11.so
7faa2a0b2000-7faa2a2b1000 ---p 00007000 08:06 2097196                    /tmp/jogamp_0000/file_cache/jln5044172449253614446/jln3390643932550702791/libnativewindow_x11.so
7faa2a2b1000-7faa2a2b2000 rw-p 00006000 08:06 2097196                    /tmp/jogamp_0000/file_cache/jln5044172449253614446/jln3390643932550702791/libnativewindow_x11.so
7faa2a2b2000-7faa2a2b7000 r-xp 00000000 08:06 2237725                    /usr/lib/x86_64-linux-gnu/libXxf86vm.so.1.0.0
7faa2a2b7000-7faa2a4b6000 ---p 00005000 08:06 2237725                    /usr/lib/x86_64-linux-gnu/libXxf86vm.so.1.0.0
7faa2a4b6000-7faa2a4b7000 r--p 00004000 08:06 2237725                    /usr/lib/x86_64-linux-gnu/libXxf86vm.so.1.0.0
7faa2a4b7000-7faa2a4b8000 rw-p 00005000 08:06 2237725                    /usr/lib/x86_64-linux-gnu/libXxf86vm.so.1.0.0
7faa2a4b8000-7faa2a4ba000 r-xp 00000000 08:06 2097195                    /tmp/jogamp_0000/file_cache/jln5044172449253614446/jln3390643932550702791/libnativewindow_awt.so
7faa2a4ba000-7faa2a6b9000 ---p 00002000 08:06 2097195                    /tmp/jogamp_0000/file_cache/jln5044172449253614446/jln3390643932550702791/libnativewindow_awt.so
7faa2a6b9000-7faa2a6ba000 rw-p 00001000 08:06 2097195                    /tmp/jogamp_0000/file_cache/jln5044172449253614446/jln3390643932550702791/libnativewindow_awt.so
7faa2a6ba000-7faa2a6bb000 r-xp 00000000 08:06 2245058                    /usr/lib/jvm/java-8-openjdk-amd64/jre/lib/amd64/libjawt.so
7faa2a6bb000-7faa2a8ba000 ---p 00001000 08:06 2245058                    /usr/lib/jvm/java-8-openjdk-amd64/jre/lib/amd64/libjawt.so
7faa2a8ba000-7faa2a8bb000 r--p 00000000 08:06 2245058                    /usr/lib/jvm/java-8-openjdk-amd64/jre/lib/amd64/libjawt.so
7faa2a8bb000-7faa2a8bc000 rw-p 00001000 08:06 2245058                    /usr/lib/jvm/java-8-openjdk-amd64/jre/lib/amd64/libjawt.so
7faa2a8bc000-7faa2a8be000 r-xp 00000000 08:06 2097183                    /tmp/jogamp_0000/file_cache/jln5044172449253614446/jln3390643932550702791/libgluegen-rt.so
7faa2a8be000-7faa2aabd000 ---p 00002000 08:06 2097183                    /tmp/jogamp_0000/file_cache/jln5044172449253614446/jln3390643932550702791/libgluegen-rt.so
7faa2aabd000-7faa2aabe000 rw-p 00001000 08:06 2097183                    /tmp/jogamp_0000/file_cache/jln5044172449253614446/jln3390643932550702791/libgluegen-rt.so
7faa2aabe000-7faa2aac1000 ---p 00000000 00:00 0 
7faa2aac1000-7faa2adbf000 rw-p 00000000 00:00 0 
7faa2adbf000-7faa2adc2000 ---p 00000000 00:00 0 
7faa2adc2000-7faa2b0c0000 rw-p 00000000 00:00 0 
7faa2b0c0000-7faa2b0c3000 ---p 00000000 00:00 0 
7faa2b0c3000-7faa2b1c1000 rw-p 00000000 00:00 0 
7faa2b1c1000-7faa2b1d2000 r-xp 00000000 08:06 2245069                    /usr/lib/jvm/java-8-openjdk-amd64/jre/lib/amd64/libnio.so
7faa2b1d2000-7faa2b3d2000 ---p 00011000 08:06 2245069                    /usr/lib/jvm/java-8-openjdk-amd64/jre/lib/amd64/libnio.so
7faa2b3d2000-7faa2b3d3000 r--p 00011000 08:06 2245069                    /usr/lib/jvm/java-8-openjdk-amd64/jre/lib/amd64/libnio.so
7faa2b3d3000-7faa2b3d4000 rw-p 00012000 08:06 2245069                    /usr/lib/jvm/java-8-openjdk-amd64/jre/lib/amd64/libnio.so
7faa2b3d4000-7faa2b6d5000 rw-p 00000000 00:00 0 
7faa2b6d5000-7faa2b6ec000 r-xp 00000000 08:06 2245045                    /usr/lib/jvm/java-8-openjdk-amd64/jre/lib/amd64/libnet.so
7faa2b6ec000-7faa2b8eb000 ---p 00017000 08:06 2245045                    /usr/lib/jvm/java-8-openjdk-amd64/jre/lib/amd64/libnet.so
7faa2b8eb000-7faa2b8ec000 r--p 00016000 08:06 2245045                    /usr/lib/jvm/java-8-openjdk-amd64/jre/lib/amd64/libnet.so
7faa2b8ec000-7faa2b8ed000 rw-p 00017000 08:06 2245045                    /usr/lib/jvm/java-8-openjdk-amd64/jre/lib/amd64/libnet.so
7faa2b8ed000-7faa2b8f0000 ---p 00000000 00:00 0 
7faa2b8f0000-7faa2b9ee000 rw-p 00000000 00:00 0 
7faa2b9ee000-7faa2b9f1000 ---p 00000000 00:00 0 
7faa2b9f1000-7faa2baef000 rw-p 00000000 00:00 0 
7faa2baef000-7faa2baf2000 ---p 00000000 00:00 0 
7faa2baf2000-7faa2bbf0000 rw-p 00000000 00:00 0 
7faa2bbf0000-7faa2bbf5000 r-xp 00000000 08:06 2237691                    /usr/lib/x86_64-linux-gnu/libXfixes.so.3.1.0
7faa2bbf5000-7faa2bdf4000 ---p 00005000 08:06 2237691                    /usr/lib/x86_64-linux-gnu/libXfixes.so.3.1.0
7faa2bdf4000-7faa2bdf5000 r--p 00004000 08:06 2237691                    /usr/lib/x86_64-linux-gnu/libXfixes.so.3.1.0
7faa2bdf5000-7faa2bdf6000 rw-p 00005000 08:06 2237691                    /usr/lib/x86_64-linux-gnu/libXfixes.so.3.1.0
7faa2bdf6000-7faa2bdff000 r-xp 00000000 08:06 2237683                    /usr/lib/x86_64-linux-gnu/libXcursor.so.1.0.2
7faa2bdff000-7faa2bffe000 ---p 00009000 08:06 2237683                    /usr/lib/x86_64-linux-gnu/libXcursor.so.1.0.2
7faa2bffe000-7faa2bfff000 r--p 00008000 08:06 2237683                    /usr/lib/x86_64-linux-gnu/libXcursor.so.1.0.2
7faa2bfff000-7faa2c000000 rw-p 00009000 08:06 2237683                    /usr/lib/x86_64-linux-gnu/libXcursor.so.1.0.2
7faa2c000000-7faa2c021000 rw-p 00000000 00:00 0 
7faa2c021000-7faa30000000 ---p 00000000 00:00 0 
7faa30000000-7faa30021000 rw-p 00000000 00:00 0 
7faa30021000-7faa34000000 ---p 00000000 00:00 0 
7faa34000000-7faa34722000 rw-p 00000000 00:00 0 
7faa34722000-7faa38000000 ---p 00000000 00:00 0 
7faa38000000-7faa3823b000 rw-p 00000000 00:00 0 
7faa3823b000-7faa3c000000 ---p 00000000 00:00 0 
7faa3c000000-7faa3c021000 rw-p 00000000 00:00 0 
7faa3c021000-7faa40000000 ---p 00000000 00:00 0 
7faa40000000-7faa41089000 rw-p 00000000 00:00 0 
7faa41089000-7faa44000000 ---p 00000000 00:00 0 
7faa44000000-7faa44021000 rw-p 00000000 00:00 0 
7faa44021000-7faa48000000 ---p 00000000 00:00 0 
7faa48000000-7faa48021000 rw-p 00000000 00:00 0 
7faa48021000-7faa4c000000 ---p 00000000 00:00 0 
7faa4c000000-7faa4c026000 rw-p 00000000 00:00 0 
7faa4c026000-7faa50000000 ---p 00000000 00:00 0 
7faa50000000-7faa50021000 rw-p 00000000 00:00 0 
7faa50021000-7faa54000000 ---p 00000000 00:00 0 
7faa54000000-7faa54022000 rw-p 00000000 00:00 0 
7faa54022000-7faa58000000 ---p 00000000 00:00 0 
7faa58017000-7faa5801a000 ---p 00000000 00:00 0 
7faa5801a000-7faa58050000 rw-p 00000000 00:00 0 
7faa58050000-7faa58053000 ---p 00000000 00:00 0 
7faa58053000-7faa58151000 rw-p 00000000 00:00 0 
7faa58151000-7faa58154000 ---p 00000000 00:00 0 
7faa58154000-7faa58252000 rw-p 00000000 00:00 0 
7faa58252000-7faa58276000 r-xp 00000000 08:06 2757792                    /lib/x86_64-linux-gnu/libpng12.so.0.54.0
7faa58276000-7faa58475000 ---p 00024000 08:06 2757792                    /lib/x86_64-linux-gnu/libpng12.so.0.54.0
7faa58475000-7faa58476000 r--p 00023000 08:06 2757792                    /lib/x86_64-linux-gnu/libpng12.so.0.54.0
7faa58476000-7faa58477000 rw-p 00024000 08:06 2757792                    /lib/x86_64-linux-gnu/libpng12.so.0.54.0
7faa58477000-7faa5851b000 r-xp 00000000 08:06 2238107                    /usr/lib/x86_64-linux-gnu/libfreetype.so.6.12.1
7faa5851b000-7faa5871a000 ---p 000a4000 08:06 2238107                    /usr/lib/x86_64-linux-gnu/libfreetype.so.6.12.1
7faa5871a000-7faa58720000 r--p 000a3000 08:06 2238107                    /usr/lib/x86_64-linux-gnu/libfreetype.so.6.12.1
7faa58720000-7faa58721000 rw-p 000a9000 08:06 2238107                    /usr/lib/x86_64-linux-gnu/libfreetype.so.6.12.1
7faa58728000-7faa58738000 rw-s 120582000 00:06 252                       /dev/dri/card0
7faa58738000-7faa58739000 rw-s 140b20000 00:06 252                       /dev/dri/card0
7faa58739000-7faa5873a000 rw-s 140b1f000 00:06 252                       /dev/dri/card0
7faa5873a000-7faa5878c000 r-xp 00000000 08:06 2245043                    /usr/lib/jvm/java-8-openjdk-amd64/jre/lib/amd64/libfontmanager.so
7faa5878c000-7faa5898c000 ---p 00052000 08:06 2245043                    /usr/lib/jvm/java-8-openjdk-amd64/jre/lib/amd64/libfontmanager.so
7faa5898c000-7faa5898e000 r--p 00052000 08:06 2245043                    /usr/lib/jvm/java-8-openjdk-amd64/jre/lib/amd64/libfontmanager.so
7faa5898e000-7faa5898f000 rw-p 00054000 08:06 2245043                    /usr/lib/jvm/java-8-openjdk-amd64/jre/lib/amd64/libfontmanager.so
7faa5898f000-7faa589a2000 r--s 00345000 08:06 2245072                    /usr/lib/jvm/java-8-openjdk-amd64/jre/lib/resources.jar
7faa589a2000-7faa589c5000 r--s 002ec000 08:06 1189855                    /home/ema/workspace/ucsdunfoldingmaps/lib/jogl-all.jar
7faa589c5000-7faa589ca000 r-xp 00000000 08:06 2237687                    /usr/lib/x86_64-linux-gnu/libXdmcp.so.6.0.0
7faa589ca000-7faa58bc9000 ---p 00005000 08:06 2237687                    /usr/lib/x86_64-linux-gnu/libXdmcp.so.6.0.0
7faa58bc9000-7faa58bca000 r--p 00004000 08:06 2237687                    /usr/lib/x86_64-linux-gnu/libXdmcp.so.6.0.0
7faa58bca000-7faa58bcb000 rw-p 00005000 08:06 2237687                    /usr/lib/x86_64-linux-gnu/libXdmcp.so.6.0.0
7faa58bcb000-7faa58bcd000 r-xp 00000000 08:06 2237676                    /usr/lib/x86_64-linux-gnu/libXau.so.6.0.0
7faa58bcd000-7faa58dcd000 ---p 00002000 08:06 2237676                    /usr/lib/x86_64-linux-gnu/libXau.so.6.0.0
7faa58dcd000-7faa58dce000 r--p 00002000 08:06 2237676                    /usr/lib/x86_64-linux-gnu/libXau.so.6.0.0
7faa58dce000-7faa58dcf000 rw-p 00003000 08:06 2237676                    /usr/lib/x86_64-linux-gnu/libXau.so.6.0.0
7faa58dcf000-7faa58df0000 r-xp 00000000 08:06 2239054                    /usr/lib/x86_64-linux-gnu/libxcb.so.1.1.0
7faa58df0000-7faa58fef000 ---p 00021000 08:06 2239054                    /usr/lib/x86_64-linux-gnu/libxcb.so.1.1.0
7faa58fef000-7faa58ff0000 r--p 00020000 08:06 2239054                    /usr/lib/x86_64-linux-gnu/libxcb.so.1.1.0
7faa58ff0000-7faa58ff1000 rw-p 00021000 08:06 2239054                    /usr/lib/x86_64-linux-gnu/libxcb.so.1.1.0
7faa58ff1000-7faa59000000 r-xp 00000000 08:06 2237697                    /usr/lib/x86_64-linux-gnu/libXi.so.6.1.0
7faa59000000-7faa591ff000 ---p 0000f000 08:06 2237697                    /usr/lib/x86_64-linux-gnu/libXi.so.6.1.0
7faa591ff000-7faa59200000 r--p 0000e000 08:06 2237697                    /usr/lib/x86_64-linux-gnu/libXi.so.6.1.0
7faa59200000-7faa59201000 rw-p 0000f000 08:06 2237697                    /usr/lib/x86_64-linux-gnu/libXi.so.6.1.0
7faa59201000-7faa59206000 r-xp 00000000 08:06 2237715                    /usr/lib/x86_64-linux-gnu/libXtst.so.6.1.0
7faa59206000-7faa59405000 ---p 00005000 08:06 2237715                    /usr/lib/x86_64-linux-gnu/libXtst.so.6.1.0
7faa59405000-7faa59406000 r--p 00004000 08:06 2237715                    /usr/lib/x86_64-linux-gnu/libXtst.so.6.1.0
7faa59406000-7faa59407000 rw-p 00005000 08:06 2237715                    /usr/lib/x86_64-linux-gnu/libXtst.so.6.1.0
7faa59407000-7faa59410000 r-xp 00000000 08:06 2237709                    /usr/lib/x86_64-linux-gnu/libXrender.so.1.3.0
7faa59410000-7faa5960f000 ---p 00009000 08:06 2237709                    /usr/lib/x86_64-linux-gnu/libXrender.so.1.3.0
7faa5960f000-7faa59610000 r--p 00008000 08:06 2237709                    /usr/lib/x86_64-linux-gnu/libXrender.so.1.3.0
7faa59610000-7faa59611000 rw-p 00009000 08:06 2237709                    /usr/lib/x86_64-linux-gnu/libXrender.so.1.3.0
7faa59611000-7faa59746000 r-xp 00000000 08:06 2237672                    /usr/lib/x86_64-linux-gnu/libX11.so.6.3.0
7faa59746000-7faa59946000 ---p 00135000 08:06 2237672                    /usr/lib/x86_64-linux-gnu/libX11.so.6.3.0
7faa59946000-7faa59947000 r--p 00135000 08:06 2237672                    /usr/lib/x86_64-linux-gnu/libX11.so.6.3.0
7faa59947000-7faa5994b000 rw-p 00136000 08:06 2237672                    /usr/lib/x86_64-linux-gnu/libX11.so.6.3.0
7faa5994b000-7faa5995c000 r-xp 00000000 08:06 2237689                    /usr/lib/x86_64-linux-gnu/libXext.so.6.4.0
7faa5995c000-7faa59b5b000 ---p 00011000 08:06 2237689                    /usr/lib/x86_64-linux-gnu/libXext.so.6.4.0
7faa59b5b000-7faa59b5c000 r--p 00010000 08:06 2237689                    /usr/lib/x86_64-linux-gnu/libXext.so.6.4.0
7faa59b5c000-7faa59b5d000 rw-p 00011000 08:06 2237689                    /usr/lib/x86_64-linux-gnu/libXext.so.6.4.0
7faa59b5d000-7faa59b5e000 rw-s 140b1e000 00:06 252                       /dev/dri/card0
7faa59b5f000-7faa59b60000 rw-s 13e7b7000 00:06 252                       /dev/dri/card0
7faa59b60000-7faa59b61000 rwxp 00000000 00:00 0 
7faa59b61000-7faa59b62000 r--s 0002f000 08:06 1188886                    /home/ema/workspace/ucsdunfoldingmaps/lib/jogl-all-natives-linux-amd64.jar
7faa59b62000-7faa59b64000 r--s 00000000 08:06 1188783                    /home/ema/workspace/ucsdunfoldingmaps/lib/gluegen-rt-natives-linux-amd64.jar
7faa59b64000-7faa59b65000 r--p 00000000 00:00 0 
7faa59b65000-7faa59b69000 r--s 00097000 08:06 2245107                    /usr/lib/jvm/java-8-openjdk-amd64/jre/lib/jsse.jar
7faa59b69000-7faa59b6f000 r--s 00033000 08:06 1189873                    /home/ema/workspace/ucsdunfoldingmaps/lib/unfolding.0.9.7-uscd.jar
7faa59b6f000-7faa59b70000 r--s 00005000 08:06 1189858                    /home/ema/workspace/ucsdunfoldingmaps/lib/libTUIO.jar
7faa59b70000-7faa59b71000 r--s 00007000 08:06 1189857                    /home/ema/workspace/ucsdunfoldingmaps/lib/json4processing.jar
7faa59b71000-7faa59b76000 r--s 00309000 08:06 1189871                    /home/ema/workspace/ucsdunfoldingmaps/lib/sqlite-jdbc-3.7.2.jar
7faa59b76000-7faa59bca000 r-xp 00000000 08:06 2245068                    /usr/lib/jvm/java-8-openjdk-amd64/jre/lib/amd64/libawt_xawt.so
7faa59bca000-7faa59dca000 ---p 00054000 08:06 2245068                    /usr/lib/jvm/java-8-openjdk-amd64/jre/lib/amd64/libawt_xawt.so
7faa59dca000-7faa59dcb000 r--p 00054000 08:06 2245068                    /usr/lib/jvm/java-8-openjdk-amd64/jre/lib/amd64/libawt_xawt.so
7faa59dcb000-7faa59dce000 rw-p 00055000 08:06 2245068                    /usr/lib/jvm/java-8-openjdk-amd64/jre/lib/amd64/libawt_xawt.so
7faa59dce000-7faa59dcf000 rw-p 00000000 00:00 0 
7faa59dcf000-7faa59e6f000 r-xp 00000000 08:06 2245042                    /usr/lib/jvm/java-8-openjdk-amd64/jre/lib/amd64/libawt.so
7faa59e6f000-7faa5a06f000 ---p 000a0000 08:06 2245042                    /usr/lib/jvm/java-8-openjdk-amd64/jre/lib/amd64/libawt.so
7faa5a06f000-7faa5a070000 r--p 000a0000 08:06 2245042                    /usr/lib/jvm/java-8-openjdk-amd64/jre/lib/amd64/libawt.so
7faa5a070000-7faa5a07b000 rw-p 000a1000 08:06 2245042                    /usr/lib/jvm/java-8-openjdk-amd64/jre/lib/amd64/libawt.so
7faa5a07b000-7faa5a0a0000 rw-p 00000000 00:00 0 
7faa5a0a0000-7faa5a0bc000 r--s 00393000 08:06 2245098                    /usr/lib/jvm/java-8-openjdk-amd64/jre/lib/ext/cldrdata.jar
7faa5a0bc000-7faa5a0d7000 r--s 001d7000 08:06 2245096                    /usr/lib/jvm/java-8-openjdk-amd64/jre/lib/ext/nashorn.jar
7faa5a0d7000-7faa5a0d8000 ---p 00000000 00:00 0 
7faa5a0d8000-7faa5a1d8000 rw-p 00000000 00:00 0 
7faa5a1d8000-7faa5a1db000 ---p 00000000 00:00 0 
7faa5a1db000-7faa5a2d9000 rw-p 00000000 00:00 0 
7faa5a2d9000-7faa5a2dc000 ---p 00000000 00:00 0 
7faa5a2dc000-7faa5a3da000 rw-p 00000000 00:00 0 
7faa5a3da000-7faa5a3dd000 ---p 00000000 00:00 0 
7faa5a3dd000-7faa5a4db000 rw-p 00000000 00:00 0 
7faa5a4db000-7faa5a4de000 ---p 00000000 00:00 0 
7faa5a4de000-7faa5a5dc000 rw-p 00000000 00:00 0 
7faa5a5dc000-7faa5af9b000 r--p 00000000 08:06 2236295                    /usr/lib/locale/locale-archive
7faa5af9b000-7faa5af9e000 ---p 00000000 00:00 0 
7faa5af9e000-7faa5b09c000 rw-p 00000000 00:00 0 
7faa5b09c000-7faa5b09f000 ---p 00000000 00:00 0 
7faa5b09f000-7faa5b19d000 rw-p 00000000 00:00 0 
7faa5b19d000-7faa5b19e000 ---p 00000000 00:00 0 
7faa5b19e000-7faa5d000000 rw-p 00000000 00:00 0 
7faa5d000000-7faa5d7d0000 rwxp 00000000 00:00 0 
7faa5d7d0000-7faa6c000000 ---p 00000000 00:00 0 
7faa6c000000-7faa6c2e5000 rw-p 00000000 00:00 0 
7faa6c2e5000-7faa70000000 ---p 00000000 00:00 0 
7faa70000000-7faa70007000 r--s 00059000 08:06 1189863                    /home/ema/workspace/ucsdunfoldingmaps/lib/log4j-1.2.15.jar
7faa70007000-7faa7000d000 r--s 00041000 08:06 1188883                    /home/ema/workspace/ucsdunfoldingmaps/lib/gluegen-rt.jar
7faa7000d000-7faa70011000 r--s 0009a000 08:06 1188737                    /home/ema/workspace/ucsdunfoldingmaps/lib/core.jar
7faa70011000-7faa70014000 r--s 0000f000 08:06 2245103                    /usr/lib/jvm/java-8-openjdk-amd64/jre/lib/ext/icedtea-sound.jar
7faa70014000-7faa70016000 r--s 00001000 08:06 2245097                    /usr/lib/jvm/java-8-openjdk-amd64/jre/lib/ext/dnsns.jar
7faa70016000-7faa7078b000 rw-p 00000000 00:00 0 
7faa7078b000-7faa70959000 r--s 03beb000 08:06 2245084                    /usr/lib/jvm/java-8-openjdk-amd64/jre/lib/rt.jar
7faa70959000-7faa71385000 rw-p 00000000 00:00 0 
7faa71385000-7faa71386000 ---p 00000000 00:00 0 
7faa71386000-7faa71486000 rw-p 00000000 00:00 0 
7faa71486000-7faa71487000 ---p 00000000 00:00 0 
7faa71487000-7faa7159d000 rw-p 00000000 00:00 0 
7faa7159d000-7faa716ab000 ---p 00000000 00:00 0 
7faa716ab000-7faa716c1000 rw-p 00000000 00:00 0 
7faa716c1000-7faa717cf000 ---p 00000000 00:00 0 
7faa717cf000-7faa717ee000 rw-p 00000000 00:00 0 
7faa717ee000-7faa71861000 ---p 00000000 00:00 0 
7faa71861000-7faa71882000 rw-p 00000000 00:00 0 
7faa71882000-7faa71c22000 ---p 00000000 00:00 0 
7faa71c22000-7faa71c2a000 r-xp 00000000 08:06 2245052                    /usr/lib/jvm/java-8-openjdk-amd64/jre/lib/amd64/libzip.so
7faa71c2a000-7faa71e29000 ---p 00008000 08:06 2245052                    /usr/lib/jvm/java-8-openjdk-amd64/jre/lib/amd64/libzip.so
7faa71e29000-7faa71e2a000 r--p 00007000 08:06 2245052                    /usr/lib/jvm/java-8-openjdk-amd64/jre/lib/amd64/libzip.so
7faa71e2a000-7faa71e2b000 rw-p 00008000 08:06 2245052                    /usr/lib/jvm/java-8-openjdk-amd64/jre/lib/amd64/libzip.so
7faa71e2b000-7faa71e36000 r-xp 00000000 08:06 2757750                    /lib/x86_64-linux-gnu/libnss_files-2.23.so
7faa71e36000-7faa72035000 ---p 0000b000 08:06 2757750                    /lib/x86_64-linux-gnu/libnss_files-2.23.so
7faa72035000-7faa72036000 r--p 0000a000 08:06 2757750                    /lib/x86_64-linux-gnu/libnss_files-2.23.so
7faa72036000-7faa72037000 rw-p 0000b000 08:06 2757750                    /lib/x86_64-linux-gnu/libnss_files-2.23.so
7faa72037000-7faa7203d000 rw-p 00000000 00:00 0 
7faa7203d000-7faa72048000 r-xp 00000000 08:06 2757760                    /lib/x86_64-linux-gnu/libnss_nis-2.23.so
7faa72048000-7faa72247000 ---p 0000b000 08:06 2757760                    /lib/x86_64-linux-gnu/libnss_nis-2.23.so
7faa72247000-7faa72248000 r--p 0000a000 08:06 2757760                    /lib/x86_64-linux-gnu/libnss_nis-2.23.so
7faa72248000-7faa72249000 rw-p 0000b000 08:06 2757760                    /lib/x86_64-linux-gnu/libnss_nis-2.23.so
7faa72249000-7faa7225f000 r-xp 00000000 08:06 2757744                    /lib/x86_64-linux-gnu/libnsl-2.23.so
7faa7225f000-7faa7245e000 ---p 00016000 08:06 2757744                    /lib/x86_64-linux-gnu/libnsl-2.23.so
7faa7245e000-7faa7245f000 r--p 00015000 08:06 2757744                    /lib/x86_64-linux-gnu/libnsl-2.23.so
7faa7245f000-7faa72460000 rw-p 00016000 08:06 2757744                    /lib/x86_64-linux-gnu/libnsl-2.23.so
7faa72460000-7faa72462000 rw-p 00000000 00:00 0 
7faa72462000-7faa7246a000 r-xp 00000000 08:06 2757746                    /lib/x86_64-linux-gnu/libnss_compat-2.23.so
7faa7246a000-7faa72669000 ---p 00008000 08:06 2757746                    /lib/x86_64-linux-gnu/libnss_compat-2.23.so
7faa72669000-7faa7266a000 r--p 00007000 08:06 2757746                    /lib/x86_64-linux-gnu/libnss_compat-2.23.so
7faa7266a000-7faa7266b000 rw-p 00008000 08:06 2757746                    /lib/x86_64-linux-gnu/libnss_compat-2.23.so
7faa7266b000-7faa72698000 r-xp 00000000 08:06 2242887                    /usr/lib/jvm/java-8-openjdk-amd64/jre/lib/amd64/libjava.so
7faa72698000-7faa72897000 ---p 0002d000 08:06 2242887                    /usr/lib/jvm/java-8-openjdk-amd64/jre/lib/amd64/libjava.so
7faa72897000-7faa72898000 r--p 0002c000 08:06 2242887                    /usr/lib/jvm/java-8-openjdk-amd64/jre/lib/amd64/libjava.so
7faa72898000-7faa7289a000 rw-p 0002d000 08:06 2242887                    /usr/lib/jvm/java-8-openjdk-amd64/jre/lib/amd64/libjava.so
7faa7289a000-7faa728a9000 r-xp 00000000 08:06 2245038                    /usr/lib/jvm/java-8-openjdk-amd64/jre/lib/amd64/libverify.so
7faa728a9000-7faa72aa8000 ---p 0000f000 08:06 2245038                    /usr/lib/jvm/java-8-openjdk-amd64/jre/lib/amd64/libverify.so
7faa72aa8000-7faa72aaa000 r--p 0000e000 08:06 2245038                    /usr/lib/jvm/java-8-openjdk-amd64/jre/lib/amd64/libverify.so
7faa72aaa000-7faa72aab000 rw-p 00010000 08:06 2245038                    /usr/lib/jvm/java-8-openjdk-amd64/jre/lib/amd64/libverify.so
7faa72aab000-7faa72ab2000 r-xp 00000000 08:06 2757805                    /lib/x86_64-linux-gnu/librt-2.23.so
7faa72ab2000-7faa72cb1000 ---p 00007000 08:06 2757805                    /lib/x86_64-linux-gnu/librt-2.23.so
7faa72cb1000-7faa72cb2000 r--p 00006000 08:06 2757805                    /lib/x86_64-linux-gnu/librt-2.23.so
7faa72cb2000-7faa72cb3000 rw-p 00007000 08:06 2757805                    /lib/x86_64-linux-gnu/librt-2.23.so
7faa72cb3000-7faa72cc9000 r-xp 00000000 08:06 2757689                    /lib/x86_64-linux-gnu/libgcc_s.so.1
7faa72cc9000-7faa72ec8000 ---p 00016000 08:06 2757689                    /lib/x86_64-linux-gnu/libgcc_s.so.1
7faa72ec8000-7faa72ec9000 rw-p 00015000 08:06 2757689                    /lib/x86_64-linux-gnu/libgcc_s.so.1
7faa72ec9000-7faa72fd1000 r-xp 00000000 08:06 2757721                    /lib/x86_64-linux-gnu/libm-2.23.so
7faa72fd1000-7faa731d0000 ---p 00108000 08:06 2757721                    /lib/x86_64-linux-gnu/libm-2.23.so
7faa731d0000-7faa731d1000 r--p 00107000 08:06 2757721                    /lib/x86_64-linux-gnu/libm-2.23.so
7faa731d1000-7faa731d2000 rw-p 00108000 08:06 2757721                    /lib/x86_64-linux-gnu/libm-2.23.so
7faa731d2000-7faa73344000 r-xp 00000000 08:06 2230402                    /usr/lib/x86_64-linux-gnu/libstdc++.so.6.0.21
7faa73344000-7faa73544000 ---p 00172000 08:06 2230402                    /usr/lib/x86_64-linux-gnu/libstdc++.so.6.0.21
7faa73544000-7faa7354e000 r--p 00172000 08:06 2230402                    /usr/lib/x86_64-linux-gnu/libstdc++.so.6.0.21
7faa7354e000-7faa73550000 rw-p 0017c000 08:06 2230402                    /usr/lib/x86_64-linux-gnu/libstdc++.so.6.0.21
7faa73550000-7faa73554000 rw-p 00000000 00:00 0 
7faa73554000-7faa7419a000 r-xp 00000000 08:06 2245050                    /usr/lib/jvm/java-8-openjdk-amd64/jre/lib/amd64/server/libjvm.so
7faa7419a000-7faa7439a000 ---p 00c46000 08:06 2245050                    /usr/lib/jvm/java-8-openjdk-amd64/jre/lib/amd64/server/libjvm.so
7faa7439a000-7faa7442d000 r--p 00c46000 08:06 2245050                    /usr/lib/jvm/java-8-openjdk-amd64/jre/lib/amd64/server/libjvm.so
7faa7442d000-7faa74455000 rw-p 00cd9000 08:06 2245050                    /usr/lib/jvm/java-8-openjdk-amd64/jre/lib/amd64/server/libjvm.so
7faa74455000-7faa74485000 rw-p 00000000 00:00 0 
7faa74485000-7faa7449d000 r-xp 00000000 08:06 2757797                    /lib/x86_64-linux-gnu/libpthread-2.23.so
7faa7449d000-7faa7469c000 ---p 00018000 08:06 2757797                    /lib/x86_64-linux-gnu/libpthread-2.23.so
7faa7469c000-7faa7469d000 r--p 00017000 08:06 2757797                    /lib/x86_64-linux-gnu/libpthread-2.23.so
7faa7469d000-7faa7469e000 rw-p 00018000 08:06 2757797                    /lib/x86_64-linux-gnu/libpthread-2.23.so
7faa7469e000-7faa746a2000 rw-p 00000000 00:00 0 
7faa746a2000-7faa746a5000 r-xp 00000000 08:06 2757675                    /lib/x86_64-linux-gnu/libdl-2.23.so
7faa746a5000-7faa748a4000 ---p 00003000 08:06 2757675                    /lib/x86_64-linux-gnu/libdl-2.23.so
7faa748a4000-7faa748a5000 r--p 00002000 08:06 2757675                    /lib/x86_64-linux-gnu/libdl-2.23.so
7faa748a5000-7faa748a6000 rw-p 00003000 08:06 2757675                    /lib/x86_64-linux-gnu/libdl-2.23.so
7faa748a6000-7faa748bf000 r-xp 00000000 08:06 2757842                    /lib/x86_64-linux-gnu/libz.so.1.2.8
7faa748bf000-7faa74abe000 ---p 00019000 08:06 2757842                    /lib/x86_64-linux-gnu/libz.so.1.2.8
7faa74abe000-7faa74abf000 r--p 00018000 08:06 2757842                    /lib/x86_64-linux-gnu/libz.so.1.2.8
7faa74abf000-7faa74ac0000 rw-p 00019000 08:06 2757842                    /lib/x86_64-linux-gnu/libz.so.1.2.8
7faa74ac0000-7faa74c80000 r-xp 00000000 08:06 2757651                    /lib/x86_64-linux-gnu/libc-2.23.so
7faa74c80000-7faa74e7f000 ---p 001c0000 08:06 2757651                    /lib/x86_64-linux-gnu/libc-2.23.so
7faa74e7f000-7faa74e83000 r--p 001bf000 08:06 2757651                    /lib/x86_64-linux-gnu/libc-2.23.so
7faa74e83000-7faa74e85000 rw-p 001c3000 08:06 2757651                    /lib/x86_64-linux-gnu/libc-2.23.so
7faa74e85000-7faa74e89000 rw-p 00000000 00:00 0 
7faa74e89000-7faa74e96000 r-xp 00000000 08:06 2245066                    /usr/lib/jvm/java-8-openjdk-amd64/jre/lib/amd64/jli/libjli.so
7faa74e96000-7faa75096000 ---p 0000d000 08:06 2245066                    /usr/lib/jvm/java-8-openjdk-amd64/jre/lib/amd64/jli/libjli.so
7faa75096000-7faa75097000 r--p 0000d000 08:06 2245066                    /usr/lib/jvm/java-8-openjdk-amd64/jre/lib/amd64/jli/libjli.so
7faa75097000-7faa75098000 rw-p 0000e000 08:06 2245066                    /usr/lib/jvm/java-8-openjdk-amd64/jre/lib/amd64/jli/libjli.so
7faa75098000-7faa750be000 r-xp 00000000 08:06 2757623                    /lib/x86_64-linux-gnu/ld-2.23.so
7faa750be000-7faa750bf000 r--s 00010000 08:06 2245101                    /usr/lib/jvm/java-8-openjdk-amd64/jre/lib/ext/zipfs.jar
7faa750bf000-7faa750c0000 r--s 00008000 08:06 2245099                    /usr/lib/jvm/java-8-openjdk-amd64/jre/lib/ext/sunec.jar
7faa750c0000-7faa750c5000 r--s 0003b000 08:06 2245102                    /usr/lib/jvm/java-8-openjdk-amd64/jre/lib/ext/sunjce_provider.jar
7faa750c5000-7faa7519c000 rw-p 00000000 00:00 0 
7faa7519c000-7faa7519f000 ---p 00000000 00:00 0 
7faa7519f000-7faa752a2000 rw-p 00000000 00:00 0 
7faa752a2000-7faa752a3000 r--s 0000a000 08:06 2245100                    /usr/lib/jvm/java-8-openjdk-amd64/jre/lib/ext/jaccess.jar
7faa752a3000-7faa752a7000 r--s 00037000 08:06 2245105                    /usr/lib/jvm/java-8-openjdk-amd64/jre/lib/ext/sunpkcs11.jar
7faa752a7000-7faa752b1000 r--s 00116000 08:06 2245104                    /usr/lib/jvm/java-8-openjdk-amd64/jre/lib/ext/localedata.jar
7faa752b1000-7faa752b9000 rw-s 00000000 08:06 2097197                    /tmp/hsperfdata_ema/13597
7faa752b9000-7faa752ba000 rw-p 00000000 00:00 0 
7faa752ba000-7faa752bb000 r--p 00000000 00:00 0 
7faa752bb000-7faa752bd000 rw-p 00000000 00:00 0 
7faa752bd000-7faa752be000 r--p 00025000 08:06 2757623                    /lib/x86_64-linux-gnu/ld-2.23.so
7faa752be000-7faa752bf000 rw-p 00026000 08:06 2757623                    /lib/x86_64-linux-gnu/ld-2.23.so
7faa752bf000-7faa752c0000 rw-p 00000000 00:00 0 
7ffe904c8000-7ffe904e9000 rw-p 00000000 00:00 0                          [stack]
7ffe90573000-7ffe90575000 r--p 00000000 00:00 0                          [vvar]
7ffe90575000-7ffe90577000 r-xp 00000000 00:00 0                          [vdso]
ffffffffff600000-ffffffffff601000 r-xp 00000000 00:00 0                  [vsyscall]

VM Arguments:
jvm_args: -Djava.security.policy=java.policy.applet -Dfile.encoding=UTF-8 
java_command: sun.applet.AppletViewer module4.EarthquakeCityMap1476533980885.html
java_class_path (initial): /home/ema/workspace/ucsdunfoldingmaps/build:/home/ema/workspace/ucsdunfoldingmaps/lib/core.jar:/home/ema/workspace/ucsdunfoldingmaps/lib/gluegen-rt.jar:/home/ema/workspace/ucsdunfoldingmaps/lib/jogl-all.jar:/home/ema/workspace/ucsdunfoldingmaps/lib/log4j-1.2.15.jar:/home/ema/workspace/ucsdunfoldingmaps/lib/sqlite-jdbc-3.7.2.jar:/home/ema/workspace/ucsdunfoldingmaps/lib/json4processing.jar:/home/ema/workspace/ucsdunfoldingmaps/lib/libTUIO.jar:/home/ema/workspace/ucsdunfoldingmaps/lib/unfolding.0.9.7-uscd.jar
Launcher Type: SUN_STANDARD

Environment Variables:
PATH=/home/ema/bin:/home/ema/.local/bin:/usr/local/sbin:/usr/local/bin:/usr/sbin:/usr/bin:/sbin:/bin:/usr/games:/usr/local/games:/snap/bin
SHELL=/bin/bash
DISPLAY=:0

Signal Handlers:
SIGSEGV: [libjvm.so+0xa5e970], sa_mask[0]=11111111011111111101111111111110, sa_flags=SA_RESTART|SA_SIGINFO
SIGBUS: [libjvm.so+0xa5e970], sa_mask[0]=11111111011111111101111111111110, sa_flags=SA_RESTART|SA_SIGINFO
SIGFPE: [libjvm.so+0x8a9ff0], sa_mask[0]=11111111011111111101111111111110, sa_flags=SA_RESTART|SA_SIGINFO
SIGPIPE: [libjvm.so+0x8a9ff0], sa_mask[0]=11111111011111111101111111111110, sa_flags=SA_RESTART|SA_SIGINFO
SIGXFSZ: [libjvm.so+0x8a9ff0], sa_mask[0]=11111111011111111101111111111110, sa_flags=SA_RESTART|SA_SIGINFO
SIGILL: [libjvm.so+0x8a9ff0], sa_mask[0]=11111111011111111101111111111110, sa_flags=SA_RESTART|SA_SIGINFO
SIGUSR1: SIG_DFL, sa_mask[0]=00000000000000000000000000000000, sa_flags=none
SIGUSR2: [libjvm.so+0x8a9ea0], sa_mask[0]=00100000000000000000000000000000, sa_flags=SA_RESTART|SA_SIGINFO
SIGHUP: [libjvm.so+0x8aa370], sa_mask[0]=11111111011111111101111111111110, sa_flags=SA_RESTART|SA_SIGINFO
SIGINT: [libjvm.so+0x8aa370], sa_mask[0]=11111111011111111101111111111110, sa_flags=SA_RESTART|SA_SIGINFO
SIGTERM: [libjvm.so+0x8aa370], sa_mask[0]=11111111011111111101111111111110, sa_flags=SA_RESTART|SA_SIGINFO
SIGQUIT: [libjvm.so+0x8aa370], sa_mask[0]=11111111011111111101111111111110, sa_flags=SA_RESTART|SA_SIGINFO


---------------  S Y S T E M  ---------------

OS:DISTRIB_ID=Ubuntu
DISTRIB_RELEASE=16.04
DISTRIB_CODENAME=xenial
DISTRIB_DESCRIPTION="Ubuntu 16.04.1 LTS"

uname:Linux 4.4.0-38-generic #57-Ubuntu SMP Tue Sep 6 15:42:33 UTC 2016 x86_64
libc:glibc 2.23 NPTL 2.23 
rlimit: STACK 8192k, CORE 0k, NPROC 13510, NOFILE 65536, AS infinity
load average:0,47 0,67 0,77

/proc/meminfo:
MemTotal:        3582816 kB
MemFree:          298100 kB
MemAvailable:     980076 kB
Buffers:           52192 kB
Cached:           823892 kB
SwapCached:         1112 kB
Active:          2079116 kB
Inactive:         837924 kB
Active(anon):    1609608 kB
Inactive(anon):   471284 kB
Active(file):     469508 kB
Inactive(file):   366640 kB
Unevictable:          48 kB
Mlocked:              48 kB
SwapTotal:       4095996 kB
SwapFree:        4067696 kB
Dirty:              1392 kB
Writeback:             0 kB
AnonPages:       2040172 kB
Mapped:           197048 kB
Shmem:             39936 kB
Slab:             130704 kB
SReclaimable:      91268 kB
SUnreclaim:        39436 kB
KernelStack:        9712 kB
PageTables:        33772 kB
NFS_Unstable:          0 kB
Bounce:                0 kB
WritebackTmp:          0 kB
CommitLimit:     5887404 kB
Committed_AS:    5907296 kB
VmallocTotal:   34359738367 kB
VmallocUsed:           0 kB
VmallocChunk:          0 kB
HardwareCorrupted:     0 kB
AnonHugePages:   1046528 kB
CmaTotal:              0 kB
CmaFree:               0 kB
HugePages_Total:       0
HugePages_Free:        0
HugePages_Rsvd:        0
HugePages_Surp:        0
Hugepagesize:       2048 kB
DirectMap4k:      402684 kB
DirectMap2M:     3321856 kB
DirectMap1G:           0 kB


CPU:total 2 (2 cores per cpu, 1 threads per core) family 20 model 2 stepping 0, cmov, cx8, fxsr, mmx, sse, sse2, sse3, ssse3, popcnt, mmxext, lzcnt, sse4a, tsc, tscinvbit, tscinv

/proc/cpuinfo:
processor	: 0
vendor_id	: AuthenticAMD
cpu family	: 20
model		: 2
model name	: AMD E2-1800 APU with Radeon(tm) HD Graphics
stepping	: 0
microcode	: 0x500010d
cpu MHz		: 1700.000
cache size	: 512 KB
physical id	: 0
siblings	: 2
core id		: 0
cpu cores	: 2
apicid		: 0
initial apicid	: 0
fpu		: yes
fpu_exception	: yes
cpuid level	: 6
wp		: yes
flags		: fpu vme de pse tsc msr pae mce cx8 apic sep mtrr pge mca cmov pat pse36 clflush mmx fxsr sse sse2 ht syscall nx mmxext fxsr_opt pdpe1gb rdtscp lm constant_tsc rep_good nopl nonstop_tsc extd_apicid aperfmperf pni monitor ssse3 cx16 popcnt lahf_lm cmp_legacy svm extapic cr8_legacy abm sse4a misalignsse 3dnowprefetch ibs skinit wdt hw_pstate vmmcall arat npt lbrv svm_lock nrip_save pausefilter
bugs		: fxsave_leak sysret_ss_attrs
bogomips	: 3393.81
TLB size	: 1024 4K pages
clflush size	: 64
cache_alignment	: 64
address sizes	: 36 bits physical, 48 bits virtual
power management: ts ttp tm stc 100mhzsteps hwpstate

processor	: 1
vendor_id	: AuthenticAMD
cpu family	: 20
model		: 2
model name	: AMD E2-1800 APU with Radeon(tm) HD Graphics
stepping	: 0
microcode	: 0x500010d
cpu MHz		: 1700.000
cache size	: 512 KB
physical id	: 0
siblings	: 2
core id		: 1
cpu cores	: 2
apicid		: 1
initial apicid	: 1
fpu		: yes
fpu_exception	: yes
cpuid level	: 6
wp		: yes
flags		: fpu vme de pse tsc msr pae mce cx8 apic sep mtrr pge mca cmov pat pse36 clflush mmx fxsr sse sse2 ht syscall nx mmxext fxsr_opt pdpe1gb rdtscp lm constant_tsc rep_good nopl nonstop_tsc extd_apicid aperfmperf pni monitor ssse3 cx16 popcnt lahf_lm cmp_legacy svm extapic cr8_legacy abm sse4a misalignsse 3dnowprefetch ibs skinit wdt hw_pstate vmmcall arat npt lbrv svm_lock nrip_save pausefilter
bugs		: fxsave_leak sysret_ss_attrs
bogomips	: 3393.81
TLB size	: 1024 4K pages
clflush size	: 64
cache_alignment	: 64
address sizes	: 36 bits physical, 48 bits virtual
power management: ts ttp tm stc 100mhzsteps hwpstate



Memory: 4k page, physical 3582816k(298100k free), swap 4095996k(4067696k free)

vm_info: OpenJDK 64-Bit Server VM (25.91-b14) for linux-amd64 JRE (1.8.0_91-8u91-b14-3ubuntu1~16.04.1-b14), built on Jul 21 2016 04:13:34 by "buildd" with gcc 5.3.1 20160413

time: Sat Oct 15 14:19:53 2016
elapsed time: 12 seconds (0d 0h 0m 12s)

