#
# A fatal error has been detected by the Java Runtime Environment:
#
#  SIGSEGV (0xb) at pc=0x00007f1fc31984eb, pid=14939, tid=139775349765888
#
# JRE version: OpenJDK Runtime Environment (8.0_91-b14) (build 1.8.0_91-8u91-b14-3ubuntu1~16.04.1-b14)
# Java VM: OpenJDK 64-Bit Server VM (25.91-b14 mixed mode linux-amd64 compressed oops)
# Problematic frame:
# C  [r600_dri.so+0x3254eb]
#
# Failed to write core dump. Core dumps have been disabled. To enable core dumping, try "ulimit -c unlimited" before starting Java again
#
# If you would like to submit a bug report, please visit:
#   http://bugreport.java.com/bugreport/crash.jsp
# The crash happened outside the Java Virtual Machine in native code.
# See problematic frame for where to report the bug.
#

---------------  T H R E A D  ---------------

Current thread (0x00007f1fd0001000):  JavaThread "AWT-EventQueue-1" [_thread_in_native, id=14964, stack(0x00007f1ffc023000,0x00007f1ffc124000)]

siginfo: si_signo: 11 (SIGSEGV), si_code: 1 (SEGV_MAPERR), si_addr: 0x000000000000c030

Registers:
RAX=0x0000000000000000, RBX=0x00007f1fd00cab80, RCX=0x0000000000000000, RDX=0x0000000000000001
RSP=0x00007f1ffc121960, RBP=0x000000000000c000, RSI=0x00007f1fd00cb560, RDI=0x0000000100000000
R8 =0x0000000000000000, R9 =0x00007f1fca6efd50, R10=0x00007f2005592747, R11=0x00007f1fcc5b12c0
R12=0x0000000000000001, R13=0x00007f1fcc5b28d0, R14=0x0000000000000001, R15=0x0000000000000000
RIP=0x00007f1fc31984eb, EFLAGS=0x0000000000010202, CSGSFS=0x0000000000000033, ERR=0x0000000000000004
  TRAPNO=0x000000000000000e

Top of Stack: (sp=0x00007f1ffc121960)
0x00007f1ffc121960:   00007f1ffc121990 00007f201c9897cb
0x00007f1ffc121970:   00007f1fd00011e0 f2e6cb34356ea600
0x00007f1ffc121980:   00007f1ffc1219b0 0000000000000000
0x00007f1ffc121990:   0000000000000000 00007f1fd00caa50
0x00007f1ffc1219a0:   00007f1fcc5b28d0 00007f1fcc5b2d70
0x00007f1ffc1219b0:   0000000000000000 00007f1fca6efdf8
0x00007f1ffc1219c0:   00007f1ffc1219f0 00007f1fcc5b2f20
0x00007f1ffc1219d0:   00007f1f00000000 0000000000000000
0x00007f1ffc1219e0:   0000000003c00053 00007f1fca6c4b31
0x00007f1ffc1219f0:   00007f1fd00caa50 f2e6cb34356ea600
0x00007f1ffc121a00:   0000000003c00053 00000000ca1e61d0
0x00007f1ffc121a10:   00007f1ffc121a80 0000000000000000
0x00007f1ffc121a20:   00000000ca1e54f8 00007f1ffc121ac0
0x00007f1ffc121a30:   00007f1fd0001000 00007f1fc8df7849
0x00007f1ffc121a40:   00000000f024fc68 00007f1fca6c4b60
0x00007f1ffc121a50:   0000000003c00053 00007f1fcc5b12c0
0x00007f1ffc121a60:   00007f1ffc121ac0 00007f1fd00011e0
0x00007f1ffc121a70:   00000001ca1e61d0 00007f1fca6c4b60
0x00007f1ffc121a80:   00007f1ffc121ad0 00007f20055927bd
0x00007f1ffc121a90:   0000001000000010 0000000100184748
0x00007f1ffc121aa0:   00007f1fca942cf8 00007f1fd0001000
0x00007f1ffc121ab0:   00007f1fca942cf8 00007f1fd0001000
0x00007f1ffc121ac0:   00000000c9e1e098 0000000000000000
0x00007f1ffc121ad0:   00000000ca1e60a8 00007f20052937c8
0x00007f1ffc121ae0:   00000000ca1e3f70 00000000000000b6
0x00007f1ffc121af0:   0000000000000000 00007f1fcaa28955
0x00007f1ffc121b00:   00007f1ffc121b98 00007f1fd0001000
0x00007f1ffc121b10:   00007f1ffc121b78 00007f2005007ffd
0x00007f1ffc121b20:   00007f2005007d80 00007f2005007ffd
0x00007f1ffc121b30:   00000000ca1e3f70 00007f1ffc121b38
0x00007f1ffc121b40:   00007f1fcaa28955 00007f1ffc121b98
0x00007f1ffc121b50:   00007f1fcaa28a10 0000000000000000 

Instructions: (pc=0x00007f1fc31984eb)
0x00007f1fc31984cb:   01 c6 44 24 0f 00 0f 84 d9 00 00 00 48 8b b3 30
0x00007f1fc31984db:   01 00 00 48 85 f6 0f 84 c9 00 00 00 83 7b 38 01
0x00007f1fc31984eb:   48 8b 55 30 4c 8b 6a 18 0f 8e 4f 02 00 00 45 85
0x00007f1fc31984fb:   ff 0f 85 46 02 00 00 48 8b 93 68 01 00 00 48 85 

Register to memory mapping:

RAX=0x0000000000000000 is an unknown value
RBX=0x00007f1fd00cab80 is an unknown value
RCX=0x0000000000000000 is an unknown value
RDX=0x0000000000000001 is an unknown value
RSP=0x00007f1ffc121960 is pointing into the stack for thread: 0x00007f1fd0001000
RBP=0x000000000000c000 is an unknown value
RSI=0x00007f1fd00cb560 is an unknown value
RDI=0x0000000100000000 is pointing into metadata
R8 =0x0000000000000000 is an unknown value
R9 =0x00007f1fca6efd50: <offset 0x45d50> in /usr/lib/x86_64-linux-gnu/mesa/libGL.so.1 at 0x00007f1fca6aa000
R10=0x00007f2005592747 is at entry_point+71 in (nmethod*)0x00007f2005592590
R11=0x00007f1fcc5b12c0 is an unknown value
R12=0x0000000000000001 is an unknown value
R13=0x00007f1fcc5b28d0 is an unknown value
R14=0x0000000000000001 is an unknown value
R15=0x0000000000000000 is an unknown value


Stack: [0x00007f1ffc023000,0x00007f1ffc124000],  sp=0x00007f1ffc121960,  free space=1018k
Native frames: (J=compiled Java code, j=interpreted, Vv=VM code, C=native code)
C  [r600_dri.so+0x3254eb]

Java frames: (J=compiled Java code, j=interpreted, Vv=VM code)
J 2936  jogamp.opengl.x11.glx.GLX.dispatch_glXSwapBuffers0(JJJ)V (0 bytes) @ 0x00007f2005592747 [0x00007f2005592700+0x47]
J 3146 C2 jogamp.opengl.GLDrawableImpl.swapBuffers()V (138 bytes) @ 0x00007f20052937c8 [0x00007f2005293660+0x168]
j  javax.media.opengl.awt.GLCanvas$12.run()V+45
j  java.awt.event.InvocationEvent.dispatch()V+11
j  java.awt.EventQueue.dispatchEventImpl(Ljava/awt/AWTEvent;Ljava/lang/Object;)V+21
j  java.awt.EventQueue.access$500(Ljava/awt/EventQueue;Ljava/awt/AWTEvent;Ljava/lang/Object;)V+3
j  java.awt.EventQueue$3.run()Ljava/lang/Void;+32
j  java.awt.EventQueue$3.run()Ljava/lang/Object;+1
v  ~StubRoutines::call_stub
J 637  java.security.AccessController.doPrivileged(Ljava/security/PrivilegedAction;Ljava/security/AccessControlContext;)Ljava/lang/Object; (0 bytes) @ 0x00007f20052b30a3 [0x00007f20052b3040+0x63]
J 3112 C2 java.awt.EventQueue.dispatchEvent(Ljava/awt/AWTEvent;)V (80 bytes) @ 0x00007f20054f1738 [0x00007f20054f1500+0x238]
j  java.awt.EventDispatchThread.pumpOneEventForFilters(I)V+245
j  java.awt.EventDispatchThread.pumpEventsForFilter(ILjava/awt/Conditional;Ljava/awt/EventFilter;)V+35
j  java.awt.EventDispatchThread.pumpEventsForHierarchy(ILjava/awt/Conditional;Ljava/awt/Component;)V+11
j  java.awt.EventDispatchThread.pumpEvents(ILjava/awt/Conditional;)V+4
j  java.awt.EventDispatchThread.pumpEvents(Ljava/awt/Conditional;)V+3
j  java.awt.EventDispatchThread.run()V+9
v  ~StubRoutines::call_stub

---------------  P R O C E S S  ---------------

Java Threads: ( => current thread )
  0x00007f1fd06f3800 JavaThread "Thread-83" [_thread_blocked, id=15083, stack(0x00007f1fbd071000,0x00007f1fbd172000)]
  0x00007f1fcc1be000 JavaThread "Animation Thread-SharedResourceRunner" daemon [_thread_blocked, id=14972, stack(0x00007f1fcb7eb000,0x00007f1fcb8ec000)]
  0x00007f1fd000b000 JavaThread "Animation Thread" [_thread_blocked, id=14965, stack(0x00007f1fcbaec000,0x00007f1fcbbed000)]
=>0x00007f1fd0001000 JavaThread "AWT-EventQueue-1" [_thread_in_native, id=14964, stack(0x00007f1ffc023000,0x00007f1ffc124000)]
  0x00007f201400a000 JavaThread "DestroyJavaVM" [_thread_blocked, id=14945, stack(0x00007f201df64000,0x00007f201e065000)]
  0x00007f2014316000 JavaThread "AWT-EventQueue-0" [_thread_blocked, id=14961, stack(0x00007f1ffc63d000,0x00007f1ffc73e000)]
  0x00007f2014312800 JavaThread "AWT-Shutdown" [_thread_blocked, id=14960, stack(0x00007f1ffc83f000,0x00007f1ffc940000)]
  0x00007f2014300000 JavaThread "thread applet-module4.EarthquakeCityMap.class" [_thread_blocked, id=14959, stack(0x00007f1ffc73e000,0x00007f1ffc83f000)]
  0x00007f20142f1800 JavaThread "AWT-XAWT" daemon [_thread_blocked, id=14957, stack(0x00007f1ffc940000,0x00007f1ffca41000)]
  0x00007f20142cc000 JavaThread "Java2D Disposer" daemon [_thread_blocked, id=14956, stack(0x00007f1ffce51000,0x00007f1ffcf52000)]
  0x00007f20140af800 JavaThread "Service Thread" daemon [_thread_blocked, id=14954, stack(0x00007f1ffee39000,0x00007f1ffef3a000)]
  0x00007f20140ad000 JavaThread "C1 CompilerThread1" daemon [_thread_blocked, id=14953, stack(0x00007f1ffef3a000,0x00007f1fff03b000)]
  0x00007f20140aa000 JavaThread "C2 CompilerThread0" daemon [_thread_blocked, id=14952, stack(0x00007f1fff03b000,0x00007f1fff13c000)]
  0x00007f20140a8000 JavaThread "Signal Dispatcher" daemon [_thread_blocked, id=14951, stack(0x00007f1fff13c000,0x00007f1fff23d000)]
  0x00007f201407f800 JavaThread "Finalizer" daemon [_thread_blocked, id=14950, stack(0x00007f1fffbfc000,0x00007f1fffcfd000)]
  0x00007f201407b000 JavaThread "Reference Handler" daemon [_thread_blocked, id=14949, stack(0x00007f1fffcfd000,0x00007f1fffdfe000)]

Other Threads:
  0x00007f2014073800 VMThread [stack: 0x00007f1fffdfe000,0x00007f1fffeff000] [id=14948]
  0x00007f20140ce800 WatcherThread [stack: 0x00007f1ffed38000,0x00007f1ffee39000] [id=14955]

VM state:not at safepoint (normal execution)

VM Mutex/Monitor currently owned by a thread: None

Heap:
 PSYoungGen      total 121344K, used 54376K [0x00000000edc00000, 0x00000000f7200000, 0x0000000100000000)
  eden space 101376K, 40% used [0x00000000edc00000,0x00000000f0432088,0x00000000f3f00000)
  from space 19968K, 66% used [0x00000000f3f00000,0x00000000f4be8330,0x00000000f5280000)
  to   space 20480K, 0% used [0x00000000f5e00000,0x00000000f5e00000,0x00000000f7200000)
 ParOldGen       total 45568K, used 21517K [0x00000000c9400000, 0x00000000cc080000, 0x00000000edc00000)
  object space 45568K, 47% used [0x00000000c9400000,0x00000000ca903638,0x00000000cc080000)
 Metaspace       used 21720K, capacity 21929K, committed 22272K, reserved 1069056K
  class space    used 1962K, capacity 2024K, committed 2048K, reserved 1048576K

Card table byte_map: [0x00007f201a473000,0x00007f201a62a000] byte_map_base: 0x00007f2019e29000

Marking Bits: (ParMarkBitMap*) 0x00007f201d230fc0
 Begin Bits: [0x00007f20185ed000, 0x00007f201939d000)
 End Bits:   [0x00007f201939d000, 0x00007f201a14d000)

Polling page: 0x00007f201e082000

CodeCache: size=245760Kb used=9679Kb max_used=9686Kb free=236080Kb
 bounds [0x00007f2005000000, 0x00007f2005990000, 0x00007f2014000000]
 total_blobs=3712 nmethods=2730 adapters=897
 compilation: enabled

Compilation events (10 events):
Event: 166,990 Thread 0x00007f20140ad000 3178       3       processing.core.PApplet::handleMouseEvent (328 bytes)
Event: 166,996 Thread 0x00007f20140ad000 nmethod 3178 0x00007f2005982e10 code [0x00007f2005983080, 0x00007f2005984c08]
Event: 167,114 Thread 0x00007f20140aa000 3179       4       java.lang.Long::compareTo (9 bytes)
Event: 167,117 Thread 0x00007f20140aa000 nmethod 3179 0x00007f2005618550 code [0x00007f20056186a0, 0x00007f2005618758]
Event: 168,447 Thread 0x00007f20140ad000 3180       1       sun.java2d.SurfaceData::isValid (5 bytes)
Event: 168,448 Thread 0x00007f20140ad000 nmethod 3180 0x00007f2005167990 code [0x00007f2005167ae0, 0x00007f2005167bf0]
Event: 168,451 Thread 0x00007f20140ad000 3182       3       sun.java2d.xr.GrowableEltArray::getCharCnt (13 bytes)
Event: 168,452 Thread 0x00007f20140ad000 nmethod 3182 0x00007f20051674d0 code [0x00007f2005167640, 0x00007f2005167890]
Event: 168,452 Thread 0x00007f20140ad000 3181       3       java.awt.Toolkit::notifyAWTEventListeners (36 bytes)
Event: 168,454 Thread 0x00007f20140ad000 nmethod 3181 0x00007f2005853b90 code [0x00007f2005853d40, 0x00007f20058542e8]

GC Heap History (10 events):
Event: 65,657 GC heap before
{Heap before GC invocations=12 (full 1):
 PSYoungGen      total 91648K, used 89504K [0x00000000edc00000, 0x00000000f4780000, 0x0000000100000000)
  eden space 76288K, 100% used [0x00000000edc00000,0x00000000f2680000,0x00000000f2680000)
  from space 15360K, 86% used [0x00000000f3780000,0x00000000f4468330,0x00000000f4680000)
  to   space 16896K, 0% used [0x00000000f2680000,0x00000000f2680000,0x00000000f3700000)
 ParOldGen       total 45568K, used 21517K [0x00000000c9400000, 0x00000000cc080000, 0x00000000edc00000)
  object space 45568K, 47% used [0x00000000c9400000,0x00000000ca903638,0x00000000cc080000)
 Metaspace       used 21617K, capacity 21865K, committed 22272K, reserved 1069056K
  class space    used 1957K, capacity 2024K, committed 2048K, reserved 1048576K
Event: 65,676 GC heap after
Heap after GC invocations=12 (full 1):
 PSYoungGen      total 93184K, used 13216K [0x00000000edc00000, 0x00000000f5880000, 0x0000000100000000)
  eden space 76288K, 0% used [0x00000000edc00000,0x00000000edc00000,0x00000000f2680000)
  from space 16896K, 78% used [0x00000000f2680000,0x00000000f3368330,0x00000000f3700000)
  to   space 17920K, 0% used [0x00000000f4700000,0x00000000f4700000,0x00000000f5880000)
 ParOldGen       total 45568K, used 21517K [0x00000000c9400000, 0x00000000cc080000, 0x00000000edc00000)
  object space 45568K, 47% used [0x00000000c9400000,0x00000000ca903638,0x00000000cc080000)
 Metaspace       used 21617K, capacity 21865K, committed 22272K, reserved 1069056K
  class space    used 1957K, capacity 2024K, committed 2048K, reserved 1048576K
}
Event: 85,193 GC heap before
{Heap before GC invocations=13 (full 1):
 PSYoungGen      total 93184K, used 89504K [0x00000000edc00000, 0x00000000f5880000, 0x0000000100000000)
  eden space 76288K, 100% used [0x00000000edc00000,0x00000000f2680000,0x00000000f2680000)
  from space 16896K, 78% used [0x00000000f2680000,0x00000000f3368330,0x00000000f3700000)
  to   space 17920K, 0% used [0x00000000f4700000,0x00000000f4700000,0x00000000f5880000)
 ParOldGen       total 45568K, used 21517K [0x00000000c9400000, 0x00000000cc080000, 0x00000000edc00000)
  object space 45568K, 47% used [0x00000000c9400000,0x00000000ca903638,0x00000000cc080000)
 Metaspace       used 21618K, capacity 21865K, committed 22272K, reserved 1069056K
  class space    used 1957K, capacity 2024K, committed 2048K, reserved 1048576K
Event: 85,225 GC heap after
Heap after GC invocations=13 (full 1):
 PSYoungGen      total 107520K, used 13184K [0x00000000edc00000, 0x00000000f5880000, 0x0000000100000000)
  eden space 89600K, 0% used [0x00000000edc00000,0x00000000edc00000,0x00000000f3380000)
  from space 17920K, 73% used [0x00000000f4700000,0x00000000f53e0330,0x00000000f5880000)
  to   space 18944K, 0% used [0x00000000f3380000,0x00000000f3380000,0x00000000f4600000)
 ParOldGen       total 45568K, used 21517K [0x00000000c9400000, 0x00000000cc080000, 0x00000000edc00000)
  object space 45568K, 47% used [0x00000000c9400000,0x00000000ca903638,0x00000000cc080000)
 Metaspace       used 21618K, capacity 21865K, committed 22272K, reserved 1069056K
  class space    used 1957K, capacity 2024K, committed 2048K, reserved 1048576K
}
Event: 108,279 GC heap before
{Heap before GC invocations=14 (full 1):
 PSYoungGen      total 107520K, used 102784K [0x00000000edc00000, 0x00000000f5880000, 0x0000000100000000)
  eden space 89600K, 100% used [0x00000000edc00000,0x00000000f3380000,0x00000000f3380000)
  from space 17920K, 73% used [0x00000000f4700000,0x00000000f53e0330,0x00000000f5880000)
  to   space 18944K, 0% used [0x00000000f3380000,0x00000000f3380000,0x00000000f4600000)
 ParOldGen       total 45568K, used 21517K [0x00000000c9400000, 0x00000000cc080000, 0x00000000edc00000)
  object space 45568K, 47% used [0x00000000c9400000,0x00000000ca903638,0x00000000cc080000)
 Metaspace       used 21618K, capacity 21865K, committed 22272K, reserved 1069056K
  class space    used 1957K, capacity 2024K, committed 2048K, reserved 1048576K
Event: 108,297 GC heap after
Heap after GC invocations=14 (full 1):
 PSYoungGen      total 108544K, used 13216K [0x00000000edc00000, 0x00000000f6600000, 0x0000000100000000)
  eden space 89600K, 0% used [0x00000000edc00000,0x00000000edc00000,0x00000000f3380000)
  from space 18944K, 69% used [0x00000000f3380000,0x00000000f4068330,0x00000000f4600000)
  to   space 19456K, 0% used [0x00000000f5300000,0x00000000f5300000,0x00000000f6600000)
 ParOldGen       total 45568K, used 21517K [0x00000000c9400000, 0x00000000cc080000, 0x00000000edc00000)
  object space 45568K, 47% used [0x00000000c9400000,0x00000000ca903638,0x00000000cc080000)
 Metaspace       used 21618K, capacity 21865K, committed 22272K, reserved 1069056K
  class space    used 1957K, capacity 2024K, committed 2048K, reserved 1048576K
}
Event: 131,560 GC heap before
{Heap before GC invocations=15 (full 1):
 PSYoungGen      total 108544K, used 102816K [0x00000000edc00000, 0x00000000f6600000, 0x0000000100000000)
  eden space 89600K, 100% used [0x00000000edc00000,0x00000000f3380000,0x00000000f3380000)
  from space 18944K, 69% used [0x00000000f3380000,0x00000000f4068330,0x00000000f4600000)
  to   space 19456K, 0% used [0x00000000f5300000,0x00000000f5300000,0x00000000f6600000)
 ParOldGen       total 45568K, used 21517K [0x00000000c9400000, 0x00000000cc080000, 0x00000000edc00000)
  object space 45568K, 47% used [0x00000000c9400000,0x00000000ca903638,0x00000000cc080000)
 Metaspace       used 21619K, capacity 21865K, committed 22272K, reserved 1069056K
  class space    used 1958K, capacity 2024K, committed 2048K, reserved 1048576K
Event: 131,601 GC heap after
Heap after GC invocations=15 (full 1):
 PSYoungGen      total 120832K, used 13216K [0x00000000edc00000, 0x00000000f6600000, 0x0000000100000000)
  eden space 101376K, 0% used [0x00000000edc00000,0x00000000edc00000,0x00000000f3f00000)
  from space 19456K, 67% used [0x00000000f5300000,0x00000000f5fe8330,0x00000000f6600000)
  to   space 19968K, 0% used [0x00000000f3f00000,0x00000000f3f00000,0x00000000f5280000)
 ParOldGen       total 45568K, used 21517K [0x00000000c9400000, 0x00000000cc080000, 0x00000000edc00000)
  object space 45568K, 47% used [0x00000000c9400000,0x00000000ca903638,0x00000000cc080000)
 Metaspace       used 21619K, capacity 21865K, committed 22272K, reserved 1069056K
  class space    used 1958K, capacity 2024K, committed 2048K, reserved 1048576K
}
Event: 157,502 GC heap before
{Heap before GC invocations=16 (full 1):
 PSYoungGen      total 120832K, used 114592K [0x00000000edc00000, 0x00000000f6600000, 0x0000000100000000)
  eden space 101376K, 100% used [0x00000000edc00000,0x00000000f3f00000,0x00000000f3f00000)
  from space 19456K, 67% used [0x00000000f5300000,0x00000000f5fe8330,0x00000000f6600000)
  to   space 19968K, 0% used [0x00000000f3f00000,0x00000000f3f00000,0x00000000f5280000)
 ParOldGen       total 45568K, used 21517K [0x00000000c9400000, 0x00000000cc080000, 0x00000000edc00000)
  object space 45568K, 47% used [0x00000000c9400000,0x00000000ca903638,0x00000000cc080000)
 Metaspace       used 21619K, capacity 21865K, committed 22272K, reserved 1069056K
  class space    used 1958K, capacity 2024K, committed 2048K, reserved 1048576K
Event: 157,520 GC heap after
Heap after GC invocations=16 (full 1):
 PSYoungGen      total 121344K, used 13216K [0x00000000edc00000, 0x00000000f7200000, 0x0000000100000000)
  eden space 101376K, 0% used [0x00000000edc00000,0x00000000edc00000,0x00000000f3f00000)
  from space 19968K, 66% used [0x00000000f3f00000,0x00000000f4be8330,0x00000000f5280000)
  to   space 20480K, 0% used [0x00000000f5e00000,0x00000000f5e00000,0x00000000f7200000)
 ParOldGen       total 45568K, used 21517K [0x00000000c9400000, 0x00000000cc080000, 0x00000000edc00000)
  object space 45568K, 47% used [0x00000000c9400000,0x00000000ca903638,0x00000000cc080000)
 Metaspace       used 21619K, capacity 21865K, committed 22272K, reserved 1069056K
  class space    used 1958K, capacity 2024K, committed 2048K, reserved 1048576K
}

Deoptimization events (10 events):
Event: 168,436 Thread 0x00007f1fd0001000 Uncommon trap: reason=unstable_if action=reinterpret pc=0x00007f2005937e74 method=java.awt.EventQueue.eventToCacheIndex(Ljava/awt/AWTEvent;)I @ 71
Event: 168,437 Thread 0x00007f2014316000 Uncommon trap: reason=unstable_if action=reinterpret pc=0x00007f200592cd14 method=java.awt.EventQueue.getPriority(Ljava/awt/AWTEvent;)I @ 71
Event: 168,437 Thread 0x00007f2014300000 Uncommon trap: reason=class_check action=maybe_recompile pc=0x00007f2005945874 method=sun.java2d.xr.XRSurfaceData$XRWindowSurfaceData.getBounds()Ljava/awt/Rectangle; @ 4
Event: 168,437 Thread 0x00007f2014300000 Uncommon trap: reason=unstable_if action=reinterpret pc=0x00007f200592fdec method=sun.java2d.SunGraphics2D.validateCompClip()V @ 9
Event: 168,437 Thread 0x00007f2014316000 Uncommon trap: reason=class_check action=maybe_recompile pc=0x00007f20058d20c8 method=java.awt.EventQueue.uncacheEQItem(Lsun/awt/EventQueueItem;)V @ 20
Event: 168,447 Thread 0x00007f2014300000 Uncommon trap: reason=unstable_if action=reinterpret pc=0x00007f20057116d4 method=java.awt.font.FontRenderContext.equals(Ljava/awt/font/FontRenderContext;)Z @ 2
Event: 168,450 Thread 0x00007f2014316000 Uncommon trap: reason=class_check action=maybe_recompile pc=0x00007f20058d20c8 method=java.awt.EventQueue.uncacheEQItem(Lsun/awt/EventQueueItem;)V @ 20
Event: 168,450 Thread 0x00007f2014316000 Uncommon trap: reason=class_check action=maybe_recompile pc=0x00007f20059472a8 method=java.awt.Component.getGraphics()Ljava/awt/Graphics; @ 114
Event: 168,450 Thread 0x00007f2014316000 Uncommon trap: reason=class_check action=maybe_recompile pc=0x00007f2005945874 method=sun.java2d.xr.XRSurfaceData$XRWindowSurfaceData.getBounds()Ljava/awt/Rectangle; @ 4
Event: 168,451 Thread 0x00007f1fd0001000 Uncommon trap: reason=class_check action=maybe_recompile pc=0x00007f200593e1a4 method=java.awt.event.InvocationEvent.dispatch()V @ 11

Internal exceptions (10 events):
Event: 4,103 Thread 0x00007f1fd0001000 Implicit null exception at 0x00007f20051d8a73 to 0x00007f20051d8dd5
Event: 5,556 Thread 0x00007f1fd0001000 Exception <a 'java/lang/reflect/InvocationTargetException'> (0x00000000ee5ec780) thrown at [/build/openjdk-8-W1Ghxo/openjdk-8-8u91-b14/src/hotspot/src/share/vm/runtime/reflection.cpp, line 1092]
Event: 5,561 Thread 0x00007f1fd0001000 Exception <a 'java/lang/reflect/InvocationTargetException'> (0x00000000ee5ed170) thrown at [/build/openjdk-8-W1Ghxo/openjdk-8-8u91-b14/src/hotspot/src/share/vm/runtime/reflection.cpp, line 1092]
Event: 7,030 Thread 0x00007f1fd0001000 Exception <a 'java/lang/reflect/InvocationTargetException'> (0x00000000ee90b9a8) thrown at [/build/openjdk-8-W1Ghxo/openjdk-8-8u91-b14/src/hotspot/src/share/vm/runtime/reflection.cpp, line 1092]
Event: 7,035 Thread 0x00007f1fd0001000 Exception <a 'java/lang/reflect/InvocationTargetException'> (0x00000000ee90ca30) thrown at [/build/openjdk-8-W1Ghxo/openjdk-8-8u91-b14/src/hotspot/src/share/vm/runtime/reflection.cpp, line 1092]
Event: 7,438 Thread 0x00007f1fd0001000 Exception <a 'java/lang/reflect/InvocationTargetException'> (0x00000000eea7a350) thrown at [/build/openjdk-8-W1Ghxo/openjdk-8-8u91-b14/src/hotspot/src/share/vm/runtime/reflection.cpp, line 1092]
Event: 7,440 Thread 0x00007f1fd0001000 Exception <a 'java/lang/reflect/InvocationTargetException'> (0x00000000eea7ad40) thrown at [/build/openjdk-8-W1Ghxo/openjdk-8-8u91-b14/src/hotspot/src/share/vm/runtime/reflection.cpp, line 1092]
Event: 7,664 Thread 0x00007f1fd0001000 Exception <a 'java/lang/reflect/InvocationTargetException'> (0x00000000eea9c7d8) thrown at [/build/openjdk-8-W1Ghxo/openjdk-8-8u91-b14/src/hotspot/src/share/vm/runtime/reflection.cpp, line 1092]
Event: 7,666 Thread 0x00007f1fd0001000 Exception <a 'java/lang/reflect/InvocationTargetException'> (0x00000000eea9ccc0) thrown at [/build/openjdk-8-W1Ghxo/openjdk-8-8u91-b14/src/hotspot/src/share/vm/runtime/reflection.cpp, line 1092]
Event: 7,749 Thread 0x00007f1fd0001000 Exception <a 'java/lang/reflect/InvocationTargetException'> (0x00000000eeabf5f0) thrown at [/build/openjdk-8-W1Ghxo/openjdk-8-8u91-b14/src/hotspot/src/share/vm/runtime/reflection.cpp, line 1092]

Events (10 events):
Event: 168,450 Thread 0x00007f2014316000 DEOPT UNPACKING pc=0x00007f2005004f69 sp=0x00007f1ffc73c660 mode 2
Event: 168,450 Thread 0x00007f2014316000 Uncommon trap: trap_request=0xffffffde fr.pc=0x00007f20059472a8
Event: 168,450 Thread 0x00007f2014316000 DEOPT PACKING pc=0x00007f20059472a8 sp=0x00007f1ffc73aff0
Event: 168,450 Thread 0x00007f2014316000 DEOPT UNPACKING pc=0x00007f2005004f69 sp=0x00007f1ffc73afd0 mode 2
Event: 168,450 Thread 0x00007f2014316000 Uncommon trap: trap_request=0xffffffde fr.pc=0x00007f2005945874
Event: 168,450 Thread 0x00007f2014316000 DEOPT PACKING pc=0x00007f2005945874 sp=0x00007f1ffc73af10
Event: 168,450 Thread 0x00007f2014316000 DEOPT UNPACKING pc=0x00007f2005004f69 sp=0x00007f1ffc73add8 mode 2
Event: 168,451 Thread 0x00007f1fd0001000 Uncommon trap: trap_request=0xffffffde fr.pc=0x00007f200593e1a4
Event: 168,451 Thread 0x00007f1fd0001000 DEOPT PACKING pc=0x00007f200593e1a4 sp=0x00007f1ffc121d10
Event: 168,451 Thread 0x00007f1fd0001000 DEOPT UNPACKING pc=0x00007f2005004f69 sp=0x00007f1ffc121b88 mode 2


Dynamic libraries:
00400000-00401000 r-xp 00000000 08:06 2233749                            /usr/lib/jvm/java-8-openjdk-amd64/jre/bin/java
00600000-00601000 r--p 00000000 08:06 2233749                            /usr/lib/jvm/java-8-openjdk-amd64/jre/bin/java
00601000-00602000 rw-p 00001000 08:06 2233749                            /usr/lib/jvm/java-8-openjdk-amd64/jre/bin/java
00ac9000-00b0c000 rw-p 00000000 00:00 0                                  [heap]
c9400000-cc080000 rw-p 00000000 00:00 0 
cc080000-edc00000 ---p 00000000 00:00 0 
edc00000-f7200000 rw-p 00000000 00:00 0 
f7200000-100000000 ---p 00000000 00:00 0 
100000000-100200000 rw-p 00000000 00:00 0 
100200000-140000000 ---p 00000000 00:00 0 
7f1fbcb6d000-7f1fbcc6d000 rw-s 13a231000 00:06 252                       /dev/dri/card0
7f1fbcc6d000-7f1fbcc70000 ---p 00000000 00:00 0 
7f1fbcc70000-7f1fbcd6e000 rw-p 00000000 00:00 0 
7f1fbcd6e000-7f1fbcd71000 ---p 00000000 00:00 0 
7f1fbcd71000-7f1fbce6f000 rw-p 00000000 00:00 0 
7f1fbce6f000-7f1fbce72000 ---p 00000000 00:00 0 
7f1fbce72000-7f1fbcf70000 rw-p 00000000 00:00 0 
7f1fbcf70000-7f1fbcf73000 ---p 00000000 00:00 0 
7f1fbcf73000-7f1fbd071000 rw-p 00000000 00:00 0 
7f1fbd071000-7f1fbd074000 ---p 00000000 00:00 0 
7f1fbd074000-7f1fbd332000 rw-p 00000000 00:00 0 
7f1fbd332000-7f1fbd375000 ---p 00000000 00:00 0 
7f1fbd375000-7f1fbd473000 rw-p 00000000 00:00 0 
7f1fbd47a000-7f1fbd47d000 ---p 00000000 00:00 0 
7f1fbd47d000-7f1fbd57b000 rw-p 00000000 00:00 0 
7f1fbd5e7000-7f1fbd5ea000 ---p 00000000 00:00 0 
7f1fbd5ea000-7f1fbd935000 rw-p 00000000 00:00 0 
7f1fbd9a8000-7f1fbd9ab000 ---p 00000000 00:00 0 
7f1fbd9ab000-7f1fbdaa9000 rw-p 00000000 00:00 0 
7f1fbdaa9000-7f1fbdaac000 ---p 00000000 00:00 0 
7f1fbdaac000-7f1fbde12000 rw-p 00000000 00:00 0 
7f1fbde12000-7f1fbde29000 r-xp 00000000 08:06 2757803                    /lib/x86_64-linux-gnu/libresolv-2.23.so
7f1fbde29000-7f1fbe029000 ---p 00017000 08:06 2757803                    /lib/x86_64-linux-gnu/libresolv-2.23.so
7f1fbe029000-7f1fbe02a000 r--p 00017000 08:06 2757803                    /lib/x86_64-linux-gnu/libresolv-2.23.so
7f1fbe02a000-7f1fbe02b000 rw-p 00018000 08:06 2757803                    /lib/x86_64-linux-gnu/libresolv-2.23.so
7f1fbe02b000-7f1fbe02d000 rw-p 00000000 00:00 0 
7f1fbe02d000-7f1fbe032000 r-xp 00000000 08:06 2757748                    /lib/x86_64-linux-gnu/libnss_dns-2.23.so
7f1fbe032000-7f1fbe232000 ---p 00005000 08:06 2757748                    /lib/x86_64-linux-gnu/libnss_dns-2.23.so
7f1fbe232000-7f1fbe233000 r--p 00005000 08:06 2757748                    /lib/x86_64-linux-gnu/libnss_dns-2.23.so
7f1fbe233000-7f1fbe234000 rw-p 00006000 08:06 2757748                    /lib/x86_64-linux-gnu/libnss_dns-2.23.so
7f1fbe234000-7f1fbe236000 r-xp 00000000 08:06 2757756                    /lib/x86_64-linux-gnu/libnss_mdns4_minimal.so.2
7f1fbe236000-7f1fbe435000 ---p 00002000 08:06 2757756                    /lib/x86_64-linux-gnu/libnss_mdns4_minimal.so.2
7f1fbe435000-7f1fbe436000 r--p 00001000 08:06 2757756                    /lib/x86_64-linux-gnu/libnss_mdns4_minimal.so.2
7f1fbe436000-7f1fbe437000 rw-p 00002000 08:06 2757756                    /lib/x86_64-linux-gnu/libnss_mdns4_minimal.so.2
7f1fbe441000-7f1fbe442000 rw-s 1475d7000 00:06 252                       /dev/dri/card0
7f1fbe4b9000-7f1fbe4bc000 ---p 00000000 00:00 0 
7f1fbe4bc000-7f1fbe7ba000 rw-p 00000000 00:00 0 
7f1fbe9b2000-7f1fbe9ba000 rw-s 12d109000 00:06 252                       /dev/dri/card0
7f1fbe9ba000-7f1fbe9bc000 r-xp 00000000 08:06 2237699                    /usr/lib/x86_64-linux-gnu/libXinerama.so.1.0.0
7f1fbe9bc000-7f1fbebbb000 ---p 00002000 08:06 2237699                    /usr/lib/x86_64-linux-gnu/libXinerama.so.1.0.0
7f1fbebbb000-7f1fbebbc000 r--p 00001000 08:06 2237699                    /usr/lib/x86_64-linux-gnu/libXinerama.so.1.0.0
7f1fbebbc000-7f1fbebbd000 rw-p 00002000 08:06 2237699                    /usr/lib/x86_64-linux-gnu/libXinerama.so.1.0.0
7f1fbebbd000-7f1fbebf4000 r-xp 00000000 08:06 2238861                    /usr/lib/x86_64-linux-gnu/libtxc_dxtn_s2tc.so.0.0.0
7f1fbebf4000-7f1fbedf3000 ---p 00037000 08:06 2238861                    /usr/lib/x86_64-linux-gnu/libtxc_dxtn_s2tc.so.0.0.0
7f1fbedf3000-7f1fbedf4000 r--p 00036000 08:06 2238861                    /usr/lib/x86_64-linux-gnu/libtxc_dxtn_s2tc.so.0.0.0
7f1fbedf4000-7f1fbedf5000 rw-p 00037000 08:06 2238861                    /usr/lib/x86_64-linux-gnu/libtxc_dxtn_s2tc.so.0.0.0
7f1fbedf5000-7f1fbedf6000 ---p 00000000 00:00 0 
7f1fbedf6000-7f1fbf5f6000 rw-p 00000000 00:00 0 
7f1fbf5f6000-7f1fbf609000 r-xp 00000000 08:06 2757647                    /lib/x86_64-linux-gnu/libbsd.so.0.8.2
7f1fbf609000-7f1fbf808000 ---p 00013000 08:06 2757647                    /lib/x86_64-linux-gnu/libbsd.so.0.8.2
7f1fbf808000-7f1fbf809000 r--p 00012000 08:06 2757647                    /lib/x86_64-linux-gnu/libbsd.so.0.8.2
7f1fbf809000-7f1fbf80a000 rw-p 00013000 08:06 2757647                    /lib/x86_64-linux-gnu/libbsd.so.0.8.2
7f1fbf80a000-7f1fbf80b000 rw-p 00000000 00:00 0 
7f1fbf80b000-7f1fbf830000 r-xp 00000000 08:06 2757823                    /lib/x86_64-linux-gnu/libtinfo.so.5.9
7f1fbf830000-7f1fbfa2f000 ---p 00025000 08:06 2757823                    /lib/x86_64-linux-gnu/libtinfo.so.5.9
7f1fbfa2f000-7f1fbfa33000 r--p 00024000 08:06 2757823                    /lib/x86_64-linux-gnu/libtinfo.so.5.9
7f1fbfa33000-7f1fbfa34000 rw-p 00028000 08:06 2757823                    /lib/x86_64-linux-gnu/libtinfo.so.5.9
7f1fbfa34000-7f1fbfa65000 r-xp 00000000 08:06 2238011                    /usr/lib/x86_64-linux-gnu/libedit.so.2.0.53
7f1fbfa65000-7f1fbfc65000 ---p 00031000 08:06 2238011                    /usr/lib/x86_64-linux-gnu/libedit.so.2.0.53
7f1fbfc65000-7f1fbfc67000 r--p 00031000 08:06 2238011                    /usr/lib/x86_64-linux-gnu/libedit.so.2.0.53
7f1fbfc67000-7f1fbfc68000 rw-p 00033000 08:06 2238011                    /usr/lib/x86_64-linux-gnu/libedit.so.2.0.53
7f1fbfc68000-7f1fbfc6c000 rw-p 00000000 00:00 0 
7f1fbfc6c000-7f1fc215e000 r-xp 00000000 08:06 2230406                    /usr/lib/x86_64-linux-gnu/libLLVM-3.8.so.1
7f1fc215e000-7f1fc235e000 ---p 024f2000 08:06 2230406                    /usr/lib/x86_64-linux-gnu/libLLVM-3.8.so.1
7f1fc235e000-7f1fc2613000 r--p 024f2000 08:06 2230406                    /usr/lib/x86_64-linux-gnu/libLLVM-3.8.so.1
7f1fc2613000-7f1fc2615000 rw-p 027a7000 08:06 2230406                    /usr/lib/x86_64-linux-gnu/libLLVM-3.8.so.1
7f1fc2615000-7f1fc263f000 rw-p 00000000 00:00 0 
7f1fc263f000-7f1fc2656000 r-xp 00000000 08:06 2238016                    /usr/lib/x86_64-linux-gnu/libelf-0.165.so
7f1fc2656000-7f1fc2855000 ---p 00017000 08:06 2238016                    /usr/lib/x86_64-linux-gnu/libelf-0.165.so
7f1fc2855000-7f1fc2856000 r--p 00016000 08:06 2238016                    /usr/lib/x86_64-linux-gnu/libelf-0.165.so
7f1fc2856000-7f1fc2857000 rw-p 00017000 08:06 2238016                    /usr/lib/x86_64-linux-gnu/libelf-0.165.so
7f1fc2857000-7f1fc285e000 r-xp 00000000 08:06 2229660                    /usr/lib/x86_64-linux-gnu/libdrm_amdgpu.so.1.0.0
7f1fc285e000-7f1fc2a5d000 ---p 00007000 08:06 2229660                    /usr/lib/x86_64-linux-gnu/libdrm_amdgpu.so.1.0.0
7f1fc2a5d000-7f1fc2a5e000 r--p 00006000 08:06 2229660                    /usr/lib/x86_64-linux-gnu/libdrm_amdgpu.so.1.0.0
7f1fc2a5e000-7f1fc2a5f000 rw-p 00007000 08:06 2229660                    /usr/lib/x86_64-linux-gnu/libdrm_amdgpu.so.1.0.0
7f1fc2a5f000-7f1fc2a6a000 r-xp 00000000 08:06 2229666                    /usr/lib/x86_64-linux-gnu/libdrm_radeon.so.1.0.1
7f1fc2a6a000-7f1fc2c69000 ---p 0000b000 08:06 2229666                    /usr/lib/x86_64-linux-gnu/libdrm_radeon.so.1.0.1
7f1fc2c69000-7f1fc2c6a000 r--p 0000a000 08:06 2229666                    /usr/lib/x86_64-linux-gnu/libdrm_radeon.so.1.0.1
7f1fc2c6a000-7f1fc2c6b000 rw-p 0000b000 08:06 2229666                    /usr/lib/x86_64-linux-gnu/libdrm_radeon.so.1.0.1
7f1fc2c6b000-7f1fc2c72000 r-xp 00000000 08:06 2229664                    /usr/lib/x86_64-linux-gnu/libdrm_nouveau.so.2.0.0
7f1fc2c72000-7f1fc2e71000 ---p 00007000 08:06 2229664                    /usr/lib/x86_64-linux-gnu/libdrm_nouveau.so.2.0.0
7f1fc2e71000-7f1fc2e72000 r--p 00006000 08:06 2229664                    /usr/lib/x86_64-linux-gnu/libdrm_nouveau.so.2.0.0
7f1fc2e72000-7f1fc2e73000 rw-p 00007000 08:06 2229664                    /usr/lib/x86_64-linux-gnu/libdrm_nouveau.so.2.0.0
7f1fc2e73000-7f1fc373a000 r-xp 00000000 08:06 2493203                    /usr/lib/x86_64-linux-gnu/dri/r600_dri.so
7f1fc373a000-7f1fc3939000 ---p 008c7000 08:06 2493203                    /usr/lib/x86_64-linux-gnu/dri/r600_dri.so
7f1fc3939000-7f1fc39ad000 r--p 008c6000 08:06 2493203                    /usr/lib/x86_64-linux-gnu/dri/r600_dri.so
7f1fc39ad000-7f1fc39bc000 rw-p 0093a000 08:06 2493203                    /usr/lib/x86_64-linux-gnu/dri/r600_dri.so
7f1fc39bc000-7f1fc3bb2000 rw-p 00000000 00:00 0 
7f1fc3bb2000-7f1fc3bb8000 r-xp 00000000 08:06 2491604                    /usr/lib/x86_64-linux-gnu/mesa-egl/libGLESv2.so.2.0.0
7f1fc3bb8000-7f1fc3db8000 ---p 00006000 08:06 2491604                    /usr/lib/x86_64-linux-gnu/mesa-egl/libGLESv2.so.2.0.0
7f1fc3db8000-7f1fc3db9000 r--p 00006000 08:06 2491604                    /usr/lib/x86_64-linux-gnu/mesa-egl/libGLESv2.so.2.0.0
7f1fc3db9000-7f1fc3dba000 rw-p 00007000 08:06 2491604                    /usr/lib/x86_64-linux-gnu/mesa-egl/libGLESv2.so.2.0.0
7f1fc3dba000-7f1fc3dff000 r-xp 00000000 08:06 2097194                    /tmp/jogamp_0000/file_cache/jln5233173855308588544/jln8916262855570795760/libjogl_mobile.so
7f1fc3dff000-7f1fc3fff000 ---p 00045000 08:06 2097194                    /tmp/jogamp_0000/file_cache/jln5233173855308588544/jln8916262855570795760/libjogl_mobile.so
7f1fc3fff000-7f1fc4000000 rw-p 00045000 08:06 2097194                    /tmp/jogamp_0000/file_cache/jln5233173855308588544/jln8916262855570795760/libjogl_mobile.so
7f1fc4000000-7f1fc405b000 rw-p 00000000 00:00 0 
7f1fc405b000-7f1fc8000000 ---p 00000000 00:00 0 
7f1fc8000000-7f1fc8001000 rw-s 1475d6000 00:06 252                       /dev/dri/card0
7f1fc8007000-7f1fc802d000 rw-s 12d0e3000 00:06 252                       /dev/dri/card0
7f1fc80c2000-7f1fc80cd000 r--s 00000000 08:06 926427                     /var/cache/fontconfig/945677eb7aeaf62f1d50efc3fb3ec7d8-le64.cache-6
7f1fc80cd000-7f1fc80d3000 r--s 00000000 08:06 926425                     /var/cache/fontconfig/2cd17615ca594fa2959ae173292e504c-le64.cache-6
7f1fc80d3000-7f1fc80d4000 r--s 00000000 08:06 926424                     /var/cache/fontconfig/0d8c3b2ac0904cb8a57a757ad11a4a08-le64.cache-6
7f1fc80d4000-7f1fc80e9000 r--s 00000000 08:06 926404                     /var/cache/fontconfig/04aabc0a78ac019cf9454389977116d2-le64.cache-6
7f1fc80e9000-7f1fc80ed000 r--s 00000000 08:06 926422                     /var/cache/fontconfig/385c0604a188198f04d133e54aba7fe7-le64.cache-6
7f1fc80ed000-7f1fc80f0000 r--s 00000000 08:06 926420                     /var/cache/fontconfig/767a8244fc0220cfb567a839d0392e0b-le64.cache-6
7f1fc80f0000-7f1fc80f5000 r--s 00000000 08:06 926418                     /var/cache/fontconfig/8801497958630a81b71ace7c5f9b32a8-le64.cache-6
7f1fc80f5000-7f1fc80fc000 r--s 00000000 08:06 926416                     /var/cache/fontconfig/3047814df9a2f067bd2d96a2b9c36e5a-le64.cache-6
7f1fc80fc000-7f1fc8103000 r-xp 00000000 08:06 2238059                    /usr/lib/x86_64-linux-gnu/libffi.so.6.0.4
7f1fc8103000-7f1fc8302000 ---p 00007000 08:06 2238059                    /usr/lib/x86_64-linux-gnu/libffi.so.6.0.4
7f1fc8302000-7f1fc8303000 r--p 00006000 08:06 2238059                    /usr/lib/x86_64-linux-gnu/libffi.so.6.0.4
7f1fc8303000-7f1fc8304000 rw-p 00007000 08:06 2238059                    /usr/lib/x86_64-linux-gnu/libffi.so.6.0.4
7f1fc8304000-7f1fc8310000 r-xp 00000000 08:06 2228798                    /usr/lib/x86_64-linux-gnu/libgbm.so.1.0.0
7f1fc8310000-7f1fc8510000 ---p 0000c000 08:06 2228798                    /usr/lib/x86_64-linux-gnu/libgbm.so.1.0.0
7f1fc8510000-7f1fc8511000 r--p 0000c000 08:06 2228798                    /usr/lib/x86_64-linux-gnu/libgbm.so.1.0.0
7f1fc8511000-7f1fc8512000 rw-p 0000d000 08:06 2228798                    /usr/lib/x86_64-linux-gnu/libgbm.so.1.0.0
7f1fc8512000-7f1fc8521000 r-xp 00000000 08:06 2238952                    /usr/lib/x86_64-linux-gnu/libwayland-server.so.0.1.0
7f1fc8521000-7f1fc8720000 ---p 0000f000 08:06 2238952                    /usr/lib/x86_64-linux-gnu/libwayland-server.so.0.1.0
7f1fc8720000-7f1fc8722000 r--p 0000e000 08:06 2238952                    /usr/lib/x86_64-linux-gnu/libwayland-server.so.0.1.0
7f1fc8722000-7f1fc8723000 rw-p 00010000 08:06 2238952                    /usr/lib/x86_64-linux-gnu/libwayland-server.so.0.1.0
7f1fc8723000-7f1fc872f000 r-xp 00000000 08:06 2238946                    /usr/lib/x86_64-linux-gnu/libwayland-client.so.0.3.0
7f1fc872f000-7f1fc892e000 ---p 0000c000 08:06 2238946                    /usr/lib/x86_64-linux-gnu/libwayland-client.so.0.3.0
7f1fc892e000-7f1fc8930000 r--p 0000b000 08:06 2238946                    /usr/lib/x86_64-linux-gnu/libwayland-client.so.0.3.0
7f1fc8930000-7f1fc8931000 rw-p 0000d000 08:06 2238946                    /usr/lib/x86_64-linux-gnu/libwayland-client.so.0.3.0
7f1fc8931000-7f1fc8937000 r-xp 00000000 08:06 2239050                    /usr/lib/x86_64-linux-gnu/libxcb-xfixes.so.0.0.0
7f1fc8937000-7f1fc8b37000 ---p 00006000 08:06 2239050                    /usr/lib/x86_64-linux-gnu/libxcb-xfixes.so.0.0.0
7f1fc8b37000-7f1fc8b38000 r--p 00006000 08:06 2239050                    /usr/lib/x86_64-linux-gnu/libxcb-xfixes.so.0.0.0
7f1fc8b38000-7f1fc8b39000 rw-p 00007000 08:06 2239050                    /usr/lib/x86_64-linux-gnu/libxcb-xfixes.so.0.0.0
7f1fc8b39000-7f1fc8b69000 r-xp 00000000 08:06 2493233                    /usr/lib/x86_64-linux-gnu/mesa-egl/libEGL.so.1.0.0
7f1fc8b69000-7f1fc8d69000 ---p 00030000 08:06 2493233                    /usr/lib/x86_64-linux-gnu/mesa-egl/libEGL.so.1.0.0
7f1fc8d69000-7f1fc8d6a000 r--p 00030000 08:06 2493233                    /usr/lib/x86_64-linux-gnu/mesa-egl/libEGL.so.1.0.0
7f1fc8d6a000-7f1fc8d6b000 rw-p 00031000 08:06 2493233                    /usr/lib/x86_64-linux-gnu/mesa-egl/libEGL.so.1.0.0
7f1fc8d6b000-7f1fc8e10000 r-xp 00000000 08:06 2097189                    /tmp/jogamp_0000/file_cache/jln5233173855308588544/jln8916262855570795760/libjogl_desktop.so
7f1fc8e10000-7f1fc9010000 ---p 000a5000 08:06 2097189                    /tmp/jogamp_0000/file_cache/jln5233173855308588544/jln8916262855570795760/libjogl_desktop.so
7f1fc9010000-7f1fc9011000 rw-p 000a5000 08:06 2097189                    /tmp/jogamp_0000/file_cache/jln5233173855308588544/jln8916262855570795760/libjogl_desktop.so
7f1fc9011000-7f1fc901f000 r-xp 00000000 08:06 2228334                    /usr/lib/x86_64-linux-gnu/libdrm.so.2.4.0
7f1fc901f000-7f1fc921e000 ---p 0000e000 08:06 2228334                    /usr/lib/x86_64-linux-gnu/libdrm.so.2.4.0
7f1fc921e000-7f1fc921f000 r--p 0000d000 08:06 2228334                    /usr/lib/x86_64-linux-gnu/libdrm.so.2.4.0
7f1fc921f000-7f1fc9220000 rw-p 0000e000 08:06 2228334                    /usr/lib/x86_64-linux-gnu/libdrm.so.2.4.0
7f1fc9220000-7f1fc9224000 r-xp 00000000 08:06 2239022                    /usr/lib/x86_64-linux-gnu/libxcb-dri2.so.0.0.0
7f1fc9224000-7f1fc9423000 ---p 00004000 08:06 2239022                    /usr/lib/x86_64-linux-gnu/libxcb-dri2.so.0.0.0
7f1fc9423000-7f1fc9424000 r--p 00003000 08:06 2239022                    /usr/lib/x86_64-linux-gnu/libxcb-dri2.so.0.0.0
7f1fc9424000-7f1fc9425000 rw-p 00004000 08:06 2239022                    /usr/lib/x86_64-linux-gnu/libxcb-dri2.so.0.0.0
7f1fc9425000-7f1fc943c000 r-xp 00000000 08:06 2239026                    /usr/lib/x86_64-linux-gnu/libxcb-glx.so.0.0.0
7f1fc943c000-7f1fc963b000 ---p 00017000 08:06 2239026                    /usr/lib/x86_64-linux-gnu/libxcb-glx.so.0.0.0
7f1fc963b000-7f1fc963d000 r--p 00016000 08:06 2239026                    /usr/lib/x86_64-linux-gnu/libxcb-glx.so.0.0.0
7f1fc963d000-7f1fc963e000 rw-p 00018000 08:06 2239026                    /usr/lib/x86_64-linux-gnu/libxcb-glx.so.0.0.0
7f1fc963e000-7f1fc963f000 r-xp 00000000 08:06 2237670                    /usr/lib/x86_64-linux-gnu/libX11-xcb.so.1.0.0
7f1fc963f000-7f1fc983e000 ---p 00001000 08:06 2237670                    /usr/lib/x86_64-linux-gnu/libX11-xcb.so.1.0.0
7f1fc983e000-7f1fc983f000 r--p 00000000 08:06 2237670                    /usr/lib/x86_64-linux-gnu/libX11-xcb.so.1.0.0
7f1fc983f000-7f1fc9840000 rw-p 00001000 08:06 2237670                    /usr/lib/x86_64-linux-gnu/libX11-xcb.so.1.0.0
7f1fc9840000-7f1fc9842000 r-xp 00000000 08:06 2237685                    /usr/lib/x86_64-linux-gnu/libXdamage.so.1.1.0
7f1fc9842000-7f1fc9a41000 ---p 00002000 08:06 2237685                    /usr/lib/x86_64-linux-gnu/libXdamage.so.1.1.0
7f1fc9a41000-7f1fc9a42000 r--p 00001000 08:06 2237685                    /usr/lib/x86_64-linux-gnu/libXdamage.so.1.1.0
7f1fc9a42000-7f1fc9a43000 rw-p 00002000 08:06 2237685                    /usr/lib/x86_64-linux-gnu/libXdamage.so.1.1.0
7f1fc9a43000-7f1fc9a6c000 r-xp 00000000 08:06 2230410                    /usr/lib/x86_64-linux-gnu/libglapi.so.0.0.0
7f1fc9a6c000-7f1fc9c6b000 ---p 00029000 08:06 2230410                    /usr/lib/x86_64-linux-gnu/libglapi.so.0.0.0
7f1fc9c6b000-7f1fc9c6f000 r--p 00028000 08:06 2230410                    /usr/lib/x86_64-linux-gnu/libglapi.so.0.0.0
7f1fc9c6f000-7f1fc9c70000 rw-p 0002c000 08:06 2230410                    /usr/lib/x86_64-linux-gnu/libglapi.so.0.0.0
7f1fc9c70000-7f1fc9c71000 rw-p 00000000 00:00 0 
7f1fc9c71000-7f1fc9c72000 r-xp 00000000 08:06 2239066                    /usr/lib/x86_64-linux-gnu/libxshmfence.so.1.0.0
7f1fc9c72000-7f1fc9e72000 ---p 00001000 08:06 2239066                    /usr/lib/x86_64-linux-gnu/libxshmfence.so.1.0.0
7f1fc9e72000-7f1fc9e73000 r--p 00001000 08:06 2239066                    /usr/lib/x86_64-linux-gnu/libxshmfence.so.1.0.0
7f1fc9e73000-7f1fc9e74000 rw-p 00002000 08:06 2239066                    /usr/lib/x86_64-linux-gnu/libxshmfence.so.1.0.0
7f1fc9e74000-7f1fc9e79000 r-xp 00000000 08:06 2239046                    /usr/lib/x86_64-linux-gnu/libxcb-sync.so.1.0.0
7f1fc9e79000-7f1fca079000 ---p 00005000 08:06 2239046                    /usr/lib/x86_64-linux-gnu/libxcb-sync.so.1.0.0
7f1fca079000-7f1fca07a000 r--p 00005000 08:06 2239046                    /usr/lib/x86_64-linux-gnu/libxcb-sync.so.1.0.0
7f1fca07a000-7f1fca07b000 rw-p 00006000 08:06 2239046                    /usr/lib/x86_64-linux-gnu/libxcb-sync.so.1.0.0
7f1fca07b000-7f1fca07d000 r-xp 00000000 08:06 2239034                    /usr/lib/x86_64-linux-gnu/libxcb-present.so.0.0.0
7f1fca07d000-7f1fca27c000 ---p 00002000 08:06 2239034                    /usr/lib/x86_64-linux-gnu/libxcb-present.so.0.0.0
7f1fca27c000-7f1fca27d000 r--p 00001000 08:06 2239034                    /usr/lib/x86_64-linux-gnu/libxcb-present.so.0.0.0
7f1fca27d000-7f1fca27e000 rw-p 00002000 08:06 2239034                    /usr/lib/x86_64-linux-gnu/libxcb-present.so.0.0.0
7f1fca27e000-7f1fca280000 r-xp 00000000 08:06 2239024                    /usr/lib/x86_64-linux-gnu/libxcb-dri3.so.0.0.0
7f1fca280000-7f1fca47f000 ---p 00002000 08:06 2239024                    /usr/lib/x86_64-linux-gnu/libxcb-dri3.so.0.0.0
7f1fca47f000-7f1fca480000 r--p 00001000 08:06 2239024                    /usr/lib/x86_64-linux-gnu/libxcb-dri3.so.0.0.0
7f1fca480000-7f1fca481000 rw-p 00002000 08:06 2239024                    /usr/lib/x86_64-linux-gnu/libxcb-dri3.so.0.0.0
7f1fca481000-7f1fca4a7000 r-xp 00000000 08:06 2757682                    /lib/x86_64-linux-gnu/libexpat.so.1.6.0
7f1fca4a7000-7f1fca6a7000 ---p 00026000 08:06 2757682                    /lib/x86_64-linux-gnu/libexpat.so.1.6.0
7f1fca6a7000-7f1fca6a9000 r--p 00026000 08:06 2757682                    /lib/x86_64-linux-gnu/libexpat.so.1.6.0
7f1fca6a9000-7f1fca6aa000 rw-p 00028000 08:06 2757682                    /lib/x86_64-linux-gnu/libexpat.so.1.6.0
7f1fca6aa000-7f1fca717000 r-xp 00000000 08:06 2490943                    /usr/lib/x86_64-linux-gnu/mesa/libGL.so.1.2.0
7f1fca717000-7f1fca916000 ---p 0006d000 08:06 2490943                    /usr/lib/x86_64-linux-gnu/mesa/libGL.so.1.2.0
7f1fca916000-7f1fca919000 r--p 0006c000 08:06 2490943                    /usr/lib/x86_64-linux-gnu/mesa/libGL.so.1.2.0
7f1fca919000-7f1fca91a000 rw-p 0006f000 08:06 2490943                    /usr/lib/x86_64-linux-gnu/mesa/libGL.so.1.2.0
7f1fca91a000-7f1fcab1b000 rw-p 00000000 00:00 0 
7f1fcab1b000-7f1fcad1b000 rw-p 00000000 00:00 0 
7f1fcad1b000-7f1fcad1c000 r--s 00000000 08:06 926423                     /var/cache/fontconfig/1ac9eb803944fde146138c791f5cc56a-le64.cache-6
7f1fcad1c000-7f1fcad1d000 r--s 00000000 08:06 926421                     /var/cache/fontconfig/dc05db6664285cc2f12bf69c139ae4c3-le64.cache-6
7f1fcad1d000-7f1fcad1e000 r--s 00000000 08:06 926419                     /var/cache/fontconfig/4794a0821666d79190d59a36cb4f44b5-le64.cache-6
7f1fcad1e000-7f1fcad1f000 r--s 00000000 08:06 926417                     /var/cache/fontconfig/bab58bb527bb656aaa9f116d68a48d89-le64.cache-6
7f1fcad1f000-7f1fcad20000 r--s 00000000 08:06 926415                     /var/cache/fontconfig/56cf4f4769d0f4abc89a4895d7bd3ae1-le64.cache-6
7f1fcad20000-7f1fcad21000 r--s 00000000 08:06 926414                     /var/cache/fontconfig/b9d506c9ac06c20b433354fa67a72993-le64.cache-6
7f1fcad21000-7f1fcad27000 r--s 00000000 08:06 926413                     /var/cache/fontconfig/b47c4e1ecd0709278f4910c18777a504-le64.cache-6
7f1fcad27000-7f1fcad3a000 r--s 00000000 08:06 926412                     /var/cache/fontconfig/d52a8644073d54c13679302ca1180695-le64.cache-6
7f1fcad3a000-7f1fcad45000 r--s 00000000 08:06 926743                     /var/cache/fontconfig/d589a48862398ed80a3d6066f4f56f4c-le64.cache-6
7f1fcad45000-7f1fcad48000 r--s 00000000 08:06 926406                     /var/cache/fontconfig/75114ca45c98e8a441da0ff356701271-le64.cache-6
7f1fcad48000-7f1fcad53000 r--s 00000000 08:06 926405                     /var/cache/fontconfig/83bf95040141907cd45bb53cf7c1c148-le64.cache-6
7f1fcad53000-7f1fcad65000 r--s 00000000 08:06 923280                     /var/cache/fontconfig/9b89f8e3dae116d678bbf48e5f21f69b-le64.cache-6
7f1fcad65000-7f1fcad68000 r--s 00000000 08:06 923238                     /var/cache/fontconfig/e13b20fdb08344e0e664864cc2ede53d-le64.cache-6
7f1fcad68000-7f1fcad6c000 r--s 00000000 08:06 923258                     /var/cache/fontconfig/7ef2298fde41cc6eeb7af42e48b7d293-le64.cache-6
7f1fcadd8000-7f1fcaddf000 r-xp 00000000 08:06 2097196                    /tmp/jogamp_0000/file_cache/jln5233173855308588544/jln8916262855570795760/libnativewindow_x11.so
7f1fcaddf000-7f1fcafde000 ---p 00007000 08:06 2097196                    /tmp/jogamp_0000/file_cache/jln5233173855308588544/jln8916262855570795760/libnativewindow_x11.so
7f1fcafde000-7f1fcafdf000 rw-p 00006000 08:06 2097196                    /tmp/jogamp_0000/file_cache/jln5233173855308588544/jln8916262855570795760/libnativewindow_x11.so
7f1fcafdf000-7f1fcafe4000 r-xp 00000000 08:06 2237725                    /usr/lib/x86_64-linux-gnu/libXxf86vm.so.1.0.0
7f1fcafe4000-7f1fcb1e3000 ---p 00005000 08:06 2237725                    /usr/lib/x86_64-linux-gnu/libXxf86vm.so.1.0.0
7f1fcb1e3000-7f1fcb1e4000 r--p 00004000 08:06 2237725                    /usr/lib/x86_64-linux-gnu/libXxf86vm.so.1.0.0
7f1fcb1e4000-7f1fcb1e5000 rw-p 00005000 08:06 2237725                    /usr/lib/x86_64-linux-gnu/libXxf86vm.so.1.0.0
7f1fcb1e5000-7f1fcb1e7000 r-xp 00000000 08:06 2097195                    /tmp/jogamp_0000/file_cache/jln5233173855308588544/jln8916262855570795760/libnativewindow_awt.so
7f1fcb1e7000-7f1fcb3e6000 ---p 00002000 08:06 2097195                    /tmp/jogamp_0000/file_cache/jln5233173855308588544/jln8916262855570795760/libnativewindow_awt.so
7f1fcb3e6000-7f1fcb3e7000 rw-p 00001000 08:06 2097195                    /tmp/jogamp_0000/file_cache/jln5233173855308588544/jln8916262855570795760/libnativewindow_awt.so
7f1fcb3e7000-7f1fcb3e8000 r-xp 00000000 08:06 2245058                    /usr/lib/jvm/java-8-openjdk-amd64/jre/lib/amd64/libjawt.so
7f1fcb3e8000-7f1fcb5e7000 ---p 00001000 08:06 2245058                    /usr/lib/jvm/java-8-openjdk-amd64/jre/lib/amd64/libjawt.so
7f1fcb5e7000-7f1fcb5e8000 r--p 00000000 08:06 2245058                    /usr/lib/jvm/java-8-openjdk-amd64/jre/lib/amd64/libjawt.so
7f1fcb5e8000-7f1fcb5e9000 rw-p 00001000 08:06 2245058                    /usr/lib/jvm/java-8-openjdk-amd64/jre/lib/amd64/libjawt.so
7f1fcb5e9000-7f1fcb5eb000 r-xp 00000000 08:06 2097183                    /tmp/jogamp_0000/file_cache/jln5233173855308588544/jln8916262855570795760/libgluegen-rt.so
7f1fcb5eb000-7f1fcb7ea000 ---p 00002000 08:06 2097183                    /tmp/jogamp_0000/file_cache/jln5233173855308588544/jln8916262855570795760/libgluegen-rt.so
7f1fcb7ea000-7f1fcb7eb000 rw-p 00001000 08:06 2097183                    /tmp/jogamp_0000/file_cache/jln5233173855308588544/jln8916262855570795760/libgluegen-rt.so
7f1fcb7eb000-7f1fcb7ee000 ---p 00000000 00:00 0 
7f1fcb7ee000-7f1fcbaec000 rw-p 00000000 00:00 0 
7f1fcbaec000-7f1fcbaef000 ---p 00000000 00:00 0 
7f1fcbaef000-7f1fcbded000 rw-p 00000000 00:00 0 
7f1fcbded000-7f1fcbdfe000 r-xp 00000000 08:06 2245069                    /usr/lib/jvm/java-8-openjdk-amd64/jre/lib/amd64/libnio.so
7f1fcbdfe000-7f1fcbffe000 ---p 00011000 08:06 2245069                    /usr/lib/jvm/java-8-openjdk-amd64/jre/lib/amd64/libnio.so
7f1fcbffe000-7f1fcbfff000 r--p 00011000 08:06 2245069                    /usr/lib/jvm/java-8-openjdk-amd64/jre/lib/amd64/libnio.so
7f1fcbfff000-7f1fcc000000 rw-p 00012000 08:06 2245069                    /usr/lib/jvm/java-8-openjdk-amd64/jre/lib/amd64/libnio.so
7f1fcc000000-7f1fcc5da000 rw-p 00000000 00:00 0 
7f1fcc5da000-7f1fd0000000 ---p 00000000 00:00 0 
7f1fd0000000-7f1fd0f3f000 rw-p 00000000 00:00 0 
7f1fd0f3f000-7f1fd4000000 ---p 00000000 00:00 0 
7f1fd4000000-7f1fd40a7000 rw-p 00000000 00:00 0 
7f1fd40a7000-7f1fd8000000 ---p 00000000 00:00 0 
7f1fd8000000-7f1fd80b4000 rw-p 00000000 00:00 0 
7f1fd80b4000-7f1fdc000000 ---p 00000000 00:00 0 
7f1fdc000000-7f1fdc606000 rw-p 00000000 00:00 0 
7f1fdc606000-7f1fe0000000 ---p 00000000 00:00 0 
7f1fe0000000-7f1fe023b000 rw-p 00000000 00:00 0 
7f1fe023b000-7f1fe4000000 ---p 00000000 00:00 0 
7f1fe4000000-7f1fe4021000 rw-p 00000000 00:00 0 
7f1fe4021000-7f1fe8000000 ---p 00000000 00:00 0 
7f1fe8000000-7f1fe916e000 rw-p 00000000 00:00 0 
7f1fe916e000-7f1fec000000 ---p 00000000 00:00 0 
7f1fec000000-7f1fec021000 rw-p 00000000 00:00 0 
7f1fec021000-7f1ff0000000 ---p 00000000 00:00 0 
7f1ff0000000-7f1ff0021000 rw-p 00000000 00:00 0 
7f1ff0021000-7f1ff4000000 ---p 00000000 00:00 0 
7f1ff4000000-7f1ff4138000 rw-p 00000000 00:00 0 
7f1ff4138000-7f1ff8000000 ---p 00000000 00:00 0 
7f1ff8000000-7f1ff802c000 rw-p 00000000 00:00 0 
7f1ff802c000-7f1ffc000000 ---p 00000000 00:00 0 
7f1ffc000000-7f1ffc001000 r--s 00000000 08:06 926411                     /var/cache/fontconfig/551ecf3b0e8b0bca0f25c0944f561853-le64.cache-6
7f1ffc023000-7f1ffc026000 ---p 00000000 00:00 0 
7f1ffc026000-7f1ffc425000 rw-p 00000000 00:00 0 
7f1ffc425000-7f1ffc43c000 r-xp 00000000 08:06 2245045                    /usr/lib/jvm/java-8-openjdk-amd64/jre/lib/amd64/libnet.so
7f1ffc43c000-7f1ffc63b000 ---p 00017000 08:06 2245045                    /usr/lib/jvm/java-8-openjdk-amd64/jre/lib/amd64/libnet.so
7f1ffc63b000-7f1ffc63c000 r--p 00016000 08:06 2245045                    /usr/lib/jvm/java-8-openjdk-amd64/jre/lib/amd64/libnet.so
7f1ffc63c000-7f1ffc63d000 rw-p 00017000 08:06 2245045                    /usr/lib/jvm/java-8-openjdk-amd64/jre/lib/amd64/libnet.so
7f1ffc63d000-7f1ffc640000 ---p 00000000 00:00 0 
7f1ffc640000-7f1ffc73e000 rw-p 00000000 00:00 0 
7f1ffc73e000-7f1ffc741000 ---p 00000000 00:00 0 
7f1ffc741000-7f1ffc83f000 rw-p 00000000 00:00 0 
7f1ffc83f000-7f1ffc842000 ---p 00000000 00:00 0 
7f1ffc842000-7f1ffc940000 rw-p 00000000 00:00 0 
7f1ffc940000-7f1ffc943000 ---p 00000000 00:00 0 
7f1ffc943000-7f1ffca41000 rw-p 00000000 00:00 0 
7f1ffca41000-7f1ffca46000 r-xp 00000000 08:06 2237691                    /usr/lib/x86_64-linux-gnu/libXfixes.so.3.1.0
7f1ffca46000-7f1ffcc45000 ---p 00005000 08:06 2237691                    /usr/lib/x86_64-linux-gnu/libXfixes.so.3.1.0
7f1ffcc45000-7f1ffcc46000 r--p 00004000 08:06 2237691                    /usr/lib/x86_64-linux-gnu/libXfixes.so.3.1.0
7f1ffcc46000-7f1ffcc47000 rw-p 00005000 08:06 2237691                    /usr/lib/x86_64-linux-gnu/libXfixes.so.3.1.0
7f1ffcc47000-7f1ffcc50000 r-xp 00000000 08:06 2237683                    /usr/lib/x86_64-linux-gnu/libXcursor.so.1.0.2
7f1ffcc50000-7f1ffce4f000 ---p 00009000 08:06 2237683                    /usr/lib/x86_64-linux-gnu/libXcursor.so.1.0.2
7f1ffce4f000-7f1ffce50000 r--p 00008000 08:06 2237683                    /usr/lib/x86_64-linux-gnu/libXcursor.so.1.0.2
7f1ffce50000-7f1ffce51000 rw-p 00009000 08:06 2237683                    /usr/lib/x86_64-linux-gnu/libXcursor.so.1.0.2
7f1ffce51000-7f1ffce54000 ---p 00000000 00:00 0 
7f1ffce54000-7f1ffcf52000 rw-p 00000000 00:00 0 
7f1ffcf52000-7f1ffcf76000 r-xp 00000000 08:06 2757792                    /lib/x86_64-linux-gnu/libpng12.so.0.54.0
7f1ffcf76000-7f1ffd175000 ---p 00024000 08:06 2757792                    /lib/x86_64-linux-gnu/libpng12.so.0.54.0
7f1ffd175000-7f1ffd176000 r--p 00023000 08:06 2757792                    /lib/x86_64-linux-gnu/libpng12.so.0.54.0
7f1ffd176000-7f1ffd177000 rw-p 00024000 08:06 2757792                    /lib/x86_64-linux-gnu/libpng12.so.0.54.0
7f1ffd177000-7f1ffd21b000 r-xp 00000000 08:06 2238107                    /usr/lib/x86_64-linux-gnu/libfreetype.so.6.12.1
7f1ffd21b000-7f1ffd41a000 ---p 000a4000 08:06 2238107                    /usr/lib/x86_64-linux-gnu/libfreetype.so.6.12.1
7f1ffd41a000-7f1ffd420000 r--p 000a3000 08:06 2238107                    /usr/lib/x86_64-linux-gnu/libfreetype.so.6.12.1
7f1ffd420000-7f1ffd421000 rw-p 000a9000 08:06 2238107                    /usr/lib/x86_64-linux-gnu/libfreetype.so.6.12.1
7f1ffd421000-7f1ffd473000 r-xp 00000000 08:06 2245043                    /usr/lib/jvm/java-8-openjdk-amd64/jre/lib/amd64/libfontmanager.so
7f1ffd473000-7f1ffd673000 ---p 00052000 08:06 2245043                    /usr/lib/jvm/java-8-openjdk-amd64/jre/lib/amd64/libfontmanager.so
7f1ffd673000-7f1ffd675000 r--p 00052000 08:06 2245043                    /usr/lib/jvm/java-8-openjdk-amd64/jre/lib/amd64/libfontmanager.so
7f1ffd675000-7f1ffd676000 rw-p 00054000 08:06 2245043                    /usr/lib/jvm/java-8-openjdk-amd64/jre/lib/amd64/libfontmanager.so
7f1ffd676000-7f1ffd67b000 r-xp 00000000 08:06 2237687                    /usr/lib/x86_64-linux-gnu/libXdmcp.so.6.0.0
7f1ffd67b000-7f1ffd87a000 ---p 00005000 08:06 2237687                    /usr/lib/x86_64-linux-gnu/libXdmcp.so.6.0.0
7f1ffd87a000-7f1ffd87b000 r--p 00004000 08:06 2237687                    /usr/lib/x86_64-linux-gnu/libXdmcp.so.6.0.0
7f1ffd87b000-7f1ffd87c000 rw-p 00005000 08:06 2237687                    /usr/lib/x86_64-linux-gnu/libXdmcp.so.6.0.0
7f1ffd87c000-7f1ffd87e000 r-xp 00000000 08:06 2237676                    /usr/lib/x86_64-linux-gnu/libXau.so.6.0.0
7f1ffd87e000-7f1ffda7e000 ---p 00002000 08:06 2237676                    /usr/lib/x86_64-linux-gnu/libXau.so.6.0.0
7f1ffda7e000-7f1ffda7f000 r--p 00002000 08:06 2237676                    /usr/lib/x86_64-linux-gnu/libXau.so.6.0.0
7f1ffda7f000-7f1ffda80000 rw-p 00003000 08:06 2237676                    /usr/lib/x86_64-linux-gnu/libXau.so.6.0.0
7f1ffda80000-7f1ffdaa1000 r-xp 00000000 08:06 2239054                    /usr/lib/x86_64-linux-gnu/libxcb.so.1.1.0
7f1ffdaa1000-7f1ffdca0000 ---p 00021000 08:06 2239054                    /usr/lib/x86_64-linux-gnu/libxcb.so.1.1.0
7f1ffdca0000-7f1ffdca1000 r--p 00020000 08:06 2239054                    /usr/lib/x86_64-linux-gnu/libxcb.so.1.1.0
7f1ffdca1000-7f1ffdca2000 rw-p 00021000 08:06 2239054                    /usr/lib/x86_64-linux-gnu/libxcb.so.1.1.0
7f1ffdca2000-7f1ffdcb1000 r-xp 00000000 08:06 2237697                    /usr/lib/x86_64-linux-gnu/libXi.so.6.1.0
7f1ffdcb1000-7f1ffdeb0000 ---p 0000f000 08:06 2237697                    /usr/lib/x86_64-linux-gnu/libXi.so.6.1.0
7f1ffdeb0000-7f1ffdeb1000 r--p 0000e000 08:06 2237697                    /usr/lib/x86_64-linux-gnu/libXi.so.6.1.0
7f1ffdeb1000-7f1ffdeb2000 rw-p 0000f000 08:06 2237697                    /usr/lib/x86_64-linux-gnu/libXi.so.6.1.0
7f1ffdeb2000-7f1ffdeb7000 r-xp 00000000 08:06 2237715                    /usr/lib/x86_64-linux-gnu/libXtst.so.6.1.0
7f1ffdeb7000-7f1ffe0b6000 ---p 00005000 08:06 2237715                    /usr/lib/x86_64-linux-gnu/libXtst.so.6.1.0
7f1ffe0b6000-7f1ffe0b7000 r--p 00004000 08:06 2237715                    /usr/lib/x86_64-linux-gnu/libXtst.so.6.1.0
7f1ffe0b7000-7f1ffe0b8000 rw-p 00005000 08:06 2237715                    /usr/lib/x86_64-linux-gnu/libXtst.so.6.1.0
7f1ffe0b8000-7f1ffe0c1000 r-xp 00000000 08:06 2237709                    /usr/lib/x86_64-linux-gnu/libXrender.so.1.3.0
7f1ffe0c1000-7f1ffe2c0000 ---p 00009000 08:06 2237709                    /usr/lib/x86_64-linux-gnu/libXrender.so.1.3.0
7f1ffe2c0000-7f1ffe2c1000 r--p 00008000 08:06 2237709                    /usr/lib/x86_64-linux-gnu/libXrender.so.1.3.0
7f1ffe2c1000-7f1ffe2c2000 rw-p 00009000 08:06 2237709                    /usr/lib/x86_64-linux-gnu/libXrender.so.1.3.0
7f1ffe2c2000-7f1ffe3f7000 r-xp 00000000 08:06 2237672                    /usr/lib/x86_64-linux-gnu/libX11.so.6.3.0
7f1ffe3f7000-7f1ffe5f7000 ---p 00135000 08:06 2237672                    /usr/lib/x86_64-linux-gnu/libX11.so.6.3.0
7f1ffe5f7000-7f1ffe5f8000 r--p 00135000 08:06 2237672                    /usr/lib/x86_64-linux-gnu/libX11.so.6.3.0
7f1ffe5f8000-7f1ffe5fc000 rw-p 00136000 08:06 2237672                    /usr/lib/x86_64-linux-gnu/libX11.so.6.3.0
7f1ffe5fc000-7f1ffe60d000 r-xp 00000000 08:06 2237689                    /usr/lib/x86_64-linux-gnu/libXext.so.6.4.0
7f1ffe60d000-7f1ffe80c000 ---p 00011000 08:06 2237689                    /usr/lib/x86_64-linux-gnu/libXext.so.6.4.0
7f1ffe80c000-7f1ffe80d000 r--p 00010000 08:06 2237689                    /usr/lib/x86_64-linux-gnu/libXext.so.6.4.0
7f1ffe80d000-7f1ffe80e000 rw-p 00011000 08:06 2237689                    /usr/lib/x86_64-linux-gnu/libXext.so.6.4.0
7f1ffe80e000-7f1ffe862000 r-xp 00000000 08:06 2245068                    /usr/lib/jvm/java-8-openjdk-amd64/jre/lib/amd64/libawt_xawt.so
7f1ffe862000-7f1ffea62000 ---p 00054000 08:06 2245068                    /usr/lib/jvm/java-8-openjdk-amd64/jre/lib/amd64/libawt_xawt.so
7f1ffea62000-7f1ffea63000 r--p 00054000 08:06 2245068                    /usr/lib/jvm/java-8-openjdk-amd64/jre/lib/amd64/libawt_xawt.so
7f1ffea63000-7f1ffea66000 rw-p 00055000 08:06 2245068                    /usr/lib/jvm/java-8-openjdk-amd64/jre/lib/amd64/libawt_xawt.so
7f1ffea66000-7f1ffea67000 rw-p 00000000 00:00 0 
7f1ffea67000-7f1ffeb07000 r-xp 00000000 08:06 2245042                    /usr/lib/jvm/java-8-openjdk-amd64/jre/lib/amd64/libawt.so
7f1ffeb07000-7f1ffed07000 ---p 000a0000 08:06 2245042                    /usr/lib/jvm/java-8-openjdk-amd64/jre/lib/amd64/libawt.so
7f1ffed07000-7f1ffed08000 r--p 000a0000 08:06 2245042                    /usr/lib/jvm/java-8-openjdk-amd64/jre/lib/amd64/libawt.so
7f1ffed08000-7f1ffed13000 rw-p 000a1000 08:06 2245042                    /usr/lib/jvm/java-8-openjdk-amd64/jre/lib/amd64/libawt.so
7f1ffed13000-7f1ffed38000 rw-p 00000000 00:00 0 
7f1ffed38000-7f1ffed39000 ---p 00000000 00:00 0 
7f1ffed39000-7f1ffee39000 rw-p 00000000 00:00 0 
7f1ffee39000-7f1ffee3c000 ---p 00000000 00:00 0 
7f1ffee3c000-7f1ffef3a000 rw-p 00000000 00:00 0 
7f1ffef3a000-7f1ffef3d000 ---p 00000000 00:00 0 
7f1ffef3d000-7f1fff03b000 rw-p 00000000 00:00 0 
7f1fff03b000-7f1fff03e000 ---p 00000000 00:00 0 
7f1fff03e000-7f1fff13c000 rw-p 00000000 00:00 0 
7f1fff13c000-7f1fff13f000 ---p 00000000 00:00 0 
7f1fff13f000-7f1fff23d000 rw-p 00000000 00:00 0 
7f1fff23d000-7f1fffbfc000 r--p 00000000 08:06 2236295                    /usr/lib/locale/locale-archive
7f1fffbfc000-7f1fffbff000 ---p 00000000 00:00 0 
7f1fffbff000-7f1fffcfd000 rw-p 00000000 00:00 0 
7f1fffcfd000-7f1fffd00000 ---p 00000000 00:00 0 
7f1fffd00000-7f1fffdfe000 rw-p 00000000 00:00 0 
7f1fffdfe000-7f1fffdff000 ---p 00000000 00:00 0 
7f1fffdff000-7f2000000000 rw-p 00000000 00:00 0 
7f2000000000-7f2000024000 rw-p 00000000 00:00 0 
7f2000024000-7f2004000000 ---p 00000000 00:00 0 
7f2004000000-7f2004001000 r--s 00000000 08:06 926409                     /var/cache/fontconfig/30829fa25452a46451e813d634d7f916-le64.cache-6
7f2004001000-7f2004002000 r--s 00000000 08:06 926408                     /var/cache/fontconfig/0c9eb80ebd1c36541ebe2852d3bb0c49-le64.cache-6
7f2004002000-7f2004003000 rw-s 1475d5000 00:06 252                       /dev/dri/card0
7f2004003000-7f2004004000 rw-s 1463ba000 00:06 252                       /dev/dri/card0
7f2004004000-7f2004005000 rw-s 1463b5000 00:06 252                       /dev/dri/card0
7f2004005000-7f2004006000 rw-s 1463b3000 00:06 252                       /dev/dri/card0
7f2004007000-7f2004008000 rw-s 1463b2000 00:06 252                       /dev/dri/card0
7f2004008000-7f200400a000 rw-s 1463bb000 00:06 252                       /dev/dri/card0
7f2004016000-7f2004026000 rw-s 13a5c3000 00:06 252                       /dev/dri/card0
7f2004026000-7f2004030000 rw-s 139f64000 00:06 252                       /dev/dri/card0
7f2004030000-7f2004056000 rw-s 139f3e000 00:06 252                       /dev/dri/card0
7f2004056000-7f200405a000 rw-s 139f3a000 00:06 252                       /dev/dri/card0
7f200405e000-7f2004064000 rw-s 139f34000 00:06 252                       /dev/dri/card0
7f2004064000-7f2004067000 rw-s 139f31000 00:06 252                       /dev/dri/card0
7f2004067000-7f2004072000 rw-s 139f26000 00:06 252                       /dev/dri/card0
7f2004072000-7f2004073000 rw-s 13a5d5000 00:06 252                       /dev/dri/card0
7f2004073000-7f2004091000 r-xp 00000000 08:06 2757251                    /lib/x86_64-linux-gnu/libudev.so.1.6.4
7f2004091000-7f2004092000 r--p 0001d000 08:06 2757251                    /lib/x86_64-linux-gnu/libudev.so.1.6.4
7f2004092000-7f2004093000 rw-p 0001e000 08:06 2757251                    /lib/x86_64-linux-gnu/libudev.so.1.6.4
7f20040a3000-7f20040a4000 rw-s 139f70000 00:06 252                       /dev/dri/card0
7f20040a4000-7f20040a5000 rw-s 13a5d4000 00:06 252                       /dev/dri/card0
7f20040a5000-7f20040a6000 rw-s 139f6f000 00:06 252                       /dev/dri/card0
7f20040a6000-7f20040a7000 rw-s 139f6e000 00:06 252                       /dev/dri/card0
7f20040a7000-7f20040a8000 rw-s 14b0e5000 00:06 252                       /dev/dri/card0
7f20040a8000-7f20040a9000 rw-s 13a5d3000 00:06 252                       /dev/dri/card0
7f20040a9000-7f20040aa000 rw-s 14b0ee000 00:06 252                       /dev/dri/card0
7f20040aa000-7f20040ab000 rw-s 12cae9000 00:06 252                       /dev/dri/card0
7f20040ab000-7f20040ac000 rwxp 00000000 00:00 0 
7f20040ac000-7f20040ad000 r--s 0002f000 08:06 1188886                    /home/ema/workspace/ucsdunfoldingmaps/lib/jogl-all-natives-linux-amd64.jar
7f20040ad000-7f20040b0000 ---p 00000000 00:00 0 
7f20040b0000-7f20040e6000 rw-p 00000000 00:00 0 
7f20040e6000-7f20040f9000 r--s 00345000 08:06 2245072                    /usr/lib/jvm/java-8-openjdk-amd64/jre/lib/resources.jar
7f20040f9000-7f2005000000 rw-p 00000000 00:00 0 
7f2005000000-7f2005990000 rwxp 00000000 00:00 0 
7f2005990000-7f2014000000 ---p 00000000 00:00 0 
7f2014000000-7f2014355000 rw-p 00000000 00:00 0 
7f2014355000-7f2018000000 ---p 00000000 00:00 0 
7f2018000000-7f2018002000 r--s 00000000 08:06 1188783                    /home/ema/workspace/ucsdunfoldingmaps/lib/gluegen-rt-natives-linux-amd64.jar
7f2018002000-7f2018003000 r--p 00000000 00:00 0 
7f2018003000-7f2018007000 r--s 00097000 08:06 2245107                    /usr/lib/jvm/java-8-openjdk-amd64/jre/lib/jsse.jar
7f2018007000-7f201800d000 r--s 00033000 08:06 1189873                    /home/ema/workspace/ucsdunfoldingmaps/lib/unfolding.0.9.7-uscd.jar
7f201800d000-7f201800e000 r--s 00005000 08:06 1189858                    /home/ema/workspace/ucsdunfoldingmaps/lib/libTUIO.jar
7f201800e000-7f201800f000 r--s 00007000 08:06 1189857                    /home/ema/workspace/ucsdunfoldingmaps/lib/json4processing.jar
7f201800f000-7f2018014000 r--s 00309000 08:06 1189871                    /home/ema/workspace/ucsdunfoldingmaps/lib/sqlite-jdbc-3.7.2.jar
7f2018014000-7f201801b000 r--s 00059000 08:06 1189863                    /home/ema/workspace/ucsdunfoldingmaps/lib/log4j-1.2.15.jar
7f201801b000-7f201803e000 r--s 002ec000 08:06 1189855                    /home/ema/workspace/ucsdunfoldingmaps/lib/jogl-all.jar
7f201803e000-7f2018044000 r--s 00041000 08:06 1188883                    /home/ema/workspace/ucsdunfoldingmaps/lib/gluegen-rt.jar
7f2018044000-7f2018048000 r--s 0009a000 08:06 1188737                    /home/ema/workspace/ucsdunfoldingmaps/lib/core.jar
7f2018048000-7f201804b000 r--s 0000f000 08:06 2245103                    /usr/lib/jvm/java-8-openjdk-amd64/jre/lib/ext/icedtea-sound.jar
7f201804b000-7f201804d000 r--s 00001000 08:06 2245097                    /usr/lib/jvm/java-8-openjdk-amd64/jre/lib/ext/dnsns.jar
7f201804d000-7f2018069000 r--s 00393000 08:06 2245098                    /usr/lib/jvm/java-8-openjdk-amd64/jre/lib/ext/cldrdata.jar
7f2018069000-7f2018084000 r--s 001d7000 08:06 2245096                    /usr/lib/jvm/java-8-openjdk-amd64/jre/lib/ext/nashorn.jar
7f2018084000-7f20181f3000 rw-p 00000000 00:00 0 
7f20181f3000-7f20183c1000 r--s 03beb000 08:06 2245084                    /usr/lib/jvm/java-8-openjdk-amd64/jre/lib/rt.jar
7f20183c1000-7f201a14d000 rw-p 00000000 00:00 0 
7f201a14d000-7f201a14e000 ---p 00000000 00:00 0 
7f201a14e000-7f201a24e000 rw-p 00000000 00:00 0 
7f201a24e000-7f201a24f000 ---p 00000000 00:00 0 
7f201a24f000-7f201a366000 rw-p 00000000 00:00 0 
7f201a366000-7f201a473000 ---p 00000000 00:00 0 
7f201a473000-7f201a48a000 rw-p 00000000 00:00 0 
7f201a48a000-7f201a597000 ---p 00000000 00:00 0 
7f201a597000-7f201a5e2000 rw-p 00000000 00:00 0 
7f201a5e2000-7f201a629000 ---p 00000000 00:00 0 
7f201a629000-7f201a651000 rw-p 00000000 00:00 0 
7f201a651000-7f201a9ea000 ---p 00000000 00:00 0 
7f201a9ea000-7f201a9f2000 r-xp 00000000 08:06 2245052                    /usr/lib/jvm/java-8-openjdk-amd64/jre/lib/amd64/libzip.so
7f201a9f2000-7f201abf1000 ---p 00008000 08:06 2245052                    /usr/lib/jvm/java-8-openjdk-amd64/jre/lib/amd64/libzip.so
7f201abf1000-7f201abf2000 r--p 00007000 08:06 2245052                    /usr/lib/jvm/java-8-openjdk-amd64/jre/lib/amd64/libzip.so
7f201abf2000-7f201abf3000 rw-p 00008000 08:06 2245052                    /usr/lib/jvm/java-8-openjdk-amd64/jre/lib/amd64/libzip.so
7f201abf3000-7f201abfe000 r-xp 00000000 08:06 2757750                    /lib/x86_64-linux-gnu/libnss_files-2.23.so
7f201abfe000-7f201adfd000 ---p 0000b000 08:06 2757750                    /lib/x86_64-linux-gnu/libnss_files-2.23.so
7f201adfd000-7f201adfe000 r--p 0000a000 08:06 2757750                    /lib/x86_64-linux-gnu/libnss_files-2.23.so
7f201adfe000-7f201adff000 rw-p 0000b000 08:06 2757750                    /lib/x86_64-linux-gnu/libnss_files-2.23.so
7f201adff000-7f201ae05000 rw-p 00000000 00:00 0 
7f201ae05000-7f201ae10000 r-xp 00000000 08:06 2757760                    /lib/x86_64-linux-gnu/libnss_nis-2.23.so
7f201ae10000-7f201b00f000 ---p 0000b000 08:06 2757760                    /lib/x86_64-linux-gnu/libnss_nis-2.23.so
7f201b00f000-7f201b010000 r--p 0000a000 08:06 2757760                    /lib/x86_64-linux-gnu/libnss_nis-2.23.so
7f201b010000-7f201b011000 rw-p 0000b000 08:06 2757760                    /lib/x86_64-linux-gnu/libnss_nis-2.23.so
7f201b011000-7f201b027000 r-xp 00000000 08:06 2757744                    /lib/x86_64-linux-gnu/libnsl-2.23.so
7f201b027000-7f201b226000 ---p 00016000 08:06 2757744                    /lib/x86_64-linux-gnu/libnsl-2.23.so
7f201b226000-7f201b227000 r--p 00015000 08:06 2757744                    /lib/x86_64-linux-gnu/libnsl-2.23.so
7f201b227000-7f201b228000 rw-p 00016000 08:06 2757744                    /lib/x86_64-linux-gnu/libnsl-2.23.so
7f201b228000-7f201b22a000 rw-p 00000000 00:00 0 
7f201b22a000-7f201b232000 r-xp 00000000 08:06 2757746                    /lib/x86_64-linux-gnu/libnss_compat-2.23.so
7f201b232000-7f201b431000 ---p 00008000 08:06 2757746                    /lib/x86_64-linux-gnu/libnss_compat-2.23.so
7f201b431000-7f201b432000 r--p 00007000 08:06 2757746                    /lib/x86_64-linux-gnu/libnss_compat-2.23.so
7f201b432000-7f201b433000 rw-p 00008000 08:06 2757746                    /lib/x86_64-linux-gnu/libnss_compat-2.23.so
7f201b433000-7f201b460000 r-xp 00000000 08:06 2242887                    /usr/lib/jvm/java-8-openjdk-amd64/jre/lib/amd64/libjava.so
7f201b460000-7f201b65f000 ---p 0002d000 08:06 2242887                    /usr/lib/jvm/java-8-openjdk-amd64/jre/lib/amd64/libjava.so
7f201b65f000-7f201b660000 r--p 0002c000 08:06 2242887                    /usr/lib/jvm/java-8-openjdk-amd64/jre/lib/amd64/libjava.so
7f201b660000-7f201b662000 rw-p 0002d000 08:06 2242887                    /usr/lib/jvm/java-8-openjdk-amd64/jre/lib/amd64/libjava.so
7f201b662000-7f201b671000 r-xp 00000000 08:06 2245038                    /usr/lib/jvm/java-8-openjdk-amd64/jre/lib/amd64/libverify.so
7f201b671000-7f201b870000 ---p 0000f000 08:06 2245038                    /usr/lib/jvm/java-8-openjdk-amd64/jre/lib/amd64/libverify.so
7f201b870000-7f201b872000 r--p 0000e000 08:06 2245038                    /usr/lib/jvm/java-8-openjdk-amd64/jre/lib/amd64/libverify.so
7f201b872000-7f201b873000 rw-p 00010000 08:06 2245038                    /usr/lib/jvm/java-8-openjdk-amd64/jre/lib/amd64/libverify.so
7f201b873000-7f201b87a000 r-xp 00000000 08:06 2757805                    /lib/x86_64-linux-gnu/librt-2.23.so
7f201b87a000-7f201ba79000 ---p 00007000 08:06 2757805                    /lib/x86_64-linux-gnu/librt-2.23.so
7f201ba79000-7f201ba7a000 r--p 00006000 08:06 2757805                    /lib/x86_64-linux-gnu/librt-2.23.so
7f201ba7a000-7f201ba7b000 rw-p 00007000 08:06 2757805                    /lib/x86_64-linux-gnu/librt-2.23.so
7f201ba7b000-7f201ba91000 r-xp 00000000 08:06 2757689                    /lib/x86_64-linux-gnu/libgcc_s.so.1
7f201ba91000-7f201bc90000 ---p 00016000 08:06 2757689                    /lib/x86_64-linux-gnu/libgcc_s.so.1
7f201bc90000-7f201bc91000 rw-p 00015000 08:06 2757689                    /lib/x86_64-linux-gnu/libgcc_s.so.1
7f201bc91000-7f201bd99000 r-xp 00000000 08:06 2757721                    /lib/x86_64-linux-gnu/libm-2.23.so
7f201bd99000-7f201bf98000 ---p 00108000 08:06 2757721                    /lib/x86_64-linux-gnu/libm-2.23.so
7f201bf98000-7f201bf99000 r--p 00107000 08:06 2757721                    /lib/x86_64-linux-gnu/libm-2.23.so
7f201bf99000-7f201bf9a000 rw-p 00108000 08:06 2757721                    /lib/x86_64-linux-gnu/libm-2.23.so
7f201bf9a000-7f201c10c000 r-xp 00000000 08:06 2230402                    /usr/lib/x86_64-linux-gnu/libstdc++.so.6.0.21
7f201c10c000-7f201c30c000 ---p 00172000 08:06 2230402                    /usr/lib/x86_64-linux-gnu/libstdc++.so.6.0.21
7f201c30c000-7f201c316000 r--p 00172000 08:06 2230402                    /usr/lib/x86_64-linux-gnu/libstdc++.so.6.0.21
7f201c316000-7f201c318000 rw-p 0017c000 08:06 2230402                    /usr/lib/x86_64-linux-gnu/libstdc++.so.6.0.21
7f201c318000-7f201c31c000 rw-p 00000000 00:00 0 
7f201c31c000-7f201cf62000 r-xp 00000000 08:06 2245050                    /usr/lib/jvm/java-8-openjdk-amd64/jre/lib/amd64/server/libjvm.so
7f201cf62000-7f201d162000 ---p 00c46000 08:06 2245050                    /usr/lib/jvm/java-8-openjdk-amd64/jre/lib/amd64/server/libjvm.so
7f201d162000-7f201d1f5000 r--p 00c46000 08:06 2245050                    /usr/lib/jvm/java-8-openjdk-amd64/jre/lib/amd64/server/libjvm.so
7f201d1f5000-7f201d21d000 rw-p 00cd9000 08:06 2245050                    /usr/lib/jvm/java-8-openjdk-amd64/jre/lib/amd64/server/libjvm.so
7f201d21d000-7f201d24d000 rw-p 00000000 00:00 0 
7f201d24d000-7f201d265000 r-xp 00000000 08:06 2757797                    /lib/x86_64-linux-gnu/libpthread-2.23.so
7f201d265000-7f201d464000 ---p 00018000 08:06 2757797                    /lib/x86_64-linux-gnu/libpthread-2.23.so
7f201d464000-7f201d465000 r--p 00017000 08:06 2757797                    /lib/x86_64-linux-gnu/libpthread-2.23.so
7f201d465000-7f201d466000 rw-p 00018000 08:06 2757797                    /lib/x86_64-linux-gnu/libpthread-2.23.so
7f201d466000-7f201d46a000 rw-p 00000000 00:00 0 
7f201d46a000-7f201d46d000 r-xp 00000000 08:06 2757675                    /lib/x86_64-linux-gnu/libdl-2.23.so
7f201d46d000-7f201d66c000 ---p 00003000 08:06 2757675                    /lib/x86_64-linux-gnu/libdl-2.23.so
7f201d66c000-7f201d66d000 r--p 00002000 08:06 2757675                    /lib/x86_64-linux-gnu/libdl-2.23.so
7f201d66d000-7f201d66e000 rw-p 00003000 08:06 2757675                    /lib/x86_64-linux-gnu/libdl-2.23.so
7f201d66e000-7f201d687000 r-xp 00000000 08:06 2757842                    /lib/x86_64-linux-gnu/libz.so.1.2.8
7f201d687000-7f201d886000 ---p 00019000 08:06 2757842                    /lib/x86_64-linux-gnu/libz.so.1.2.8
7f201d886000-7f201d887000 r--p 00018000 08:06 2757842                    /lib/x86_64-linux-gnu/libz.so.1.2.8
7f201d887000-7f201d888000 rw-p 00019000 08:06 2757842                    /lib/x86_64-linux-gnu/libz.so.1.2.8
7f201d888000-7f201da48000 r-xp 00000000 08:06 2757651                    /lib/x86_64-linux-gnu/libc-2.23.so
7f201da48000-7f201dc47000 ---p 001c0000 08:06 2757651                    /lib/x86_64-linux-gnu/libc-2.23.so
7f201dc47000-7f201dc4b000 r--p 001bf000 08:06 2757651                    /lib/x86_64-linux-gnu/libc-2.23.so
7f201dc4b000-7f201dc4d000 rw-p 001c3000 08:06 2757651                    /lib/x86_64-linux-gnu/libc-2.23.so
7f201dc4d000-7f201dc51000 rw-p 00000000 00:00 0 
7f201dc51000-7f201dc5e000 r-xp 00000000 08:06 2245066                    /usr/lib/jvm/java-8-openjdk-amd64/jre/lib/amd64/jli/libjli.so
7f201dc5e000-7f201de5e000 ---p 0000d000 08:06 2245066                    /usr/lib/jvm/java-8-openjdk-amd64/jre/lib/amd64/jli/libjli.so
7f201de5e000-7f201de5f000 r--p 0000d000 08:06 2245066                    /usr/lib/jvm/java-8-openjdk-amd64/jre/lib/amd64/jli/libjli.so
7f201de5f000-7f201de60000 rw-p 0000e000 08:06 2245066                    /usr/lib/jvm/java-8-openjdk-amd64/jre/lib/amd64/jli/libjli.so
7f201de60000-7f201de86000 r-xp 00000000 08:06 2757623                    /lib/x86_64-linux-gnu/ld-2.23.so
7f201de86000-7f201de87000 r--s 00010000 08:06 2245101                    /usr/lib/jvm/java-8-openjdk-amd64/jre/lib/ext/zipfs.jar
7f201de87000-7f201de88000 r--s 00008000 08:06 2245099                    /usr/lib/jvm/java-8-openjdk-amd64/jre/lib/ext/sunec.jar
7f201de88000-7f201de8d000 r--s 0003b000 08:06 2245102                    /usr/lib/jvm/java-8-openjdk-amd64/jre/lib/ext/sunjce_provider.jar
7f201de8d000-7f201df64000 rw-p 00000000 00:00 0 
7f201df64000-7f201df67000 ---p 00000000 00:00 0 
7f201df67000-7f201e06a000 rw-p 00000000 00:00 0 
7f201e06a000-7f201e06b000 r--s 0000a000 08:06 2245100                    /usr/lib/jvm/java-8-openjdk-amd64/jre/lib/ext/jaccess.jar
7f201e06b000-7f201e06f000 r--s 00037000 08:06 2245105                    /usr/lib/jvm/java-8-openjdk-amd64/jre/lib/ext/sunpkcs11.jar
7f201e06f000-7f201e079000 r--s 00116000 08:06 2245104                    /usr/lib/jvm/java-8-openjdk-amd64/jre/lib/ext/localedata.jar
7f201e079000-7f201e081000 rw-s 00000000 08:06 2097197                    /tmp/hsperfdata_ema/14939
7f201e081000-7f201e082000 rw-p 00000000 00:00 0 
7f201e082000-7f201e083000 r--p 00000000 00:00 0 
7f201e083000-7f201e085000 rw-p 00000000 00:00 0 
7f201e085000-7f201e086000 r--p 00025000 08:06 2757623                    /lib/x86_64-linux-gnu/ld-2.23.so
7f201e086000-7f201e087000 rw-p 00026000 08:06 2757623                    /lib/x86_64-linux-gnu/ld-2.23.so
7f201e087000-7f201e088000 rw-p 00000000 00:00 0 
7ffd559fd000-7ffd55a1e000 rw-p 00000000 00:00 0                          [stack]
7ffd55af7000-7ffd55af9000 r--p 00000000 00:00 0                          [vvar]
7ffd55af9000-7ffd55afb000 r-xp 00000000 00:00 0                          [vdso]
ffffffffff600000-ffffffffff601000 r-xp 00000000 00:00 0                  [vsyscall]

VM Arguments:
jvm_args: -Djava.security.policy=java.policy.applet -Dfile.encoding=UTF-8 
java_command: sun.applet.AppletViewer module4.EarthquakeCityMap1476536027486.html
java_class_path (initial): /home/ema/workspace/ucsdunfoldingmaps/build:/home/ema/workspace/ucsdunfoldingmaps/lib/core.jar:/home/ema/workspace/ucsdunfoldingmaps/lib/gluegen-rt.jar:/home/ema/workspace/ucsdunfoldingmaps/lib/jogl-all.jar:/home/ema/workspace/ucsdunfoldingmaps/lib/log4j-1.2.15.jar:/home/ema/workspace/ucsdunfoldingmaps/lib/sqlite-jdbc-3.7.2.jar:/home/ema/workspace/ucsdunfoldingmaps/lib/json4processing.jar:/home/ema/workspace/ucsdunfoldingmaps/lib/libTUIO.jar:/home/ema/workspace/ucsdunfoldingmaps/lib/unfolding.0.9.7-uscd.jar
Launcher Type: SUN_STANDARD

Environment Variables:
PATH=/home/ema/bin:/home/ema/.local/bin:/usr/local/sbin:/usr/local/bin:/usr/sbin:/usr/bin:/sbin:/bin:/usr/games:/usr/local/games:/snap/bin
SHELL=/bin/bash
DISPLAY=:0

Signal Handlers:
SIGSEGV: [libjvm.so+0xa5e970], sa_mask[0]=11111111011111111101111111111110, sa_flags=SA_RESTART|SA_SIGINFO
SIGBUS: [libjvm.so+0xa5e970], sa_mask[0]=11111111011111111101111111111110, sa_flags=SA_RESTART|SA_SIGINFO
SIGFPE: [libjvm.so+0x8a9ff0], sa_mask[0]=11111111011111111101111111111110, sa_flags=SA_RESTART|SA_SIGINFO
SIGPIPE: [libjvm.so+0x8a9ff0], sa_mask[0]=11111111011111111101111111111110, sa_flags=SA_RESTART|SA_SIGINFO
SIGXFSZ: [libjvm.so+0x8a9ff0], sa_mask[0]=11111111011111111101111111111110, sa_flags=SA_RESTART|SA_SIGINFO
SIGILL: [libjvm.so+0x8a9ff0], sa_mask[0]=11111111011111111101111111111110, sa_flags=SA_RESTART|SA_SIGINFO
SIGUSR1: SIG_DFL, sa_mask[0]=00000000000000000000000000000000, sa_flags=none
SIGUSR2: [libjvm.so+0x8a9ea0], sa_mask[0]=00100000000000000000000000000000, sa_flags=SA_RESTART|SA_SIGINFO
SIGHUP: [libjvm.so+0x8aa370], sa_mask[0]=11111111011111111101111111111110, sa_flags=SA_RESTART|SA_SIGINFO
SIGINT: [libjvm.so+0x8aa370], sa_mask[0]=11111111011111111101111111111110, sa_flags=SA_RESTART|SA_SIGINFO
SIGTERM: [libjvm.so+0x8aa370], sa_mask[0]=11111111011111111101111111111110, sa_flags=SA_RESTART|SA_SIGINFO
SIGQUIT: [libjvm.so+0x8aa370], sa_mask[0]=11111111011111111101111111111110, sa_flags=SA_RESTART|SA_SIGINFO


---------------  S Y S T E M  ---------------

OS:DISTRIB_ID=Ubuntu
DISTRIB_RELEASE=16.04
DISTRIB_CODENAME=xenial
DISTRIB_DESCRIPTION="Ubuntu 16.04.1 LTS"

uname:Linux 4.4.0-38-generic #57-Ubuntu SMP Tue Sep 6 15:42:33 UTC 2016 x86_64
libc:glibc 2.23 NPTL 2.23 
rlimit: STACK 8192k, CORE 0k, NPROC 13510, NOFILE 65536, AS infinity
load average:1,40 0,90 0,68

/proc/meminfo:
MemTotal:        3582816 kB
MemFree:          428752 kB
MemAvailable:     934088 kB
Buffers:           54832 kB
Cached:           648824 kB
SwapCached:         1140 kB
Active:          2127580 kB
Inactive:         667216 kB
Active(anon):    1660736 kB
Inactive(anon):   470360 kB
Active(file):     466844 kB
Inactive(file):   196856 kB
Unevictable:          48 kB
Mlocked:              48 kB
SwapTotal:       4095996 kB
SwapFree:        4067700 kB
Dirty:                44 kB
Writeback:             0 kB
AnonPages:       2090348 kB
Mapped:           197712 kB
Shmem:             39956 kB
Slab:             122452 kB
SReclaimable:      82884 kB
SUnreclaim:        39568 kB
KernelStack:        9664 kB
PageTables:        34012 kB
NFS_Unstable:          0 kB
Bounce:                0 kB
WritebackTmp:          0 kB
CommitLimit:     5887404 kB
Committed_AS:    6008992 kB
VmallocTotal:   34359738367 kB
VmallocUsed:           0 kB
VmallocChunk:          0 kB
HardwareCorrupted:     0 kB
AnonHugePages:   1089536 kB
CmaTotal:              0 kB
CmaFree:               0 kB
HugePages_Total:       0
HugePages_Free:        0
HugePages_Rsvd:        0
HugePages_Surp:        0
Hugepagesize:       2048 kB
DirectMap4k:      402684 kB
DirectMap2M:     3321856 kB
DirectMap1G:           0 kB


CPU:total 2 (2 cores per cpu, 1 threads per core) family 20 model 2 stepping 0, cmov, cx8, fxsr, mmx, sse, sse2, sse3, ssse3, popcnt, mmxext, lzcnt, sse4a, tsc, tscinvbit, tscinv

/proc/cpuinfo:
processor	: 0
vendor_id	: AuthenticAMD
cpu family	: 20
model		: 2
model name	: AMD E2-1800 APU with Radeon(tm) HD Graphics
stepping	: 0
microcode	: 0x500010d
cpu MHz		: 1360.000
cache size	: 512 KB
physical id	: 0
siblings	: 2
core id		: 0
cpu cores	: 2
apicid		: 0
initial apicid	: 0
fpu		: yes
fpu_exception	: yes
cpuid level	: 6
wp		: yes
flags		: fpu vme de pse tsc msr pae mce cx8 apic sep mtrr pge mca cmov pat pse36 clflush mmx fxsr sse sse2 ht syscall nx mmxext fxsr_opt pdpe1gb rdtscp lm constant_tsc rep_good nopl nonstop_tsc extd_apicid aperfmperf pni monitor ssse3 cx16 popcnt lahf_lm cmp_legacy svm extapic cr8_legacy abm sse4a misalignsse 3dnowprefetch ibs skinit wdt hw_pstate vmmcall arat npt lbrv svm_lock nrip_save pausefilter
bugs		: fxsave_leak sysret_ss_attrs
bogomips	: 3393.81
TLB size	: 1024 4K pages
clflush size	: 64
cache_alignment	: 64
address sizes	: 36 bits physical, 48 bits virtual
power management: ts ttp tm stc 100mhzsteps hwpstate

processor	: 1
vendor_id	: AuthenticAMD
cpu family	: 20
model		: 2
model name	: AMD E2-1800 APU with Radeon(tm) HD Graphics
stepping	: 0
microcode	: 0x500010d
cpu MHz		: 1700.000
cache size	: 512 KB
physical id	: 0
siblings	: 2
core id		: 1
cpu cores	: 2
apicid		: 1
initial apicid	: 1
fpu		: yes
fpu_exception	: yes
cpuid level	: 6
wp		: yes
flags		: fpu vme de pse tsc msr pae mce cx8 apic sep mtrr pge mca cmov pat pse36 clflush mmx fxsr sse sse2 ht syscall nx mmxext fxsr_opt pdpe1gb rdtscp lm constant_tsc rep_good nopl nonstop_tsc extd_apicid aperfmperf pni monitor ssse3 cx16 popcnt lahf_lm cmp_legacy svm extapic cr8_legacy abm sse4a misalignsse 3dnowprefetch ibs skinit wdt hw_pstate vmmcall arat npt lbrv svm_lock nrip_save pausefilter
bugs		: fxsave_leak sysret_ss_attrs
bogomips	: 3393.81
TLB size	: 1024 4K pages
clflush size	: 64
cache_alignment	: 64
address sizes	: 36 bits physical, 48 bits virtual
power management: ts ttp tm stc 100mhzsteps hwpstate



Memory: 4k page, physical 3582816k(428752k free), swap 4095996k(4067700k free)

vm_info: OpenJDK 64-Bit Server VM (25.91-b14) for linux-amd64 JRE (1.8.0_91-8u91-b14-3ubuntu1~16.04.1-b14), built on Jul 21 2016 04:13:34 by "buildd" with gcc 5.3.1 20160413

time: Sat Oct 15 14:56:36 2016
elapsed time: 168 seconds (0d 0h 2m 48s)

