#
# A fatal error has been detected by the Java Runtime Environment:
#
#  SIGSEGV (0xb) at pc=0x00007f49198514eb, pid=14507, tid=139952283780864
#
# JRE version: OpenJDK Runtime Environment (8.0_91-b14) (build 1.8.0_91-8u91-b14-3ubuntu1~16.04.1-b14)
# Java VM: OpenJDK 64-Bit Server VM (25.91-b14 mixed mode linux-amd64 compressed oops)
# Problematic frame:
# C  [r600_dri.so+0x3254eb]
#
# Failed to write core dump. Core dumps have been disabled. To enable core dumping, try "ulimit -c unlimited" before starting Java again
#
# If you would like to submit a bug report, please visit:
#   http://bugreport.java.com/bugreport/crash.jsp
# The crash happened outside the Java Virtual Machine in native code.
# See problematic frame for where to report the bug.
#

---------------  T H R E A D  ---------------

Current thread (0x00007f4920003000):  JavaThread "AWT-EventQueue-1" [_thread_in_native, id=14530, stack(0x00007f492e190000,0x00007f492e291000)]

siginfo: si_signo: 11 (SIGSEGV), si_code: 1 (SEGV_MAPERR), si_addr: 0x000000000000c030

Registers:
RAX=0x0000000000000000, RBX=0x00007f49200caa40, RCX=0x0000000000000000, RDX=0x0000000000000001
RSP=0x00007f492e28e710, RBP=0x000000000000c000, RSI=0x00007f49200cb420, RDI=0x0000000100000000
R8 =0x0000000000000000, R9 =0x00007f492cd93d50, R10=0x00007f495983f747, R11=0x00000000ca1142d8
R12=0x0000000000000001, R13=0x00007f491c5bf2d0, R14=0x0000000000000001, R15=0x0000000000000000
RIP=0x00007f49198514eb, EFLAGS=0x0000000000010202, CSGSFS=0x0000000000000033, ERR=0x0000000000000004
  TRAPNO=0x000000000000000e

Top of Stack: (sp=0x00007f492e28e710)
0x00007f492e28e710:   00007f492e28e760 00007f4959804a7c
0x00007f492e28e720:   00000000f047a948 f886456791a04e00
0x00007f492e28e730:   00000000ca0f7908 0000000000000000
0x00007f492e28e740:   0000000000000000 00007f49200ca910
0x00007f492e28e750:   00007f491c5bf2d0 00007f491c573980
0x00007f492e28e760:   0000000000000000 00007f492cd93df8
0x00007f492e28e770:   00007f492e28e7a0 00007f491c574b70
0x00007f492e28e780:   00007f4900000000 0000000000000000
0x00007f492e28e790:   0000000003c00051 00007f492cd68b31
0x00007f492e28e7a0:   00007f49200ca910 f886456791a04e00
0x00007f492e28e7b0:   0000000003c00051 00007f492cd68b60
0x00007f492e28e7c0:   00007f492e28e830 0000000000000000
0x00007f492e28e7d0:   0000000000000001 00007f492e28e870
0x00007f492e28e7e0:   00007f4920003000 00007f491b3b4849
0x00007f492e28e7f0:   00007f492e28ead8 00007f492cd68b60
0x00007f492e28e800:   0000000003c00051 00007f491c5b8fb0
0x00007f492e28e810:   00007f492e28e870 00007f49200031e0
0x00007f492e28e820:   00007f492e28e840 00007f492cd68b60
0x00007f492e28e830:   00007f492e28e880 00007f495983f7bd
0x00007f492e28e840:   00000000f047a8a8 00000000f047a8f8
0x00007f492e28e850:   00000000f047a8e8 0000000000000003
0x00007f492e28e860:   00000000f047a908 00000000f047a958
0x00007f492e28e870:   00000000ca0a4ee0 00000000f047a968
0x00007f492e28e880:   00007f492e28ead8 00007f4959846d54
0x00007f492e28e890:   00007f496c41f000 00000000c99e0f70
0x00007f492e28e8a0:   00000000f047aa50 0000000000000000
0x00007f492e28e8b0:   0000000000000009 00007f4920003810
0x00007f492e28e8c0:   00007f492e28ead8 00007f49591e4b44
0x00007f492e28e8d0:   00007f492cfe6cf8 00000000000000b6
0x00007f492e28e8e0:   00007f492e28e940 00007f496edd1039
0x00007f492e28e8f0:   00007f4959005310 00007f4900000000
0x00007f492e28e900:   00007f492cfe6cf8 00007f4920003000 

Instructions: (pc=0x00007f49198514eb)
0x00007f49198514cb:   01 c6 44 24 0f 00 0f 84 d9 00 00 00 48 8b b3 30
0x00007f49198514db:   01 00 00 48 85 f6 0f 84 c9 00 00 00 83 7b 38 01
0x00007f49198514eb:   48 8b 55 30 4c 8b 6a 18 0f 8e 4f 02 00 00 45 85
0x00007f49198514fb:   ff 0f 85 46 02 00 00 48 8b 93 68 01 00 00 48 85 

Register to memory mapping:

RAX=0x0000000000000000 is an unknown value
RBX=0x00007f49200caa40 is an unknown value
RCX=0x0000000000000000 is an unknown value
RDX=0x0000000000000001 is an unknown value
RSP=0x00007f492e28e710 is pointing into the stack for thread: 0x00007f4920003000
RBP=0x000000000000c000 is an unknown value
RSI=0x00007f49200cb420 is an unknown value
RDI=0x0000000100000000 is pointing into metadata
R8 =0x0000000000000000 is an unknown value
R9 =0x00007f492cd93d50: <offset 0x45d50> in /usr/lib/x86_64-linux-gnu/mesa/libGL.so.1 at 0x00007f492cd4e000
R10=0x00007f495983f747 is at entry_point+71 in (nmethod*)0x00007f495983f590
R11=0x00000000ca1142d8 is an oop
jogamp.nativewindow.jawt.x11.X11JAWTWindow 
 - klass: 'jogamp/nativewindow/jawt/x11/X11JAWTWindow'
R12=0x0000000000000001 is an unknown value
R13=0x00007f491c5bf2d0 is an unknown value
R14=0x0000000000000001 is an unknown value
R15=0x0000000000000000 is an unknown value


Stack: [0x00007f492e190000,0x00007f492e291000],  sp=0x00007f492e28e710,  free space=1017k
Native frames: (J=compiled Java code, j=interpreted, Vv=VM code, C=native code)
C  [r600_dri.so+0x3254eb]

Java frames: (J=compiled Java code, j=interpreted, Vv=VM code)
J 2610  jogamp.opengl.x11.glx.GLX.dispatch_glXSwapBuffers0(JJJ)V (0 bytes) @ 0x00007f495983f747 [0x00007f495983f700+0x47]
J 2609 C1 jogamp.opengl.x11.glx.GLX.glXSwapBuffers(JJ)V (45 bytes) @ 0x00007f4959846d54 [0x00007f49598463a0+0x9b4]
J 2608 C1 jogamp.opengl.x11.glx.X11GLXDrawable.swapBuffersImpl(Z)V (21 bytes) @ 0x00007f4959845f04 [0x00007f4959845c60+0x2a4]
J 2607 C1 jogamp.opengl.GLDrawableImpl.swapBuffers()V (138 bytes) @ 0x00007f495984489c [0x00007f49598441e0+0x6bc]
j  javax.media.opengl.awt.GLCanvas$12.run()V+45
J 2307 C1 java.awt.event.InvocationEvent.dispatch()V (69 bytes) @ 0x00007f495946f5cc [0x00007f495946f480+0x14c]
J 2576 C1 java.awt.EventQueue.dispatchEventImpl(Ljava/awt/AWTEvent;Ljava/lang/Object;)V (149 bytes) @ 0x00007f495982287c [0x00007f4959820d00+0x1b7c]
J 2525 C1 java.awt.EventQueue$3.run()Ljava/lang/Void; (60 bytes) @ 0x00007f49597e7f04 [0x00007f49597e7d00+0x204]
J 2417 C1 java.awt.EventQueue$3.run()Ljava/lang/Object; (5 bytes) @ 0x00007f495979164c [0x00007f49597915c0+0x8c]
v  ~StubRoutines::call_stub
J 595  java.security.AccessController.doPrivileged(Ljava/security/PrivilegedAction;Ljava/security/AccessControlContext;)Ljava/lang/Object; (0 bytes) @ 0x00007f4959277563 [0x00007f4959277500+0x63]
J 2419 C1 java.awt.EventQueue.dispatchEvent(Ljava/awt/AWTEvent;)V (80 bytes) @ 0x00007f4959793b34 [0x00007f49597931c0+0x974]
J 2244 C1 java.awt.EventDispatchThread.pumpOneEventForFilters(I)V (295 bytes) @ 0x00007f4959759514 [0x00007f49597579c0+0x1b54]
j  java.awt.EventDispatchThread.pumpEventsForFilter(ILjava/awt/Conditional;Ljava/awt/EventFilter;)V+35
j  java.awt.EventDispatchThread.pumpEventsForHierarchy(ILjava/awt/Conditional;Ljava/awt/Component;)V+11
j  java.awt.EventDispatchThread.pumpEvents(ILjava/awt/Conditional;)V+4
j  java.awt.EventDispatchThread.pumpEvents(Ljava/awt/Conditional;)V+3
j  java.awt.EventDispatchThread.run()V+9
v  ~StubRoutines::call_stub

---------------  P R O C E S S  ---------------

Java Threads: ( => current thread )
  0x00007f49207e1800 JavaThread "Thread-7" [_thread_blocked, id=14573, stack(0x00007f491019d000,0x00007f491029e000)]
  0x00007f491c1b5800 JavaThread "Animation Thread-SharedResourceRunner" daemon [_thread_blocked, id=14538, stack(0x00007f492de8f000,0x00007f492df90000)]
  0x00007f491c090800 JavaThread "process reaper" daemon [_thread_blocked, id=14534, stack(0x00007f496c00b000,0x00007f496c044000)]
  0x00007f492000c000 JavaThread "Animation Thread" [_thread_blocked, id=14531, stack(0x00007f492e491000,0x00007f492e592000)]
=>0x00007f4920003000 JavaThread "AWT-EventQueue-1" [_thread_in_native, id=14530, stack(0x00007f492e190000,0x00007f492e291000)]
  0x00007f496800a000 JavaThread "DestroyJavaVM" [_thread_blocked, id=14512, stack(0x00007f497055a000,0x00007f497065b000)]
  0x00007f4968306800 JavaThread "AWT-EventQueue-0" [_thread_blocked, id=14528, stack(0x00007f492ecbe000,0x00007f492edbf000)]
  0x00007f4968300000 JavaThread "AWT-Shutdown" [_thread_blocked, id=14527, stack(0x00007f492edbf000,0x00007f492eec0000)]
  0x00007f49682ee800 JavaThread "thread applet-module4.EarthquakeCityMap.class" [_thread_blocked, id=14526, stack(0x00007f492eec0000,0x00007f492efc1000)]
  0x00007f49682e1800 JavaThread "AWT-XAWT" daemon [_thread_blocked, id=14524, stack(0x00007f492efc1000,0x00007f492f0c2000)]
  0x00007f49682bc000 JavaThread "Java2D Disposer" daemon [_thread_blocked, id=14523, stack(0x00007f4954019000,0x00007f495411a000)]
  0x00007f49680b0000 JavaThread "Service Thread" daemon [_thread_blocked, id=14521, stack(0x00007f49554d3000,0x00007f49555d4000)]
  0x00007f49680ad000 JavaThread "C1 CompilerThread1" daemon [_thread_blocked, id=14520, stack(0x00007f49555d4000,0x00007f49556d5000)]
  0x00007f49680aa000 JavaThread "C2 CompilerThread0" daemon [_thread_blocked, id=14519, stack(0x00007f49556d5000,0x00007f49557d6000)]
  0x00007f49680a8000 JavaThread "Signal Dispatcher" daemon [_thread_blocked, id=14518, stack(0x00007f49557d6000,0x00007f49558d7000)]
  0x00007f496807f800 JavaThread "Finalizer" daemon [_thread_blocked, id=14517, stack(0x00007f4956296000,0x00007f4956397000)]
  0x00007f496807b000 JavaThread "Reference Handler" daemon [_thread_blocked, id=14516, stack(0x00007f4956397000,0x00007f4956498000)]

Other Threads:
  0x00007f4968073800 VMThread [stack: 0x00007f4956498000,0x00007f4956599000] [id=14515]
  0x00007f49680be800 WatcherThread [stack: 0x00007f49553d2000,0x00007f49554d3000] [id=14522]

VM state:not at safepoint (normal execution)

VM Mutex/Monitor currently owned by a thread: None

Heap:
 PSYoungGen      total 58880K, used 42514K [0x00000000edc00000, 0x00000000f2a80000, 0x0000000100000000)
  eden space 47616K, 88% used [0x00000000edc00000,0x00000000f054cbc8,0x00000000f0a80000)
  from space 11264K, 1% used [0x00000000f0a80000,0x00000000f0ab8000,0x00000000f1580000)
  to   space 11264K, 0% used [0x00000000f1f80000,0x00000000f1f80000,0x00000000f2a80000)
 ParOldGen       total 45056K, used 13892K [0x00000000c9400000, 0x00000000cc000000, 0x00000000edc00000)
  object space 45056K, 30% used [0x00000000c9400000,0x00000000ca191378,0x00000000cc000000)
 Metaspace       used 21389K, capacity 21603K, committed 22016K, reserved 1069056K
  class space    used 1958K, capacity 2023K, committed 2048K, reserved 1048576K

Card table byte_map: [0x00007f496ca69000,0x00007f496cc20000] byte_map_base: 0x00007f496c41f000

Marking Bits: (ParMarkBitMap*) 0x00007f496f826fc0
 Begin Bits: [0x00007f49574a0000, 0x00007f4958250000)
 End Bits:   [0x00007f4958250000, 0x00007f4959000000)

Polling page: 0x00007f4970678000

CodeCache: size=245760Kb used=9028Kb max_used=9040Kb free=236731Kb
 bounds [0x00007f4959000000, 0x00007f49598e0000, 0x00007f4968000000]
 total_blobs=3560 nmethods=2580 adapters=895
 compilation: enabled

Compilation events (10 events):
Event: 55,612 Thread 0x00007f49680aa000 nmethod 2728 0x00007f4959879c10 code [0x00007f4959879d60, 0x00007f4959879e38]
Event: 56,711 Thread 0x00007f49680ad000 2729       3       sun.java2d.xr.GrowableEltArray::getCharCnt (13 bytes)
Event: 56,711 Thread 0x00007f49680aa000 2730  s    4       java.awt.Toolkit::getDefaultToolkit (24 bytes)
Event: 56,712 Thread 0x00007f49680ad000 nmethod 2729 0x00007f495987bd10 code [0x00007f495987be80, 0x00007f495987c0d0]
Event: 56,713 Thread 0x00007f49680ad000 2733       3       sun.java2d.StateTrackableDelegate::markDirty (6 bytes)
Event: 56,714 Thread 0x00007f49680ad000 nmethod 2733 0x00007f495987b9d0 code [0x00007f495987bb20, 0x00007f495987bc90]
Event: 56,714 Thread 0x00007f49680ad000 2731       3       sun.font.XRGlyphCacheEntry::getXAdvance (16 bytes)
Event: 56,714 Thread 0x00007f49680ad000 nmethod 2731 0x00007f495987b690 code [0x00007f495987b800, 0x00007f495987b970]
Event: 56,714 Thread 0x00007f49680ad000 2732       3       sun.font.XRGlyphCacheEntry::getYAdvance (16 bytes)
Event: 56,715 Thread 0x00007f49680ad000 nmethod 2732 0x00007f495987b310 code [0x00007f495987b480, 0x00007f495987b5f0]

GC Heap History (10 events):
Event: 6,267 GC heap before
{Heap before GC invocations=4 (full 0):
 PSYoungGen      total 16896K, used 16819K [0x00000000edc00000, 0x00000000efd00000, 0x0000000100000000)
  eden space 14848K, 99% used [0x00000000edc00000,0x00000000eea74d88,0x00000000eea80000)
  from space 2048K, 98% used [0x00000000eea80000,0x00000000eec78060,0x00000000eec80000)
  to   space 2048K, 0% used [0x00000000efb00000,0x00000000efb00000,0x00000000efd00000)
 ParOldGen       total 38400K, used 7178K [0x00000000c9400000, 0x00000000cb980000, 0x00000000edc00000)
  object space 38400K, 18% used [0x00000000c9400000,0x00000000c9b02958,0x00000000cb980000)
 Metaspace       used 20046K, capacity 20257K, committed 20480K, reserved 1067008K
  class space    used 1916K, capacity 1986K, committed 2048K, reserved 1048576K
Event: 6,300 GC heap after
Heap after GC invocations=4 (full 0):
 PSYoungGen      total 31744K, used 2034K [0x00000000edc00000, 0x00000000efd00000, 0x0000000100000000)
  eden space 29696K, 0% used [0x00000000edc00000,0x00000000edc00000,0x00000000ef900000)
  from space 2048K, 99% used [0x00000000efb00000,0x00000000efcfc860,0x00000000efd00000)
  to   space 2048K, 0% used [0x00000000ef900000,0x00000000ef900000,0x00000000efb00000)
 ParOldGen       total 38400K, used 15240K [0x00000000c9400000, 0x00000000cb980000, 0x00000000edc00000)
  object space 38400K, 39% used [0x00000000c9400000,0x00000000ca2e21d8,0x00000000cb980000)
 Metaspace       used 20046K, capacity 20257K, committed 20480K, reserved 1067008K
  class space    used 1916K, capacity 1986K, committed 2048K, reserved 1048576K
}
Event: 8,932 GC heap before
{Heap before GC invocations=5 (full 0):
 PSYoungGen      total 31744K, used 20058K [0x00000000edc00000, 0x00000000efd00000, 0x0000000100000000)
  eden space 29696K, 60% used [0x00000000edc00000,0x00000000eed9a250,0x00000000ef900000)
  from space 2048K, 99% used [0x00000000efb00000,0x00000000efcfc860,0x00000000efd00000)
  to   space 2048K, 0% used [0x00000000ef900000,0x00000000ef900000,0x00000000efb00000)
 ParOldGen       total 38400K, used 15240K [0x00000000c9400000, 0x00000000cb980000, 0x00000000edc00000)
  object space 38400K, 39% used [0x00000000c9400000,0x00000000ca2e21d8,0x00000000cb980000)
 Metaspace       used 20804K, capacity 21027K, committed 21248K, reserved 1069056K
  class space    used 1950K, capacity 2023K, committed 2048K, reserved 1048576K
Event: 8,967 GC heap after
Heap after GC invocations=5 (full 0):
 PSYoungGen      total 31744K, used 2032K [0x00000000edc00000, 0x00000000f2a00000, 0x0000000100000000)
  eden space 29696K, 0% used [0x00000000edc00000,0x00000000edc00000,0x00000000ef900000)
  from space 2048K, 99% used [0x00000000ef900000,0x00000000efafc060,0x00000000efb00000)
  to   space 10240K, 0% used [0x00000000f2000000,0x00000000f2000000,0x00000000f2a00000)
 ParOldGen       total 38400K, used 17666K [0x00000000c9400000, 0x00000000cb980000, 0x00000000edc00000)
  object space 38400K, 46% used [0x00000000c9400000,0x00000000ca540a18,0x00000000cb980000)
 Metaspace       used 20804K, capacity 21027K, committed 21248K, reserved 1069056K
  class space    used 1950K, capacity 2023K, committed 2048K, reserved 1048576K
}
Event: 8,967 GC heap before
{Heap before GC invocations=6 (full 1):
 PSYoungGen      total 31744K, used 2032K [0x00000000edc00000, 0x00000000f2a00000, 0x0000000100000000)
  eden space 29696K, 0% used [0x00000000edc00000,0x00000000edc00000,0x00000000ef900000)
  from space 2048K, 99% used [0x00000000ef900000,0x00000000efafc060,0x00000000efb00000)
  to   space 10240K, 0% used [0x00000000f2000000,0x00000000f2000000,0x00000000f2a00000)
 ParOldGen       total 38400K, used 17666K [0x00000000c9400000, 0x00000000cb980000, 0x00000000edc00000)
  object space 38400K, 46% used [0x00000000c9400000,0x00000000ca540a18,0x00000000cb980000)
 Metaspace       used 20804K, capacity 21027K, committed 21248K, reserved 1069056K
  class space    used 1950K, capacity 2023K, committed 2048K, reserved 1048576K
Event: 9,095 GC heap after
Heap after GC invocations=6 (full 1):
 PSYoungGen      total 31744K, used 0K [0x00000000edc00000, 0x00000000f2a00000, 0x0000000100000000)
  eden space 29696K, 0% used [0x00000000edc00000,0x00000000edc00000,0x00000000ef900000)
  from space 2048K, 0% used [0x00000000ef900000,0x00000000ef900000,0x00000000efb00000)
  to   space 10240K, 0% used [0x00000000f2000000,0x00000000f2000000,0x00000000f2a00000)
 ParOldGen       total 45056K, used 13876K [0x00000000c9400000, 0x00000000cc000000, 0x00000000edc00000)
  object space 45056K, 30% used [0x00000000c9400000,0x00000000ca18d378,0x00000000cc000000)
 Metaspace       used 20804K, capacity 21027K, committed 21248K, reserved 1069056K
  class space    used 1950K, capacity 2023K, committed 2048K, reserved 1048576K
}
Event: 20,873 GC heap before
{Heap before GC invocations=7 (full 1):
 PSYoungGen      total 31744K, used 29696K [0x00000000edc00000, 0x00000000f2a00000, 0x0000000100000000)
  eden space 29696K, 100% used [0x00000000edc00000,0x00000000ef900000,0x00000000ef900000)
  from space 2048K, 0% used [0x00000000ef900000,0x00000000ef900000,0x00000000efb00000)
  to   space 10240K, 0% used [0x00000000f2000000,0x00000000f2000000,0x00000000f2a00000)
 ParOldGen       total 45056K, used 13876K [0x00000000c9400000, 0x00000000cc000000, 0x00000000edc00000)
  object space 45056K, 30% used [0x00000000c9400000,0x00000000ca18d378,0x00000000cc000000)
 Metaspace       used 21243K, capacity 21475K, committed 21760K, reserved 1069056K
  class space    used 1950K, capacity 2023K, committed 2048K, reserved 1048576K
Event: 20,881 GC heap after
Heap after GC invocations=7 (full 1):
 PSYoungGen      total 43008K, used 64K [0x00000000edc00000, 0x00000000f2080000, 0x0000000100000000)
  eden space 42496K, 0% used [0x00000000edc00000,0x00000000edc00000,0x00000000f0580000)
  from space 512K, 12% used [0x00000000f2000000,0x00000000f2010000,0x00000000f2080000)
  to   space 11264K, 0% used [0x00000000f0a80000,0x00000000f0a80000,0x00000000f1580000)
 ParOldGen       total 45056K, used 13884K [0x00000000c9400000, 0x00000000cc000000, 0x00000000edc00000)
  object space 45056K, 30% used [0x00000000c9400000,0x00000000ca18f378,0x00000000cc000000)
 Metaspace       used 21243K, capacity 21475K, committed 21760K, reserved 1069056K
  class space    used 1950K, capacity 2023K, committed 2048K, reserved 1048576K
}
Event: 38,194 GC heap before
{Heap before GC invocations=8 (full 1):
 PSYoungGen      total 43008K, used 42560K [0x00000000edc00000, 0x00000000f2080000, 0x0000000100000000)
  eden space 42496K, 100% used [0x00000000edc00000,0x00000000f0580000,0x00000000f0580000)
  from space 512K, 12% used [0x00000000f2000000,0x00000000f2010000,0x00000000f2080000)
  to   space 11264K, 0% used [0x00000000f0a80000,0x00000000f0a80000,0x00000000f1580000)
 ParOldGen       total 45056K, used 13884K [0x00000000c9400000, 0x00000000cc000000, 0x00000000edc00000)
  object space 45056K, 30% used [0x00000000c9400000,0x00000000ca18f378,0x00000000cc000000)
 Metaspace       used 21341K, capacity 21539K, committed 21760K, reserved 1069056K
  class space    used 1955K, capacity 2023K, committed 2048K, reserved 1048576K
Event: 38,200 GC heap after
Heap after GC invocations=8 (full 1):
 PSYoungGen      total 58880K, used 224K [0x00000000edc00000, 0x00000000f2a80000, 0x0000000100000000)
  eden space 47616K, 0% used [0x00000000edc00000,0x00000000edc00000,0x00000000f0a80000)
  from space 11264K, 1% used [0x00000000f0a80000,0x00000000f0ab8000,0x00000000f1580000)
  to   space 11264K, 0% used [0x00000000f1f80000,0x00000000f1f80000,0x00000000f2a80000)
 ParOldGen       total 45056K, used 13892K [0x00000000c9400000, 0x00000000cc000000, 0x00000000edc00000)
  object space 45056K, 30% used [0x00000000c9400000,0x00000000ca191378,0x00000000cc000000)
 Metaspace       used 21341K, capacity 21539K, committed 21760K, reserved 1069056K
  class space    used 1955K, capacity 2023K, committed 2048K, reserved 1048576K
}

Deoptimization events (10 events):
Event: 7,083 Thread 0x00007f4920003000 Uncommon trap: reason=unstable_if action=reinterpret pc=0x00007f49592553e0 method=java.lang.CharacterData.of(I)Ljava/lang/CharacterData; @ 4
Event: 48,791 Thread 0x00007f492000c000 Uncommon trap: reason=class_check action=maybe_recompile pc=0x00007f495989188c method=java.awt.EventQueue.coalesceEvent(Ljava/awt/AWTEvent;I)Z @ 32
Event: 48,824 Thread 0x00007f4920003000 Uncommon trap: reason=unstable_if action=reinterpret pc=0x00007f4959873600 method=java.awt.EventQueue.isDispatchThreadImpl()Z @ 65
Event: 48,828 Thread 0x00007f4920003000 Uncommon trap: reason=class_check action=maybe_recompile pc=0x00007f495989188c method=java.awt.EventQueue.coalesceEvent(Ljava/awt/AWTEvent;I)Z @ 32
Event: 50,685 Thread 0x00007f4920003000 Uncommon trap: reason=class_check action=maybe_recompile pc=0x00007f495989188c method=java.awt.EventQueue.coalesceEvent(Ljava/awt/AWTEvent;I)Z @ 32
Event: 51,635 Thread 0x00007f492000c000 Uncommon trap: reason=class_check action=maybe_recompile pc=0x00007f495989188c method=java.awt.EventQueue.coalesceEvent(Ljava/awt/AWTEvent;I)Z @ 32
Event: 51,795 Thread 0x00007f4920003000 Uncommon trap: reason=unstable_if action=reinterpret pc=0x00007f49594c4250 method=java.awt.EventQueue.uncacheEQItem(Lsun/awt/EventQueueItem;)V @ 10
Event: 56,708 Thread 0x00007f4920003000 Uncommon trap: reason=unstable_if action=reinterpret pc=0x00007f4959879dbc method=java.awt.EventQueue.eventToCacheIndex(Ljava/awt/AWTEvent;)I @ 71
Event: 56,709 Thread 0x00007f4968306800 Uncommon trap: reason=unstable_if action=reinterpret pc=0x00007f49598c396c method=java.awt.EventQueue.getPriority(Ljava/awt/AWTEvent;)I @ 71
Event: 56,710 Thread 0x00007f49682ee800 Uncommon trap: reason=unstable_if action=reinterpret pc=0x00007f49596f1bc4 method=java.awt.font.FontRenderContext.equals(Ljava/awt/font/FontRenderContext;)Z @ 2

Internal exceptions (10 events):
Event: 4,166 Thread 0x00007f4920003000 Implicit null exception at 0x00007f49591d22b5 to 0x00007f49591d25f5
Event: 5,687 Thread 0x00007f4920003000 Exception <a 'java/lang/reflect/InvocationTargetException'> (0x00000000ee39c5b0) thrown at [/build/openjdk-8-W1Ghxo/openjdk-8-8u91-b14/src/hotspot/src/share/vm/runtime/reflection.cpp, line 1092]
Event: 5,694 Thread 0x00007f4920003000 Exception <a 'java/lang/reflect/InvocationTargetException'> (0x00000000ee39cfa0) thrown at [/build/openjdk-8-W1Ghxo/openjdk-8-8u91-b14/src/hotspot/src/share/vm/runtime/reflection.cpp, line 1092]
Event: 7,285 Thread 0x00007f4920003000 Exception <a 'java/lang/reflect/InvocationTargetException'> (0x00000000ee8ea028) thrown at [/build/openjdk-8-W1Ghxo/openjdk-8-8u91-b14/src/hotspot/src/share/vm/runtime/reflection.cpp, line 1092]
Event: 7,291 Thread 0x00007f4920003000 Exception <a 'java/lang/reflect/InvocationTargetException'> (0x00000000ee8eb368) thrown at [/build/openjdk-8-W1Ghxo/openjdk-8-8u91-b14/src/hotspot/src/share/vm/runtime/reflection.cpp, line 1092]
Event: 7,675 Thread 0x00007f4920003000 Exception <a 'java/lang/reflect/InvocationTargetException'> (0x00000000eea52a88) thrown at [/build/openjdk-8-W1Ghxo/openjdk-8-8u91-b14/src/hotspot/src/share/vm/runtime/reflection.cpp, line 1092]
Event: 7,690 Thread 0x00007f4920003000 Exception <a 'java/lang/reflect/InvocationTargetException'> (0x00000000eea53f88) thrown at [/build/openjdk-8-W1Ghxo/openjdk-8-8u91-b14/src/hotspot/src/share/vm/runtime/reflection.cpp, line 1092]
Event: 7,913 Thread 0x00007f4920003000 Exception <a 'java/lang/reflect/InvocationTargetException'> (0x00000000eea6f4d0) thrown at [/build/openjdk-8-W1Ghxo/openjdk-8-8u91-b14/src/hotspot/src/share/vm/runtime/reflection.cpp, line 1092]
Event: 7,915 Thread 0x00007f4920003000 Exception <a 'java/lang/reflect/InvocationTargetException'> (0x00000000eea6fc88) thrown at [/build/openjdk-8-W1Ghxo/openjdk-8-8u91-b14/src/hotspot/src/share/vm/runtime/reflection.cpp, line 1092]
Event: 7,985 Thread 0x00007f4920003000 Exception <a 'java/lang/reflect/InvocationTargetException'> (0x00000000eea8c1d0) thrown at [/build/openjdk-8-W1Ghxo/openjdk-8-8u91-b14/src/hotspot/src/share/vm/runtime/reflection.cpp, line 1092]

Events (10 events):
Event: 56,707 loading class sun/awt/SunToolkit$1 done
Event: 56,708 Thread 0x00007f4920003000 Uncommon trap: trap_request=0xffffff65 fr.pc=0x00007f4959879dbc
Event: 56,708 Thread 0x00007f4920003000 DEOPT PACKING pc=0x00007f4959879dbc sp=0x00007f492e28daa0
Event: 56,708 Thread 0x00007f4920003000 DEOPT UNPACKING pc=0x00007f4959004f69 sp=0x00007f492e28da50 mode 2
Event: 56,709 Thread 0x00007f4968306800 Uncommon trap: trap_request=0xffffff65 fr.pc=0x00007f49598c396c
Event: 56,709 Thread 0x00007f4968306800 DEOPT PACKING pc=0x00007f49598c396c sp=0x00007f492edbd600
Event: 56,709 Thread 0x00007f4968306800 DEOPT UNPACKING pc=0x00007f4959004f69 sp=0x00007f492edbd510 mode 2
Event: 56,710 Thread 0x00007f49682ee800 Uncommon trap: trap_request=0xffffff65 fr.pc=0x00007f49596f1bc4
Event: 56,710 Thread 0x00007f49682ee800 DEOPT PACKING pc=0x00007f49596f1bc4 sp=0x00007f492efbf5a0
Event: 56,710 Thread 0x00007f49682ee800 DEOPT UNPACKING pc=0x00007f4959004f69 sp=0x00007f492efbf4f8 mode 2


Dynamic libraries:
00400000-00401000 r-xp 00000000 08:06 2233749                            /usr/lib/jvm/java-8-openjdk-amd64/jre/bin/java
00600000-00601000 r--p 00000000 08:06 2233749                            /usr/lib/jvm/java-8-openjdk-amd64/jre/bin/java
00601000-00602000 rw-p 00001000 08:06 2233749                            /usr/lib/jvm/java-8-openjdk-amd64/jre/bin/java
016dc000-0171a000 rw-p 00000000 00:00 0                                  [heap]
c9400000-cc000000 rw-p 00000000 00:00 0 
cc000000-edc00000 ---p 00000000 00:00 0 
edc00000-f2a80000 rw-p 00000000 00:00 0 
f2a80000-100000000 ---p 00000000 00:00 0 
100000000-100200000 rw-p 00000000 00:00 0 
100200000-140000000 ---p 00000000 00:00 0 
7f490f361000-7f490f364000 ---p 00000000 00:00 0 
7f490f364000-7f490f462000 rw-p 00000000 00:00 0 
7f490f462000-7f490f465000 ---p 00000000 00:00 0 
7f490f465000-7f490f563000 rw-p 00000000 00:00 0 
7f490f563000-7f490f566000 ---p 00000000 00:00 0 
7f490f566000-7f490f7e4000 rw-p 00000000 00:00 0 
7f490f7e4000-7f490f867000 ---p 00000000 00:00 0 
7f490f867000-7f490f965000 rw-p 00000000 00:00 0 
7f490f965000-7f490f968000 ---p 00000000 00:00 0 
7f490f968000-7f490fa66000 rw-p 00000000 00:00 0 
7f490fa66000-7f490fa69000 ---p 00000000 00:00 0 
7f490fa69000-7f490fb67000 rw-p 00000000 00:00 0 
7f490fb67000-7f490fb6a000 ---p 00000000 00:00 0 
7f490fb6a000-7f490fc68000 rw-p 00000000 00:00 0 
7f490fc80000-7f490fc81000 rw-s 14a91a000 00:06 252                       /dev/dri/card0
7f490fc81000-7f490fc82000 rw-s 14a919000 00:06 252                       /dev/dri/card0
7f490fc82000-7f490fc83000 rw-s 14a918000 00:06 252                       /dev/dri/card0
7f490fc83000-7f490fc84000 rw-s 146d86000 00:06 252                       /dev/dri/card0
7f490fc84000-7f490fc85000 rw-s 146d81000 00:06 252                       /dev/dri/card0
7f490fc85000-7f490fc86000 rw-s 146d7f000 00:06 252                       /dev/dri/card0
7f490fc86000-7f490fc87000 rw-s 146d7e000 00:06 252                       /dev/dri/card0
7f490fedd000-7f491012a000 rw-p 00000000 00:00 0 
7f491019d000-7f49101a0000 ---p 00000000 00:00 0 
7f49101a0000-7f491029e000 rw-p 00000000 00:00 0 
7f491029e000-7f49102a1000 ---p 00000000 00:00 0 
7f49102a1000-7f4910607000 rw-p 00000000 00:00 0 
7f4910607000-7f491061e000 r-xp 00000000 08:06 2757803                    /lib/x86_64-linux-gnu/libresolv-2.23.so
7f491061e000-7f491081e000 ---p 00017000 08:06 2757803                    /lib/x86_64-linux-gnu/libresolv-2.23.so
7f491081e000-7f491081f000 r--p 00017000 08:06 2757803                    /lib/x86_64-linux-gnu/libresolv-2.23.so
7f491081f000-7f4910820000 rw-p 00018000 08:06 2757803                    /lib/x86_64-linux-gnu/libresolv-2.23.so
7f4910820000-7f4910822000 rw-p 00000000 00:00 0 
7f4910822000-7f4910827000 r-xp 00000000 08:06 2757748                    /lib/x86_64-linux-gnu/libnss_dns-2.23.so
7f4910827000-7f4910a27000 ---p 00005000 08:06 2757748                    /lib/x86_64-linux-gnu/libnss_dns-2.23.so
7f4910a27000-7f4910a28000 r--p 00005000 08:06 2757748                    /lib/x86_64-linux-gnu/libnss_dns-2.23.so
7f4910a28000-7f4910a29000 rw-p 00006000 08:06 2757748                    /lib/x86_64-linux-gnu/libnss_dns-2.23.so
7f4910a29000-7f4910a2b000 r-xp 00000000 08:06 2757756                    /lib/x86_64-linux-gnu/libnss_mdns4_minimal.so.2
7f4910a2b000-7f4910c2a000 ---p 00002000 08:06 2757756                    /lib/x86_64-linux-gnu/libnss_mdns4_minimal.so.2
7f4910c2a000-7f4910c2b000 r--p 00001000 08:06 2757756                    /lib/x86_64-linux-gnu/libnss_mdns4_minimal.so.2
7f4910c2b000-7f4910c2c000 rw-p 00002000 08:06 2757756                    /lib/x86_64-linux-gnu/libnss_mdns4_minimal.so.2
7f4910c2c000-7f4910e2c000 rw-p 00000000 00:00 0 
7f4910e2c000-7f4910e2d000 ---p 00000000 00:00 0 
7f4910e2d000-7f491162d000 rw-p 00000000 00:00 0 
7f491162d000-7f4913b1f000 r-xp 00000000 08:06 2230406                    /usr/lib/x86_64-linux-gnu/libLLVM-3.8.so.1
7f4913b1f000-7f4913d1f000 ---p 024f2000 08:06 2230406                    /usr/lib/x86_64-linux-gnu/libLLVM-3.8.so.1
7f4913d1f000-7f4913fd4000 r--p 024f2000 08:06 2230406                    /usr/lib/x86_64-linux-gnu/libLLVM-3.8.so.1
7f4913fd4000-7f4913fd6000 rw-p 027a7000 08:06 2230406                    /usr/lib/x86_64-linux-gnu/libLLVM-3.8.so.1
7f4913fd6000-7f4914000000 rw-p 00000000 00:00 0 
7f4914000000-7f491405e000 rw-p 00000000 00:00 0 
7f491405e000-7f4918000000 ---p 00000000 00:00 0 
7f4918147000-7f4918247000 rw-s 13a30d000 00:06 252                       /dev/dri/card0
7f4918247000-7f4918249000 r-xp 00000000 08:06 2237699                    /usr/lib/x86_64-linux-gnu/libXinerama.so.1.0.0
7f4918249000-7f4918448000 ---p 00002000 08:06 2237699                    /usr/lib/x86_64-linux-gnu/libXinerama.so.1.0.0
7f4918448000-7f4918449000 r--p 00001000 08:06 2237699                    /usr/lib/x86_64-linux-gnu/libXinerama.so.1.0.0
7f4918449000-7f491844a000 rw-p 00002000 08:06 2237699                    /usr/lib/x86_64-linux-gnu/libXinerama.so.1.0.0
7f491844a000-7f4918481000 r-xp 00000000 08:06 2238861                    /usr/lib/x86_64-linux-gnu/libtxc_dxtn_s2tc.so.0.0.0
7f4918481000-7f4918680000 ---p 00037000 08:06 2238861                    /usr/lib/x86_64-linux-gnu/libtxc_dxtn_s2tc.so.0.0.0
7f4918680000-7f4918681000 r--p 00036000 08:06 2238861                    /usr/lib/x86_64-linux-gnu/libtxc_dxtn_s2tc.so.0.0.0
7f4918681000-7f4918682000 rw-p 00037000 08:06 2238861                    /usr/lib/x86_64-linux-gnu/libtxc_dxtn_s2tc.so.0.0.0
7f4918682000-7f4918695000 r-xp 00000000 08:06 2757647                    /lib/x86_64-linux-gnu/libbsd.so.0.8.2
7f4918695000-7f4918894000 ---p 00013000 08:06 2757647                    /lib/x86_64-linux-gnu/libbsd.so.0.8.2
7f4918894000-7f4918895000 r--p 00012000 08:06 2757647                    /lib/x86_64-linux-gnu/libbsd.so.0.8.2
7f4918895000-7f4918896000 rw-p 00013000 08:06 2757647                    /lib/x86_64-linux-gnu/libbsd.so.0.8.2
7f4918896000-7f4918897000 rw-p 00000000 00:00 0 
7f4918897000-7f49188bc000 r-xp 00000000 08:06 2757823                    /lib/x86_64-linux-gnu/libtinfo.so.5.9
7f49188bc000-7f4918abb000 ---p 00025000 08:06 2757823                    /lib/x86_64-linux-gnu/libtinfo.so.5.9
7f4918abb000-7f4918abf000 r--p 00024000 08:06 2757823                    /lib/x86_64-linux-gnu/libtinfo.so.5.9
7f4918abf000-7f4918ac0000 rw-p 00028000 08:06 2757823                    /lib/x86_64-linux-gnu/libtinfo.so.5.9
7f4918ac0000-7f4918af1000 r-xp 00000000 08:06 2238011                    /usr/lib/x86_64-linux-gnu/libedit.so.2.0.53
7f4918af1000-7f4918cf1000 ---p 00031000 08:06 2238011                    /usr/lib/x86_64-linux-gnu/libedit.so.2.0.53
7f4918cf1000-7f4918cf3000 r--p 00031000 08:06 2238011                    /usr/lib/x86_64-linux-gnu/libedit.so.2.0.53
7f4918cf3000-7f4918cf4000 rw-p 00033000 08:06 2238011                    /usr/lib/x86_64-linux-gnu/libedit.so.2.0.53
7f4918cf4000-7f4918cf8000 rw-p 00000000 00:00 0 
7f4918cf8000-7f4918d0f000 r-xp 00000000 08:06 2238016                    /usr/lib/x86_64-linux-gnu/libelf-0.165.so
7f4918d0f000-7f4918f0e000 ---p 00017000 08:06 2238016                    /usr/lib/x86_64-linux-gnu/libelf-0.165.so
7f4918f0e000-7f4918f0f000 r--p 00016000 08:06 2238016                    /usr/lib/x86_64-linux-gnu/libelf-0.165.so
7f4918f0f000-7f4918f10000 rw-p 00017000 08:06 2238016                    /usr/lib/x86_64-linux-gnu/libelf-0.165.so
7f4918f10000-7f4918f17000 r-xp 00000000 08:06 2229660                    /usr/lib/x86_64-linux-gnu/libdrm_amdgpu.so.1.0.0
7f4918f17000-7f4919116000 ---p 00007000 08:06 2229660                    /usr/lib/x86_64-linux-gnu/libdrm_amdgpu.so.1.0.0
7f4919116000-7f4919117000 r--p 00006000 08:06 2229660                    /usr/lib/x86_64-linux-gnu/libdrm_amdgpu.so.1.0.0
7f4919117000-7f4919118000 rw-p 00007000 08:06 2229660                    /usr/lib/x86_64-linux-gnu/libdrm_amdgpu.so.1.0.0
7f4919118000-7f4919123000 r-xp 00000000 08:06 2229666                    /usr/lib/x86_64-linux-gnu/libdrm_radeon.so.1.0.1
7f4919123000-7f4919322000 ---p 0000b000 08:06 2229666                    /usr/lib/x86_64-linux-gnu/libdrm_radeon.so.1.0.1
7f4919322000-7f4919323000 r--p 0000a000 08:06 2229666                    /usr/lib/x86_64-linux-gnu/libdrm_radeon.so.1.0.1
7f4919323000-7f4919324000 rw-p 0000b000 08:06 2229666                    /usr/lib/x86_64-linux-gnu/libdrm_radeon.so.1.0.1
7f4919324000-7f491932b000 r-xp 00000000 08:06 2229664                    /usr/lib/x86_64-linux-gnu/libdrm_nouveau.so.2.0.0
7f491932b000-7f491952a000 ---p 00007000 08:06 2229664                    /usr/lib/x86_64-linux-gnu/libdrm_nouveau.so.2.0.0
7f491952a000-7f491952b000 r--p 00006000 08:06 2229664                    /usr/lib/x86_64-linux-gnu/libdrm_nouveau.so.2.0.0
7f491952b000-7f491952c000 rw-p 00007000 08:06 2229664                    /usr/lib/x86_64-linux-gnu/libdrm_nouveau.so.2.0.0
7f491952c000-7f4919df3000 r-xp 00000000 08:06 2493203                    /usr/lib/x86_64-linux-gnu/dri/r600_dri.so
7f4919df3000-7f4919ff2000 ---p 008c7000 08:06 2493203                    /usr/lib/x86_64-linux-gnu/dri/r600_dri.so
7f4919ff2000-7f491a066000 r--p 008c6000 08:06 2493203                    /usr/lib/x86_64-linux-gnu/dri/r600_dri.so
7f491a066000-7f491a075000 rw-p 0093a000 08:06 2493203                    /usr/lib/x86_64-linux-gnu/dri/r600_dri.so
7f491a075000-7f491a26b000 rw-p 00000000 00:00 0 
7f491a26b000-7f491a271000 r-xp 00000000 08:06 2491604                    /usr/lib/x86_64-linux-gnu/mesa-egl/libGLESv2.so.2.0.0
7f491a271000-7f491a471000 ---p 00006000 08:06 2491604                    /usr/lib/x86_64-linux-gnu/mesa-egl/libGLESv2.so.2.0.0
7f491a471000-7f491a472000 r--p 00006000 08:06 2491604                    /usr/lib/x86_64-linux-gnu/mesa-egl/libGLESv2.so.2.0.0
7f491a472000-7f491a473000 rw-p 00007000 08:06 2491604                    /usr/lib/x86_64-linux-gnu/mesa-egl/libGLESv2.so.2.0.0
7f491a473000-7f491a4b8000 r-xp 00000000 08:06 2097194                    /tmp/jogamp_0000/file_cache/jln4125537757589962487/jln9116821764513437536/libjogl_mobile.so
7f491a4b8000-7f491a6b8000 ---p 00045000 08:06 2097194                    /tmp/jogamp_0000/file_cache/jln4125537757589962487/jln9116821764513437536/libjogl_mobile.so
7f491a6b8000-7f491a6b9000 rw-p 00045000 08:06 2097194                    /tmp/jogamp_0000/file_cache/jln4125537757589962487/jln9116821764513437536/libjogl_mobile.so
7f491a6b9000-7f491a6c0000 r-xp 00000000 08:06 2238059                    /usr/lib/x86_64-linux-gnu/libffi.so.6.0.4
7f491a6c0000-7f491a8bf000 ---p 00007000 08:06 2238059                    /usr/lib/x86_64-linux-gnu/libffi.so.6.0.4
7f491a8bf000-7f491a8c0000 r--p 00006000 08:06 2238059                    /usr/lib/x86_64-linux-gnu/libffi.so.6.0.4
7f491a8c0000-7f491a8c1000 rw-p 00007000 08:06 2238059                    /usr/lib/x86_64-linux-gnu/libffi.so.6.0.4
7f491a8c1000-7f491a8cd000 r-xp 00000000 08:06 2228798                    /usr/lib/x86_64-linux-gnu/libgbm.so.1.0.0
7f491a8cd000-7f491aacd000 ---p 0000c000 08:06 2228798                    /usr/lib/x86_64-linux-gnu/libgbm.so.1.0.0
7f491aacd000-7f491aace000 r--p 0000c000 08:06 2228798                    /usr/lib/x86_64-linux-gnu/libgbm.so.1.0.0
7f491aace000-7f491aacf000 rw-p 0000d000 08:06 2228798                    /usr/lib/x86_64-linux-gnu/libgbm.so.1.0.0
7f491aacf000-7f491aade000 r-xp 00000000 08:06 2238952                    /usr/lib/x86_64-linux-gnu/libwayland-server.so.0.1.0
7f491aade000-7f491acdd000 ---p 0000f000 08:06 2238952                    /usr/lib/x86_64-linux-gnu/libwayland-server.so.0.1.0
7f491acdd000-7f491acdf000 r--p 0000e000 08:06 2238952                    /usr/lib/x86_64-linux-gnu/libwayland-server.so.0.1.0
7f491acdf000-7f491ace0000 rw-p 00010000 08:06 2238952                    /usr/lib/x86_64-linux-gnu/libwayland-server.so.0.1.0
7f491ace0000-7f491acec000 r-xp 00000000 08:06 2238946                    /usr/lib/x86_64-linux-gnu/libwayland-client.so.0.3.0
7f491acec000-7f491aeeb000 ---p 0000c000 08:06 2238946                    /usr/lib/x86_64-linux-gnu/libwayland-client.so.0.3.0
7f491aeeb000-7f491aeed000 r--p 0000b000 08:06 2238946                    /usr/lib/x86_64-linux-gnu/libwayland-client.so.0.3.0
7f491aeed000-7f491aeee000 rw-p 0000d000 08:06 2238946                    /usr/lib/x86_64-linux-gnu/libwayland-client.so.0.3.0
7f491aeee000-7f491aef4000 r-xp 00000000 08:06 2239050                    /usr/lib/x86_64-linux-gnu/libxcb-xfixes.so.0.0.0
7f491aef4000-7f491b0f4000 ---p 00006000 08:06 2239050                    /usr/lib/x86_64-linux-gnu/libxcb-xfixes.so.0.0.0
7f491b0f4000-7f491b0f5000 r--p 00006000 08:06 2239050                    /usr/lib/x86_64-linux-gnu/libxcb-xfixes.so.0.0.0
7f491b0f5000-7f491b0f6000 rw-p 00007000 08:06 2239050                    /usr/lib/x86_64-linux-gnu/libxcb-xfixes.so.0.0.0
7f491b0f6000-7f491b126000 r-xp 00000000 08:06 2493233                    /usr/lib/x86_64-linux-gnu/mesa-egl/libEGL.so.1.0.0
7f491b126000-7f491b326000 ---p 00030000 08:06 2493233                    /usr/lib/x86_64-linux-gnu/mesa-egl/libEGL.so.1.0.0
7f491b326000-7f491b327000 r--p 00030000 08:06 2493233                    /usr/lib/x86_64-linux-gnu/mesa-egl/libEGL.so.1.0.0
7f491b327000-7f491b328000 rw-p 00031000 08:06 2493233                    /usr/lib/x86_64-linux-gnu/mesa-egl/libEGL.so.1.0.0
7f491b328000-7f491b3cd000 r-xp 00000000 08:06 2097189                    /tmp/jogamp_0000/file_cache/jln4125537757589962487/jln9116821764513437536/libjogl_desktop.so
7f491b3cd000-7f491b5cd000 ---p 000a5000 08:06 2097189                    /tmp/jogamp_0000/file_cache/jln4125537757589962487/jln9116821764513437536/libjogl_desktop.so
7f491b5cd000-7f491b5ce000 rw-p 000a5000 08:06 2097189                    /tmp/jogamp_0000/file_cache/jln4125537757589962487/jln9116821764513437536/libjogl_desktop.so
7f491b5ce000-7f491b5dc000 r-xp 00000000 08:06 2228334                    /usr/lib/x86_64-linux-gnu/libdrm.so.2.4.0
7f491b5dc000-7f491b7db000 ---p 0000e000 08:06 2228334                    /usr/lib/x86_64-linux-gnu/libdrm.so.2.4.0
7f491b7db000-7f491b7dc000 r--p 0000d000 08:06 2228334                    /usr/lib/x86_64-linux-gnu/libdrm.so.2.4.0
7f491b7dc000-7f491b7dd000 rw-p 0000e000 08:06 2228334                    /usr/lib/x86_64-linux-gnu/libdrm.so.2.4.0
7f491b7dd000-7f491b7e1000 r-xp 00000000 08:06 2239022                    /usr/lib/x86_64-linux-gnu/libxcb-dri2.so.0.0.0
7f491b7e1000-7f491b9e0000 ---p 00004000 08:06 2239022                    /usr/lib/x86_64-linux-gnu/libxcb-dri2.so.0.0.0
7f491b9e0000-7f491b9e1000 r--p 00003000 08:06 2239022                    /usr/lib/x86_64-linux-gnu/libxcb-dri2.so.0.0.0
7f491b9e1000-7f491b9e2000 rw-p 00004000 08:06 2239022                    /usr/lib/x86_64-linux-gnu/libxcb-dri2.so.0.0.0
7f491b9e2000-7f491b9f9000 r-xp 00000000 08:06 2239026                    /usr/lib/x86_64-linux-gnu/libxcb-glx.so.0.0.0
7f491b9f9000-7f491bbf8000 ---p 00017000 08:06 2239026                    /usr/lib/x86_64-linux-gnu/libxcb-glx.so.0.0.0
7f491bbf8000-7f491bbfa000 r--p 00016000 08:06 2239026                    /usr/lib/x86_64-linux-gnu/libxcb-glx.so.0.0.0
7f491bbfa000-7f491bbfb000 rw-p 00018000 08:06 2239026                    /usr/lib/x86_64-linux-gnu/libxcb-glx.so.0.0.0
7f491bbfb000-7f491bbfc000 r-xp 00000000 08:06 2237670                    /usr/lib/x86_64-linux-gnu/libX11-xcb.so.1.0.0
7f491bbfc000-7f491bdfb000 ---p 00001000 08:06 2237670                    /usr/lib/x86_64-linux-gnu/libX11-xcb.so.1.0.0
7f491bdfb000-7f491bdfc000 r--p 00000000 08:06 2237670                    /usr/lib/x86_64-linux-gnu/libX11-xcb.so.1.0.0
7f491bdfc000-7f491bdfd000 rw-p 00001000 08:06 2237670                    /usr/lib/x86_64-linux-gnu/libX11-xcb.so.1.0.0
7f491bdfd000-7f491bdff000 r-xp 00000000 08:06 2237685                    /usr/lib/x86_64-linux-gnu/libXdamage.so.1.1.0
7f491bdff000-7f491bffe000 ---p 00002000 08:06 2237685                    /usr/lib/x86_64-linux-gnu/libXdamage.so.1.1.0
7f491bffe000-7f491bfff000 r--p 00001000 08:06 2237685                    /usr/lib/x86_64-linux-gnu/libXdamage.so.1.1.0
7f491bfff000-7f491c000000 rw-p 00002000 08:06 2237685                    /usr/lib/x86_64-linux-gnu/libXdamage.so.1.1.0
7f491c000000-7f491c5e2000 rw-p 00000000 00:00 0 
7f491c5e2000-7f4920000000 ---p 00000000 00:00 0 
7f4920000000-7f4920940000 rw-p 00000000 00:00 0 
7f4920940000-7f4924000000 ---p 00000000 00:00 0 
7f4924000000-7f4924021000 rw-p 00000000 00:00 0 
7f4924021000-7f4928000000 ---p 00000000 00:00 0 
7f4928000000-7f4928021000 rw-p 00000000 00:00 0 
7f4928021000-7f492c000000 ---p 00000000 00:00 0 
7f492c00f000-7f492c011000 rw-s 14b3cd000 00:06 252                       /dev/dri/card0
7f492c011000-7f492c037000 rw-s 14b39f000 00:06 252                       /dev/dri/card0
7f492c037000-7f492c041000 rw-s 14b395000 00:06 252                       /dev/dri/card0
7f492c041000-7f492c067000 rw-s 14b36f000 00:06 252                       /dev/dri/card0
7f492c067000-7f492c072000 r--s 00000000 08:06 926427                     /var/cache/fontconfig/945677eb7aeaf62f1d50efc3fb3ec7d8-le64.cache-6
7f492c072000-7f492c078000 r--s 00000000 08:06 926425                     /var/cache/fontconfig/2cd17615ca594fa2959ae173292e504c-le64.cache-6
7f492c078000-7f492c079000 r--s 00000000 08:06 926424                     /var/cache/fontconfig/0d8c3b2ac0904cb8a57a757ad11a4a08-le64.cache-6
7f492c079000-7f492c08e000 r--s 00000000 08:06 926404                     /var/cache/fontconfig/04aabc0a78ac019cf9454389977116d2-le64.cache-6
7f492c08e000-7f492c08f000 r--s 00000000 08:06 926423                     /var/cache/fontconfig/1ac9eb803944fde146138c791f5cc56a-le64.cache-6
7f492c08f000-7f492c093000 r--s 00000000 08:06 926422                     /var/cache/fontconfig/385c0604a188198f04d133e54aba7fe7-le64.cache-6
7f492c093000-7f492c098000 r--s 00000000 08:06 926418                     /var/cache/fontconfig/8801497958630a81b71ace7c5f9b32a8-le64.cache-6
7f492c098000-7f492c09f000 r--s 00000000 08:06 926416                     /var/cache/fontconfig/3047814df9a2f067bd2d96a2b9c36e5a-le64.cache-6
7f492c09f000-7f492c0b2000 r--s 00000000 08:06 926412                     /var/cache/fontconfig/d52a8644073d54c13679302ca1180695-le64.cache-6
7f492c0b2000-7f492c0bd000 r--s 00000000 08:06 926743                     /var/cache/fontconfig/d589a48862398ed80a3d6066f4f56f4c-le64.cache-6
7f492c0bd000-7f492c0cf000 r--s 00000000 08:06 923280                     /var/cache/fontconfig/9b89f8e3dae116d678bbf48e5f21f69b-le64.cache-6
7f492c0cf000-7f492c0d7000 rw-s 14b3c5000 00:06 252                       /dev/dri/card0
7f492c0e7000-7f492c110000 r-xp 00000000 08:06 2230410                    /usr/lib/x86_64-linux-gnu/libglapi.so.0.0.0
7f492c110000-7f492c30f000 ---p 00029000 08:06 2230410                    /usr/lib/x86_64-linux-gnu/libglapi.so.0.0.0
7f492c30f000-7f492c313000 r--p 00028000 08:06 2230410                    /usr/lib/x86_64-linux-gnu/libglapi.so.0.0.0
7f492c313000-7f492c314000 rw-p 0002c000 08:06 2230410                    /usr/lib/x86_64-linux-gnu/libglapi.so.0.0.0
7f492c314000-7f492c315000 rw-p 00000000 00:00 0 
7f492c315000-7f492c316000 r-xp 00000000 08:06 2239066                    /usr/lib/x86_64-linux-gnu/libxshmfence.so.1.0.0
7f492c316000-7f492c516000 ---p 00001000 08:06 2239066                    /usr/lib/x86_64-linux-gnu/libxshmfence.so.1.0.0
7f492c516000-7f492c517000 r--p 00001000 08:06 2239066                    /usr/lib/x86_64-linux-gnu/libxshmfence.so.1.0.0
7f492c517000-7f492c518000 rw-p 00002000 08:06 2239066                    /usr/lib/x86_64-linux-gnu/libxshmfence.so.1.0.0
7f492c518000-7f492c51d000 r-xp 00000000 08:06 2239046                    /usr/lib/x86_64-linux-gnu/libxcb-sync.so.1.0.0
7f492c51d000-7f492c71d000 ---p 00005000 08:06 2239046                    /usr/lib/x86_64-linux-gnu/libxcb-sync.so.1.0.0
7f492c71d000-7f492c71e000 r--p 00005000 08:06 2239046                    /usr/lib/x86_64-linux-gnu/libxcb-sync.so.1.0.0
7f492c71e000-7f492c71f000 rw-p 00006000 08:06 2239046                    /usr/lib/x86_64-linux-gnu/libxcb-sync.so.1.0.0
7f492c71f000-7f492c721000 r-xp 00000000 08:06 2239034                    /usr/lib/x86_64-linux-gnu/libxcb-present.so.0.0.0
7f492c721000-7f492c920000 ---p 00002000 08:06 2239034                    /usr/lib/x86_64-linux-gnu/libxcb-present.so.0.0.0
7f492c920000-7f492c921000 r--p 00001000 08:06 2239034                    /usr/lib/x86_64-linux-gnu/libxcb-present.so.0.0.0
7f492c921000-7f492c922000 rw-p 00002000 08:06 2239034                    /usr/lib/x86_64-linux-gnu/libxcb-present.so.0.0.0
7f492c922000-7f492c924000 r-xp 00000000 08:06 2239024                    /usr/lib/x86_64-linux-gnu/libxcb-dri3.so.0.0.0
7f492c924000-7f492cb23000 ---p 00002000 08:06 2239024                    /usr/lib/x86_64-linux-gnu/libxcb-dri3.so.0.0.0
7f492cb23000-7f492cb24000 r--p 00001000 08:06 2239024                    /usr/lib/x86_64-linux-gnu/libxcb-dri3.so.0.0.0
7f492cb24000-7f492cb25000 rw-p 00002000 08:06 2239024                    /usr/lib/x86_64-linux-gnu/libxcb-dri3.so.0.0.0
7f492cb25000-7f492cb4b000 r-xp 00000000 08:06 2757682                    /lib/x86_64-linux-gnu/libexpat.so.1.6.0
7f492cb4b000-7f492cd4b000 ---p 00026000 08:06 2757682                    /lib/x86_64-linux-gnu/libexpat.so.1.6.0
7f492cd4b000-7f492cd4d000 r--p 00026000 08:06 2757682                    /lib/x86_64-linux-gnu/libexpat.so.1.6.0
7f492cd4d000-7f492cd4e000 rw-p 00028000 08:06 2757682                    /lib/x86_64-linux-gnu/libexpat.so.1.6.0
7f492cd4e000-7f492cdbb000 r-xp 00000000 08:06 2490943                    /usr/lib/x86_64-linux-gnu/mesa/libGL.so.1.2.0
7f492cdbb000-7f492cfba000 ---p 0006d000 08:06 2490943                    /usr/lib/x86_64-linux-gnu/mesa/libGL.so.1.2.0
7f492cfba000-7f492cfbd000 r--p 0006c000 08:06 2490943                    /usr/lib/x86_64-linux-gnu/mesa/libGL.so.1.2.0
7f492cfbd000-7f492cfbe000 rw-p 0006f000 08:06 2490943                    /usr/lib/x86_64-linux-gnu/mesa/libGL.so.1.2.0
7f492cfbe000-7f492d1bf000 rw-p 00000000 00:00 0 
7f492d1bf000-7f492d3bf000 rw-p 00000000 00:00 0 
7f492d3bf000-7f492d3c2000 r--s 00000000 08:06 926420                     /var/cache/fontconfig/767a8244fc0220cfb567a839d0392e0b-le64.cache-6
7f492d3c2000-7f492d3cd000 r--s 00000000 08:06 926405                     /var/cache/fontconfig/83bf95040141907cd45bb53cf7c1c148-le64.cache-6
7f492d3e5000-7f492d3e6000 r--s 00000000 08:06 926421                     /var/cache/fontconfig/dc05db6664285cc2f12bf69c139ae4c3-le64.cache-6
7f492d3e6000-7f492d3e7000 r--s 00000000 08:06 926419                     /var/cache/fontconfig/4794a0821666d79190d59a36cb4f44b5-le64.cache-6
7f492d3e7000-7f492d3e8000 r--s 00000000 08:06 926417                     /var/cache/fontconfig/bab58bb527bb656aaa9f116d68a48d89-le64.cache-6
7f492d3e8000-7f492d3ee000 r--s 00000000 08:06 926413                     /var/cache/fontconfig/b47c4e1ecd0709278f4910c18777a504-le64.cache-6
7f492d419000-7f492d429000 rw-s 13a40d000 00:06 252                       /dev/dri/card0
7f492d429000-7f492d42a000 r--s 00000000 08:06 926415                     /var/cache/fontconfig/56cf4f4769d0f4abc89a4895d7bd3ae1-le64.cache-6
7f492d42a000-7f492d42b000 r--s 00000000 08:06 926414                     /var/cache/fontconfig/b9d506c9ac06c20b433354fa67a72993-le64.cache-6
7f492d42b000-7f492d42c000 r--s 00000000 08:06 926411                     /var/cache/fontconfig/551ecf3b0e8b0bca0f25c0944f561853-le64.cache-6
7f492d42c000-7f492d42d000 r--s 00000000 08:06 926409                     /var/cache/fontconfig/30829fa25452a46451e813d634d7f916-le64.cache-6
7f492d42d000-7f492d430000 r--s 00000000 08:06 926406                     /var/cache/fontconfig/75114ca45c98e8a441da0ff356701271-le64.cache-6
7f492d430000-7f492d436000 rw-s 13a203000 00:06 252                       /dev/dri/card0
7f492d447000-7f492d44b000 rw-s 13a209000 00:06 252                       /dev/dri/card0
7f492d44b000-7f492d456000 rw-s 13a1f5000 00:06 252                       /dev/dri/card0
7f492d459000-7f492d45c000 rw-s 13a200000 00:06 252                       /dev/dri/card0
7f492d45c000-7f492d47a000 r-xp 00000000 08:06 2757251                    /lib/x86_64-linux-gnu/libudev.so.1.6.4
7f492d47a000-7f492d47b000 r--p 0001d000 08:06 2757251                    /lib/x86_64-linux-gnu/libudev.so.1.6.4
7f492d47b000-7f492d47c000 rw-p 0001e000 08:06 2757251                    /lib/x86_64-linux-gnu/libudev.so.1.6.4
7f492d47c000-7f492d483000 r-xp 00000000 08:06 2097196                    /tmp/jogamp_0000/file_cache/jln4125537757589962487/jln9116821764513437536/libnativewindow_x11.so
7f492d483000-7f492d682000 ---p 00007000 08:06 2097196                    /tmp/jogamp_0000/file_cache/jln4125537757589962487/jln9116821764513437536/libnativewindow_x11.so
7f492d682000-7f492d683000 rw-p 00006000 08:06 2097196                    /tmp/jogamp_0000/file_cache/jln4125537757589962487/jln9116821764513437536/libnativewindow_x11.so
7f492d683000-7f492d688000 r-xp 00000000 08:06 2237725                    /usr/lib/x86_64-linux-gnu/libXxf86vm.so.1.0.0
7f492d688000-7f492d887000 ---p 00005000 08:06 2237725                    /usr/lib/x86_64-linux-gnu/libXxf86vm.so.1.0.0
7f492d887000-7f492d888000 r--p 00004000 08:06 2237725                    /usr/lib/x86_64-linux-gnu/libXxf86vm.so.1.0.0
7f492d888000-7f492d889000 rw-p 00005000 08:06 2237725                    /usr/lib/x86_64-linux-gnu/libXxf86vm.so.1.0.0
7f492d889000-7f492d88b000 r-xp 00000000 08:06 2097195                    /tmp/jogamp_0000/file_cache/jln4125537757589962487/jln9116821764513437536/libnativewindow_awt.so
7f492d88b000-7f492da8a000 ---p 00002000 08:06 2097195                    /tmp/jogamp_0000/file_cache/jln4125537757589962487/jln9116821764513437536/libnativewindow_awt.so
7f492da8a000-7f492da8b000 rw-p 00001000 08:06 2097195                    /tmp/jogamp_0000/file_cache/jln4125537757589962487/jln9116821764513437536/libnativewindow_awt.so
7f492da8b000-7f492da8c000 r-xp 00000000 08:06 2245058                    /usr/lib/jvm/java-8-openjdk-amd64/jre/lib/amd64/libjawt.so
7f492da8c000-7f492dc8b000 ---p 00001000 08:06 2245058                    /usr/lib/jvm/java-8-openjdk-amd64/jre/lib/amd64/libjawt.so
7f492dc8b000-7f492dc8c000 r--p 00000000 08:06 2245058                    /usr/lib/jvm/java-8-openjdk-amd64/jre/lib/amd64/libjawt.so
7f492dc8c000-7f492dc8d000 rw-p 00001000 08:06 2245058                    /usr/lib/jvm/java-8-openjdk-amd64/jre/lib/amd64/libjawt.so
7f492dc8d000-7f492dc8f000 r-xp 00000000 08:06 2097183                    /tmp/jogamp_0000/file_cache/jln4125537757589962487/jln9116821764513437536/libgluegen-rt.so
7f492dc8f000-7f492de8e000 ---p 00002000 08:06 2097183                    /tmp/jogamp_0000/file_cache/jln4125537757589962487/jln9116821764513437536/libgluegen-rt.so
7f492de8e000-7f492de8f000 rw-p 00001000 08:06 2097183                    /tmp/jogamp_0000/file_cache/jln4125537757589962487/jln9116821764513437536/libgluegen-rt.so
7f492de8f000-7f492de92000 ---p 00000000 00:00 0 
7f492de92000-7f492e190000 rw-p 00000000 00:00 0 
7f492e190000-7f492e193000 ---p 00000000 00:00 0 
7f492e193000-7f492e491000 rw-p 00000000 00:00 0 
7f492e491000-7f492e494000 ---p 00000000 00:00 0 
7f492e494000-7f492e592000 rw-p 00000000 00:00 0 
7f492e592000-7f492e5a3000 r-xp 00000000 08:06 2245069                    /usr/lib/jvm/java-8-openjdk-amd64/jre/lib/amd64/libnio.so
7f492e5a3000-7f492e7a3000 ---p 00011000 08:06 2245069                    /usr/lib/jvm/java-8-openjdk-amd64/jre/lib/amd64/libnio.so
7f492e7a3000-7f492e7a4000 r--p 00011000 08:06 2245069                    /usr/lib/jvm/java-8-openjdk-amd64/jre/lib/amd64/libnio.so
7f492e7a4000-7f492e7a5000 rw-p 00012000 08:06 2245069                    /usr/lib/jvm/java-8-openjdk-amd64/jre/lib/amd64/libnio.so
7f492e7a5000-7f492eaa6000 rw-p 00000000 00:00 0 
7f492eaa6000-7f492eabd000 r-xp 00000000 08:06 2245045                    /usr/lib/jvm/java-8-openjdk-amd64/jre/lib/amd64/libnet.so
7f492eabd000-7f492ecbc000 ---p 00017000 08:06 2245045                    /usr/lib/jvm/java-8-openjdk-amd64/jre/lib/amd64/libnet.so
7f492ecbc000-7f492ecbd000 r--p 00016000 08:06 2245045                    /usr/lib/jvm/java-8-openjdk-amd64/jre/lib/amd64/libnet.so
7f492ecbd000-7f492ecbe000 rw-p 00017000 08:06 2245045                    /usr/lib/jvm/java-8-openjdk-amd64/jre/lib/amd64/libnet.so
7f492ecbe000-7f492ecc1000 ---p 00000000 00:00 0 
7f492ecc1000-7f492edbf000 rw-p 00000000 00:00 0 
7f492edbf000-7f492edc2000 ---p 00000000 00:00 0 
7f492edc2000-7f492eec0000 rw-p 00000000 00:00 0 
7f492eec0000-7f492eec3000 ---p 00000000 00:00 0 
7f492eec3000-7f492efc1000 rw-p 00000000 00:00 0 
7f492efc1000-7f492efc4000 ---p 00000000 00:00 0 
7f492efc4000-7f492f0c2000 rw-p 00000000 00:00 0 
7f492f0c2000-7f492f0c7000 r-xp 00000000 08:06 2237691                    /usr/lib/x86_64-linux-gnu/libXfixes.so.3.1.0
7f492f0c7000-7f492f2c6000 ---p 00005000 08:06 2237691                    /usr/lib/x86_64-linux-gnu/libXfixes.so.3.1.0
7f492f2c6000-7f492f2c7000 r--p 00004000 08:06 2237691                    /usr/lib/x86_64-linux-gnu/libXfixes.so.3.1.0
7f492f2c7000-7f492f2c8000 rw-p 00005000 08:06 2237691                    /usr/lib/x86_64-linux-gnu/libXfixes.so.3.1.0
7f492f2c8000-7f492f2d1000 r-xp 00000000 08:06 2237683                    /usr/lib/x86_64-linux-gnu/libXcursor.so.1.0.2
7f492f2d1000-7f492f4d0000 ---p 00009000 08:06 2237683                    /usr/lib/x86_64-linux-gnu/libXcursor.so.1.0.2
7f492f4d0000-7f492f4d1000 r--p 00008000 08:06 2237683                    /usr/lib/x86_64-linux-gnu/libXcursor.so.1.0.2
7f492f4d1000-7f492f4d2000 rw-p 00009000 08:06 2237683                    /usr/lib/x86_64-linux-gnu/libXcursor.so.1.0.2
7f492f4d2000-7f492f4f6000 r-xp 00000000 08:06 2757792                    /lib/x86_64-linux-gnu/libpng12.so.0.54.0
7f492f4f6000-7f492f6f5000 ---p 00024000 08:06 2757792                    /lib/x86_64-linux-gnu/libpng12.so.0.54.0
7f492f6f5000-7f492f6f6000 r--p 00023000 08:06 2757792                    /lib/x86_64-linux-gnu/libpng12.so.0.54.0
7f492f6f6000-7f492f6f7000 rw-p 00024000 08:06 2757792                    /lib/x86_64-linux-gnu/libpng12.so.0.54.0
7f492f6f7000-7f492f79b000 r-xp 00000000 08:06 2238107                    /usr/lib/x86_64-linux-gnu/libfreetype.so.6.12.1
7f492f79b000-7f492f99a000 ---p 000a4000 08:06 2238107                    /usr/lib/x86_64-linux-gnu/libfreetype.so.6.12.1
7f492f99a000-7f492f9a0000 r--p 000a3000 08:06 2238107                    /usr/lib/x86_64-linux-gnu/libfreetype.so.6.12.1
7f492f9a0000-7f492f9a1000 rw-p 000a9000 08:06 2238107                    /usr/lib/x86_64-linux-gnu/libfreetype.so.6.12.1
7f492f9a1000-7f492f9f3000 r-xp 00000000 08:06 2245043                    /usr/lib/jvm/java-8-openjdk-amd64/jre/lib/amd64/libfontmanager.so
7f492f9f3000-7f492fbf3000 ---p 00052000 08:06 2245043                    /usr/lib/jvm/java-8-openjdk-amd64/jre/lib/amd64/libfontmanager.so
7f492fbf3000-7f492fbf5000 r--p 00052000 08:06 2245043                    /usr/lib/jvm/java-8-openjdk-amd64/jre/lib/amd64/libfontmanager.so
7f492fbf5000-7f492fbf6000 rw-p 00054000 08:06 2245043                    /usr/lib/jvm/java-8-openjdk-amd64/jre/lib/amd64/libfontmanager.so
7f492fbf6000-7f492fbfb000 r-xp 00000000 08:06 2237687                    /usr/lib/x86_64-linux-gnu/libXdmcp.so.6.0.0
7f492fbfb000-7f492fdfa000 ---p 00005000 08:06 2237687                    /usr/lib/x86_64-linux-gnu/libXdmcp.so.6.0.0
7f492fdfa000-7f492fdfb000 r--p 00004000 08:06 2237687                    /usr/lib/x86_64-linux-gnu/libXdmcp.so.6.0.0
7f492fdfb000-7f492fdfc000 rw-p 00005000 08:06 2237687                    /usr/lib/x86_64-linux-gnu/libXdmcp.so.6.0.0
7f492fdfc000-7f492fdfe000 r-xp 00000000 08:06 2237676                    /usr/lib/x86_64-linux-gnu/libXau.so.6.0.0
7f492fdfe000-7f492fffe000 ---p 00002000 08:06 2237676                    /usr/lib/x86_64-linux-gnu/libXau.so.6.0.0
7f492fffe000-7f492ffff000 r--p 00002000 08:06 2237676                    /usr/lib/x86_64-linux-gnu/libXau.so.6.0.0
7f492ffff000-7f4930000000 rw-p 00003000 08:06 2237676                    /usr/lib/x86_64-linux-gnu/libXau.so.6.0.0
7f4930000000-7f4930677000 rw-p 00000000 00:00 0 
7f4930677000-7f4934000000 ---p 00000000 00:00 0 
7f4934000000-7f493423b000 rw-p 00000000 00:00 0 
7f493423b000-7f4938000000 ---p 00000000 00:00 0 
7f4938000000-7f4938021000 rw-p 00000000 00:00 0 
7f4938021000-7f493c000000 ---p 00000000 00:00 0 
7f493c000000-7f493d085000 rw-p 00000000 00:00 0 
7f493d085000-7f4940000000 ---p 00000000 00:00 0 
7f4940000000-7f4940021000 rw-p 00000000 00:00 0 
7f4940021000-7f4944000000 ---p 00000000 00:00 0 
7f4944000000-7f4944021000 rw-p 00000000 00:00 0 
7f4944021000-7f4948000000 ---p 00000000 00:00 0 
7f4948000000-7f4948026000 rw-p 00000000 00:00 0 
7f4948026000-7f494c000000 ---p 00000000 00:00 0 
7f494c000000-7f494c021000 rw-p 00000000 00:00 0 
7f494c021000-7f4950000000 ---p 00000000 00:00 0 
7f4950000000-7f4950029000 rw-p 00000000 00:00 0 
7f4950029000-7f4954000000 ---p 00000000 00:00 0 
7f4954002000-7f4954003000 r--s 00000000 08:06 926408                     /var/cache/fontconfig/0c9eb80ebd1c36541ebe2852d3bb0c49-le64.cache-6
7f4954010000-7f4954011000 rw-s 139525000 00:06 252                       /dev/dri/card0
7f4954011000-7f4954012000 rw-s 139524000 00:06 252                       /dev/dri/card0
7f4954013000-7f4954014000 rw-s 13a17e000 00:06 252                       /dev/dri/card0
7f4954014000-7f4954015000 rw-s 139523000 00:06 252                       /dev/dri/card0
7f4954018000-7f4954019000 rw-s 1483d7000 00:06 252                       /dev/dri/card0
7f4954019000-7f495401c000 ---p 00000000 00:00 0 
7f495401c000-7f495411a000 rw-p 00000000 00:00 0 
7f495411a000-7f495413b000 r-xp 00000000 08:06 2239054                    /usr/lib/x86_64-linux-gnu/libxcb.so.1.1.0
7f495413b000-7f495433a000 ---p 00021000 08:06 2239054                    /usr/lib/x86_64-linux-gnu/libxcb.so.1.1.0
7f495433a000-7f495433b000 r--p 00020000 08:06 2239054                    /usr/lib/x86_64-linux-gnu/libxcb.so.1.1.0
7f495433b000-7f495433c000 rw-p 00021000 08:06 2239054                    /usr/lib/x86_64-linux-gnu/libxcb.so.1.1.0
7f495433c000-7f495434b000 r-xp 00000000 08:06 2237697                    /usr/lib/x86_64-linux-gnu/libXi.so.6.1.0
7f495434b000-7f495454a000 ---p 0000f000 08:06 2237697                    /usr/lib/x86_64-linux-gnu/libXi.so.6.1.0
7f495454a000-7f495454b000 r--p 0000e000 08:06 2237697                    /usr/lib/x86_64-linux-gnu/libXi.so.6.1.0
7f495454b000-7f495454c000 rw-p 0000f000 08:06 2237697                    /usr/lib/x86_64-linux-gnu/libXi.so.6.1.0
7f495454c000-7f4954551000 r-xp 00000000 08:06 2237715                    /usr/lib/x86_64-linux-gnu/libXtst.so.6.1.0
7f4954551000-7f4954750000 ---p 00005000 08:06 2237715                    /usr/lib/x86_64-linux-gnu/libXtst.so.6.1.0
7f4954750000-7f4954751000 r--p 00004000 08:06 2237715                    /usr/lib/x86_64-linux-gnu/libXtst.so.6.1.0
7f4954751000-7f4954752000 rw-p 00005000 08:06 2237715                    /usr/lib/x86_64-linux-gnu/libXtst.so.6.1.0
7f4954752000-7f495475b000 r-xp 00000000 08:06 2237709                    /usr/lib/x86_64-linux-gnu/libXrender.so.1.3.0
7f495475b000-7f495495a000 ---p 00009000 08:06 2237709                    /usr/lib/x86_64-linux-gnu/libXrender.so.1.3.0
7f495495a000-7f495495b000 r--p 00008000 08:06 2237709                    /usr/lib/x86_64-linux-gnu/libXrender.so.1.3.0
7f495495b000-7f495495c000 rw-p 00009000 08:06 2237709                    /usr/lib/x86_64-linux-gnu/libXrender.so.1.3.0
7f495495c000-7f4954a91000 r-xp 00000000 08:06 2237672                    /usr/lib/x86_64-linux-gnu/libX11.so.6.3.0
7f4954a91000-7f4954c91000 ---p 00135000 08:06 2237672                    /usr/lib/x86_64-linux-gnu/libX11.so.6.3.0
7f4954c91000-7f4954c92000 r--p 00135000 08:06 2237672                    /usr/lib/x86_64-linux-gnu/libX11.so.6.3.0
7f4954c92000-7f4954c96000 rw-p 00136000 08:06 2237672                    /usr/lib/x86_64-linux-gnu/libX11.so.6.3.0
7f4954c96000-7f4954ca7000 r-xp 00000000 08:06 2237689                    /usr/lib/x86_64-linux-gnu/libXext.so.6.4.0
7f4954ca7000-7f4954ea6000 ---p 00011000 08:06 2237689                    /usr/lib/x86_64-linux-gnu/libXext.so.6.4.0
7f4954ea6000-7f4954ea7000 r--p 00010000 08:06 2237689                    /usr/lib/x86_64-linux-gnu/libXext.so.6.4.0
7f4954ea7000-7f4954ea8000 rw-p 00011000 08:06 2237689                    /usr/lib/x86_64-linux-gnu/libXext.so.6.4.0
7f4954ea8000-7f4954efc000 r-xp 00000000 08:06 2245068                    /usr/lib/jvm/java-8-openjdk-amd64/jre/lib/amd64/libawt_xawt.so
7f4954efc000-7f49550fc000 ---p 00054000 08:06 2245068                    /usr/lib/jvm/java-8-openjdk-amd64/jre/lib/amd64/libawt_xawt.so
7f49550fc000-7f49550fd000 r--p 00054000 08:06 2245068                    /usr/lib/jvm/java-8-openjdk-amd64/jre/lib/amd64/libawt_xawt.so
7f49550fd000-7f4955100000 rw-p 00055000 08:06 2245068                    /usr/lib/jvm/java-8-openjdk-amd64/jre/lib/amd64/libawt_xawt.so
7f4955100000-7f4955101000 rw-p 00000000 00:00 0 
7f4955101000-7f49551a1000 r-xp 00000000 08:06 2245042                    /usr/lib/jvm/java-8-openjdk-amd64/jre/lib/amd64/libawt.so
7f49551a1000-7f49553a1000 ---p 000a0000 08:06 2245042                    /usr/lib/jvm/java-8-openjdk-amd64/jre/lib/amd64/libawt.so
7f49553a1000-7f49553a2000 r--p 000a0000 08:06 2245042                    /usr/lib/jvm/java-8-openjdk-amd64/jre/lib/amd64/libawt.so
7f49553a2000-7f49553ad000 rw-p 000a1000 08:06 2245042                    /usr/lib/jvm/java-8-openjdk-amd64/jre/lib/amd64/libawt.so
7f49553ad000-7f49553d2000 rw-p 00000000 00:00 0 
7f49553d2000-7f49553d3000 ---p 00000000 00:00 0 
7f49553d3000-7f49554d3000 rw-p 00000000 00:00 0 
7f49554d3000-7f49554d6000 ---p 00000000 00:00 0 
7f49554d6000-7f49555d4000 rw-p 00000000 00:00 0 
7f49555d4000-7f49555d7000 ---p 00000000 00:00 0 
7f49555d7000-7f49556d5000 rw-p 00000000 00:00 0 
7f49556d5000-7f49556d8000 ---p 00000000 00:00 0 
7f49556d8000-7f49557d6000 rw-p 00000000 00:00 0 
7f49557d6000-7f49557d9000 ---p 00000000 00:00 0 
7f49557d9000-7f49558d7000 rw-p 00000000 00:00 0 
7f49558d7000-7f4956296000 r--p 00000000 08:06 2236295                    /usr/lib/locale/locale-archive
7f4956296000-7f4956299000 ---p 00000000 00:00 0 
7f4956299000-7f4956397000 rw-p 00000000 00:00 0 
7f4956397000-7f495639a000 ---p 00000000 00:00 0 
7f495639a000-7f4956498000 rw-p 00000000 00:00 0 
7f4956498000-7f4956499000 ---p 00000000 00:00 0 
7f4956499000-7f4959000000 rw-p 00000000 00:00 0 
7f4959000000-7f49598e0000 rwxp 00000000 00:00 0 
7f49598e0000-7f4968000000 ---p 00000000 00:00 0 
7f4968000000-7f496833d000 rw-p 00000000 00:00 0 
7f496833d000-7f496c000000 ---p 00000000 00:00 0 
7f496c000000-7f496c003000 r--s 00000000 08:06 923238                     /var/cache/fontconfig/e13b20fdb08344e0e664864cc2ede53d-le64.cache-6
7f496c003000-7f496c007000 r--s 00000000 08:06 923258                     /var/cache/fontconfig/7ef2298fde41cc6eeb7af42e48b7d293-le64.cache-6
7f496c007000-7f496c008000 rwxp 00000000 00:00 0 
7f496c008000-7f496c009000 r--s 0002f000 08:06 1188886                    /home/ema/workspace/ucsdunfoldingmaps/lib/jogl-all-natives-linux-amd64.jar
7f496c009000-7f496c00b000 r--s 00000000 08:06 1188783                    /home/ema/workspace/ucsdunfoldingmaps/lib/gluegen-rt-natives-linux-amd64.jar
7f496c00b000-7f496c00e000 ---p 00000000 00:00 0 
7f496c00e000-7f496c044000 rw-p 00000000 00:00 0 
7f496c044000-7f496c045000 r--p 00000000 00:00 0 
7f496c045000-7f496c049000 r--s 00097000 08:06 2245107                    /usr/lib/jvm/java-8-openjdk-amd64/jre/lib/jsse.jar
7f496c049000-7f496c05c000 r--s 00345000 08:06 2245072                    /usr/lib/jvm/java-8-openjdk-amd64/jre/lib/resources.jar
7f496c05c000-7f496c062000 r--s 00033000 08:06 1189873                    /home/ema/workspace/ucsdunfoldingmaps/lib/unfolding.0.9.7-uscd.jar
7f496c062000-7f496c063000 r--s 00005000 08:06 1189858                    /home/ema/workspace/ucsdunfoldingmaps/lib/libTUIO.jar
7f496c063000-7f496c064000 r--s 00007000 08:06 1189857                    /home/ema/workspace/ucsdunfoldingmaps/lib/json4processing.jar
7f496c064000-7f496c069000 r--s 00309000 08:06 1189871                    /home/ema/workspace/ucsdunfoldingmaps/lib/sqlite-jdbc-3.7.2.jar
7f496c069000-7f496c070000 r--s 00059000 08:06 1189863                    /home/ema/workspace/ucsdunfoldingmaps/lib/log4j-1.2.15.jar
7f496c070000-7f496c093000 r--s 002ec000 08:06 1189855                    /home/ema/workspace/ucsdunfoldingmaps/lib/jogl-all.jar
7f496c093000-7f496c099000 r--s 00041000 08:06 1188883                    /home/ema/workspace/ucsdunfoldingmaps/lib/gluegen-rt.jar
7f496c099000-7f496c09d000 r--s 0009a000 08:06 1188737                    /home/ema/workspace/ucsdunfoldingmaps/lib/core.jar
7f496c09d000-7f496c0a0000 r--s 0000f000 08:06 2245103                    /usr/lib/jvm/java-8-openjdk-amd64/jre/lib/ext/icedtea-sound.jar
7f496c0a0000-7f496c0a2000 r--s 00001000 08:06 2245097                    /usr/lib/jvm/java-8-openjdk-amd64/jre/lib/ext/dnsns.jar
7f496c0a2000-7f496c0be000 r--s 00393000 08:06 2245098                    /usr/lib/jvm/java-8-openjdk-amd64/jre/lib/ext/cldrdata.jar
7f496c0be000-7f496c0d9000 r--s 001d7000 08:06 2245096                    /usr/lib/jvm/java-8-openjdk-amd64/jre/lib/ext/nashorn.jar
7f496c0d9000-7f496c349000 rw-p 00000000 00:00 0 
7f496c349000-7f496c517000 r--s 03beb000 08:06 2245084                    /usr/lib/jvm/java-8-openjdk-amd64/jre/lib/rt.jar
7f496c517000-7f496c743000 rw-p 00000000 00:00 0 
7f496c743000-7f496c744000 ---p 00000000 00:00 0 
7f496c744000-7f496c844000 rw-p 00000000 00:00 0 
7f496c844000-7f496c845000 ---p 00000000 00:00 0 
7f496c845000-7f496c95b000 rw-p 00000000 00:00 0 
7f496c95b000-7f496ca69000 ---p 00000000 00:00 0 
7f496ca69000-7f496ca7f000 rw-p 00000000 00:00 0 
7f496ca7f000-7f496cb8d000 ---p 00000000 00:00 0 
7f496cb8d000-7f496cbb5000 rw-p 00000000 00:00 0 
7f496cbb5000-7f496cc1f000 ---p 00000000 00:00 0 
7f496cc1f000-7f496cc44000 rw-p 00000000 00:00 0 
7f496cc44000-7f496cfe0000 ---p 00000000 00:00 0 
7f496cfe0000-7f496cfe8000 r-xp 00000000 08:06 2245052                    /usr/lib/jvm/java-8-openjdk-amd64/jre/lib/amd64/libzip.so
7f496cfe8000-7f496d1e7000 ---p 00008000 08:06 2245052                    /usr/lib/jvm/java-8-openjdk-amd64/jre/lib/amd64/libzip.so
7f496d1e7000-7f496d1e8000 r--p 00007000 08:06 2245052                    /usr/lib/jvm/java-8-openjdk-amd64/jre/lib/amd64/libzip.so
7f496d1e8000-7f496d1e9000 rw-p 00008000 08:06 2245052                    /usr/lib/jvm/java-8-openjdk-amd64/jre/lib/amd64/libzip.so
7f496d1e9000-7f496d1f4000 r-xp 00000000 08:06 2757750                    /lib/x86_64-linux-gnu/libnss_files-2.23.so
7f496d1f4000-7f496d3f3000 ---p 0000b000 08:06 2757750                    /lib/x86_64-linux-gnu/libnss_files-2.23.so
7f496d3f3000-7f496d3f4000 r--p 0000a000 08:06 2757750                    /lib/x86_64-linux-gnu/libnss_files-2.23.so
7f496d3f4000-7f496d3f5000 rw-p 0000b000 08:06 2757750                    /lib/x86_64-linux-gnu/libnss_files-2.23.so
7f496d3f5000-7f496d3fb000 rw-p 00000000 00:00 0 
7f496d3fb000-7f496d406000 r-xp 00000000 08:06 2757760                    /lib/x86_64-linux-gnu/libnss_nis-2.23.so
7f496d406000-7f496d605000 ---p 0000b000 08:06 2757760                    /lib/x86_64-linux-gnu/libnss_nis-2.23.so
7f496d605000-7f496d606000 r--p 0000a000 08:06 2757760                    /lib/x86_64-linux-gnu/libnss_nis-2.23.so
7f496d606000-7f496d607000 rw-p 0000b000 08:06 2757760                    /lib/x86_64-linux-gnu/libnss_nis-2.23.so
7f496d607000-7f496d61d000 r-xp 00000000 08:06 2757744                    /lib/x86_64-linux-gnu/libnsl-2.23.so
7f496d61d000-7f496d81c000 ---p 00016000 08:06 2757744                    /lib/x86_64-linux-gnu/libnsl-2.23.so
7f496d81c000-7f496d81d000 r--p 00015000 08:06 2757744                    /lib/x86_64-linux-gnu/libnsl-2.23.so
7f496d81d000-7f496d81e000 rw-p 00016000 08:06 2757744                    /lib/x86_64-linux-gnu/libnsl-2.23.so
7f496d81e000-7f496d820000 rw-p 00000000 00:00 0 
7f496d820000-7f496d828000 r-xp 00000000 08:06 2757746                    /lib/x86_64-linux-gnu/libnss_compat-2.23.so
7f496d828000-7f496da27000 ---p 00008000 08:06 2757746                    /lib/x86_64-linux-gnu/libnss_compat-2.23.so
7f496da27000-7f496da28000 r--p 00007000 08:06 2757746                    /lib/x86_64-linux-gnu/libnss_compat-2.23.so
7f496da28000-7f496da29000 rw-p 00008000 08:06 2757746                    /lib/x86_64-linux-gnu/libnss_compat-2.23.so
7f496da29000-7f496da56000 r-xp 00000000 08:06 2242887                    /usr/lib/jvm/java-8-openjdk-amd64/jre/lib/amd64/libjava.so
7f496da56000-7f496dc55000 ---p 0002d000 08:06 2242887                    /usr/lib/jvm/java-8-openjdk-amd64/jre/lib/amd64/libjava.so
7f496dc55000-7f496dc56000 r--p 0002c000 08:06 2242887                    /usr/lib/jvm/java-8-openjdk-amd64/jre/lib/amd64/libjava.so
7f496dc56000-7f496dc58000 rw-p 0002d000 08:06 2242887                    /usr/lib/jvm/java-8-openjdk-amd64/jre/lib/amd64/libjava.so
7f496dc58000-7f496dc67000 r-xp 00000000 08:06 2245038                    /usr/lib/jvm/java-8-openjdk-amd64/jre/lib/amd64/libverify.so
7f496dc67000-7f496de66000 ---p 0000f000 08:06 2245038                    /usr/lib/jvm/java-8-openjdk-amd64/jre/lib/amd64/libverify.so
7f496de66000-7f496de68000 r--p 0000e000 08:06 2245038                    /usr/lib/jvm/java-8-openjdk-amd64/jre/lib/amd64/libverify.so
7f496de68000-7f496de69000 rw-p 00010000 08:06 2245038                    /usr/lib/jvm/java-8-openjdk-amd64/jre/lib/amd64/libverify.so
7f496de69000-7f496de70000 r-xp 00000000 08:06 2757805                    /lib/x86_64-linux-gnu/librt-2.23.so
7f496de70000-7f496e06f000 ---p 00007000 08:06 2757805                    /lib/x86_64-linux-gnu/librt-2.23.so
7f496e06f000-7f496e070000 r--p 00006000 08:06 2757805                    /lib/x86_64-linux-gnu/librt-2.23.so
7f496e070000-7f496e071000 rw-p 00007000 08:06 2757805                    /lib/x86_64-linux-gnu/librt-2.23.so
7f496e071000-7f496e087000 r-xp 00000000 08:06 2757689                    /lib/x86_64-linux-gnu/libgcc_s.so.1
7f496e087000-7f496e286000 ---p 00016000 08:06 2757689                    /lib/x86_64-linux-gnu/libgcc_s.so.1
7f496e286000-7f496e287000 rw-p 00015000 08:06 2757689                    /lib/x86_64-linux-gnu/libgcc_s.so.1
7f496e287000-7f496e38f000 r-xp 00000000 08:06 2757721                    /lib/x86_64-linux-gnu/libm-2.23.so
7f496e38f000-7f496e58e000 ---p 00108000 08:06 2757721                    /lib/x86_64-linux-gnu/libm-2.23.so
7f496e58e000-7f496e58f000 r--p 00107000 08:06 2757721                    /lib/x86_64-linux-gnu/libm-2.23.so
7f496e58f000-7f496e590000 rw-p 00108000 08:06 2757721                    /lib/x86_64-linux-gnu/libm-2.23.so
7f496e590000-7f496e702000 r-xp 00000000 08:06 2230402                    /usr/lib/x86_64-linux-gnu/libstdc++.so.6.0.21
7f496e702000-7f496e902000 ---p 00172000 08:06 2230402                    /usr/lib/x86_64-linux-gnu/libstdc++.so.6.0.21
7f496e902000-7f496e90c000 r--p 00172000 08:06 2230402                    /usr/lib/x86_64-linux-gnu/libstdc++.so.6.0.21
7f496e90c000-7f496e90e000 rw-p 0017c000 08:06 2230402                    /usr/lib/x86_64-linux-gnu/libstdc++.so.6.0.21
7f496e90e000-7f496e912000 rw-p 00000000 00:00 0 
7f496e912000-7f496f558000 r-xp 00000000 08:06 2245050                    /usr/lib/jvm/java-8-openjdk-amd64/jre/lib/amd64/server/libjvm.so
7f496f558000-7f496f758000 ---p 00c46000 08:06 2245050                    /usr/lib/jvm/java-8-openjdk-amd64/jre/lib/amd64/server/libjvm.so
7f496f758000-7f496f7eb000 r--p 00c46000 08:06 2245050                    /usr/lib/jvm/java-8-openjdk-amd64/jre/lib/amd64/server/libjvm.so
7f496f7eb000-7f496f813000 rw-p 00cd9000 08:06 2245050                    /usr/lib/jvm/java-8-openjdk-amd64/jre/lib/amd64/server/libjvm.so
7f496f813000-7f496f843000 rw-p 00000000 00:00 0 
7f496f843000-7f496f85b000 r-xp 00000000 08:06 2757797                    /lib/x86_64-linux-gnu/libpthread-2.23.so
7f496f85b000-7f496fa5a000 ---p 00018000 08:06 2757797                    /lib/x86_64-linux-gnu/libpthread-2.23.so
7f496fa5a000-7f496fa5b000 r--p 00017000 08:06 2757797                    /lib/x86_64-linux-gnu/libpthread-2.23.so
7f496fa5b000-7f496fa5c000 rw-p 00018000 08:06 2757797                    /lib/x86_64-linux-gnu/libpthread-2.23.so
7f496fa5c000-7f496fa60000 rw-p 00000000 00:00 0 
7f496fa60000-7f496fa63000 r-xp 00000000 08:06 2757675                    /lib/x86_64-linux-gnu/libdl-2.23.so
7f496fa63000-7f496fc62000 ---p 00003000 08:06 2757675                    /lib/x86_64-linux-gnu/libdl-2.23.so
7f496fc62000-7f496fc63000 r--p 00002000 08:06 2757675                    /lib/x86_64-linux-gnu/libdl-2.23.so
7f496fc63000-7f496fc64000 rw-p 00003000 08:06 2757675                    /lib/x86_64-linux-gnu/libdl-2.23.so
7f496fc64000-7f496fc7d000 r-xp 00000000 08:06 2757842                    /lib/x86_64-linux-gnu/libz.so.1.2.8
7f496fc7d000-7f496fe7c000 ---p 00019000 08:06 2757842                    /lib/x86_64-linux-gnu/libz.so.1.2.8
7f496fe7c000-7f496fe7d000 r--p 00018000 08:06 2757842                    /lib/x86_64-linux-gnu/libz.so.1.2.8
7f496fe7d000-7f496fe7e000 rw-p 00019000 08:06 2757842                    /lib/x86_64-linux-gnu/libz.so.1.2.8
7f496fe7e000-7f497003e000 r-xp 00000000 08:06 2757651                    /lib/x86_64-linux-gnu/libc-2.23.so
7f497003e000-7f497023d000 ---p 001c0000 08:06 2757651                    /lib/x86_64-linux-gnu/libc-2.23.so
7f497023d000-7f4970241000 r--p 001bf000 08:06 2757651                    /lib/x86_64-linux-gnu/libc-2.23.so
7f4970241000-7f4970243000 rw-p 001c3000 08:06 2757651                    /lib/x86_64-linux-gnu/libc-2.23.so
7f4970243000-7f4970247000 rw-p 00000000 00:00 0 
7f4970247000-7f4970254000 r-xp 00000000 08:06 2245066                    /usr/lib/jvm/java-8-openjdk-amd64/jre/lib/amd64/jli/libjli.so
7f4970254000-7f4970454000 ---p 0000d000 08:06 2245066                    /usr/lib/jvm/java-8-openjdk-amd64/jre/lib/amd64/jli/libjli.so
7f4970454000-7f4970455000 r--p 0000d000 08:06 2245066                    /usr/lib/jvm/java-8-openjdk-amd64/jre/lib/amd64/jli/libjli.so
7f4970455000-7f4970456000 rw-p 0000e000 08:06 2245066                    /usr/lib/jvm/java-8-openjdk-amd64/jre/lib/amd64/jli/libjli.so
7f4970456000-7f497047c000 r-xp 00000000 08:06 2757623                    /lib/x86_64-linux-gnu/ld-2.23.so
7f497047c000-7f497047d000 r--s 00010000 08:06 2245101                    /usr/lib/jvm/java-8-openjdk-amd64/jre/lib/ext/zipfs.jar
7f497047d000-7f497047e000 r--s 00008000 08:06 2245099                    /usr/lib/jvm/java-8-openjdk-amd64/jre/lib/ext/sunec.jar
7f497047e000-7f4970483000 r--s 0003b000 08:06 2245102                    /usr/lib/jvm/java-8-openjdk-amd64/jre/lib/ext/sunjce_provider.jar
7f4970483000-7f497055a000 rw-p 00000000 00:00 0 
7f497055a000-7f497055d000 ---p 00000000 00:00 0 
7f497055d000-7f4970660000 rw-p 00000000 00:00 0 
7f4970660000-7f4970661000 r--s 0000a000 08:06 2245100                    /usr/lib/jvm/java-8-openjdk-amd64/jre/lib/ext/jaccess.jar
7f4970661000-7f4970665000 r--s 00037000 08:06 2245105                    /usr/lib/jvm/java-8-openjdk-amd64/jre/lib/ext/sunpkcs11.jar
7f4970665000-7f497066f000 r--s 00116000 08:06 2245104                    /usr/lib/jvm/java-8-openjdk-amd64/jre/lib/ext/localedata.jar
7f497066f000-7f4970677000 rw-s 00000000 08:06 2097197                    /tmp/hsperfdata_ema/14507
7f4970677000-7f4970678000 rw-p 00000000 00:00 0 
7f4970678000-7f4970679000 r--p 00000000 00:00 0 
7f4970679000-7f497067b000 rw-p 00000000 00:00 0 
7f497067b000-7f497067c000 r--p 00025000 08:06 2757623                    /lib/x86_64-linux-gnu/ld-2.23.so
7f497067c000-7f497067d000 rw-p 00026000 08:06 2757623                    /lib/x86_64-linux-gnu/ld-2.23.so
7f497067d000-7f497067e000 rw-p 00000000 00:00 0 
7ffdd26f6000-7ffdd2717000 rw-p 00000000 00:00 0                          [stack]
7ffdd2755000-7ffdd2757000 r--p 00000000 00:00 0                          [vvar]
7ffdd2757000-7ffdd2759000 r-xp 00000000 00:00 0                          [vdso]
ffffffffff600000-ffffffffff601000 r-xp 00000000 00:00 0                  [vsyscall]

VM Arguments:
jvm_args: -Djava.security.policy=java.policy.applet -Dfile.encoding=UTF-8 
java_command: sun.applet.AppletViewer module4.EarthquakeCityMap1476534874233.html
java_class_path (initial): /home/ema/workspace/ucsdunfoldingmaps/build:/home/ema/workspace/ucsdunfoldingmaps/lib/core.jar:/home/ema/workspace/ucsdunfoldingmaps/lib/gluegen-rt.jar:/home/ema/workspace/ucsdunfoldingmaps/lib/jogl-all.jar:/home/ema/workspace/ucsdunfoldingmaps/lib/log4j-1.2.15.jar:/home/ema/workspace/ucsdunfoldingmaps/lib/sqlite-jdbc-3.7.2.jar:/home/ema/workspace/ucsdunfoldingmaps/lib/json4processing.jar:/home/ema/workspace/ucsdunfoldingmaps/lib/libTUIO.jar:/home/ema/workspace/ucsdunfoldingmaps/lib/unfolding.0.9.7-uscd.jar
Launcher Type: SUN_STANDARD

Environment Variables:
PATH=/home/ema/bin:/home/ema/.local/bin:/usr/local/sbin:/usr/local/bin:/usr/sbin:/usr/bin:/sbin:/bin:/usr/games:/usr/local/games:/snap/bin
SHELL=/bin/bash
DISPLAY=:0

Signal Handlers:
SIGSEGV: [libjvm.so+0xa5e970], sa_mask[0]=11111111011111111101111111111110, sa_flags=SA_RESTART|SA_SIGINFO
SIGBUS: [libjvm.so+0xa5e970], sa_mask[0]=11111111011111111101111111111110, sa_flags=SA_RESTART|SA_SIGINFO
SIGFPE: [libjvm.so+0x8a9ff0], sa_mask[0]=11111111011111111101111111111110, sa_flags=SA_RESTART|SA_SIGINFO
SIGPIPE: [libjvm.so+0x8a9ff0], sa_mask[0]=11111111011111111101111111111110, sa_flags=SA_RESTART|SA_SIGINFO
SIGXFSZ: [libjvm.so+0x8a9ff0], sa_mask[0]=11111111011111111101111111111110, sa_flags=SA_RESTART|SA_SIGINFO
SIGILL: [libjvm.so+0x8a9ff0], sa_mask[0]=11111111011111111101111111111110, sa_flags=SA_RESTART|SA_SIGINFO
SIGUSR1: SIG_DFL, sa_mask[0]=00000000000000000000000000000000, sa_flags=none
SIGUSR2: [libjvm.so+0x8a9ea0], sa_mask[0]=00100000000000000000000000000000, sa_flags=SA_RESTART|SA_SIGINFO
SIGHUP: [libjvm.so+0x8aa370], sa_mask[0]=11111111011111111101111111111110, sa_flags=SA_RESTART|SA_SIGINFO
SIGINT: [libjvm.so+0x8aa370], sa_mask[0]=11111111011111111101111111111110, sa_flags=SA_RESTART|SA_SIGINFO
SIGTERM: [libjvm.so+0x8aa370], sa_mask[0]=11111111011111111101111111111110, sa_flags=SA_RESTART|SA_SIGINFO
SIGQUIT: [libjvm.so+0x8aa370], sa_mask[0]=11111111011111111101111111111110, sa_flags=SA_RESTART|SA_SIGINFO


---------------  S Y S T E M  ---------------

OS:DISTRIB_ID=Ubuntu
DISTRIB_RELEASE=16.04
DISTRIB_CODENAME=xenial
DISTRIB_DESCRIPTION="Ubuntu 16.04.1 LTS"

uname:Linux 4.4.0-38-generic #57-Ubuntu SMP Tue Sep 6 15:42:33 UTC 2016 x86_64
libc:glibc 2.23 NPTL 2.23 
rlimit: STACK 8192k, CORE 0k, NPROC 13510, NOFILE 65536, AS infinity
load average:1,62 1,20 0,91

/proc/meminfo:
MemTotal:        3582816 kB
MemFree:          500636 kB
MemAvailable:    1002740 kB
Buffers:           53592 kB
Cached:           646812 kB
SwapCached:         1112 kB
Active:          2052300 kB
Inactive:         670276 kB
Active(anon):    1589492 kB
Inactive(anon):   472640 kB
Active(file):     462808 kB
Inactive(file):   197636 kB
Unevictable:          48 kB
Mlocked:              48 kB
SwapTotal:       4095996 kB
SwapFree:        4067696 kB
Dirty:               224 kB
Writeback:             0 kB
AnonPages:       2021400 kB
Mapped:           197224 kB
Shmem:             39960 kB
Slab:             122244 kB
SReclaimable:      82936 kB
SUnreclaim:        39308 kB
KernelStack:        9712 kB
PageTables:        33824 kB
NFS_Unstable:          0 kB
Bounce:                0 kB
WritebackTmp:          0 kB
CommitLimit:     5887404 kB
Committed_AS:    5927680 kB
VmallocTotal:   34359738367 kB
VmallocUsed:           0 kB
VmallocChunk:          0 kB
HardwareCorrupted:     0 kB
AnonHugePages:    997376 kB
CmaTotal:              0 kB
CmaFree:               0 kB
HugePages_Total:       0
HugePages_Free:        0
HugePages_Rsvd:        0
HugePages_Surp:        0
Hugepagesize:       2048 kB
DirectMap4k:      402684 kB
DirectMap2M:     3321856 kB
DirectMap1G:           0 kB


CPU:total 2 (2 cores per cpu, 1 threads per core) family 20 model 2 stepping 0, cmov, cx8, fxsr, mmx, sse, sse2, sse3, ssse3, popcnt, mmxext, lzcnt, sse4a, tsc, tscinvbit, tscinv

/proc/cpuinfo:
processor	: 0
vendor_id	: AuthenticAMD
cpu family	: 20
model		: 2
model name	: AMD E2-1800 APU with Radeon(tm) HD Graphics
stepping	: 0
microcode	: 0x500010d
cpu MHz		: 1700.000
cache size	: 512 KB
physical id	: 0
siblings	: 2
core id		: 0
cpu cores	: 2
apicid		: 0
initial apicid	: 0
fpu		: yes
fpu_exception	: yes
cpuid level	: 6
wp		: yes
flags		: fpu vme de pse tsc msr pae mce cx8 apic sep mtrr pge mca cmov pat pse36 clflush mmx fxsr sse sse2 ht syscall nx mmxext fxsr_opt pdpe1gb rdtscp lm constant_tsc rep_good nopl nonstop_tsc extd_apicid aperfmperf pni monitor ssse3 cx16 popcnt lahf_lm cmp_legacy svm extapic cr8_legacy abm sse4a misalignsse 3dnowprefetch ibs skinit wdt hw_pstate vmmcall arat npt lbrv svm_lock nrip_save pausefilter
bugs		: fxsave_leak sysret_ss_attrs
bogomips	: 3393.81
TLB size	: 1024 4K pages
clflush size	: 64
cache_alignment	: 64
address sizes	: 36 bits physical, 48 bits virtual
power management: ts ttp tm stc 100mhzsteps hwpstate

processor	: 1
vendor_id	: AuthenticAMD
cpu family	: 20
model		: 2
model name	: AMD E2-1800 APU with Radeon(tm) HD Graphics
stepping	: 0
microcode	: 0x500010d
cpu MHz		: 1360.000
cache size	: 512 KB
physical id	: 0
siblings	: 2
core id		: 1
cpu cores	: 2
apicid		: 1
initial apicid	: 1
fpu		: yes
fpu_exception	: yes
cpuid level	: 6
wp		: yes
flags		: fpu vme de pse tsc msr pae mce cx8 apic sep mtrr pge mca cmov pat pse36 clflush mmx fxsr sse sse2 ht syscall nx mmxext fxsr_opt pdpe1gb rdtscp lm constant_tsc rep_good nopl nonstop_tsc extd_apicid aperfmperf pni monitor ssse3 cx16 popcnt lahf_lm cmp_legacy svm extapic cr8_legacy abm sse4a misalignsse 3dnowprefetch ibs skinit wdt hw_pstate vmmcall arat npt lbrv svm_lock nrip_save pausefilter
bugs		: fxsave_leak sysret_ss_attrs
bogomips	: 3393.81
TLB size	: 1024 4K pages
clflush size	: 64
cache_alignment	: 64
address sizes	: 36 bits physical, 48 bits virtual
power management: ts ttp tm stc 100mhzsteps hwpstate



Memory: 4k page, physical 3582816k(500636k free), swap 4095996k(4067696k free)

vm_info: OpenJDK 64-Bit Server VM (25.91-b14) for linux-amd64 JRE (1.8.0_91-8u91-b14-3ubuntu1~16.04.1-b14), built on Jul 21 2016 04:13:34 by "buildd" with gcc 5.3.1 20160413

time: Sat Oct 15 14:35:31 2016
elapsed time: 56 seconds (0d 0h 0m 56s)

