#
# A fatal error has been detected by the Java Runtime Environment:
#
#  SIGSEGV (0xb) at pc=0x00007f5075342987, pid=26954, tid=0x00007f50a217a700
#
# JRE version: Java(TM) SE Runtime Environment (8.0_92-b14) (build 1.8.0_92-b14)
# Java VM: Java HotSpot(TM) 64-Bit Server VM (25.92-b14 mixed mode linux-amd64 compressed oops)
# Problematic frame:
# C  [nouveau_dri.so+0x29e987]
#
# Failed to write core dump. Core dumps have been disabled. To enable core dumping, try "ulimit -c unlimited" before starting Java again
#
# If you would like to submit a bug report, please visit:
#   http://bugreport.java.com/bugreport/crash.jsp
# The crash happened outside the Java Virtual Machine in native code.
# See problematic frame for where to report the bug.
#

---------------  T H R E A D  ---------------

Current thread (0x00007f5094003000):  JavaThread "AWT-EventQueue-1" [_thread_in_native, id=26987, stack(0x00007f50a207a000,0x00007f50a217b000)]

siginfo: si_signo: 11 (SIGSEGV), si_code: 1 (SEGV_MAPERR), si_addr: 0x000000000000c030

Registers:
RAX=0x0000000000000000, RBX=0x00007f50800b9d80, RCX=0x0000000000000000, RDX=0x0000000000000001
RSP=0x00007f50a2178430, RBP=0x000000000000c000, RSI=0x00007f50800ba630, RDI=0x0000000100000000
R8 =0x0000000000000000, R9 =0x00007f50a0a14c60, R10=0x00007f5076faf811, R11=0x00000000a3f39130
R12=0x0000000000000001, R13=0x00007f50841658e0, R14=0x0000000000000000, R15=0x0000000000000001
RIP=0x00007f5075342987, EFLAGS=0x0000000000010206, CSGSFS=0x0000000000000033, ERR=0x0000000000000004
  TRAPNO=0x000000000000000e

Top of Stack: (sp=0x00007f50a2178430)
0x00007f50a2178430:   0000000005d26bb0 00007f510000000e
0x00007f50a2178440:   00007f50a21782d0 ba3254f5755f8f00
0x00007f50a2178450:   00007f50a21785c0 00007f50800b9c50
0x00007f50a2178460:   0000000000000000 00007f5084165d90
0x00007f50a2178470:   00007f50841658e0 00007f5084165f40
0x00007f50a2178480:   0000000000000000 00007f50a0a14d02
0x00007f50a2178490:   00007f50a21784c0 00007f5000000000
0x00007f50a21784a0:   0000000000000000 0000000000000000
0x00007f50a21784b0:   000000000460004d 00007f50a09e6bf1
0x00007f50a21784c0:   00007f50800b9c50 ba3254f5755f8f00
0x00007f50a21784d0:   000000000460004d 00007f50a09e6c20
0x00007f50a21784e0:   00007f50a2178550 0000000000000000
0x00007f50a21784f0:   00000000a3f39130 00007f50a2178590
0x00007f50a2178500:   00007f5094003000 00007f5076faf849
0x00007f50a2178510:   0000001800000000 00007f50a09e6c20
0x00007f50a2178520:   000000000460004d 00007f508416a290
0x00007f50a2178530:   00007f50a2178590 00007f50940031f8
0x00007f50a2178540:   0000000000000000 00007f50a09e6c20
0x00007f50a2178550:   00007f50a21785a0 00007f50f13903c5
0x00007f50a2178560:   000000000162a07f 00007f50940031f8
0x00007f50a2178570:   00007f50a2178618 00000000a3f39130
0x00007f50a2178580:   00007f50a21785b0 00007f51054b4112
0x00007f50a2178590:   00000000a2e1ad10 00000000a3f39130
0x00007f50a21785a0:   00007f50a21787f0 00007f50f1344d94
0x00007f50a21785b0:   00007f50a2178600 00007f50a1473e40
0x00007f50a21785c0:   00007f50a2178600 00007f50a2178618
0x00007f50a21785d0:   00007f50a2178610 00007f50940031f8
0x00007f50a21785e0:   00007f50a2178610 00007f508087b780
0x00007f50a21785f0:   00007f508087b780 00000000a3f39130
0x00007f50a2178600:   00007f50a2178650 00007f50f135bbbc
0x00007f50a2178610:   00000000e21a9410 00000000e21a93d0
0x00007f50a2178620:   00000000a3c81d78 0000000000000000 

Instructions: (pc=0x00007f5075342987)
0x00007f5075342967:   00 41 f6 c4 01 c6 44 24 0f 00 0f 84 c9 00 00 00
0x00007f5075342977:   48 8b b3 30 01 00 00 48 85 f6 0f 84 b9 00 00 00
0x00007f5075342987:   48 8b 55 30 45 85 f6 4c 8b 6a 18 0f 85 40 02 00
0x00007f5075342997:   00 83 7b 38 01 0f 8e 36 02 00 00 48 8b 93 68 01 

Register to memory mapping:

RAX=0x0000000000000000 is an unknown value
RBX=0x00007f50800b9d80 is an unknown value
RCX=0x0000000000000000 is an unknown value
RDX=0x0000000000000001 is an unknown value
RSP=0x00007f50a2178430 is pointing into the stack for thread: 0x00007f5094003000
RBP=0x000000000000c000 is an unknown value
RSI=0x00007f50800ba630 is an unknown value
RDI=0x0000000100000000 is pointing into metadata
R8 =0x0000000000000000 is an unknown value
R9 =0x00007f50a0a14c60: <offset 0x4ac60> in /usr/lib/x86_64-linux-gnu/mesa/libGL.so.1 at 0x00007f50a09ca000
R10=0x00007f5076faf811: Java_jogamp_opengl_x11_glx_GLX_dispatch_1glXSwapBuffers0__JJJ+0 in /tmp/jogamp_0000/file_cache/jln7070552405852280140/jln8985934796587364883/libjogl_desktop.so at 0x00007f5076f23000
R11=0x00000000a3f39130 is an oop
jogamp.nativewindow.jawt.x11.X11JAWTWindow 
 - klass: 'jogamp/nativewindow/jawt/x11/X11JAWTWindow'
R12=0x0000000000000001 is an unknown value
R13=0x00007f50841658e0 is an unknown value
R14=0x0000000000000000 is an unknown value
R15=0x0000000000000001 is an unknown value


Stack: [0x00007f50a207a000,0x00007f50a217b000],  sp=0x00007f50a2178430,  free space=1017k
Native frames: (J=compiled Java code, j=interpreted, Vv=VM code, C=native code)
C  [nouveau_dri.so+0x29e987]

Java frames: (J=compiled Java code, j=interpreted, Vv=VM code)
J 2834  jogamp.opengl.x11.glx.GLX.dispatch_glXSwapBuffers0(JJJ)V (0 bytes) @ 0x00007f50f1390347 [0x00007f50f1390300+0x47]
J 2744 C1 jogamp.opengl.x11.glx.GLX.glXSwapBuffers(JJ)V (45 bytes) @ 0x00007f50f1344d94 [0x00007f50f13443e0+0x9b4]
J 2743 C1 jogamp.opengl.x11.glx.X11GLXDrawable.swapBuffersImpl(Z)V (21 bytes) @ 0x00007f50f1343f44 [0x00007f50f1343ca0+0x2a4]
J 2742 C1 jogamp.opengl.GLDrawableImpl.swapBuffers()V (138 bytes) @ 0x00007f50f13428dc [0x00007f50f1342220+0x6bc]
j  javax.media.opengl.awt.GLCanvas$12.run()V+45
j  java.awt.event.InvocationEvent.dispatch()V+11
J 2628 C1 java.awt.EventQueue.dispatchEventImpl(Ljava/awt/AWTEvent;Ljava/lang/Object;)V (149 bytes) @ 0x00007f50f12eb3bc [0x00007f50f12e9840+0x1b7c]
J 2626 C1 java.awt.EventQueue$3.run()Ljava/lang/Void; (60 bytes) @ 0x00007f50f12e9004 [0x00007f50f12e8e00+0x204]
j  java.awt.EventQueue$3.run()Ljava/lang/Object;+1
v  ~StubRoutines::call_stub
J 492  java.security.AccessController.doPrivileged(Ljava/security/PrivilegedAction;Ljava/security/AccessControlContext;)Ljava/lang/Object; (0 bytes) @ 0x00007f50f0bf21e3 [0x00007f50f0bf2180+0x63]
J 2314 C1 java.security.ProtectionDomain$JavaSecurityAccessImpl.doIntersectionPrivilege(Ljava/security/PrivilegedAction;Ljava/security/AccessControlContext;Ljava/security/AccessControlContext;)Ljava/lang/Object; (22 bytes) @ 0x00007f50f11da204 [0x00007f50f11d9da0+0x464]
j  java.awt.EventQueue.dispatchEvent(Ljava/awt/AWTEvent;)V+46
j  java.awt.EventDispatchThread.pumpOneEventForFilters(I)V+245
j  java.awt.EventDispatchThread.pumpEventsForFilter(ILjava/awt/Conditional;Ljava/awt/EventFilter;)V+35
j  java.awt.EventDispatchThread.pumpEventsForHierarchy(ILjava/awt/Conditional;Ljava/awt/Component;)V+11
j  java.awt.EventDispatchThread.pumpEvents(ILjava/awt/Conditional;)V+4
j  java.awt.EventDispatchThread.pumpEvents(Ljava/awt/Conditional;)V+3
j  java.awt.EventDispatchThread.run()V+9
v  ~StubRoutines::call_stub

---------------  P R O C E S S  ---------------

Java Threads: ( => current thread )
  0x00007f5080468800 JavaThread "Thread-19" [_thread_blocked, id=27316, stack(0x00007f5070176000,0x00007f5070277000)]
  0x00007f5084150800 JavaThread "Animation Thread-SharedResourceRunner" daemon [_thread_blocked, id=26997, stack(0x00007f50a1a78000,0x00007f50a1b79000)]
  0x00007f5094009000 JavaThread "Animation Thread" [_thread_blocked, id=26988, stack(0x00007f50a1d79000,0x00007f50a1e7a000)]
=>0x00007f5094003000 JavaThread "AWT-EventQueue-1" [_thread_in_native, id=26987, stack(0x00007f50a207a000,0x00007f50a217b000)]
  0x00007f510000a000 JavaThread "DestroyJavaVM" [_thread_blocked, id=26960, stack(0x00007f51068b1000,0x00007f51069b2000)]
  0x00007f5100286000 JavaThread "AWT-EventQueue-0" [_thread_blocked, id=26984, stack(0x00007f50a2b24000,0x00007f50a2c25000)]
  0x00007f5100281800 JavaThread "AWT-Shutdown" [_thread_blocked, id=26983, stack(0x00007f50a2c25000,0x00007f50a2d26000)]
  0x00007f510026e000 JavaThread "thread applet-module3.EarthquakeCityMap.class" [_thread_blocked, id=26982, stack(0x00007f50a2d26000,0x00007f50a2e27000)]
  0x00007f5100261000 JavaThread "AWT-XAWT" daemon [_thread_in_native, id=26980, stack(0x00007f50a2e27000,0x00007f50a2f28000)]
  0x00007f510023b800 JavaThread "Java2D Disposer" daemon [_thread_blocked, id=26979, stack(0x00007f50c808c000,0x00007f50c818d000)]
  0x00007f51000cc000 JavaThread "Service Thread" daemon [_thread_blocked, id=26977, stack(0x00007f50c9138000,0x00007f50c9239000)]
  0x00007f51000c9000 JavaThread "C1 CompilerThread3" daemon [_thread_blocked, id=26976, stack(0x00007f50c9239000,0x00007f50c933a000)]
  0x00007f51000c6800 JavaThread "C2 CompilerThread2" daemon [_thread_blocked, id=26975, stack(0x00007f50c933a000,0x00007f50c943b000)]
  0x00007f51000c5000 JavaThread "C2 CompilerThread1" daemon [_thread_blocked, id=26974, stack(0x00007f50c943b000,0x00007f50c953c000)]
  0x00007f51000c2000 JavaThread "C2 CompilerThread0" daemon [_thread_blocked, id=26973, stack(0x00007f50c953c000,0x00007f50c963d000)]
  0x00007f51000c0800 JavaThread "Signal Dispatcher" daemon [_thread_blocked, id=26972, stack(0x00007f50c963d000,0x00007f50c973e000)]
  0x00007f510008d000 JavaThread "Finalizer" daemon [_thread_blocked, id=26971, stack(0x00007f50c9e21000,0x00007f50c9f22000)]
  0x00007f5100088000 JavaThread "Reference Handler" daemon [_thread_blocked, id=26970, stack(0x00007f50c9f22000,0x00007f50ca023000)]

Other Threads:
  0x00007f5100080800 VMThread [stack: 0x00007f50ca023000,0x00007f50ca124000] [id=26969]
  0x00007f51000cf000 WatcherThread [stack: 0x00007f50c9037000,0x00007f50c9138000] [id=26978]

VM state:not at safepoint (normal execution)

VM Mutex/Monitor currently owned by a thread: None

Heap:
 PSYoungGen      total 47616K, used 19960K [0x00000000e0f80000, 0x00000000e4780000, 0x0000000100000000)
  eden space 47104K, 42% used [0x00000000e0f80000,0x00000000e22d6018,0x00000000e3d80000)
  from space 512K, 31% used [0x00000000e3e80000,0x00000000e3ea8000,0x00000000e3f00000)
  to   space 5120K, 0% used [0x00000000e4280000,0x00000000e4280000,0x00000000e4780000)
 ParOldGen       total 66560K, used 18200K [0x00000000a2e00000, 0x00000000a6f00000, 0x00000000e0f80000)
  object space 66560K, 27% used [0x00000000a2e00000,0x00000000a3fc6060,0x00000000a6f00000)
 Metaspace       used 21470K, capacity 21763K, committed 22064K, reserved 1069056K
  class space    used 2000K, capacity 2057K, committed 2176K, reserved 1048576K

Card table byte_map: [0x00007f50f0322000,0x00007f50f060c000] byte_map_base: 0x00007f50efe0b000

Marking Bits: (ParMarkBitMap*) 0x00007f5105d8a4c0
 Begin Bits: [0x00007f50eca99000, 0x00007f50ee1e1000)
 End Bits:   [0x00007f50ee1e1000, 0x00007f50ef929000)

Polling page: 0x00007f51069d9000

CodeCache: size=245760Kb used=9702Kb max_used=10937Kb free=236057Kb
 bounds [0x00007f50f09cc000, 0x00007f50f149c000, 0x00007f50ff9cc000]
 total_blobs=3625 nmethods=2662 adapters=877
 compilation: enabled

Compilation events (10 events):
Event: 386,727 Thread 0x00007f51000c5000 nmethod 3038 0x00007f50f0ace250 code [0x00007f50f0ace3a0, 0x00007f50f0ace418]
Event: 386,729 Thread 0x00007f51000c9000 3040   !   3       sun.awt.PostEventQueue::flush (168 bytes)
Event: 386,729 Thread 0x00007f51000c6800 3041       4       java.util.concurrent.locks.ReentrantLock::lock (8 bytes)
Event: 386,731 Thread 0x00007f51000c9000 nmethod 3040 0x00007f50f0b424d0 code [0x00007f50f0b42720, 0x00007f50f0b43848]
Event: 386,731 Thread 0x00007f51000c5000 3042       4       sun.awt.X11.XComponentPeer::getGraphics (21 bytes)
Event: 386,731 Thread 0x00007f51000c2000 nmethod 3039 0x00007f50f0adc190 code [0x00007f50f0adc2e0, 0x00007f50f0adc468]
Event: 386,742 Thread 0x00007f51000c6800 nmethod 3041 0x00007f50f0b13350 code [0x00007f50f0b13500, 0x00007f50f0b13a50]
Event: 386,742 Thread 0x00007f51000c9000 3043   !   3       sun.font.FontDesignMetrics::getMetrics (265 bytes)
Event: 386,744 Thread 0x00007f51000c9000 nmethod 3043 0x00007f50f0d77c10 code [0x00007f50f0d78020, 0x00007f50f0d7a818]
Event: 386,744 Thread 0x00007f51000c5000 nmethod 3042 0x00007f50f0bec890 code [0x00007f50f0beca60, 0x00007f50f0bed178]

GC Heap History (10 events):
Event: 322,058 GC heap before
{Heap before GC invocations=24 (full 1):
 PSYoungGen      total 57856K, used 52416K [0x00000000e0f80000, 0x00000000e5080000, 0x0000000100000000)
  eden space 52224K, 100% used [0x00000000e0f80000,0x00000000e4280000,0x00000000e4280000)
  from space 5632K, 3% used [0x00000000e4b00000,0x00000000e4b30000,0x00000000e5080000)
  to   space 7168K, 0% used [0x00000000e4280000,0x00000000e4280000,0x00000000e4980000)
 ParOldGen       total 66560K, used 18104K [0x00000000a2e00000, 0x00000000a6f00000, 0x00000000e0f80000)
  object space 66560K, 27% used [0x00000000a2e00000,0x00000000a3fae060,0x00000000a6f00000)
 Metaspace       used 21456K, capacity 21699K, committed 22064K, reserved 1069056K
  class space    used 1998K, capacity 2057K, committed 2176K, reserved 1048576K
Event: 322,060 GC heap after
Heap after GC invocations=24 (full 1):
 PSYoungGen      total 51712K, used 256K [0x00000000e0f80000, 0x00000000e4e80000, 0x0000000100000000)
  eden space 51200K, 0% used [0x00000000e0f80000,0x00000000e0f80000,0x00000000e4180000)
  from space 512K, 50% used [0x00000000e4280000,0x00000000e42c0000,0x00000000e4300000)
  to   space 6656K, 0% used [0x00000000e4800000,0x00000000e4800000,0x00000000e4e80000)
 ParOldGen       total 66560K, used 18144K [0x00000000a2e00000, 0x00000000a6f00000, 0x00000000e0f80000)
  object space 66560K, 27% used [0x00000000a2e00000,0x00000000a3fb8060,0x00000000a6f00000)
 Metaspace       used 21456K, capacity 21699K, committed 22064K, reserved 1069056K
  class space    used 1998K, capacity 2057K, committed 2176K, reserved 1048576K
}
Event: 337,465 GC heap before
{Heap before GC invocations=25 (full 1):
 PSYoungGen      total 51712K, used 51456K [0x00000000e0f80000, 0x00000000e4e80000, 0x0000000100000000)
  eden space 51200K, 100% used [0x00000000e0f80000,0x00000000e4180000,0x00000000e4180000)
  from space 512K, 50% used [0x00000000e4280000,0x00000000e42c0000,0x00000000e4300000)
  to   space 6656K, 0% used [0x00000000e4800000,0x00000000e4800000,0x00000000e4e80000)
 ParOldGen       total 66560K, used 18144K [0x00000000a2e00000, 0x00000000a6f00000, 0x00000000e0f80000)
  object space 66560K, 27% used [0x00000000a2e00000,0x00000000a3fb8060,0x00000000a6f00000)
 Metaspace       used 21456K, capacity 21699K, committed 22064K, reserved 1069056K
  class space    used 1998K, capacity 2057K, committed 2176K, reserved 1048576K
Event: 337,467 GC heap after
Heap after GC invocations=25 (full 1):
 PSYoungGen      total 55808K, used 160K [0x00000000e0f80000, 0x00000000e4d80000, 0x0000000100000000)
  eden space 50176K, 0% used [0x00000000e0f80000,0x00000000e0f80000,0x00000000e4080000)
  from space 5632K, 2% used [0x00000000e4800000,0x00000000e4828000,0x00000000e4d80000)
  to   space 6656K, 0% used [0x00000000e4080000,0x00000000e4080000,0x00000000e4700000)
 ParOldGen       total 66560K, used 18168K [0x00000000a2e00000, 0x00000000a6f00000, 0x00000000e0f80000)
  object space 66560K, 27% used [0x00000000a2e00000,0x00000000a3fbe060,0x00000000a6f00000)
 Metaspace       used 21456K, capacity 21699K, committed 22064K, reserved 1069056K
  class space    used 1998K, capacity 2057K, committed 2176K, reserved 1048576K
}
Event: 352,547 GC heap before
{Heap before GC invocations=26 (full 1):
 PSYoungGen      total 55808K, used 50336K [0x00000000e0f80000, 0x00000000e4d80000, 0x0000000100000000)
  eden space 50176K, 100% used [0x00000000e0f80000,0x00000000e4080000,0x00000000e4080000)
  from space 5632K, 2% used [0x00000000e4800000,0x00000000e4828000,0x00000000e4d80000)
  to   space 6656K, 0% used [0x00000000e4080000,0x00000000e4080000,0x00000000e4700000)
 ParOldGen       total 66560K, used 18168K [0x00000000a2e00000, 0x00000000a6f00000, 0x00000000e0f80000)
  object space 66560K, 27% used [0x00000000a2e00000,0x00000000a3fbe060,0x00000000a6f00000)
 Metaspace       used 21456K, capacity 21699K, committed 22064K, reserved 1069056K
  class space    used 1998K, capacity 2057K, committed 2176K, reserved 1048576K
Event: 352,550 GC heap after
Heap after GC invocations=26 (full 1):
 PSYoungGen      total 49664K, used 128K [0x00000000e0f80000, 0x00000000e4b80000, 0x0000000100000000)
  eden space 49152K, 0% used [0x00000000e0f80000,0x00000000e0f80000,0x00000000e3f80000)
  from space 512K, 25% used [0x00000000e4080000,0x00000000e40a0000,0x00000000e4100000)
  to   space 6144K, 0% used [0x00000000e4580000,0x00000000e4580000,0x00000000e4b80000)
 ParOldGen       total 66560K, used 18192K [0x00000000a2e00000, 0x00000000a6f00000, 0x00000000e0f80000)
  object space 66560K, 27% used [0x00000000a2e00000,0x00000000a3fc4060,0x00000000a6f00000)
 Metaspace       used 21456K, capacity 21699K, committed 22064K, reserved 1069056K
  class space    used 1998K, capacity 2057K, committed 2176K, reserved 1048576K
}
Event: 367,316 GC heap before
{Heap before GC invocations=27 (full 1):
 PSYoungGen      total 49664K, used 49280K [0x00000000e0f80000, 0x00000000e4b80000, 0x0000000100000000)
  eden space 49152K, 100% used [0x00000000e0f80000,0x00000000e3f80000,0x00000000e3f80000)
  from space 512K, 25% used [0x00000000e4080000,0x00000000e40a0000,0x00000000e4100000)
  to   space 6144K, 0% used [0x00000000e4580000,0x00000000e4580000,0x00000000e4b80000)
 ParOldGen       total 66560K, used 18192K [0x00000000a2e00000, 0x00000000a6f00000, 0x00000000e0f80000)
  object space 66560K, 27% used [0x00000000a2e00000,0x00000000a3fc4060,0x00000000a6f00000)
 Metaspace       used 21456K, capacity 21699K, committed 22064K, reserved 1069056K
  class space    used 1998K, capacity 2057K, committed 2176K, reserved 1048576K
Event: 367,318 GC heap after
Heap after GC invocations=27 (full 1):
 PSYoungGen      total 52224K, used 192K [0x00000000e0f80000, 0x00000000e4980000, 0x0000000100000000)
  eden space 48128K, 0% used [0x00000000e0f80000,0x00000000e0f80000,0x00000000e3e80000)
  from space 4096K, 4% used [0x00000000e4580000,0x00000000e45b0000,0x00000000e4980000)
  to   space 5632K, 0% used [0x00000000e3e80000,0x00000000e3e80000,0x00000000e4400000)
 ParOldGen       total 66560K, used 18200K [0x00000000a2e00000, 0x00000000a6f00000, 0x00000000e0f80000)
  object space 66560K, 27% used [0x00000000a2e00000,0x00000000a3fc6060,0x00000000a6f00000)
 Metaspace       used 21456K, capacity 21699K, committed 22064K, reserved 1069056K
  class space    used 1998K, capacity 2057K, committed 2176K, reserved 1048576K
}
Event: 382,032 GC heap before
{Heap before GC invocations=28 (full 1):
 PSYoungGen      total 52224K, used 48320K [0x00000000e0f80000, 0x00000000e4980000, 0x0000000100000000)
  eden space 48128K, 100% used [0x00000000e0f80000,0x00000000e3e80000,0x00000000e3e80000)
  from space 4096K, 4% used [0x00000000e4580000,0x00000000e45b0000,0x00000000e4980000)
  to   space 5632K, 0% used [0x00000000e3e80000,0x00000000e3e80000,0x00000000e4400000)
 ParOldGen       total 66560K, used 18200K [0x00000000a2e00000, 0x00000000a6f00000, 0x00000000e0f80000)
  object space 66560K, 27% used [0x00000000a2e00000,0x00000000a3fc6060,0x00000000a6f00000)
 Metaspace       used 21456K, capacity 21699K, committed 22064K, reserved 1069056K
  class space    used 1998K, capacity 2057K, committed 2176K, reserved 1048576K
Event: 382,035 GC heap after
Heap after GC invocations=28 (full 1):
 PSYoungGen      total 47616K, used 160K [0x00000000e0f80000, 0x00000000e4780000, 0x0000000100000000)
  eden space 47104K, 0% used [0x00000000e0f80000,0x00000000e0f80000,0x00000000e3d80000)
  from space 512K, 31% used [0x00000000e3e80000,0x00000000e3ea8000,0x00000000e3f00000)
  to   space 5120K, 0% used [0x00000000e4280000,0x00000000e4280000,0x00000000e4780000)
 ParOldGen       total 66560K, used 18200K [0x00000000a2e00000, 0x00000000a6f00000, 0x00000000e0f80000)
  object space 66560K, 27% used [0x00000000a2e00000,0x00000000a3fc6060,0x00000000a6f00000)
 Metaspace       used 21456K, capacity 21699K, committed 22064K, reserved 1069056K
  class space    used 1998K, capacity 2057K, committed 2176K, reserved 1048576K
}

Deoptimization events (10 events):
Event: 386,727 Thread 0x00007f5094003000 Uncommon trap: reason=class_check action=maybe_recompile pc=0x00007f50f14477c0 method=java.awt.event.InvocationEvent.dispatch()V @ 11
Event: 386,729 Thread 0x00007f5094003000 Uncommon trap: reason=unstable_if action=reinterpret pc=0x00007f50f0b4423c method=java.awt.EventQueue.eventToCacheIndex(Ljava/awt/AWTEvent;)I @ 71
Event: 386,729 Thread 0x00007f5100286000 Uncommon trap: reason=unstable_if action=reinterpret pc=0x00007f50f0b15350 method=java.awt.EventQueue.uncacheEQItem(Lsun/awt/EventQueueItem;)V @ 10
Event: 386,729 Thread 0x00007f5094003000 Uncommon trap: reason=unstable_if action=reinterpret pc=0x00007f50f0b152c8 method=java.awt.EventQueue.eventToCacheIndex(Ljava/awt/AWTEvent;)I @ 71
Event: 386,729 Thread 0x00007f5094003000 Uncommon trap: reason=unstable_if action=reinterpret pc=0x00007f50f1447f40 method=java.awt.event.InvocationEvent.dispatch()V @ 4
Event: 386,729 Thread 0x00007f5100286000 Uncommon trap: reason=unstable_if action=reinterpret pc=0x00007f50f0be04ec method=sun.java2d.SunGraphics2D.validateCompClip()V @ 9
Event: 386,729 Thread 0x00007f510026e000 Uncommon trap: reason=class_check action=maybe_recompile pc=0x00007f50f1454818 method=sun.java2d.xr.XRSurfaceData$XRWindowSurfaceData.getBounds()Ljava/awt/Rectangle; @ 4
Event: 386,730 Thread 0x00007f5094003000 Uncommon trap: reason=unstable_if action=reinterpret pc=0x00007f50f13f212c method=java.awt.event.InvocationEvent.finishedDispatching(Z)V @ 9
Event: 386,730 Thread 0x00007f510026e000 Uncommon trap: reason=unstable_if action=reinterpret pc=0x00007f50f12130c8 method=java.awt.font.FontRenderContext.equals(Ljava/awt/font/FontRenderContext;)Z @ 2
Event: 386,770 Thread 0x00007f5100286000 Uncommon trap: reason=class_check action=maybe_recompile pc=0x00007f50f14557e8 method=java.awt.Component.getGraphics()Ljava/awt/Graphics; @ 114

Internal exceptions (10 events):
Event: 1,419 Thread 0x00007f5094003000 Implicit null exception at 0x00007f50f0b9c8b5 to 0x00007f50f0b9cc01
Event: 1,672 Thread 0x00007f5094003000 Exception <a 'java/lang/reflect/InvocationTargetException'> (0x00000000e2237d18) thrown at [/HUDSON/workspace/8-2-build-linux-amd64/jdk8u92/6642/hotspot/src/share/vm/runtime/reflection.cpp, line 1092]
Event: 1,673 Thread 0x00007f5094003000 Exception <a 'java/lang/reflect/InvocationTargetException'> (0x00000000e2238390) thrown at [/HUDSON/workspace/8-2-build-linux-amd64/jdk8u92/6642/hotspot/src/share/vm/runtime/reflection.cpp, line 1092]
Event: 2,279 Thread 0x00007f5094003000 Exception <a 'java/lang/reflect/InvocationTargetException'> (0x00000000e2124bd0) thrown at [/HUDSON/workspace/8-2-build-linux-amd64/jdk8u92/6642/hotspot/src/share/vm/runtime/reflection.cpp, line 1092]
Event: 2,279 Thread 0x00007f5094003000 Exception <a 'java/lang/reflect/InvocationTargetException'> (0x00000000e21250b8) thrown at [/HUDSON/workspace/8-2-build-linux-amd64/jdk8u92/6642/hotspot/src/share/vm/runtime/reflection.cpp, line 1092]
Event: 2,364 Thread 0x00007f5094003000 Exception <a 'java/lang/reflect/InvocationTargetException'> (0x00000000e24793d0) thrown at [/HUDSON/workspace/8-2-build-linux-amd64/jdk8u92/6642/hotspot/src/share/vm/runtime/reflection.cpp, line 1092]
Event: 2,365 Thread 0x00007f5094003000 Exception <a 'java/lang/reflect/InvocationTargetException'> (0x00000000e24798b8) thrown at [/HUDSON/workspace/8-2-build-linux-amd64/jdk8u92/6642/hotspot/src/share/vm/runtime/reflection.cpp, line 1092]
Event: 2,439 Thread 0x00007f5094003000 Exception <a 'java/lang/reflect/InvocationTargetException'> (0x00000000e11dd920) thrown at [/HUDSON/workspace/8-2-build-linux-amd64/jdk8u92/6642/hotspot/src/share/vm/runtime/reflection.cpp, line 1092]
Event: 2,439 Thread 0x00007f5094003000 Exception <a 'java/lang/reflect/InvocationTargetException'> (0x00000000e11dde08) thrown at [/HUDSON/workspace/8-2-build-linux-amd64/jdk8u92/6642/hotspot/src/share/vm/runtime/reflection.cpp, line 1092]
Event: 2,472 Thread 0x00007f5094003000 Exception <a 'java/lang/reflect/InvocationTargetException'> (0x00000000e16f4790) thrown at [/HUDSON/workspace/8-2-build-linux-amd64/jdk8u92/6642/hotspot/src/share/vm/runtime/reflection.cpp, line 1092]

Events (10 events):
Event: 386,731 Thread 0x00007f51000c2000 flushing nmethod 0x00007f50f0bd7110
Event: 386,731 Thread 0x00007f51000c2000 flushing nmethod 0x00007f50f0bd8450
Event: 386,731 Thread 0x00007f51000c2000 flushing nmethod 0x00007f50f0be4fd0
Event: 386,742 Thread 0x00007f51000c6800 flushing nmethod 0x00007f50f0c33450
Event: 386,742 Thread 0x00007f51000c6800 flushing nmethod 0x00007f50f0c87450
Event: 386,744 Thread 0x00007f51000c9000 flushing nmethod 0x00007f50f0cd12d0
Event: 386,744 Thread 0x00007f51000c9000 flushing nmethod 0x00007f50f0d3c310
Event: 386,770 Thread 0x00007f5100286000 Uncommon trap: trap_request=0xffffffde fr.pc=0x00007f50f14557e8
Event: 386,770 Thread 0x00007f5100286000 DEOPT PACKING pc=0x00007f50f14557e8 sp=0x00007f50a2c218c0
Event: 386,770 Thread 0x00007f5100286000 DEOPT UNPACKING pc=0x00007f50f09d1229 sp=0x00007f50a2c218a0 mode 2


Dynamic libraries:
00400000-00401000 r-xp 00000000 08:01 3450446                            /home/ema/Scaricati/jdk1.8.0_92/jre/bin/java
00600000-00601000 rw-p 00000000 08:01 3450446                            /home/ema/Scaricati/jdk1.8.0_92/jre/bin/java
00a1a000-00a3b000 rw-p 00000000 00:00 0                                  [heap]
a2e00000-a6f00000 rw-p 00000000 00:00 0 
a6f00000-e0f80000 ---p 00000000 00:00 0 
e0f80000-e4780000 rw-p 00000000 00:00 0 
e4780000-100000000 ---p 00000000 00:00 0 
100000000-100220000 rw-p 00000000 00:00 0 
100220000-140000000 ---p 00000000 00:00 0 
7f5048000000-7f5048052000 rw-p 00000000 00:00 0 
7f5048052000-7f504c000000 ---p 00000000 00:00 0 
7f504c000000-7f504c048000 rw-p 00000000 00:00 0 
7f504c048000-7f5050000000 ---p 00000000 00:00 0 
7f5050000000-7f5050051000 rw-p 00000000 00:00 0 
7f5050051000-7f5054000000 ---p 00000000 00:00 0 
7f5054000000-7f505405f000 rw-p 00000000 00:00 0 
7f505405f000-7f5058000000 ---p 00000000 00:00 0 
7f505ab26000-7f505ab46000 rw-s 1b3de4000 00:06 9579                      /dev/dri/card0
7f505ab46000-7f505ab4a000 rw-s 1b3de0000 00:06 9579                      /dev/dri/card0
7f505ab4a000-7f505ab4e000 rw-s 19c0f0000 00:06 9579                      /dev/dri/card0
7f505ab4e000-7f505ab6e000 rw-s 1b3dc0000 00:06 9579                      /dev/dri/card0
7f505b02f000-7f505b0af000 rw-s 16aae0000 00:06 9579                      /dev/dri/card0
7f505b430000-7f505b4b0000 rw-s 16aa60000 00:06 9579                      /dev/dri/card0
7f505b8fd000-7f505bafd000 rw-s 19c4b4000 00:06 9579                      /dev/dri/card0
7f505bafd000-7f505bc69000 rw-p 00000000 00:00 0 
7f505bc69000-7f505bd00000 ---p 00000000 00:00 0 
7f505bd00000-7f505bdfe000 rw-p 00000000 00:00 0 
7f505bdfe000-7f505be01000 ---p 00000000 00:00 0 
7f505be01000-7f505beff000 rw-p 00000000 00:00 0 
7f505beff000-7f505bf02000 ---p 00000000 00:00 0 
7f505bf02000-7f505c000000 rw-p 00000000 00:00 0 
7f505c000000-7f505c021000 rw-p 00000000 00:00 0 
7f505c021000-7f5060000000 ---p 00000000 00:00 0 
7f5060000000-7f5060021000 rw-p 00000000 00:00 0 
7f5060021000-7f5064000000 ---p 00000000 00:00 0 
7f5064000000-7f5064021000 rw-p 00000000 00:00 0 
7f5064021000-7f5068000000 ---p 00000000 00:00 0 
7f5068000000-7f5068021000 rw-p 00000000 00:00 0 
7f5068021000-7f506c000000 ---p 00000000 00:00 0 
7f506c000000-7f506c021000 rw-p 00000000 00:00 0 
7f506c021000-7f5070000000 ---p 00000000 00:00 0 
7f5070023000-7f5070026000 ---p 00000000 00:00 0 
7f5070026000-7f5070124000 rw-p 00000000 00:00 0 
7f5070176000-7f5070179000 ---p 00000000 00:00 0 
7f5070179000-7f5070277000 rw-p 00000000 00:00 0 
7f5070277000-7f507027a000 ---p 00000000 00:00 0 
7f507027a000-7f5070378000 rw-p 00000000 00:00 0 
7f5070378000-7f507037b000 ---p 00000000 00:00 0 
7f507037b000-7f5070479000 rw-p 00000000 00:00 0 
7f507048b000-7f5070499000 r--s 00000000 08:01 19005654                   /var/cache/fontconfig/6aa41aa22e18b8fa06a12da28ea9c28b-le64.cache-4
7f5070499000-7f50704a4000 r--s 00000000 08:01 19005531                   /var/cache/fontconfig/945677eb7aeaf62f1d50efc3fb3ec7d8-le64.cache-4
7f50704a4000-7f50704a7000 ---p 00000000 00:00 0 
7f50704a7000-7f50705a5000 rw-p 00000000 00:00 0 
7f50705a5000-7f50705a8000 ---p 00000000 00:00 0 
7f50705a8000-7f50706a6000 rw-p 00000000 00:00 0 
7f50706a6000-7f50706a7000 r--s 00000000 08:01 19022310                   /var/cache/fontconfig/087e1975ba9a574b140bb1df193bf770-le64.cache-4
7f50706a7000-7f50706a8000 r--s 00000000 08:01 19005539                   /var/cache/fontconfig/c05880de57d1f5e948fdfacc138775d9-le64.cache-4
7f50706a8000-7f50706ae000 r--s 00000000 08:01 19005516                   /var/cache/fontconfig/2cd17615ca594fa2959ae173292e504c-le64.cache-4
7f50706ae000-7f50706af000 r--s 00000000 08:01 19005513                   /var/cache/fontconfig/0d8c3b2ac0904cb8a57a757ad11a4a08-le64.cache-4
7f50706af000-7f50706b6000 r--s 00000000 08:01 19005535                   /var/cache/fontconfig/a755afe4a08bf5b97852ceb7400b47bc-le64.cache-4
7f50706b6000-7f50706ba000 r--s 00000000 08:01 19005545                   /var/cache/fontconfig/6d41288fd70b0be22e8c3a91e032eec0-le64.cache-4
7f50706ba000-7f50706bb000 r--s 00000000 08:01 19005534                   /var/cache/fontconfig/a6354e3ac43af67bd8d7b8e43c34e49f-le64.cache-4
7f50706bb000-7f50706d1000 r--s 00000000 08:01 19005511                   /var/cache/fontconfig/04aabc0a78ac019cf9454389977116d2-le64.cache-4
7f50706d1000-7f50706d2000 r--s 00000000 08:01 19005515                   /var/cache/fontconfig/1ac9eb803944fde146138c791f5cc56a-le64.cache-4
7f50706d2000-7f50706d6000 r--s 00000000 08:01 19005519                   /var/cache/fontconfig/385c0604a188198f04d133e54aba7fe7-le64.cache-4
7f50706d6000-7f50706d7000 r--s 00000000 08:01 19022308                   /var/cache/fontconfig/9c956a7723ca69a44b382d9179c9802f-le64.cache-4
7f50706d7000-7f50706d8000 r--s 00000000 08:01 19005546                   /var/cache/fontconfig/dc05db6664285cc2f12bf69c139ae4c3-le64.cache-4
7f50706d8000-7f50706da000 r--s 00000000 08:01 19005528                   /var/cache/fontconfig/767a8244fc0220cfb567a839d0392e0b-le64.cache-4
7f50706da000-7f50706db000 r--s 00000000 08:01 19019501                   /var/cache/fontconfig/4794a0821666d79190d59a36cb4f44b5-le64.cache-4
7f50706db000-7f50706dc000 r--s 00000000 08:01 19022306                   /var/cache/fontconfig/9eae20f1ff8cc0a7d125749e875856bd-le64.cache-4
7f50706dc000-7f50706de000 r--s 00000000 08:01 19022305                   /var/cache/fontconfig/bf2c1853a9e9b00bb02fe2e9bcf1e201-le64.cache-4
7f50706de000-7f50706e3000 r--s 00000000 08:01 19005530                   /var/cache/fontconfig/8801497958630a81b71ace7c5f9b32a8-le64.cache-4
7f50706e3000-7f50706e7000 r--s 00000000 08:01 19019549                   /var/cache/fontconfig/c57959a16110560c8d0fcea73374aeeb-le64.cache-4
7f50706e7000-7f50706e8000 r--s 00000000 08:01 19005538                   /var/cache/fontconfig/bab58bb527bb656aaa9f116d68a48d89-le64.cache-4
7f50706e8000-7f50706ef000 r--s 00000000 08:01 19005517                   /var/cache/fontconfig/3047814df9a2f067bd2d96a2b9c36e5a-le64.cache-4
7f50706ef000-7f50706f7000 r--s 00000000 08:01 19022303                   /var/cache/fontconfig/bf3b770c553c462765856025a94f1ce6-le64.cache-4
7f50706f7000-7f50706f8000 r--s 00000000 08:01 19005524                   /var/cache/fontconfig/56cf4f4769d0f4abc89a4895d7bd3ae1-le64.cache-4
7f50706f8000-7f50706fe000 r--s 00000000 08:01 19005536                   /var/cache/fontconfig/b47c4e1ecd0709278f4910c18777a504-le64.cache-4
7f50706fe000-7f5070701000 r--s 00000000 08:01 19022298                   /var/cache/fontconfig/14d493b97896515cad3840ba4896e372-le64.cache-4
7f5070701000-7f5070704000 r--s 00000000 08:01 19020951                   /var/cache/fontconfig/e49e89034d371f0f9de17aab02136486-le64.cache-4
7f5070704000-7f5070784000 rw-s 16b125000 00:06 9579                      /dev/dri/card0
7f5070784000-7f50709b1000 rw-p 00000000 00:00 0 
7f50709b1000-7f50713b1000 rwxp 00000000 00:00 0 
7f50713b1000-7f50715de000 rw-p 00000000 00:00 0 
7f50715de000-7f50715f5000 r-xp 00000000 08:01 27267350                   /lib/x86_64-linux-gnu/libresolv-2.21.so
7f50715f5000-7f50717f5000 ---p 00017000 08:01 27267350                   /lib/x86_64-linux-gnu/libresolv-2.21.so
7f50717f5000-7f50717f7000 r--p 00017000 08:01 27267350                   /lib/x86_64-linux-gnu/libresolv-2.21.so
7f50717f7000-7f50717f8000 rw-p 00019000 08:01 27267350                   /lib/x86_64-linux-gnu/libresolv-2.21.so
7f50717f8000-7f50717fa000 rw-p 00000000 00:00 0 
7f50717fa000-7f50717ff000 r-xp 00000000 08:01 27267295                   /lib/x86_64-linux-gnu/libnss_dns-2.21.so
7f50717ff000-7f50719fe000 ---p 00005000 08:01 27267295                   /lib/x86_64-linux-gnu/libnss_dns-2.21.so
7f50719fe000-7f50719ff000 r--p 00004000 08:01 27267295                   /lib/x86_64-linux-gnu/libnss_dns-2.21.so
7f50719ff000-7f5071a00000 rw-p 00005000 08:01 27267295                   /lib/x86_64-linux-gnu/libnss_dns-2.21.so
7f5071a00000-7f5071a02000 r-xp 00000000 08:01 27267303                   /lib/x86_64-linux-gnu/libnss_mdns4_minimal.so.2
7f5071a02000-7f5071c01000 ---p 00002000 08:01 27267303                   /lib/x86_64-linux-gnu/libnss_mdns4_minimal.so.2
7f5071c01000-7f5071c02000 r--p 00001000 08:01 27267303                   /lib/x86_64-linux-gnu/libnss_mdns4_minimal.so.2
7f5071c02000-7f5071c03000 rw-p 00002000 08:01 27267303                   /lib/x86_64-linux-gnu/libnss_mdns4_minimal.so.2
7f5071c03000-7f5071c04000 r--s 00000000 08:01 19005537                   /var/cache/fontconfig/b9d506c9ac06c20b433354fa67a72993-le64.cache-4
7f5071c04000-7f5071c05000 r--s 00000000 08:01 19022295                   /var/cache/fontconfig/89034621ae2a8922916bb6bfa5799546-le64.cache-4
7f5071c05000-7f5071c07000 r--s 00000000 08:01 19020949                   /var/cache/fontconfig/4b14b093aebc79c320de5e86ae1d3314-le64.cache-4
7f5071c07000-7f5071c1a000 r--s 00000000 08:01 19005543                   /var/cache/fontconfig/d52a8644073d54c13679302ca1180695-le64.cache-4
7f5071c1a000-7f5071c1b000 r--s 00000000 08:01 19005523                   /var/cache/fontconfig/551ecf3b0e8b0bca0f25c0944f561853-le64.cache-4
7f5071c1b000-7f5071c1c000 r--s 00000000 08:01 19022293                   /var/cache/fontconfig/8a687c406b77f27d99abfeeba937fcce-le64.cache-4
7f5071c1c000-7f5071c21000 r--s 00000000 08:01 19022291                   /var/cache/fontconfig/75ad6aa2358a85f0de2c8ee4837e8227-le64.cache-4
7f5071c21000-7f5071c2b000 r--s 00000000 08:01 19005520                   /var/cache/fontconfig/3f7329c5293ffd510edef78f73874cfd-le64.cache-4
7f5071c2b000-7f5071c36000 r--s 00000000 08:01 19018232                   /var/cache/fontconfig/d589a48862398ed80a3d6066f4f56f4c-le64.cache-4
7f5071c36000-7f5071c43000 r--s 00000000 08:01 19022277                   /var/cache/fontconfig/198d8fcf01c96d0cf813f74fd759bdb7-le64.cache-4
7f5071c43000-7f5071e43000 rw-p 00000000 00:00 0 
7f5071e43000-7f5071e45000 r--s 00000000 08:01 19022288                   /var/cache/fontconfig/65f976e5259cbe6dc7697b8648396239-le64.cache-4
7f5071e45000-7f5071e49000 r--s 00000000 08:01 19022285                   /var/cache/fontconfig/246184dc75a16901ca37d96895904249-le64.cache-4
7f5071e49000-7f5071e4a000 r--s 00000000 08:01 19022282                   /var/cache/fontconfig/94f7fe9bd33aadfac165873bd010d595-le64.cache-4
7f5071e4a000-7f5071e4c000 r--s 00000000 08:01 19022280                   /var/cache/fontconfig/423767150eb258c59035de29db6fca84-le64.cache-4
7f5071e4c000-7f5071e4d000 r--s 00000000 08:01 19022279                   /var/cache/fontconfig/406a1d2d2bf3ed7664fbadefac0b2f66-le64.cache-4
7f5071e4d000-7f5071e4f000 r--s 00000000 08:01 19022278                   /var/cache/fontconfig/67709b7835c0f764c1135060c9575660-le64.cache-4
7f5071e4f000-7f5071e50000 r--s 00000000 08:01 19005512                   /var/cache/fontconfig/0c9eb80ebd1c36541ebe2852d3bb0c49-le64.cache-4
7f5071e50000-7f5071e53000 r--s 00000000 08:01 19022275                   /var/cache/fontconfig/75114ca45c98e8a441da0ff356701271-le64.cache-4
7f5071e53000-7f5071ed3000 rw-s 19c174000 00:06 9579                      /dev/dri/card0
7f5071ed3000-7f5071f0a000 r-xp 00000000 08:01 15344535                   /usr/lib/x86_64-linux-gnu/libtxc_dxtn_s2tc.so.0.0.0
7f5071f0a000-7f5072109000 ---p 00037000 08:01 15344535                   /usr/lib/x86_64-linux-gnu/libtxc_dxtn_s2tc.so.0.0.0
7f5072109000-7f507210a000 r--p 00036000 08:01 15344535                   /usr/lib/x86_64-linux-gnu/libtxc_dxtn_s2tc.so.0.0.0
7f507210a000-7f507210b000 rw-p 00037000 08:01 15344535                   /usr/lib/x86_64-linux-gnu/libtxc_dxtn_s2tc.so.0.0.0
7f507210b000-7f5072130000 r-xp 00000000 08:01 27267368                   /lib/x86_64-linux-gnu/libtinfo.so.5.9
7f5072130000-7f507232f000 ---p 00025000 08:01 27267368                   /lib/x86_64-linux-gnu/libtinfo.so.5.9
7f507232f000-7f5072333000 r--p 00024000 08:01 27267368                   /lib/x86_64-linux-gnu/libtinfo.so.5.9
7f5072333000-7f5072334000 rw-p 00028000 08:01 27267368                   /lib/x86_64-linux-gnu/libtinfo.so.5.9
7f5072334000-7f5072367000 r-xp 00000000 08:01 15343777                   /usr/lib/x86_64-linux-gnu/libedit.so.2.0.51
7f5072367000-7f5072567000 ---p 00033000 08:01 15343777                   /usr/lib/x86_64-linux-gnu/libedit.so.2.0.51
7f5072567000-7f5072569000 r--p 00033000 08:01 15343777                   /usr/lib/x86_64-linux-gnu/libedit.so.2.0.51
7f5072569000-7f507256a000 rw-p 00035000 08:01 15343777                   /usr/lib/x86_64-linux-gnu/libedit.so.2.0.51
7f507256a000-7f507256e000 rw-p 00000000 00:00 0 
7f507256e000-7f5072587000 r-xp 00000000 08:01 27267385                   /lib/x86_64-linux-gnu/libz.so.1.2.8
7f5072587000-7f5072787000 ---p 00019000 08:01 27267385                   /lib/x86_64-linux-gnu/libz.so.1.2.8
7f5072787000-7f5072788000 r--p 00019000 08:01 27267385                   /lib/x86_64-linux-gnu/libz.so.1.2.8
7f5072788000-7f5072789000 rw-p 0001a000 08:01 27267385                   /lib/x86_64-linux-gnu/libz.so.1.2.8
7f5072789000-7f5072879000 r-xp 00000000 08:01 15344490                   /usr/lib/x86_64-linux-gnu/libstdc++.so.6.0.20
7f5072879000-7f5072a79000 ---p 000f0000 08:01 15344490                   /usr/lib/x86_64-linux-gnu/libstdc++.so.6.0.20
7f5072a79000-7f5072a81000 r--p 000f0000 08:01 15344490                   /usr/lib/x86_64-linux-gnu/libstdc++.so.6.0.20
7f5072a81000-7f5072a83000 rw-p 000f8000 08:01 15344490                   /usr/lib/x86_64-linux-gnu/libstdc++.so.6.0.20
7f5072a83000-7f5072a98000 rw-p 00000000 00:00 0 
7f5072a98000-7f5074841000 r-xp 00000000 08:01 15343369                   /usr/lib/x86_64-linux-gnu/libLLVM-3.6.so.1
7f5074841000-7f5074842000 ---p 01da9000 08:01 15343369                   /usr/lib/x86_64-linux-gnu/libLLVM-3.6.so.1
7f5074842000-7f5074a5e000 r--p 01da9000 08:01 15343369                   /usr/lib/x86_64-linux-gnu/libLLVM-3.6.so.1
7f5074a5e000-7f5074a64000 rw-p 01fc5000 08:01 15343369                   /usr/lib/x86_64-linux-gnu/libLLVM-3.6.so.1
7f5074a64000-7f5074a7a000 rw-p 00000000 00:00 0 
7f5074a7a000-7f5074a8f000 r-xp 00000000 08:01 15343778                   /usr/lib/x86_64-linux-gnu/libelf-0.160.so
7f5074a8f000-7f5074c8e000 ---p 00015000 08:01 15343778                   /usr/lib/x86_64-linux-gnu/libelf-0.160.so
7f5074c8e000-7f5074c8f000 r--p 00014000 08:01 15343778                   /usr/lib/x86_64-linux-gnu/libelf-0.160.so
7f5074c8f000-7f5074c90000 rw-p 00015000 08:01 15343778                   /usr/lib/x86_64-linux-gnu/libelf-0.160.so
7f5074c90000-7f5074c9c000 r-xp 00000000 08:01 15343773                   /usr/lib/x86_64-linux-gnu/libdrm_radeon.so.1.0.1
7f5074c9c000-7f5074e9b000 ---p 0000c000 08:01 15343773                   /usr/lib/x86_64-linux-gnu/libdrm_radeon.so.1.0.1
7f5074e9b000-7f5074e9c000 r--p 0000b000 08:01 15343773                   /usr/lib/x86_64-linux-gnu/libdrm_radeon.so.1.0.1
7f5074e9c000-7f5074e9d000 rw-p 0000c000 08:01 15343773                   /usr/lib/x86_64-linux-gnu/libdrm_radeon.so.1.0.1
7f5074e9d000-7f5074ea3000 r-xp 00000000 08:01 15343771                   /usr/lib/x86_64-linux-gnu/libdrm_nouveau.so.2.0.0
7f5074ea3000-7f50750a2000 ---p 00006000 08:01 15343771                   /usr/lib/x86_64-linux-gnu/libdrm_nouveau.so.2.0.0
7f50750a2000-7f50750a3000 r--p 00005000 08:01 15343771                   /usr/lib/x86_64-linux-gnu/libdrm_nouveau.so.2.0.0
7f50750a3000-7f50750a4000 rw-p 00006000 08:01 15343771                   /usr/lib/x86_64-linux-gnu/libdrm_nouveau.so.2.0.0
7f50750a4000-7f5075817000 r-xp 00000000 08:01 15603600                   /usr/lib/x86_64-linux-gnu/dri/nouveau_dri.so
7f5075817000-7f5075a16000 ---p 00773000 08:01 15603600                   /usr/lib/x86_64-linux-gnu/dri/nouveau_dri.so
7f5075a16000-7f5075a6d000 r--p 00772000 08:01 15603600                   /usr/lib/x86_64-linux-gnu/dri/nouveau_dri.so
7f5075a6d000-7f5075a79000 rw-p 007c9000 08:01 15603600                   /usr/lib/x86_64-linux-gnu/dri/nouveau_dri.so
7f5075a79000-7f5075c5e000 rw-p 00000000 00:00 0 
7f5075c5e000-7f5075c70000 r-xp 00000000 08:01 27263385                   /lib/x86_64-linux-gnu/libudev.so.1.6.2
7f5075c70000-7f5075e6f000 ---p 00012000 08:01 27263385                   /lib/x86_64-linux-gnu/libudev.so.1.6.2
7f5075e6f000-7f5075e70000 r--p 00011000 08:01 27263385                   /lib/x86_64-linux-gnu/libudev.so.1.6.2
7f5075e70000-7f5075e71000 rw-p 00012000 08:01 27263385                   /lib/x86_64-linux-gnu/libudev.so.1.6.2
7f5075e71000-7f5075e73000 r-xp 00000000 08:01 15343521                   /usr/lib/x86_64-linux-gnu/libXinerama.so.1.0.0
7f5075e73000-7f5076072000 ---p 00002000 08:01 15343521                   /usr/lib/x86_64-linux-gnu/libXinerama.so.1.0.0
7f5076072000-7f5076073000 r--p 00001000 08:01 15343521                   /usr/lib/x86_64-linux-gnu/libXinerama.so.1.0.0
7f5076073000-7f5076074000 rw-p 00002000 08:01 15343521                   /usr/lib/x86_64-linux-gnu/libXinerama.so.1.0.0
7f5076074000-7f50760b9000 r-xp 00000000 08:01 28316235                   /tmp/jogamp_0000/file_cache/jln7070552405852280140/jln8985934796587364883/libjogl_mobile.so
7f50760b9000-7f50762b9000 ---p 00045000 08:01 28316235                   /tmp/jogamp_0000/file_cache/jln7070552405852280140/jln8985934796587364883/libjogl_mobile.so
7f50762b9000-7f50762ba000 rw-p 00045000 08:01 28316235                   /tmp/jogamp_0000/file_cache/jln7070552405852280140/jln8985934796587364883/libjogl_mobile.so
7f50762ba000-7f50762c1000 r-xp 00000000 08:01 15343817                   /usr/lib/x86_64-linux-gnu/libffi.so.6.0.4
7f50762c1000-7f50764c0000 ---p 00007000 08:01 15343817                   /usr/lib/x86_64-linux-gnu/libffi.so.6.0.4
7f50764c0000-7f50764c1000 r--p 00006000 08:01 15343817                   /usr/lib/x86_64-linux-gnu/libffi.so.6.0.4
7f50764c1000-7f50764c2000 rw-p 00007000 08:01 15343817                   /usr/lib/x86_64-linux-gnu/libffi.so.6.0.4
7f50764c2000-7f50764cf000 r-xp 00000000 08:01 15340550                   /usr/lib/x86_64-linux-gnu/libgbm.so.1.0.0
7f50764cf000-7f50766ce000 ---p 0000d000 08:01 15340550                   /usr/lib/x86_64-linux-gnu/libgbm.so.1.0.0
7f50766ce000-7f50766cf000 r--p 0000c000 08:01 15340550                   /usr/lib/x86_64-linux-gnu/libgbm.so.1.0.0
7f50766cf000-7f50766d0000 rw-p 0000d000 08:01 15340550                   /usr/lib/x86_64-linux-gnu/libgbm.so.1.0.0
7f50766d0000-7f50766df000 r-xp 00000000 08:01 15344604                   /usr/lib/x86_64-linux-gnu/libwayland-server.so.0.1.0
7f50766df000-7f50768de000 ---p 0000f000 08:01 15344604                   /usr/lib/x86_64-linux-gnu/libwayland-server.so.0.1.0
7f50768de000-7f50768e1000 r--p 0000e000 08:01 15344604                   /usr/lib/x86_64-linux-gnu/libwayland-server.so.0.1.0
7f50768e1000-7f50768e2000 rw-p 00011000 08:01 15344604                   /usr/lib/x86_64-linux-gnu/libwayland-server.so.0.1.0
7f50768e2000-7f50768ee000 r-xp 00000000 08:01 15344598                   /usr/lib/x86_64-linux-gnu/libwayland-client.so.0.3.0
7f50768ee000-7f5076aed000 ---p 0000c000 08:01 15344598                   /usr/lib/x86_64-linux-gnu/libwayland-client.so.0.3.0
7f5076aed000-7f5076aef000 r--p 0000b000 08:01 15344598                   /usr/lib/x86_64-linux-gnu/libwayland-client.so.0.3.0
7f5076aef000-7f5076af0000 rw-p 0000d000 08:01 15344598                   /usr/lib/x86_64-linux-gnu/libwayland-client.so.0.3.0
7f5076af0000-7f5076af5000 r-xp 00000000 08:01 15344692                   /usr/lib/x86_64-linux-gnu/libxcb-xfixes.so.0.0.0
7f5076af5000-7f5076cf5000 ---p 00005000 08:01 15344692                   /usr/lib/x86_64-linux-gnu/libxcb-xfixes.so.0.0.0
7f5076cf5000-7f5076cf6000 r--p 00005000 08:01 15344692                   /usr/lib/x86_64-linux-gnu/libxcb-xfixes.so.0.0.0
7f5076cf6000-7f5076cf7000 rw-p 00006000 08:01 15344692                   /usr/lib/x86_64-linux-gnu/libxcb-xfixes.so.0.0.0
7f5076cf7000-7f5076d20000 r-xp 00000000 08:01 15729315                   /usr/lib/x86_64-linux-gnu/mesa-egl/libEGL.so.1.0.0
7f5076d20000-7f5076f20000 ---p 00029000 08:01 15729315                   /usr/lib/x86_64-linux-gnu/mesa-egl/libEGL.so.1.0.0
7f5076f20000-7f5076f21000 r--p 00029000 08:01 15729315                   /usr/lib/x86_64-linux-gnu/mesa-egl/libEGL.so.1.0.0
7f5076f21000-7f5076f22000 rw-p 0002a000 08:01 15729315                   /usr/lib/x86_64-linux-gnu/mesa-egl/libEGL.so.1.0.0
7f5076f22000-7f5076f23000 rw-p 00000000 00:00 0 
7f5076f23000-7f5076fc8000 r-xp 00000000 08:01 28316227                   /tmp/jogamp_0000/file_cache/jln7070552405852280140/jln8985934796587364883/libjogl_desktop.so
7f5076fc8000-7f50771c8000 ---p 000a5000 08:01 28316227                   /tmp/jogamp_0000/file_cache/jln7070552405852280140/jln8985934796587364883/libjogl_desktop.so
7f50771c8000-7f50771c9000 rw-p 000a5000 08:01 28316227                   /tmp/jogamp_0000/file_cache/jln7070552405852280140/jln8985934796587364883/libjogl_desktop.so
7f50771c9000-7f50771d5000 r-xp 00000000 08:01 15343767                   /usr/lib/x86_64-linux-gnu/libdrm.so.2.4.0
7f50771d5000-7f50773d4000 ---p 0000c000 08:01 15343767                   /usr/lib/x86_64-linux-gnu/libdrm.so.2.4.0
7f50773d4000-7f50773d5000 r--p 0000b000 08:01 15343767                   /usr/lib/x86_64-linux-gnu/libdrm.so.2.4.0
7f50773d5000-7f50773d6000 rw-p 0000c000 08:01 15343767                   /usr/lib/x86_64-linux-gnu/libdrm.so.2.4.0
7f50773d6000-7f50773d7000 r-xp 00000000 08:01 15344706                   /usr/lib/x86_64-linux-gnu/libxshmfence.so.1.0.0
7f50773d7000-7f50775d6000 ---p 00001000 08:01 15344706                   /usr/lib/x86_64-linux-gnu/libxshmfence.so.1.0.0
7f50775d6000-7f50775d7000 r--p 00000000 08:01 15344706                   /usr/lib/x86_64-linux-gnu/libxshmfence.so.1.0.0
7f50775d7000-7f50775d8000 rw-p 00001000 08:01 15344706                   /usr/lib/x86_64-linux-gnu/libxshmfence.so.1.0.0
7f50775d8000-7f50775dd000 r-xp 00000000 08:01 15344688                   /usr/lib/x86_64-linux-gnu/libxcb-sync.so.1.0.0
7f50775dd000-7f50777dc000 ---p 00005000 08:01 15344688                   /usr/lib/x86_64-linux-gnu/libxcb-sync.so.1.0.0
7f50777dc000-7f50777dd000 r--p 00004000 08:01 15344688                   /usr/lib/x86_64-linux-gnu/libxcb-sync.so.1.0.0
7f50777dd000-7f50777de000 rw-p 00005000 08:01 15344688                   /usr/lib/x86_64-linux-gnu/libxcb-sync.so.1.0.0
7f50777de000-7f50777e0000 r-xp 00000000 08:01 15344676                   /usr/lib/x86_64-linux-gnu/libxcb-present.so.0.0.0
7f50777e0000-7f50779df000 ---p 00002000 08:01 15344676                   /usr/lib/x86_64-linux-gnu/libxcb-present.so.0.0.0
7f50779df000-7f50779e0000 r--p 00001000 08:01 15344676                   /usr/lib/x86_64-linux-gnu/libxcb-present.so.0.0.0
7f50779e0000-7f50779e1000 rw-p 00002000 08:01 15344676                   /usr/lib/x86_64-linux-gnu/libxcb-present.so.0.0.0
7f50779e1000-7f50779e3000 r-xp 00000000 08:01 15344666                   /usr/lib/x86_64-linux-gnu/libxcb-dri3.so.0.0.0
7f50779e3000-7f5077be2000 ---p 00002000 08:01 15344666                   /usr/lib/x86_64-linux-gnu/libxcb-dri3.so.0.0.0
7f5077be2000-7f5077be3000 r--p 00001000 08:01 15344666                   /usr/lib/x86_64-linux-gnu/libxcb-dri3.so.0.0.0
7f5077be3000-7f5077be4000 rw-p 00002000 08:01 15344666                   /usr/lib/x86_64-linux-gnu/libxcb-dri3.so.0.0.0
7f5077be4000-7f5077be7000 r-xp 00000000 08:01 15344664                   /usr/lib/x86_64-linux-gnu/libxcb-dri2.so.0.0.0
7f5077be7000-7f5077de7000 ---p 00003000 08:01 15344664                   /usr/lib/x86_64-linux-gnu/libxcb-dri2.so.0.0.0
7f5077de7000-7f5077de8000 r--p 00003000 08:01 15344664                   /usr/lib/x86_64-linux-gnu/libxcb-dri2.so.0.0.0
7f5077de8000-7f5077de9000 rw-p 00004000 08:01 15344664                   /usr/lib/x86_64-linux-gnu/libxcb-dri2.so.0.0.0
7f5077de9000-7f5077dfe000 r-xp 00000000 08:01 15344668                   /usr/lib/x86_64-linux-gnu/libxcb-glx.so.0.0.0
7f5077dfe000-7f5077ffd000 ---p 00015000 08:01 15344668                   /usr/lib/x86_64-linux-gnu/libxcb-glx.so.0.0.0
7f5077ffd000-7f5077fff000 r--p 00014000 08:01 15344668                   /usr/lib/x86_64-linux-gnu/libxcb-glx.so.0.0.0
7f5077fff000-7f5078000000 rw-p 00016000 08:01 15344668                   /usr/lib/x86_64-linux-gnu/libxcb-glx.so.0.0.0
7f5078000000-7f5078021000 rw-p 00000000 00:00 0 
7f5078021000-7f507c000000 ---p 00000000 00:00 0 
7f507c000000-7f507c18c000 rw-p 00000000 00:00 0 
7f507c18c000-7f5080000000 ---p 00000000 00:00 0 
7f5080000000-7f5080a4c000 rw-p 00000000 00:00 0 
7f5080a4c000-7f5084000000 ---p 00000000 00:00 0 
7f5084000000-7f50847ac000 rw-p 00000000 00:00 0 
7f50847ac000-7f5088000000 ---p 00000000 00:00 0 
7f5088000000-7f5088021000 rw-p 00000000 00:00 0 
7f5088021000-7f508c000000 ---p 00000000 00:00 0 
7f508c000000-7f508c039000 rw-p 00000000 00:00 0 
7f508c039000-7f5090000000 ---p 00000000 00:00 0 
7f5090000000-7f509002d000 rw-p 00000000 00:00 0 
7f509002d000-7f5094000000 ---p 00000000 00:00 0 
7f5094000000-7f5094021000 rw-p 00000000 00:00 0 
7f5094021000-7f5098000000 ---p 00000000 00:00 0 
7f5098000000-7f5098021000 rw-p 00000000 00:00 0 
7f5098021000-7f509c000000 ---p 00000000 00:00 0 
7f509c000000-7f509c021000 rw-p 00000000 00:00 0 
7f509c021000-7f50a0000000 ---p 00000000 00:00 0 
7f50a0000000-7f50a000b000 r--s 00000000 08:01 19022274                   /var/cache/fontconfig/83bf95040141907cd45bb53cf7c1c148-le64.cache-4
7f50a000b000-7f50a0014000 r--s 00000000 08:01 19013761                   /var/cache/fontconfig/d0972c3d32f097851eb916381fc38920-le64.cache-4
7f50a0014000-7f50a001b000 r--s 00000000 08:01 19022271                   /var/cache/fontconfig/53d14c92082a93e67d5078324eb314ca-le64.cache-4
7f50a001b000-7f50a002e000 r--s 00000000 08:01 19022270                   /var/cache/fontconfig/4ac51e5cfbc76fc3f983e470323a16d3-le64.cache-4
7f50a002e000-7f50a0033000 r--s 00000000 08:01 19022268                   /var/cache/fontconfig/3629f2adf904f9a612908891fae71ceb-le64.cache-4
7f50a0033000-7f50a0054000 r--s 00000000 08:01 19005633                   /var/cache/fontconfig/e13b20fdb08344e0e664864cc2ede53d-le64.cache-4
7f50a0054000-7f50a0072000 r--s 00000000 08:01 19018227                   /var/cache/fontconfig/467c019e582ee353435ea5c21d137ef6-le64.cache-4
7f50a0072000-7f50a00f2000 rw-s 16a9e0000 00:06 9579                      /dev/dri/card0
7f50a00f2000-7f50a0172000 rw-s 16a960000 00:06 9579                      /dev/dri/card0
7f50a0172000-7f50a0173000 r-xp 00000000 08:01 15343492                   /usr/lib/x86_64-linux-gnu/libX11-xcb.so.1.0.0
7f50a0173000-7f50a0372000 ---p 00001000 08:01 15343492                   /usr/lib/x86_64-linux-gnu/libX11-xcb.so.1.0.0
7f50a0372000-7f50a0373000 r--p 00000000 08:01 15343492                   /usr/lib/x86_64-linux-gnu/libX11-xcb.so.1.0.0
7f50a0373000-7f50a0374000 rw-p 00001000 08:01 15343492                   /usr/lib/x86_64-linux-gnu/libX11-xcb.so.1.0.0
7f50a0374000-7f50a0376000 r-xp 00000000 08:01 15343507                   /usr/lib/x86_64-linux-gnu/libXdamage.so.1.1.0
7f50a0376000-7f50a0575000 ---p 00002000 08:01 15343507                   /usr/lib/x86_64-linux-gnu/libXdamage.so.1.1.0
7f50a0575000-7f50a0576000 r--p 00001000 08:01 15343507                   /usr/lib/x86_64-linux-gnu/libXdamage.so.1.1.0
7f50a0576000-7f50a0577000 rw-p 00002000 08:01 15343507                   /usr/lib/x86_64-linux-gnu/libXdamage.so.1.1.0
7f50a0577000-7f50a059c000 r-xp 00000000 08:01 15343260                   /usr/lib/x86_64-linux-gnu/libglapi.so.0.0.0
7f50a059c000-7f50a079c000 ---p 00025000 08:01 15343260                   /usr/lib/x86_64-linux-gnu/libglapi.so.0.0.0
7f50a079c000-7f50a079f000 r--p 00025000 08:01 15343260                   /usr/lib/x86_64-linux-gnu/libglapi.so.0.0.0
7f50a079f000-7f50a07a0000 rw-p 00028000 08:01 15343260                   /usr/lib/x86_64-linux-gnu/libglapi.so.0.0.0
7f50a07a0000-7f50a07a1000 rw-p 00000000 00:00 0 
7f50a07a1000-7f50a07c7000 r-xp 00000000 08:01 27267358                   /lib/x86_64-linux-gnu/libexpat.so.1.6.0
7f50a07c7000-7f50a09c6000 ---p 00026000 08:01 27267358                   /lib/x86_64-linux-gnu/libexpat.so.1.6.0
7f50a09c6000-7f50a09c9000 r--p 00025000 08:01 27267358                   /lib/x86_64-linux-gnu/libexpat.so.1.6.0
7f50a09c9000-7f50a09ca000 rw-p 00028000 08:01 27267358                   /lib/x86_64-linux-gnu/libexpat.so.1.6.0
7f50a09ca000-7f50a0a62000 r-xp 00000000 08:01 15732978                   /usr/lib/x86_64-linux-gnu/mesa/libGL.so.1.2.0
7f50a0a62000-7f50a0c61000 ---p 00098000 08:01 15732978                   /usr/lib/x86_64-linux-gnu/mesa/libGL.so.1.2.0
7f50a0c61000-7f50a0c64000 r--p 00097000 08:01 15732978                   /usr/lib/x86_64-linux-gnu/mesa/libGL.so.1.2.0
7f50a0c64000-7f50a0c65000 rw-p 0009a000 08:01 15732978                   /usr/lib/x86_64-linux-gnu/mesa/libGL.so.1.2.0
7f50a0c65000-7f50a0e66000 rw-p 00000000 00:00 0 
7f50a0e66000-7f50a1066000 rw-p 00000000 00:00 0 
7f50a1066000-7f50a106d000 r-xp 00000000 08:01 28316358                   /tmp/jogamp_0000/file_cache/jln7070552405852280140/jln8985934796587364883/libnativewindow_x11.so
7f50a106d000-7f50a126c000 ---p 00007000 08:01 28316358                   /tmp/jogamp_0000/file_cache/jln7070552405852280140/jln8985934796587364883/libnativewindow_x11.so
7f50a126c000-7f50a126d000 rw-p 00006000 08:01 28316358                   /tmp/jogamp_0000/file_cache/jln7070552405852280140/jln8985934796587364883/libnativewindow_x11.so
7f50a126d000-7f50a1271000 r-xp 00000000 08:01 15343549                   /usr/lib/x86_64-linux-gnu/libXxf86vm.so.1.0.0
7f50a1271000-7f50a1471000 ---p 00004000 08:01 15343549                   /usr/lib/x86_64-linux-gnu/libXxf86vm.so.1.0.0
7f50a1471000-7f50a1472000 r--p 00004000 08:01 15343549                   /usr/lib/x86_64-linux-gnu/libXxf86vm.so.1.0.0
7f50a1472000-7f50a1473000 rw-p 00005000 08:01 15343549                   /usr/lib/x86_64-linux-gnu/libXxf86vm.so.1.0.0
7f50a1473000-7f50a1475000 r-xp 00000000 08:01 28316356                   /tmp/jogamp_0000/file_cache/jln7070552405852280140/jln8985934796587364883/libnativewindow_awt.so
7f50a1475000-7f50a1674000 ---p 00002000 08:01 28316356                   /tmp/jogamp_0000/file_cache/jln7070552405852280140/jln8985934796587364883/libnativewindow_awt.so
7f50a1674000-7f50a1675000 rw-p 00001000 08:01 28316356                   /tmp/jogamp_0000/file_cache/jln7070552405852280140/jln8985934796587364883/libnativewindow_awt.so
7f50a1675000-7f50a1676000 r-xp 00000000 08:01 3450810                    /home/ema/Scaricati/jdk1.8.0_92/jre/lib/amd64/libjawt.so
7f50a1676000-7f50a1875000 ---p 00001000 08:01 3450810                    /home/ema/Scaricati/jdk1.8.0_92/jre/lib/amd64/libjawt.so
7f50a1875000-7f50a1876000 rw-p 00000000 08:01 3450810                    /home/ema/Scaricati/jdk1.8.0_92/jre/lib/amd64/libjawt.so
7f50a1876000-7f50a1878000 r-xp 00000000 08:01 28315792                   /tmp/jogamp_0000/file_cache/jln7070552405852280140/jln8985934796587364883/libgluegen-rt.so
7f50a1878000-7f50a1a77000 ---p 00002000 08:01 28315792                   /tmp/jogamp_0000/file_cache/jln7070552405852280140/jln8985934796587364883/libgluegen-rt.so
7f50a1a77000-7f50a1a78000 rw-p 00001000 08:01 28315792                   /tmp/jogamp_0000/file_cache/jln7070552405852280140/jln8985934796587364883/libgluegen-rt.so
7f50a1a78000-7f50a1a7b000 ---p 00000000 00:00 0 
7f50a1a7b000-7f50a1d79000 rw-p 00000000 00:00 0 
7f50a1d79000-7f50a1d7c000 ---p 00000000 00:00 0 
7f50a1d7c000-7f50a207a000 rw-p 00000000 00:00 0 
7f50a207a000-7f50a207d000 ---p 00000000 00:00 0 
7f50a207d000-7f50a217b000 rw-p 00000000 00:00 0 
7f50a217b000-7f50a21e4000 r-xp 00000000 08:01 3450779                    /home/ema/Scaricati/jdk1.8.0_92/jre/lib/amd64/libt2k.so
7f50a21e4000-7f50a23e4000 ---p 00069000 08:01 3450779                    /home/ema/Scaricati/jdk1.8.0_92/jre/lib/amd64/libt2k.so
7f50a23e4000-7f50a23eb000 rw-p 00069000 08:01 3450779                    /home/ema/Scaricati/jdk1.8.0_92/jre/lib/amd64/libt2k.so
7f50a23eb000-7f50a23fb000 rw-p 00000000 00:00 0 
7f50a23fb000-7f50a240c000 r-xp 00000000 08:01 3450822                    /home/ema/Scaricati/jdk1.8.0_92/jre/lib/amd64/libnio.so
7f50a240c000-7f50a260b000 ---p 00011000 08:01 3450822                    /home/ema/Scaricati/jdk1.8.0_92/jre/lib/amd64/libnio.so
7f50a260b000-7f50a260c000 rw-p 00010000 08:01 3450822                    /home/ema/Scaricati/jdk1.8.0_92/jre/lib/amd64/libnio.so
7f50a260c000-7f50a290d000 rw-p 00000000 00:00 0 
7f50a290d000-7f50a2923000 r-xp 00000000 08:01 3450819                    /home/ema/Scaricati/jdk1.8.0_92/jre/lib/amd64/libnet.so
7f50a2923000-7f50a2b23000 ---p 00016000 08:01 3450819                    /home/ema/Scaricati/jdk1.8.0_92/jre/lib/amd64/libnet.so
7f50a2b23000-7f50a2b24000 rw-p 00016000 08:01 3450819                    /home/ema/Scaricati/jdk1.8.0_92/jre/lib/amd64/libnet.so
7f50a2b24000-7f50a2b27000 ---p 00000000 00:00 0 
7f50a2b27000-7f50a2c25000 rw-p 00000000 00:00 0 
7f50a2c25000-7f50a2c28000 ---p 00000000 00:00 0 
7f50a2c28000-7f50a2d26000 rw-p 00000000 00:00 0 
7f50a2d26000-7f50a2d29000 ---p 00000000 00:00 0 
7f50a2d29000-7f50a2e27000 rw-p 00000000 00:00 0 
7f50a2e27000-7f50a2e2a000 ---p 00000000 00:00 0 
7f50a2e2a000-7f50a2f28000 rw-p 00000000 00:00 0 
7f50a2f28000-7f50a2f2d000 r-xp 00000000 08:01 15343513                   /usr/lib/x86_64-linux-gnu/libXfixes.so.3.1.0
7f50a2f2d000-7f50a312c000 ---p 00005000 08:01 15343513                   /usr/lib/x86_64-linux-gnu/libXfixes.so.3.1.0
7f50a312c000-7f50a312d000 r--p 00004000 08:01 15343513                   /usr/lib/x86_64-linux-gnu/libXfixes.so.3.1.0
7f50a312d000-7f50a312e000 rw-p 00005000 08:01 15343513                   /usr/lib/x86_64-linux-gnu/libXfixes.so.3.1.0
7f50a312e000-7f50a3137000 r-xp 00000000 08:01 15343505                   /usr/lib/x86_64-linux-gnu/libXcursor.so.1.0.2
7f50a3137000-7f50a3336000 ---p 00009000 08:01 15343505                   /usr/lib/x86_64-linux-gnu/libXcursor.so.1.0.2
7f50a3336000-7f50a3337000 r--p 00008000 08:01 15343505                   /usr/lib/x86_64-linux-gnu/libXcursor.so.1.0.2
7f50a3337000-7f50a3338000 rw-p 00009000 08:01 15343505                   /usr/lib/x86_64-linux-gnu/libXcursor.so.1.0.2
7f50a3338000-7f50a334e000 r-xp 00000000 08:01 27269807                   /lib/x86_64-linux-gnu/libgcc_s.so.1
7f50a334e000-7f50a354d000 ---p 00016000 08:01 27269807                   /lib/x86_64-linux-gnu/libgcc_s.so.1
7f50a354d000-7f50a354e000 rw-p 00015000 08:01 27269807                   /lib/x86_64-linux-gnu/libgcc_s.so.1
7f50a354e000-7f50a35b3000 r-xp 00000000 08:01 3450798                    /home/ema/Scaricati/jdk1.8.0_92/jre/lib/amd64/libfontmanager.so
7f50a35b3000-7f50a37b2000 ---p 00065000 08:01 3450798                    /home/ema/Scaricati/jdk1.8.0_92/jre/lib/amd64/libfontmanager.so
7f50a37b2000-7f50a37b7000 rw-p 00064000 08:01 3450798                    /home/ema/Scaricati/jdk1.8.0_92/jre/lib/amd64/libfontmanager.so
7f50a37b7000-7f50a37c7000 rw-p 00000000 00:00 0 
7f50a37c7000-7f50a37cc000 r-xp 00000000 08:01 15343509                   /usr/lib/x86_64-linux-gnu/libXdmcp.so.6.0.0
7f50a37cc000-7f50a39cb000 ---p 00005000 08:01 15343509                   /usr/lib/x86_64-linux-gnu/libXdmcp.so.6.0.0
7f50a39cb000-7f50a39cc000 r--p 00004000 08:01 15343509                   /usr/lib/x86_64-linux-gnu/libXdmcp.so.6.0.0
7f50a39cc000-7f50a39cd000 rw-p 00005000 08:01 15343509                   /usr/lib/x86_64-linux-gnu/libXdmcp.so.6.0.0
7f50a39cd000-7f50a39cf000 r-xp 00000000 08:01 15343498                   /usr/lib/x86_64-linux-gnu/libXau.so.6.0.0
7f50a39cf000-7f50a3bcf000 ---p 00002000 08:01 15343498                   /usr/lib/x86_64-linux-gnu/libXau.so.6.0.0
7f50a3bcf000-7f50a3bd0000 r--p 00002000 08:01 15343498                   /usr/lib/x86_64-linux-gnu/libXau.so.6.0.0
7f50a3bd0000-7f50a3bd1000 rw-p 00003000 08:01 15343498                   /usr/lib/x86_64-linux-gnu/libXau.so.6.0.0
7f50a3bd1000-7f50a3bee000 r-xp 00000000 08:01 15344696                   /usr/lib/x86_64-linux-gnu/libxcb.so.1.1.0
7f50a3bee000-7f50a3dee000 ---p 0001d000 08:01 15344696                   /usr/lib/x86_64-linux-gnu/libxcb.so.1.1.0
7f50a3dee000-7f50a3def000 r--p 0001d000 08:01 15344696                   /usr/lib/x86_64-linux-gnu/libxcb.so.1.1.0
7f50a3def000-7f50a3df0000 rw-p 0001e000 08:01 15344696                   /usr/lib/x86_64-linux-gnu/libxcb.so.1.1.0
7f50a3df0000-7f50a3dff000 r-xp 00000000 08:01 15343519                   /usr/lib/x86_64-linux-gnu/libXi.so.6.1.0
7f50a3dff000-7f50a3ffe000 ---p 0000f000 08:01 15343519                   /usr/lib/x86_64-linux-gnu/libXi.so.6.1.0
7f50a3ffe000-7f50a3fff000 r--p 0000e000 08:01 15343519                   /usr/lib/x86_64-linux-gnu/libXi.so.6.1.0
7f50a3fff000-7f50a4000000 rw-p 0000f000 08:01 15343519                   /usr/lib/x86_64-linux-gnu/libXi.so.6.1.0
7f50a4000000-7f50a45ba000 rw-p 00000000 00:00 0 
7f50a45ba000-7f50a8000000 ---p 00000000 00:00 0 
7f50a8000000-7f50a8021000 rw-p 00000000 00:00 0 
7f50a8021000-7f50ac000000 ---p 00000000 00:00 0 
7f50ac000000-7f50acebb000 rw-p 00000000 00:00 0 
7f50acebb000-7f50b0000000 ---p 00000000 00:00 0 
7f50b0000000-7f50b0823000 rw-p 00000000 00:00 0 
7f50b0823000-7f50b4000000 ---p 00000000 00:00 0 
7f50b4000000-7f50b4021000 rw-p 00000000 00:00 0 
7f50b4021000-7f50b8000000 ---p 00000000 00:00 0 
7f50b8000000-7f50b89ff000 rw-p 00000000 00:00 0 
7f50b89ff000-7f50bc000000 ---p 00000000 00:00 0 
7f50bc000000-7f50bc021000 rw-p 00000000 00:00 0 
7f50bc021000-7f50c0000000 ---p 00000000 00:00 0 
7f50c0000000-7f50c0021000 rw-p 00000000 00:00 0 
7f50c0021000-7f50c4000000 ---p 00000000 00:00 0 
7f50c4000000-7f50c4021000 rw-p 00000000 00:00 0 
7f50c4021000-7f50c8000000 ---p 00000000 00:00 0 
7f50c8000000-7f50c8002000 r--s 00000000 08:01 19022273                   /var/cache/fontconfig/6e6b34ae150a7ad95e82fb4a522f0bda-le64.cache-4
7f50c8002000-7f50c8003000 r--s 00000000 08:01 19022272                   /var/cache/fontconfig/3334a778d104e76d188e9df399bc24d2-le64.cache-4
7f50c8003000-7f50c8006000 r--s 00000000 08:01 19022266                   /var/cache/fontconfig/de83a0a961185c8bd1f159015d56c039-le64.cache-4
7f50c8006000-7f50c800a000 r--s 00000000 08:01 19020952                   /var/cache/fontconfig/7ef2298fde41cc6eeb7af42e48b7d293-le64.cache-4
7f50c800a000-7f50c8017000 r--s 00000000 08:01 19018230                   /var/cache/fontconfig/8f02d4cb045bd6ce15663e43f347c9f8-le64.cache-4
7f50c8017000-7f50c8037000 rw-s 19c214000 00:06 9579                      /dev/dri/card0
7f50c8037000-7f50c8053000 r--s 00393000 08:01 3450599                    /home/ema/Scaricati/jdk1.8.0_92/jre/lib/ext/cldrdata.jar
7f50c8053000-7f50c8056000 ---p 00000000 00:00 0 
7f50c8056000-7f50c808c000 rw-p 00000000 00:00 0 
7f50c808c000-7f50c808f000 ---p 00000000 00:00 0 
7f50c808f000-7f50c818d000 rw-p 00000000 00:00 0 
7f50c818d000-7f50c8192000 r-xp 00000000 08:01 15343539                   /usr/lib/x86_64-linux-gnu/libXtst.so.6.1.0
7f50c8192000-7f50c8391000 ---p 00005000 08:01 15343539                   /usr/lib/x86_64-linux-gnu/libXtst.so.6.1.0
7f50c8391000-7f50c8392000 r--p 00004000 08:01 15343539                   /usr/lib/x86_64-linux-gnu/libXtst.so.6.1.0
7f50c8392000-7f50c8393000 rw-p 00005000 08:01 15343539                   /usr/lib/x86_64-linux-gnu/libXtst.so.6.1.0
7f50c8393000-7f50c839c000 r-xp 00000000 08:01 15343533                   /usr/lib/x86_64-linux-gnu/libXrender.so.1.3.0
7f50c839c000-7f50c859b000 ---p 00009000 08:01 15343533                   /usr/lib/x86_64-linux-gnu/libXrender.so.1.3.0
7f50c859b000-7f50c859c000 r--p 00008000 08:01 15343533                   /usr/lib/x86_64-linux-gnu/libXrender.so.1.3.0
7f50c859c000-7f50c859d000 rw-p 00009000 08:01 15343533                   /usr/lib/x86_64-linux-gnu/libXrender.so.1.3.0
7f50c859d000-7f50c86d0000 r-xp 00000000 08:01 15343494                   /usr/lib/x86_64-linux-gnu/libX11.so.6.3.0
7f50c86d0000-7f50c88d0000 ---p 00133000 08:01 15343494                   /usr/lib/x86_64-linux-gnu/libX11.so.6.3.0
7f50c88d0000-7f50c88d1000 r--p 00133000 08:01 15343494                   /usr/lib/x86_64-linux-gnu/libX11.so.6.3.0
7f50c88d1000-7f50c88d5000 rw-p 00134000 08:01 15343494                   /usr/lib/x86_64-linux-gnu/libX11.so.6.3.0
7f50c88d5000-7f50c88d6000 rw-p 00000000 00:00 0 
7f50c88d6000-7f50c88e7000 r-xp 00000000 08:01 15343511                   /usr/lib/x86_64-linux-gnu/libXext.so.6.4.0
7f50c88e7000-7f50c8ae6000 ---p 00011000 08:01 15343511                   /usr/lib/x86_64-linux-gnu/libXext.so.6.4.0
7f50c8ae6000-7f50c8ae7000 r--p 00010000 08:01 15343511                   /usr/lib/x86_64-linux-gnu/libXext.so.6.4.0
7f50c8ae7000-7f50c8ae8000 rw-p 00011000 08:01 15343511                   /usr/lib/x86_64-linux-gnu/libXext.so.6.4.0
7f50c8ae8000-7f50c8ae9000 r--s 00000000 08:01 19022269                   /var/cache/fontconfig/c277e94e32b20404286a1ddafa5a80f0-le64.cache-4
7f50c8ae9000-7f50c8b0c000 r--s 002ec000 08:01 3540429                    /home/ema/Dropbox/ACCADEMIC/Programmi/Java/ucsdunfoldingmaps/lib/jogl-all.jar
7f50c8b0c000-7f50c8b60000 r-xp 00000000 08:01 3450826                    /home/ema/Scaricati/jdk1.8.0_92/jre/lib/amd64/libawt_xawt.so
7f50c8b60000-7f50c8d60000 ---p 00054000 08:01 3450826                    /home/ema/Scaricati/jdk1.8.0_92/jre/lib/amd64/libawt_xawt.so
7f50c8d60000-7f50c8d64000 rw-p 00054000 08:01 3450826                    /home/ema/Scaricati/jdk1.8.0_92/jre/lib/amd64/libawt_xawt.so
7f50c8d64000-7f50c8d65000 rw-p 00000000 00:00 0 
7f50c8d65000-7f50c8e07000 r-xp 00000000 08:01 3450809                    /home/ema/Scaricati/jdk1.8.0_92/jre/lib/amd64/libawt.so
7f50c8e07000-7f50c9007000 ---p 000a2000 08:01 3450809                    /home/ema/Scaricati/jdk1.8.0_92/jre/lib/amd64/libawt.so
7f50c9007000-7f50c9013000 rw-p 000a2000 08:01 3450809                    /home/ema/Scaricati/jdk1.8.0_92/jre/lib/amd64/libawt.so
7f50c9013000-7f50c9037000 rw-p 00000000 00:00 0 
7f50c9037000-7f50c9038000 ---p 00000000 00:00 0 
7f50c9038000-7f50c9138000 rw-p 00000000 00:00 0 
7f50c9138000-7f50c913b000 ---p 00000000 00:00 0 
7f50c913b000-7f50c9239000 rw-p 00000000 00:00 0 
7f50c9239000-7f50c923c000 ---p 00000000 00:00 0 
7f50c923c000-7f50c933a000 rw-p 00000000 00:00 0 
7f50c933a000-7f50c933d000 ---p 00000000 00:00 0 
7f50c933d000-7f50c943b000 rw-p 00000000 00:00 0 
7f50c943b000-7f50c943e000 ---p 00000000 00:00 0 
7f50c943e000-7f50c953c000 rw-p 00000000 00:00 0 
7f50c953c000-7f50c953f000 ---p 00000000 00:00 0 
7f50c953f000-7f50c963d000 rw-p 00000000 00:00 0 
7f50c963d000-7f50c9640000 ---p 00000000 00:00 0 
7f50c9640000-7f50c973e000 rw-p 00000000 00:00 0 
7f50c973e000-7f50c9e21000 r--p 00000000 08:01 15342584                   /usr/lib/locale/locale-archive
7f50c9e21000-7f50c9e24000 ---p 00000000 00:00 0 
7f50c9e24000-7f50c9f22000 rw-p 00000000 00:00 0 
7f50c9f22000-7f50c9f25000 ---p 00000000 00:00 0 
7f50c9f25000-7f50ca023000 rw-p 00000000 00:00 0 
7f50ca023000-7f50ca024000 ---p 00000000 00:00 0 
7f50ca024000-7f50cc000000 rw-p 00000000 00:00 0 
7f50cc000000-7f50cc021000 rw-p 00000000 00:00 0 
7f50cc021000-7f50d0000000 ---p 00000000 00:00 0 
7f50d0000000-7f50d0021000 rw-p 00000000 00:00 0 
7f50d0021000-7f50d4000000 ---p 00000000 00:00 0 
7f50d4000000-7f50d4021000 rw-p 00000000 00:00 0 
7f50d4021000-7f50d8000000 ---p 00000000 00:00 0 
7f50d8000000-7f50d8021000 rw-p 00000000 00:00 0 
7f50d8021000-7f50dc000000 ---p 00000000 00:00 0 
7f50dc000000-7f50dc021000 rw-p 00000000 00:00 0 
7f50dc021000-7f50e0000000 ---p 00000000 00:00 0 
7f50e0000000-7f50e0021000 rw-p 00000000 00:00 0 
7f50e0021000-7f50e4000000 ---p 00000000 00:00 0 
7f50e4000000-7f50e4021000 rw-p 00000000 00:00 0 
7f50e4021000-7f50e8000000 ---p 00000000 00:00 0 
7f50e8000000-7f50e8021000 rw-p 00000000 00:00 0 
7f50e8021000-7f50ec000000 ---p 00000000 00:00 0 
7f50ec000000-7f50ec002000 r--s 00000000 08:01 19018231                   /var/cache/fontconfig/16326683038b281783a0ef8c680e3a10-le64.cache-4
7f50ec01a000-7f50ec561000 rw-p 00000000 00:00 0 
7f50ec561000-7f50ec73a000 r--s 03d24000 08:01 3450543                    /home/ema/Scaricati/jdk1.8.0_92/jre/lib/rt.jar
7f50ec73a000-7f50ef929000 rw-p 00000000 00:00 0 
7f50ef929000-7f50ef92a000 ---p 00000000 00:00 0 
7f50ef92a000-7f50efa2a000 rw-p 00000000 00:00 0 
7f50efa2a000-7f50efa2b000 ---p 00000000 00:00 0 
7f50efa2b000-7f50efb2b000 rw-p 00000000 00:00 0 
7f50efb2b000-7f50efb2c000 ---p 00000000 00:00 0 
7f50efb2c000-7f50efc2c000 rw-p 00000000 00:00 0 
7f50efc2c000-7f50efc2d000 ---p 00000000 00:00 0 
7f50efc2d000-7f50efd2d000 rw-p 00000000 00:00 0 
7f50efd2d000-7f50efd2e000 ---p 00000000 00:00 0 
7f50efd2e000-7f50efe2e000 rw-p 00000000 00:00 0 
7f50efe2e000-7f50efe2f000 ---p 00000000 00:00 0 
7f50efe2f000-7f50eff2f000 rw-p 00000000 00:00 0 
7f50eff2f000-7f50eff30000 ---p 00000000 00:00 0 
7f50eff30000-7f50f0030000 rw-p 00000000 00:00 0 
7f50f0030000-7f50f0031000 ---p 00000000 00:00 0 
7f50f0031000-7f50f0152000 rw-p 00000000 00:00 0 
7f50f0152000-7f50f0322000 ---p 00000000 00:00 0 
7f50f0322000-7f50f0343000 rw-p 00000000 00:00 0 
7f50f0343000-7f50f0512000 ---p 00000000 00:00 0 
7f50f0512000-7f50f052f000 rw-p 00000000 00:00 0 
7f50f052f000-7f50f060b000 ---p 00000000 00:00 0 
7f50f060b000-7f50f0638000 rw-p 00000000 00:00 0 
7f50f0638000-7f50f09cc000 ---p 00000000 00:00 0 
7f50f09cc000-7f50f149c000 rwxp 00000000 00:00 0 
7f50f149c000-7f50ff9cc000 ---p 00000000 00:00 0 
7f50ff9cc000-7f50ff9e6000 r-xp 00000000 08:01 3450813                    /home/ema/Scaricati/jdk1.8.0_92/jre/lib/amd64/libzip.so
7f50ff9e6000-7f50ffbe6000 ---p 0001a000 08:01 3450813                    /home/ema/Scaricati/jdk1.8.0_92/jre/lib/amd64/libzip.so
7f50ffbe6000-7f50ffbe7000 rw-p 0001a000 08:01 3450813                    /home/ema/Scaricati/jdk1.8.0_92/jre/lib/amd64/libzip.so
7f50ffbe7000-7f50ffbf3000 r-xp 00000000 08:01 27267297                   /lib/x86_64-linux-gnu/libnss_files-2.21.so
7f50ffbf3000-7f50ffdf2000 ---p 0000c000 08:01 27267297                   /lib/x86_64-linux-gnu/libnss_files-2.21.so
7f50ffdf2000-7f50ffdf3000 r--p 0000b000 08:01 27267297                   /lib/x86_64-linux-gnu/libnss_files-2.21.so
7f50ffdf3000-7f50ffdf4000 rw-p 0000c000 08:01 27267297                   /lib/x86_64-linux-gnu/libnss_files-2.21.so
7f50ffdf4000-7f50ffdff000 r-xp 00000000 08:01 27267307                   /lib/x86_64-linux-gnu/libnss_nis-2.21.so
7f50ffdff000-7f50ffffe000 ---p 0000b000 08:01 27267307                   /lib/x86_64-linux-gnu/libnss_nis-2.21.so
7f50ffffe000-7f50fffff000 r--p 0000a000 08:01 27267307                   /lib/x86_64-linux-gnu/libnss_nis-2.21.so
7f50fffff000-7f5100000000 rw-p 0000b000 08:01 27267307                   /lib/x86_64-linux-gnu/libnss_nis-2.21.so
7f5100000000-7f510051a000 rw-p 00000000 00:00 0 
7f510051a000-7f5104000000 ---p 00000000 00:00 0 
7f5104000000-7f5104001000 r--s 00000000 08:01 19018228                   /var/cache/fontconfig/e0aa53bcfa504e64f87823c16bc01eb6-le64.cache-4
7f5104005000-7f5104006000 rw-p 00000000 00:00 0 
7f5104006000-7f510400a000 rw-s 16bfd5000 00:06 9579                      /dev/dri/card0
7f510400a000-7f5104014000 r--s 00116000 08:01 3450653                    /home/ema/Scaricati/jdk1.8.0_92/jre/lib/ext/localedata.jar
7f5104014000-7f5104063000 rw-p 00000000 00:00 0 
7f5104063000-7f510407a000 r-xp 00000000 08:01 27267291                   /lib/x86_64-linux-gnu/libnsl-2.21.so
7f510407a000-7f5104279000 ---p 00017000 08:01 27267291                   /lib/x86_64-linux-gnu/libnsl-2.21.so
7f5104279000-7f510427a000 r--p 00016000 08:01 27267291                   /lib/x86_64-linux-gnu/libnsl-2.21.so
7f510427a000-7f510427b000 rw-p 00017000 08:01 27267291                   /lib/x86_64-linux-gnu/libnsl-2.21.so
7f510427b000-7f510427d000 rw-p 00000000 00:00 0 
7f510427d000-7f5104285000 r-xp 00000000 08:01 27267293                   /lib/x86_64-linux-gnu/libnss_compat-2.21.so
7f5104285000-7f5104484000 ---p 00008000 08:01 27267293                   /lib/x86_64-linux-gnu/libnss_compat-2.21.so
7f5104484000-7f5104485000 r--p 00007000 08:01 27267293                   /lib/x86_64-linux-gnu/libnss_compat-2.21.so
7f5104485000-7f5104486000 rw-p 00008000 08:01 27267293                   /lib/x86_64-linux-gnu/libnss_compat-2.21.so
7f5104486000-7f51044b0000 r-xp 00000000 08:01 3450807                    /home/ema/Scaricati/jdk1.8.0_92/jre/lib/amd64/libjava.so
7f51044b0000-7f51046b0000 ---p 0002a000 08:01 3450807                    /home/ema/Scaricati/jdk1.8.0_92/jre/lib/amd64/libjava.so
7f51046b0000-7f51046b2000 rw-p 0002a000 08:01 3450807                    /home/ema/Scaricati/jdk1.8.0_92/jre/lib/amd64/libjava.so
7f51046b2000-7f51046bf000 r-xp 00000000 08:01 3450812                    /home/ema/Scaricati/jdk1.8.0_92/jre/lib/amd64/libverify.so
7f51046bf000-7f51048bf000 ---p 0000d000 08:01 3450812                    /home/ema/Scaricati/jdk1.8.0_92/jre/lib/amd64/libverify.so
7f51048bf000-7f51048c1000 rw-p 0000d000 08:01 3450812                    /home/ema/Scaricati/jdk1.8.0_92/jre/lib/amd64/libverify.so
7f51048c1000-7f51048c8000 r-xp 00000000 08:01 27267352                   /lib/x86_64-linux-gnu/librt-2.21.so
7f51048c8000-7f5104ac7000 ---p 00007000 08:01 27267352                   /lib/x86_64-linux-gnu/librt-2.21.so
7f5104ac7000-7f5104ac8000 r--p 00006000 08:01 27267352                   /lib/x86_64-linux-gnu/librt-2.21.so
7f5104ac8000-7f5104ac9000 rw-p 00007000 08:01 27267352                   /lib/x86_64-linux-gnu/librt-2.21.so
7f5104ac9000-7f5104bd0000 r-xp 00000000 08:01 27267270                   /lib/x86_64-linux-gnu/libm-2.21.so
7f5104bd0000-7f5104dcf000 ---p 00107000 08:01 27267270                   /lib/x86_64-linux-gnu/libm-2.21.so
7f5104dcf000-7f5104dd0000 r--p 00106000 08:01 27267270                   /lib/x86_64-linux-gnu/libm-2.21.so
7f5104dd0000-7f5104dd1000 rw-p 00107000 08:01 27267270                   /lib/x86_64-linux-gnu/libm-2.21.so
7f5104dd1000-7f5105a94000 r-xp 00000000 08:01 3450788                    /home/ema/Scaricati/jdk1.8.0_92/jre/lib/amd64/server/libjvm.so
7f5105a94000-7f5105c93000 ---p 00cc3000 08:01 3450788                    /home/ema/Scaricati/jdk1.8.0_92/jre/lib/amd64/server/libjvm.so
7f5105c93000-7f5105d6c000 rw-p 00cc2000 08:01 3450788                    /home/ema/Scaricati/jdk1.8.0_92/jre/lib/amd64/server/libjvm.so
7f5105d6c000-7f5105db7000 rw-p 00000000 00:00 0 
7f5105db7000-7f5105f77000 r-xp 00000000 08:01 27267211                   /lib/x86_64-linux-gnu/libc-2.21.so
7f5105f77000-7f5106177000 ---p 001c0000 08:01 27267211                   /lib/x86_64-linux-gnu/libc-2.21.so
7f5106177000-7f510617b000 r--p 001c0000 08:01 27267211                   /lib/x86_64-linux-gnu/libc-2.21.so
7f510617b000-7f510617d000 rw-p 001c4000 08:01 27267211                   /lib/x86_64-linux-gnu/libc-2.21.so
7f510617d000-7f5106181000 rw-p 00000000 00:00 0 
7f5106181000-7f5106184000 r-xp 00000000 08:01 27267228                   /lib/x86_64-linux-gnu/libdl-2.21.so
7f5106184000-7f5106383000 ---p 00003000 08:01 27267228                   /lib/x86_64-linux-gnu/libdl-2.21.so
7f5106383000-7f5106384000 r--p 00002000 08:01 27267228                   /lib/x86_64-linux-gnu/libdl-2.21.so
7f5106384000-7f5106385000 rw-p 00003000 08:01 27267228                   /lib/x86_64-linux-gnu/libdl-2.21.so
7f5106385000-7f510639a000 r-xp 00000000 08:01 3450782                    /home/ema/Scaricati/jdk1.8.0_92/jre/lib/amd64/jli/libjli.so
7f510639a000-7f510659a000 ---p 00015000 08:01 3450782                    /home/ema/Scaricati/jdk1.8.0_92/jre/lib/amd64/jli/libjli.so
7f510659a000-7f510659b000 rw-p 00015000 08:01 3450782                    /home/ema/Scaricati/jdk1.8.0_92/jre/lib/amd64/jli/libjli.so
7f510659b000-7f51065b3000 r-xp 00000000 08:01 27267344                   /lib/x86_64-linux-gnu/libpthread-2.21.so
7f51065b3000-7f51067b3000 ---p 00018000 08:01 27267344                   /lib/x86_64-linux-gnu/libpthread-2.21.so
7f51067b3000-7f51067b4000 r--p 00018000 08:01 27267344                   /lib/x86_64-linux-gnu/libpthread-2.21.so
7f51067b4000-7f51067b5000 rw-p 00019000 08:01 27267344                   /lib/x86_64-linux-gnu/libpthread-2.21.so
7f51067b5000-7f51067b9000 rw-p 00000000 00:00 0 
7f51067b9000-7f51067dd000 r-xp 00000000 08:01 27267183                   /lib/x86_64-linux-gnu/ld-2.21.so
7f51067dd000-7f51067df000 rw-s 1a20ca000 00:06 9579                      /dev/dri/card0
7f51067df000-7f51067e0000 rw-s 1b3d90000 00:06 9579                      /dev/dri/card0
7f51067e0000-7f51067e1000 rw-s 1b3d8f000 00:06 9579                      /dev/dri/card0
7f51067e1000-7f51067e2000 rwxp 00000000 00:00 0 
7f51067e2000-7f51067e3000 rw-s 16ab60000 00:06 9579                      /dev/dri/card0
7f51067e3000-7f51067e5000 r--s 00000000 08:01 3540406                    /home/ema/Dropbox/ACCADEMIC/Programmi/Java/ucsdunfoldingmaps/lib/gluegen-rt-natives-linux-amd64.jar
7f51067e5000-7f51067e9000 r--s 00097000 08:01 3450594                    /home/ema/Scaricati/jdk1.8.0_92/jre/lib/jsse.jar
7f51067e9000-7f51067ef000 r--s 00033000 08:01 3540448                    /home/ema/Dropbox/ACCADEMIC/Programmi/Java/ucsdunfoldingmaps/lib/unfolding.0.9.7-uscd.jar
7f51067ef000-7f51068b1000 rw-p 00000000 00:00 0 
7f51068b1000-7f51068b4000 ---p 00000000 00:00 0 
7f51068b4000-7f51069b6000 rw-p 00000000 00:00 0 
7f51069b6000-7f51069b7000 r--s 0002f000 08:01 3540414                    /home/ema/Dropbox/ACCADEMIC/Programmi/Java/ucsdunfoldingmaps/lib/jogl-all-natives-linux-amd64.jar
7f51069b7000-7f51069b8000 r--p 00000000 00:00 0 
7f51069b8000-7f51069b9000 r--s 00005000 08:01 3540435                    /home/ema/Dropbox/ACCADEMIC/Programmi/Java/ucsdunfoldingmaps/lib/libTUIO.jar
7f51069b9000-7f51069ba000 r--s 00007000 08:01 3540430                    /home/ema/Dropbox/ACCADEMIC/Programmi/Java/ucsdunfoldingmaps/lib/json4processing.jar
7f51069ba000-7f51069bf000 r--s 00309000 08:01 3540440                    /home/ema/Dropbox/ACCADEMIC/Programmi/Java/ucsdunfoldingmaps/lib/sqlite-jdbc-3.7.2.jar
7f51069bf000-7f51069c6000 r--s 00059000 08:01 3540436                    /home/ema/Dropbox/ACCADEMIC/Programmi/Java/ucsdunfoldingmaps/lib/log4j-1.2.15.jar
7f51069c6000-7f51069cc000 r--s 00041000 08:01 3540413                    /home/ema/Dropbox/ACCADEMIC/Programmi/Java/ucsdunfoldingmaps/lib/gluegen-rt.jar
7f51069cc000-7f51069d0000 r--s 0009a000 08:01 3540405                    /home/ema/Dropbox/ACCADEMIC/Programmi/Java/ucsdunfoldingmaps/lib/core.jar
7f51069d0000-7f51069d8000 rw-s 00000000 08:01 28312175                   /tmp/hsperfdata_ema/26954
7f51069d8000-7f51069d9000 rw-p 00000000 00:00 0 
7f51069d9000-7f51069da000 r--p 00000000 00:00 0 
7f51069da000-7f51069dc000 rw-p 00000000 00:00 0 
7f51069dc000-7f51069dd000 r--p 00023000 08:01 27267183                   /lib/x86_64-linux-gnu/ld-2.21.so
7f51069dd000-7f51069de000 rw-p 00024000 08:01 27267183                   /lib/x86_64-linux-gnu/ld-2.21.so
7f51069de000-7f51069df000 rw-p 00000000 00:00 0 
7ffdbcc33000-7ffdbcc54000 rw-p 00000000 00:00 0                          [stack]
7ffdbcde5000-7ffdbcde7000 r--p 00000000 00:00 0                          [vvar]
7ffdbcde7000-7ffdbcde9000 r-xp 00000000 00:00 0                          [vdso]
ffffffffff600000-ffffffffff601000 r-xp 00000000 00:00 0                  [vsyscall]

VM Arguments:
jvm_args: -Djava.security.policy=java.policy.applet -Dfile.encoding=UTF-8 
java_command: sun.applet.AppletViewer module3.EarthquakeCityMap1475831031498.html
java_class_path (initial): /home/ema/Dropbox/ACCADEMIC/Programmi/Java/ucsdunfoldingmaps/build:/home/ema/Dropbox/ACCADEMIC/Programmi/Java/ucsdunfoldingmaps/lib/core.jar:/home/ema/Dropbox/ACCADEMIC/Programmi/Java/ucsdunfoldingmaps/lib/gluegen-rt.jar:/home/ema/Dropbox/ACCADEMIC/Programmi/Java/ucsdunfoldingmaps/lib/jogl-all.jar:/home/ema/Dropbox/ACCADEMIC/Programmi/Java/ucsdunfoldingmaps/lib/log4j-1.2.15.jar:/home/ema/Dropbox/ACCADEMIC/Programmi/Java/ucsdunfoldingmaps/lib/sqlite-jdbc-3.7.2.jar:/home/ema/Dropbox/ACCADEMIC/Programmi/Java/ucsdunfoldingmaps/lib/json4processing.jar:/home/ema/Dropbox/ACCADEMIC/Programmi/Java/ucsdunfoldingmaps/lib/libTUIO.jar:/home/ema/Dropbox/ACCADEMIC/Programmi/Java/ucsdunfoldingmaps/lib/unfolding.0.9.7-uscd.jar
Launcher Type: SUN_STANDARD

Environment Variables:
PATH=/usr/local/sbin:/usr/local/bin:/usr/sbin:/usr/bin:/sbin:/bin:/usr/games:/usr/local/games
SHELL=/bin/bash
DISPLAY=:0

Signal Handlers:
SIGSEGV: [libjvm.so+0xabdee0], sa_mask[0]=11111111011111111101111111111110, sa_flags=SA_RESTART|SA_SIGINFO
SIGBUS: [libjvm.so+0xabdee0], sa_mask[0]=11111111011111111101111111111110, sa_flags=SA_RESTART|SA_SIGINFO
SIGFPE: [libjvm.so+0x91a580], sa_mask[0]=11111111011111111101111111111110, sa_flags=SA_RESTART|SA_SIGINFO
SIGPIPE: [libjvm.so+0x91a580], sa_mask[0]=11111111011111111101111111111110, sa_flags=SA_RESTART|SA_SIGINFO
SIGXFSZ: [libjvm.so+0x91a580], sa_mask[0]=11111111011111111101111111111110, sa_flags=SA_RESTART|SA_SIGINFO
SIGILL: [libjvm.so+0x91a580], sa_mask[0]=11111111011111111101111111111110, sa_flags=SA_RESTART|SA_SIGINFO
SIGUSR1: SIG_DFL, sa_mask[0]=00000000000000000000000000000000, sa_flags=none
SIGUSR2: [libjvm.so+0x91bbb0], sa_mask[0]=00100000000000000000000000000000, sa_flags=SA_RESTART|SA_SIGINFO
SIGHUP: [libjvm.so+0x91cfb0], sa_mask[0]=11111111011111111101111111111110, sa_flags=SA_RESTART|SA_SIGINFO
SIGINT: [libjvm.so+0x91cfb0], sa_mask[0]=11111111011111111101111111111110, sa_flags=SA_RESTART|SA_SIGINFO
SIGTERM: [libjvm.so+0x91cfb0], sa_mask[0]=11111111011111111101111111111110, sa_flags=SA_RESTART|SA_SIGINFO
SIGQUIT: [libjvm.so+0x91cfb0], sa_mask[0]=11111111011111111101111111111110, sa_flags=SA_RESTART|SA_SIGINFO


---------------  S Y S T E M  ---------------

OS:DISTRIB_ID=Ubuntu
DISTRIB_RELEASE=15.04
DISTRIB_CODENAME=vivid
DISTRIB_DESCRIPTION="Ubuntu 15.04"

uname:Linux 3.19.0-69-generic #77-Ubuntu SMP Mon Aug 29 19:53:54 UTC 2016 x86_64
libc:glibc 2.21 NPTL 2.21 
rlimit: STACK 8192k, CORE 0k, NPROC 23746, NOFILE 65536, AS infinity
load average:1,11 0,99 0,72

/proc/meminfo:
MemTotal:        6101264 kB
MemFree:          776640 kB
MemAvailable:    2513516 kB
Buffers:          707492 kB
Cached:          1204284 kB
SwapCached:            0 kB
Active:          4328564 kB
Inactive:         702264 kB
Active(anon):    3123448 kB
Inactive(anon):    41400 kB
Active(file):    1205116 kB
Inactive(file):   660864 kB
Unevictable:          60 kB
Mlocked:              60 kB
SwapTotal:             0 kB
SwapFree:              0 kB
Dirty:               600 kB
Writeback:             0 kB
AnonPages:       3119192 kB
Mapped:           492448 kB
Shmem:             45800 kB
Slab:             131356 kB
SReclaimable:      79680 kB
SUnreclaim:        51676 kB
KernelStack:       13696 kB
PageTables:        42044 kB
NFS_Unstable:          0 kB
Bounce:                0 kB
WritebackTmp:          0 kB
CommitLimit:     3050632 kB
Committed_AS:    8241192 kB
VmallocTotal:   34359738367 kB
VmallocUsed:      319540 kB
VmallocChunk:   34359319508 kB
HardwareCorrupted:     0 kB
AnonHugePages:   1273856 kB
CmaTotal:              0 kB
CmaFree:               0 kB
HugePages_Total:       0
HugePages_Free:        0
HugePages_Rsvd:        0
HugePages_Surp:        0
Hugepagesize:       2048 kB
DirectMap4k:      187904 kB
DirectMap2M:     6094848 kB


CPU:total 8 (4 cores per cpu, 2 threads per core) family 6 model 26 stepping 5, cmov, cx8, fxsr, mmx, sse, sse2, sse3, ssse3, sse4.1, sse4.2, popcnt, ht, tsc, tscinvbit, tscinv

/proc/cpuinfo:
processor	: 0
vendor_id	: GenuineIntel
cpu family	: 6
model		: 26
model name	: Intel(R) Core(TM) i7 CPU         920  @ 2.67GHz
stepping	: 5
microcode	: 0xf
cpu MHz		: 1600.000
cache size	: 8192 KB
physical id	: 0
siblings	: 8
core id		: 0
cpu cores	: 4
apicid		: 0
initial apicid	: 0
fpu		: yes
fpu_exception	: yes
cpuid level	: 11
wp		: yes
flags		: fpu vme de pse tsc msr pae mce cx8 apic sep mtrr pge mca cmov pat pse36 clflush dts acpi mmx fxsr sse sse2 ss ht tm pbe syscall nx rdtscp lm constant_tsc arch_perfmon pebs bts rep_good nopl xtopology nonstop_tsc aperfmperf pni dtes64 monitor ds_cpl vmx est tm2 ssse3 cx16 xtpr pdcm sse4_1 sse4_2 popcnt lahf_lm ida dtherm tpr_shadow vnmi flexpriority ept vpid
bugs		:
bogomips	: 5344.97
clflush size	: 64
cache_alignment	: 64
address sizes	: 36 bits physical, 48 bits virtual
power management:

processor	: 1
vendor_id	: GenuineIntel
cpu family	: 6
model		: 26
model name	: Intel(R) Core(TM) i7 CPU         920  @ 2.67GHz
stepping	: 5
microcode	: 0xf
cpu MHz		: 1600.000
cache size	: 8192 KB
physical id	: 0
siblings	: 8
core id		: 1
cpu cores	: 4
apicid		: 2
initial apicid	: 2
fpu		: yes
fpu_exception	: yes
cpuid level	: 11
wp		: yes
flags		: fpu vme de pse tsc msr pae mce cx8 apic sep mtrr pge mca cmov pat pse36 clflush dts acpi mmx fxsr sse sse2 ss ht tm pbe syscall nx rdtscp lm constant_tsc arch_perfmon pebs bts rep_good nopl xtopology nonstop_tsc aperfmperf pni dtes64 monitor ds_cpl vmx est tm2 ssse3 cx16 xtpr pdcm sse4_1 sse4_2 popcnt lahf_lm ida dtherm tpr_shadow vnmi flexpriority ept vpid
bugs		:
bogomips	: 5344.97
clflush size	: 64
cache_alignment	: 64
address sizes	: 36 bits physical, 48 bits virtual
power management:

processor	: 2
vendor_id	: GenuineIntel
cpu family	: 6
model		: 26
model name	: Intel(R) Core(TM) i7 CPU         920  @ 2.67GHz
stepping	: 5
microcode	: 0xf
cpu MHz		: 2267.000
cache size	: 8192 KB
physical id	: 0
siblings	: 8
core id		: 2
cpu cores	: 4
apicid		: 4
initial apicid	: 4
fpu		: yes
fpu_exception	: yes
cpuid level	: 11
wp		: yes
flags		: fpu vme de pse tsc msr pae mce cx8 apic sep mtrr pge mca cmov pat pse36 clflush dts acpi mmx fxsr sse sse2 ss ht tm pbe syscall nx rdtscp lm constant_tsc arch_perfmon pebs bts rep_good nopl xtopology nonstop_tsc aperfmperf pni dtes64 monitor ds_cpl vmx est tm2 ssse3 cx16 xtpr pdcm sse4_1 sse4_2 popcnt lahf_lm ida dtherm tpr_shadow vnmi flexpriority ept vpid
bugs		:
bogomips	: 5344.97
clflush size	: 64
cache_alignment	: 64
address sizes	: 36 bits physical, 48 bits virtual
power management:

processor	: 3
vendor_id	: GenuineIntel
cpu family	: 6
model		: 26
model name	: Intel(R) Core(TM) i7 CPU         920  @ 2.67GHz
stepping	: 5
microcode	: 0xf
cpu MHz		: 2400.000
cache size	: 8192 KB
physical id	: 0
siblings	: 8
core id		: 3
cpu cores	: 4
apicid		: 6
initial apicid	: 6
fpu		: yes
fpu_exception	: yes
cpuid level	: 11
wp		: yes
flags		: fpu vme de pse tsc msr pae mce cx8 apic sep mtrr pge mca cmov pat pse36 clflush dts acpi mmx fxsr sse sse2 ss ht tm pbe syscall nx rdtscp lm constant_tsc arch_perfmon pebs bts rep_good nopl xtopology nonstop_tsc aperfmperf pni dtes64 monitor ds_cpl vmx est tm2 ssse3 cx16 xtpr pdcm sse4_1 sse4_2 popcnt lahf_lm ida dtherm tpr_shadow vnmi flexpriority ept vpid
bugs		:
bogomips	: 5344.97
clflush size	: 64
cache_alignment	: 64
address sizes	: 36 bits physical, 48 bits virtual
power management:

processor	: 4
vendor_id	: GenuineIntel
cpu family	: 6
model		: 26
model name	: Intel(R) Core(TM) i7 CPU         920  @ 2.67GHz
stepping	: 5
microcode	: 0xf
cpu MHz		: 1733.000
cache size	: 8192 KB
physical id	: 0
siblings	: 8
core id		: 0
cpu cores	: 4
apicid		: 1
initial apicid	: 1
fpu		: yes
fpu_exception	: yes
cpuid level	: 11
wp		: yes
flags		: fpu vme de pse tsc msr pae mce cx8 apic sep mtrr pge mca cmov pat pse36 clflush dts acpi mmx fxsr sse sse2 ss ht tm pbe syscall nx rdtscp lm constant_tsc arch_perfmon pebs bts rep_good nopl xtopology nonstop_tsc aperfmperf pni dtes64 monitor ds_cpl vmx est tm2 ssse3 cx16 xtpr pdcm sse4_1 sse4_2 popcnt lahf_lm ida dtherm tpr_shadow vnmi flexpriority ept vpid
bugs		:
bogomips	: 5344.97
clflush size	: 64
cache_alignment	: 64
address sizes	: 36 bits physical, 48 bits virtual
power management:

processor	: 5
vendor_id	: GenuineIntel
cpu family	: 6
model		: 26
model name	: Intel(R) Core(TM) i7 CPU         920  @ 2.67GHz
stepping	: 5
microcode	: 0xf
cpu MHz		: 1733.000
cache size	: 8192 KB
physical id	: 0
siblings	: 8
core id		: 1
cpu cores	: 4
apicid		: 3
initial apicid	: 3
fpu		: yes
fpu_exception	: yes
cpuid level	: 11
wp		: yes
flags		: fpu vme de pse tsc msr pae mce cx8 apic sep mtrr pge mca cmov pat pse36 clflush dts acpi mmx fxsr sse sse2 ss ht tm pbe syscall nx rdtscp lm constant_tsc arch_perfmon pebs bts rep_good nopl xtopology nonstop_tsc aperfmperf pni dtes64 monitor ds_cpl vmx est tm2 ssse3 cx16 xtpr pdcm sse4_1 sse4_2 popcnt lahf_lm ida dtherm tpr_shadow vnmi flexpriority ept vpid
bugs		:
bogomips	: 5344.97
clflush size	: 64
cache_alignment	: 64
address sizes	: 36 bits physical, 48 bits virtual
power management:

processor	: 6
vendor_id	: GenuineIntel
cpu family	: 6
model		: 26
model name	: Intel(R) Core(TM) i7 CPU         920  @ 2.67GHz
stepping	: 5
microcode	: 0xf
cpu MHz		: 1600.000
cache size	: 8192 KB
physical id	: 0
siblings	: 8
core id		: 2
cpu cores	: 4
apicid		: 5
initial apicid	: 5
fpu		: yes
fpu_exception	: yes
cpuid level	: 11
wp		: yes
flags		: fpu vme de pse tsc msr pae mce cx8 apic sep mtrr pge mca cmov pat pse36 clflush dts acpi mmx fxsr sse sse2 ss ht tm pbe syscall nx rdtscp lm constant_tsc arch_perfmon pebs bts rep_good nopl xtopology nonstop_tsc aperfmperf pni dtes64 monitor ds_cpl vmx est tm2 ssse3 cx16 xtpr pdcm sse4_1 sse4_2 popcnt lahf_lm ida dtherm tpr_shadow vnmi flexpriority ept vpid
bugs		:
bogomips	: 5344.97
clflush size	: 64
cache_alignment	: 64
address sizes	: 36 bits physical, 48 bits virtual
power management:

processor	: 7
vendor_id	: GenuineIntel
cpu family	: 6
model		: 26
model name	: Intel(R) Core(TM) i7 CPU         920  @ 2.67GHz
stepping	: 5
microcode	: 0xf
cpu MHz		: 1867.000
cache size	: 8192 KB
physical id	: 0
siblings	: 8
core id		: 3
cpu cores	: 4
apicid		: 7
initial apicid	: 7
fpu		: yes
fpu_exception	: yes
cpuid level	: 11
wp		: yes
flags		: fpu vme de pse tsc msr pae mce cx8 apic sep mtrr pge mca cmov pat pse36 clflush dts acpi mmx fxsr sse sse2 ss ht tm pbe syscall nx rdtscp lm constant_tsc arch_perfmon pebs bts rep_good nopl xtopology nonstop_tsc aperfmperf pni dtes64 monitor ds_cpl vmx est tm2 ssse3 cx16 xtpr pdcm sse4_1 sse4_2 popcnt lahf_lm ida dtherm tpr_shadow vnmi flexpriority ept vpid
bugs		:
bogomips	: 5344.97
clflush size	: 64
cache_alignment	: 64
address sizes	: 36 bits physical, 48 bits virtual
power management:



Memory: 4k page, physical 6101264k(776640k free), swap 0k(0k free)

vm_info: Java HotSpot(TM) 64-Bit Server VM (25.92-b14) for linux-amd64 JRE (1.8.0_92-b14), built on Mar 31 2016 21:08:29 by "java_re" with gcc 4.3.0 20080428 (Red Hat 4.3.0-8)

time: Fri Oct  7 11:10:18 2016
elapsed time: 386 seconds (0d 0h 6m 26s)

