#
# A fatal error has been detected by the Java Runtime Environment:
#
#  SIGSEGV (0xb) at pc=0x00007faf1484e987, pid=25682, tid=0x00007faf6d5c6700
#
# JRE version: Java(TM) SE Runtime Environment (8.0_92-b14) (build 1.8.0_92-b14)
# Java VM: Java HotSpot(TM) 64-Bit Server VM (25.92-b14 mixed mode linux-amd64 compressed oops)
# Problematic frame:
# C  [nouveau_dri.so+0x29e987]
#
# Failed to write core dump. Core dumps have been disabled. To enable core dumping, try "ulimit -c unlimited" before starting Java again
#
# If you would like to submit a bug report, please visit:
#   http://bugreport.java.com/bugreport/crash.jsp
# The crash happened outside the Java Virtual Machine in native code.
# See problematic frame for where to report the bug.
#

---------------  T H R E A D  ---------------

Current thread (0x00007faf34008800):  JavaThread "AWT-EventQueue-1" [_thread_in_native, id=25715, stack(0x00007faf6d4c6000,0x00007faf6d5c7000)]

siginfo: si_signo: 11 (SIGSEGV), si_code: 1 (SEGV_MAPERR), si_addr: 0x000000000000c030

Registers:
RAX=0x0000000000000000, RBX=0x00007faf200b3d80, RCX=0x0000000000000000, RDX=0x0000000000000001
RSP=0x00007faf6d5c4460, RBP=0x000000000000c000, RSI=0x00007faf200b4630, RDI=0x0000000100000000
R8 =0x0000000000000000, R9 =0x00007faf17daec60, R10=0x00007faf164bb811, R11=0x00007fafa23a4000
R12=0x0000000000000001, R13=0x00007faf24163e80, R14=0x0000000000000000, R15=0x0000000000000001
RIP=0x00007faf1484e987, EFLAGS=0x0000000000010206, CSGSFS=0x0000000000000033, ERR=0x0000000000000004
  TRAPNO=0x000000000000000e

Top of Stack: (sp=0x00007faf6d5c4460)
0x00007faf6d5c4460:   00007faf6d5c44b0 00007faf8d62b23c
0x00007faf6d5c4470:   00000000e2fe6360 f3f85a1e28758100
0x00007faf6d5c4480:   00000000a3ada4e8 00007faf200b3c50
0x00007faf6d5c4490:   0000000000000000 00007faf24164330
0x00007faf6d5c44a0:   00007faf24163e80 00007faf241644e0
0x00007faf6d5c44b0:   0000000000000000 00007faf17daed02
0x00007faf6d5c44c0:   00007faf6d5c44f0 00007faf00000000
0x00007faf6d5c44d0:   0000000000000000 0000000000000000
0x00007faf6d5c44e0:   0000000003e0004d 00007faf17d80bf1
0x00007faf6d5c44f0:   00007faf200b3c50 f3f85a1e28758100
0x00007faf6d5c4500:   0000000003e0004d 00007faf17d80c20
0x00007faf6d5c4510:   00007faf6d5c4580 0000000000000000
0x00007faf6d5c4520:   0000000000000001 00007faf6d5c45c0
0x00007faf6d5c4530:   00007faf34008800 00007faf164bb849
0x00007faf6d5c4540:   00007faf6d5c4828 00007faf17d80c20
0x00007faf6d5c4550:   0000000003e0004d 00007faf241675c0
0x00007faf6d5c4560:   00007faf6d5c45c0 00007faf340089f8
0x00007faf6d5c4570:   00007fafa1954007 00007faf17d80c20
0x00007faf6d5c4580:   00007faf6d5c45d0 00007faf8d487ec5
0x00007faf6d5c4590:   00000000e2fe62c0 00000000e2fe6310
0x00007faf6d5c45a0:   00000000e2fe6300 0000000000000003
0x00007faf6d5c45b0:   00000000e2fe6320 00000000e2fe6370
0x00007faf6d5c45c0:   00000000a393e6d0 00000000e2fe6380
0x00007faf6d5c45d0:   00007faf6d5c4828 00007faf8d8db994
0x00007faf6d5c45e0:   00007fafa23a4000 00000000a3d89040
0x00007faf6d5c45f0:   00000000e2fe6468 00000000a3d89020
0x00007faf6d5c4600:   00007faf6d5c47e0 00007faf8d021043
0x00007faf6d5c4610:   00007faf6d5c4828 00007faf8d748704
0x00007faf6d5c4620:   00007faf6d5c4828 00007faf6d5c47e0
0x00007faf6d5c4630:   00007faf6d5c47e0 00007faf8d021043
0x00007faf6d5c4640:   00007faf8d0055d0 0000000000000000
0x00007faf6d5c4650:   00007faf6d5c4828 00007faf6d5c47e0 

Instructions: (pc=0x00007faf1484e987)
0x00007faf1484e967:   00 41 f6 c4 01 c6 44 24 0f 00 0f 84 c9 00 00 00
0x00007faf1484e977:   48 8b b3 30 01 00 00 48 85 f6 0f 84 b9 00 00 00
0x00007faf1484e987:   48 8b 55 30 45 85 f6 4c 8b 6a 18 0f 85 40 02 00
0x00007faf1484e997:   00 83 7b 38 01 0f 8e 36 02 00 00 48 8b 93 68 01 

Register to memory mapping:

RAX=0x0000000000000000 is an unknown value
RBX=0x00007faf200b3d80 is an unknown value
RCX=0x0000000000000000 is an unknown value
RDX=0x0000000000000001 is an unknown value
RSP=0x00007faf6d5c4460 is pointing into the stack for thread: 0x00007faf34008800
RBP=0x000000000000c000 is an unknown value
RSI=0x00007faf200b4630 is an unknown value
RDI=0x0000000100000000 is pointing into metadata
R8 =0x0000000000000000 is an unknown value
R9 =0x00007faf17daec60: <offset 0x4ac60> in /usr/lib/x86_64-linux-gnu/mesa/libGL.so.1 at 0x00007faf17d64000
R10=0x00007faf164bb811: Java_jogamp_opengl_x11_glx_GLX_dispatch_1glXSwapBuffers0__JJJ+0 in /tmp/jogamp_0000/file_cache/jln212782077401568567/jln4136833910336610196/libjogl_desktop.so at 0x00007faf1642f000
R11=0x00007fafa23a4000 is an unknown value
R12=0x0000000000000001 is an unknown value
R13=0x00007faf24163e80 is an unknown value
R14=0x0000000000000000 is an unknown value
R15=0x0000000000000001 is an unknown value


Stack: [0x00007faf6d4c6000,0x00007faf6d5c7000],  sp=0x00007faf6d5c4460,  free space=1017k
Native frames: (J=compiled Java code, j=interpreted, Vv=VM code, C=native code)
C  [nouveau_dri.so+0x29e987]

Java frames: (J=compiled Java code, j=interpreted, Vv=VM code)
J 2843  jogamp.opengl.x11.glx.GLX.dispatch_glXSwapBuffers0(JJJ)V (0 bytes) @ 0x00007faf8d487e47 [0x00007faf8d487e00+0x47]
J 2842 C1 jogamp.opengl.x11.glx.GLX.glXSwapBuffers(JJ)V (45 bytes) @ 0x00007faf8d8db994 [0x00007faf8d8dafe0+0x9b4]
J 2841 C1 jogamp.opengl.x11.glx.X11GLXDrawable.swapBuffersImpl(Z)V (21 bytes) @ 0x00007faf8d8dab44 [0x00007faf8d8da8a0+0x2a4]
J 2840 C1 jogamp.opengl.GLDrawableImpl.swapBuffers()V (138 bytes) @ 0x00007faf8d8d94dc [0x00007faf8d8d8e20+0x6bc]
j  javax.media.opengl.awt.GLCanvas$12.run()V+45
J 2385 C1 java.awt.event.InvocationEvent.dispatch()V (69 bytes) @ 0x00007faf8d7564cc [0x00007faf8d756380+0x14c]
J 2662 C1 java.awt.EventQueue.dispatchEventImpl(Ljava/awt/AWTEvent;Ljava/lang/Object;)V (149 bytes) @ 0x00007faf8d8350fc [0x00007faf8d833580+0x1b7c]
J 2483 C1 java.awt.EventQueue$3.run()Ljava/lang/Void; (60 bytes) @ 0x00007faf8d787a44 [0x00007faf8d787840+0x204]
J 2482 C1 java.awt.EventQueue$3.run()Ljava/lang/Object; (5 bytes) @ 0x00007faf8d78c98c [0x00007faf8d78c900+0x8c]
v  ~StubRoutines::call_stub
J 476  java.security.AccessController.doPrivileged(Ljava/security/PrivilegedAction;Ljava/security/AccessControlContext;)Ljava/lang/Object; (0 bytes) @ 0x00007faf8d212fa3 [0x00007faf8d212f40+0x63]
J 2241 C1 java.awt.EventQueue.dispatchEvent(Ljava/awt/AWTEvent;)V (80 bytes) @ 0x00007faf8d6d96c4 [0x00007faf8d6d8d40+0x984]
J 2243 C1 java.awt.EventDispatchThread.pumpOneEventForFilters(I)V (295 bytes) @ 0x00007faf8d6dc994 [0x00007faf8d6dae40+0x1b54]
j  java.awt.EventDispatchThread.pumpEventsForFilter(ILjava/awt/Conditional;Ljava/awt/EventFilter;)V+35
j  java.awt.EventDispatchThread.pumpEventsForHierarchy(ILjava/awt/Conditional;Ljava/awt/Component;)V+11
j  java.awt.EventDispatchThread.pumpEvents(ILjava/awt/Conditional;)V+4
j  java.awt.EventDispatchThread.pumpEvents(Ljava/awt/Conditional;)V+3
j  java.awt.EventDispatchThread.run()V+9
v  ~StubRoutines::call_stub

---------------  P R O C E S S  ---------------

Java Threads: ( => current thread )
  0x00007faf20467000 JavaThread "Thread-19" [_thread_blocked, id=25757, stack(0x00007faf0f6ac000,0x00007faf0f7ad000)]
  0x00007faf2414f000 JavaThread "Animation Thread-SharedResourceRunner" daemon [_thread_blocked, id=25726, stack(0x00007faf6cec4000,0x00007faf6cfc5000)]
  0x00007faf240c0800 JavaThread "process reaper" daemon [_thread_blocked, id=25720, stack(0x00007faf8c0b8000,0x00007faf8c0f1000)]
=>0x00007faf34008800 JavaThread "AWT-EventQueue-1" [_thread_in_native, id=25715, stack(0x00007faf6d4c6000,0x00007faf6d5c7000)]
  0x00007faf9c00a000 JavaThread "DestroyJavaVM" [_thread_blocked, id=25689, stack(0x00007fafa5de7000,0x00007fafa5ee8000)]
  0x00007faf9c2be000 JavaThread "AWT-EventQueue-0" [_thread_blocked, id=25713, stack(0x00007faf6df70000,0x00007faf6e071000)]
  0x00007faf9c2b9800 JavaThread "AWT-Shutdown" [_thread_blocked, id=25712, stack(0x00007faf6e071000,0x00007faf6e172000)]
  0x00007faf9c2a6000 JavaThread "thread applet-module3.EarthquakeCityMap.class" [_thread_blocked, id=25711, stack(0x00007faf6e172000,0x00007faf6e273000)]
  0x00007faf9c299800 JavaThread "AWT-XAWT" daemon [_thread_blocked, id=25709, stack(0x00007faf6e273000,0x00007faf6e374000)]
  0x00007faf9c273800 JavaThread "Java2D Disposer" daemon [_thread_blocked, id=25708, stack(0x00007faf840b4000,0x00007faf841b5000)]
  0x00007faf9c0d4000 JavaThread "Service Thread" daemon [_thread_blocked, id=25706, stack(0x00007faf84588000,0x00007faf84689000)]
  0x00007faf9c0c9000 JavaThread "C1 CompilerThread3" daemon [_thread_blocked, id=25705, stack(0x00007faf84689000,0x00007faf8478a000)]
  0x00007faf9c0c6800 JavaThread "C2 CompilerThread2" daemon [_thread_blocked, id=25704, stack(0x00007faf8478a000,0x00007faf8488b000)]
  0x00007faf9c0c5000 JavaThread "C2 CompilerThread1" daemon [_thread_blocked, id=25703, stack(0x00007faf8488b000,0x00007faf8498c000)]
  0x00007faf9c0c2000 JavaThread "C2 CompilerThread0" daemon [_thread_in_native, id=25702, stack(0x00007faf8498c000,0x00007faf84a8d000)]
  0x00007faf9c0c0800 JavaThread "Signal Dispatcher" daemon [_thread_blocked, id=25701, stack(0x00007faf8c0f1000,0x00007faf8c1f2000)]
  0x00007faf9c08d000 JavaThread "Finalizer" daemon [_thread_blocked, id=25700, stack(0x00007faf8c1f2000,0x00007faf8c2f3000)]
  0x00007faf9c088000 JavaThread "Reference Handler" daemon [_thread_blocked, id=25699, stack(0x00007faf8c2f3000,0x00007faf8c3f4000)]

Other Threads:
  0x00007faf9c080800 VMThread [stack: 0x00007faf8c3f4000,0x00007faf8c4f5000] [id=25698]
  0x00007faf9c0d7000 WatcherThread [stack: 0x00007faf84487000,0x00007faf84588000] [id=25707]

VM state:not at safepoint (normal execution)

VM Mutex/Monitor currently owned by a thread: None

Heap:
 PSYoungGen      total 52736K, used 35275K [0x00000000e0f80000, 0x00000000e6080000, 0x0000000100000000)
  eden space 49152K, 70% used [0x00000000e0f80000,0x00000000e317af68,0x00000000e3f80000)
  from space 3584K, 13% used [0x00000000e4300000,0x00000000e4378010,0x00000000e4680000)
  to   space 3584K, 0% used [0x00000000e3f80000,0x00000000e3f80000,0x00000000e4300000)
 ParOldGen       total 62464K, used 16652K [0x00000000a2e00000, 0x00000000a6b00000, 0x00000000e0f80000)
  object space 62464K, 26% used [0x00000000a2e00000,0x00000000a3e431d8,0x00000000a6b00000)
 Metaspace       used 21461K, capacity 21701K, committed 22064K, reserved 1069056K
  class space    used 1998K, capacity 2058K, committed 2176K, reserved 1048576K

Card table byte_map: [0x00007fafa28bb000,0x00007fafa2ba5000] byte_map_base: 0x00007fafa23a4000

Marking Bits: (ParMarkBitMap*) 0x00007fafa52c04c0
 Begin Bits: [0x00007faf85170000, 0x00007faf868b8000)
 End Bits:   [0x00007faf868b8000, 0x00007faf88000000)

Polling page: 0x00007fafa5f0f000

CodeCache: size=245760Kb used=9074Kb max_used=9084Kb free=236686Kb
 bounds [0x00007faf8d000000, 0x00007faf8d8f0000, 0x00007faf9c000000]
 total_blobs=3578 nmethods=2615 adapters=877
 compilation: enabled

Compilation events (10 events):
Event: 17,993 Thread 0x00007faf9c0c5000 2859       4       processing.opengl.PGL::updateFloatBuffer (41 bytes)
Event: 17,998 Thread 0x00007faf9c0c5000 nmethod 2859 0x00007faf8d8e6450 code [0x00007faf8d8e65c0, 0x00007faf8d8e68b8]
Event: 18,091 Thread 0x00007faf9c0c2000 2860       4       sun.awt.SunToolkit::awtLock (7 bytes)
Event: 18,102 Thread 0x00007faf9c0c2000 nmethod 2860 0x00007faf8d8e5750 code [0x00007faf8d8e5900, 0x00007faf8d8e5e20]
Event: 18,482 Thread 0x00007faf9c0c6800 2861       4       java.nio.ByteBuffer::order (48 bytes)
Event: 18,483 Thread 0x00007faf9c0c6800 nmethod 2861 0x00007faf8d62b7d0 code [0x00007faf8d62b920, 0x00007faf8d62b9b8]
Event: 18,709 Thread 0x00007faf9c0c5000 2862       4       sun.awt.SunToolkit::awtUnlock (7 bytes)
Event: 18,713 Thread 0x00007faf9c0c5000 nmethod 2862 0x00007faf8d8e2950 code [0x00007faf8d8e2aa0, 0x00007faf8d8e2c28]
Event: 18,892 Thread 0x00007faf9c0c2000 2863       4       jogamp.opengl.glu.tessellator.GLUtessellatorImpl::flushCache (61 bytes)
Event: 18,897 Thread 0x00007faf9c0c9000 2864       3       sun.font.CompositeGlyphMapper::getCachedGlyphCode (32 bytes)

GC Heap History (10 events):
Event: 0,616 GC heap before
{Heap before GC invocations=1 (full 0):
 PSYoungGen      total 28160K, used 24318K [0x00000000e0f80000, 0x00000000e2e80000, 0x0000000100000000)
  eden space 24576K, 98% used [0x00000000e0f80000,0x00000000e273fa10,0x00000000e2780000)
  from space 3584K, 0% used [0x00000000e2b00000,0x00000000e2b00000,0x00000000e2e80000)
  to   space 3584K, 0% used [0x00000000e2780000,0x00000000e2780000,0x00000000e2b00000)
 ParOldGen       total 64512K, used 0K [0x00000000a2e00000, 0x00000000a6d00000, 0x00000000e0f80000)
  object space 64512K, 0% used [0x00000000a2e00000,0x00000000a2e00000,0x00000000a6d00000)
 Metaspace       used 13462K, capacity 13732K, committed 13952K, reserved 1060864K
  class space    used 1465K, capacity 1545K, committed 1664K, reserved 1048576K
Event: 0,623 GC heap after
Heap after GC invocations=1 (full 0):
 PSYoungGen      total 28160K, used 3558K [0x00000000e0f80000, 0x00000000e4680000, 0x0000000100000000)
  eden space 24576K, 0% used [0x00000000e0f80000,0x00000000e0f80000,0x00000000e2780000)
  from space 3584K, 99% used [0x00000000e2780000,0x00000000e2af99d0,0x00000000e2b00000)
  to   space 3584K, 0% used [0x00000000e4300000,0x00000000e4300000,0x00000000e4680000)
 ParOldGen       total 64512K, used 897K [0x00000000a2e00000, 0x00000000a6d00000, 0x00000000e0f80000)
  object space 64512K, 1% used [0x00000000a2e00000,0x00000000a2ee0608,0x00000000a6d00000)
 Metaspace       used 13462K, capacity 13732K, committed 13952K, reserved 1060864K
  class space    used 1465K, capacity 1545K, committed 1664K, reserved 1048576K
}
Event: 1,766 GC heap before
{Heap before GC invocations=2 (full 0):
 PSYoungGen      total 28160K, used 27934K [0x00000000e0f80000, 0x00000000e4680000, 0x0000000100000000)
  eden space 24576K, 99% used [0x00000000e0f80000,0x00000000e274e210,0x00000000e2780000)
  from space 3584K, 99% used [0x00000000e2780000,0x00000000e2af99d0,0x00000000e2b00000)
  to   space 3584K, 0% used [0x00000000e4300000,0x00000000e4300000,0x00000000e4680000)
 ParOldGen       total 64512K, used 897K [0x00000000a2e00000, 0x00000000a6d00000, 0x00000000e0f80000)
  object space 64512K, 1% used [0x00000000a2e00000,0x00000000a2ee0608,0x00000000a6d00000)
 Metaspace       used 19776K, capacity 19997K, committed 20224K, reserved 1067008K
  class space    used 1932K, capacity 1988K, committed 2048K, reserved 1048576K
Event: 1,779 GC heap after
Heap after GC invocations=2 (full 0):
 PSYoungGen      total 52736K, used 3570K [0x00000000e0f80000, 0x00000000e4680000, 0x0000000100000000)
  eden space 49152K, 0% used [0x00000000e0f80000,0x00000000e0f80000,0x00000000e3f80000)
  from space 3584K, 99% used [0x00000000e4300000,0x00000000e467ca80,0x00000000e4680000)
  to   space 3584K, 0% used [0x00000000e3f80000,0x00000000e3f80000,0x00000000e4300000)
 ParOldGen       total 64512K, used 8572K [0x00000000a2e00000, 0x00000000a6d00000, 0x00000000e0f80000)
  object space 64512K, 13% used [0x00000000a2e00000,0x00000000a365f1e8,0x00000000a6d00000)
 Metaspace       used 19776K, capacity 19997K, committed 20224K, reserved 1067008K
  class space    used 1932K, capacity 1988K, committed 2048K, reserved 1048576K
}
Event: 9,097 GC heap before
{Heap before GC invocations=3 (full 0):
 PSYoungGen      total 52736K, used 46168K [0x00000000e0f80000, 0x00000000e4680000, 0x0000000100000000)
  eden space 49152K, 86% used [0x00000000e0f80000,0x00000000e3919848,0x00000000e3f80000)
  from space 3584K, 99% used [0x00000000e4300000,0x00000000e467ca80,0x00000000e4680000)
  to   space 3584K, 0% used [0x00000000e3f80000,0x00000000e3f80000,0x00000000e4300000)
 ParOldGen       total 64512K, used 8572K [0x00000000a2e00000, 0x00000000a6d00000, 0x00000000e0f80000)
  object space 64512K, 13% used [0x00000000a2e00000,0x00000000a365f1e8,0x00000000a6d00000)
 Metaspace       used 20736K, capacity 20969K, committed 21296K, reserved 1069056K
  class space    used 1994K, capacity 2054K, committed 2176K, reserved 1048576K
Event: 9,107 GC heap after
Heap after GC invocations=3 (full 0):
 PSYoungGen      total 52736K, used 3572K [0x00000000e0f80000, 0x00000000e4680000, 0x0000000100000000)
  eden space 49152K, 0% used [0x00000000e0f80000,0x00000000e0f80000,0x00000000e3f80000)
  from space 3584K, 99% used [0x00000000e3f80000,0x00000000e42fd310,0x00000000e4300000)
  to   space 3584K, 0% used [0x00000000e4300000,0x00000000e4300000,0x00000000e4680000)
 ParOldGen       total 64512K, used 15876K [0x00000000a2e00000, 0x00000000a6d00000, 0x00000000e0f80000)
  object space 64512K, 24% used [0x00000000a2e00000,0x00000000a3d81340,0x00000000a6d00000)
 Metaspace       used 20736K, capacity 20969K, committed 21296K, reserved 1069056K
  class space    used 1994K, capacity 2054K, committed 2176K, reserved 1048576K
}
Event: 9,107 GC heap before
{Heap before GC invocations=4 (full 1):
 PSYoungGen      total 52736K, used 3572K [0x00000000e0f80000, 0x00000000e4680000, 0x0000000100000000)
  eden space 49152K, 0% used [0x00000000e0f80000,0x00000000e0f80000,0x00000000e3f80000)
  from space 3584K, 99% used [0x00000000e3f80000,0x00000000e42fd310,0x00000000e4300000)
  to   space 3584K, 0% used [0x00000000e4300000,0x00000000e4300000,0x00000000e4680000)
 ParOldGen       total 64512K, used 15876K [0x00000000a2e00000, 0x00000000a6d00000, 0x00000000e0f80000)
  object space 64512K, 24% used [0x00000000a2e00000,0x00000000a3d81340,0x00000000a6d00000)
 Metaspace       used 20736K, capacity 20969K, committed 21296K, reserved 1069056K
  class space    used 1994K, capacity 2054K, committed 2176K, reserved 1048576K
Event: 9,155 GC heap after
Heap after GC invocations=4 (full 1):
 PSYoungGen      total 52736K, used 0K [0x00000000e0f80000, 0x00000000e4680000, 0x0000000100000000)
  eden space 49152K, 0% used [0x00000000e0f80000,0x00000000e0f80000,0x00000000e3f80000)
  from space 3584K, 0% used [0x00000000e3f80000,0x00000000e3f80000,0x00000000e4300000)
  to   space 3584K, 0% used [0x00000000e4300000,0x00000000e4300000,0x00000000e4680000)
 ParOldGen       total 62464K, used 16644K [0x00000000a2e00000, 0x00000000a6b00000, 0x00000000e0f80000)
  object space 62464K, 26% used [0x00000000a2e00000,0x00000000a3e411d8,0x00000000a6b00000)
 Metaspace       used 20736K, capacity 20969K, committed 21296K, reserved 1069056K
  class space    used 1994K, capacity 2054K, committed 2176K, reserved 1048576K
}
Event: 14,640 GC heap before
{Heap before GC invocations=5 (full 1):
 PSYoungGen      total 52736K, used 49152K [0x00000000e0f80000, 0x00000000e4680000, 0x0000000100000000)
  eden space 49152K, 100% used [0x00000000e0f80000,0x00000000e3f80000,0x00000000e3f80000)
  from space 3584K, 0% used [0x00000000e3f80000,0x00000000e3f80000,0x00000000e4300000)
  to   space 3584K, 0% used [0x00000000e4300000,0x00000000e4300000,0x00000000e4680000)
 ParOldGen       total 62464K, used 16644K [0x00000000a2e00000, 0x00000000a6b00000, 0x00000000e0f80000)
  object space 62464K, 26% used [0x00000000a2e00000,0x00000000a3e411d8,0x00000000a6b00000)
 Metaspace       used 21295K, capacity 21509K, committed 21808K, reserved 1069056K
  class space    used 1996K, capacity 2058K, committed 2176K, reserved 1048576K
Event: 14,642 GC heap after
Heap after GC invocations=5 (full 1):
 PSYoungGen      total 52736K, used 480K [0x00000000e0f80000, 0x00000000e6080000, 0x0000000100000000)
  eden space 49152K, 0% used [0x00000000e0f80000,0x00000000e0f80000,0x00000000e3f80000)
  from space 3584K, 13% used [0x00000000e4300000,0x00000000e4378010,0x00000000e4680000)
  to   space 3584K, 0% used [0x00000000e3f80000,0x00000000e3f80000,0x00000000e4300000)
 ParOldGen       total 62464K, used 16652K [0x00000000a2e00000, 0x00000000a6b00000, 0x00000000e0f80000)
  object space 62464K, 26% used [0x00000000a2e00000,0x00000000a3e431d8,0x00000000a6b00000)
 Metaspace       used 21295K, capacity 21509K, committed 21808K, reserved 1069056K
  class space    used 1996K, capacity 2058K, committed 2176K, reserved 1048576K
}

Deoptimization events (10 events):
Event: 1,443 Thread 0x00007faf34008800 Uncommon trap: reason=unstable_if action=reinterpret pc=0x00007faf8d1bd8a0 method=java.util.Properties$LineReader.readLine()I @ 206
Event: 1,575 Thread 0x00007faf34008800 Uncommon trap: reason=unstable_if action=reinterpret pc=0x00007faf8d3def94 method=com.sun.org.apache.xerces.internal.impl.XMLEntityScanner.skipSpaces()Z @ 266
Event: 1,893 Thread 0x00007faf34008800 Uncommon trap: reason=class_check action=maybe_recompile pc=0x00007faf8d4518d8 method=com.jogamp.common.nio.Buffers.getDirectBufferByteOffset(Ljava/lang/Object;)I @ 42
Event: 1,928 Thread 0x00007faf34008800 Uncommon trap: reason=class_check action=maybe_recompile pc=0x00007faf8d4518d8 method=com.jogamp.common.nio.Buffers.getDirectBufferByteOffset(Ljava/lang/Object;)I @ 42
Event: 5,710 Thread 0x00007faf34008800 Uncommon trap: reason=unstable_if action=reinterpret pc=0x00007faf8d52c9f8 method=java.nio.Buffer.nextGetIndex()I @ 8
Event: 5,791 Thread 0x00007faf34008800 Uncommon trap: reason=unstable_if action=reinterpret pc=0x00007faf8d5237b0 method=java.nio.Buffer.nextGetIndex()I @ 8
Event: 5,840 Thread 0x00007faf34008800 Uncommon trap: reason=unstable_if action=reinterpret pc=0x00007faf8d50f9d0 method=java.nio.Buffer.nextGetIndex()I @ 8
Event: 8,719 Thread 0x00007faf34008800 Uncommon trap: reason=class_check action=maybe_recompile pc=0x00007faf8d4518d8 method=com.jogamp.common.nio.Buffers.getDirectBufferByteOffset(Ljava/lang/Object;)I @ 42
Event: 8,720 Thread 0x00007faf34008800 Uncommon trap: reason=class_check action=maybe_recompile pc=0x00007faf8d4518d8 method=com.jogamp.common.nio.Buffers.getDirectBufferByteOffset(Ljava/lang/Object;)I @ 42
Event: 18,896 Thread 0x00007faf9c2a6000 Uncommon trap: reason=unstable_if action=reinterpret pc=0x00007faf8d7c3e8c method=java.awt.font.FontRenderContext.equals(Ljava/awt/font/FontRenderContext;)Z @ 2

Internal exceptions (10 events):
Event: 1,373 Thread 0x00007faf34008800 Implicit null exception at 0x00007faf8d1c9db5 to 0x00007faf8d1ca101
Event: 1,663 Thread 0x00007faf34008800 Exception <a 'java/lang/reflect/InvocationTargetException'> (0x00000000e21fef38) thrown at [/HUDSON/workspace/8-2-build-linux-amd64/jdk8u92/6642/hotspot/src/share/vm/runtime/reflection.cpp, line 1092]
Event: 1,664 Thread 0x00007faf34008800 Exception <a 'java/lang/reflect/InvocationTargetException'> (0x00000000e21ff5b0) thrown at [/HUDSON/workspace/8-2-build-linux-amd64/jdk8u92/6642/hotspot/src/share/vm/runtime/reflection.cpp, line 1092]
Event: 8,721 Thread 0x00007faf34008800 Exception <a 'java/lang/reflect/InvocationTargetException'> (0x00000000e219a258) thrown at [/HUDSON/workspace/8-2-build-linux-amd64/jdk8u92/6642/hotspot/src/share/vm/runtime/reflection.cpp, line 1092]
Event: 8,721 Thread 0x00007faf34008800 Exception <a 'java/lang/reflect/InvocationTargetException'> (0x00000000e219a720) thrown at [/HUDSON/workspace/8-2-build-linux-amd64/jdk8u92/6642/hotspot/src/share/vm/runtime/reflection.cpp, line 1092]
Event: 8,807 Thread 0x00007faf34008800 Exception <a 'java/lang/reflect/InvocationTargetException'> (0x00000000e2589158) thrown at [/HUDSON/workspace/8-2-build-linux-amd64/jdk8u92/6642/hotspot/src/share/vm/runtime/reflection.cpp, line 1092]
Event: 8,810 Thread 0x00007faf34008800 Exception <a 'java/lang/reflect/InvocationTargetException'> (0x00000000e2590028) thrown at [/HUDSON/workspace/8-2-build-linux-amd64/jdk8u92/6642/hotspot/src/share/vm/runtime/reflection.cpp, line 1092]
Event: 8,836 Thread 0x00007faf34008800 Exception <a 'java/lang/reflect/InvocationTargetException'> (0x00000000e25d55f8) thrown at [/HUDSON/workspace/8-2-build-linux-amd64/jdk8u92/6642/hotspot/src/share/vm/runtime/reflection.cpp, line 1092]
Event: 8,836 Thread 0x00007faf34008800 Exception <a 'java/lang/reflect/InvocationTargetException'> (0x00000000e25d5ae0) thrown at [/HUDSON/workspace/8-2-build-linux-amd64/jdk8u92/6642/hotspot/src/share/vm/runtime/reflection.cpp, line 1092]
Event: 8,857 Thread 0x00007faf34008800 Exception <a 'java/lang/reflect/InvocationTargetException'> (0x00000000e261ca00) thrown at [/HUDSON/workspace/8-2-build-linux-amd64/jdk8u92/6642/hotspot/src/share/vm/runtime/reflection.cpp, line 1092]

Events (10 events):
Event: 18,894 Thread 0x00007faf20467000 Thread added: 0x00007faf20467000
Event: 18,894 loading class sun/applet/AppletPanel$4
Event: 18,894 loading class sun/applet/AppletPanel$4 done
Event: 18,895 loading class java/awt/KeyboardFocusManager$2
Event: 18,895 loading class java/awt/KeyboardFocusManager$2 done
Event: 18,896 loading class sun/awt/SunToolkit$1
Event: 18,896 loading class sun/awt/SunToolkit$1 done
Event: 18,896 Thread 0x00007faf9c2a6000 Uncommon trap: trap_request=0xffffff65 fr.pc=0x00007faf8d7c3e8c
Event: 18,896 Thread 0x00007faf9c2a6000 DEOPT PACKING pc=0x00007faf8d7c3e8c sp=0x00007faf6e271220
Event: 18,896 Thread 0x00007faf9c2a6000 DEOPT UNPACKING pc=0x00007faf8d005229 sp=0x00007faf6e271178 mode 2


Dynamic libraries:
00400000-00401000 r-xp 00000000 08:01 3450446                            /home/ema/Scaricati/jdk1.8.0_92/jre/bin/java
00600000-00601000 rw-p 00000000 08:01 3450446                            /home/ema/Scaricati/jdk1.8.0_92/jre/bin/java
024b3000-024d4000 rw-p 00000000 00:00 0                                  [heap]
a2e00000-a6b00000 rw-p 00000000 00:00 0 
a6b00000-e0f80000 ---p 00000000 00:00 0 
e0f80000-e6080000 rw-p 00000000 00:00 0 
e6080000-100000000 ---p 00000000 00:00 0 
100000000-100220000 rw-p 00000000 00:00 0 
100220000-140000000 ---p 00000000 00:00 0 
7faee8000000-7faee8021000 rw-p 00000000 00:00 0 
7faee8021000-7faeec000000 ---p 00000000 00:00 0 
7faeec000000-7faeec021000 rw-p 00000000 00:00 0 
7faeec021000-7faef0000000 ---p 00000000 00:00 0 
7faef0000000-7faef0021000 rw-p 00000000 00:00 0 
7faef0021000-7faef4000000 ---p 00000000 00:00 0 
7faef4000000-7faef4021000 rw-p 00000000 00:00 0 
7faef4021000-7faef8000000 ---p 00000000 00:00 0 
7faef8000000-7faef8040000 rw-p 00000000 00:00 0 
7faef8040000-7faefc000000 ---p 00000000 00:00 0 
7faefc000000-7faefc021000 rw-p 00000000 00:00 0 
7faefc021000-7faf00000000 ---p 00000000 00:00 0 
7faf00000000-7faf0002f000 rw-p 00000000 00:00 0 
7faf0002f000-7faf04000000 ---p 00000000 00:00 0 
7faf04000000-7faf0404f000 rw-p 00000000 00:00 0 
7faf0404f000-7faf08000000 ---p 00000000 00:00 0 
7faf08000000-7faf0803f000 rw-p 00000000 00:00 0 
7faf0803f000-7faf0c000000 ---p 00000000 00:00 0 
7faf0df83000-7faf0e003000 rw-s 196407000 00:06 9579                      /dev/dri/card0
7faf0e063000-7faf0e083000 rw-s 1b4404000 00:06 9579                      /dev/dri/card0
7faf0e083000-7faf0e087000 rw-s 1b4400000 00:06 9579                      /dev/dri/card0
7faf0e087000-7faf0e08b000 rw-s 1a1698000 00:06 9579                      /dev/dri/card0
7faf0e08b000-7faf0e0ab000 rw-s 1b43e0000 00:06 9579                      /dev/dri/card0
7faf0edd6000-7faf0ee56000 rw-s 196487000 00:06 9579                      /dev/dri/card0
7faf0ee56000-7faf0efc2000 rw-p 00000000 00:00 0 
7faf0efc2000-7faf0f056000 ---p 00000000 00:00 0 
7faf0f056000-7faf0f256000 rw-s 195ad5000 00:06 9579                      /dev/dri/card0
7faf0f256000-7faf0f259000 ---p 00000000 00:00 0 
7faf0f259000-7faf0f357000 rw-p 00000000 00:00 0 
7faf0f357000-7faf0f35a000 ---p 00000000 00:00 0 
7faf0f35a000-7faf0f458000 rw-p 00000000 00:00 0 
7faf0f458000-7faf0f45b000 ---p 00000000 00:00 0 
7faf0f45b000-7faf0f559000 rw-p 00000000 00:00 0 
7faf0f559000-7faf0f55c000 ---p 00000000 00:00 0 
7faf0f55c000-7faf0f65a000 rw-p 00000000 00:00 0 
7faf0f6ac000-7faf0f6af000 ---p 00000000 00:00 0 
7faf0f6af000-7faf0f7ad000 rw-p 00000000 00:00 0 
7faf0f7ad000-7faf0f7b0000 ---p 00000000 00:00 0 
7faf0f7b0000-7faf0f8ae000 rw-p 00000000 00:00 0 
7faf0f8ae000-7faf0f8b1000 ---p 00000000 00:00 0 
7faf0f8b1000-7faf0f9af000 rw-p 00000000 00:00 0 
7faf0f9c1000-7faf0f9cf000 r--s 00000000 08:01 19005654                   /var/cache/fontconfig/6aa41aa22e18b8fa06a12da28ea9c28b-le64.cache-4
7faf0f9cf000-7faf0f9da000 r--s 00000000 08:01 19005531                   /var/cache/fontconfig/945677eb7aeaf62f1d50efc3fb3ec7d8-le64.cache-4
7faf0f9da000-7faf0f9dd000 ---p 00000000 00:00 0 
7faf0f9dd000-7faf0fadb000 rw-p 00000000 00:00 0 
7faf0fadb000-7faf0fade000 ---p 00000000 00:00 0 
7faf0fade000-7faf0fbdc000 rw-p 00000000 00:00 0 
7faf0fbdc000-7faf0fbdd000 r--s 00000000 08:01 19022310                   /var/cache/fontconfig/087e1975ba9a574b140bb1df193bf770-le64.cache-4
7faf0fbdd000-7faf0fbde000 r--s 00000000 08:01 19005539                   /var/cache/fontconfig/c05880de57d1f5e948fdfacc138775d9-le64.cache-4
7faf0fbde000-7faf0fbe4000 r--s 00000000 08:01 19005516                   /var/cache/fontconfig/2cd17615ca594fa2959ae173292e504c-le64.cache-4
7faf0fbe4000-7faf0fbe5000 r--s 00000000 08:01 19005513                   /var/cache/fontconfig/0d8c3b2ac0904cb8a57a757ad11a4a08-le64.cache-4
7faf0fbe5000-7faf0fbec000 r--s 00000000 08:01 19005535                   /var/cache/fontconfig/a755afe4a08bf5b97852ceb7400b47bc-le64.cache-4
7faf0fbec000-7faf0fbf0000 r--s 00000000 08:01 19005545                   /var/cache/fontconfig/6d41288fd70b0be22e8c3a91e032eec0-le64.cache-4
7faf0fbf0000-7faf0fbf1000 r--s 00000000 08:01 19005534                   /var/cache/fontconfig/a6354e3ac43af67bd8d7b8e43c34e49f-le64.cache-4
7faf0fbf1000-7faf0fc07000 r--s 00000000 08:01 19005511                   /var/cache/fontconfig/04aabc0a78ac019cf9454389977116d2-le64.cache-4
7faf0fc07000-7faf0fc08000 r--s 00000000 08:01 19005515                   /var/cache/fontconfig/1ac9eb803944fde146138c791f5cc56a-le64.cache-4
7faf0fc08000-7faf0fc0c000 r--s 00000000 08:01 19005519                   /var/cache/fontconfig/385c0604a188198f04d133e54aba7fe7-le64.cache-4
7faf0fc0c000-7faf0fc0d000 r--s 00000000 08:01 19022308                   /var/cache/fontconfig/9c956a7723ca69a44b382d9179c9802f-le64.cache-4
7faf0fc0d000-7faf0fc0e000 r--s 00000000 08:01 19005546                   /var/cache/fontconfig/dc05db6664285cc2f12bf69c139ae4c3-le64.cache-4
7faf0fc0e000-7faf0fc10000 r--s 00000000 08:01 19005528                   /var/cache/fontconfig/767a8244fc0220cfb567a839d0392e0b-le64.cache-4
7faf0fc10000-7faf0fc11000 r--s 00000000 08:01 19019501                   /var/cache/fontconfig/4794a0821666d79190d59a36cb4f44b5-le64.cache-4
7faf0fc11000-7faf0fc12000 r--s 00000000 08:01 19022306                   /var/cache/fontconfig/9eae20f1ff8cc0a7d125749e875856bd-le64.cache-4
7faf0fc12000-7faf0fc14000 r--s 00000000 08:01 19022305                   /var/cache/fontconfig/bf2c1853a9e9b00bb02fe2e9bcf1e201-le64.cache-4
7faf0fc14000-7faf0fc19000 r--s 00000000 08:01 19005530                   /var/cache/fontconfig/8801497958630a81b71ace7c5f9b32a8-le64.cache-4
7faf0fc19000-7faf0fc1d000 r--s 00000000 08:01 19019549                   /var/cache/fontconfig/c57959a16110560c8d0fcea73374aeeb-le64.cache-4
7faf0fc1d000-7faf0fc1e000 r--s 00000000 08:01 19005538                   /var/cache/fontconfig/bab58bb527bb656aaa9f116d68a48d89-le64.cache-4
7faf0fc1e000-7faf0fc25000 r--s 00000000 08:01 19005517                   /var/cache/fontconfig/3047814df9a2f067bd2d96a2b9c36e5a-le64.cache-4
7faf0fc25000-7faf0fc2d000 r--s 00000000 08:01 19022303                   /var/cache/fontconfig/bf3b770c553c462765856025a94f1ce6-le64.cache-4
7faf0fc2d000-7faf0fc2e000 r--s 00000000 08:01 19005524                   /var/cache/fontconfig/56cf4f4769d0f4abc89a4895d7bd3ae1-le64.cache-4
7faf0fc2e000-7faf0fc34000 r--s 00000000 08:01 19005536                   /var/cache/fontconfig/b47c4e1ecd0709278f4910c18777a504-le64.cache-4
7faf0fc34000-7faf0fc37000 r--s 00000000 08:01 19022298                   /var/cache/fontconfig/14d493b97896515cad3840ba4896e372-le64.cache-4
7faf0fc37000-7faf0fc3a000 r--s 00000000 08:01 19020951                   /var/cache/fontconfig/e49e89034d371f0f9de17aab02136486-le64.cache-4
7faf0fc3a000-7faf0fcba000 rw-s 196acc000 00:06 9579                      /dev/dri/card0
7faf0fcba000-7faf0fee7000 rw-p 00000000 00:00 0 
7faf0fee7000-7faf108e7000 rwxp 00000000 00:00 0 
7faf108e7000-7faf10b14000 rw-p 00000000 00:00 0 
7faf10b14000-7faf10b2b000 r-xp 00000000 08:01 27267350                   /lib/x86_64-linux-gnu/libresolv-2.21.so
7faf10b2b000-7faf10d2b000 ---p 00017000 08:01 27267350                   /lib/x86_64-linux-gnu/libresolv-2.21.so
7faf10d2b000-7faf10d2d000 r--p 00017000 08:01 27267350                   /lib/x86_64-linux-gnu/libresolv-2.21.so
7faf10d2d000-7faf10d2e000 rw-p 00019000 08:01 27267350                   /lib/x86_64-linux-gnu/libresolv-2.21.so
7faf10d2e000-7faf10d30000 rw-p 00000000 00:00 0 
7faf10d30000-7faf10d35000 r-xp 00000000 08:01 27267295                   /lib/x86_64-linux-gnu/libnss_dns-2.21.so
7faf10d35000-7faf10f34000 ---p 00005000 08:01 27267295                   /lib/x86_64-linux-gnu/libnss_dns-2.21.so
7faf10f34000-7faf10f35000 r--p 00004000 08:01 27267295                   /lib/x86_64-linux-gnu/libnss_dns-2.21.so
7faf10f35000-7faf10f36000 rw-p 00005000 08:01 27267295                   /lib/x86_64-linux-gnu/libnss_dns-2.21.so
7faf10f36000-7faf10f38000 r-xp 00000000 08:01 27267303                   /lib/x86_64-linux-gnu/libnss_mdns4_minimal.so.2
7faf10f38000-7faf11137000 ---p 00002000 08:01 27267303                   /lib/x86_64-linux-gnu/libnss_mdns4_minimal.so.2
7faf11137000-7faf11138000 r--p 00001000 08:01 27267303                   /lib/x86_64-linux-gnu/libnss_mdns4_minimal.so.2
7faf11138000-7faf11139000 rw-p 00002000 08:01 27267303                   /lib/x86_64-linux-gnu/libnss_mdns4_minimal.so.2
7faf11139000-7faf1113a000 r--s 00000000 08:01 19005537                   /var/cache/fontconfig/b9d506c9ac06c20b433354fa67a72993-le64.cache-4
7faf1113a000-7faf1113b000 r--s 00000000 08:01 19022295                   /var/cache/fontconfig/89034621ae2a8922916bb6bfa5799546-le64.cache-4
7faf1113b000-7faf1113d000 r--s 00000000 08:01 19020949                   /var/cache/fontconfig/4b14b093aebc79c320de5e86ae1d3314-le64.cache-4
7faf1113d000-7faf11150000 r--s 00000000 08:01 19005543                   /var/cache/fontconfig/d52a8644073d54c13679302ca1180695-le64.cache-4
7faf11150000-7faf11151000 r--s 00000000 08:01 19005523                   /var/cache/fontconfig/551ecf3b0e8b0bca0f25c0944f561853-le64.cache-4
7faf11151000-7faf11152000 r--s 00000000 08:01 19022293                   /var/cache/fontconfig/8a687c406b77f27d99abfeeba937fcce-le64.cache-4
7faf11152000-7faf11157000 r--s 00000000 08:01 19022291                   /var/cache/fontconfig/75ad6aa2358a85f0de2c8ee4837e8227-le64.cache-4
7faf11157000-7faf11161000 r--s 00000000 08:01 19005520                   /var/cache/fontconfig/3f7329c5293ffd510edef78f73874cfd-le64.cache-4
7faf11161000-7faf1116c000 r--s 00000000 08:01 19018232                   /var/cache/fontconfig/d589a48862398ed80a3d6066f4f56f4c-le64.cache-4
7faf1116c000-7faf11179000 r--s 00000000 08:01 19022277                   /var/cache/fontconfig/198d8fcf01c96d0cf813f74fd759bdb7-le64.cache-4
7faf11179000-7faf11379000 rw-p 00000000 00:00 0 
7faf11379000-7faf1137b000 r--s 00000000 08:01 19022288                   /var/cache/fontconfig/65f976e5259cbe6dc7697b8648396239-le64.cache-4
7faf1137b000-7faf1137f000 r--s 00000000 08:01 19022285                   /var/cache/fontconfig/246184dc75a16901ca37d96895904249-le64.cache-4
7faf1137f000-7faf11380000 r--s 00000000 08:01 19022282                   /var/cache/fontconfig/94f7fe9bd33aadfac165873bd010d595-le64.cache-4
7faf11380000-7faf11382000 r--s 00000000 08:01 19022280                   /var/cache/fontconfig/423767150eb258c59035de29db6fca84-le64.cache-4
7faf11382000-7faf11385000 r--s 00000000 08:01 19022275                   /var/cache/fontconfig/75114ca45c98e8a441da0ff356701271-le64.cache-4
7faf11385000-7faf11390000 r--s 00000000 08:01 19022274                   /var/cache/fontconfig/83bf95040141907cd45bb53cf7c1c148-le64.cache-4
7faf11390000-7faf11399000 r--s 00000000 08:01 19013761                   /var/cache/fontconfig/d0972c3d32f097851eb916381fc38920-le64.cache-4
7faf11399000-7faf113a0000 r--s 00000000 08:01 19022271                   /var/cache/fontconfig/53d14c92082a93e67d5078324eb314ca-le64.cache-4
7faf113a0000-7faf113c1000 r--s 00000000 08:01 19005633                   /var/cache/fontconfig/e13b20fdb08344e0e664864cc2ede53d-le64.cache-4
7faf113c1000-7faf113df000 r--s 00000000 08:01 19018227                   /var/cache/fontconfig/467c019e582ee353435ea5c21d137ef6-le64.cache-4
7faf113df000-7faf11416000 r-xp 00000000 08:01 15344535                   /usr/lib/x86_64-linux-gnu/libtxc_dxtn_s2tc.so.0.0.0
7faf11416000-7faf11615000 ---p 00037000 08:01 15344535                   /usr/lib/x86_64-linux-gnu/libtxc_dxtn_s2tc.so.0.0.0
7faf11615000-7faf11616000 r--p 00036000 08:01 15344535                   /usr/lib/x86_64-linux-gnu/libtxc_dxtn_s2tc.so.0.0.0
7faf11616000-7faf11617000 rw-p 00037000 08:01 15344535                   /usr/lib/x86_64-linux-gnu/libtxc_dxtn_s2tc.so.0.0.0
7faf11617000-7faf1163c000 r-xp 00000000 08:01 27267368                   /lib/x86_64-linux-gnu/libtinfo.so.5.9
7faf1163c000-7faf1183b000 ---p 00025000 08:01 27267368                   /lib/x86_64-linux-gnu/libtinfo.so.5.9
7faf1183b000-7faf1183f000 r--p 00024000 08:01 27267368                   /lib/x86_64-linux-gnu/libtinfo.so.5.9
7faf1183f000-7faf11840000 rw-p 00028000 08:01 27267368                   /lib/x86_64-linux-gnu/libtinfo.so.5.9
7faf11840000-7faf11873000 r-xp 00000000 08:01 15343777                   /usr/lib/x86_64-linux-gnu/libedit.so.2.0.51
7faf11873000-7faf11a73000 ---p 00033000 08:01 15343777                   /usr/lib/x86_64-linux-gnu/libedit.so.2.0.51
7faf11a73000-7faf11a75000 r--p 00033000 08:01 15343777                   /usr/lib/x86_64-linux-gnu/libedit.so.2.0.51
7faf11a75000-7faf11a76000 rw-p 00035000 08:01 15343777                   /usr/lib/x86_64-linux-gnu/libedit.so.2.0.51
7faf11a76000-7faf11a7a000 rw-p 00000000 00:00 0 
7faf11a7a000-7faf11a93000 r-xp 00000000 08:01 27267385                   /lib/x86_64-linux-gnu/libz.so.1.2.8
7faf11a93000-7faf11c93000 ---p 00019000 08:01 27267385                   /lib/x86_64-linux-gnu/libz.so.1.2.8
7faf11c93000-7faf11c94000 r--p 00019000 08:01 27267385                   /lib/x86_64-linux-gnu/libz.so.1.2.8
7faf11c94000-7faf11c95000 rw-p 0001a000 08:01 27267385                   /lib/x86_64-linux-gnu/libz.so.1.2.8
7faf11c95000-7faf11d85000 r-xp 00000000 08:01 15344490                   /usr/lib/x86_64-linux-gnu/libstdc++.so.6.0.20
7faf11d85000-7faf11f85000 ---p 000f0000 08:01 15344490                   /usr/lib/x86_64-linux-gnu/libstdc++.so.6.0.20
7faf11f85000-7faf11f8d000 r--p 000f0000 08:01 15344490                   /usr/lib/x86_64-linux-gnu/libstdc++.so.6.0.20
7faf11f8d000-7faf11f8f000 rw-p 000f8000 08:01 15344490                   /usr/lib/x86_64-linux-gnu/libstdc++.so.6.0.20
7faf11f8f000-7faf11fa4000 rw-p 00000000 00:00 0 
7faf11fa4000-7faf13d4d000 r-xp 00000000 08:01 15343369                   /usr/lib/x86_64-linux-gnu/libLLVM-3.6.so.1
7faf13d4d000-7faf13d4e000 ---p 01da9000 08:01 15343369                   /usr/lib/x86_64-linux-gnu/libLLVM-3.6.so.1
7faf13d4e000-7faf13f6a000 r--p 01da9000 08:01 15343369                   /usr/lib/x86_64-linux-gnu/libLLVM-3.6.so.1
7faf13f6a000-7faf13f70000 rw-p 01fc5000 08:01 15343369                   /usr/lib/x86_64-linux-gnu/libLLVM-3.6.so.1
7faf13f70000-7faf13f86000 rw-p 00000000 00:00 0 
7faf13f86000-7faf13f9b000 r-xp 00000000 08:01 15343778                   /usr/lib/x86_64-linux-gnu/libelf-0.160.so
7faf13f9b000-7faf1419a000 ---p 00015000 08:01 15343778                   /usr/lib/x86_64-linux-gnu/libelf-0.160.so
7faf1419a000-7faf1419b000 r--p 00014000 08:01 15343778                   /usr/lib/x86_64-linux-gnu/libelf-0.160.so
7faf1419b000-7faf1419c000 rw-p 00015000 08:01 15343778                   /usr/lib/x86_64-linux-gnu/libelf-0.160.so
7faf1419c000-7faf141a8000 r-xp 00000000 08:01 15343773                   /usr/lib/x86_64-linux-gnu/libdrm_radeon.so.1.0.1
7faf141a8000-7faf143a7000 ---p 0000c000 08:01 15343773                   /usr/lib/x86_64-linux-gnu/libdrm_radeon.so.1.0.1
7faf143a7000-7faf143a8000 r--p 0000b000 08:01 15343773                   /usr/lib/x86_64-linux-gnu/libdrm_radeon.so.1.0.1
7faf143a8000-7faf143a9000 rw-p 0000c000 08:01 15343773                   /usr/lib/x86_64-linux-gnu/libdrm_radeon.so.1.0.1
7faf143a9000-7faf143af000 r-xp 00000000 08:01 15343771                   /usr/lib/x86_64-linux-gnu/libdrm_nouveau.so.2.0.0
7faf143af000-7faf145ae000 ---p 00006000 08:01 15343771                   /usr/lib/x86_64-linux-gnu/libdrm_nouveau.so.2.0.0
7faf145ae000-7faf145af000 r--p 00005000 08:01 15343771                   /usr/lib/x86_64-linux-gnu/libdrm_nouveau.so.2.0.0
7faf145af000-7faf145b0000 rw-p 00006000 08:01 15343771                   /usr/lib/x86_64-linux-gnu/libdrm_nouveau.so.2.0.0
7faf145b0000-7faf14d23000 r-xp 00000000 08:01 15603600                   /usr/lib/x86_64-linux-gnu/dri/nouveau_dri.so
7faf14d23000-7faf14f22000 ---p 00773000 08:01 15603600                   /usr/lib/x86_64-linux-gnu/dri/nouveau_dri.so
7faf14f22000-7faf14f79000 r--p 00772000 08:01 15603600                   /usr/lib/x86_64-linux-gnu/dri/nouveau_dri.so
7faf14f79000-7faf14f85000 rw-p 007c9000 08:01 15603600                   /usr/lib/x86_64-linux-gnu/dri/nouveau_dri.so
7faf14f85000-7faf1516a000 rw-p 00000000 00:00 0 
7faf1516a000-7faf1517c000 r-xp 00000000 08:01 27263385                   /lib/x86_64-linux-gnu/libudev.so.1.6.2
7faf1517c000-7faf1537b000 ---p 00012000 08:01 27263385                   /lib/x86_64-linux-gnu/libudev.so.1.6.2
7faf1537b000-7faf1537c000 r--p 00011000 08:01 27263385                   /lib/x86_64-linux-gnu/libudev.so.1.6.2
7faf1537c000-7faf1537d000 rw-p 00012000 08:01 27263385                   /lib/x86_64-linux-gnu/libudev.so.1.6.2
7faf1537d000-7faf1537f000 r-xp 00000000 08:01 15343521                   /usr/lib/x86_64-linux-gnu/libXinerama.so.1.0.0
7faf1537f000-7faf1557e000 ---p 00002000 08:01 15343521                   /usr/lib/x86_64-linux-gnu/libXinerama.so.1.0.0
7faf1557e000-7faf1557f000 r--p 00001000 08:01 15343521                   /usr/lib/x86_64-linux-gnu/libXinerama.so.1.0.0
7faf1557f000-7faf15580000 rw-p 00002000 08:01 15343521                   /usr/lib/x86_64-linux-gnu/libXinerama.so.1.0.0
7faf15580000-7faf155c5000 r-xp 00000000 08:01 28312164                   /tmp/jogamp_0000/file_cache/jln212782077401568567/jln4136833910336610196/libjogl_mobile.so
7faf155c5000-7faf157c5000 ---p 00045000 08:01 28312164                   /tmp/jogamp_0000/file_cache/jln212782077401568567/jln4136833910336610196/libjogl_mobile.so
7faf157c5000-7faf157c6000 rw-p 00045000 08:01 28312164                   /tmp/jogamp_0000/file_cache/jln212782077401568567/jln4136833910336610196/libjogl_mobile.so
7faf157c6000-7faf157cd000 r-xp 00000000 08:01 15343817                   /usr/lib/x86_64-linux-gnu/libffi.so.6.0.4
7faf157cd000-7faf159cc000 ---p 00007000 08:01 15343817                   /usr/lib/x86_64-linux-gnu/libffi.so.6.0.4
7faf159cc000-7faf159cd000 r--p 00006000 08:01 15343817                   /usr/lib/x86_64-linux-gnu/libffi.so.6.0.4
7faf159cd000-7faf159ce000 rw-p 00007000 08:01 15343817                   /usr/lib/x86_64-linux-gnu/libffi.so.6.0.4
7faf159ce000-7faf159db000 r-xp 00000000 08:01 15340550                   /usr/lib/x86_64-linux-gnu/libgbm.so.1.0.0
7faf159db000-7faf15bda000 ---p 0000d000 08:01 15340550                   /usr/lib/x86_64-linux-gnu/libgbm.so.1.0.0
7faf15bda000-7faf15bdb000 r--p 0000c000 08:01 15340550                   /usr/lib/x86_64-linux-gnu/libgbm.so.1.0.0
7faf15bdb000-7faf15bdc000 rw-p 0000d000 08:01 15340550                   /usr/lib/x86_64-linux-gnu/libgbm.so.1.0.0
7faf15bdc000-7faf15beb000 r-xp 00000000 08:01 15344604                   /usr/lib/x86_64-linux-gnu/libwayland-server.so.0.1.0
7faf15beb000-7faf15dea000 ---p 0000f000 08:01 15344604                   /usr/lib/x86_64-linux-gnu/libwayland-server.so.0.1.0
7faf15dea000-7faf15ded000 r--p 0000e000 08:01 15344604                   /usr/lib/x86_64-linux-gnu/libwayland-server.so.0.1.0
7faf15ded000-7faf15dee000 rw-p 00011000 08:01 15344604                   /usr/lib/x86_64-linux-gnu/libwayland-server.so.0.1.0
7faf15dee000-7faf15dfa000 r-xp 00000000 08:01 15344598                   /usr/lib/x86_64-linux-gnu/libwayland-client.so.0.3.0
7faf15dfa000-7faf15ff9000 ---p 0000c000 08:01 15344598                   /usr/lib/x86_64-linux-gnu/libwayland-client.so.0.3.0
7faf15ff9000-7faf15ffb000 r--p 0000b000 08:01 15344598                   /usr/lib/x86_64-linux-gnu/libwayland-client.so.0.3.0
7faf15ffb000-7faf15ffc000 rw-p 0000d000 08:01 15344598                   /usr/lib/x86_64-linux-gnu/libwayland-client.so.0.3.0
7faf15ffc000-7faf16001000 r-xp 00000000 08:01 15344692                   /usr/lib/x86_64-linux-gnu/libxcb-xfixes.so.0.0.0
7faf16001000-7faf16201000 ---p 00005000 08:01 15344692                   /usr/lib/x86_64-linux-gnu/libxcb-xfixes.so.0.0.0
7faf16201000-7faf16202000 r--p 00005000 08:01 15344692                   /usr/lib/x86_64-linux-gnu/libxcb-xfixes.so.0.0.0
7faf16202000-7faf16203000 rw-p 00006000 08:01 15344692                   /usr/lib/x86_64-linux-gnu/libxcb-xfixes.so.0.0.0
7faf16203000-7faf1622c000 r-xp 00000000 08:01 15729315                   /usr/lib/x86_64-linux-gnu/mesa-egl/libEGL.so.1.0.0
7faf1622c000-7faf1642c000 ---p 00029000 08:01 15729315                   /usr/lib/x86_64-linux-gnu/mesa-egl/libEGL.so.1.0.0
7faf1642c000-7faf1642d000 r--p 00029000 08:01 15729315                   /usr/lib/x86_64-linux-gnu/mesa-egl/libEGL.so.1.0.0
7faf1642d000-7faf1642e000 rw-p 0002a000 08:01 15729315                   /usr/lib/x86_64-linux-gnu/mesa-egl/libEGL.so.1.0.0
7faf1642e000-7faf1642f000 rw-p 00000000 00:00 0 
7faf1642f000-7faf164d4000 r-xp 00000000 08:01 28312162                   /tmp/jogamp_0000/file_cache/jln212782077401568567/jln4136833910336610196/libjogl_desktop.so
7faf164d4000-7faf166d4000 ---p 000a5000 08:01 28312162                   /tmp/jogamp_0000/file_cache/jln212782077401568567/jln4136833910336610196/libjogl_desktop.so
7faf166d4000-7faf166d5000 rw-p 000a5000 08:01 28312162                   /tmp/jogamp_0000/file_cache/jln212782077401568567/jln4136833910336610196/libjogl_desktop.so
7faf166d5000-7faf166e1000 r-xp 00000000 08:01 15343767                   /usr/lib/x86_64-linux-gnu/libdrm.so.2.4.0
7faf166e1000-7faf168e0000 ---p 0000c000 08:01 15343767                   /usr/lib/x86_64-linux-gnu/libdrm.so.2.4.0
7faf168e0000-7faf168e1000 r--p 0000b000 08:01 15343767                   /usr/lib/x86_64-linux-gnu/libdrm.so.2.4.0
7faf168e1000-7faf168e2000 rw-p 0000c000 08:01 15343767                   /usr/lib/x86_64-linux-gnu/libdrm.so.2.4.0
7faf168e2000-7faf168e3000 r-xp 00000000 08:01 15344706                   /usr/lib/x86_64-linux-gnu/libxshmfence.so.1.0.0
7faf168e3000-7faf16ae2000 ---p 00001000 08:01 15344706                   /usr/lib/x86_64-linux-gnu/libxshmfence.so.1.0.0
7faf16ae2000-7faf16ae3000 r--p 00000000 08:01 15344706                   /usr/lib/x86_64-linux-gnu/libxshmfence.so.1.0.0
7faf16ae3000-7faf16ae4000 rw-p 00001000 08:01 15344706                   /usr/lib/x86_64-linux-gnu/libxshmfence.so.1.0.0
7faf16ae4000-7faf16ae9000 r-xp 00000000 08:01 15344688                   /usr/lib/x86_64-linux-gnu/libxcb-sync.so.1.0.0
7faf16ae9000-7faf16ce8000 ---p 00005000 08:01 15344688                   /usr/lib/x86_64-linux-gnu/libxcb-sync.so.1.0.0
7faf16ce8000-7faf16ce9000 r--p 00004000 08:01 15344688                   /usr/lib/x86_64-linux-gnu/libxcb-sync.so.1.0.0
7faf16ce9000-7faf16cea000 rw-p 00005000 08:01 15344688                   /usr/lib/x86_64-linux-gnu/libxcb-sync.so.1.0.0
7faf16cea000-7faf16cec000 r-xp 00000000 08:01 15344676                   /usr/lib/x86_64-linux-gnu/libxcb-present.so.0.0.0
7faf16cec000-7faf16eeb000 ---p 00002000 08:01 15344676                   /usr/lib/x86_64-linux-gnu/libxcb-present.so.0.0.0
7faf16eeb000-7faf16eec000 r--p 00001000 08:01 15344676                   /usr/lib/x86_64-linux-gnu/libxcb-present.so.0.0.0
7faf16eec000-7faf16eed000 rw-p 00002000 08:01 15344676                   /usr/lib/x86_64-linux-gnu/libxcb-present.so.0.0.0
7faf16eed000-7faf16eef000 r-xp 00000000 08:01 15344666                   /usr/lib/x86_64-linux-gnu/libxcb-dri3.so.0.0.0
7faf16eef000-7faf170ee000 ---p 00002000 08:01 15344666                   /usr/lib/x86_64-linux-gnu/libxcb-dri3.so.0.0.0
7faf170ee000-7faf170ef000 r--p 00001000 08:01 15344666                   /usr/lib/x86_64-linux-gnu/libxcb-dri3.so.0.0.0
7faf170ef000-7faf170f0000 rw-p 00002000 08:01 15344666                   /usr/lib/x86_64-linux-gnu/libxcb-dri3.so.0.0.0
7faf170f0000-7faf170f3000 r-xp 00000000 08:01 15344664                   /usr/lib/x86_64-linux-gnu/libxcb-dri2.so.0.0.0
7faf170f3000-7faf172f3000 ---p 00003000 08:01 15344664                   /usr/lib/x86_64-linux-gnu/libxcb-dri2.so.0.0.0
7faf172f3000-7faf172f4000 r--p 00003000 08:01 15344664                   /usr/lib/x86_64-linux-gnu/libxcb-dri2.so.0.0.0
7faf172f4000-7faf172f5000 rw-p 00004000 08:01 15344664                   /usr/lib/x86_64-linux-gnu/libxcb-dri2.so.0.0.0
7faf172f5000-7faf1730a000 r-xp 00000000 08:01 15344668                   /usr/lib/x86_64-linux-gnu/libxcb-glx.so.0.0.0
7faf1730a000-7faf17509000 ---p 00015000 08:01 15344668                   /usr/lib/x86_64-linux-gnu/libxcb-glx.so.0.0.0
7faf17509000-7faf1750b000 r--p 00014000 08:01 15344668                   /usr/lib/x86_64-linux-gnu/libxcb-glx.so.0.0.0
7faf1750b000-7faf1750c000 rw-p 00016000 08:01 15344668                   /usr/lib/x86_64-linux-gnu/libxcb-glx.so.0.0.0
7faf1750c000-7faf1750d000 r-xp 00000000 08:01 15343492                   /usr/lib/x86_64-linux-gnu/libX11-xcb.so.1.0.0
7faf1750d000-7faf1770c000 ---p 00001000 08:01 15343492                   /usr/lib/x86_64-linux-gnu/libX11-xcb.so.1.0.0
7faf1770c000-7faf1770d000 r--p 00000000 08:01 15343492                   /usr/lib/x86_64-linux-gnu/libX11-xcb.so.1.0.0
7faf1770d000-7faf1770e000 rw-p 00001000 08:01 15343492                   /usr/lib/x86_64-linux-gnu/libX11-xcb.so.1.0.0
7faf1770e000-7faf17710000 r-xp 00000000 08:01 15343507                   /usr/lib/x86_64-linux-gnu/libXdamage.so.1.1.0
7faf17710000-7faf1790f000 ---p 00002000 08:01 15343507                   /usr/lib/x86_64-linux-gnu/libXdamage.so.1.1.0
7faf1790f000-7faf17910000 r--p 00001000 08:01 15343507                   /usr/lib/x86_64-linux-gnu/libXdamage.so.1.1.0
7faf17910000-7faf17911000 rw-p 00002000 08:01 15343507                   /usr/lib/x86_64-linux-gnu/libXdamage.so.1.1.0
7faf17911000-7faf17936000 r-xp 00000000 08:01 15343260                   /usr/lib/x86_64-linux-gnu/libglapi.so.0.0.0
7faf17936000-7faf17b36000 ---p 00025000 08:01 15343260                   /usr/lib/x86_64-linux-gnu/libglapi.so.0.0.0
7faf17b36000-7faf17b39000 r--p 00025000 08:01 15343260                   /usr/lib/x86_64-linux-gnu/libglapi.so.0.0.0
7faf17b39000-7faf17b3a000 rw-p 00028000 08:01 15343260                   /usr/lib/x86_64-linux-gnu/libglapi.so.0.0.0
7faf17b3a000-7faf17b3b000 rw-p 00000000 00:00 0 
7faf17b3b000-7faf17b61000 r-xp 00000000 08:01 27267358                   /lib/x86_64-linux-gnu/libexpat.so.1.6.0
7faf17b61000-7faf17d60000 ---p 00026000 08:01 27267358                   /lib/x86_64-linux-gnu/libexpat.so.1.6.0
7faf17d60000-7faf17d63000 r--p 00025000 08:01 27267358                   /lib/x86_64-linux-gnu/libexpat.so.1.6.0
7faf17d63000-7faf17d64000 rw-p 00028000 08:01 27267358                   /lib/x86_64-linux-gnu/libexpat.so.1.6.0
7faf17d64000-7faf17dfc000 r-xp 00000000 08:01 15732978                   /usr/lib/x86_64-linux-gnu/mesa/libGL.so.1.2.0
7faf17dfc000-7faf17ffb000 ---p 00098000 08:01 15732978                   /usr/lib/x86_64-linux-gnu/mesa/libGL.so.1.2.0
7faf17ffb000-7faf17ffe000 r--p 00097000 08:01 15732978                   /usr/lib/x86_64-linux-gnu/mesa/libGL.so.1.2.0
7faf17ffe000-7faf17fff000 rw-p 0009a000 08:01 15732978                   /usr/lib/x86_64-linux-gnu/mesa/libGL.so.1.2.0
7faf17fff000-7faf18000000 rw-p 00000000 00:00 0 
7faf18000000-7faf18021000 rw-p 00000000 00:00 0 
7faf18021000-7faf1c000000 ---p 00000000 00:00 0 
7faf1c000000-7faf1c18d000 rw-p 00000000 00:00 0 
7faf1c18d000-7faf20000000 ---p 00000000 00:00 0 
7faf20000000-7faf20c88000 rw-p 00000000 00:00 0 
7faf20c88000-7faf24000000 ---p 00000000 00:00 0 
7faf24000000-7faf247eb000 rw-p 00000000 00:00 0 
7faf247eb000-7faf28000000 ---p 00000000 00:00 0 
7faf28000000-7faf28021000 rw-p 00000000 00:00 0 
7faf28021000-7faf2c000000 ---p 00000000 00:00 0 
7faf2c000000-7faf2c021000 rw-p 00000000 00:00 0 
7faf2c021000-7faf30000000 ---p 00000000 00:00 0 
7faf30000000-7faf30032000 rw-p 00000000 00:00 0 
7faf30032000-7faf34000000 ---p 00000000 00:00 0 
7faf34000000-7faf34021000 rw-p 00000000 00:00 0 
7faf34021000-7faf38000000 ---p 00000000 00:00 0 
7faf38000000-7faf38021000 rw-p 00000000 00:00 0 
7faf38021000-7faf3c000000 ---p 00000000 00:00 0 
7faf3c000000-7faf3c021000 rw-p 00000000 00:00 0 
7faf3c021000-7faf40000000 ---p 00000000 00:00 0 
7faf40000000-7faf403ee000 rw-p 00000000 00:00 0 
7faf403ee000-7faf44000000 ---p 00000000 00:00 0 
7faf44000000-7faf44021000 rw-p 00000000 00:00 0 
7faf44021000-7faf48000000 ---p 00000000 00:00 0 
7faf48000000-7faf48495000 rw-p 00000000 00:00 0 
7faf48495000-7faf4c000000 ---p 00000000 00:00 0 
7faf4c000000-7faf4cb37000 rw-p 00000000 00:00 0 
7faf4cb37000-7faf50000000 ---p 00000000 00:00 0 
7faf50000000-7faf50021000 rw-p 00000000 00:00 0 
7faf50021000-7faf54000000 ---p 00000000 00:00 0 
7faf54000000-7faf544ff000 rw-p 00000000 00:00 0 
7faf544ff000-7faf58000000 ---p 00000000 00:00 0 
7faf58000000-7faf58021000 rw-p 00000000 00:00 0 
7faf58021000-7faf5c000000 ---p 00000000 00:00 0 
7faf5c000000-7faf5c021000 rw-p 00000000 00:00 0 
7faf5c021000-7faf60000000 ---p 00000000 00:00 0 
7faf60000000-7faf60021000 rw-p 00000000 00:00 0 
7faf60021000-7faf64000000 ---p 00000000 00:00 0 
7faf64000000-7faf64021000 rw-p 00000000 00:00 0 
7faf64021000-7faf68000000 ---p 00000000 00:00 0 
7faf68000000-7faf68021000 rw-p 00000000 00:00 0 
7faf68021000-7faf6c000000 ---p 00000000 00:00 0 
7faf6c000000-7faf6c002000 r--s 00000000 08:01 19022278                   /var/cache/fontconfig/67709b7835c0f764c1135060c9575660-le64.cache-4
7faf6c002000-7faf6c015000 r--s 00000000 08:01 19022270                   /var/cache/fontconfig/4ac51e5cfbc76fc3f983e470323a16d3-le64.cache-4
7faf6c015000-7faf6c01a000 r--s 00000000 08:01 19022268                   /var/cache/fontconfig/3629f2adf904f9a612908891fae71ceb-le64.cache-4
7faf6c032000-7faf6c0b2000 rw-s 1a171c000 00:06 9579                      /dev/dri/card0
7faf6c0b2000-7faf6c2b2000 rw-p 00000000 00:00 0 
7faf6c2b2000-7faf6c4b2000 rw-p 00000000 00:00 0 
7faf6c4b2000-7faf6c4b9000 r-xp 00000000 08:01 28312168                   /tmp/jogamp_0000/file_cache/jln212782077401568567/jln4136833910336610196/libnativewindow_x11.so
7faf6c4b9000-7faf6c6b8000 ---p 00007000 08:01 28312168                   /tmp/jogamp_0000/file_cache/jln212782077401568567/jln4136833910336610196/libnativewindow_x11.so
7faf6c6b8000-7faf6c6b9000 rw-p 00006000 08:01 28312168                   /tmp/jogamp_0000/file_cache/jln212782077401568567/jln4136833910336610196/libnativewindow_x11.so
7faf6c6b9000-7faf6c6bd000 r-xp 00000000 08:01 15343549                   /usr/lib/x86_64-linux-gnu/libXxf86vm.so.1.0.0
7faf6c6bd000-7faf6c8bd000 ---p 00004000 08:01 15343549                   /usr/lib/x86_64-linux-gnu/libXxf86vm.so.1.0.0
7faf6c8bd000-7faf6c8be000 r--p 00004000 08:01 15343549                   /usr/lib/x86_64-linux-gnu/libXxf86vm.so.1.0.0
7faf6c8be000-7faf6c8bf000 rw-p 00005000 08:01 15343549                   /usr/lib/x86_64-linux-gnu/libXxf86vm.so.1.0.0
7faf6c8bf000-7faf6c8c1000 r-xp 00000000 08:01 28312167                   /tmp/jogamp_0000/file_cache/jln212782077401568567/jln4136833910336610196/libnativewindow_awt.so
7faf6c8c1000-7faf6cac0000 ---p 00002000 08:01 28312167                   /tmp/jogamp_0000/file_cache/jln212782077401568567/jln4136833910336610196/libnativewindow_awt.so
7faf6cac0000-7faf6cac1000 rw-p 00001000 08:01 28312167                   /tmp/jogamp_0000/file_cache/jln212782077401568567/jln4136833910336610196/libnativewindow_awt.so
7faf6cac1000-7faf6cac2000 r-xp 00000000 08:01 3450810                    /home/ema/Scaricati/jdk1.8.0_92/jre/lib/amd64/libjawt.so
7faf6cac2000-7faf6ccc1000 ---p 00001000 08:01 3450810                    /home/ema/Scaricati/jdk1.8.0_92/jre/lib/amd64/libjawt.so
7faf6ccc1000-7faf6ccc2000 rw-p 00000000 08:01 3450810                    /home/ema/Scaricati/jdk1.8.0_92/jre/lib/amd64/libjawt.so
7faf6ccc2000-7faf6ccc4000 r-xp 00000000 08:01 28312158                   /tmp/jogamp_0000/file_cache/jln212782077401568567/jln4136833910336610196/libgluegen-rt.so
7faf6ccc4000-7faf6cec3000 ---p 00002000 08:01 28312158                   /tmp/jogamp_0000/file_cache/jln212782077401568567/jln4136833910336610196/libgluegen-rt.so
7faf6cec3000-7faf6cec4000 rw-p 00001000 08:01 28312158                   /tmp/jogamp_0000/file_cache/jln212782077401568567/jln4136833910336610196/libgluegen-rt.so
7faf6cec4000-7faf6cec7000 ---p 00000000 00:00 0 
7faf6cec7000-7faf6d1c5000 rw-p 00000000 00:00 0 
7faf6d1c5000-7faf6d1c8000 ---p 00000000 00:00 0 
7faf6d1c8000-7faf6d4c6000 rw-p 00000000 00:00 0 
7faf6d4c6000-7faf6d4c9000 ---p 00000000 00:00 0 
7faf6d4c9000-7faf6d5c7000 rw-p 00000000 00:00 0 
7faf6d5c7000-7faf6d630000 r-xp 00000000 08:01 3450779                    /home/ema/Scaricati/jdk1.8.0_92/jre/lib/amd64/libt2k.so
7faf6d630000-7faf6d830000 ---p 00069000 08:01 3450779                    /home/ema/Scaricati/jdk1.8.0_92/jre/lib/amd64/libt2k.so
7faf6d830000-7faf6d837000 rw-p 00069000 08:01 3450779                    /home/ema/Scaricati/jdk1.8.0_92/jre/lib/amd64/libt2k.so
7faf6d837000-7faf6d847000 rw-p 00000000 00:00 0 
7faf6d847000-7faf6d858000 r-xp 00000000 08:01 3450822                    /home/ema/Scaricati/jdk1.8.0_92/jre/lib/amd64/libnio.so
7faf6d858000-7faf6da57000 ---p 00011000 08:01 3450822                    /home/ema/Scaricati/jdk1.8.0_92/jre/lib/amd64/libnio.so
7faf6da57000-7faf6da58000 rw-p 00010000 08:01 3450822                    /home/ema/Scaricati/jdk1.8.0_92/jre/lib/amd64/libnio.so
7faf6da58000-7faf6dd59000 rw-p 00000000 00:00 0 
7faf6dd59000-7faf6dd6f000 r-xp 00000000 08:01 3450819                    /home/ema/Scaricati/jdk1.8.0_92/jre/lib/amd64/libnet.so
7faf6dd6f000-7faf6df6f000 ---p 00016000 08:01 3450819                    /home/ema/Scaricati/jdk1.8.0_92/jre/lib/amd64/libnet.so
7faf6df6f000-7faf6df70000 rw-p 00016000 08:01 3450819                    /home/ema/Scaricati/jdk1.8.0_92/jre/lib/amd64/libnet.so
7faf6df70000-7faf6df73000 ---p 00000000 00:00 0 
7faf6df73000-7faf6e071000 rw-p 00000000 00:00 0 
7faf6e071000-7faf6e074000 ---p 00000000 00:00 0 
7faf6e074000-7faf6e172000 rw-p 00000000 00:00 0 
7faf6e172000-7faf6e175000 ---p 00000000 00:00 0 
7faf6e175000-7faf6e273000 rw-p 00000000 00:00 0 
7faf6e273000-7faf6e276000 ---p 00000000 00:00 0 
7faf6e276000-7faf6e374000 rw-p 00000000 00:00 0 
7faf6e374000-7faf6e379000 r-xp 00000000 08:01 15343513                   /usr/lib/x86_64-linux-gnu/libXfixes.so.3.1.0
7faf6e379000-7faf6e578000 ---p 00005000 08:01 15343513                   /usr/lib/x86_64-linux-gnu/libXfixes.so.3.1.0
7faf6e578000-7faf6e579000 r--p 00004000 08:01 15343513                   /usr/lib/x86_64-linux-gnu/libXfixes.so.3.1.0
7faf6e579000-7faf6e57a000 rw-p 00005000 08:01 15343513                   /usr/lib/x86_64-linux-gnu/libXfixes.so.3.1.0
7faf6e57a000-7faf6e583000 r-xp 00000000 08:01 15343505                   /usr/lib/x86_64-linux-gnu/libXcursor.so.1.0.2
7faf6e583000-7faf6e782000 ---p 00009000 08:01 15343505                   /usr/lib/x86_64-linux-gnu/libXcursor.so.1.0.2
7faf6e782000-7faf6e783000 r--p 00008000 08:01 15343505                   /usr/lib/x86_64-linux-gnu/libXcursor.so.1.0.2
7faf6e783000-7faf6e784000 rw-p 00009000 08:01 15343505                   /usr/lib/x86_64-linux-gnu/libXcursor.so.1.0.2
7faf6e784000-7faf6e79a000 r-xp 00000000 08:01 27269807                   /lib/x86_64-linux-gnu/libgcc_s.so.1
7faf6e79a000-7faf6e999000 ---p 00016000 08:01 27269807                   /lib/x86_64-linux-gnu/libgcc_s.so.1
7faf6e999000-7faf6e99a000 rw-p 00015000 08:01 27269807                   /lib/x86_64-linux-gnu/libgcc_s.so.1
7faf6e99a000-7faf6e9ff000 r-xp 00000000 08:01 3450798                    /home/ema/Scaricati/jdk1.8.0_92/jre/lib/amd64/libfontmanager.so
7faf6e9ff000-7faf6ebfe000 ---p 00065000 08:01 3450798                    /home/ema/Scaricati/jdk1.8.0_92/jre/lib/amd64/libfontmanager.so
7faf6ebfe000-7faf6ec03000 rw-p 00064000 08:01 3450798                    /home/ema/Scaricati/jdk1.8.0_92/jre/lib/amd64/libfontmanager.so
7faf6ec03000-7faf6ec13000 rw-p 00000000 00:00 0 
7faf6ec13000-7faf6ec18000 r-xp 00000000 08:01 15343509                   /usr/lib/x86_64-linux-gnu/libXdmcp.so.6.0.0
7faf6ec18000-7faf6ee17000 ---p 00005000 08:01 15343509                   /usr/lib/x86_64-linux-gnu/libXdmcp.so.6.0.0
7faf6ee17000-7faf6ee18000 r--p 00004000 08:01 15343509                   /usr/lib/x86_64-linux-gnu/libXdmcp.so.6.0.0
7faf6ee18000-7faf6ee19000 rw-p 00005000 08:01 15343509                   /usr/lib/x86_64-linux-gnu/libXdmcp.so.6.0.0
7faf6ee19000-7faf6ee1b000 r-xp 00000000 08:01 15343498                   /usr/lib/x86_64-linux-gnu/libXau.so.6.0.0
7faf6ee1b000-7faf6f01b000 ---p 00002000 08:01 15343498                   /usr/lib/x86_64-linux-gnu/libXau.so.6.0.0
7faf6f01b000-7faf6f01c000 r--p 00002000 08:01 15343498                   /usr/lib/x86_64-linux-gnu/libXau.so.6.0.0
7faf6f01c000-7faf6f01d000 rw-p 00003000 08:01 15343498                   /usr/lib/x86_64-linux-gnu/libXau.so.6.0.0
7faf6f01d000-7faf6f03a000 r-xp 00000000 08:01 15344696                   /usr/lib/x86_64-linux-gnu/libxcb.so.1.1.0
7faf6f03a000-7faf6f23a000 ---p 0001d000 08:01 15344696                   /usr/lib/x86_64-linux-gnu/libxcb.so.1.1.0
7faf6f23a000-7faf6f23b000 r--p 0001d000 08:01 15344696                   /usr/lib/x86_64-linux-gnu/libxcb.so.1.1.0
7faf6f23b000-7faf6f23c000 rw-p 0001e000 08:01 15344696                   /usr/lib/x86_64-linux-gnu/libxcb.so.1.1.0
7faf6f23c000-7faf6f24b000 r-xp 00000000 08:01 15343519                   /usr/lib/x86_64-linux-gnu/libXi.so.6.1.0
7faf6f24b000-7faf6f44a000 ---p 0000f000 08:01 15343519                   /usr/lib/x86_64-linux-gnu/libXi.so.6.1.0
7faf6f44a000-7faf6f44b000 r--p 0000e000 08:01 15343519                   /usr/lib/x86_64-linux-gnu/libXi.so.6.1.0
7faf6f44b000-7faf6f44c000 rw-p 0000f000 08:01 15343519                   /usr/lib/x86_64-linux-gnu/libXi.so.6.1.0
7faf6f44c000-7faf6f451000 r-xp 00000000 08:01 15343539                   /usr/lib/x86_64-linux-gnu/libXtst.so.6.1.0
7faf6f451000-7faf6f650000 ---p 00005000 08:01 15343539                   /usr/lib/x86_64-linux-gnu/libXtst.so.6.1.0
7faf6f650000-7faf6f651000 r--p 00004000 08:01 15343539                   /usr/lib/x86_64-linux-gnu/libXtst.so.6.1.0
7faf6f651000-7faf6f652000 rw-p 00005000 08:01 15343539                   /usr/lib/x86_64-linux-gnu/libXtst.so.6.1.0
7faf6f652000-7faf6f65b000 r-xp 00000000 08:01 15343533                   /usr/lib/x86_64-linux-gnu/libXrender.so.1.3.0
7faf6f65b000-7faf6f85a000 ---p 00009000 08:01 15343533                   /usr/lib/x86_64-linux-gnu/libXrender.so.1.3.0
7faf6f85a000-7faf6f85b000 r--p 00008000 08:01 15343533                   /usr/lib/x86_64-linux-gnu/libXrender.so.1.3.0
7faf6f85b000-7faf6f85c000 rw-p 00009000 08:01 15343533                   /usr/lib/x86_64-linux-gnu/libXrender.so.1.3.0
7faf6f85c000-7faf6f98f000 r-xp 00000000 08:01 15343494                   /usr/lib/x86_64-linux-gnu/libX11.so.6.3.0
7faf6f98f000-7faf6fb8f000 ---p 00133000 08:01 15343494                   /usr/lib/x86_64-linux-gnu/libX11.so.6.3.0
7faf6fb8f000-7faf6fb90000 r--p 00133000 08:01 15343494                   /usr/lib/x86_64-linux-gnu/libX11.so.6.3.0
7faf6fb90000-7faf6fb94000 rw-p 00134000 08:01 15343494                   /usr/lib/x86_64-linux-gnu/libX11.so.6.3.0
7faf6fb94000-7faf6fb95000 rw-p 00000000 00:00 0 
7faf6fb95000-7faf6fba6000 r-xp 00000000 08:01 15343511                   /usr/lib/x86_64-linux-gnu/libXext.so.6.4.0
7faf6fba6000-7faf6fda5000 ---p 00011000 08:01 15343511                   /usr/lib/x86_64-linux-gnu/libXext.so.6.4.0
7faf6fda5000-7faf6fda6000 r--p 00010000 08:01 15343511                   /usr/lib/x86_64-linux-gnu/libXext.so.6.4.0
7faf6fda6000-7faf6fda7000 rw-p 00011000 08:01 15343511                   /usr/lib/x86_64-linux-gnu/libXext.so.6.4.0
7faf6fda7000-7faf6fdfb000 r-xp 00000000 08:01 3450826                    /home/ema/Scaricati/jdk1.8.0_92/jre/lib/amd64/libawt_xawt.so
7faf6fdfb000-7faf6fffb000 ---p 00054000 08:01 3450826                    /home/ema/Scaricati/jdk1.8.0_92/jre/lib/amd64/libawt_xawt.so
7faf6fffb000-7faf6ffff000 rw-p 00054000 08:01 3450826                    /home/ema/Scaricati/jdk1.8.0_92/jre/lib/amd64/libawt_xawt.so
7faf6ffff000-7faf70000000 rw-p 00000000 00:00 0 
7faf70000000-7faf70021000 rw-p 00000000 00:00 0 
7faf70021000-7faf74000000 ---p 00000000 00:00 0 
7faf74000000-7faf74021000 rw-p 00000000 00:00 0 
7faf74021000-7faf78000000 ---p 00000000 00:00 0 
7faf78000000-7faf78021000 rw-p 00000000 00:00 0 
7faf78021000-7faf7c000000 ---p 00000000 00:00 0 
7faf7c000000-7faf7c021000 rw-p 00000000 00:00 0 
7faf7c021000-7faf80000000 ---p 00000000 00:00 0 
7faf80000000-7faf80021000 rw-p 00000000 00:00 0 
7faf80021000-7faf84000000 ---p 00000000 00:00 0 
7faf84000000-7faf84001000 r--s 00000000 08:01 19022279                   /var/cache/fontconfig/406a1d2d2bf3ed7664fbadefac0b2f66-le64.cache-4
7faf84001000-7faf84002000 r--s 00000000 08:01 19005512                   /var/cache/fontconfig/0c9eb80ebd1c36541ebe2852d3bb0c49-le64.cache-4
7faf84002000-7faf84004000 r--s 00000000 08:01 19022273                   /var/cache/fontconfig/6e6b34ae150a7ad95e82fb4a522f0bda-le64.cache-4
7faf84004000-7faf84007000 r--s 00000000 08:01 19022266                   /var/cache/fontconfig/de83a0a961185c8bd1f159015d56c039-le64.cache-4
7faf84007000-7faf84014000 r--s 00000000 08:01 19018230                   /var/cache/fontconfig/8f02d4cb045bd6ce15663e43f347c9f8-le64.cache-4
7faf84014000-7faf84034000 rw-s 1a17bc000 00:06 9579                      /dev/dri/card0
7faf84034000-7faf840b4000 rw-s 196387000 00:06 9579                      /dev/dri/card0
7faf840b4000-7faf840b7000 ---p 00000000 00:00 0 
7faf840b7000-7faf841b5000 rw-p 00000000 00:00 0 
7faf841b5000-7faf84257000 r-xp 00000000 08:01 3450809                    /home/ema/Scaricati/jdk1.8.0_92/jre/lib/amd64/libawt.so
7faf84257000-7faf84457000 ---p 000a2000 08:01 3450809                    /home/ema/Scaricati/jdk1.8.0_92/jre/lib/amd64/libawt.so
7faf84457000-7faf84463000 rw-p 000a2000 08:01 3450809                    /home/ema/Scaricati/jdk1.8.0_92/jre/lib/amd64/libawt.so
7faf84463000-7faf84487000 rw-p 00000000 00:00 0 
7faf84487000-7faf84488000 ---p 00000000 00:00 0 
7faf84488000-7faf84588000 rw-p 00000000 00:00 0 
7faf84588000-7faf8458b000 ---p 00000000 00:00 0 
7faf8458b000-7faf84689000 rw-p 00000000 00:00 0 
7faf84689000-7faf8468c000 ---p 00000000 00:00 0 
7faf8468c000-7faf8478a000 rw-p 00000000 00:00 0 
7faf8478a000-7faf8478d000 ---p 00000000 00:00 0 
7faf8478d000-7faf8488b000 rw-p 00000000 00:00 0 
7faf8488b000-7faf8488e000 ---p 00000000 00:00 0 
7faf8488e000-7faf8498c000 rw-p 00000000 00:00 0 
7faf8498c000-7faf8498f000 ---p 00000000 00:00 0 
7faf8498f000-7faf84a8d000 rw-p 00000000 00:00 0 
7faf84a8d000-7faf85170000 r--p 00000000 08:01 15342584                   /usr/lib/locale/locale-archive
7faf85170000-7faf88000000 rw-p 00000000 00:00 0 
7faf88000000-7faf88021000 rw-p 00000000 00:00 0 
7faf88021000-7faf8c000000 ---p 00000000 00:00 0 
7faf8c000000-7faf8c001000 r--s 00000000 08:01 19022272                   /var/cache/fontconfig/3334a778d104e76d188e9df399bc24d2-le64.cache-4
7faf8c001000-7faf8c002000 r--s 00000000 08:01 19022269                   /var/cache/fontconfig/c277e94e32b20404286a1ddafa5a80f0-le64.cache-4
7faf8c002000-7faf8c006000 r--s 00000000 08:01 19020952                   /var/cache/fontconfig/7ef2298fde41cc6eeb7af42e48b7d293-le64.cache-4
7faf8c006000-7faf8c008000 r--s 00000000 08:01 19018231                   /var/cache/fontconfig/16326683038b281783a0ef8c680e3a10-le64.cache-4
7faf8c008000-7faf8c009000 r--s 00000000 08:01 19018228                   /var/cache/fontconfig/e0aa53bcfa504e64f87823c16bc01eb6-le64.cache-4
7faf8c011000-7faf8c012000 rw-p 00000000 00:00 0 
7faf8c012000-7faf8c092000 rw-s 196307000 00:06 9579                      /dev/dri/card0
7faf8c092000-7faf8c09c000 r--s 00116000 08:01 3450653                    /home/ema/Scaricati/jdk1.8.0_92/jre/lib/ext/localedata.jar
7faf8c09c000-7faf8c0b8000 r--s 00393000 08:01 3450599                    /home/ema/Scaricati/jdk1.8.0_92/jre/lib/ext/cldrdata.jar
7faf8c0b8000-7faf8c0bb000 ---p 00000000 00:00 0 
7faf8c0bb000-7faf8c0f1000 rw-p 00000000 00:00 0 
7faf8c0f1000-7faf8c0f4000 ---p 00000000 00:00 0 
7faf8c0f4000-7faf8c1f2000 rw-p 00000000 00:00 0 
7faf8c1f2000-7faf8c1f5000 ---p 00000000 00:00 0 
7faf8c1f5000-7faf8c2f3000 rw-p 00000000 00:00 0 
7faf8c2f3000-7faf8c2f6000 ---p 00000000 00:00 0 
7faf8c2f6000-7faf8c3f4000 rw-p 00000000 00:00 0 
7faf8c3f4000-7faf8c3f5000 ---p 00000000 00:00 0 
7faf8c3f5000-7faf8d000000 rw-p 00000000 00:00 0 
7faf8d000000-7faf8d8f0000 rwxp 00000000 00:00 0 
7faf8d8f0000-7faf9c000000 ---p 00000000 00:00 0 
7faf9c000000-7faf9c2f4000 rw-p 00000000 00:00 0 
7faf9c2f4000-7fafa0000000 ---p 00000000 00:00 0 
7fafa0000000-7fafa0023000 r--s 002ec000 08:01 3540429                    /home/ema/Dropbox/ACCADEMIC/Programmi/Java/ucsdunfoldingmaps/lib/jogl-all.jar
7fafa0023000-7fafa118a000 rw-p 00000000 00:00 0 
7fafa118a000-7fafa1363000 r--s 03d24000 08:01 3450543                    /home/ema/Scaricati/jdk1.8.0_92/jre/lib/rt.jar
7fafa1363000-7fafa1ec2000 rw-p 00000000 00:00 0 
7fafa1ec2000-7fafa1ec3000 ---p 00000000 00:00 0 
7fafa1ec3000-7fafa1fc3000 rw-p 00000000 00:00 0 
7fafa1fc3000-7fafa1fc4000 ---p 00000000 00:00 0 
7fafa1fc4000-7fafa20c4000 rw-p 00000000 00:00 0 
7fafa20c4000-7fafa20c5000 ---p 00000000 00:00 0 
7fafa20c5000-7fafa21c5000 rw-p 00000000 00:00 0 
7fafa21c5000-7fafa21c6000 ---p 00000000 00:00 0 
7fafa21c6000-7fafa22c6000 rw-p 00000000 00:00 0 
7fafa22c6000-7fafa22c7000 ---p 00000000 00:00 0 
7fafa22c7000-7fafa23c7000 rw-p 00000000 00:00 0 
7fafa23c7000-7fafa23c8000 ---p 00000000 00:00 0 
7fafa23c8000-7fafa24c8000 rw-p 00000000 00:00 0 
7fafa24c8000-7fafa24c9000 ---p 00000000 00:00 0 
7fafa24c9000-7fafa25c9000 rw-p 00000000 00:00 0 
7fafa25c9000-7fafa25ca000 ---p 00000000 00:00 0 
7fafa25ca000-7fafa26e9000 rw-p 00000000 00:00 0 
7fafa26e9000-7fafa28bb000 ---p 00000000 00:00 0 
7fafa28bb000-7fafa28da000 rw-p 00000000 00:00 0 
7fafa28da000-7fafa2aab000 ---p 00000000 00:00 0 
7fafa2aab000-7fafa2ad5000 rw-p 00000000 00:00 0 
7fafa2ad5000-7fafa2ba4000 ---p 00000000 00:00 0 
7fafa2ba4000-7fafa2bc9000 rw-p 00000000 00:00 0 
7fafa2bc9000-7fafa2f65000 ---p 00000000 00:00 0 
7fafa2f65000-7fafa2f7f000 r-xp 00000000 08:01 3450813                    /home/ema/Scaricati/jdk1.8.0_92/jre/lib/amd64/libzip.so
7fafa2f7f000-7fafa317f000 ---p 0001a000 08:01 3450813                    /home/ema/Scaricati/jdk1.8.0_92/jre/lib/amd64/libzip.so
7fafa317f000-7fafa3180000 rw-p 0001a000 08:01 3450813                    /home/ema/Scaricati/jdk1.8.0_92/jre/lib/amd64/libzip.so
7fafa3180000-7fafa318c000 r-xp 00000000 08:01 27267297                   /lib/x86_64-linux-gnu/libnss_files-2.21.so
7fafa318c000-7fafa338b000 ---p 0000c000 08:01 27267297                   /lib/x86_64-linux-gnu/libnss_files-2.21.so
7fafa338b000-7fafa338c000 r--p 0000b000 08:01 27267297                   /lib/x86_64-linux-gnu/libnss_files-2.21.so
7fafa338c000-7fafa338d000 rw-p 0000c000 08:01 27267297                   /lib/x86_64-linux-gnu/libnss_files-2.21.so
7fafa338d000-7fafa3398000 r-xp 00000000 08:01 27267307                   /lib/x86_64-linux-gnu/libnss_nis-2.21.so
7fafa3398000-7fafa3597000 ---p 0000b000 08:01 27267307                   /lib/x86_64-linux-gnu/libnss_nis-2.21.so
7fafa3597000-7fafa3598000 r--p 0000a000 08:01 27267307                   /lib/x86_64-linux-gnu/libnss_nis-2.21.so
7fafa3598000-7fafa3599000 rw-p 0000b000 08:01 27267307                   /lib/x86_64-linux-gnu/libnss_nis-2.21.so
7fafa3599000-7fafa35b0000 r-xp 00000000 08:01 27267291                   /lib/x86_64-linux-gnu/libnsl-2.21.so
7fafa35b0000-7fafa37af000 ---p 00017000 08:01 27267291                   /lib/x86_64-linux-gnu/libnsl-2.21.so
7fafa37af000-7fafa37b0000 r--p 00016000 08:01 27267291                   /lib/x86_64-linux-gnu/libnsl-2.21.so
7fafa37b0000-7fafa37b1000 rw-p 00017000 08:01 27267291                   /lib/x86_64-linux-gnu/libnsl-2.21.so
7fafa37b1000-7fafa37b3000 rw-p 00000000 00:00 0 
7fafa37b3000-7fafa37bb000 r-xp 00000000 08:01 27267293                   /lib/x86_64-linux-gnu/libnss_compat-2.21.so
7fafa37bb000-7fafa39ba000 ---p 00008000 08:01 27267293                   /lib/x86_64-linux-gnu/libnss_compat-2.21.so
7fafa39ba000-7fafa39bb000 r--p 00007000 08:01 27267293                   /lib/x86_64-linux-gnu/libnss_compat-2.21.so
7fafa39bb000-7fafa39bc000 rw-p 00008000 08:01 27267293                   /lib/x86_64-linux-gnu/libnss_compat-2.21.so
7fafa39bc000-7fafa39e6000 r-xp 00000000 08:01 3450807                    /home/ema/Scaricati/jdk1.8.0_92/jre/lib/amd64/libjava.so
7fafa39e6000-7fafa3be6000 ---p 0002a000 08:01 3450807                    /home/ema/Scaricati/jdk1.8.0_92/jre/lib/amd64/libjava.so
7fafa3be6000-7fafa3be8000 rw-p 0002a000 08:01 3450807                    /home/ema/Scaricati/jdk1.8.0_92/jre/lib/amd64/libjava.so
7fafa3be8000-7fafa3bf5000 r-xp 00000000 08:01 3450812                    /home/ema/Scaricati/jdk1.8.0_92/jre/lib/amd64/libverify.so
7fafa3bf5000-7fafa3df5000 ---p 0000d000 08:01 3450812                    /home/ema/Scaricati/jdk1.8.0_92/jre/lib/amd64/libverify.so
7fafa3df5000-7fafa3df7000 rw-p 0000d000 08:01 3450812                    /home/ema/Scaricati/jdk1.8.0_92/jre/lib/amd64/libverify.so
7fafa3df7000-7fafa3dfe000 r-xp 00000000 08:01 27267352                   /lib/x86_64-linux-gnu/librt-2.21.so
7fafa3dfe000-7fafa3ffd000 ---p 00007000 08:01 27267352                   /lib/x86_64-linux-gnu/librt-2.21.so
7fafa3ffd000-7fafa3ffe000 r--p 00006000 08:01 27267352                   /lib/x86_64-linux-gnu/librt-2.21.so
7fafa3ffe000-7fafa3fff000 rw-p 00007000 08:01 27267352                   /lib/x86_64-linux-gnu/librt-2.21.so
7fafa3fff000-7fafa4106000 r-xp 00000000 08:01 27267270                   /lib/x86_64-linux-gnu/libm-2.21.so
7fafa4106000-7fafa4305000 ---p 00107000 08:01 27267270                   /lib/x86_64-linux-gnu/libm-2.21.so
7fafa4305000-7fafa4306000 r--p 00106000 08:01 27267270                   /lib/x86_64-linux-gnu/libm-2.21.so
7fafa4306000-7fafa4307000 rw-p 00107000 08:01 27267270                   /lib/x86_64-linux-gnu/libm-2.21.so
7fafa4307000-7fafa4fca000 r-xp 00000000 08:01 3450788                    /home/ema/Scaricati/jdk1.8.0_92/jre/lib/amd64/server/libjvm.so
7fafa4fca000-7fafa51c9000 ---p 00cc3000 08:01 3450788                    /home/ema/Scaricati/jdk1.8.0_92/jre/lib/amd64/server/libjvm.so
7fafa51c9000-7fafa52a2000 rw-p 00cc2000 08:01 3450788                    /home/ema/Scaricati/jdk1.8.0_92/jre/lib/amd64/server/libjvm.so
7fafa52a2000-7fafa52ed000 rw-p 00000000 00:00 0 
7fafa52ed000-7fafa54ad000 r-xp 00000000 08:01 27267211                   /lib/x86_64-linux-gnu/libc-2.21.so
7fafa54ad000-7fafa56ad000 ---p 001c0000 08:01 27267211                   /lib/x86_64-linux-gnu/libc-2.21.so
7fafa56ad000-7fafa56b1000 r--p 001c0000 08:01 27267211                   /lib/x86_64-linux-gnu/libc-2.21.so
7fafa56b1000-7fafa56b3000 rw-p 001c4000 08:01 27267211                   /lib/x86_64-linux-gnu/libc-2.21.so
7fafa56b3000-7fafa56b7000 rw-p 00000000 00:00 0 
7fafa56b7000-7fafa56ba000 r-xp 00000000 08:01 27267228                   /lib/x86_64-linux-gnu/libdl-2.21.so
7fafa56ba000-7fafa58b9000 ---p 00003000 08:01 27267228                   /lib/x86_64-linux-gnu/libdl-2.21.so
7fafa58b9000-7fafa58ba000 r--p 00002000 08:01 27267228                   /lib/x86_64-linux-gnu/libdl-2.21.so
7fafa58ba000-7fafa58bb000 rw-p 00003000 08:01 27267228                   /lib/x86_64-linux-gnu/libdl-2.21.so
7fafa58bb000-7fafa58d0000 r-xp 00000000 08:01 3450782                    /home/ema/Scaricati/jdk1.8.0_92/jre/lib/amd64/jli/libjli.so
7fafa58d0000-7fafa5ad0000 ---p 00015000 08:01 3450782                    /home/ema/Scaricati/jdk1.8.0_92/jre/lib/amd64/jli/libjli.so
7fafa5ad0000-7fafa5ad1000 rw-p 00015000 08:01 3450782                    /home/ema/Scaricati/jdk1.8.0_92/jre/lib/amd64/jli/libjli.so
7fafa5ad1000-7fafa5ae9000 r-xp 00000000 08:01 27267344                   /lib/x86_64-linux-gnu/libpthread-2.21.so
7fafa5ae9000-7fafa5ce9000 ---p 00018000 08:01 27267344                   /lib/x86_64-linux-gnu/libpthread-2.21.so
7fafa5ce9000-7fafa5cea000 r--p 00018000 08:01 27267344                   /lib/x86_64-linux-gnu/libpthread-2.21.so
7fafa5cea000-7fafa5ceb000 rw-p 00019000 08:01 27267344                   /lib/x86_64-linux-gnu/libpthread-2.21.so
7fafa5ceb000-7fafa5cef000 rw-p 00000000 00:00 0 
7fafa5cef000-7fafa5d13000 r-xp 00000000 08:01 27267183                   /lib/x86_64-linux-gnu/ld-2.21.so
7fafa5d13000-7fafa5d15000 rw-s 1a185e000 00:06 9579                      /dev/dri/card0
7fafa5d15000-7fafa5d16000 rw-s 1b43b7000 00:06 9579                      /dev/dri/card0
7fafa5d16000-7fafa5d17000 rw-s 1b43b6000 00:06 9579                      /dev/dri/card0
7fafa5d17000-7fafa5d18000 rwxp 00000000 00:00 0 
7fafa5d18000-7fafa5d19000 rw-s 196507000 00:06 9579                      /dev/dri/card0
7fafa5d19000-7fafa5d1b000 r--s 00000000 08:01 3540406                    /home/ema/Dropbox/ACCADEMIC/Programmi/Java/ucsdunfoldingmaps/lib/gluegen-rt-natives-linux-amd64.jar
7fafa5d1b000-7fafa5d1f000 r--s 00097000 08:01 3450594                    /home/ema/Scaricati/jdk1.8.0_92/jre/lib/jsse.jar
7fafa5d1f000-7fafa5d25000 r--s 00033000 08:01 3540448                    /home/ema/Dropbox/ACCADEMIC/Programmi/Java/ucsdunfoldingmaps/lib/unfolding.0.9.7-uscd.jar
7fafa5d25000-7fafa5de7000 rw-p 00000000 00:00 0 
7fafa5de7000-7fafa5dea000 ---p 00000000 00:00 0 
7fafa5dea000-7fafa5eec000 rw-p 00000000 00:00 0 
7fafa5eec000-7fafa5eed000 r--s 0002f000 08:01 3540414                    /home/ema/Dropbox/ACCADEMIC/Programmi/Java/ucsdunfoldingmaps/lib/jogl-all-natives-linux-amd64.jar
7fafa5eed000-7fafa5eee000 r--p 00000000 00:00 0 
7fafa5eee000-7fafa5eef000 r--s 00005000 08:01 3540435                    /home/ema/Dropbox/ACCADEMIC/Programmi/Java/ucsdunfoldingmaps/lib/libTUIO.jar
7fafa5eef000-7fafa5ef0000 r--s 00007000 08:01 3540430                    /home/ema/Dropbox/ACCADEMIC/Programmi/Java/ucsdunfoldingmaps/lib/json4processing.jar
7fafa5ef0000-7fafa5ef5000 r--s 00309000 08:01 3540440                    /home/ema/Dropbox/ACCADEMIC/Programmi/Java/ucsdunfoldingmaps/lib/sqlite-jdbc-3.7.2.jar
7fafa5ef5000-7fafa5efc000 r--s 00059000 08:01 3540436                    /home/ema/Dropbox/ACCADEMIC/Programmi/Java/ucsdunfoldingmaps/lib/log4j-1.2.15.jar
7fafa5efc000-7fafa5f02000 r--s 00041000 08:01 3540413                    /home/ema/Dropbox/ACCADEMIC/Programmi/Java/ucsdunfoldingmaps/lib/gluegen-rt.jar
7fafa5f02000-7fafa5f06000 r--s 0009a000 08:01 3540405                    /home/ema/Dropbox/ACCADEMIC/Programmi/Java/ucsdunfoldingmaps/lib/core.jar
7fafa5f06000-7fafa5f0e000 rw-s 00000000 08:01 28311657                   /tmp/hsperfdata_ema/25682
7fafa5f0e000-7fafa5f0f000 rw-p 00000000 00:00 0 
7fafa5f0f000-7fafa5f10000 r--p 00000000 00:00 0 
7fafa5f10000-7fafa5f12000 rw-p 00000000 00:00 0 
7fafa5f12000-7fafa5f13000 r--p 00023000 08:01 27267183                   /lib/x86_64-linux-gnu/ld-2.21.so
7fafa5f13000-7fafa5f14000 rw-p 00024000 08:01 27267183                   /lib/x86_64-linux-gnu/ld-2.21.so
7fafa5f14000-7fafa5f15000 rw-p 00000000 00:00 0 
7ffcf0808000-7ffcf0829000 rw-p 00000000 00:00 0                          [stack]
7ffcf09e2000-7ffcf09e4000 r--p 00000000 00:00 0                          [vvar]
7ffcf09e4000-7ffcf09e6000 r-xp 00000000 00:00 0                          [vdso]
ffffffffff600000-ffffffffff601000 r-xp 00000000 00:00 0                  [vsyscall]

VM Arguments:
jvm_args: -Djava.security.policy=java.policy.applet -Dfile.encoding=UTF-8 
java_command: sun.applet.AppletViewer module3.EarthquakeCityMap1475829410502.html
java_class_path (initial): /home/ema/Dropbox/ACCADEMIC/Programmi/Java/ucsdunfoldingmaps/build:/home/ema/Dropbox/ACCADEMIC/Programmi/Java/ucsdunfoldingmaps/lib/core.jar:/home/ema/Dropbox/ACCADEMIC/Programmi/Java/ucsdunfoldingmaps/lib/gluegen-rt.jar:/home/ema/Dropbox/ACCADEMIC/Programmi/Java/ucsdunfoldingmaps/lib/jogl-all.jar:/home/ema/Dropbox/ACCADEMIC/Programmi/Java/ucsdunfoldingmaps/lib/log4j-1.2.15.jar:/home/ema/Dropbox/ACCADEMIC/Programmi/Java/ucsdunfoldingmaps/lib/sqlite-jdbc-3.7.2.jar:/home/ema/Dropbox/ACCADEMIC/Programmi/Java/ucsdunfoldingmaps/lib/json4processing.jar:/home/ema/Dropbox/ACCADEMIC/Programmi/Java/ucsdunfoldingmaps/lib/libTUIO.jar:/home/ema/Dropbox/ACCADEMIC/Programmi/Java/ucsdunfoldingmaps/lib/unfolding.0.9.7-uscd.jar
Launcher Type: SUN_STANDARD

Environment Variables:
PATH=/usr/local/sbin:/usr/local/bin:/usr/sbin:/usr/bin:/sbin:/bin:/usr/games:/usr/local/games
SHELL=/bin/bash
DISPLAY=:0

Signal Handlers:
SIGSEGV: [libjvm.so+0xabdee0], sa_mask[0]=11111111011111111101111111111110, sa_flags=SA_RESTART|SA_SIGINFO
SIGBUS: [libjvm.so+0xabdee0], sa_mask[0]=11111111011111111101111111111110, sa_flags=SA_RESTART|SA_SIGINFO
SIGFPE: [libjvm.so+0x91a580], sa_mask[0]=11111111011111111101111111111110, sa_flags=SA_RESTART|SA_SIGINFO
SIGPIPE: [libjvm.so+0x91a580], sa_mask[0]=11111111011111111101111111111110, sa_flags=SA_RESTART|SA_SIGINFO
SIGXFSZ: [libjvm.so+0x91a580], sa_mask[0]=11111111011111111101111111111110, sa_flags=SA_RESTART|SA_SIGINFO
SIGILL: [libjvm.so+0x91a580], sa_mask[0]=11111111011111111101111111111110, sa_flags=SA_RESTART|SA_SIGINFO
SIGUSR1: SIG_DFL, sa_mask[0]=00000000000000000000000000000000, sa_flags=none
SIGUSR2: [libjvm.so+0x91bbb0], sa_mask[0]=00100000000000000000000000000000, sa_flags=SA_RESTART|SA_SIGINFO
SIGHUP: [libjvm.so+0x91cfb0], sa_mask[0]=11111111011111111101111111111110, sa_flags=SA_RESTART|SA_SIGINFO
SIGINT: [libjvm.so+0x91cfb0], sa_mask[0]=11111111011111111101111111111110, sa_flags=SA_RESTART|SA_SIGINFO
SIGTERM: [libjvm.so+0x91cfb0], sa_mask[0]=11111111011111111101111111111110, sa_flags=SA_RESTART|SA_SIGINFO
SIGQUIT: [libjvm.so+0x91cfb0], sa_mask[0]=11111111011111111101111111111110, sa_flags=SA_RESTART|SA_SIGINFO


---------------  S Y S T E M  ---------------

OS:DISTRIB_ID=Ubuntu
DISTRIB_RELEASE=15.04
DISTRIB_CODENAME=vivid
DISTRIB_DESCRIPTION="Ubuntu 15.04"

uname:Linux 3.19.0-69-generic #77-Ubuntu SMP Mon Aug 29 19:53:54 UTC 2016 x86_64
libc:glibc 2.21 NPTL 2.21 
rlimit: STACK 8192k, CORE 0k, NPROC 23746, NOFILE 65536, AS infinity
load average:0,52 0,55 0,57

/proc/meminfo:
MemTotal:        6101264 kB
MemFree:         1479164 kB
MemAvailable:    3005832 kB
Buffers:          706428 kB
Cached:           994960 kB
SwapCached:            0 kB
Active:          3721864 kB
Inactive:         621044 kB
Active(anon):    2645916 kB
Inactive(anon):    41092 kB
Active(file):    1075948 kB
Inactive(file):   579952 kB
Unevictable:          60 kB
Mlocked:              60 kB
SwapTotal:             0 kB
SwapFree:              0 kB
Dirty:              1644 kB
Writeback:             0 kB
AnonPages:       2641660 kB
Mapped:           434408 kB
Shmem:             45492 kB
Slab:             129852 kB
SReclaimable:      79424 kB
SUnreclaim:        50428 kB
KernelStack:       12064 kB
PageTables:        38396 kB
NFS_Unstable:          0 kB
Bounce:                0 kB
WritebackTmp:          0 kB
CommitLimit:     3050632 kB
Committed_AS:    7298892 kB
VmallocTotal:   34359738367 kB
VmallocUsed:      316036 kB
VmallocChunk:   34359319508 kB
HardwareCorrupted:     0 kB
AnonHugePages:   1214464 kB
CmaTotal:              0 kB
CmaFree:               0 kB
HugePages_Total:       0
HugePages_Free:        0
HugePages_Rsvd:        0
HugePages_Surp:        0
Hugepagesize:       2048 kB
DirectMap4k:      187904 kB
DirectMap2M:     6094848 kB


CPU:total 8 (4 cores per cpu, 2 threads per core) family 6 model 26 stepping 5, cmov, cx8, fxsr, mmx, sse, sse2, sse3, ssse3, sse4.1, sse4.2, popcnt, ht, tsc, tscinvbit, tscinv

/proc/cpuinfo:
processor	: 0
vendor_id	: GenuineIntel
cpu family	: 6
model		: 26
model name	: Intel(R) Core(TM) i7 CPU         920  @ 2.67GHz
stepping	: 5
microcode	: 0xf
cpu MHz		: 1600.000
cache size	: 8192 KB
physical id	: 0
siblings	: 8
core id		: 0
cpu cores	: 4
apicid		: 0
initial apicid	: 0
fpu		: yes
fpu_exception	: yes
cpuid level	: 11
wp		: yes
flags		: fpu vme de pse tsc msr pae mce cx8 apic sep mtrr pge mca cmov pat pse36 clflush dts acpi mmx fxsr sse sse2 ss ht tm pbe syscall nx rdtscp lm constant_tsc arch_perfmon pebs bts rep_good nopl xtopology nonstop_tsc aperfmperf pni dtes64 monitor ds_cpl vmx est tm2 ssse3 cx16 xtpr pdcm sse4_1 sse4_2 popcnt lahf_lm ida dtherm tpr_shadow vnmi flexpriority ept vpid
bugs		:
bogomips	: 5344.97
clflush size	: 64
cache_alignment	: 64
address sizes	: 36 bits physical, 48 bits virtual
power management:

processor	: 1
vendor_id	: GenuineIntel
cpu family	: 6
model		: 26
model name	: Intel(R) Core(TM) i7 CPU         920  @ 2.67GHz
stepping	: 5
microcode	: 0xf
cpu MHz		: 1867.000
cache size	: 8192 KB
physical id	: 0
siblings	: 8
core id		: 1
cpu cores	: 4
apicid		: 2
initial apicid	: 2
fpu		: yes
fpu_exception	: yes
cpuid level	: 11
wp		: yes
flags		: fpu vme de pse tsc msr pae mce cx8 apic sep mtrr pge mca cmov pat pse36 clflush dts acpi mmx fxsr sse sse2 ss ht tm pbe syscall nx rdtscp lm constant_tsc arch_perfmon pebs bts rep_good nopl xtopology nonstop_tsc aperfmperf pni dtes64 monitor ds_cpl vmx est tm2 ssse3 cx16 xtpr pdcm sse4_1 sse4_2 popcnt lahf_lm ida dtherm tpr_shadow vnmi flexpriority ept vpid
bugs		:
bogomips	: 5344.97
clflush size	: 64
cache_alignment	: 64
address sizes	: 36 bits physical, 48 bits virtual
power management:

processor	: 2
vendor_id	: GenuineIntel
cpu family	: 6
model		: 26
model name	: Intel(R) Core(TM) i7 CPU         920  @ 2.67GHz
stepping	: 5
microcode	: 0xf
cpu MHz		: 1733.000
cache size	: 8192 KB
physical id	: 0
siblings	: 8
core id		: 2
cpu cores	: 4
apicid		: 4
initial apicid	: 4
fpu		: yes
fpu_exception	: yes
cpuid level	: 11
wp		: yes
flags		: fpu vme de pse tsc msr pae mce cx8 apic sep mtrr pge mca cmov pat pse36 clflush dts acpi mmx fxsr sse sse2 ss ht tm pbe syscall nx rdtscp lm constant_tsc arch_perfmon pebs bts rep_good nopl xtopology nonstop_tsc aperfmperf pni dtes64 monitor ds_cpl vmx est tm2 ssse3 cx16 xtpr pdcm sse4_1 sse4_2 popcnt lahf_lm ida dtherm tpr_shadow vnmi flexpriority ept vpid
bugs		:
bogomips	: 5344.97
clflush size	: 64
cache_alignment	: 64
address sizes	: 36 bits physical, 48 bits virtual
power management:

processor	: 3
vendor_id	: GenuineIntel
cpu family	: 6
model		: 26
model name	: Intel(R) Core(TM) i7 CPU         920  @ 2.67GHz
stepping	: 5
microcode	: 0xf
cpu MHz		: 2668.000
cache size	: 8192 KB
physical id	: 0
siblings	: 8
core id		: 3
cpu cores	: 4
apicid		: 6
initial apicid	: 6
fpu		: yes
fpu_exception	: yes
cpuid level	: 11
wp		: yes
flags		: fpu vme de pse tsc msr pae mce cx8 apic sep mtrr pge mca cmov pat pse36 clflush dts acpi mmx fxsr sse sse2 ss ht tm pbe syscall nx rdtscp lm constant_tsc arch_perfmon pebs bts rep_good nopl xtopology nonstop_tsc aperfmperf pni dtes64 monitor ds_cpl vmx est tm2 ssse3 cx16 xtpr pdcm sse4_1 sse4_2 popcnt lahf_lm ida dtherm tpr_shadow vnmi flexpriority ept vpid
bugs		:
bogomips	: 5344.97
clflush size	: 64
cache_alignment	: 64
address sizes	: 36 bits physical, 48 bits virtual
power management:

processor	: 4
vendor_id	: GenuineIntel
cpu family	: 6
model		: 26
model name	: Intel(R) Core(TM) i7 CPU         920  @ 2.67GHz
stepping	: 5
microcode	: 0xf
cpu MHz		: 1867.000
cache size	: 8192 KB
physical id	: 0
siblings	: 8
core id		: 0
cpu cores	: 4
apicid		: 1
initial apicid	: 1
fpu		: yes
fpu_exception	: yes
cpuid level	: 11
wp		: yes
flags		: fpu vme de pse tsc msr pae mce cx8 apic sep mtrr pge mca cmov pat pse36 clflush dts acpi mmx fxsr sse sse2 ss ht tm pbe syscall nx rdtscp lm constant_tsc arch_perfmon pebs bts rep_good nopl xtopology nonstop_tsc aperfmperf pni dtes64 monitor ds_cpl vmx est tm2 ssse3 cx16 xtpr pdcm sse4_1 sse4_2 popcnt lahf_lm ida dtherm tpr_shadow vnmi flexpriority ept vpid
bugs		:
bogomips	: 5344.97
clflush size	: 64
cache_alignment	: 64
address sizes	: 36 bits physical, 48 bits virtual
power management:

processor	: 5
vendor_id	: GenuineIntel
cpu family	: 6
model		: 26
model name	: Intel(R) Core(TM) i7 CPU         920  @ 2.67GHz
stepping	: 5
microcode	: 0xf
cpu MHz		: 1600.000
cache size	: 8192 KB
physical id	: 0
siblings	: 8
core id		: 1
cpu cores	: 4
apicid		: 3
initial apicid	: 3
fpu		: yes
fpu_exception	: yes
cpuid level	: 11
wp		: yes
flags		: fpu vme de pse tsc msr pae mce cx8 apic sep mtrr pge mca cmov pat pse36 clflush dts acpi mmx fxsr sse sse2 ss ht tm pbe syscall nx rdtscp lm constant_tsc arch_perfmon pebs bts rep_good nopl xtopology nonstop_tsc aperfmperf pni dtes64 monitor ds_cpl vmx est tm2 ssse3 cx16 xtpr pdcm sse4_1 sse4_2 popcnt lahf_lm ida dtherm tpr_shadow vnmi flexpriority ept vpid
bugs		:
bogomips	: 5344.97
clflush size	: 64
cache_alignment	: 64
address sizes	: 36 bits physical, 48 bits virtual
power management:

processor	: 6
vendor_id	: GenuineIntel
cpu family	: 6
model		: 26
model name	: Intel(R) Core(TM) i7 CPU         920  @ 2.67GHz
stepping	: 5
microcode	: 0xf
cpu MHz		: 1600.000
cache size	: 8192 KB
physical id	: 0
siblings	: 8
core id		: 2
cpu cores	: 4
apicid		: 5
initial apicid	: 5
fpu		: yes
fpu_exception	: yes
cpuid level	: 11
wp		: yes
flags		: fpu vme de pse tsc msr pae mce cx8 apic sep mtrr pge mca cmov pat pse36 clflush dts acpi mmx fxsr sse sse2 ss ht tm pbe syscall nx rdtscp lm constant_tsc arch_perfmon pebs bts rep_good nopl xtopology nonstop_tsc aperfmperf pni dtes64 monitor ds_cpl vmx est tm2 ssse3 cx16 xtpr pdcm sse4_1 sse4_2 popcnt lahf_lm ida dtherm tpr_shadow vnmi flexpriority ept vpid
bugs		:
bogomips	: 5344.97
clflush size	: 64
cache_alignment	: 64
address sizes	: 36 bits physical, 48 bits virtual
power management:

processor	: 7
vendor_id	: GenuineIntel
cpu family	: 6
model		: 26
model name	: Intel(R) Core(TM) i7 CPU         920  @ 2.67GHz
stepping	: 5
microcode	: 0xf
cpu MHz		: 2533.000
cache size	: 8192 KB
physical id	: 0
siblings	: 8
core id		: 3
cpu cores	: 4
apicid		: 7
initial apicid	: 7
fpu		: yes
fpu_exception	: yes
cpuid level	: 11
wp		: yes
flags		: fpu vme de pse tsc msr pae mce cx8 apic sep mtrr pge mca cmov pat pse36 clflush dts acpi mmx fxsr sse sse2 ss ht tm pbe syscall nx rdtscp lm constant_tsc arch_perfmon pebs bts rep_good nopl xtopology nonstop_tsc aperfmperf pni dtes64 monitor ds_cpl vmx est tm2 ssse3 cx16 xtpr pdcm sse4_1 sse4_2 popcnt lahf_lm ida dtherm tpr_shadow vnmi flexpriority ept vpid
bugs		:
bogomips	: 5344.97
clflush size	: 64
cache_alignment	: 64
address sizes	: 36 bits physical, 48 bits virtual
power management:



Memory: 4k page, physical 6101264k(1479164k free), swap 0k(0k free)

vm_info: Java HotSpot(TM) 64-Bit Server VM (25.92-b14) for linux-amd64 JRE (1.8.0_92-b14), built on Mar 31 2016 21:08:29 by "java_re" with gcc 4.3.0 20080428 (Red Hat 4.3.0-8)

time: Fri Oct  7 10:37:09 2016
elapsed time: 18 seconds (0d 0h 0m 18s)

