#
# A fatal error has been detected by the Java Runtime Environment:
#
#  SIGSEGV (0xb) at pc=0x00007f78972ce987, pid=24912, tid=0x00007f78a7fff700
#
# JRE version: Java(TM) SE Runtime Environment (8.0_92-b14) (build 1.8.0_92-b14)
# Java VM: Java HotSpot(TM) 64-Bit Server VM (25.92-b14 mixed mode linux-amd64 compressed oops)
# Problematic frame:
# C  [nouveau_dri.so+0x29e987]
#
# Failed to write core dump. Core dumps have been disabled. To enable core dumping, try "ulimit -c unlimited" before starting Java again
#
# If you would like to submit a bug report, please visit:
#   http://bugreport.java.com/bugreport/crash.jsp
# The crash happened outside the Java Virtual Machine in native code.
# See problematic frame for where to report the bug.
#

---------------  T H R E A D  ---------------

Current thread (0x00007f78b4008800):  JavaThread "AWT-EventQueue-1" [_thread_in_native, id=24944, stack(0x00007f78a7eff000,0x00007f78a8000000)]

siginfo: si_signo: 11 (SIGSEGV), si_code: 1 (SEGV_MAPERR), si_addr: 0x000000000000c030

Registers:
RAX=0x0000000000000000, RBX=0x00007f78a00c2040, RCX=0x0000000000000000, RDX=0x0000000000000001
RSP=0x00007f78a7ffd560, RBP=0x000000000000c000, RSI=0x00007f78a00c28f0, RDI=0x0000000100000000
R8 =0x0000000000000000, R9 =0x00007f78a6899c60, R10=0x00007f790d81ed07, R11=0x00000000a3aecc50
R12=0x0000000000000001, R13=0x00007f7898153bc0, R14=0x0000000000000000, R15=0x0000000000000001
RIP=0x00007f78972ce987, EFLAGS=0x0000000000010206, CSGSFS=0x0000000000000033, ERR=0x0000000000000004
  TRAPNO=0x000000000000000e

Top of Stack: (sp=0x00007f78a7ffd560)
0x00007f78a7ffd560:   00007f78a7ffd5b0 00007f790d80067c
0x00007f78a7ffd570:   00000000e1bc72d8 64d6a3ee66afa100
0x00007f78a7ffd580:   00000000a3ae6650 00007f78a00c1f10
0x00007f78a7ffd590:   0000000000000000 00007f7898154070
0x00007f78a7ffd5a0:   00007f7898153bc0 00007f7898154220
0x00007f78a7ffd5b0:   0000000000000000 00007f78a6899d02
0x00007f78a7ffd5c0:   00007f78a7ffd5f0 00007f7800000000
0x00007f78a7ffd5d0:   0000000000000000 0000000000000000
0x00007f78a7ffd5e0:   000000000440004d 00007f78a686bbf1
0x00007f78a7ffd5f0:   00007f78a00c1f10 64d6a3ee66afa100
0x00007f78a7ffd600:   000000000440004d 00007f78a686bc20
0x00007f78a7ffd610:   00007f78a7ffd680 0000000000000000
0x00007f78a7ffd620:   0000000000000001 00007f78a7ffd6c0
0x00007f78a7ffd630:   00007f78b4008800 00007f78a4fa6849
0x00007f78a7ffd640:   00007f78a7ffd928 00007f78a686bc20
0x00007f78a7ffd650:   000000000440004d 00007f7898158570
0x00007f78a7ffd660:   00007f78a7ffd6c0 00007f78b40089f8
0x00007f78a7ffd670:   00007f78a7ffd6d0 00007f78a686bc20
0x00007f78a7ffd680:   00007f78a7ffd6d0 00007f790d81ed7d
0x00007f78a7ffd690:   00000000e1bc7238 00000000e1bc7288
0x00007f78a7ffd6a0:   00000000e1bc7278 0000000000000003
0x00007f78a7ffd6b0:   00000000e1bc7298 00000000e1bc72e8
0x00007f78a7ffd6c0:   00000000a3332eb0 00000000e1bc72f8
0x00007f78a7ffd6d0:   00007f78a7ffd928 00007f790d823f94
0x00007f78a7ffd6e0:   00007f7920d53000 00000000a3aed158
0x00007f78a7ffd6f0:   00000000e1bc73e0 00007f78a7ffd8e0
0x00007f78a7ffd700:   0000000000000019 00007f790d021043
0x00007f78a7ffd710:   00007f78a7ffd928 00007f790d7049c4
0x00007f78a7ffd720:   00007f78a7ffd928 00007f78a7ffd8e0
0x00007f78a7ffd730:   00007f78a7ffd8e0 00007f790d021043
0x00007f78a7ffd740:   00007f790d0055d0 00007f7800000000
0x00007f78a7ffd750:   00007f78a7ffd928 00007f78a7ffd8e0 

Instructions: (pc=0x00007f78972ce987)
0x00007f78972ce967:   00 41 f6 c4 01 c6 44 24 0f 00 0f 84 c9 00 00 00
0x00007f78972ce977:   48 8b b3 30 01 00 00 48 85 f6 0f 84 b9 00 00 00
0x00007f78972ce987:   48 8b 55 30 45 85 f6 4c 8b 6a 18 0f 85 40 02 00
0x00007f78972ce997:   00 83 7b 38 01 0f 8e 36 02 00 00 48 8b 93 68 01 

Register to memory mapping:

RAX=0x0000000000000000 is an unknown value
RBX=0x00007f78a00c2040 is an unknown value
RCX=0x0000000000000000 is an unknown value
RDX=0x0000000000000001 is an unknown value
RSP=0x00007f78a7ffd560 is pointing into the stack for thread: 0x00007f78b4008800
RBP=0x000000000000c000 is an unknown value
RSI=0x00007f78a00c28f0 is an unknown value
RDI=0x0000000100000000 is pointing into metadata
R8 =0x0000000000000000 is an unknown value
R9 =0x00007f78a6899c60: <offset 0x4ac60> in /usr/lib/x86_64-linux-gnu/mesa/libGL.so.1 at 0x00007f78a684f000
R10=0x00007f790d81ed07 is at entry_point+71 in (nmethod*)0x00007f790d81eb50
R11=0x00000000a3aecc50 is an oop
jogamp.nativewindow.jawt.x11.X11JAWTWindow 
 - klass: 'jogamp/nativewindow/jawt/x11/X11JAWTWindow'
R12=0x0000000000000001 is an unknown value
R13=0x00007f7898153bc0 is an unknown value
R14=0x0000000000000000 is an unknown value
R15=0x0000000000000001 is an unknown value


Stack: [0x00007f78a7eff000,0x00007f78a8000000],  sp=0x00007f78a7ffd560,  free space=1017k
Native frames: (J=compiled Java code, j=interpreted, Vv=VM code, C=native code)
C  [nouveau_dri.so+0x29e987]

Java frames: (J=compiled Java code, j=interpreted, Vv=VM code)
J 2304  jogamp.opengl.x11.glx.GLX.dispatch_glXSwapBuffers0(JJJ)V (0 bytes) @ 0x00007f790d81ed07 [0x00007f790d81ecc0+0x47]
J 2303 C1 jogamp.opengl.x11.glx.GLX.glXSwapBuffers(JJ)V (45 bytes) @ 0x00007f790d823f94 [0x00007f790d8235e0+0x9b4]
J 2293 C1 jogamp.opengl.x11.glx.X11GLXDrawable.swapBuffersImpl(Z)V (21 bytes) @ 0x00007f790d81d284 [0x00007f790d81cfe0+0x2a4]
J 2138 C1 jogamp.opengl.GLDrawableImpl.swapBuffers()V (138 bytes) @ 0x00007f790d786bdc [0x00007f790d786520+0x6bc]
j  javax.media.opengl.awt.GLCanvas$12.run()V+45
J 2010 C1 java.awt.event.InvocationEvent.dispatch()V (69 bytes) @ 0x00007f790d72228c [0x00007f790d722140+0x14c]
J 2003 C1 java.awt.EventQueue.dispatchEventImpl(Ljava/awt/AWTEvent;Ljava/lang/Object;)V (149 bytes) @ 0x00007f790d720e7c [0x00007f790d71f300+0x1b7c]
J 2001 C1 java.awt.EventQueue$3.run()Ljava/lang/Void; (60 bytes) @ 0x00007f790d71e704 [0x00007f790d71e500+0x204]
J 1805 C1 java.awt.EventQueue$3.run()Ljava/lang/Object; (5 bytes) @ 0x00007f790d68c08c [0x00007f790d68c000+0x8c]
v  ~StubRoutines::call_stub
J 454  java.security.AccessController.doPrivileged(Ljava/security/PrivilegedAction;Ljava/security/AccessControlContext;)Ljava/lang/Object; (0 bytes) @ 0x00007f790d207523 [0x00007f790d2074c0+0x63]
J 1804 C1 java.awt.EventQueue.dispatchEvent(Ljava/awt/AWTEvent;)V (80 bytes) @ 0x00007f790d68cf04 [0x00007f790d68c580+0x984]
J 1806 C1 java.awt.EventDispatchThread.pumpOneEventForFilters(I)V (295 bytes) @ 0x00007f790d690a94 [0x00007f790d68ef40+0x1b54]
j  java.awt.EventDispatchThread.pumpEventsForFilter(ILjava/awt/Conditional;Ljava/awt/EventFilter;)V+35
j  java.awt.EventDispatchThread.pumpEventsForHierarchy(ILjava/awt/Conditional;Ljava/awt/Component;)V+11
j  java.awt.EventDispatchThread.pumpEvents(ILjava/awt/Conditional;)V+4
j  java.awt.EventDispatchThread.pumpEvents(Ljava/awt/Conditional;)V+3
j  java.awt.EventDispatchThread.run()V+9
v  ~StubRoutines::call_stub

---------------  P R O C E S S  ---------------

Java Threads: ( => current thread )
  0x00007f78a005f000 JavaThread "Thread-19" [_thread_blocked, id=25064, stack(0x00007f788df08000,0x00007f788e009000)]
  0x00007f7898138000 JavaThread "Animation Thread-SharedResourceRunner" daemon [_thread_blocked, id=24955, stack(0x00007f78a78fd000,0x00007f78a79fe000)]
  0x00007f78980b0000 JavaThread "process reaper" daemon [_thread_blocked, id=24949, stack(0x00007f790c07c000,0x00007f790c0b5000)]
  0x00007f78b400e800 JavaThread "Animation Thread" [_thread_blocked, id=24945, stack(0x00007f78a7bfe000,0x00007f78a7cff000)]
=>0x00007f78b4008800 JavaThread "AWT-EventQueue-1" [_thread_in_native, id=24944, stack(0x00007f78a7eff000,0x00007f78a8000000)]
  0x00007f791c00a000 JavaThread "DestroyJavaVM" [_thread_blocked, id=24918, stack(0x00007f7924796000,0x00007f7924897000)]
  0x00007f791c2c6000 JavaThread "AWT-EventQueue-0" [_thread_blocked, id=24942, stack(0x00007f78e49af000,0x00007f78e4ab0000)]
  0x00007f791c2c1800 JavaThread "AWT-Shutdown" [_thread_blocked, id=24941, stack(0x00007f78e4ab0000,0x00007f78e4bb1000)]
  0x00007f791c2ae000 JavaThread "thread applet-module3.EarthquakeCityMap.class" [_thread_blocked, id=24940, stack(0x00007f78e4bb1000,0x00007f78e4cb2000)]
  0x00007f791c2a1000 JavaThread "AWT-XAWT" daemon [_thread_blocked, id=24938, stack(0x00007f78e4cb2000,0x00007f78e4db3000)]
  0x00007f791c27b800 JavaThread "Java2D Disposer" daemon [_thread_blocked, id=24937, stack(0x00007f78e51c3000,0x00007f78e52c4000)]
  0x00007f791c0de000 JavaThread "Service Thread" daemon [_thread_blocked, id=24935, stack(0x00007f78e6f13000,0x00007f78e7014000)]
  0x00007f791c0c9000 JavaThread "C1 CompilerThread3" daemon [_thread_blocked, id=24934, stack(0x00007f78e7014000,0x00007f78e7115000)]
  0x00007f791c0c6800 JavaThread "C2 CompilerThread2" daemon [_thread_blocked, id=24933, stack(0x00007f78e7115000,0x00007f78e7216000)]
  0x00007f791c0c5000 JavaThread "C2 CompilerThread1" daemon [_thread_blocked, id=24932, stack(0x00007f78e7216000,0x00007f78e7317000)]
  0x00007f791c0c2000 JavaThread "C2 CompilerThread0" daemon [_thread_blocked, id=24931, stack(0x00007f78e7317000,0x00007f78e7418000)]
  0x00007f791c0c0800 JavaThread "Signal Dispatcher" daemon [_thread_blocked, id=24930, stack(0x00007f78e7418000,0x00007f78e7519000)]
  0x00007f791c08d000 JavaThread "Finalizer" daemon [_thread_blocked, id=24929, stack(0x00007f78e7bfc000,0x00007f78e7cfd000)]
  0x00007f791c088000 JavaThread "Reference Handler" daemon [_thread_blocked, id=24928, stack(0x00007f78e7cfd000,0x00007f78e7dfe000)]

Other Threads:
  0x00007f791c080800 VMThread [stack: 0x00007f78e7dfe000,0x00007f78e7eff000] [id=24927]
  0x00007f791c0e1000 WatcherThread [stack: 0x00007f78e6e12000,0x00007f78e6f13000] [id=24936]

VM state:not at safepoint (normal execution)

VM Mutex/Monitor currently owned by a thread: None

Heap:
 PSYoungGen      total 76800K, used 14809K [0x00000000e0f80000, 0x00000000e6c80000, 0x0000000100000000)
  eden space 65536K, 22% used [0x00000000e0f80000,0x00000000e1de6488,0x00000000e4f80000)
  from space 11264K, 0% used [0x00000000e6180000,0x00000000e6190000,0x00000000e6c80000)
  to   space 14848K, 0% used [0x00000000e4f80000,0x00000000e4f80000,0x00000000e5e00000)
 ParOldGen       total 65024K, used 16670K [0x00000000a2e00000, 0x00000000a6d80000, 0x00000000e0f80000)
  object space 65024K, 25% used [0x00000000a2e00000,0x00000000a3e47bf0,0x00000000a6d80000)
 Metaspace       used 20857K, capacity 21111K, committed 21552K, reserved 1069056K
  class space    used 1963K, capacity 2057K, committed 2176K, reserved 1048576K

Card table byte_map: [0x00007f792126a000,0x00007f7921554000] byte_map_base: 0x00007f7920d53000

Marking Bits: (ParMarkBitMap*) 0x00007f7923c6f4c0
 Begin Bits: [0x00007f78ed170000, 0x00007f78ee8b8000)
 End Bits:   [0x00007f78ee8b8000, 0x00007f78f0000000)

Polling page: 0x00007f79248be000

CodeCache: size=245760Kb used=8691Kb max_used=8692Kb free=237068Kb
 bounds [0x00007f790d000000, 0x00007f790d890000, 0x00007f791c000000]
 total_blobs=3341 nmethods=2378 adapters=877
 compilation: enabled

Compilation events (10 events):
Event: 49,210 Thread 0x00007f791c0c9000 nmethod 2373 0x00007f790d85e250 code [0x00007f790d85e3e0, 0x00007f790d85e728]
Event: 49,210 Thread 0x00007f791c0c9000 2374       3       sun.awt.X11.XMotionEvent::get_y_root (20 bytes)
Event: 49,211 Thread 0x00007f791c0c9000 nmethod 2374 0x00007f790d85dbd0 code [0x00007f790d85dd60, 0x00007f790d85e0a8]
Event: 49,933 Thread 0x00007f791c0c9000 2375   !   3       java.awt.EventQueue::isDispatchThreadImpl (99 bytes)
Event: 49,935 Thread 0x00007f791c0c9000 nmethod 2375 0x00007f790d85bd10 code [0x00007f790d85bf20, 0x00007f790d85ca48]
Event: 50,507 Thread 0x00007f791c0c9000 2376       3       sun.java2d.xr.GrowableEltArray::getCharCnt (13 bytes)
Event: 50,508 Thread 0x00007f791c0c9000 nmethod 2376 0x00007f790d85b850 code [0x00007f790d85b9c0, 0x00007f790d85bc10]
Event: 50,508 Thread 0x00007f791c0c9000 2377       3       sun.font.XRGlyphCacheEntry::getXAdvance (16 bytes)
Event: 50,508 Thread 0x00007f791c0c9000 nmethod 2377 0x00007f790d85b510 code [0x00007f790d85b680, 0x00007f790d85b7f0]
Event: 50,508 Thread 0x00007f791c0c9000 2378       3       sun.font.XRGlyphCacheEntry::getYAdvance (16 bytes)

GC Heap History (10 events):
Event: 5,387 GC heap before
{Heap before GC invocations=3 (full 0):
 PSYoungGen      total 52736K, used 52724K [0x00000000e0f80000, 0x00000000e4680000, 0x0000000100000000)
  eden space 49152K, 100% used [0x00000000e0f80000,0x00000000e3f80000,0x00000000e3f80000)
  from space 3584K, 99% used [0x00000000e4300000,0x00000000e467d280,0x00000000e4680000)
  to   space 3584K, 0% used [0x00000000e3f80000,0x00000000e3f80000,0x00000000e4300000)
 ParOldGen       total 64512K, used 5654K [0x00000000a2e00000, 0x00000000a6d00000, 0x00000000e0f80000)
  object space 64512K, 8% used [0x00000000a2e00000,0x00000000a33859e0,0x00000000a6d00000)
 Metaspace       used 20613K, capacity 20919K, committed 21296K, reserved 1069056K
  class space    used 1961K, capacity 2057K, committed 2176K, reserved 1048576K
Event: 5,398 GC heap after
Heap after GC invocations=3 (full 0):
 PSYoungGen      total 52736K, used 3572K [0x00000000e0f80000, 0x00000000e4680000, 0x0000000100000000)
  eden space 49152K, 0% used [0x00000000e0f80000,0x00000000e0f80000,0x00000000e3f80000)
  from space 3584K, 99% used [0x00000000e3f80000,0x00000000e42fd290,0x00000000e4300000)
  to   space 3584K, 0% used [0x00000000e4300000,0x00000000e4300000,0x00000000e4680000)
 ParOldGen       total 64512K, used 14033K [0x00000000a2e00000, 0x00000000a6d00000, 0x00000000e0f80000)
  object space 64512K, 21% used [0x00000000a2e00000,0x00000000a3bb46b0,0x00000000a6d00000)
 Metaspace       used 20613K, capacity 20919K, committed 21296K, reserved 1069056K
  class space    used 1961K, capacity 2057K, committed 2176K, reserved 1048576K
}
Event: 7,030 GC heap before
{Heap before GC invocations=4 (full 0):
 PSYoungGen      total 52736K, used 10398K [0x00000000e0f80000, 0x00000000e4680000, 0x0000000100000000)
  eden space 49152K, 13% used [0x00000000e0f80000,0x00000000e162a710,0x00000000e3f80000)
  from space 3584K, 99% used [0x00000000e3f80000,0x00000000e42fd290,0x00000000e4300000)
  to   space 3584K, 0% used [0x00000000e4300000,0x00000000e4300000,0x00000000e4680000)
 ParOldGen       total 64512K, used 14033K [0x00000000a2e00000, 0x00000000a6d00000, 0x00000000e0f80000)
  object space 64512K, 21% used [0x00000000a2e00000,0x00000000a3bb46b0,0x00000000a6d00000)
 Metaspace       used 20693K, capacity 20983K, committed 21296K, reserved 1069056K
  class space    used 1961K, capacity 2057K, committed 2176K, reserved 1048576K
Event: 7,036 GC heap after
Heap after GC invocations=4 (full 0):
 PSYoungGen      total 52736K, used 3556K [0x00000000e0f80000, 0x00000000e4680000, 0x0000000100000000)
  eden space 49152K, 0% used [0x00000000e0f80000,0x00000000e0f80000,0x00000000e3f80000)
  from space 3584K, 99% used [0x00000000e4300000,0x00000000e46792a0,0x00000000e4680000)
  to   space 3584K, 0% used [0x00000000e3f80000,0x00000000e3f80000,0x00000000e4300000)
 ParOldGen       total 64512K, used 14073K [0x00000000a2e00000, 0x00000000a6d00000, 0x00000000e0f80000)
  object space 64512K, 21% used [0x00000000a2e00000,0x00000000a3bbe6b0,0x00000000a6d00000)
 Metaspace       used 20693K, capacity 20983K, committed 21296K, reserved 1069056K
  class space    used 1961K, capacity 2057K, committed 2176K, reserved 1048576K
}
Event: 7,036 GC heap before
{Heap before GC invocations=5 (full 1):
 PSYoungGen      total 52736K, used 3556K [0x00000000e0f80000, 0x00000000e4680000, 0x0000000100000000)
  eden space 49152K, 0% used [0x00000000e0f80000,0x00000000e0f80000,0x00000000e3f80000)
  from space 3584K, 99% used [0x00000000e4300000,0x00000000e46792a0,0x00000000e4680000)
  to   space 3584K, 0% used [0x00000000e3f80000,0x00000000e3f80000,0x00000000e4300000)
 ParOldGen       total 64512K, used 14073K [0x00000000a2e00000, 0x00000000a6d00000, 0x00000000e0f80000)
  object space 64512K, 21% used [0x00000000a2e00000,0x00000000a3bbe6b0,0x00000000a6d00000)
 Metaspace       used 20693K, capacity 20983K, committed 21296K, reserved 1069056K
  class space    used 1961K, capacity 2057K, committed 2176K, reserved 1048576K
Event: 7,091 GC heap after
Heap after GC invocations=5 (full 1):
 PSYoungGen      total 52736K, used 0K [0x00000000e0f80000, 0x00000000e4680000, 0x0000000100000000)
  eden space 49152K, 0% used [0x00000000e0f80000,0x00000000e0f80000,0x00000000e3f80000)
  from space 3584K, 0% used [0x00000000e4300000,0x00000000e4300000,0x00000000e4680000)
  to   space 3584K, 0% used [0x00000000e3f80000,0x00000000e3f80000,0x00000000e4300000)
 ParOldGen       total 65024K, used 16662K [0x00000000a2e00000, 0x00000000a6d80000, 0x00000000e0f80000)
  object space 65024K, 25% used [0x00000000a2e00000,0x00000000a3e45bf0,0x00000000a6d80000)
 Metaspace       used 20693K, capacity 20983K, committed 21296K, reserved 1069056K
  class space    used 1961K, capacity 2057K, committed 2176K, reserved 1048576K
}
Event: 21,904 GC heap before
{Heap before GC invocations=6 (full 1):
 PSYoungGen      total 52736K, used 49152K [0x00000000e0f80000, 0x00000000e4680000, 0x0000000100000000)
  eden space 49152K, 100% used [0x00000000e0f80000,0x00000000e3f80000,0x00000000e3f80000)
  from space 3584K, 0% used [0x00000000e4300000,0x00000000e4300000,0x00000000e4680000)
  to   space 3584K, 0% used [0x00000000e3f80000,0x00000000e3f80000,0x00000000e4300000)
 ParOldGen       total 65024K, used 16662K [0x00000000a2e00000, 0x00000000a6d80000, 0x00000000e0f80000)
  object space 65024K, 25% used [0x00000000a2e00000,0x00000000a3e45bf0,0x00000000a6d80000)
 Metaspace       used 20843K, capacity 21111K, committed 21552K, reserved 1069056K
  class space    used 1961K, capacity 2057K, committed 2176K, reserved 1048576K
Event: 21,907 GC heap after
Heap after GC invocations=6 (full 1):
 PSYoungGen      total 52736K, used 96K [0x00000000e0f80000, 0x00000000e7000000, 0x0000000100000000)
  eden space 49152K, 0% used [0x00000000e0f80000,0x00000000e0f80000,0x00000000e3f80000)
  from space 3584K, 2% used [0x00000000e3f80000,0x00000000e3f98000,0x00000000e4300000)
  to   space 14848K, 0% used [0x00000000e6180000,0x00000000e6180000,0x00000000e7000000)
 ParOldGen       total 65024K, used 16670K [0x00000000a2e00000, 0x00000000a6d80000, 0x00000000e0f80000)
  object space 65024K, 25% used [0x00000000a2e00000,0x00000000a3e47bf0,0x00000000a6d80000)
 Metaspace       used 20843K, capacity 21111K, committed 21552K, reserved 1069056K
  class space    used 1961K, capacity 2057K, committed 2176K, reserved 1048576K
}
Event: 44,477 GC heap before
{Heap before GC invocations=7 (full 1):
 PSYoungGen      total 52736K, used 49248K [0x00000000e0f80000, 0x00000000e7000000, 0x0000000100000000)
  eden space 49152K, 100% used [0x00000000e0f80000,0x00000000e3f80000,0x00000000e3f80000)
  from space 3584K, 2% used [0x00000000e3f80000,0x00000000e3f98000,0x00000000e4300000)
  to   space 14848K, 0% used [0x00000000e6180000,0x00000000e6180000,0x00000000e7000000)
 ParOldGen       total 65024K, used 16670K [0x00000000a2e00000, 0x00000000a6d80000, 0x00000000e0f80000)
  object space 65024K, 25% used [0x00000000a2e00000,0x00000000a3e47bf0,0x00000000a6d80000)
 Metaspace       used 20843K, capacity 21111K, committed 21552K, reserved 1069056K
  class space    used 1961K, capacity 2057K, committed 2176K, reserved 1048576K
Event: 44,480 GC heap after
Heap after GC invocations=7 (full 1):
 PSYoungGen      total 76800K, used 64K [0x00000000e0f80000, 0x00000000e6c80000, 0x0000000100000000)
  eden space 65536K, 0% used [0x00000000e0f80000,0x00000000e0f80000,0x00000000e4f80000)
  from space 11264K, 0% used [0x00000000e6180000,0x00000000e6190000,0x00000000e6c80000)
  to   space 14848K, 0% used [0x00000000e4f80000,0x00000000e4f80000,0x00000000e5e00000)
 ParOldGen       total 65024K, used 16670K [0x00000000a2e00000, 0x00000000a6d80000, 0x00000000e0f80000)
  object space 65024K, 25% used [0x00000000a2e00000,0x00000000a3e47bf0,0x00000000a6d80000)
 Metaspace       used 20843K, capacity 21111K, committed 21552K, reserved 1069056K
  class space    used 1961K, capacity 2057K, committed 2176K, reserved 1048576K
}

Deoptimization events (10 events):
Event: 1,432 Thread 0x00007f78b4008800 Uncommon trap: reason=class_check action=maybe_recompile pc=0x00007f790d1b5f30 method=java.util.Properties$LineReader.readLine()I @ 62
Event: 1,432 Thread 0x00007f78b4008800 Uncommon trap: reason=unstable_if action=reinterpret pc=0x00007f790d1b5c54 method=java.util.Properties$LineReader.readLine()I @ 206
Event: 1,549 Thread 0x00007f78b4008800 Uncommon trap: reason=unstable_if action=reinterpret pc=0x00007f790d3ecc5c method=com.sun.org.apache.xerces.internal.impl.XMLEntityScanner.skipSpaces()Z @ 14
Event: 1,859 Thread 0x00007f78b4008800 Uncommon trap: reason=class_check action=maybe_recompile pc=0x00007f790d474058 method=com.jogamp.common.nio.Buffers.getDirectBufferByteOffset(Ljava/lang/Object;)I @ 42
Event: 1,890 Thread 0x00007f78b4008800 Uncommon trap: reason=class_check action=maybe_recompile pc=0x00007f790d474058 method=com.jogamp.common.nio.Buffers.getDirectBufferByteOffset(Ljava/lang/Object;)I @ 42
Event: 1,911 Thread 0x00007f78b4008800 Uncommon trap: reason=class_check action=maybe_recompile pc=0x00007f790d474058 method=com.jogamp.common.nio.Buffers.getDirectBufferByteOffset(Ljava/lang/Object;)I @ 42
Event: 1,924 Thread 0x00007f78b4008800 Uncommon trap: reason=class_check action=maybe_recompile pc=0x00007f790d474058 method=com.jogamp.common.nio.Buffers.getDirectBufferByteOffset(Ljava/lang/Object;)I @ 42
Event: 48,670 Thread 0x00007f78b4008800 Uncommon trap: reason=unstable_if action=reinterpret pc=0x00007f790d856fd8 method=java.awt.EventQueue.isDispatchThreadImpl()Z @ 65
Event: 50,479 Thread 0x00007f791c2c6000 Uncommon trap: reason=unstable_if action=reinterpret pc=0x00007f790d8621dc method=java.awt.EventQueue.getPriority(Ljava/awt/AWTEvent;)I @ 71
Event: 50,479 Thread 0x00007f78b4008800 Uncommon trap: reason=unstable_if action=reinterpret pc=0x00007f790d8621c0 method=java.awt.EventQueue.getPriority(Ljava/awt/AWTEvent;)I @ 4

Internal exceptions (10 events):
Event: 1,407 Thread 0x00007f78b4008800 Implicit null exception at 0x00007f790d1c42f5 to 0x00007f790d1c4641
Event: 1,625 Thread 0x00007f78b4008800 Exception <a 'java/lang/reflect/InvocationTargetException'> (0x00000000e23722e8) thrown at [/HUDSON/workspace/8-2-build-linux-amd64/jdk8u92/6642/hotspot/src/share/vm/runtime/reflection.cpp, line 1092]
Event: 1,626 Thread 0x00007f78b4008800 Exception <a 'java/lang/reflect/InvocationTargetException'> (0x00000000e2372960) thrown at [/HUDSON/workspace/8-2-build-linux-amd64/jdk8u92/6642/hotspot/src/share/vm/runtime/reflection.cpp, line 1092]
Event: 1,913 Thread 0x00007f78b4008800 Exception <a 'java/lang/reflect/InvocationTargetException'> (0x00000000e1aec808) thrown at [/HUDSON/workspace/8-2-build-linux-amd64/jdk8u92/6642/hotspot/src/share/vm/runtime/reflection.cpp, line 1092]
Event: 1,913 Thread 0x00007f78b4008800 Exception <a 'java/lang/reflect/InvocationTargetException'> (0x00000000e1aeccf0) thrown at [/HUDSON/workspace/8-2-build-linux-amd64/jdk8u92/6642/hotspot/src/share/vm/runtime/reflection.cpp, line 1092]
Event: 1,988 Thread 0x00007f78b4008800 Exception <a 'java/lang/reflect/InvocationTargetException'> (0x00000000e1f2a2d0) thrown at [/HUDSON/workspace/8-2-build-linux-amd64/jdk8u92/6642/hotspot/src/share/vm/runtime/reflection.cpp, line 1092]
Event: 1,988 Thread 0x00007f78b4008800 Exception <a 'java/lang/reflect/InvocationTargetException'> (0x00000000e1f2a7d8) thrown at [/HUDSON/workspace/8-2-build-linux-amd64/jdk8u92/6642/hotspot/src/share/vm/runtime/reflection.cpp, line 1092]
Event: 2,042 Thread 0x00007f78b4008800 Exception <a 'java/lang/reflect/InvocationTargetException'> (0x00000000e21ddbf0) thrown at [/HUDSON/workspace/8-2-build-linux-amd64/jdk8u92/6642/hotspot/src/share/vm/runtime/reflection.cpp, line 1092]
Event: 2,042 Thread 0x00007f78b4008800 Exception <a 'java/lang/reflect/InvocationTargetException'> (0x00000000e21de260) thrown at [/HUDSON/workspace/8-2-build-linux-amd64/jdk8u92/6642/hotspot/src/share/vm/runtime/reflection.cpp, line 1092]
Event: 2,098 Thread 0x00007f78b4008800 Exception <a 'java/lang/reflect/InvocationTargetException'> (0x00000000e244a0f8) thrown at [/HUDSON/workspace/8-2-build-linux-amd64/jdk8u92/6642/hotspot/src/share/vm/runtime/reflection.cpp, line 1092]

Events (10 events):
Event: 50,479 loading class java/awt/KeyboardFocusManager$2
Event: 50,479 loading class java/awt/KeyboardFocusManager$2 done
Event: 50,479 loading class sun/awt/SunToolkit$1
Event: 50,479 loading class sun/awt/SunToolkit$1 done
Event: 50,479 Thread 0x00007f791c2c6000 Uncommon trap: trap_request=0xffffff65 fr.pc=0x00007f790d8621dc
Event: 50,479 Thread 0x00007f78b4008800 Uncommon trap: trap_request=0xffffff65 fr.pc=0x00007f790d8621c0
Event: 50,479 Thread 0x00007f791c2c6000 DEOPT PACKING pc=0x00007f790d8621dc sp=0x00007f78e4aae290
Event: 50,479 Thread 0x00007f78b4008800 DEOPT PACKING pc=0x00007f790d8621c0 sp=0x00007f78a7ffc980
Event: 50,479 Thread 0x00007f791c2c6000 DEOPT UNPACKING pc=0x00007f790d005229 sp=0x00007f78e4aae190 mode 2
Event: 50,479 Thread 0x00007f78b4008800 DEOPT UNPACKING pc=0x00007f790d005229 sp=0x00007f78a7ffc888 mode 2


Dynamic libraries:
00400000-00401000 r-xp 00000000 08:01 3450446                            /home/ema/Scaricati/jdk1.8.0_92/jre/bin/java
00600000-00601000 rw-p 00000000 08:01 3450446                            /home/ema/Scaricati/jdk1.8.0_92/jre/bin/java
02167000-02188000 rw-p 00000000 00:00 0                                  [heap]
a2e00000-a6d80000 rw-p 00000000 00:00 0 
a6d80000-e0f80000 ---p 00000000 00:00 0 
e0f80000-e6c80000 rw-p 00000000 00:00 0 
e6c80000-100000000 ---p 00000000 00:00 0 
100000000-100220000 rw-p 00000000 00:00 0 
100220000-140000000 ---p 00000000 00:00 0 
7f7868000000-7f7868048000 rw-p 00000000 00:00 0 
7f7868048000-7f786c000000 ---p 00000000 00:00 0 
7f786c000000-7f786c050000 rw-p 00000000 00:00 0 
7f786c050000-7f7870000000 ---p 00000000 00:00 0 
7f7870000000-7f7870055000 rw-p 00000000 00:00 0 
7f7870055000-7f7874000000 ---p 00000000 00:00 0 
7f7874000000-7f7874059000 rw-p 00000000 00:00 0 
7f7874059000-7f7878000000 ---p 00000000 00:00 0 
7f7878000000-7f7878021000 rw-p 00000000 00:00 0 
7f7878021000-7f787c000000 ---p 00000000 00:00 0 
7f787c000000-7f787c021000 rw-p 00000000 00:00 0 
7f787c021000-7f7880000000 ---p 00000000 00:00 0 
7f7880000000-7f7880021000 rw-p 00000000 00:00 0 
7f7880021000-7f7884000000 ---p 00000000 00:00 0 
7f7884000000-7f7884021000 rw-p 00000000 00:00 0 
7f7884021000-7f7888000000 ---p 00000000 00:00 0 
7f7888000000-7f7888021000 rw-p 00000000 00:00 0 
7f7888021000-7f788c000000 ---p 00000000 00:00 0 
7f788d684000-7f788d704000 rw-s 1820a9000 00:06 9579                      /dev/dri/card0
7f788d704000-7f788d904000 rw-s 1bf1e0000 00:06 9579                      /dev/dri/card0
7f788d904000-7f788d9f0000 rw-p 00000000 00:00 0 
7f788d9f0000-7f788db07000 ---p 00000000 00:00 0 
7f788db07000-7f788dc05000 rw-p 00000000 00:00 0 
7f788dc05000-7f788dc08000 ---p 00000000 00:00 0 
7f788dc08000-7f788dd06000 rw-p 00000000 00:00 0 
7f788dd06000-7f788dd09000 ---p 00000000 00:00 0 
7f788dd09000-7f788de07000 rw-p 00000000 00:00 0 
7f788de07000-7f788de0a000 ---p 00000000 00:00 0 
7f788de0a000-7f788df08000 rw-p 00000000 00:00 0 
7f788df08000-7f788df0b000 ---p 00000000 00:00 0 
7f788df0b000-7f788e009000 rw-p 00000000 00:00 0 
7f788e05c000-7f788e0dc000 rw-s 182029000 00:06 9579                      /dev/dri/card0
7f788e0dc000-7f788e15c000 rw-s 1826ee000 00:06 9579                      /dev/dri/card0
7f788e15c000-7f788e15f000 ---p 00000000 00:00 0 
7f788e15f000-7f788e25d000 rw-p 00000000 00:00 0 
7f788e25d000-7f788e260000 ---p 00000000 00:00 0 
7f788e260000-7f788e35e000 rw-p 00000000 00:00 0 
7f788e389000-7f788e38c000 ---p 00000000 00:00 0 
7f788e38c000-7f788e48a000 rw-p 00000000 00:00 0 
7f788e48a000-7f788e48d000 ---p 00000000 00:00 0 
7f788e48d000-7f788e58b000 rw-p 00000000 00:00 0 
7f788e5e9000-7f788e669000 rw-s 1beea0000 00:06 9579                      /dev/dri/card0
7f788e669000-7f788e896000 rw-p 00000000 00:00 0 
7f788e896000-7f788f296000 rwxp 00000000 00:00 0 
7f788f296000-7f788f4c3000 rw-p 00000000 00:00 0 
7f788f4c3000-7f788f4da000 r-xp 00000000 08:01 27267350                   /lib/x86_64-linux-gnu/libresolv-2.21.so
7f788f4da000-7f788f6da000 ---p 00017000 08:01 27267350                   /lib/x86_64-linux-gnu/libresolv-2.21.so
7f788f6da000-7f788f6dc000 r--p 00017000 08:01 27267350                   /lib/x86_64-linux-gnu/libresolv-2.21.so
7f788f6dc000-7f788f6dd000 rw-p 00019000 08:01 27267350                   /lib/x86_64-linux-gnu/libresolv-2.21.so
7f788f6dd000-7f788f6df000 rw-p 00000000 00:00 0 
7f788f6df000-7f788f6e4000 r-xp 00000000 08:01 27267295                   /lib/x86_64-linux-gnu/libnss_dns-2.21.so
7f788f6e4000-7f788f8e3000 ---p 00005000 08:01 27267295                   /lib/x86_64-linux-gnu/libnss_dns-2.21.so
7f788f8e3000-7f788f8e4000 r--p 00004000 08:01 27267295                   /lib/x86_64-linux-gnu/libnss_dns-2.21.so
7f788f8e4000-7f788f8e5000 rw-p 00005000 08:01 27267295                   /lib/x86_64-linux-gnu/libnss_dns-2.21.so
7f788f8e5000-7f788f8e7000 r-xp 00000000 08:01 27267303                   /lib/x86_64-linux-gnu/libnss_mdns4_minimal.so.2
7f788f8e7000-7f788fae6000 ---p 00002000 08:01 27267303                   /lib/x86_64-linux-gnu/libnss_mdns4_minimal.so.2
7f788fae6000-7f788fae7000 r--p 00001000 08:01 27267303                   /lib/x86_64-linux-gnu/libnss_mdns4_minimal.so.2
7f788fae7000-7f788fae8000 rw-p 00002000 08:01 27267303                   /lib/x86_64-linux-gnu/libnss_mdns4_minimal.so.2
7f788fb28000-7f788fd28000 rw-p 00000000 00:00 0 
7f788fd48000-7f788fdc8000 rw-s 181fa9000 00:06 9579                      /dev/dri/card0
7f788fdc8000-7f788fdff000 r-xp 00000000 08:01 15344535                   /usr/lib/x86_64-linux-gnu/libtxc_dxtn_s2tc.so.0.0.0
7f788fdff000-7f788fffe000 ---p 00037000 08:01 15344535                   /usr/lib/x86_64-linux-gnu/libtxc_dxtn_s2tc.so.0.0.0
7f788fffe000-7f788ffff000 r--p 00036000 08:01 15344535                   /usr/lib/x86_64-linux-gnu/libtxc_dxtn_s2tc.so.0.0.0
7f788ffff000-7f7890000000 rw-p 00037000 08:01 15344535                   /usr/lib/x86_64-linux-gnu/libtxc_dxtn_s2tc.so.0.0.0
7f7890000000-7f789018c000 rw-p 00000000 00:00 0 
7f789018c000-7f7894000000 ---p 00000000 00:00 0 
7f7894017000-7f7894097000 rw-s 181f29000 00:06 9579                      /dev/dri/card0
7f7894097000-7f78940bc000 r-xp 00000000 08:01 27267368                   /lib/x86_64-linux-gnu/libtinfo.so.5.9
7f78940bc000-7f78942bb000 ---p 00025000 08:01 27267368                   /lib/x86_64-linux-gnu/libtinfo.so.5.9
7f78942bb000-7f78942bf000 r--p 00024000 08:01 27267368                   /lib/x86_64-linux-gnu/libtinfo.so.5.9
7f78942bf000-7f78942c0000 rw-p 00028000 08:01 27267368                   /lib/x86_64-linux-gnu/libtinfo.so.5.9
7f78942c0000-7f78942f3000 r-xp 00000000 08:01 15343777                   /usr/lib/x86_64-linux-gnu/libedit.so.2.0.51
7f78942f3000-7f78944f3000 ---p 00033000 08:01 15343777                   /usr/lib/x86_64-linux-gnu/libedit.so.2.0.51
7f78944f3000-7f78944f5000 r--p 00033000 08:01 15343777                   /usr/lib/x86_64-linux-gnu/libedit.so.2.0.51
7f78944f5000-7f78944f6000 rw-p 00035000 08:01 15343777                   /usr/lib/x86_64-linux-gnu/libedit.so.2.0.51
7f78944f6000-7f78944fa000 rw-p 00000000 00:00 0 
7f78944fa000-7f7894513000 r-xp 00000000 08:01 27267385                   /lib/x86_64-linux-gnu/libz.so.1.2.8
7f7894513000-7f7894713000 ---p 00019000 08:01 27267385                   /lib/x86_64-linux-gnu/libz.so.1.2.8
7f7894713000-7f7894714000 r--p 00019000 08:01 27267385                   /lib/x86_64-linux-gnu/libz.so.1.2.8
7f7894714000-7f7894715000 rw-p 0001a000 08:01 27267385                   /lib/x86_64-linux-gnu/libz.so.1.2.8
7f7894715000-7f7894805000 r-xp 00000000 08:01 15344490                   /usr/lib/x86_64-linux-gnu/libstdc++.so.6.0.20
7f7894805000-7f7894a05000 ---p 000f0000 08:01 15344490                   /usr/lib/x86_64-linux-gnu/libstdc++.so.6.0.20
7f7894a05000-7f7894a0d000 r--p 000f0000 08:01 15344490                   /usr/lib/x86_64-linux-gnu/libstdc++.so.6.0.20
7f7894a0d000-7f7894a0f000 rw-p 000f8000 08:01 15344490                   /usr/lib/x86_64-linux-gnu/libstdc++.so.6.0.20
7f7894a0f000-7f7894a24000 rw-p 00000000 00:00 0 
7f7894a24000-7f78967cd000 r-xp 00000000 08:01 15343369                   /usr/lib/x86_64-linux-gnu/libLLVM-3.6.so.1
7f78967cd000-7f78967ce000 ---p 01da9000 08:01 15343369                   /usr/lib/x86_64-linux-gnu/libLLVM-3.6.so.1
7f78967ce000-7f78969ea000 r--p 01da9000 08:01 15343369                   /usr/lib/x86_64-linux-gnu/libLLVM-3.6.so.1
7f78969ea000-7f78969f0000 rw-p 01fc5000 08:01 15343369                   /usr/lib/x86_64-linux-gnu/libLLVM-3.6.so.1
7f78969f0000-7f7896a06000 rw-p 00000000 00:00 0 
7f7896a06000-7f7896a1b000 r-xp 00000000 08:01 15343778                   /usr/lib/x86_64-linux-gnu/libelf-0.160.so
7f7896a1b000-7f7896c1a000 ---p 00015000 08:01 15343778                   /usr/lib/x86_64-linux-gnu/libelf-0.160.so
7f7896c1a000-7f7896c1b000 r--p 00014000 08:01 15343778                   /usr/lib/x86_64-linux-gnu/libelf-0.160.so
7f7896c1b000-7f7896c1c000 rw-p 00015000 08:01 15343778                   /usr/lib/x86_64-linux-gnu/libelf-0.160.so
7f7896c1c000-7f7896c28000 r-xp 00000000 08:01 15343773                   /usr/lib/x86_64-linux-gnu/libdrm_radeon.so.1.0.1
7f7896c28000-7f7896e27000 ---p 0000c000 08:01 15343773                   /usr/lib/x86_64-linux-gnu/libdrm_radeon.so.1.0.1
7f7896e27000-7f7896e28000 r--p 0000b000 08:01 15343773                   /usr/lib/x86_64-linux-gnu/libdrm_radeon.so.1.0.1
7f7896e28000-7f7896e29000 rw-p 0000c000 08:01 15343773                   /usr/lib/x86_64-linux-gnu/libdrm_radeon.so.1.0.1
7f7896e29000-7f7896e2f000 r-xp 00000000 08:01 15343771                   /usr/lib/x86_64-linux-gnu/libdrm_nouveau.so.2.0.0
7f7896e2f000-7f789702e000 ---p 00006000 08:01 15343771                   /usr/lib/x86_64-linux-gnu/libdrm_nouveau.so.2.0.0
7f789702e000-7f789702f000 r--p 00005000 08:01 15343771                   /usr/lib/x86_64-linux-gnu/libdrm_nouveau.so.2.0.0
7f789702f000-7f7897030000 rw-p 00006000 08:01 15343771                   /usr/lib/x86_64-linux-gnu/libdrm_nouveau.so.2.0.0
7f7897030000-7f78977a3000 r-xp 00000000 08:01 15603600                   /usr/lib/x86_64-linux-gnu/dri/nouveau_dri.so
7f78977a3000-7f78979a2000 ---p 00773000 08:01 15603600                   /usr/lib/x86_64-linux-gnu/dri/nouveau_dri.so
7f78979a2000-7f78979f9000 r--p 00772000 08:01 15603600                   /usr/lib/x86_64-linux-gnu/dri/nouveau_dri.so
7f78979f9000-7f7897a05000 rw-p 007c9000 08:01 15603600                   /usr/lib/x86_64-linux-gnu/dri/nouveau_dri.so
7f7897a05000-7f7897bea000 rw-p 00000000 00:00 0 
7f7897bea000-7f7897bfc000 r-xp 00000000 08:01 27263385                   /lib/x86_64-linux-gnu/libudev.so.1.6.2
7f7897bfc000-7f7897dfb000 ---p 00012000 08:01 27263385                   /lib/x86_64-linux-gnu/libudev.so.1.6.2
7f7897dfb000-7f7897dfc000 r--p 00011000 08:01 27263385                   /lib/x86_64-linux-gnu/libudev.so.1.6.2
7f7897dfc000-7f7897dfd000 rw-p 00012000 08:01 27263385                   /lib/x86_64-linux-gnu/libudev.so.1.6.2
7f7897dfd000-7f7897dff000 r-xp 00000000 08:01 15343521                   /usr/lib/x86_64-linux-gnu/libXinerama.so.1.0.0
7f7897dff000-7f7897ffe000 ---p 00002000 08:01 15343521                   /usr/lib/x86_64-linux-gnu/libXinerama.so.1.0.0
7f7897ffe000-7f7897fff000 r--p 00001000 08:01 15343521                   /usr/lib/x86_64-linux-gnu/libXinerama.so.1.0.0
7f7897fff000-7f7898000000 rw-p 00002000 08:01 15343521                   /usr/lib/x86_64-linux-gnu/libXinerama.so.1.0.0
7f7898000000-7f789853e000 rw-p 00000000 00:00 0 
7f789853e000-7f789c000000 ---p 00000000 00:00 0 
7f789c000000-7f789c021000 rw-p 00000000 00:00 0 
7f789c021000-7f78a0000000 ---p 00000000 00:00 0 
7f78a0000000-7f78a0c66000 rw-p 00000000 00:00 0 
7f78a0c66000-7f78a4000000 ---p 00000000 00:00 0 
7f78a406b000-7f78a40b0000 r-xp 00000000 08:01 28316227                   /tmp/jogamp_0000/file_cache/jln5852281555833896306/jln8584277172918527256/libjogl_mobile.so
7f78a40b0000-7f78a42b0000 ---p 00045000 08:01 28316227                   /tmp/jogamp_0000/file_cache/jln5852281555833896306/jln8584277172918527256/libjogl_mobile.so
7f78a42b0000-7f78a42b1000 rw-p 00045000 08:01 28316227                   /tmp/jogamp_0000/file_cache/jln5852281555833896306/jln8584277172918527256/libjogl_mobile.so
7f78a42b1000-7f78a42b8000 r-xp 00000000 08:01 15343817                   /usr/lib/x86_64-linux-gnu/libffi.so.6.0.4
7f78a42b8000-7f78a44b7000 ---p 00007000 08:01 15343817                   /usr/lib/x86_64-linux-gnu/libffi.so.6.0.4
7f78a44b7000-7f78a44b8000 r--p 00006000 08:01 15343817                   /usr/lib/x86_64-linux-gnu/libffi.so.6.0.4
7f78a44b8000-7f78a44b9000 rw-p 00007000 08:01 15343817                   /usr/lib/x86_64-linux-gnu/libffi.so.6.0.4
7f78a44b9000-7f78a44c6000 r-xp 00000000 08:01 15340550                   /usr/lib/x86_64-linux-gnu/libgbm.so.1.0.0
7f78a44c6000-7f78a46c5000 ---p 0000d000 08:01 15340550                   /usr/lib/x86_64-linux-gnu/libgbm.so.1.0.0
7f78a46c5000-7f78a46c6000 r--p 0000c000 08:01 15340550                   /usr/lib/x86_64-linux-gnu/libgbm.so.1.0.0
7f78a46c6000-7f78a46c7000 rw-p 0000d000 08:01 15340550                   /usr/lib/x86_64-linux-gnu/libgbm.so.1.0.0
7f78a46c7000-7f78a46d6000 r-xp 00000000 08:01 15344604                   /usr/lib/x86_64-linux-gnu/libwayland-server.so.0.1.0
7f78a46d6000-7f78a48d5000 ---p 0000f000 08:01 15344604                   /usr/lib/x86_64-linux-gnu/libwayland-server.so.0.1.0
7f78a48d5000-7f78a48d8000 r--p 0000e000 08:01 15344604                   /usr/lib/x86_64-linux-gnu/libwayland-server.so.0.1.0
7f78a48d8000-7f78a48d9000 rw-p 00011000 08:01 15344604                   /usr/lib/x86_64-linux-gnu/libwayland-server.so.0.1.0
7f78a48d9000-7f78a48e5000 r-xp 00000000 08:01 15344598                   /usr/lib/x86_64-linux-gnu/libwayland-client.so.0.3.0
7f78a48e5000-7f78a4ae4000 ---p 0000c000 08:01 15344598                   /usr/lib/x86_64-linux-gnu/libwayland-client.so.0.3.0
7f78a4ae4000-7f78a4ae6000 r--p 0000b000 08:01 15344598                   /usr/lib/x86_64-linux-gnu/libwayland-client.so.0.3.0
7f78a4ae6000-7f78a4ae7000 rw-p 0000d000 08:01 15344598                   /usr/lib/x86_64-linux-gnu/libwayland-client.so.0.3.0
7f78a4ae7000-7f78a4aec000 r-xp 00000000 08:01 15344692                   /usr/lib/x86_64-linux-gnu/libxcb-xfixes.so.0.0.0
7f78a4aec000-7f78a4cec000 ---p 00005000 08:01 15344692                   /usr/lib/x86_64-linux-gnu/libxcb-xfixes.so.0.0.0
7f78a4cec000-7f78a4ced000 r--p 00005000 08:01 15344692                   /usr/lib/x86_64-linux-gnu/libxcb-xfixes.so.0.0.0
7f78a4ced000-7f78a4cee000 rw-p 00006000 08:01 15344692                   /usr/lib/x86_64-linux-gnu/libxcb-xfixes.so.0.0.0
7f78a4cee000-7f78a4d17000 r-xp 00000000 08:01 15729315                   /usr/lib/x86_64-linux-gnu/mesa-egl/libEGL.so.1.0.0
7f78a4d17000-7f78a4f17000 ---p 00029000 08:01 15729315                   /usr/lib/x86_64-linux-gnu/mesa-egl/libEGL.so.1.0.0
7f78a4f17000-7f78a4f18000 r--p 00029000 08:01 15729315                   /usr/lib/x86_64-linux-gnu/mesa-egl/libEGL.so.1.0.0
7f78a4f18000-7f78a4f19000 rw-p 0002a000 08:01 15729315                   /usr/lib/x86_64-linux-gnu/mesa-egl/libEGL.so.1.0.0
7f78a4f19000-7f78a4f1a000 rw-p 00000000 00:00 0 
7f78a4f1a000-7f78a4fbf000 r-xp 00000000 08:01 28315792                   /tmp/jogamp_0000/file_cache/jln5852281555833896306/jln8584277172918527256/libjogl_desktop.so
7f78a4fbf000-7f78a51bf000 ---p 000a5000 08:01 28315792                   /tmp/jogamp_0000/file_cache/jln5852281555833896306/jln8584277172918527256/libjogl_desktop.so
7f78a51bf000-7f78a51c0000 rw-p 000a5000 08:01 28315792                   /tmp/jogamp_0000/file_cache/jln5852281555833896306/jln8584277172918527256/libjogl_desktop.so
7f78a51c0000-7f78a51cc000 r-xp 00000000 08:01 15343767                   /usr/lib/x86_64-linux-gnu/libdrm.so.2.4.0
7f78a51cc000-7f78a53cb000 ---p 0000c000 08:01 15343767                   /usr/lib/x86_64-linux-gnu/libdrm.so.2.4.0
7f78a53cb000-7f78a53cc000 r--p 0000b000 08:01 15343767                   /usr/lib/x86_64-linux-gnu/libdrm.so.2.4.0
7f78a53cc000-7f78a53cd000 rw-p 0000c000 08:01 15343767                   /usr/lib/x86_64-linux-gnu/libdrm.so.2.4.0
7f78a53cd000-7f78a53ce000 r-xp 00000000 08:01 15344706                   /usr/lib/x86_64-linux-gnu/libxshmfence.so.1.0.0
7f78a53ce000-7f78a55cd000 ---p 00001000 08:01 15344706                   /usr/lib/x86_64-linux-gnu/libxshmfence.so.1.0.0
7f78a55cd000-7f78a55ce000 r--p 00000000 08:01 15344706                   /usr/lib/x86_64-linux-gnu/libxshmfence.so.1.0.0
7f78a55ce000-7f78a55cf000 rw-p 00001000 08:01 15344706                   /usr/lib/x86_64-linux-gnu/libxshmfence.so.1.0.0
7f78a55cf000-7f78a55d4000 r-xp 00000000 08:01 15344688                   /usr/lib/x86_64-linux-gnu/libxcb-sync.so.1.0.0
7f78a55d4000-7f78a57d3000 ---p 00005000 08:01 15344688                   /usr/lib/x86_64-linux-gnu/libxcb-sync.so.1.0.0
7f78a57d3000-7f78a57d4000 r--p 00004000 08:01 15344688                   /usr/lib/x86_64-linux-gnu/libxcb-sync.so.1.0.0
7f78a57d4000-7f78a57d5000 rw-p 00005000 08:01 15344688                   /usr/lib/x86_64-linux-gnu/libxcb-sync.so.1.0.0
7f78a57d5000-7f78a57d7000 r-xp 00000000 08:01 15344676                   /usr/lib/x86_64-linux-gnu/libxcb-present.so.0.0.0
7f78a57d7000-7f78a59d6000 ---p 00002000 08:01 15344676                   /usr/lib/x86_64-linux-gnu/libxcb-present.so.0.0.0
7f78a59d6000-7f78a59d7000 r--p 00001000 08:01 15344676                   /usr/lib/x86_64-linux-gnu/libxcb-present.so.0.0.0
7f78a59d7000-7f78a59d8000 rw-p 00002000 08:01 15344676                   /usr/lib/x86_64-linux-gnu/libxcb-present.so.0.0.0
7f78a59d8000-7f78a59da000 r-xp 00000000 08:01 15344666                   /usr/lib/x86_64-linux-gnu/libxcb-dri3.so.0.0.0
7f78a59da000-7f78a5bd9000 ---p 00002000 08:01 15344666                   /usr/lib/x86_64-linux-gnu/libxcb-dri3.so.0.0.0
7f78a5bd9000-7f78a5bda000 r--p 00001000 08:01 15344666                   /usr/lib/x86_64-linux-gnu/libxcb-dri3.so.0.0.0
7f78a5bda000-7f78a5bdb000 rw-p 00002000 08:01 15344666                   /usr/lib/x86_64-linux-gnu/libxcb-dri3.so.0.0.0
7f78a5bdb000-7f78a5bde000 r-xp 00000000 08:01 15344664                   /usr/lib/x86_64-linux-gnu/libxcb-dri2.so.0.0.0
7f78a5bde000-7f78a5dde000 ---p 00003000 08:01 15344664                   /usr/lib/x86_64-linux-gnu/libxcb-dri2.so.0.0.0
7f78a5dde000-7f78a5ddf000 r--p 00003000 08:01 15344664                   /usr/lib/x86_64-linux-gnu/libxcb-dri2.so.0.0.0
7f78a5ddf000-7f78a5de0000 rw-p 00004000 08:01 15344664                   /usr/lib/x86_64-linux-gnu/libxcb-dri2.so.0.0.0
7f78a5de0000-7f78a5df5000 r-xp 00000000 08:01 15344668                   /usr/lib/x86_64-linux-gnu/libxcb-glx.so.0.0.0
7f78a5df5000-7f78a5ff4000 ---p 00015000 08:01 15344668                   /usr/lib/x86_64-linux-gnu/libxcb-glx.so.0.0.0
7f78a5ff4000-7f78a5ff6000 r--p 00014000 08:01 15344668                   /usr/lib/x86_64-linux-gnu/libxcb-glx.so.0.0.0
7f78a5ff6000-7f78a5ff7000 rw-p 00016000 08:01 15344668                   /usr/lib/x86_64-linux-gnu/libxcb-glx.so.0.0.0
7f78a5ff7000-7f78a5ff8000 r-xp 00000000 08:01 15343492                   /usr/lib/x86_64-linux-gnu/libX11-xcb.so.1.0.0
7f78a5ff8000-7f78a61f7000 ---p 00001000 08:01 15343492                   /usr/lib/x86_64-linux-gnu/libX11-xcb.so.1.0.0
7f78a61f7000-7f78a61f8000 r--p 00000000 08:01 15343492                   /usr/lib/x86_64-linux-gnu/libX11-xcb.so.1.0.0
7f78a61f8000-7f78a61f9000 rw-p 00001000 08:01 15343492                   /usr/lib/x86_64-linux-gnu/libX11-xcb.so.1.0.0
7f78a61f9000-7f78a61fb000 r-xp 00000000 08:01 15343507                   /usr/lib/x86_64-linux-gnu/libXdamage.so.1.1.0
7f78a61fb000-7f78a63fa000 ---p 00002000 08:01 15343507                   /usr/lib/x86_64-linux-gnu/libXdamage.so.1.1.0
7f78a63fa000-7f78a63fb000 r--p 00001000 08:01 15343507                   /usr/lib/x86_64-linux-gnu/libXdamage.so.1.1.0
7f78a63fb000-7f78a63fc000 rw-p 00002000 08:01 15343507                   /usr/lib/x86_64-linux-gnu/libXdamage.so.1.1.0
7f78a63fc000-7f78a6421000 r-xp 00000000 08:01 15343260                   /usr/lib/x86_64-linux-gnu/libglapi.so.0.0.0
7f78a6421000-7f78a6621000 ---p 00025000 08:01 15343260                   /usr/lib/x86_64-linux-gnu/libglapi.so.0.0.0
7f78a6621000-7f78a6624000 r--p 00025000 08:01 15343260                   /usr/lib/x86_64-linux-gnu/libglapi.so.0.0.0
7f78a6624000-7f78a6625000 rw-p 00028000 08:01 15343260                   /usr/lib/x86_64-linux-gnu/libglapi.so.0.0.0
7f78a6625000-7f78a6626000 rw-p 00000000 00:00 0 
7f78a6626000-7f78a664c000 r-xp 00000000 08:01 27267358                   /lib/x86_64-linux-gnu/libexpat.so.1.6.0
7f78a664c000-7f78a684b000 ---p 00026000 08:01 27267358                   /lib/x86_64-linux-gnu/libexpat.so.1.6.0
7f78a684b000-7f78a684e000 r--p 00025000 08:01 27267358                   /lib/x86_64-linux-gnu/libexpat.so.1.6.0
7f78a684e000-7f78a684f000 rw-p 00028000 08:01 27267358                   /lib/x86_64-linux-gnu/libexpat.so.1.6.0
7f78a684f000-7f78a68e7000 r-xp 00000000 08:01 15732978                   /usr/lib/x86_64-linux-gnu/mesa/libGL.so.1.2.0
7f78a68e7000-7f78a6ae6000 ---p 00098000 08:01 15732978                   /usr/lib/x86_64-linux-gnu/mesa/libGL.so.1.2.0
7f78a6ae6000-7f78a6ae9000 r--p 00097000 08:01 15732978                   /usr/lib/x86_64-linux-gnu/mesa/libGL.so.1.2.0
7f78a6ae9000-7f78a6aea000 rw-p 0009a000 08:01 15732978                   /usr/lib/x86_64-linux-gnu/mesa/libGL.so.1.2.0
7f78a6aea000-7f78a6ceb000 rw-p 00000000 00:00 0 
7f78a6ceb000-7f78a6eeb000 rw-p 00000000 00:00 0 
7f78a6eeb000-7f78a6ef2000 r-xp 00000000 08:01 28316356                   /tmp/jogamp_0000/file_cache/jln5852281555833896306/jln8584277172918527256/libnativewindow_x11.so
7f78a6ef2000-7f78a70f1000 ---p 00007000 08:01 28316356                   /tmp/jogamp_0000/file_cache/jln5852281555833896306/jln8584277172918527256/libnativewindow_x11.so
7f78a70f1000-7f78a70f2000 rw-p 00006000 08:01 28316356                   /tmp/jogamp_0000/file_cache/jln5852281555833896306/jln8584277172918527256/libnativewindow_x11.so
7f78a70f2000-7f78a70f6000 r-xp 00000000 08:01 15343549                   /usr/lib/x86_64-linux-gnu/libXxf86vm.so.1.0.0
7f78a70f6000-7f78a72f6000 ---p 00004000 08:01 15343549                   /usr/lib/x86_64-linux-gnu/libXxf86vm.so.1.0.0
7f78a72f6000-7f78a72f7000 r--p 00004000 08:01 15343549                   /usr/lib/x86_64-linux-gnu/libXxf86vm.so.1.0.0
7f78a72f7000-7f78a72f8000 rw-p 00005000 08:01 15343549                   /usr/lib/x86_64-linux-gnu/libXxf86vm.so.1.0.0
7f78a72f8000-7f78a72fa000 r-xp 00000000 08:01 28316235                   /tmp/jogamp_0000/file_cache/jln5852281555833896306/jln8584277172918527256/libnativewindow_awt.so
7f78a72fa000-7f78a74f9000 ---p 00002000 08:01 28316235                   /tmp/jogamp_0000/file_cache/jln5852281555833896306/jln8584277172918527256/libnativewindow_awt.so
7f78a74f9000-7f78a74fa000 rw-p 00001000 08:01 28316235                   /tmp/jogamp_0000/file_cache/jln5852281555833896306/jln8584277172918527256/libnativewindow_awt.so
7f78a74fa000-7f78a74fb000 r-xp 00000000 08:01 3450810                    /home/ema/Scaricati/jdk1.8.0_92/jre/lib/amd64/libjawt.so
7f78a74fb000-7f78a76fa000 ---p 00001000 08:01 3450810                    /home/ema/Scaricati/jdk1.8.0_92/jre/lib/amd64/libjawt.so
7f78a76fa000-7f78a76fb000 rw-p 00000000 08:01 3450810                    /home/ema/Scaricati/jdk1.8.0_92/jre/lib/amd64/libjawt.so
7f78a76fb000-7f78a76fd000 r-xp 00000000 08:01 28315787                   /tmp/jogamp_0000/file_cache/jln5852281555833896306/jln8584277172918527256/libgluegen-rt.so
7f78a76fd000-7f78a78fc000 ---p 00002000 08:01 28315787                   /tmp/jogamp_0000/file_cache/jln5852281555833896306/jln8584277172918527256/libgluegen-rt.so
7f78a78fc000-7f78a78fd000 rw-p 00001000 08:01 28315787                   /tmp/jogamp_0000/file_cache/jln5852281555833896306/jln8584277172918527256/libgluegen-rt.so
7f78a78fd000-7f78a7900000 ---p 00000000 00:00 0 
7f78a7900000-7f78a7bfe000 rw-p 00000000 00:00 0 
7f78a7bfe000-7f78a7c01000 ---p 00000000 00:00 0 
7f78a7c01000-7f78a7eff000 rw-p 00000000 00:00 0 
7f78a7eff000-7f78a7f02000 ---p 00000000 00:00 0 
7f78a7f02000-7f78a8000000 rw-p 00000000 00:00 0 
7f78a8000000-7f78a8021000 rw-p 00000000 00:00 0 
7f78a8021000-7f78ac000000 ---p 00000000 00:00 0 
7f78ac000000-7f78ac022000 rw-p 00000000 00:00 0 
7f78ac022000-7f78b0000000 ---p 00000000 00:00 0 
7f78b0000000-7f78b0299000 rw-p 00000000 00:00 0 
7f78b0299000-7f78b4000000 ---p 00000000 00:00 0 
7f78b4000000-7f78b4021000 rw-p 00000000 00:00 0 
7f78b4021000-7f78b8000000 ---p 00000000 00:00 0 
7f78b8000000-7f78b8021000 rw-p 00000000 00:00 0 
7f78b8021000-7f78bc000000 ---p 00000000 00:00 0 
7f78bc000000-7f78bc021000 rw-p 00000000 00:00 0 
7f78bc021000-7f78c0000000 ---p 00000000 00:00 0 
7f78c0000000-7f78c0548000 rw-p 00000000 00:00 0 
7f78c0548000-7f78c4000000 ---p 00000000 00:00 0 
7f78c4000000-7f78c4021000 rw-p 00000000 00:00 0 
7f78c4021000-7f78c8000000 ---p 00000000 00:00 0 
7f78c8000000-7f78c891d000 rw-p 00000000 00:00 0 
7f78c891d000-7f78cc000000 ---p 00000000 00:00 0 
7f78cc000000-7f78cca37000 rw-p 00000000 00:00 0 
7f78cca37000-7f78d0000000 ---p 00000000 00:00 0 
7f78d0000000-7f78d0021000 rw-p 00000000 00:00 0 
7f78d0021000-7f78d4000000 ---p 00000000 00:00 0 
7f78d4000000-7f78d47db000 rw-p 00000000 00:00 0 
7f78d47db000-7f78d8000000 ---p 00000000 00:00 0 
7f78d8000000-7f78d8021000 rw-p 00000000 00:00 0 
7f78d8021000-7f78dc000000 ---p 00000000 00:00 0 
7f78dc000000-7f78dc021000 rw-p 00000000 00:00 0 
7f78dc021000-7f78e0000000 ---p 00000000 00:00 0 
7f78e0000000-7f78e0021000 rw-p 00000000 00:00 0 
7f78e0021000-7f78e4000000 ---p 00000000 00:00 0 
7f78e4006000-7f78e406f000 r-xp 00000000 08:01 3450779                    /home/ema/Scaricati/jdk1.8.0_92/jre/lib/amd64/libt2k.so
7f78e406f000-7f78e426f000 ---p 00069000 08:01 3450779                    /home/ema/Scaricati/jdk1.8.0_92/jre/lib/amd64/libt2k.so
7f78e426f000-7f78e4276000 rw-p 00069000 08:01 3450779                    /home/ema/Scaricati/jdk1.8.0_92/jre/lib/amd64/libt2k.so
7f78e4276000-7f78e4286000 rw-p 00000000 00:00 0 
7f78e4286000-7f78e4297000 r-xp 00000000 08:01 3450822                    /home/ema/Scaricati/jdk1.8.0_92/jre/lib/amd64/libnio.so
7f78e4297000-7f78e4496000 ---p 00011000 08:01 3450822                    /home/ema/Scaricati/jdk1.8.0_92/jre/lib/amd64/libnio.so
7f78e4496000-7f78e4497000 rw-p 00010000 08:01 3450822                    /home/ema/Scaricati/jdk1.8.0_92/jre/lib/amd64/libnio.so
7f78e4497000-7f78e4798000 rw-p 00000000 00:00 0 
7f78e4798000-7f78e47ae000 r-xp 00000000 08:01 3450819                    /home/ema/Scaricati/jdk1.8.0_92/jre/lib/amd64/libnet.so
7f78e47ae000-7f78e49ae000 ---p 00016000 08:01 3450819                    /home/ema/Scaricati/jdk1.8.0_92/jre/lib/amd64/libnet.so
7f78e49ae000-7f78e49af000 rw-p 00016000 08:01 3450819                    /home/ema/Scaricati/jdk1.8.0_92/jre/lib/amd64/libnet.so
7f78e49af000-7f78e49b2000 ---p 00000000 00:00 0 
7f78e49b2000-7f78e4ab0000 rw-p 00000000 00:00 0 
7f78e4ab0000-7f78e4ab3000 ---p 00000000 00:00 0 
7f78e4ab3000-7f78e4bb1000 rw-p 00000000 00:00 0 
7f78e4bb1000-7f78e4bb4000 ---p 00000000 00:00 0 
7f78e4bb4000-7f78e4cb2000 rw-p 00000000 00:00 0 
7f78e4cb2000-7f78e4cb5000 ---p 00000000 00:00 0 
7f78e4cb5000-7f78e4db3000 rw-p 00000000 00:00 0 
7f78e4db3000-7f78e4db8000 r-xp 00000000 08:01 15343513                   /usr/lib/x86_64-linux-gnu/libXfixes.so.3.1.0
7f78e4db8000-7f78e4fb7000 ---p 00005000 08:01 15343513                   /usr/lib/x86_64-linux-gnu/libXfixes.so.3.1.0
7f78e4fb7000-7f78e4fb8000 r--p 00004000 08:01 15343513                   /usr/lib/x86_64-linux-gnu/libXfixes.so.3.1.0
7f78e4fb8000-7f78e4fb9000 rw-p 00005000 08:01 15343513                   /usr/lib/x86_64-linux-gnu/libXfixes.so.3.1.0
7f78e4fb9000-7f78e4fc2000 r-xp 00000000 08:01 15343505                   /usr/lib/x86_64-linux-gnu/libXcursor.so.1.0.2
7f78e4fc2000-7f78e51c1000 ---p 00009000 08:01 15343505                   /usr/lib/x86_64-linux-gnu/libXcursor.so.1.0.2
7f78e51c1000-7f78e51c2000 r--p 00008000 08:01 15343505                   /usr/lib/x86_64-linux-gnu/libXcursor.so.1.0.2
7f78e51c2000-7f78e51c3000 rw-p 00009000 08:01 15343505                   /usr/lib/x86_64-linux-gnu/libXcursor.so.1.0.2
7f78e51c3000-7f78e51c6000 ---p 00000000 00:00 0 
7f78e51c6000-7f78e52c4000 rw-p 00000000 00:00 0 
7f78e52c4000-7f78e52da000 r-xp 00000000 08:01 27269807                   /lib/x86_64-linux-gnu/libgcc_s.so.1
7f78e52da000-7f78e54d9000 ---p 00016000 08:01 27269807                   /lib/x86_64-linux-gnu/libgcc_s.so.1
7f78e54d9000-7f78e54da000 rw-p 00015000 08:01 27269807                   /lib/x86_64-linux-gnu/libgcc_s.so.1
7f78e54da000-7f78e553f000 r-xp 00000000 08:01 3450798                    /home/ema/Scaricati/jdk1.8.0_92/jre/lib/amd64/libfontmanager.so
7f78e553f000-7f78e573e000 ---p 00065000 08:01 3450798                    /home/ema/Scaricati/jdk1.8.0_92/jre/lib/amd64/libfontmanager.so
7f78e573e000-7f78e5743000 rw-p 00064000 08:01 3450798                    /home/ema/Scaricati/jdk1.8.0_92/jre/lib/amd64/libfontmanager.so
7f78e5743000-7f78e5753000 rw-p 00000000 00:00 0 
7f78e5753000-7f78e5758000 r-xp 00000000 08:01 15343509                   /usr/lib/x86_64-linux-gnu/libXdmcp.so.6.0.0
7f78e5758000-7f78e5957000 ---p 00005000 08:01 15343509                   /usr/lib/x86_64-linux-gnu/libXdmcp.so.6.0.0
7f78e5957000-7f78e5958000 r--p 00004000 08:01 15343509                   /usr/lib/x86_64-linux-gnu/libXdmcp.so.6.0.0
7f78e5958000-7f78e5959000 rw-p 00005000 08:01 15343509                   /usr/lib/x86_64-linux-gnu/libXdmcp.so.6.0.0
7f78e5959000-7f78e595b000 r-xp 00000000 08:01 15343498                   /usr/lib/x86_64-linux-gnu/libXau.so.6.0.0
7f78e595b000-7f78e5b5b000 ---p 00002000 08:01 15343498                   /usr/lib/x86_64-linux-gnu/libXau.so.6.0.0
7f78e5b5b000-7f78e5b5c000 r--p 00002000 08:01 15343498                   /usr/lib/x86_64-linux-gnu/libXau.so.6.0.0
7f78e5b5c000-7f78e5b5d000 rw-p 00003000 08:01 15343498                   /usr/lib/x86_64-linux-gnu/libXau.so.6.0.0
7f78e5b5d000-7f78e5b7a000 r-xp 00000000 08:01 15344696                   /usr/lib/x86_64-linux-gnu/libxcb.so.1.1.0
7f78e5b7a000-7f78e5d7a000 ---p 0001d000 08:01 15344696                   /usr/lib/x86_64-linux-gnu/libxcb.so.1.1.0
7f78e5d7a000-7f78e5d7b000 r--p 0001d000 08:01 15344696                   /usr/lib/x86_64-linux-gnu/libxcb.so.1.1.0
7f78e5d7b000-7f78e5d7c000 rw-p 0001e000 08:01 15344696                   /usr/lib/x86_64-linux-gnu/libxcb.so.1.1.0
7f78e5d7c000-7f78e5d8b000 r-xp 00000000 08:01 15343519                   /usr/lib/x86_64-linux-gnu/libXi.so.6.1.0
7f78e5d8b000-7f78e5f8a000 ---p 0000f000 08:01 15343519                   /usr/lib/x86_64-linux-gnu/libXi.so.6.1.0
7f78e5f8a000-7f78e5f8b000 r--p 0000e000 08:01 15343519                   /usr/lib/x86_64-linux-gnu/libXi.so.6.1.0
7f78e5f8b000-7f78e5f8c000 rw-p 0000f000 08:01 15343519                   /usr/lib/x86_64-linux-gnu/libXi.so.6.1.0
7f78e5f8c000-7f78e5f91000 r-xp 00000000 08:01 15343539                   /usr/lib/x86_64-linux-gnu/libXtst.so.6.1.0
7f78e5f91000-7f78e6190000 ---p 00005000 08:01 15343539                   /usr/lib/x86_64-linux-gnu/libXtst.so.6.1.0
7f78e6190000-7f78e6191000 r--p 00004000 08:01 15343539                   /usr/lib/x86_64-linux-gnu/libXtst.so.6.1.0
7f78e6191000-7f78e6192000 rw-p 00005000 08:01 15343539                   /usr/lib/x86_64-linux-gnu/libXtst.so.6.1.0
7f78e6192000-7f78e619b000 r-xp 00000000 08:01 15343533                   /usr/lib/x86_64-linux-gnu/libXrender.so.1.3.0
7f78e619b000-7f78e639a000 ---p 00009000 08:01 15343533                   /usr/lib/x86_64-linux-gnu/libXrender.so.1.3.0
7f78e639a000-7f78e639b000 r--p 00008000 08:01 15343533                   /usr/lib/x86_64-linux-gnu/libXrender.so.1.3.0
7f78e639b000-7f78e639c000 rw-p 00009000 08:01 15343533                   /usr/lib/x86_64-linux-gnu/libXrender.so.1.3.0
7f78e639c000-7f78e64cf000 r-xp 00000000 08:01 15343494                   /usr/lib/x86_64-linux-gnu/libX11.so.6.3.0
7f78e64cf000-7f78e66cf000 ---p 00133000 08:01 15343494                   /usr/lib/x86_64-linux-gnu/libX11.so.6.3.0
7f78e66cf000-7f78e66d0000 r--p 00133000 08:01 15343494                   /usr/lib/x86_64-linux-gnu/libX11.so.6.3.0
7f78e66d0000-7f78e66d4000 rw-p 00134000 08:01 15343494                   /usr/lib/x86_64-linux-gnu/libX11.so.6.3.0
7f78e66d4000-7f78e66d5000 rw-p 00000000 00:00 0 
7f78e66d5000-7f78e66e6000 r-xp 00000000 08:01 15343511                   /usr/lib/x86_64-linux-gnu/libXext.so.6.4.0
7f78e66e6000-7f78e68e5000 ---p 00011000 08:01 15343511                   /usr/lib/x86_64-linux-gnu/libXext.so.6.4.0
7f78e68e5000-7f78e68e6000 r--p 00010000 08:01 15343511                   /usr/lib/x86_64-linux-gnu/libXext.so.6.4.0
7f78e68e6000-7f78e68e7000 rw-p 00011000 08:01 15343511                   /usr/lib/x86_64-linux-gnu/libXext.so.6.4.0
7f78e68e7000-7f78e693b000 r-xp 00000000 08:01 3450826                    /home/ema/Scaricati/jdk1.8.0_92/jre/lib/amd64/libawt_xawt.so
7f78e693b000-7f78e6b3b000 ---p 00054000 08:01 3450826                    /home/ema/Scaricati/jdk1.8.0_92/jre/lib/amd64/libawt_xawt.so
7f78e6b3b000-7f78e6b3f000 rw-p 00054000 08:01 3450826                    /home/ema/Scaricati/jdk1.8.0_92/jre/lib/amd64/libawt_xawt.so
7f78e6b3f000-7f78e6b40000 rw-p 00000000 00:00 0 
7f78e6b40000-7f78e6be2000 r-xp 00000000 08:01 3450809                    /home/ema/Scaricati/jdk1.8.0_92/jre/lib/amd64/libawt.so
7f78e6be2000-7f78e6de2000 ---p 000a2000 08:01 3450809                    /home/ema/Scaricati/jdk1.8.0_92/jre/lib/amd64/libawt.so
7f78e6de2000-7f78e6dee000 rw-p 000a2000 08:01 3450809                    /home/ema/Scaricati/jdk1.8.0_92/jre/lib/amd64/libawt.so
7f78e6dee000-7f78e6e12000 rw-p 00000000 00:00 0 
7f78e6e12000-7f78e6e13000 ---p 00000000 00:00 0 
7f78e6e13000-7f78e6f13000 rw-p 00000000 00:00 0 
7f78e6f13000-7f78e6f16000 ---p 00000000 00:00 0 
7f78e6f16000-7f78e7014000 rw-p 00000000 00:00 0 
7f78e7014000-7f78e7017000 ---p 00000000 00:00 0 
7f78e7017000-7f78e7115000 rw-p 00000000 00:00 0 
7f78e7115000-7f78e7118000 ---p 00000000 00:00 0 
7f78e7118000-7f78e7216000 rw-p 00000000 00:00 0 
7f78e7216000-7f78e7219000 ---p 00000000 00:00 0 
7f78e7219000-7f78e7317000 rw-p 00000000 00:00 0 
7f78e7317000-7f78e731a000 ---p 00000000 00:00 0 
7f78e731a000-7f78e7418000 rw-p 00000000 00:00 0 
7f78e7418000-7f78e741b000 ---p 00000000 00:00 0 
7f78e741b000-7f78e7519000 rw-p 00000000 00:00 0 
7f78e7519000-7f78e7bfc000 r--p 00000000 08:01 15342584                   /usr/lib/locale/locale-archive
7f78e7bfc000-7f78e7bff000 ---p 00000000 00:00 0 
7f78e7bff000-7f78e7cfd000 rw-p 00000000 00:00 0 
7f78e7cfd000-7f78e7d00000 ---p 00000000 00:00 0 
7f78e7d00000-7f78e7dfe000 rw-p 00000000 00:00 0 
7f78e7dfe000-7f78e7dff000 ---p 00000000 00:00 0 
7f78e7dff000-7f78e8000000 rw-p 00000000 00:00 0 
7f78e8000000-7f78e8021000 rw-p 00000000 00:00 0 
7f78e8021000-7f78ec000000 ---p 00000000 00:00 0 
7f78ec05f000-7f78f0000000 rw-p 00000000 00:00 0 
7f78f0000000-7f78f0021000 rw-p 00000000 00:00 0 
7f78f0021000-7f78f4000000 ---p 00000000 00:00 0 
7f78f4000000-7f78f4021000 rw-p 00000000 00:00 0 
7f78f4021000-7f78f8000000 ---p 00000000 00:00 0 
7f78f8000000-7f78f8021000 rw-p 00000000 00:00 0 
7f78f8021000-7f78fc000000 ---p 00000000 00:00 0 
7f78fc000000-7f78fc021000 rw-p 00000000 00:00 0 
7f78fc021000-7f7900000000 ---p 00000000 00:00 0 
7f7900000000-7f7900021000 rw-p 00000000 00:00 0 
7f7900021000-7f7904000000 ---p 00000000 00:00 0 
7f7904000000-7f7904021000 rw-p 00000000 00:00 0 
7f7904021000-7f7908000000 ---p 00000000 00:00 0 
7f7908000000-7f7908021000 rw-p 00000000 00:00 0 
7f7908021000-7f790c000000 ---p 00000000 00:00 0 
7f790c02d000-7f790c02e000 rw-s 1bf3e0000 00:06 9579                      /dev/dri/card0
7f790c02e000-7f790c04e000 rw-s 1bef40000 00:06 9579                      /dev/dri/card0
7f790c04e000-7f790c052000 rw-s 1bffe4000 00:06 9579                      /dev/dri/card0
7f790c052000-7f790c056000 rw-s 1bee1c000 00:06 9579                      /dev/dri/card0
7f790c056000-7f790c060000 r--s 00116000 08:01 3450653                    /home/ema/Scaricati/jdk1.8.0_92/jre/lib/ext/localedata.jar
7f790c060000-7f790c07c000 r--s 00393000 08:01 3450599                    /home/ema/Scaricati/jdk1.8.0_92/jre/lib/ext/cldrdata.jar
7f790c07c000-7f790c07f000 ---p 00000000 00:00 0 
7f790c07f000-7f790c0b5000 rw-p 00000000 00:00 0 
7f790c0b5000-7f790c0d8000 r--s 002ec000 08:01 3540429                    /home/ema/Dropbox/ACCADEMIC/Programmi/Java/ucsdunfoldingmaps/lib/jogl-all.jar
7f790c0d8000-7f790d000000 rw-p 00000000 00:00 0 
7f790d000000-7f790d890000 rwxp 00000000 00:00 0 
7f790d890000-7f791c000000 ---p 00000000 00:00 0 
7f791c000000-7f791c309000 rw-p 00000000 00:00 0 
7f791c309000-7f7920000000 ---p 00000000 00:00 0 
7f7920001000-7f7920339000 rw-p 00000000 00:00 0 
7f7920339000-7f7920512000 r--s 03d24000 08:01 3450543                    /home/ema/Scaricati/jdk1.8.0_92/jre/lib/rt.jar
7f7920512000-7f7920871000 rw-p 00000000 00:00 0 
7f7920871000-7f7920872000 ---p 00000000 00:00 0 
7f7920872000-7f7920972000 rw-p 00000000 00:00 0 
7f7920972000-7f7920973000 ---p 00000000 00:00 0 
7f7920973000-7f7920a73000 rw-p 00000000 00:00 0 
7f7920a73000-7f7920a74000 ---p 00000000 00:00 0 
7f7920a74000-7f7920b74000 rw-p 00000000 00:00 0 
7f7920b74000-7f7920b75000 ---p 00000000 00:00 0 
7f7920b75000-7f7920c75000 rw-p 00000000 00:00 0 
7f7920c75000-7f7920c76000 ---p 00000000 00:00 0 
7f7920c76000-7f7920d76000 rw-p 00000000 00:00 0 
7f7920d76000-7f7920d77000 ---p 00000000 00:00 0 
7f7920d77000-7f7920e77000 rw-p 00000000 00:00 0 
7f7920e77000-7f7920e78000 ---p 00000000 00:00 0 
7f7920e78000-7f7920f78000 rw-p 00000000 00:00 0 
7f7920f78000-7f7920f79000 ---p 00000000 00:00 0 
7f7920f79000-7f7921099000 rw-p 00000000 00:00 0 
7f7921099000-7f792126a000 ---p 00000000 00:00 0 
7f792126a000-7f792128a000 rw-p 00000000 00:00 0 
7f792128a000-7f792145a000 ---p 00000000 00:00 0 
7f792145a000-7f792148a000 rw-p 00000000 00:00 0 
7f792148a000-7f7921553000 ---p 00000000 00:00 0 
7f7921553000-7f7921577000 rw-p 00000000 00:00 0 
7f7921577000-7f7921914000 ---p 00000000 00:00 0 
7f7921914000-7f792192e000 r-xp 00000000 08:01 3450813                    /home/ema/Scaricati/jdk1.8.0_92/jre/lib/amd64/libzip.so
7f792192e000-7f7921b2e000 ---p 0001a000 08:01 3450813                    /home/ema/Scaricati/jdk1.8.0_92/jre/lib/amd64/libzip.so
7f7921b2e000-7f7921b2f000 rw-p 0001a000 08:01 3450813                    /home/ema/Scaricati/jdk1.8.0_92/jre/lib/amd64/libzip.so
7f7921b2f000-7f7921b3b000 r-xp 00000000 08:01 27267297                   /lib/x86_64-linux-gnu/libnss_files-2.21.so
7f7921b3b000-7f7921d3a000 ---p 0000c000 08:01 27267297                   /lib/x86_64-linux-gnu/libnss_files-2.21.so
7f7921d3a000-7f7921d3b000 r--p 0000b000 08:01 27267297                   /lib/x86_64-linux-gnu/libnss_files-2.21.so
7f7921d3b000-7f7921d3c000 rw-p 0000c000 08:01 27267297                   /lib/x86_64-linux-gnu/libnss_files-2.21.so
7f7921d3c000-7f7921d47000 r-xp 00000000 08:01 27267307                   /lib/x86_64-linux-gnu/libnss_nis-2.21.so
7f7921d47000-7f7921f46000 ---p 0000b000 08:01 27267307                   /lib/x86_64-linux-gnu/libnss_nis-2.21.so
7f7921f46000-7f7921f47000 r--p 0000a000 08:01 27267307                   /lib/x86_64-linux-gnu/libnss_nis-2.21.so
7f7921f47000-7f7921f48000 rw-p 0000b000 08:01 27267307                   /lib/x86_64-linux-gnu/libnss_nis-2.21.so
7f7921f48000-7f7921f5f000 r-xp 00000000 08:01 27267291                   /lib/x86_64-linux-gnu/libnsl-2.21.so
7f7921f5f000-7f792215e000 ---p 00017000 08:01 27267291                   /lib/x86_64-linux-gnu/libnsl-2.21.so
7f792215e000-7f792215f000 r--p 00016000 08:01 27267291                   /lib/x86_64-linux-gnu/libnsl-2.21.so
7f792215f000-7f7922160000 rw-p 00017000 08:01 27267291                   /lib/x86_64-linux-gnu/libnsl-2.21.so
7f7922160000-7f7922162000 rw-p 00000000 00:00 0 
7f7922162000-7f792216a000 r-xp 00000000 08:01 27267293                   /lib/x86_64-linux-gnu/libnss_compat-2.21.so
7f792216a000-7f7922369000 ---p 00008000 08:01 27267293                   /lib/x86_64-linux-gnu/libnss_compat-2.21.so
7f7922369000-7f792236a000 r--p 00007000 08:01 27267293                   /lib/x86_64-linux-gnu/libnss_compat-2.21.so
7f792236a000-7f792236b000 rw-p 00008000 08:01 27267293                   /lib/x86_64-linux-gnu/libnss_compat-2.21.so
7f792236b000-7f7922395000 r-xp 00000000 08:01 3450807                    /home/ema/Scaricati/jdk1.8.0_92/jre/lib/amd64/libjava.so
7f7922395000-7f7922595000 ---p 0002a000 08:01 3450807                    /home/ema/Scaricati/jdk1.8.0_92/jre/lib/amd64/libjava.so
7f7922595000-7f7922597000 rw-p 0002a000 08:01 3450807                    /home/ema/Scaricati/jdk1.8.0_92/jre/lib/amd64/libjava.so
7f7922597000-7f79225a4000 r-xp 00000000 08:01 3450812                    /home/ema/Scaricati/jdk1.8.0_92/jre/lib/amd64/libverify.so
7f79225a4000-7f79227a4000 ---p 0000d000 08:01 3450812                    /home/ema/Scaricati/jdk1.8.0_92/jre/lib/amd64/libverify.so
7f79227a4000-7f79227a6000 rw-p 0000d000 08:01 3450812                    /home/ema/Scaricati/jdk1.8.0_92/jre/lib/amd64/libverify.so
7f79227a6000-7f79227ad000 r-xp 00000000 08:01 27267352                   /lib/x86_64-linux-gnu/librt-2.21.so
7f79227ad000-7f79229ac000 ---p 00007000 08:01 27267352                   /lib/x86_64-linux-gnu/librt-2.21.so
7f79229ac000-7f79229ad000 r--p 00006000 08:01 27267352                   /lib/x86_64-linux-gnu/librt-2.21.so
7f79229ad000-7f79229ae000 rw-p 00007000 08:01 27267352                   /lib/x86_64-linux-gnu/librt-2.21.so
7f79229ae000-7f7922ab5000 r-xp 00000000 08:01 27267270                   /lib/x86_64-linux-gnu/libm-2.21.so
7f7922ab5000-7f7922cb4000 ---p 00107000 08:01 27267270                   /lib/x86_64-linux-gnu/libm-2.21.so
7f7922cb4000-7f7922cb5000 r--p 00106000 08:01 27267270                   /lib/x86_64-linux-gnu/libm-2.21.so
7f7922cb5000-7f7922cb6000 rw-p 00107000 08:01 27267270                   /lib/x86_64-linux-gnu/libm-2.21.so
7f7922cb6000-7f7923979000 r-xp 00000000 08:01 3450788                    /home/ema/Scaricati/jdk1.8.0_92/jre/lib/amd64/server/libjvm.so
7f7923979000-7f7923b78000 ---p 00cc3000 08:01 3450788                    /home/ema/Scaricati/jdk1.8.0_92/jre/lib/amd64/server/libjvm.so
7f7923b78000-7f7923c51000 rw-p 00cc2000 08:01 3450788                    /home/ema/Scaricati/jdk1.8.0_92/jre/lib/amd64/server/libjvm.so
7f7923c51000-7f7923c9c000 rw-p 00000000 00:00 0 
7f7923c9c000-7f7923e5c000 r-xp 00000000 08:01 27267211                   /lib/x86_64-linux-gnu/libc-2.21.so
7f7923e5c000-7f792405c000 ---p 001c0000 08:01 27267211                   /lib/x86_64-linux-gnu/libc-2.21.so
7f792405c000-7f7924060000 r--p 001c0000 08:01 27267211                   /lib/x86_64-linux-gnu/libc-2.21.so
7f7924060000-7f7924062000 rw-p 001c4000 08:01 27267211                   /lib/x86_64-linux-gnu/libc-2.21.so
7f7924062000-7f7924066000 rw-p 00000000 00:00 0 
7f7924066000-7f7924069000 r-xp 00000000 08:01 27267228                   /lib/x86_64-linux-gnu/libdl-2.21.so
7f7924069000-7f7924268000 ---p 00003000 08:01 27267228                   /lib/x86_64-linux-gnu/libdl-2.21.so
7f7924268000-7f7924269000 r--p 00002000 08:01 27267228                   /lib/x86_64-linux-gnu/libdl-2.21.so
7f7924269000-7f792426a000 rw-p 00003000 08:01 27267228                   /lib/x86_64-linux-gnu/libdl-2.21.so
7f792426a000-7f792427f000 r-xp 00000000 08:01 3450782                    /home/ema/Scaricati/jdk1.8.0_92/jre/lib/amd64/jli/libjli.so
7f792427f000-7f792447f000 ---p 00015000 08:01 3450782                    /home/ema/Scaricati/jdk1.8.0_92/jre/lib/amd64/jli/libjli.so
7f792447f000-7f7924480000 rw-p 00015000 08:01 3450782                    /home/ema/Scaricati/jdk1.8.0_92/jre/lib/amd64/jli/libjli.so
7f7924480000-7f7924498000 r-xp 00000000 08:01 27267344                   /lib/x86_64-linux-gnu/libpthread-2.21.so
7f7924498000-7f7924698000 ---p 00018000 08:01 27267344                   /lib/x86_64-linux-gnu/libpthread-2.21.so
7f7924698000-7f7924699000 r--p 00018000 08:01 27267344                   /lib/x86_64-linux-gnu/libpthread-2.21.so
7f7924699000-7f792469a000 rw-p 00019000 08:01 27267344                   /lib/x86_64-linux-gnu/libpthread-2.21.so
7f792469a000-7f792469e000 rw-p 00000000 00:00 0 
7f792469e000-7f79246c2000 r-xp 00000000 08:01 27267183                   /lib/x86_64-linux-gnu/ld-2.21.so
7f79246c2000-7f79246c3000 rw-p 00000000 00:00 0 
7f79246c3000-7f79246c5000 rw-s 1bf6a2000 00:06 9579                      /dev/dri/card0
7f79246c5000-7f79246c6000 rw-s 1b3508000 00:06 9579                      /dev/dri/card0
7f79246c6000-7f79246c7000 rwxp 00000000 00:00 0 
7f79246c7000-7f79246c8000 rw-s 182129000 00:06 9579                      /dev/dri/card0
7f79246c8000-7f79246ca000 r--s 00000000 08:01 3540406                    /home/ema/Dropbox/ACCADEMIC/Programmi/Java/ucsdunfoldingmaps/lib/gluegen-rt-natives-linux-amd64.jar
7f79246ca000-7f79246ce000 r--s 00097000 08:01 3450594                    /home/ema/Scaricati/jdk1.8.0_92/jre/lib/jsse.jar
7f79246ce000-7f79246d4000 r--s 00033000 08:01 3540448                    /home/ema/Dropbox/ACCADEMIC/Programmi/Java/ucsdunfoldingmaps/lib/unfolding.0.9.7-uscd.jar
7f79246d4000-7f7924796000 rw-p 00000000 00:00 0 
7f7924796000-7f7924799000 ---p 00000000 00:00 0 
7f7924799000-7f792489b000 rw-p 00000000 00:00 0 
7f792489b000-7f792489c000 r--s 0002f000 08:01 3540414                    /home/ema/Dropbox/ACCADEMIC/Programmi/Java/ucsdunfoldingmaps/lib/jogl-all-natives-linux-amd64.jar
7f792489c000-7f792489d000 r--p 00000000 00:00 0 
7f792489d000-7f792489e000 r--s 00005000 08:01 3540435                    /home/ema/Dropbox/ACCADEMIC/Programmi/Java/ucsdunfoldingmaps/lib/libTUIO.jar
7f792489e000-7f792489f000 r--s 00007000 08:01 3540430                    /home/ema/Dropbox/ACCADEMIC/Programmi/Java/ucsdunfoldingmaps/lib/json4processing.jar
7f792489f000-7f79248a4000 r--s 00309000 08:01 3540440                    /home/ema/Dropbox/ACCADEMIC/Programmi/Java/ucsdunfoldingmaps/lib/sqlite-jdbc-3.7.2.jar
7f79248a4000-7f79248ab000 r--s 00059000 08:01 3540436                    /home/ema/Dropbox/ACCADEMIC/Programmi/Java/ucsdunfoldingmaps/lib/log4j-1.2.15.jar
7f79248ab000-7f79248b1000 r--s 00041000 08:01 3540413                    /home/ema/Dropbox/ACCADEMIC/Programmi/Java/ucsdunfoldingmaps/lib/gluegen-rt.jar
7f79248b1000-7f79248b5000 r--s 0009a000 08:01 3540405                    /home/ema/Dropbox/ACCADEMIC/Programmi/Java/ucsdunfoldingmaps/lib/core.jar
7f79248b5000-7f79248bd000 rw-s 00000000 08:01 28312175                   /tmp/hsperfdata_ema/24912
7f79248bd000-7f79248be000 rw-p 00000000 00:00 0 
7f79248be000-7f79248bf000 r--p 00000000 00:00 0 
7f79248bf000-7f79248c1000 rw-p 00000000 00:00 0 
7f79248c1000-7f79248c2000 r--p 00023000 08:01 27267183                   /lib/x86_64-linux-gnu/ld-2.21.so
7f79248c2000-7f79248c3000 rw-p 00024000 08:01 27267183                   /lib/x86_64-linux-gnu/ld-2.21.so
7f79248c3000-7f79248c4000 rw-p 00000000 00:00 0 
7ffc9f392000-7ffc9f3b3000 rw-p 00000000 00:00 0                          [stack]
7ffc9f3e2000-7ffc9f3e4000 r--p 00000000 00:00 0                          [vvar]
7ffc9f3e4000-7ffc9f3e6000 r-xp 00000000 00:00 0                          [vdso]
ffffffffff600000-ffffffffff601000 r-xp 00000000 00:00 0                  [vsyscall]

VM Arguments:
jvm_args: -Djava.security.policy=java.policy.applet -Dfile.encoding=UTF-8 
java_command: sun.applet.AppletViewer module3.EarthquakeCityMap1475826895145.html
java_class_path (initial): /home/ema/Dropbox/ACCADEMIC/Programmi/Java/ucsdunfoldingmaps/build:/home/ema/Dropbox/ACCADEMIC/Programmi/Java/ucsdunfoldingmaps/lib/core.jar:/home/ema/Dropbox/ACCADEMIC/Programmi/Java/ucsdunfoldingmaps/lib/gluegen-rt.jar:/home/ema/Dropbox/ACCADEMIC/Programmi/Java/ucsdunfoldingmaps/lib/jogl-all.jar:/home/ema/Dropbox/ACCADEMIC/Programmi/Java/ucsdunfoldingmaps/lib/log4j-1.2.15.jar:/home/ema/Dropbox/ACCADEMIC/Programmi/Java/ucsdunfoldingmaps/lib/sqlite-jdbc-3.7.2.jar:/home/ema/Dropbox/ACCADEMIC/Programmi/Java/ucsdunfoldingmaps/lib/json4processing.jar:/home/ema/Dropbox/ACCADEMIC/Programmi/Java/ucsdunfoldingmaps/lib/libTUIO.jar:/home/ema/Dropbox/ACCADEMIC/Programmi/Java/ucsdunfoldingmaps/lib/unfolding.0.9.7-uscd.jar
Launcher Type: SUN_STANDARD

Environment Variables:
PATH=/usr/local/sbin:/usr/local/bin:/usr/sbin:/usr/bin:/sbin:/bin:/usr/games:/usr/local/games
SHELL=/bin/bash
DISPLAY=:0

Signal Handlers:
SIGSEGV: [libjvm.so+0xabdee0], sa_mask[0]=11111111011111111101111111111110, sa_flags=SA_RESTART|SA_SIGINFO
SIGBUS: [libjvm.so+0xabdee0], sa_mask[0]=11111111011111111101111111111110, sa_flags=SA_RESTART|SA_SIGINFO
SIGFPE: [libjvm.so+0x91a580], sa_mask[0]=11111111011111111101111111111110, sa_flags=SA_RESTART|SA_SIGINFO
SIGPIPE: [libjvm.so+0x91a580], sa_mask[0]=11111111011111111101111111111110, sa_flags=SA_RESTART|SA_SIGINFO
SIGXFSZ: [libjvm.so+0x91a580], sa_mask[0]=11111111011111111101111111111110, sa_flags=SA_RESTART|SA_SIGINFO
SIGILL: [libjvm.so+0x91a580], sa_mask[0]=11111111011111111101111111111110, sa_flags=SA_RESTART|SA_SIGINFO
SIGUSR1: SIG_DFL, sa_mask[0]=00000000000000000000000000000000, sa_flags=none
SIGUSR2: [libjvm.so+0x91bbb0], sa_mask[0]=00100000000000000000000000000000, sa_flags=SA_RESTART|SA_SIGINFO
SIGHUP: [libjvm.so+0x91cfb0], sa_mask[0]=11111111011111111101111111111110, sa_flags=SA_RESTART|SA_SIGINFO
SIGINT: [libjvm.so+0x91cfb0], sa_mask[0]=11111111011111111101111111111110, sa_flags=SA_RESTART|SA_SIGINFO
SIGTERM: [libjvm.so+0x91cfb0], sa_mask[0]=11111111011111111101111111111110, sa_flags=SA_RESTART|SA_SIGINFO
SIGQUIT: [libjvm.so+0x91cfb0], sa_mask[0]=11111111011111111101111111111110, sa_flags=SA_RESTART|SA_SIGINFO


---------------  S Y S T E M  ---------------

OS:DISTRIB_ID=Ubuntu
DISTRIB_RELEASE=15.04
DISTRIB_CODENAME=vivid
DISTRIB_DESCRIPTION="Ubuntu 15.04"

uname:Linux 3.19.0-69-generic #77-Ubuntu SMP Mon Aug 29 19:53:54 UTC 2016 x86_64
libc:glibc 2.21 NPTL 2.21 
rlimit: STACK 8192k, CORE 0k, NPROC 23746, NOFILE 65536, AS infinity
load average:0,68 0,59 0,65

/proc/meminfo:
MemTotal:        6101264 kB
MemFree:         1317104 kB
MemAvailable:    2736396 kB
Buffers:          705456 kB
Cached:           888532 kB
SwapCached:            0 kB
Active:          3950060 kB
Inactive:         540168 kB
Active(anon):    2900636 kB
Inactive(anon):    41092 kB
Active(file):    1049424 kB
Inactive(file):   499076 kB
Unevictable:          60 kB
Mlocked:              60 kB
SwapTotal:             0 kB
SwapFree:              0 kB
Dirty:              1600 kB
Writeback:             0 kB
AnonPages:       2898432 kB
Mapped:           435820 kB
Shmem:             45492 kB
Slab:             130740 kB
SReclaimable:      79472 kB
SUnreclaim:        51268 kB
KernelStack:       13136 kB
PageTables:        40580 kB
NFS_Unstable:          0 kB
Bounce:                0 kB
WritebackTmp:          0 kB
CommitLimit:     3050632 kB
Committed_AS:    7850676 kB
VmallocTotal:   34359738367 kB
VmallocUsed:      319540 kB
VmallocChunk:   34359319508 kB
HardwareCorrupted:     0 kB
AnonHugePages:   1333248 kB
CmaTotal:              0 kB
CmaFree:               0 kB
HugePages_Total:       0
HugePages_Free:        0
HugePages_Rsvd:        0
HugePages_Surp:        0
Hugepagesize:       2048 kB
DirectMap4k:      187904 kB
DirectMap2M:     6094848 kB


CPU:total 8 (4 cores per cpu, 2 threads per core) family 6 model 26 stepping 5, cmov, cx8, fxsr, mmx, sse, sse2, sse3, ssse3, sse4.1, sse4.2, popcnt, ht, tsc, tscinvbit, tscinv

/proc/cpuinfo:
processor	: 0
vendor_id	: GenuineIntel
cpu family	: 6
model		: 26
model name	: Intel(R) Core(TM) i7 CPU         920  @ 2.67GHz
stepping	: 5
microcode	: 0xf
cpu MHz		: 1733.000
cache size	: 8192 KB
physical id	: 0
siblings	: 8
core id		: 0
cpu cores	: 4
apicid		: 0
initial apicid	: 0
fpu		: yes
fpu_exception	: yes
cpuid level	: 11
wp		: yes
flags		: fpu vme de pse tsc msr pae mce cx8 apic sep mtrr pge mca cmov pat pse36 clflush dts acpi mmx fxsr sse sse2 ss ht tm pbe syscall nx rdtscp lm constant_tsc arch_perfmon pebs bts rep_good nopl xtopology nonstop_tsc aperfmperf pni dtes64 monitor ds_cpl vmx est tm2 ssse3 cx16 xtpr pdcm sse4_1 sse4_2 popcnt lahf_lm ida dtherm tpr_shadow vnmi flexpriority ept vpid
bugs		:
bogomips	: 5344.97
clflush size	: 64
cache_alignment	: 64
address sizes	: 36 bits physical, 48 bits virtual
power management:

processor	: 1
vendor_id	: GenuineIntel
cpu family	: 6
model		: 26
model name	: Intel(R) Core(TM) i7 CPU         920  @ 2.67GHz
stepping	: 5
microcode	: 0xf
cpu MHz		: 2267.000
cache size	: 8192 KB
physical id	: 0
siblings	: 8
core id		: 1
cpu cores	: 4
apicid		: 2
initial apicid	: 2
fpu		: yes
fpu_exception	: yes
cpuid level	: 11
wp		: yes
flags		: fpu vme de pse tsc msr pae mce cx8 apic sep mtrr pge mca cmov pat pse36 clflush dts acpi mmx fxsr sse sse2 ss ht tm pbe syscall nx rdtscp lm constant_tsc arch_perfmon pebs bts rep_good nopl xtopology nonstop_tsc aperfmperf pni dtes64 monitor ds_cpl vmx est tm2 ssse3 cx16 xtpr pdcm sse4_1 sse4_2 popcnt lahf_lm ida dtherm tpr_shadow vnmi flexpriority ept vpid
bugs		:
bogomips	: 5344.97
clflush size	: 64
cache_alignment	: 64
address sizes	: 36 bits physical, 48 bits virtual
power management:

processor	: 2
vendor_id	: GenuineIntel
cpu family	: 6
model		: 26
model name	: Intel(R) Core(TM) i7 CPU         920  @ 2.67GHz
stepping	: 5
microcode	: 0xf
cpu MHz		: 1733.000
cache size	: 8192 KB
physical id	: 0
siblings	: 8
core id		: 2
cpu cores	: 4
apicid		: 4
initial apicid	: 4
fpu		: yes
fpu_exception	: yes
cpuid level	: 11
wp		: yes
flags		: fpu vme de pse tsc msr pae mce cx8 apic sep mtrr pge mca cmov pat pse36 clflush dts acpi mmx fxsr sse sse2 ss ht tm pbe syscall nx rdtscp lm constant_tsc arch_perfmon pebs bts rep_good nopl xtopology nonstop_tsc aperfmperf pni dtes64 monitor ds_cpl vmx est tm2 ssse3 cx16 xtpr pdcm sse4_1 sse4_2 popcnt lahf_lm ida dtherm tpr_shadow vnmi flexpriority ept vpid
bugs		:
bogomips	: 5344.97
clflush size	: 64
cache_alignment	: 64
address sizes	: 36 bits physical, 48 bits virtual
power management:

processor	: 3
vendor_id	: GenuineIntel
cpu family	: 6
model		: 26
model name	: Intel(R) Core(TM) i7 CPU         920  @ 2.67GHz
stepping	: 5
microcode	: 0xf
cpu MHz		: 2000.000
cache size	: 8192 KB
physical id	: 0
siblings	: 8
core id		: 3
cpu cores	: 4
apicid		: 6
initial apicid	: 6
fpu		: yes
fpu_exception	: yes
cpuid level	: 11
wp		: yes
flags		: fpu vme de pse tsc msr pae mce cx8 apic sep mtrr pge mca cmov pat pse36 clflush dts acpi mmx fxsr sse sse2 ss ht tm pbe syscall nx rdtscp lm constant_tsc arch_perfmon pebs bts rep_good nopl xtopology nonstop_tsc aperfmperf pni dtes64 monitor ds_cpl vmx est tm2 ssse3 cx16 xtpr pdcm sse4_1 sse4_2 popcnt lahf_lm ida dtherm tpr_shadow vnmi flexpriority ept vpid
bugs		:
bogomips	: 5344.97
clflush size	: 64
cache_alignment	: 64
address sizes	: 36 bits physical, 48 bits virtual
power management:

processor	: 4
vendor_id	: GenuineIntel
cpu family	: 6
model		: 26
model name	: Intel(R) Core(TM) i7 CPU         920  @ 2.67GHz
stepping	: 5
microcode	: 0xf
cpu MHz		: 1733.000
cache size	: 8192 KB
physical id	: 0
siblings	: 8
core id		: 0
cpu cores	: 4
apicid		: 1
initial apicid	: 1
fpu		: yes
fpu_exception	: yes
cpuid level	: 11
wp		: yes
flags		: fpu vme de pse tsc msr pae mce cx8 apic sep mtrr pge mca cmov pat pse36 clflush dts acpi mmx fxsr sse sse2 ss ht tm pbe syscall nx rdtscp lm constant_tsc arch_perfmon pebs bts rep_good nopl xtopology nonstop_tsc aperfmperf pni dtes64 monitor ds_cpl vmx est tm2 ssse3 cx16 xtpr pdcm sse4_1 sse4_2 popcnt lahf_lm ida dtherm tpr_shadow vnmi flexpriority ept vpid
bugs		:
bogomips	: 5344.97
clflush size	: 64
cache_alignment	: 64
address sizes	: 36 bits physical, 48 bits virtual
power management:

processor	: 5
vendor_id	: GenuineIntel
cpu family	: 6
model		: 26
model name	: Intel(R) Core(TM) i7 CPU         920  @ 2.67GHz
stepping	: 5
microcode	: 0xf
cpu MHz		: 2668.000
cache size	: 8192 KB
physical id	: 0
siblings	: 8
core id		: 1
cpu cores	: 4
apicid		: 3
initial apicid	: 3
fpu		: yes
fpu_exception	: yes
cpuid level	: 11
wp		: yes
flags		: fpu vme de pse tsc msr pae mce cx8 apic sep mtrr pge mca cmov pat pse36 clflush dts acpi mmx fxsr sse sse2 ss ht tm pbe syscall nx rdtscp lm constant_tsc arch_perfmon pebs bts rep_good nopl xtopology nonstop_tsc aperfmperf pni dtes64 monitor ds_cpl vmx est tm2 ssse3 cx16 xtpr pdcm sse4_1 sse4_2 popcnt lahf_lm ida dtherm tpr_shadow vnmi flexpriority ept vpid
bugs		:
bogomips	: 5344.97
clflush size	: 64
cache_alignment	: 64
address sizes	: 36 bits physical, 48 bits virtual
power management:

processor	: 6
vendor_id	: GenuineIntel
cpu family	: 6
model		: 26
model name	: Intel(R) Core(TM) i7 CPU         920  @ 2.67GHz
stepping	: 5
microcode	: 0xf
cpu MHz		: 1600.000
cache size	: 8192 KB
physical id	: 0
siblings	: 8
core id		: 2
cpu cores	: 4
apicid		: 5
initial apicid	: 5
fpu		: yes
fpu_exception	: yes
cpuid level	: 11
wp		: yes
flags		: fpu vme de pse tsc msr pae mce cx8 apic sep mtrr pge mca cmov pat pse36 clflush dts acpi mmx fxsr sse sse2 ss ht tm pbe syscall nx rdtscp lm constant_tsc arch_perfmon pebs bts rep_good nopl xtopology nonstop_tsc aperfmperf pni dtes64 monitor ds_cpl vmx est tm2 ssse3 cx16 xtpr pdcm sse4_1 sse4_2 popcnt lahf_lm ida dtherm tpr_shadow vnmi flexpriority ept vpid
bugs		:
bogomips	: 5344.97
clflush size	: 64
cache_alignment	: 64
address sizes	: 36 bits physical, 48 bits virtual
power management:

processor	: 7
vendor_id	: GenuineIntel
cpu family	: 6
model		: 26
model name	: Intel(R) Core(TM) i7 CPU         920  @ 2.67GHz
stepping	: 5
microcode	: 0xf
cpu MHz		: 1600.000
cache size	: 8192 KB
physical id	: 0
siblings	: 8
core id		: 3
cpu cores	: 4
apicid		: 7
initial apicid	: 7
fpu		: yes
fpu_exception	: yes
cpuid level	: 11
wp		: yes
flags		: fpu vme de pse tsc msr pae mce cx8 apic sep mtrr pge mca cmov pat pse36 clflush dts acpi mmx fxsr sse sse2 ss ht tm pbe syscall nx rdtscp lm constant_tsc arch_perfmon pebs bts rep_good nopl xtopology nonstop_tsc aperfmperf pni dtes64 monitor ds_cpl vmx est tm2 ssse3 cx16 xtpr pdcm sse4_1 sse4_2 popcnt lahf_lm ida dtherm tpr_shadow vnmi flexpriority ept vpid
bugs		:
bogomips	: 5344.97
clflush size	: 64
cache_alignment	: 64
address sizes	: 36 bits physical, 48 bits virtual
power management:



Memory: 4k page, physical 6101264k(1317104k free), swap 0k(0k free)

vm_info: Java HotSpot(TM) 64-Bit Server VM (25.92-b14) for linux-amd64 JRE (1.8.0_92-b14), built on Mar 31 2016 21:08:29 by "java_re" with gcc 4.3.0 20080428 (Red Hat 4.3.0-8)

time: Fri Oct  7 09:55:45 2016
elapsed time: 50 seconds (0d 0h 0m 50s)

